01-24 17:09 INFO     cuda
01-24 17:09 INFO     Command Line Arguments: 
{
    "epochs": 10,
    "comm_round": 20,
    "sample_fraction": 1.0,
    "alpha": 0.01,
    "dataset": "ham10000",
    "datadir": "../data/",
    "partition": "iid",
    "alg": "fedavg",
    "model": "resnet-18",
    "n_parties": 2,
    "lr": 0.001,
    "mu": 1,
    "std_coeff": 2.5,
    "unif_coeff": 0.5,
    "batch_size": 128,
    "load_first_net": 1,
    "pool_option": "FIFO",
    "model_buffer_size": 1,
    "optimizer": "adam",
    "simp_width": 1,
    "out_dim": 256,
    "reg": 1e-05,
    "temperature": 0.5,
    "logdir": "./",
    "log_file_name": "experiment_log-alg=fedavg_partition=iid_lr=0.001_epochs=10_num_users=2_beta=0.01_batch_size=128_opt=adam_dataset=ham10000_2024-01-24-1709-12",
    "seed": 42,
    "device": "cuda",
    "multiprocessing": 0
}
01-24 17:10 INFO     in comm round:0
01-24 17:10 INFO     Training network 0 n_training: 4000
01-24 17:10 INFO     Training network 0
01-24 17:10 INFO     n_training: 125
01-24 17:10 INFO     n_test: 1512
01-24 17:10 INFO     Client: 0 Epoch: 0 Loss: 0.989517 Loss1: 0.000000 Loss2: 0.000000
01-24 17:11 INFO     Client: 0 Epoch: 1 Loss: 0.874871 Loss1: 0.000000 Loss2: 0.000000
01-24 17:11 INFO     Client: 0 Epoch: 2 Loss: 0.852703 Loss1: 0.000000 Loss2: 0.000000
01-24 17:12 INFO     Client: 0 Epoch: 3 Loss: 0.822632 Loss1: 0.000000 Loss2: 0.000000
01-24 17:12 INFO     Client: 0 Epoch: 4 Loss: 0.797248 Loss1: 0.000000 Loss2: 0.000000
01-24 17:13 INFO     Client: 0 Epoch: 5 Loss: 0.770752 Loss1: 0.000000 Loss2: 0.000000
01-24 17:13 INFO     Client: 0 Epoch: 6 Loss: 0.778464 Loss1: 0.000000 Loss2: 0.000000
01-24 17:14 INFO     Client: 0 Epoch: 7 Loss: 0.756764 Loss1: 0.000000 Loss2: 0.000000
01-24 17:14 INFO     Client: 0 Epoch: 8 Loss: 0.746757 Loss1: 0.000000 Loss2: 0.000000
01-24 17:15 INFO     Client: 0 Epoch: 9 Loss: 0.731605 Loss1: 0.000000 Loss2: 0.000000
01-24 17:15 INFO      ** Client: 0 Training complete **
01-24 17:15 INFO     Training network 1 n_training: 4000
01-24 17:15 INFO     Training network 1
01-24 17:15 INFO     n_training: 125
01-24 17:15 INFO     n_test: 1512
01-24 17:15 INFO     Client: 1 Epoch: 0 Loss: 0.993581 Loss1: 0.000000 Loss2: 0.000000
01-24 17:16 INFO     Client: 1 Epoch: 1 Loss: 0.892070 Loss1: 0.000000 Loss2: 0.000000
01-24 17:16 INFO     Client: 1 Epoch: 2 Loss: 0.875238 Loss1: 0.000000 Loss2: 0.000000
01-24 17:17 INFO     Client: 1 Epoch: 3 Loss: 0.827411 Loss1: 0.000000 Loss2: 0.000000
01-24 17:18 INFO     Client: 1 Epoch: 4 Loss: 0.806467 Loss1: 0.000000 Loss2: 0.000000
01-24 17:18 INFO     Client: 1 Epoch: 5 Loss: 0.793493 Loss1: 0.000000 Loss2: 0.000000
01-24 17:19 INFO     Client: 1 Epoch: 6 Loss: 0.786127 Loss1: 0.000000 Loss2: 0.000000
01-24 17:19 INFO     Client: 1 Epoch: 7 Loss: 0.782068 Loss1: 0.000000 Loss2: 0.000000
01-24 17:20 INFO     Client: 1 Epoch: 8 Loss: 0.751444 Loss1: 0.000000 Loss2: 0.000000
01-24 17:20 INFO     Client: 1 Epoch: 9 Loss: 0.750161 Loss1: 0.000000 Loss2: 0.000000
01-24 17:20 INFO      ** Client: 1 Training complete **
01-24 17:20 INFO     global n_training: 10015
01-24 17:20 INFO     global n_test: 1512
