04-12 21:19 INFO     cuda
04-12 21:19 INFO     Command Line Arguments: 
{
    "epochs": 5,
    "comm_round": 70,
    "sample_fraction": 1.0,
    "alpha": 0.01,
    "dataset": "cifar10",
    "datadir": "../data/",
    "partition": "iid",
    "alg": "sflv1",
    "model": "resnet-18",
    "split_layer": 3,
    "n_parties": 100,
    "lr": 0.001,
    "mu": 1,
    "std_coeff": 2.5,
    "unif_coeff": 0.5,
    "batch_size": 64,
    "load_first_net": 1,
    "pool_option": "FIFO",
    "model_buffer_size": 1,
    "optimizer": "adam",
    "simp_width": 1,
    "out_dim": 256,
    "reg": 0.0005,
    "temperature": 0.5,
    "logdir": "./",
    "log_file_name": "logs/experiment_log-alg=sflv1_partition=iid_lr=0.001_epochs=5_num_users=100_beta=0.01_batch_size=64_opt=adam_dataset=cifar10_2024-04-12-2119-50",
    "seed": 123,
    "device": "cuda:6",
    "accuracies_file": "logs/resnet_18_100_users.csv",
    "dont_skip": false,
    "n_train_workers": 1,
    "n_test_workers": 1,
    "multiprocessing": 0
}
04-12 21:19 INFO     Data statistics: {0: {0: 53, 1: 46, 2: 45, 3: 47, 4: 50, 5: 55, 6: 54, 7: 46, 8: 58, 9: 46}, 1: {0: 38, 1: 47, 2: 58, 3: 45, 4: 52, 5: 46, 6: 51, 7: 63, 8: 45, 9: 55}, 2: {0: 42, 1: 50, 2: 58, 3: 58, 4: 60, 5: 41, 6: 44, 7: 41, 8: 51, 9: 55}, 3: {0: 44, 1: 44, 2: 58, 3: 53, 4: 62, 5: 63, 6: 43, 7: 45, 8: 36, 9: 52}, 4: {0: 63, 1: 45, 2: 38, 3: 51, 4: 58, 5: 46, 6: 36, 7: 43, 8: 58, 9: 62}, 5: {0: 73, 1: 50, 2: 51, 3: 41, 4: 42, 5: 42, 6: 55, 7: 45, 8: 54, 9: 47}, 6: {0: 49, 1: 50, 2: 54, 3: 57, 4: 50, 5: 51, 6: 49, 7: 48, 8: 48, 9: 44}, 7: {0: 62, 1: 44, 2: 39, 3: 57, 4: 50, 5: 42, 6: 53, 7: 41, 8: 55, 9: 57}, 8: {0: 50, 1: 42, 2: 53, 3: 48, 4: 61, 5: 53, 6: 40, 7: 45, 8: 57, 9: 51}, 9: {0: 49, 1: 48, 2: 49, 3: 50, 4: 48, 5: 43, 6: 53, 7: 51, 8: 53, 9: 56}, 10: {0: 49, 1: 45, 2: 57, 3: 46, 4: 41, 5: 53, 6: 54, 7: 51, 8: 47, 9: 57}, 11: {0: 51, 1: 48, 2: 45, 3: 55, 4: 49, 5: 58, 6: 37, 7: 50, 8: 53, 9: 54}, 12: {0: 52, 1: 51, 2: 55, 3: 47, 4: 42, 5: 51, 6: 50, 7: 53, 8: 55, 9: 44}, 13: {0: 51, 1: 47, 2: 42, 3: 66, 4: 55, 5: 49, 6: 48, 7: 43, 8: 54, 9: 45}, 14: {0: 74, 1: 49, 2: 46, 3: 50, 4: 42, 5: 52, 6: 43, 7: 55, 8: 43, 9: 46}, 15: {0: 49, 1: 51, 2: 56, 3: 56, 4: 50, 5: 45, 6: 45, 7: 48, 8: 46, 9: 54}, 16: {0: 36, 1: 56, 2: 53, 3: 47, 4: 74, 5: 44, 6: 41, 7: 43, 8: 62, 9: 44}, 17: {0: 41, 1: 60, 2: 35, 3: 52, 4: 54, 5: 59, 6: 66, 7: 33, 8: 58, 9: 42}, 18: {0: 52, 1: 44, 2: 44, 3: 43, 4: 50, 5: 49, 6: 54, 7: 57, 8: 45, 9: 62}, 19: {0: 58, 1: 54, 2: 43, 3: 48, 4: 56, 5: 51, 6: 54, 7: 49, 8: 44, 9: 43}, 20: {0: 58, 1: 57, 2: 44, 3: 51, 4: 48, 5: 42, 6: 55, 7: 44, 8: 52, 9: 49}, 21: {0: 48, 1: 54, 2: 47, 3: 50, 4: 44, 5: 50, 6: 42, 7: 51, 8: 59, 9: 55}, 22: {0: 49, 1: 54, 2: 42, 3: 52, 4: 36, 5: 58, 6: 51, 7: 57, 8: 52, 9: 49}, 23: {0: 49, 1: 56, 2: 45, 3: 47, 4: 47, 5: 46, 6: 58, 7: 52, 8: 55, 9: 45}, 24: {0: 37, 1: 42, 2: 72, 3: 34, 4: 54, 5: 42, 6: 62, 7: 53, 8: 57, 9: 47}, 25: {0: 45, 1: 48, 2: 48, 3: 57, 4: 51, 5: 51, 6: 47, 7: 53, 8: 50, 9: 50}, 26: {0: 51, 1: 58, 2: 53, 3: 43, 4: 48, 5: 42, 6: 61, 7: 54, 8: 44, 9: 46}, 27: {0: 38, 1: 55, 2: 68, 3: 56, 4: 41, 5: 45, 6: 49, 7: 56, 8: 44, 9: 48}, 28: {0: 47, 1: 41, 2: 40, 3: 56, 4: 49, 5: 44, 6: 57, 7: 49, 8: 54, 9: 63}, 29: {0: 45, 1: 50, 2: 51, 3: 51, 4: 25, 5: 56, 6: 50, 7: 60, 8: 64, 9: 48}, 30: {0: 60, 1: 45, 2: 56, 3: 46, 4: 50, 5: 49, 6: 40, 7: 49, 8: 52, 9: 53}, 31: {0: 44, 1: 65, 2: 42, 3: 40, 4: 59, 5: 51, 6: 59, 7: 56, 8: 42, 9: 42}, 32: {0: 44, 1: 62, 2: 56, 3: 51, 4: 49, 5: 48, 6: 51, 7: 46, 8: 43, 9: 50}, 33: {0: 47, 1: 59, 2: 46, 3: 51, 4: 52, 5: 47, 6: 50, 7: 52, 8: 40, 9: 56}, 34: {0: 47, 1: 53, 2: 54, 3: 59, 4: 47, 5: 39, 6: 51, 7: 46, 8: 57, 9: 47}, 35: {0: 36, 1: 52, 2: 63, 3: 42, 4: 60, 5: 49, 6: 40, 7: 59, 8: 56, 9: 43}, 36: {0: 52, 1: 55, 2: 56, 3: 51, 4: 48, 5: 54, 6: 49, 7: 37, 8: 56, 9: 42}, 37: {0: 47, 1: 46, 2: 54, 3: 56, 4: 54, 5: 45, 6: 46, 7: 53, 8: 53, 9: 46}, 38: {0: 42, 1: 57, 2: 55, 3: 48, 4: 55, 5: 59, 6: 41, 7: 43, 8: 48, 9: 52}, 39: {0: 58, 1: 40, 2: 45, 3: 48, 4: 58, 5: 43, 6: 58, 7: 44, 8: 47, 9: 59}, 40: {0: 51, 1: 59, 2: 49, 3: 49, 4: 49, 5: 48, 6: 37, 7: 61, 8: 38, 9: 59}, 41: {0: 62, 1: 43, 2: 54, 3: 48, 4: 51, 5: 44, 6: 57, 7: 51, 8: 54, 9: 36}, 42: {0: 68, 1: 53, 2: 51, 3: 41, 4: 39, 5: 61, 6: 44, 7: 47, 8: 50, 9: 46}, 43: {0: 56, 1: 53, 2: 32, 3: 43, 4: 54, 5: 50, 6: 59, 7: 57, 8: 50, 9: 46}, 44: {0: 40, 1: 49, 2: 54, 3: 53, 4: 47, 5: 54, 6: 48, 7: 58, 8: 43, 9: 54}, 45: {0: 46, 1: 49, 2: 52, 3: 47, 4: 49, 5: 59, 6: 57, 7: 47, 8: 43, 9: 51}, 46: {0: 48, 1: 46, 2: 44, 3: 53, 4: 52, 5: 57, 6: 47, 7: 48, 8: 53, 9: 52}, 47: {0: 43, 1: 45, 2: 49, 3: 45, 4: 50, 5: 54, 6: 47, 7: 54, 8: 58, 9: 55}, 48: {0: 50, 1: 51, 2: 50, 3: 70, 4: 53, 5: 49, 6: 41, 7: 50, 8: 43, 9: 43}, 49: {0: 49, 1: 60, 2: 39, 3: 58, 4: 44, 5: 60, 6: 53, 7: 44, 8: 53, 9: 40}, 50: {0: 40, 1: 53, 2: 60, 3: 37, 4: 48, 5: 54, 6: 46, 7: 49, 8: 43, 9: 70}, 51: {0: 49, 1: 59, 2: 54, 3: 40, 4: 53, 5: 50, 6: 53, 7: 54, 8: 43, 9: 45}, 52: {0: 43, 1: 51, 2: 39, 3: 56, 4: 46, 5: 48, 6: 43, 7: 54, 8: 57, 9: 63}, 53: {0: 53, 1: 37, 2: 54, 3: 45, 4: 49, 5: 45, 6: 62, 7: 55, 8: 51, 9: 49}, 54: {0: 52, 1: 48, 2: 45, 3: 42, 4: 49, 5: 46, 6: 58, 7: 53, 8: 60, 9: 47}, 55: {0: 52, 1: 39, 2: 54, 3: 61, 4: 46, 5: 44, 6: 52, 7: 55, 8: 48, 9: 49}, 56: {0: 52, 1: 57, 2: 49, 3: 42, 4: 53, 5: 48, 6: 44, 7: 53, 8: 48, 9: 54}, 57: {0: 43, 1: 48, 2: 48, 3: 49, 4: 48, 5: 59, 6: 47, 7: 55, 8: 54, 9: 49}, 58: {0: 49, 1: 43, 2: 57, 3: 50, 4: 52, 5: 52, 6: 50, 7: 51, 8: 46, 9: 50}, 59: {0: 37, 1: 43, 2: 51, 3: 55, 4: 58, 5: 58, 6: 49, 7: 45, 8: 55, 9: 49}, 60: {0: 55, 1: 44, 2: 60, 3: 51, 4: 58, 5: 45, 6: 49, 7: 45, 8: 43, 9: 50}, 61: {0: 40, 1: 66, 2: 42, 3: 48, 4: 36, 5: 57, 6: 44, 7: 67, 8: 52, 9: 48}, 62: {0: 56, 1: 51, 2: 51, 3: 50, 4: 52, 5: 51, 6: 47, 7: 48, 8: 50, 9: 44}, 63: {0: 62, 1: 52, 2: 55, 3: 45, 4: 52, 5: 51, 6: 50, 7: 41, 8: 41, 9: 51}, 64: {0: 53, 1: 49, 2: 50, 3: 41, 4: 56, 5: 51, 6: 55, 7: 48, 8: 45, 9: 52}, 65: {0: 56, 1: 59, 2: 46, 3: 50, 4: 41, 5: 53, 6: 44, 7: 44, 8: 51, 9: 56}, 66: {0: 47, 1: 46, 2: 51, 3: 58, 4: 56, 5: 38, 6: 59, 7: 51, 8: 46, 9: 48}, 67: {0: 48, 1: 54, 2: 35, 3: 56, 4: 54, 5: 45, 6: 57, 7: 46, 8: 56, 9: 49}, 68: {0: 42, 1: 46, 2: 51, 3: 48, 4: 49, 5: 59, 6: 57, 7: 44, 8: 54, 9: 50}, 69: {0: 41, 1: 49, 2: 39, 3: 54, 4: 51, 5: 45, 6: 57, 7: 49, 8: 55, 9: 60}, 70: {0: 51, 1: 47, 2: 44, 3: 56, 4: 52, 5: 54, 6: 50, 7: 41, 8: 53, 9: 52}, 71: {0: 64, 1: 51, 2: 57, 3: 39, 4: 57, 5: 43, 6: 41, 7: 47, 8: 49, 9: 52}, 72: {0: 67, 1: 42, 2: 42, 3: 54, 4: 44, 5: 58, 6: 49, 7: 44, 8: 51, 9: 49}, 73: {0: 57, 1: 53, 2: 45, 3: 45, 4: 54, 5: 57, 6: 44, 7: 53, 8: 38, 9: 54}, 74: {0: 45, 1: 50, 2: 36, 3: 66, 4: 55, 5: 52, 6: 48, 7: 47, 8: 49, 9: 52}, 75: {0: 55, 1: 49, 2: 53, 3: 51, 4: 37, 5: 47, 6: 51, 7: 62, 8: 46, 9: 49}, 76: {0: 50, 1: 48, 2: 54, 3: 60, 4: 41, 5: 51, 6: 44, 7: 57, 8: 51, 9: 44}, 77: {0: 46, 1: 53, 2: 42, 3: 42, 4: 54, 5: 53, 6: 48, 7: 56, 8: 50, 9: 56}, 78: {0: 46, 1: 50, 2: 52, 3: 46, 4: 52, 5: 40, 6: 48, 7: 66, 8: 50, 9: 50}, 79: {0: 48, 1: 53, 2: 58, 3: 41, 4: 49, 5: 51, 6: 46, 7: 43, 8: 57, 9: 54}, 80: {0: 46, 1: 53, 2: 44, 3: 60, 4: 48, 5: 53, 6: 44, 7: 58, 8: 46, 9: 48}, 81: {0: 56, 1: 52, 2: 52, 3: 48, 4: 41, 5: 47, 6: 52, 7: 53, 8: 49, 9: 50}, 82: {0: 49, 1: 47, 2: 57, 3: 38, 4: 58, 5: 53, 6: 53, 7: 45, 8: 51, 9: 49}, 83: {0: 42, 1: 59, 2: 51, 3: 42, 4: 50, 5: 56, 6: 50, 7: 49, 8: 56, 9: 45}, 84: {0: 58, 1: 55, 2: 41, 3: 43, 4: 58, 5: 50, 6: 64, 7: 47, 8: 44, 9: 40}, 85: {0: 51, 1: 43, 2: 52, 3: 47, 4: 43, 5: 49, 6: 48, 7: 60, 8: 49, 9: 58}, 86: {0: 58, 1: 43, 2: 50, 3: 54, 4: 50, 5: 50, 6: 46, 7: 50, 8: 43, 9: 56}, 87: {0: 51, 1: 58, 2: 54, 3: 52, 4: 50, 5: 53, 6: 56, 7: 36, 8: 51, 9: 39}, 88: {0: 41, 1: 59, 2: 67, 3: 39, 4: 41, 5: 56, 6: 59, 7: 47, 8: 46, 9: 45}, 89: {0: 52, 1: 44, 2: 59, 3: 48, 4: 48, 5: 51, 6: 47, 7: 52, 8: 43, 9: 56}, 90: {0: 44, 1: 48, 2: 50, 3: 52, 4: 47, 5: 38, 6: 60, 7: 61, 8: 49, 9: 51}, 91: {0: 45, 1: 46, 2: 61, 3: 55, 4: 46, 5: 48, 6: 50, 7: 43, 8: 57, 9: 49}, 92: {0: 50, 1: 45, 2: 48, 3: 62, 4: 57, 5: 47, 6: 51, 7: 46, 8: 42, 9: 52}, 93: {0: 47, 1: 52, 2: 65, 3: 54, 4: 46, 5: 56, 6: 55, 7: 45, 8: 39, 9: 41}, 94: {0: 49, 1: 46, 2: 46, 3: 46, 4: 42, 5: 53, 6: 47, 7: 61, 8: 63, 9: 47}, 95: {0: 54, 1: 48, 2: 49, 3: 54, 4: 51, 5: 46, 6: 54, 7: 45, 8: 56, 9: 43}, 96: {0: 46, 1: 54, 2: 45, 3: 48, 4: 58, 5: 55, 6: 50, 7: 47, 8: 45, 9: 52}, 97: {0: 56, 1: 42, 2: 48, 3: 57, 4: 61, 5: 44, 6: 44, 7: 53, 8: 47, 9: 48}, 98: {0: 57, 1: 50, 2: 49, 3: 61, 4: 43, 5: 41, 6: 51, 7: 50, 8: 55, 9: 43}, 99: {0: 56, 1: 38, 2: 48, 3: 49, 4: 51, 5: 60, 6: 50, 7: 48, 8: 45, 9: 55}}
04-12 21:20 INFO     in comm round:0
04-12 21:20 INFO     Training network 0 n_training: 500
04-12 21:20 INFO     Training network 0
04-12 21:20 INFO     Client: 0 Epoch: 0 Loss: 2.9026384694235667
04-12 21:20 INFO     Client: 0 Epoch: 1 Loss: 2.23830052784511
04-12 21:20 INFO     Client: 0 Epoch: 2 Loss: 2.0684633425303867
04-12 21:20 INFO     Client: 0 Epoch: 3 Loss: 2.0130550350461687
04-12 21:20 INFO     Client: 0 Epoch: 4 Loss: 1.913089394569397
04-12 21:20 INFO      ** Client: 0 Training complete **
04-12 21:20 INFO     Training network 1 n_training: 500
04-12 21:20 INFO     Training network 1
04-12 21:20 INFO     Client: 1 Epoch: 0 Loss: 2.6295905453818187
04-12 21:20 INFO     Client: 1 Epoch: 1 Loss: 2.2261189222335815
04-12 21:20 INFO     Client: 1 Epoch: 2 Loss: 1.9912948608398438
04-12 21:20 INFO     Client: 1 Epoch: 3 Loss: 1.8658703565597534
04-12 21:20 INFO     Client: 1 Epoch: 4 Loss: 1.79555310521807
04-12 21:20 INFO      ** Client: 1 Training complete **
04-12 21:20 INFO     Training network 2 n_training: 500
04-12 21:20 INFO     Training network 2
04-12 21:20 INFO     Client: 2 Epoch: 0 Loss: 2.563265017100743
04-12 21:20 INFO     Client: 2 Epoch: 1 Loss: 2.147854600633894
04-12 21:20 INFO     Client: 2 Epoch: 2 Loss: 1.8935387304850988
04-12 21:20 INFO     Client: 2 Epoch: 3 Loss: 1.8040478570120675
04-12 21:20 INFO     Client: 2 Epoch: 4 Loss: 1.7691834143229894
04-12 21:20 INFO      ** Client: 2 Training complete **
04-12 21:20 INFO     Training network 3 n_training: 500
04-12 21:20 INFO     Training network 3
04-12 21:20 INFO     Client: 3 Epoch: 0 Loss: 2.6237374373844693
04-12 21:20 INFO     Client: 3 Epoch: 1 Loss: 2.113468255315508
04-12 21:20 INFO     Client: 3 Epoch: 2 Loss: 2.0205698864800588
04-12 21:20 INFO     Client: 3 Epoch: 3 Loss: 1.869446975844247
04-12 21:20 INFO     Client: 3 Epoch: 4 Loss: 1.7766364983149938
04-12 21:20 INFO      ** Client: 3 Training complete **
04-12 21:20 INFO     Training network 4 n_training: 500
04-12 21:20 INFO     Training network 4
04-12 21:20 INFO     Client: 4 Epoch: 0 Loss: 2.70718823160444
04-12 21:20 INFO     Client: 4 Epoch: 1 Loss: 2.1184563977377757
04-12 21:20 INFO     Client: 4 Epoch: 2 Loss: 1.9557394640786308
04-12 21:20 INFO     Client: 4 Epoch: 3 Loss: 1.8224823304585047
04-12 21:20 INFO     Client: 4 Epoch: 4 Loss: 1.7346809761864799
04-12 21:20 INFO      ** Client: 4 Training complete **
04-12 21:20 INFO     Training network 5 n_training: 500
04-12 21:20 INFO     Training network 5
04-12 21:20 INFO     Client: 5 Epoch: 0 Loss: 2.505330358232771
04-12 21:20 INFO     Client: 5 Epoch: 1 Loss: 2.0605251789093018
04-12 21:20 INFO     Client: 5 Epoch: 2 Loss: 1.806345786367144
04-12 21:20 INFO     Client: 5 Epoch: 3 Loss: 1.7141876901899065
04-12 21:20 INFO     Client: 5 Epoch: 4 Loss: 1.769256898335048
04-12 21:20 INFO      ** Client: 5 Training complete **
04-12 21:20 INFO     Training network 6 n_training: 500
04-12 21:20 INFO     Training network 6
04-12 21:20 INFO     Client: 6 Epoch: 0 Loss: 2.762000935418265
04-12 21:20 INFO     Client: 6 Epoch: 1 Loss: 2.1100516659872874
04-12 21:20 INFO     Client: 6 Epoch: 2 Loss: 1.9736201422555106
04-12 21:20 INFO     Client: 6 Epoch: 3 Loss: 1.8298208202634538
04-12 21:20 INFO     Client: 6 Epoch: 4 Loss: 1.7885124002184187
04-12 21:20 INFO      ** Client: 6 Training complete **
04-12 21:20 INFO     Training network 7 n_training: 500
04-12 21:20 INFO     Training network 7
04-12 21:20 INFO     Client: 7 Epoch: 0 Loss: 2.6010681561061313
04-12 21:20 INFO     Client: 7 Epoch: 1 Loss: 2.0497114998953685
04-12 21:20 INFO     Client: 7 Epoch: 2 Loss: 1.938326460974557
04-12 21:20 INFO     Client: 7 Epoch: 3 Loss: 1.8264563253947668
04-12 21:20 INFO     Client: 7 Epoch: 4 Loss: 1.758334653718131
04-12 21:20 INFO      ** Client: 7 Training complete **
04-12 21:20 INFO     Training network 8 n_training: 500
04-12 21:20 INFO     Training network 8
04-12 21:20 INFO     Client: 8 Epoch: 0 Loss: 2.6269967215401784
04-12 21:20 INFO     Client: 8 Epoch: 1 Loss: 2.1777894496917725
04-12 21:20 INFO     Client: 8 Epoch: 2 Loss: 1.975753562791007
04-12 21:20 INFO     Client: 8 Epoch: 3 Loss: 1.915384156363351
04-12 21:20 INFO     Client: 8 Epoch: 4 Loss: 1.8671667405537196
04-12 21:20 INFO      ** Client: 8 Training complete **
04-12 21:20 INFO     Training network 9 n_training: 500
04-12 21:20 INFO     Training network 9
04-12 21:20 INFO     Client: 9 Epoch: 0 Loss: 2.6373421464647566
04-12 21:20 INFO     Client: 9 Epoch: 1 Loss: 2.117355363709586
04-12 21:20 INFO     Client: 9 Epoch: 2 Loss: 1.9150319269725256
04-12 21:20 INFO     Client: 9 Epoch: 3 Loss: 1.864704234259469
04-12 21:20 INFO     Client: 9 Epoch: 4 Loss: 1.7283494983400618
04-12 21:20 INFO      ** Client: 9 Training complete **
04-12 21:20 INFO     Training network 10 n_training: 500
04-12 21:20 INFO     Training network 10
04-12 21:20 INFO     Client: 10 Epoch: 0 Loss: 2.6787822587149486
04-12 21:20 INFO     Client: 10 Epoch: 1 Loss: 2.1252375670841763
04-12 21:20 INFO     Client: 10 Epoch: 2 Loss: 2.013568009649004
04-12 21:20 INFO     Client: 10 Epoch: 3 Loss: 1.9392415966306413
04-12 21:20 INFO     Client: 10 Epoch: 4 Loss: 1.7590674672807967
04-12 21:20 INFO      ** Client: 10 Training complete **
04-12 21:20 INFO     Training network 11 n_training: 500
04-12 21:20 INFO     Training network 11
04-12 21:20 INFO     Client: 11 Epoch: 0 Loss: 2.6609530448913574
04-12 21:20 INFO     Client: 11 Epoch: 1 Loss: 2.1712088074002946
04-12 21:20 INFO     Client: 11 Epoch: 2 Loss: 1.9928309576851981
04-12 21:20 INFO     Client: 11 Epoch: 3 Loss: 1.804583992276873
04-12 21:20 INFO     Client: 11 Epoch: 4 Loss: 1.7586846011025565
04-12 21:20 INFO      ** Client: 11 Training complete **
04-12 21:20 INFO     Training network 12 n_training: 500
04-12 21:20 INFO     Training network 12
04-12 21:20 INFO     Client: 12 Epoch: 0 Loss: 2.702571834836687
04-12 21:20 INFO     Client: 12 Epoch: 1 Loss: 2.1409951618739536
04-12 21:20 INFO     Client: 12 Epoch: 2 Loss: 1.9456840753555298
04-12 21:20 INFO     Client: 12 Epoch: 3 Loss: 1.843781556401934
04-12 21:20 INFO     Client: 12 Epoch: 4 Loss: 1.7593532460076469
04-12 21:20 INFO      ** Client: 12 Training complete **
04-12 21:20 INFO     Training network 13 n_training: 500
04-12 21:20 INFO     Training network 13
04-12 21:20 INFO     Client: 13 Epoch: 0 Loss: 2.651473011289324
04-12 21:20 INFO     Client: 13 Epoch: 1 Loss: 2.040099467550005
04-12 21:20 INFO     Client: 13 Epoch: 2 Loss: 1.9325053521565028
04-12 21:20 INFO     Client: 13 Epoch: 3 Loss: 1.8100271565573556
04-12 21:20 INFO     Client: 13 Epoch: 4 Loss: 1.7399375098092216
04-12 21:20 INFO      ** Client: 13 Training complete **
04-12 21:20 INFO     Training network 14 n_training: 500
04-12 21:20 INFO     Training network 14
04-12 21:20 INFO     Client: 14 Epoch: 0 Loss: 2.6641906329563687
04-12 21:20 INFO     Client: 14 Epoch: 1 Loss: 2.104777250971113
04-12 21:20 INFO     Client: 14 Epoch: 2 Loss: 1.9349641799926758
04-12 21:20 INFO     Client: 14 Epoch: 3 Loss: 1.847081014088222
04-12 21:20 INFO     Client: 14 Epoch: 4 Loss: 1.70272992338453
04-12 21:20 INFO      ** Client: 14 Training complete **
04-12 21:20 INFO     Training network 15 n_training: 500
04-12 21:20 INFO     Training network 15
04-12 21:20 INFO     Client: 15 Epoch: 0 Loss: 2.783040625708444
04-12 21:20 INFO     Client: 15 Epoch: 1 Loss: 2.112886462892805
04-12 21:20 INFO     Client: 15 Epoch: 2 Loss: 1.9202373708997453
04-12 21:20 INFO     Client: 15 Epoch: 3 Loss: 1.794465116092137
04-12 21:20 INFO     Client: 15 Epoch: 4 Loss: 1.7028731448309762
04-12 21:20 INFO      ** Client: 15 Training complete **
04-12 21:20 INFO     Training network 16 n_training: 500
04-12 21:20 INFO     Training network 16
04-12 21:20 INFO     Client: 16 Epoch: 0 Loss: 2.6855087961469377
04-12 21:20 INFO     Client: 16 Epoch: 1 Loss: 2.1498848370143344
04-12 21:20 INFO     Client: 16 Epoch: 2 Loss: 1.9691378218787057
04-12 21:20 INFO     Client: 16 Epoch: 3 Loss: 1.8790393216269357
04-12 21:20 INFO     Client: 16 Epoch: 4 Loss: 1.8074111597878593
04-12 21:20 INFO      ** Client: 16 Training complete **
04-12 21:20 INFO     Training network 17 n_training: 500
04-12 21:20 INFO     Training network 17
04-12 21:20 INFO     Client: 17 Epoch: 0 Loss: 2.71013297353472
04-12 21:20 INFO     Client: 17 Epoch: 1 Loss: 2.0802024943487987
04-12 21:20 INFO     Client: 17 Epoch: 2 Loss: 1.9375567606517248
04-12 21:20 INFO     Client: 17 Epoch: 3 Loss: 1.7672400644847326
04-12 21:20 INFO     Client: 17 Epoch: 4 Loss: 1.6786534956523351
04-12 21:20 INFO      ** Client: 17 Training complete **
04-12 21:20 INFO     Training network 18 n_training: 500
04-12 21:20 INFO     Training network 18
04-12 21:20 INFO     Client: 18 Epoch: 0 Loss: 2.5169832025255476
04-12 21:20 INFO     Client: 18 Epoch: 1 Loss: 2.059670925140381
04-12 21:20 INFO     Client: 18 Epoch: 2 Loss: 2.007590787751334
04-12 21:20 INFO     Client: 18 Epoch: 3 Loss: 1.8731203419821603
04-12 21:20 INFO     Client: 18 Epoch: 4 Loss: 1.7968645095825195
04-12 21:20 INFO      ** Client: 18 Training complete **
04-12 21:20 INFO     Training network 19 n_training: 500
04-12 21:20 INFO     Training network 19
04-12 21:20 INFO     Client: 19 Epoch: 0 Loss: 2.4435693877083913
04-12 21:20 INFO     Client: 19 Epoch: 1 Loss: 1.9965964555740356
04-12 21:20 INFO     Client: 19 Epoch: 2 Loss: 1.9326446907860892
04-12 21:20 INFO     Client: 19 Epoch: 3 Loss: 1.7475654227393014
04-12 21:20 INFO     Client: 19 Epoch: 4 Loss: 1.6208392211369105
04-12 21:20 INFO      ** Client: 19 Training complete **
04-12 21:20 INFO     Training network 20 n_training: 500
04-12 21:20 INFO     Training network 20
04-12 21:20 INFO     Client: 20 Epoch: 0 Loss: 2.7071268217904225
04-12 21:20 INFO     Client: 20 Epoch: 1 Loss: 2.2119839872632707
04-12 21:20 INFO     Client: 20 Epoch: 2 Loss: 1.965750285557338
04-12 21:20 INFO     Client: 20 Epoch: 3 Loss: 1.8063650301524572
04-12 21:20 INFO     Client: 20 Epoch: 4 Loss: 1.7474293197904314
04-12 21:20 INFO      ** Client: 20 Training complete **
04-12 21:20 INFO     Training network 21 n_training: 500
04-12 21:20 INFO     Training network 21
04-12 21:20 INFO     Client: 21 Epoch: 0 Loss: 2.6603573049817766
04-12 21:20 INFO     Client: 21 Epoch: 1 Loss: 2.1409640993390764
04-12 21:20 INFO     Client: 21 Epoch: 2 Loss: 1.9606472934995378
04-12 21:20 INFO     Client: 21 Epoch: 3 Loss: 1.7903585604258947
04-12 21:20 INFO     Client: 21 Epoch: 4 Loss: 1.7708350930895125
04-12 21:20 INFO      ** Client: 21 Training complete **
04-12 21:20 INFO     Training network 22 n_training: 500
04-12 21:20 INFO     Training network 22
04-12 21:20 INFO     Client: 22 Epoch: 0 Loss: 2.6617940153394426
04-12 21:20 INFO     Client: 22 Epoch: 1 Loss: 2.038801772253854
04-12 21:20 INFO     Client: 22 Epoch: 2 Loss: 1.900623423712594
04-12 21:20 INFO     Client: 22 Epoch: 3 Loss: 1.7485706635883875
04-12 21:20 INFO     Client: 22 Epoch: 4 Loss: 1.6368636233466012
04-12 21:20 INFO      ** Client: 22 Training complete **
04-12 21:20 INFO     Training network 23 n_training: 500
04-12 21:20 INFO     Training network 23
04-12 21:20 INFO     Client: 23 Epoch: 0 Loss: 2.8501784460885182
04-12 21:20 INFO     Client: 23 Epoch: 1 Loss: 2.124944703919547
04-12 21:20 INFO     Client: 23 Epoch: 2 Loss: 1.9011678014482771
04-12 21:20 INFO     Client: 23 Epoch: 3 Loss: 1.8539683818817139
04-12 21:20 INFO     Client: 23 Epoch: 4 Loss: 1.722956929888044
04-12 21:20 INFO      ** Client: 23 Training complete **
04-12 21:20 INFO     Training network 24 n_training: 500
04-12 21:20 INFO     Training network 24
04-12 21:20 INFO     Client: 24 Epoch: 0 Loss: 2.75428261075701
04-12 21:20 INFO     Client: 24 Epoch: 1 Loss: 2.2292255674089705
04-12 21:20 INFO     Client: 24 Epoch: 2 Loss: 2.021960360663278
04-12 21:20 INFO     Client: 24 Epoch: 3 Loss: 1.9022317102977209
04-12 21:20 INFO     Client: 24 Epoch: 4 Loss: 1.825649278504508
04-12 21:20 INFO      ** Client: 24 Training complete **
04-12 21:20 INFO     Training network 25 n_training: 500
04-12 21:20 INFO     Training network 25
04-12 21:20 INFO     Client: 25 Epoch: 0 Loss: 2.6386428560529436
04-12 21:20 INFO     Client: 25 Epoch: 1 Loss: 2.1641619546072826
04-12 21:20 INFO     Client: 25 Epoch: 2 Loss: 1.939607092312404
04-12 21:20 INFO     Client: 25 Epoch: 3 Loss: 1.84442104612078
04-12 21:20 INFO     Client: 25 Epoch: 4 Loss: 1.747715950012207
04-12 21:20 INFO      ** Client: 25 Training complete **
04-12 21:20 INFO     Training network 26 n_training: 500
04-12 21:20 INFO     Training network 26
04-12 21:20 INFO     Client: 26 Epoch: 0 Loss: 2.683502640042986
04-12 21:20 INFO     Client: 26 Epoch: 1 Loss: 2.0714845657348633
04-12 21:20 INFO     Client: 26 Epoch: 2 Loss: 1.8592432567051478
04-12 21:20 INFO     Client: 26 Epoch: 3 Loss: 1.7491073948996407
04-12 21:20 INFO     Client: 26 Epoch: 4 Loss: 1.7278580154691423
04-12 21:20 INFO      ** Client: 26 Training complete **
04-12 21:20 INFO     Training network 27 n_training: 500
04-12 21:20 INFO     Training network 27
04-12 21:20 INFO     Client: 27 Epoch: 0 Loss: 2.79355560030256
04-12 21:20 INFO     Client: 27 Epoch: 1 Loss: 2.019554155213492
04-12 21:20 INFO     Client: 27 Epoch: 2 Loss: 1.9336635896137782
04-12 21:20 INFO     Client: 27 Epoch: 3 Loss: 1.7956106492451258
04-12 21:20 INFO     Client: 27 Epoch: 4 Loss: 1.7141932078770228
04-12 21:20 INFO      ** Client: 27 Training complete **
04-12 21:20 INFO     Training network 28 n_training: 500
04-12 21:20 INFO     Training network 28
04-12 21:20 INFO     Client: 28 Epoch: 0 Loss: 2.51349561555045
04-12 21:20 INFO     Client: 28 Epoch: 1 Loss: 2.0868661403656006
04-12 21:20 INFO     Client: 28 Epoch: 2 Loss: 1.9023324421473913
04-12 21:21 INFO     Client: 28 Epoch: 3 Loss: 1.75484527860369
04-12 21:21 INFO     Client: 28 Epoch: 4 Loss: 1.7131811039788383
04-12 21:21 INFO      ** Client: 28 Training complete **
04-12 21:21 INFO     Training network 29 n_training: 500
04-12 21:21 INFO     Training network 29
04-12 21:21 INFO     Client: 29 Epoch: 0 Loss: 2.579698290143694
04-12 21:21 INFO     Client: 29 Epoch: 1 Loss: 2.167634895869664
04-12 21:21 INFO     Client: 29 Epoch: 2 Loss: 1.9322167805262975
04-12 21:21 INFO     Client: 29 Epoch: 3 Loss: 1.813948665346418
04-12 21:21 INFO     Client: 29 Epoch: 4 Loss: 1.7561370474951608
04-12 21:21 INFO      ** Client: 29 Training complete **
04-12 21:21 INFO     Training network 30 n_training: 500
04-12 21:21 INFO     Training network 30
04-12 21:21 INFO     Client: 30 Epoch: 0 Loss: 2.6667328902653287
04-12 21:21 INFO     Client: 30 Epoch: 1 Loss: 2.1208767890930176
04-12 21:21 INFO     Client: 30 Epoch: 2 Loss: 1.9161759104047502
04-12 21:21 INFO     Client: 30 Epoch: 3 Loss: 1.8153843539101737
04-12 21:21 INFO     Client: 30 Epoch: 4 Loss: 1.8308224848338537
04-12 21:21 INFO      ** Client: 30 Training complete **
04-12 21:21 INFO     Training network 31 n_training: 500
04-12 21:21 INFO     Training network 31
04-12 21:21 INFO     Client: 31 Epoch: 0 Loss: 2.834312949861799
04-12 21:21 INFO     Client: 31 Epoch: 1 Loss: 2.2190326281956265
04-12 21:21 INFO     Client: 31 Epoch: 2 Loss: 2.0144810335976735
04-12 21:21 INFO     Client: 31 Epoch: 3 Loss: 1.8982874495642525
04-12 21:21 INFO     Client: 31 Epoch: 4 Loss: 1.8743739468710763
04-12 21:21 INFO      ** Client: 31 Training complete **
04-12 21:21 INFO     Training network 32 n_training: 500
04-12 21:21 INFO     Training network 32
04-12 21:21 INFO     Client: 32 Epoch: 0 Loss: 2.574218647820609
04-12 21:21 INFO     Client: 32 Epoch: 1 Loss: 2.0724775280271257
04-12 21:21 INFO     Client: 32 Epoch: 2 Loss: 1.88751448903765
04-12 21:21 INFO     Client: 32 Epoch: 3 Loss: 1.7419888121741158
04-12 21:21 INFO     Client: 32 Epoch: 4 Loss: 1.5918923786708288
04-12 21:21 INFO      ** Client: 32 Training complete **
04-12 21:21 INFO     Training network 33 n_training: 500
04-12 21:21 INFO     Training network 33
04-12 21:21 INFO     Client: 33 Epoch: 0 Loss: 2.772993905203683
04-12 21:21 INFO     Client: 33 Epoch: 1 Loss: 2.263197796685355
04-12 21:21 INFO     Client: 33 Epoch: 2 Loss: 2.0680495500564575
04-12 21:21 INFO     Client: 33 Epoch: 3 Loss: 1.949608598436628
04-12 21:21 INFO     Client: 33 Epoch: 4 Loss: 1.8010556527546473
04-12 21:21 INFO      ** Client: 33 Training complete **
04-12 21:21 INFO     Training network 34 n_training: 500
04-12 21:21 INFO     Training network 34
04-12 21:21 INFO     Client: 34 Epoch: 0 Loss: 2.6745668819972446
04-12 21:21 INFO     Client: 34 Epoch: 1 Loss: 2.1046152455466136
04-12 21:21 INFO     Client: 34 Epoch: 2 Loss: 1.9482613801956177
04-12 21:21 INFO     Client: 34 Epoch: 3 Loss: 1.8495076894760132
04-12 21:21 INFO     Client: 34 Epoch: 4 Loss: 1.8286937304905482
04-12 21:21 INFO      ** Client: 34 Training complete **
04-12 21:21 INFO     Training network 35 n_training: 500
04-12 21:21 INFO     Training network 35
04-12 21:21 INFO     Client: 35 Epoch: 0 Loss: 2.697220972606114
04-12 21:21 INFO     Client: 35 Epoch: 1 Loss: 2.1046487263270786
04-12 21:21 INFO     Client: 35 Epoch: 2 Loss: 1.93052761895316
04-12 21:21 INFO     Client: 35 Epoch: 3 Loss: 1.8176591396331787
04-12 21:21 INFO     Client: 35 Epoch: 4 Loss: 1.7454403468540736
04-12 21:21 INFO      ** Client: 35 Training complete **
04-12 21:21 INFO     Training network 36 n_training: 500
04-12 21:21 INFO     Training network 36
04-12 21:21 INFO     Client: 36 Epoch: 0 Loss: 2.675415209361485
04-12 21:21 INFO     Client: 36 Epoch: 1 Loss: 2.09285991532462
04-12 21:21 INFO     Client: 36 Epoch: 2 Loss: 1.8787905148097448
04-12 21:21 INFO     Client: 36 Epoch: 3 Loss: 1.8104474544525146
04-12 21:21 INFO     Client: 36 Epoch: 4 Loss: 1.7976198366710119
04-12 21:21 INFO      ** Client: 36 Training complete **
04-12 21:21 INFO     Training network 37 n_training: 500
04-12 21:21 INFO     Training network 37
04-12 21:21 INFO     Client: 37 Epoch: 0 Loss: 2.785524163927351
04-12 21:21 INFO     Client: 37 Epoch: 1 Loss: 2.185880661010742
04-12 21:21 INFO     Client: 37 Epoch: 2 Loss: 1.9858692373548235
04-12 21:21 INFO     Client: 37 Epoch: 3 Loss: 1.8812731504440308
04-12 21:21 INFO     Client: 37 Epoch: 4 Loss: 1.8455579110554285
04-12 21:21 INFO      ** Client: 37 Training complete **
04-12 21:21 INFO     Training network 38 n_training: 500
04-12 21:21 INFO     Training network 38
04-12 21:21 INFO     Client: 38 Epoch: 0 Loss: 2.697189978190831
04-12 21:21 INFO     Client: 38 Epoch: 1 Loss: 2.162221704210554
04-12 21:21 INFO     Client: 38 Epoch: 2 Loss: 1.9620365415300642
04-12 21:21 INFO     Client: 38 Epoch: 3 Loss: 1.8295341048921858
04-12 21:21 INFO     Client: 38 Epoch: 4 Loss: 1.792509947504316
04-12 21:21 INFO      ** Client: 38 Training complete **
04-12 21:21 INFO     Training network 39 n_training: 500
04-12 21:21 INFO     Training network 39
04-12 21:21 INFO     Client: 39 Epoch: 0 Loss: 2.6937029702322826
04-12 21:21 INFO     Client: 39 Epoch: 1 Loss: 2.011303799492972
04-12 21:21 INFO     Client: 39 Epoch: 2 Loss: 1.9040799481528146
04-12 21:21 INFO     Client: 39 Epoch: 3 Loss: 1.8415079627718245
04-12 21:21 INFO     Client: 39 Epoch: 4 Loss: 1.706563081060137
04-12 21:21 INFO      ** Client: 39 Training complete **
04-12 21:21 INFO     Training network 40 n_training: 500
04-12 21:21 INFO     Training network 40
04-12 21:21 INFO     Client: 40 Epoch: 0 Loss: 2.7532081604003906
04-12 21:21 INFO     Client: 40 Epoch: 1 Loss: 2.2214183466775075
04-12 21:21 INFO     Client: 40 Epoch: 2 Loss: 1.9858361652919225
04-12 21:21 INFO     Client: 40 Epoch: 3 Loss: 1.8656504494803292
04-12 21:21 INFO     Client: 40 Epoch: 4 Loss: 1.730744447026934
04-12 21:21 INFO      ** Client: 40 Training complete **
04-12 21:21 INFO     Training network 41 n_training: 500
04-12 21:21 INFO     Training network 41
04-12 21:21 INFO     Client: 41 Epoch: 0 Loss: 2.693608897072928
04-12 21:21 INFO     Client: 41 Epoch: 1 Loss: 2.152365871838161
04-12 21:21 INFO     Client: 41 Epoch: 2 Loss: 2.0308973618916104
04-12 21:21 INFO     Client: 41 Epoch: 3 Loss: 1.9269862685884749
04-12 21:21 INFO     Client: 41 Epoch: 4 Loss: 1.7874237980161394
04-12 21:21 INFO      ** Client: 41 Training complete **
04-12 21:21 INFO     Training network 42 n_training: 500
04-12 21:21 INFO     Training network 42
04-12 21:21 INFO     Client: 42 Epoch: 0 Loss: 2.768802676882063
04-12 21:21 INFO     Client: 42 Epoch: 1 Loss: 2.1257454667772566
04-12 21:21 INFO     Client: 42 Epoch: 2 Loss: 1.9535154444830758
04-12 21:21 INFO     Client: 42 Epoch: 3 Loss: 1.8186757223946708
04-12 21:21 INFO     Client: 42 Epoch: 4 Loss: 1.7927176782063075
04-12 21:21 INFO      ** Client: 42 Training complete **
04-12 21:21 INFO     Training network 43 n_training: 500
04-12 21:21 INFO     Training network 43
04-12 21:21 INFO     Client: 43 Epoch: 0 Loss: 2.7386247430528914
04-12 21:21 INFO     Client: 43 Epoch: 1 Loss: 2.1416026013238088
04-12 21:21 INFO     Client: 43 Epoch: 2 Loss: 1.9448161636080061
04-12 21:21 INFO     Client: 43 Epoch: 3 Loss: 1.8145051343100411
04-12 21:21 INFO     Client: 43 Epoch: 4 Loss: 1.7726623501096452
04-12 21:21 INFO      ** Client: 43 Training complete **
04-12 21:21 INFO     Training network 44 n_training: 500
04-12 21:21 INFO     Training network 44
04-12 21:21 INFO     Client: 44 Epoch: 0 Loss: 2.7387098244258334
04-12 21:21 INFO     Client: 44 Epoch: 1 Loss: 2.2144557407924106
04-12 21:21 INFO     Client: 44 Epoch: 2 Loss: 1.9757524558476038
04-12 21:21 INFO     Client: 44 Epoch: 3 Loss: 1.8362315211977278
04-12 21:21 INFO     Client: 44 Epoch: 4 Loss: 1.787793857710702
04-12 21:21 INFO      ** Client: 44 Training complete **
04-12 21:21 INFO     Training network 45 n_training: 500
04-12 21:21 INFO     Training network 45
04-12 21:21 INFO     Client: 45 Epoch: 0 Loss: 2.6209769248962402
04-12 21:21 INFO     Client: 45 Epoch: 1 Loss: 2.0851129634039745
04-12 21:21 INFO     Client: 45 Epoch: 2 Loss: 1.926435419491359
04-12 21:21 INFO     Client: 45 Epoch: 3 Loss: 1.7926199776785714
04-12 21:21 INFO     Client: 45 Epoch: 4 Loss: 1.7102128267288208
04-12 21:21 INFO      ** Client: 45 Training complete **
04-12 21:21 INFO     Training network 46 n_training: 500
04-12 21:21 INFO     Training network 46
04-12 21:21 INFO     Client: 46 Epoch: 0 Loss: 2.6744699818747386
04-12 21:21 INFO     Client: 46 Epoch: 1 Loss: 2.1241281032562256
04-12 21:21 INFO     Client: 46 Epoch: 2 Loss: 1.97476099218641
04-12 21:21 INFO     Client: 46 Epoch: 3 Loss: 1.8455314636230469
04-12 21:21 INFO     Client: 46 Epoch: 4 Loss: 1.818799955504281
04-12 21:21 INFO      ** Client: 46 Training complete **
04-12 21:21 INFO     Training network 47 n_training: 500
04-12 21:21 INFO     Training network 47
04-12 21:21 INFO     Client: 47 Epoch: 0 Loss: 2.5645133597510203
04-12 21:21 INFO     Client: 47 Epoch: 1 Loss: 2.0629873956952776
04-12 21:21 INFO     Client: 47 Epoch: 2 Loss: 2.0110524552209035
04-12 21:21 INFO     Client: 47 Epoch: 3 Loss: 1.8738819020135062
04-12 21:21 INFO     Client: 47 Epoch: 4 Loss: 1.690096071788243
04-12 21:21 INFO      ** Client: 47 Training complete **
04-12 21:21 INFO     Training network 48 n_training: 500
04-12 21:21 INFO     Training network 48
04-12 21:21 INFO     Client: 48 Epoch: 0 Loss: 2.7515269007001604
04-12 21:21 INFO     Client: 48 Epoch: 1 Loss: 2.279459203992571
04-12 21:21 INFO     Client: 48 Epoch: 2 Loss: 2.012996179716928
04-12 21:21 INFO     Client: 48 Epoch: 3 Loss: 1.867703608104161
04-12 21:21 INFO     Client: 48 Epoch: 4 Loss: 1.774825062070574
04-12 21:21 INFO      ** Client: 48 Training complete **
04-12 21:21 INFO     Training network 49 n_training: 500
04-12 21:21 INFO     Training network 49
04-12 21:21 INFO     Client: 49 Epoch: 0 Loss: 2.6375272274017334
04-12 21:21 INFO     Client: 49 Epoch: 1 Loss: 2.061417749949864
04-12 21:21 INFO     Client: 49 Epoch: 2 Loss: 1.864959989275251
04-12 21:21 INFO     Client: 49 Epoch: 3 Loss: 1.7939505406788416
04-12 21:21 INFO     Client: 49 Epoch: 4 Loss: 1.7148059095655168
04-12 21:21 INFO      ** Client: 49 Training complete **
04-12 21:21 INFO     Training network 50 n_training: 500
04-12 21:21 INFO     Training network 50
04-12 21:21 INFO     Client: 50 Epoch: 0 Loss: 2.7274535724094937
04-12 21:21 INFO     Client: 50 Epoch: 1 Loss: 2.2795327390943254
04-12 21:21 INFO     Client: 50 Epoch: 2 Loss: 1.9904156752995081
04-12 21:21 INFO     Client: 50 Epoch: 3 Loss: 1.913108263696943
04-12 21:21 INFO     Client: 50 Epoch: 4 Loss: 1.7993709019252233
04-12 21:21 INFO      ** Client: 50 Training complete **
04-12 21:21 INFO     Training network 51 n_training: 500
04-12 21:21 INFO     Training network 51
04-12 21:21 INFO     Client: 51 Epoch: 0 Loss: 2.660472937992641
04-12 21:21 INFO     Client: 51 Epoch: 1 Loss: 2.232884202684675
04-12 21:21 INFO     Client: 51 Epoch: 2 Loss: 1.9938356195177351
04-12 21:21 INFO     Client: 51 Epoch: 3 Loss: 1.9166280371802193
04-12 21:21 INFO     Client: 51 Epoch: 4 Loss: 1.7996093034744263
04-12 21:21 INFO      ** Client: 51 Training complete **
04-12 21:21 INFO     Training network 52 n_training: 500
04-12 21:21 INFO     Training network 52
04-12 21:21 INFO     Client: 52 Epoch: 0 Loss: 2.7507873262677873
04-12 21:21 INFO     Client: 52 Epoch: 1 Loss: 2.009385108947754
04-12 21:21 INFO     Client: 52 Epoch: 2 Loss: 1.7788470472608293
04-12 21:21 INFO     Client: 52 Epoch: 3 Loss: 1.7333399397986275
04-12 21:21 INFO     Client: 52 Epoch: 4 Loss: 1.6201704229627336
04-12 21:21 INFO      ** Client: 52 Training complete **
04-12 21:21 INFO     Training network 53 n_training: 500
04-12 21:21 INFO     Training network 53
04-12 21:21 INFO     Client: 53 Epoch: 0 Loss: 2.6521764482770647
04-12 21:21 INFO     Client: 53 Epoch: 1 Loss: 2.1075924124036516
04-12 21:21 INFO     Client: 53 Epoch: 2 Loss: 1.940502643585205
04-12 21:21 INFO     Client: 53 Epoch: 3 Loss: 1.7803563731057304
04-12 21:21 INFO     Client: 53 Epoch: 4 Loss: 1.744635888508388
04-12 21:21 INFO      ** Client: 53 Training complete **
04-12 21:21 INFO     Training network 54 n_training: 500
04-12 21:21 INFO     Training network 54
04-12 21:21 INFO     Client: 54 Epoch: 0 Loss: 2.7456373827798024
04-12 21:21 INFO     Client: 54 Epoch: 1 Loss: 2.0448176179613387
04-12 21:21 INFO     Client: 54 Epoch: 2 Loss: 1.8924331835338049
04-12 21:21 INFO     Client: 54 Epoch: 3 Loss: 1.8591686146599906
04-12 21:21 INFO     Client: 54 Epoch: 4 Loss: 1.73527991771698
04-12 21:21 INFO      ** Client: 54 Training complete **
04-12 21:21 INFO     Training network 55 n_training: 500
04-12 21:21 INFO     Training network 55
04-12 21:21 INFO     Client: 55 Epoch: 0 Loss: 2.6318607330322266
04-12 21:21 INFO     Client: 55 Epoch: 1 Loss: 2.2449816295078824
04-12 21:21 INFO     Client: 55 Epoch: 2 Loss: 1.9887249299458094
04-12 21:21 INFO     Client: 55 Epoch: 3 Loss: 1.8752872943878174
04-12 21:21 INFO     Client: 55 Epoch: 4 Loss: 1.8309684140341622
04-12 21:21 INFO      ** Client: 55 Training complete **
04-12 21:21 INFO     Training network 56 n_training: 500
04-12 21:21 INFO     Training network 56
04-12 21:21 INFO     Client: 56 Epoch: 0 Loss: 2.5866177763257707
04-12 21:21 INFO     Client: 56 Epoch: 1 Loss: 2.2571558441434587
04-12 21:21 INFO     Client: 56 Epoch: 2 Loss: 2.0549738577433994
04-12 21:21 INFO     Client: 56 Epoch: 3 Loss: 1.8233356986727034
04-12 21:21 INFO     Client: 56 Epoch: 4 Loss: 1.7993572098868233
04-12 21:21 INFO      ** Client: 56 Training complete **
04-12 21:21 INFO     Training network 57 n_training: 500
04-12 21:21 INFO     Training network 57
04-12 21:21 INFO     Client: 57 Epoch: 0 Loss: 2.770059517451695
04-12 21:21 INFO     Client: 57 Epoch: 1 Loss: 2.1702638353620256
04-12 21:21 INFO     Client: 57 Epoch: 2 Loss: 1.9722563028335571
04-12 21:21 INFO     Client: 57 Epoch: 3 Loss: 1.9175665719168526
04-12 21:21 INFO     Client: 57 Epoch: 4 Loss: 1.8425839969090052
04-12 21:21 INFO      ** Client: 57 Training complete **
04-12 21:21 INFO     Training network 58 n_training: 500
04-12 21:21 INFO     Training network 58
04-12 21:21 INFO     Client: 58 Epoch: 0 Loss: 2.6368396622794017
04-12 21:21 INFO     Client: 58 Epoch: 1 Loss: 2.1352685519627164
04-12 21:21 INFO     Client: 58 Epoch: 2 Loss: 1.9443056072507585
04-12 21:21 INFO     Client: 58 Epoch: 3 Loss: 1.9018952335630144
04-12 21:21 INFO     Client: 58 Epoch: 4 Loss: 1.845974155834743
04-12 21:21 INFO      ** Client: 58 Training complete **
04-12 21:21 INFO     Training network 59 n_training: 500
04-12 21:21 INFO     Training network 59
04-12 21:21 INFO     Client: 59 Epoch: 0 Loss: 2.735719680786133
04-12 21:21 INFO     Client: 59 Epoch: 1 Loss: 2.1534570114953175
04-12 21:21 INFO     Client: 59 Epoch: 2 Loss: 1.9526421512876238
04-12 21:21 INFO     Client: 59 Epoch: 3 Loss: 1.8303155899047852
04-12 21:21 INFO     Client: 59 Epoch: 4 Loss: 1.7940106732504708
04-12 21:21 INFO      ** Client: 59 Training complete **
04-12 21:21 INFO     Training network 60 n_training: 500
04-12 21:21 INFO     Training network 60
04-12 21:21 INFO     Client: 60 Epoch: 0 Loss: 2.6312364169529507
04-12 21:21 INFO     Client: 60 Epoch: 1 Loss: 2.2408902645111084
04-12 21:21 INFO     Client: 60 Epoch: 2 Loss: 2.0412408964974538
04-12 21:21 INFO     Client: 60 Epoch: 3 Loss: 1.8996501479830061
04-12 21:21 INFO     Client: 60 Epoch: 4 Loss: 1.8425668478012085
04-12 21:21 INFO      ** Client: 60 Training complete **
04-12 21:21 INFO     Training network 61 n_training: 500
04-12 21:21 INFO     Training network 61
04-12 21:21 INFO     Client: 61 Epoch: 0 Loss: 2.57891423361642
04-12 21:21 INFO     Client: 61 Epoch: 1 Loss: 2.1756021295275008
04-12 21:21 INFO     Client: 61 Epoch: 2 Loss: 1.9295748472213745
04-12 21:21 INFO     Client: 61 Epoch: 3 Loss: 1.8418382065636771
04-12 21:21 INFO     Client: 61 Epoch: 4 Loss: 1.7628002337047033
04-12 21:21 INFO      ** Client: 61 Training complete **
04-12 21:21 INFO     Training network 62 n_training: 500
04-12 21:21 INFO     Training network 62
04-12 21:21 INFO     Client: 62 Epoch: 0 Loss: 2.6880898135049
04-12 21:21 INFO     Client: 62 Epoch: 1 Loss: 2.062530824116298
04-12 21:21 INFO     Client: 62 Epoch: 2 Loss: 1.9646708965301514
04-12 21:21 INFO     Client: 62 Epoch: 3 Loss: 1.939508625439235
04-12 21:21 INFO     Client: 62 Epoch: 4 Loss: 1.7620539835521154
04-12 21:21 INFO      ** Client: 62 Training complete **
04-12 21:21 INFO     Training network 63 n_training: 500
04-12 21:21 INFO     Training network 63
04-12 21:21 INFO     Client: 63 Epoch: 0 Loss: 2.731754847935268
04-12 21:21 INFO     Client: 63 Epoch: 1 Loss: 2.130180444036211
04-12 21:21 INFO     Client: 63 Epoch: 2 Loss: 1.945757372038705
04-12 21:21 INFO     Client: 63 Epoch: 3 Loss: 1.861115745135716
04-12 21:21 INFO     Client: 63 Epoch: 4 Loss: 1.8367533002580916
04-12 21:21 INFO      ** Client: 63 Training complete **
04-12 21:21 INFO     Training network 64 n_training: 500
04-12 21:21 INFO     Training network 64
04-12 21:21 INFO     Client: 64 Epoch: 0 Loss: 2.6401874337877547
04-12 21:21 INFO     Client: 64 Epoch: 1 Loss: 2.17882810320173
04-12 21:21 INFO     Client: 64 Epoch: 2 Loss: 1.9951927661895752
04-12 21:21 INFO     Client: 64 Epoch: 3 Loss: 1.856648530278887
04-12 21:21 INFO     Client: 64 Epoch: 4 Loss: 1.8381609405790056
04-12 21:21 INFO      ** Client: 64 Training complete **
04-12 21:21 INFO     Training network 65 n_training: 500
04-12 21:21 INFO     Training network 65
04-12 21:22 INFO     Client: 65 Epoch: 0 Loss: 2.613677365439279
04-12 21:22 INFO     Client: 65 Epoch: 1 Loss: 2.212350232260568
04-12 21:22 INFO     Client: 65 Epoch: 2 Loss: 1.998998999595642
04-12 21:22 INFO     Client: 65 Epoch: 3 Loss: 1.908680030277797
04-12 21:22 INFO     Client: 65 Epoch: 4 Loss: 1.7398953948702132
04-12 21:22 INFO      ** Client: 65 Training complete **
04-12 21:22 INFO     Training network 66 n_training: 500
04-12 21:22 INFO     Training network 66
04-12 21:22 INFO     Client: 66 Epoch: 0 Loss: 2.618559258324759
04-12 21:22 INFO     Client: 66 Epoch: 1 Loss: 2.1528598070144653
04-12 21:22 INFO     Client: 66 Epoch: 2 Loss: 1.9564545835767473
04-12 21:22 INFO     Client: 66 Epoch: 3 Loss: 1.8934020825794764
04-12 21:22 INFO     Client: 66 Epoch: 4 Loss: 1.840883425303868
04-12 21:22 INFO      ** Client: 66 Training complete **
04-12 21:22 INFO     Training network 67 n_training: 500
04-12 21:22 INFO     Training network 67
04-12 21:22 INFO     Client: 67 Epoch: 0 Loss: 2.692519324166434
04-12 21:22 INFO     Client: 67 Epoch: 1 Loss: 2.03770307132176
04-12 21:22 INFO     Client: 67 Epoch: 2 Loss: 1.8963049479893275
04-12 21:22 INFO     Client: 67 Epoch: 3 Loss: 1.7940367289951868
04-12 21:22 INFO     Client: 67 Epoch: 4 Loss: 1.73293936252594
04-12 21:22 INFO      ** Client: 67 Training complete **
04-12 21:22 INFO     Training network 68 n_training: 500
04-12 21:22 INFO     Training network 68
04-12 21:22 INFO     Client: 68 Epoch: 0 Loss: 2.720461913517543
04-12 21:22 INFO     Client: 68 Epoch: 1 Loss: 2.1987742696489607
04-12 21:22 INFO     Client: 68 Epoch: 2 Loss: 1.9331731625965662
04-12 21:22 INFO     Client: 68 Epoch: 3 Loss: 1.78950411932809
04-12 21:22 INFO     Client: 68 Epoch: 4 Loss: 1.790934954370771
04-12 21:22 INFO      ** Client: 68 Training complete **
04-12 21:22 INFO     Training network 69 n_training: 500
04-12 21:22 INFO     Training network 69
04-12 21:22 INFO     Client: 69 Epoch: 0 Loss: 2.76534366607666
04-12 21:22 INFO     Client: 69 Epoch: 1 Loss: 2.1306393998009816
04-12 21:22 INFO     Client: 69 Epoch: 2 Loss: 1.9639208146503992
04-12 21:22 INFO     Client: 69 Epoch: 3 Loss: 1.839876651763916
04-12 21:22 INFO     Client: 69 Epoch: 4 Loss: 1.7500486714499337
04-12 21:22 INFO      ** Client: 69 Training complete **
04-12 21:22 INFO     Training network 70 n_training: 500
04-12 21:22 INFO     Training network 70
04-12 21:22 INFO     Client: 70 Epoch: 0 Loss: 2.7452144622802734
04-12 21:22 INFO     Client: 70 Epoch: 1 Loss: 2.051303539957319
04-12 21:22 INFO     Client: 70 Epoch: 2 Loss: 1.957350492477417
04-12 21:22 INFO     Client: 70 Epoch: 3 Loss: 1.8553282022476196
04-12 21:22 INFO     Client: 70 Epoch: 4 Loss: 1.7187820332390922
04-12 21:22 INFO      ** Client: 70 Training complete **
04-12 21:22 INFO     Training network 71 n_training: 500
04-12 21:22 INFO     Training network 71
04-12 21:22 INFO     Client: 71 Epoch: 0 Loss: 2.6102079323359897
04-12 21:22 INFO     Client: 71 Epoch: 1 Loss: 2.074139254433768
04-12 21:22 INFO     Client: 71 Epoch: 2 Loss: 1.9271279573440552
04-12 21:22 INFO     Client: 71 Epoch: 3 Loss: 1.8651347500937325
04-12 21:22 INFO     Client: 71 Epoch: 4 Loss: 1.7694634369441442
04-12 21:22 INFO      ** Client: 71 Training complete **
04-12 21:22 INFO     Training network 72 n_training: 500
04-12 21:22 INFO     Training network 72
04-12 21:22 INFO     Client: 72 Epoch: 0 Loss: 2.728886365890503
04-12 21:22 INFO     Client: 72 Epoch: 1 Loss: 2.106253061975752
04-12 21:22 INFO     Client: 72 Epoch: 2 Loss: 1.908344370978219
04-12 21:22 INFO     Client: 72 Epoch: 3 Loss: 1.8967649255480086
04-12 21:22 INFO     Client: 72 Epoch: 4 Loss: 1.7558383090155465
04-12 21:22 INFO      ** Client: 72 Training complete **
04-12 21:22 INFO     Training network 73 n_training: 500
04-12 21:22 INFO     Training network 73
04-12 21:22 INFO     Client: 73 Epoch: 0 Loss: 2.6266490391322543
04-12 21:22 INFO     Client: 73 Epoch: 1 Loss: 2.168601785387312
04-12 21:22 INFO     Client: 73 Epoch: 2 Loss: 1.9668743099485124
04-12 21:22 INFO     Client: 73 Epoch: 3 Loss: 1.8325048174176897
04-12 21:22 INFO     Client: 73 Epoch: 4 Loss: 1.7893449238368444
04-12 21:22 INFO      ** Client: 73 Training complete **
04-12 21:22 INFO     Training network 74 n_training: 500
04-12 21:22 INFO     Training network 74
04-12 21:22 INFO     Client: 74 Epoch: 0 Loss: 2.6281087739127025
04-12 21:22 INFO     Client: 74 Epoch: 1 Loss: 2.0161518369402205
04-12 21:22 INFO     Client: 74 Epoch: 2 Loss: 1.856437427656991
04-12 21:22 INFO     Client: 74 Epoch: 3 Loss: 1.7268398318971907
04-12 21:22 INFO     Client: 74 Epoch: 4 Loss: 1.6937290259769984
04-12 21:22 INFO      ** Client: 74 Training complete **
04-12 21:22 INFO     Training network 75 n_training: 500
04-12 21:22 INFO     Training network 75
04-12 21:22 INFO     Client: 75 Epoch: 0 Loss: 2.9069086483546664
04-12 21:22 INFO     Client: 75 Epoch: 1 Loss: 2.1557155677250455
04-12 21:22 INFO     Client: 75 Epoch: 2 Loss: 1.928535086768014
04-12 21:22 INFO     Client: 75 Epoch: 3 Loss: 1.8343592030661446
04-12 21:22 INFO     Client: 75 Epoch: 4 Loss: 1.8086058923176356
04-12 21:22 INFO      ** Client: 75 Training complete **
04-12 21:22 INFO     Training network 76 n_training: 500
04-12 21:22 INFO     Training network 76
04-12 21:22 INFO     Client: 76 Epoch: 0 Loss: 2.5900184426988875
04-12 21:22 INFO     Client: 76 Epoch: 1 Loss: 2.1899444546018327
04-12 21:22 INFO     Client: 76 Epoch: 2 Loss: 1.9655534880501884
04-12 21:22 INFO     Client: 76 Epoch: 3 Loss: 1.8938886267798287
04-12 21:22 INFO     Client: 76 Epoch: 4 Loss: 1.7662477152688163
04-12 21:22 INFO      ** Client: 76 Training complete **
04-12 21:22 INFO     Training network 77 n_training: 500
04-12 21:22 INFO     Training network 77
04-12 21:22 INFO     Client: 77 Epoch: 0 Loss: 2.6462115219661166
04-12 21:22 INFO     Client: 77 Epoch: 1 Loss: 2.0132881913866316
04-12 21:22 INFO     Client: 77 Epoch: 2 Loss: 1.8091210637773787
04-12 21:22 INFO     Client: 77 Epoch: 3 Loss: 1.7927177463259016
04-12 21:22 INFO     Client: 77 Epoch: 4 Loss: 1.6324650049209595
04-12 21:22 INFO      ** Client: 77 Training complete **
04-12 21:22 INFO     Training network 78 n_training: 500
04-12 21:22 INFO     Training network 78
04-12 21:22 INFO     Client: 78 Epoch: 0 Loss: 2.7373712403433665
04-12 21:22 INFO     Client: 78 Epoch: 1 Loss: 2.1635556561606273
04-12 21:22 INFO     Client: 78 Epoch: 2 Loss: 1.9693443434579032
04-12 21:22 INFO     Client: 78 Epoch: 3 Loss: 1.9400325162070138
04-12 21:22 INFO     Client: 78 Epoch: 4 Loss: 1.8595298188073295
04-12 21:22 INFO      ** Client: 78 Training complete **
04-12 21:22 INFO     Training network 79 n_training: 500
04-12 21:22 INFO     Training network 79
04-12 21:22 INFO     Client: 79 Epoch: 0 Loss: 2.7932488918304443
04-12 21:22 INFO     Client: 79 Epoch: 1 Loss: 2.225308792931693
04-12 21:22 INFO     Client: 79 Epoch: 2 Loss: 1.9737134320395333
04-12 21:22 INFO     Client: 79 Epoch: 3 Loss: 1.8635423694338118
04-12 21:22 INFO     Client: 79 Epoch: 4 Loss: 1.821804063660758
04-12 21:22 INFO      ** Client: 79 Training complete **
04-12 21:22 INFO     Training network 80 n_training: 500
04-12 21:22 INFO     Training network 80
04-12 21:22 INFO     Client: 80 Epoch: 0 Loss: 2.6046410969325473
04-12 21:22 INFO     Client: 80 Epoch: 1 Loss: 2.1152423279626027
04-12 21:22 INFO     Client: 80 Epoch: 2 Loss: 1.9292852878570557
04-12 21:22 INFO     Client: 80 Epoch: 3 Loss: 1.7758466345923287
04-12 21:22 INFO     Client: 80 Epoch: 4 Loss: 1.6936986446380615
04-12 21:22 INFO      ** Client: 80 Training complete **
04-12 21:22 INFO     Training network 81 n_training: 500
04-12 21:22 INFO     Training network 81
04-12 21:22 INFO     Client: 81 Epoch: 0 Loss: 2.540459530694144
04-12 21:22 INFO     Client: 81 Epoch: 1 Loss: 2.0978245394570485
04-12 21:22 INFO     Client: 81 Epoch: 2 Loss: 1.882419398852757
04-12 21:22 INFO     Client: 81 Epoch: 3 Loss: 1.815265383039202
04-12 21:22 INFO     Client: 81 Epoch: 4 Loss: 1.811744110924857
04-12 21:22 INFO      ** Client: 81 Training complete **
04-12 21:22 INFO     Training network 82 n_training: 500
04-12 21:22 INFO     Training network 82
04-12 21:22 INFO     Client: 82 Epoch: 0 Loss: 2.6149769510541643
04-12 21:22 INFO     Client: 82 Epoch: 1 Loss: 2.103266647883824
04-12 21:22 INFO     Client: 82 Epoch: 2 Loss: 1.919411540031433
04-12 21:22 INFO     Client: 82 Epoch: 3 Loss: 1.7953517436981201
04-12 21:22 INFO     Client: 82 Epoch: 4 Loss: 1.762904167175293
04-12 21:22 INFO      ** Client: 82 Training complete **
04-12 21:22 INFO     Training network 83 n_training: 500
04-12 21:22 INFO     Training network 83
04-12 21:22 INFO     Client: 83 Epoch: 0 Loss: 2.6094400542122975
04-12 21:22 INFO     Client: 83 Epoch: 1 Loss: 2.108368022101266
04-12 21:22 INFO     Client: 83 Epoch: 2 Loss: 1.9269875969205583
04-12 21:22 INFO     Client: 83 Epoch: 3 Loss: 1.7980523450034005
04-12 21:22 INFO     Client: 83 Epoch: 4 Loss: 1.7223514659064156
04-12 21:22 INFO      ** Client: 83 Training complete **
04-12 21:22 INFO     Training network 84 n_training: 500
04-12 21:22 INFO     Training network 84
04-12 21:22 INFO     Client: 84 Epoch: 0 Loss: 2.6391970089503696
04-12 21:22 INFO     Client: 84 Epoch: 1 Loss: 2.0160224437713623
04-12 21:22 INFO     Client: 84 Epoch: 2 Loss: 1.917541776384626
04-12 21:22 INFO     Client: 84 Epoch: 3 Loss: 1.9212919133050101
04-12 21:22 INFO     Client: 84 Epoch: 4 Loss: 1.7934152909687586
04-12 21:22 INFO      ** Client: 84 Training complete **
04-12 21:22 INFO     Training network 85 n_training: 500
04-12 21:22 INFO     Training network 85
04-12 21:22 INFO     Client: 85 Epoch: 0 Loss: 2.5433880601610457
04-12 21:22 INFO     Client: 85 Epoch: 1 Loss: 2.159612706729344
04-12 21:22 INFO     Client: 85 Epoch: 2 Loss: 1.992768679346357
04-12 21:22 INFO     Client: 85 Epoch: 3 Loss: 1.8417709895542689
04-12 21:22 INFO     Client: 85 Epoch: 4 Loss: 1.7828131573540824
04-12 21:22 INFO      ** Client: 85 Training complete **
04-12 21:22 INFO     Training network 86 n_training: 500
04-12 21:22 INFO     Training network 86
04-12 21:22 INFO     Client: 86 Epoch: 0 Loss: 2.594604287828718
04-12 21:22 INFO     Client: 86 Epoch: 1 Loss: 2.1263698509761264
04-12 21:22 INFO     Client: 86 Epoch: 2 Loss: 1.9644590275628226
04-12 21:22 INFO     Client: 86 Epoch: 3 Loss: 1.8474465267998832
04-12 21:22 INFO     Client: 86 Epoch: 4 Loss: 1.7926658391952515
04-12 21:22 INFO      ** Client: 86 Training complete **
04-12 21:22 INFO     Training network 87 n_training: 500
04-12 21:22 INFO     Training network 87
04-12 21:22 INFO     Client: 87 Epoch: 0 Loss: 2.5852573258536204
04-12 21:22 INFO     Client: 87 Epoch: 1 Loss: 2.2195664133344377
04-12 21:22 INFO     Client: 87 Epoch: 2 Loss: 1.9864041464669364
04-12 21:22 INFO     Client: 87 Epoch: 3 Loss: 1.7941407305853707
04-12 21:22 INFO     Client: 87 Epoch: 4 Loss: 1.7378565073013306
04-12 21:22 INFO      ** Client: 87 Training complete **
04-12 21:22 INFO     Training network 88 n_training: 500
04-12 21:22 INFO     Training network 88
04-12 21:22 INFO     Client: 88 Epoch: 0 Loss: 2.579657350267683
04-12 21:22 INFO     Client: 88 Epoch: 1 Loss: 2.1703077043805803
04-12 21:22 INFO     Client: 88 Epoch: 2 Loss: 1.9361764362880163
04-12 21:22 INFO     Client: 88 Epoch: 3 Loss: 1.8424057790211268
04-12 21:22 INFO     Client: 88 Epoch: 4 Loss: 1.8295335939952306
04-12 21:22 INFO      ** Client: 88 Training complete **
04-12 21:22 INFO     Training network 89 n_training: 500
04-12 21:22 INFO     Training network 89
04-12 21:22 INFO     Client: 89 Epoch: 0 Loss: 2.5278286593300954
04-12 21:22 INFO     Client: 89 Epoch: 1 Loss: 2.221853034836905
04-12 21:22 INFO     Client: 89 Epoch: 2 Loss: 1.9993648358753748
04-12 21:22 INFO     Client: 89 Epoch: 3 Loss: 1.924413698060172
04-12 21:22 INFO     Client: 89 Epoch: 4 Loss: 1.7978441885539465
04-12 21:22 INFO      ** Client: 89 Training complete **
04-12 21:22 INFO     Training network 90 n_training: 500
04-12 21:22 INFO     Training network 90
04-12 21:22 INFO     Client: 90 Epoch: 0 Loss: 2.680669375828334
04-12 21:22 INFO     Client: 90 Epoch: 1 Loss: 2.158803735460554
04-12 21:22 INFO     Client: 90 Epoch: 2 Loss: 1.9711897373199463
04-12 21:22 INFO     Client: 90 Epoch: 3 Loss: 1.8669321537017822
04-12 21:22 INFO     Client: 90 Epoch: 4 Loss: 1.7294635091509138
04-12 21:22 INFO      ** Client: 90 Training complete **
04-12 21:22 INFO     Training network 91 n_training: 500
04-12 21:22 INFO     Training network 91
04-12 21:22 INFO     Client: 91 Epoch: 0 Loss: 2.6551680905478343
04-12 21:22 INFO     Client: 91 Epoch: 1 Loss: 2.108389377593994
04-12 21:22 INFO     Client: 91 Epoch: 2 Loss: 1.9069760356630598
04-12 21:22 INFO     Client: 91 Epoch: 3 Loss: 1.845216921397618
04-12 21:22 INFO     Client: 91 Epoch: 4 Loss: 1.778892891747611
04-12 21:22 INFO      ** Client: 91 Training complete **
04-12 21:22 INFO     Training network 92 n_training: 500
04-12 21:22 INFO     Training network 92
04-12 21:22 INFO     Client: 92 Epoch: 0 Loss: 2.6899472304752896
04-12 21:22 INFO     Client: 92 Epoch: 1 Loss: 2.200575487954276
04-12 21:22 INFO     Client: 92 Epoch: 2 Loss: 1.9763485022953577
04-12 21:22 INFO     Client: 92 Epoch: 3 Loss: 1.874712586402893
04-12 21:22 INFO     Client: 92 Epoch: 4 Loss: 1.8070332663399833
04-12 21:22 INFO      ** Client: 92 Training complete **
04-12 21:22 INFO     Training network 93 n_training: 500
04-12 21:22 INFO     Training network 93
04-12 21:22 INFO     Client: 93 Epoch: 0 Loss: 2.730984483446394
04-12 21:22 INFO     Client: 93 Epoch: 1 Loss: 2.1662216186523438
04-12 21:22 INFO     Client: 93 Epoch: 2 Loss: 2.009527257510594
04-12 21:22 INFO     Client: 93 Epoch: 3 Loss: 1.8390154838562012
04-12 21:22 INFO     Client: 93 Epoch: 4 Loss: 1.8054867131369454
04-12 21:22 INFO      ** Client: 93 Training complete **
04-12 21:22 INFO     Training network 94 n_training: 500
04-12 21:22 INFO     Training network 94
