04-11 15:41 INFO     cuda
04-11 15:41 INFO     Command Line Arguments: 
{
    "epochs": 5,
    "comm_round": 70,
    "sample_fraction": 1.0,
    "alpha": 0.01,
    "dataset": "cifar10",
    "datadir": "../data/",
    "partition": "iid",
    "alg": "sflv1",
    "model": "resnet-18",
    "split_layer": 3,
    "n_parties": 5,
    "lr": 0.001,
    "mu": 1,
    "std_coeff": 2.5,
    "unif_coeff": 0.5,
    "batch_size": 128,
    "load_first_net": 1,
    "pool_option": "FIFO",
    "model_buffer_size": 1,
    "optimizer": "adam",
    "simp_width": 1,
    "out_dim": 256,
    "reg": 0.0005,
    "temperature": 0.5,
    "logdir": "./",
    "log_file_name": "logs/experiment_log-alg=sflv1_partition=iid_lr=0.001_epochs=5_num_users=5_beta=0.01_batch_size=128_opt=adam_dataset=cifar10_2024-04-11-1541-57",
    "seed": 123,
    "device": "cuda:7",
    "accuracies_file": "logs/resnet_18_100_users.csv",
    "dont_skip": false,
    "multiprocessing": 0
}
04-11 15:41 INFO     Data statistics: {0: {0: 1036, 1: 971, 2: 979, 3: 1017, 4: 1046, 5: 993, 6: 970, 7: 950, 8: 1022, 9: 1016}, 1: {0: 944, 1: 1049, 2: 1037, 3: 989, 4: 975, 5: 960, 6: 1017, 7: 1014, 8: 1025, 9: 990}, 2: {0: 983, 1: 986, 2: 985, 3: 984, 4: 990, 5: 1040, 6: 994, 7: 1041, 8: 990, 9: 1007}, 3: {0: 1029, 1: 1012, 2: 963, 3: 1001, 4: 1000, 5: 1001, 6: 988, 7: 999, 8: 987, 9: 1020}, 4: {0: 1008, 1: 982, 2: 1036, 3: 1009, 4: 989, 5: 1006, 6: 1031, 7: 996, 8: 976, 9: 967}}
04-11 15:42 INFO     in comm round:0
04-11 15:42 INFO     Training network 0 n_training: 10000
04-11 15:42 INFO     Training network 0
04-11 15:42 INFO     Client: 0 Epoch: 0 Loss: 1.8759074898866506
04-11 15:42 INFO     Client: 0 Epoch: 1 Loss: 1.6015410728943653
04-11 15:42 INFO     Client: 0 Epoch: 2 Loss: 1.4922952927075899
04-11 15:42 INFO     Client: 0 Epoch: 3 Loss: 1.3550301774954185
04-11 15:42 INFO     Client: 0 Epoch: 4 Loss: 1.2239052103115962
04-11 15:42 INFO      ** Client: 0 Training complete **
04-11 15:42 INFO     Training network 1 n_training: 10000
04-11 15:42 INFO     Training network 1
04-11 15:42 INFO     Client: 1 Epoch: 0 Loss: 1.9041215762113914
04-11 15:42 INFO     Client: 1 Epoch: 1 Loss: 1.6140305888958466
04-11 15:42 INFO     Client: 1 Epoch: 2 Loss: 1.4820515803801708
04-11 15:43 INFO     Client: 1 Epoch: 3 Loss: 1.3297202235613115
04-11 15:43 INFO     Client: 1 Epoch: 4 Loss: 1.2125744804357872
04-11 15:43 INFO      ** Client: 1 Training complete **
04-11 15:43 INFO     Training network 2 n_training: 10000
04-11 15:43 INFO     Training network 2
04-11 15:43 INFO     Client: 2 Epoch: 0 Loss: 1.871536788267967
04-11 15:43 INFO     Client: 2 Epoch: 1 Loss: 1.5823585177079225
04-11 15:43 INFO     Client: 2 Epoch: 2 Loss: 1.430293851938003
04-11 15:43 INFO     Client: 2 Epoch: 3 Loss: 1.3086453630374029
04-11 15:43 INFO     Client: 2 Epoch: 4 Loss: 1.2125893296339574
04-11 15:43 INFO      ** Client: 2 Training complete **
04-11 15:43 INFO     Training network 3 n_training: 10000
04-11 15:43 INFO     Training network 3
04-11 15:43 INFO     Client: 3 Epoch: 0 Loss: 1.8904410967460046
04-11 15:44 INFO     Client: 3 Epoch: 1 Loss: 1.5786893276067882
04-11 15:44 INFO     Client: 3 Epoch: 2 Loss: 1.4219469932409434
04-11 15:44 INFO     Client: 3 Epoch: 3 Loss: 1.3113222748805315
04-11 15:44 INFO     Client: 3 Epoch: 4 Loss: 1.1995193530351689
04-11 15:44 INFO      ** Client: 3 Training complete **
04-11 15:44 INFO     Training network 4 n_training: 10000
04-11 15:44 INFO     Training network 4
04-11 15:44 INFO     Client: 4 Epoch: 0 Loss: 1.8727595148942409
