04-18 13:52 INFO     cuda
04-18 13:52 INFO     Command Line Arguments: 
{
    "epochs": 5,
    "comm_round": 300,
    "sample_fraction": 1.0,
    "alpha": 0.01,
    "dataset": "ham10000",
    "datadir": "../data/",
    "partition": "iid",
    "alg": "sflv1",
    "model": "resnet-18",
    "split_layer": 1,
    "n_parties": 100,
    "lr": 0.001,
    "mu": 1,
    "std_coeff": 2.5,
    "unif_coeff": 0.5,
    "batch_size": 64,
    "load_first_net": 1,
    "pool_option": "FIFO",
    "model_buffer_size": 1,
    "optimizer": "adam",
    "simp_width": 1,
    "out_dim": 256,
    "reg": 0.0005,
    "temperature": 0.5,
    "logdir": "./",
    "log_file_name": "logs/experiment_log-alg=sflv1_partition=iid_lr=0.001_epochs=5_num_users=100_beta=0.01_batch_size=64_opt=adam_dataset=ham10000_2024-04-18-1352-54",
    "seed": 1,
    "device": "cuda:0",
    "accuracies_file": "logs/resnet18_ham.csv",
    "dont_skip": false,
    "n_train_workers": 1,
    "n_test_workers": 1,
    "multiprocessing": 0
}
04-18 13:55 INFO     Data statistics: {0: {0: 2, 1: 4, 2: 11, 4: 55, 5: 9}, 1: {0: 4, 1: 5, 2: 6, 3: 1, 4: 53, 5: 12}, 2: {0: 2, 1: 2, 2: 10, 3: 2, 4: 56, 5: 8, 6: 1}, 3: {0: 4, 1: 3, 2: 13, 3: 1, 4: 54, 5: 5, 6: 1}, 4: {0: 3, 1: 6, 2: 7, 3: 1, 4: 50, 5: 13, 6: 1}, 5: {0: 2, 1: 4, 2: 8, 3: 1, 4: 60, 5: 6}, 6: {0: 2, 1: 8, 2: 5, 3: 1, 4: 59, 5: 6}, 7: {0: 2, 1: 4, 2: 10, 4: 60, 5: 5}, 8: {0: 2, 1: 5, 2: 6, 4: 60, 5: 8}, 9: {0: 4, 1: 6, 2: 7, 3: 2, 4: 46, 5: 15, 6: 1}, 10: {0: 7, 1: 3, 2: 7, 4: 53, 5: 11}, 11: {0: 1, 1: 3, 2: 11, 4: 54, 5: 9, 6: 3}, 12: {1: 1, 2: 10, 4: 61, 5: 7, 6: 1}, 13: {0: 2, 1: 3, 2: 11, 3: 1, 4: 50, 5: 11, 6: 2}, 14: {1: 5, 2: 9, 3: 1, 4: 54, 5: 8, 6: 3}, 15: {0: 4, 1: 3, 2: 10, 3: 2, 4: 47, 5: 12, 6: 2}, 16: {0: 1, 1: 5, 2: 8, 3: 2, 4: 56, 5: 7, 6: 1}, 17: {0: 1, 1: 3, 2: 10, 4: 52, 5: 12, 6: 2}, 18: {0: 1, 1: 4, 2: 11, 3: 1, 4: 55, 5: 7, 6: 1}, 19: {0: 2, 1: 1, 2: 9, 3: 2, 4: 57, 5: 6, 6: 3}, 20: {0: 2, 1: 6, 2: 12, 3: 2, 4: 44, 5: 12, 6: 2}, 21: {0: 3, 1: 4, 2: 11, 4: 52, 5: 7, 6: 3}, 22: {0: 2, 1: 5, 2: 9, 3: 3, 4: 54, 5: 6, 6: 1}, 23: {0: 2, 1: 8, 2: 4, 3: 2, 4: 60, 5: 4}, 24: {0: 2, 1: 2, 2: 7, 3: 2, 4: 53, 5: 14}, 25: {0: 3, 1: 4, 2: 10, 4: 56, 5: 7}, 26: {0: 3, 1: 6, 2: 6, 4: 57, 5: 8}, 27: {0: 3, 1: 3, 2: 9, 4: 60, 5: 3, 6: 2}, 28: {0: 5, 1: 2, 2: 7, 4: 55, 5: 9, 6: 2}, 29: {0: 2, 1: 3, 2: 8, 4: 58, 5: 9}, 30: {0: 4, 1: 3, 2: 5, 3: 3, 4: 47, 5: 17, 6: 1}, 31: {1: 6, 2: 9, 3: 1, 4: 52, 5: 11, 6: 1}, 32: {0: 2, 1: 1, 2: 10, 4: 60, 5: 6, 6: 1}, 33: {0: 3, 1: 5, 2: 14, 4: 44, 5: 12, 6: 2}, 34: {0: 1, 1: 3, 2: 15, 4: 51, 5: 9, 6: 1}, 35: {0: 3, 1: 1, 2: 7, 3: 1, 4: 56, 5: 9, 6: 3}, 36: {0: 2, 1: 3, 2: 6, 4: 58, 5: 11}, 37: {0: 1, 1: 2, 2: 6, 3: 2, 4: 56, 5: 13}, 38: {0: 5, 1: 3, 2: 7, 4: 56, 5: 9}, 39: {0: 3, 1: 4, 2: 6, 3: 2, 4: 54, 5: 10, 6: 1}, 40: {0: 4, 1: 3, 2: 15, 3: 1, 4: 54, 5: 2, 6: 1}, 41: {0: 2, 1: 4, 2: 11, 3: 2, 4: 49, 5: 10, 6: 2}, 42: {0: 3, 1: 4, 2: 8, 4: 60, 5: 4, 6: 1}, 43: {0: 1, 1: 4, 2: 8, 3: 1, 4: 58, 5: 6, 6: 2}, 44: {0: 2, 1: 3, 2: 13, 4: 52, 5: 8, 6: 2}, 45: {0: 2, 1: 6, 2: 8, 4: 50, 5: 12, 6: 2}, 46: {0: 3, 1: 5, 2: 8, 3: 1, 4: 53, 5: 9, 6: 1}, 47: {0: 1, 1: 3, 2: 10, 4: 60, 5: 6}, 48: {0: 2, 1: 2, 2: 4, 3: 1, 4: 57, 5: 13, 6: 1}, 49: {0: 3, 1: 4, 2: 10, 3: 2, 4: 53, 5: 8}, 50: {0: 5, 1: 3, 2: 7, 4: 54, 5: 9, 6: 2}, 51: {0: 3, 1: 6, 2: 8, 3: 1, 4: 54, 5: 6, 6: 2}, 52: {0: 1, 1: 5, 2: 12, 4: 51, 5: 10, 6: 1}, 53: {0: 3, 1: 2, 2: 6, 3: 1, 4: 53, 5: 12, 6: 3}, 54: {0: 3, 1: 3, 2: 8, 3: 1, 4: 49, 5: 13, 6: 3}, 55: {0: 2, 1: 5, 2: 10, 3: 1, 4: 55, 5: 7}, 56: {0: 3, 1: 3, 2: 8, 4: 59, 5: 7}, 57: {0: 2, 1: 6, 2: 4, 3: 2, 4: 59, 5: 6, 6: 1}, 58: {0: 1, 1: 4, 2: 11, 3: 2, 4: 52, 5: 9, 6: 1}, 59: {0: 1, 1: 6, 2: 7, 4: 51, 5: 14, 6: 1}, 60: {0: 4, 1: 4, 2: 8, 3: 1, 4: 54, 5: 7, 6: 2}, 61: {0: 1, 1: 7, 2: 8, 4: 52, 5: 12}, 62: {0: 1, 1: 5, 2: 11, 4: 54, 5: 8, 6: 1}, 63: {0: 1, 1: 7, 2: 12, 3: 1, 4: 47, 5: 9, 6: 3}, 64: {0: 2, 1: 5, 2: 9, 3: 2, 4: 50, 5: 12}, 65: {0: 2, 1: 7, 2: 9, 3: 2, 4: 53, 5: 6, 6: 1}, 66: {0: 2, 1: 3, 2: 9, 4: 57, 5: 8, 6: 1}, 67: {0: 2, 1: 6, 2: 10, 3: 2, 4: 53, 5: 4, 6: 3}, 68: {0: 4, 1: 6, 2: 9, 4: 55, 5: 6}, 69: {1: 2, 2: 11, 3: 1, 4: 56, 5: 10}, 70: {0: 4, 1: 5, 2: 8, 4: 51, 5: 12}, 71: {0: 2, 1: 6, 2: 5, 4: 51, 5: 13, 6: 3}, 72: {0: 4, 1: 3, 2: 5, 3: 1, 4: 54, 5: 11, 6: 2}, 73: {0: 5, 1: 5, 2: 10, 3: 1, 4: 55, 5: 3, 6: 1}, 74: {0: 6, 1: 3, 2: 8, 3: 1, 4: 50, 5: 11, 6: 1}, 75: {0: 4, 1: 4, 2: 6, 4: 53, 5: 8, 6: 5}, 76: {0: 1, 1: 1, 2: 15, 3: 1, 4: 49, 5: 13}, 77: {0: 1, 1: 5, 2: 9, 4: 49, 5: 14, 6: 2}, 78: {0: 1, 1: 4, 2: 10, 4: 55, 5: 9, 6: 1}, 79: {0: 3, 1: 3, 2: 7, 3: 2, 4: 57, 5: 6, 6: 2}, 80: {0: 7, 1: 7, 2: 5, 3: 1, 4: 52, 5: 5, 6: 3}, 81: {0: 5, 1: 8, 2: 13, 3: 2, 4: 43, 5: 8, 6: 1}, 82: {0: 4, 1: 11, 2: 6, 4: 49, 5: 10}, 83: {0: 4, 1: 4, 2: 9, 3: 2, 4: 51, 5: 7, 6: 3}, 84: {0: 3, 1: 4, 2: 9, 3: 1, 4: 55, 5: 6, 6: 2}, 85: {0: 2, 1: 6, 2: 11, 3: 2, 4: 45, 5: 13, 6: 1}, 86: {0: 2, 1: 1, 2: 9, 3: 1, 4: 57, 5: 10}, 87: {0: 3, 1: 7, 2: 6, 4: 54, 5: 9, 6: 1}, 88: {0: 3, 1: 9, 2: 6, 4: 54, 5: 8}, 89: {0: 3, 1: 5, 2: 6, 4: 59, 5: 6, 6: 1}, 90: {0: 1, 1: 4, 2: 14, 3: 1, 4: 51, 5: 9}, 91: {0: 3, 1: 5, 2: 6, 3: 1, 4: 57, 5: 7, 6: 1}, 92: {0: 3, 1: 4, 2: 9, 4: 49, 5: 14, 6: 1}, 93: {0: 1, 1: 3, 2: 7, 3: 2, 4: 57, 5: 9, 6: 1}, 94: {0: 4, 1: 3, 2: 10, 4: 47, 5: 13, 6: 3}, 95: {0: 3, 2: 12, 3: 3, 4: 54, 5: 6, 6: 2}, 96: {0: 2, 1: 5, 2: 9, 4: 57, 5: 6, 6: 1}, 97: {0: 3, 1: 4, 2: 10, 3: 2, 4: 52, 5: 8, 6: 1}, 98: {0: 4, 1: 4, 2: 8, 3: 2, 4: 54, 5: 8}, 99: {0: 4, 1: 3, 2: 4, 4: 57, 5: 9, 6: 3}}
04-18 13:55 INFO     in comm round:0
04-18 13:55 INFO     Training network 0 n_training: 81
04-18 13:55 INFO     Training network 0
04-18 13:55 INFO     1
