05-16 16:27 INFO     cuda
05-16 16:27 INFO     Command Line Arguments: 
{
    "epochs": 5,
    "comm_round": 100,
    "sample_fraction": 1.0,
    "alpha": 0.01,
    "dataset": "cifar10",
    "datadir": "../data/",
    "partition": "iid",
    "alg": "centralized",
    "model": "resnet-18",
    "split_layer": 1,
    "n_parties": 1,
    "lr": 0.01,
    "mu": 1,
    "std_coeff": 2.5,
    "unif_coeff": 0.5,
    "batch_size": 128,
    "load_first_net": 1,
    "pool_option": "FIFO",
    "model_buffer_size": 1,
    "optimizer": "adam",
    "simp_width": 1,
    "out_dim": 256,
    "reg": 0.0005,
    "temperature": 0.5,
    "logdir": "./",
    "log_file_name": "logs/experiment_log-alg=centralized_partition=iid_lr=0.01_epochs=5_num_users=1_beta=0.01_batch_size=128_opt=adam_dataset=cifar10_2024-05-16-1627-39",
    "seed": 12,
    "device": "cuda:5",
    "accuracies_file": "logs/centralized.csv",
    "dont_skip": false,
    "n_train_workers": 1,
    "n_test_workers": 1,
    "arch": "mobilenet_v3_large",
    "multiprocessing": 0
}
05-16 16:27 INFO     Data statistics: {0: {0: 5000, 1: 5000, 2: 5000, 3: 5000, 4: 5000, 5: 5000, 6: 5000, 7: 5000, 8: 5000, 9: 5000}}
05-16 16:28 INFO     in comm round:1 >> Global Model Test accuracy: 0.3308
05-16 16:28 INFO     in comm round:2 >> Global Model Test accuracy: 0.3886
05-16 16:28 INFO     in comm round:3 >> Global Model Test accuracy: 0.5334
05-16 16:29 INFO     in comm round:4 >> Global Model Test accuracy: 0.5219
05-16 16:29 INFO     in comm round:5 >> Global Model Test accuracy: 0.5667
05-16 16:29 INFO     in comm round:6 >> Global Model Test accuracy: 0.5705
05-16 16:30 INFO     in comm round:7 >> Global Model Test accuracy: 0.4518
05-16 16:30 INFO     in comm round:8 >> Global Model Test accuracy: 0.5773
05-16 16:30 INFO     in comm round:9 >> Global Model Test accuracy: 0.5146
05-16 16:30 INFO     in comm round:10 >> Global Model Test accuracy: 0.5558
05-16 16:31 INFO     in comm round:11 >> Global Model Test accuracy: 0.5036
05-16 16:31 INFO     in comm round:12 >> Global Model Test accuracy: 0.5591
05-16 16:31 INFO     in comm round:13 >> Global Model Test accuracy: 0.5208
05-16 16:32 INFO     in comm round:14 >> Global Model Test accuracy: 0.5943
05-16 16:32 INFO     in comm round:15 >> Global Model Test accuracy: 0.5606
05-16 16:32 INFO     in comm round:16 >> Global Model Test accuracy: 0.4688
05-16 16:33 INFO     in comm round:17 >> Global Model Test accuracy: 0.5594
05-16 16:33 INFO     in comm round:18 >> Global Model Test accuracy: 0.5871
05-16 16:33 INFO     in comm round:19 >> Global Model Test accuracy: 0.5296
05-16 16:34 INFO     in comm round:20 >> Global Model Test accuracy: 0.4937
05-16 16:34 INFO     in comm round:21 >> Global Model Test accuracy: 0.5733
05-16 16:34 INFO     in comm round:22 >> Global Model Test accuracy: 0.6100
05-16 16:35 INFO     in comm round:23 >> Global Model Test accuracy: 0.6460
05-16 16:35 INFO     in comm round:24 >> Global Model Test accuracy: 0.5535
05-16 16:35 INFO     in comm round:25 >> Global Model Test accuracy: 0.4947
05-16 16:36 INFO     in comm round:26 >> Global Model Test accuracy: 0.6335
05-16 16:36 INFO     in comm round:27 >> Global Model Test accuracy: 0.6626
05-16 16:36 INFO     in comm round:28 >> Global Model Test accuracy: 0.6494
05-16 16:37 INFO     in comm round:29 >> Global Model Test accuracy: 0.5931
05-16 16:37 INFO     in comm round:30 >> Global Model Test accuracy: 0.3174
05-16 16:37 INFO     in comm round:31 >> Global Model Test accuracy: 0.5795
05-16 16:38 INFO     in comm round:32 >> Global Model Test accuracy: 0.6049
05-16 16:38 INFO     in comm round:33 >> Global Model Test accuracy: 0.5993
05-16 16:38 INFO     in comm round:34 >> Global Model Test accuracy: 0.5905
05-16 16:39 INFO     in comm round:35 >> Global Model Test accuracy: 0.6335
05-16 16:39 INFO     in comm round:36 >> Global Model Test accuracy: 0.6497
05-16 16:39 INFO     in comm round:37 >> Global Model Test accuracy: 0.6297
05-16 16:40 INFO     in comm round:38 >> Global Model Test accuracy: 0.5074
05-16 16:40 INFO     in comm round:39 >> Global Model Test accuracy: 0.6687
05-16 16:40 INFO     in comm round:40 >> Global Model Test accuracy: 0.4217
05-16 16:41 INFO     in comm round:41 >> Global Model Test accuracy: 0.5790
05-16 16:41 INFO     in comm round:42 >> Global Model Test accuracy: 0.5159
05-16 16:41 INFO     in comm round:43 >> Global Model Test accuracy: 0.5415
05-16 16:42 INFO     in comm round:44 >> Global Model Test accuracy: 0.5169
05-16 16:42 INFO     in comm round:45 >> Global Model Test accuracy: 0.6916
05-16 16:42 INFO     in comm round:46 >> Global Model Test accuracy: 0.5712
05-16 16:43 INFO     in comm round:47 >> Global Model Test accuracy: 0.5773
05-16 16:43 INFO     in comm round:48 >> Global Model Test accuracy: 0.4888
05-16 16:43 INFO     in comm round:49 >> Global Model Test accuracy: 0.5837
05-16 16:44 INFO     in comm round:50 >> Global Model Test accuracy: 0.6830
05-16 16:44 INFO     in comm round:51 >> Global Model Test accuracy: 0.5357
05-16 16:44 INFO     in comm round:52 >> Global Model Test accuracy: 0.5929
05-16 16:45 INFO     in comm round:53 >> Global Model Test accuracy: 0.5440
05-16 16:45 INFO     in comm round:54 >> Global Model Test accuracy: 0.6347
05-16 16:45 INFO     in comm round:55 >> Global Model Test accuracy: 0.6360
05-16 16:46 INFO     in comm round:56 >> Global Model Test accuracy: 0.6393
05-16 16:46 INFO     in comm round:57 >> Global Model Test accuracy: 0.5113
05-16 16:46 INFO     in comm round:58 >> Global Model Test accuracy: 0.6266
05-16 16:47 INFO     in comm round:59 >> Global Model Test accuracy: 0.5672
05-16 16:47 INFO     in comm round:60 >> Global Model Test accuracy: 0.6202
05-16 16:47 INFO     in comm round:61 >> Global Model Test accuracy: 0.6416
05-16 16:48 INFO     in comm round:62 >> Global Model Test accuracy: 0.5336
05-16 16:48 INFO     in comm round:63 >> Global Model Test accuracy: 0.5984
05-16 16:48 INFO     in comm round:64 >> Global Model Test accuracy: 0.5374
05-16 16:49 INFO     in comm round:65 >> Global Model Test accuracy: 0.5670
05-16 16:49 INFO     in comm round:66 >> Global Model Test accuracy: 0.6506
05-16 16:49 INFO     in comm round:67 >> Global Model Test accuracy: 0.5009
05-16 16:50 INFO     in comm round:68 >> Global Model Test accuracy: 0.5265
05-16 16:50 INFO     in comm round:69 >> Global Model Test accuracy: 0.4283
05-16 16:50 INFO     in comm round:70 >> Global Model Test accuracy: 0.4940
05-16 16:51 INFO     in comm round:71 >> Global Model Test accuracy: 0.5800
05-16 16:51 INFO     in comm round:72 >> Global Model Test accuracy: 0.6227
05-16 16:51 INFO     in comm round:73 >> Global Model Test accuracy: 0.4555
05-16 16:52 INFO     in comm round:74 >> Global Model Test accuracy: 0.6017
05-16 16:52 INFO     in comm round:75 >> Global Model Test accuracy: 0.4770
05-16 16:52 INFO     in comm round:76 >> Global Model Test accuracy: 0.5512
05-16 16:53 INFO     in comm round:77 >> Global Model Test accuracy: 0.6838
05-16 16:53 INFO     in comm round:78 >> Global Model Test accuracy: 0.5896
05-16 16:53 INFO     in comm round:79 >> Global Model Test accuracy: 0.5505
05-16 16:54 INFO     in comm round:80 >> Global Model Test accuracy: 0.6254
05-16 16:54 INFO     in comm round:81 >> Global Model Test accuracy: 0.5889
05-16 16:54 INFO     in comm round:82 >> Global Model Test accuracy: 0.6859
05-16 16:55 INFO     in comm round:83 >> Global Model Test accuracy: 0.4951
05-16 16:55 INFO     in comm round:84 >> Global Model Test accuracy: 0.6353
05-16 16:55 INFO     in comm round:85 >> Global Model Test accuracy: 0.4921
05-16 16:55 INFO     in comm round:86 >> Global Model Test accuracy: 0.5158
05-16 16:56 INFO     in comm round:87 >> Global Model Test accuracy: 0.5907
05-16 16:56 INFO     in comm round:88 >> Global Model Test accuracy: 0.5035
05-16 16:56 INFO     in comm round:89 >> Global Model Test accuracy: 0.6086
05-16 16:57 INFO     in comm round:90 >> Global Model Test accuracy: 0.6351
05-16 16:57 INFO     in comm round:91 >> Global Model Test accuracy: 0.4822
05-16 16:57 INFO     in comm round:92 >> Global Model Test accuracy: 0.3417
05-16 16:58 INFO     in comm round:93 >> Global Model Test accuracy: 0.5121
05-16 16:58 INFO     in comm round:94 >> Global Model Test accuracy: 0.6451
05-16 16:58 INFO     in comm round:95 >> Global Model Test accuracy: 0.4211
05-16 16:59 INFO     in comm round:96 >> Global Model Test accuracy: 0.4173
05-16 16:59 INFO     in comm round:97 >> Global Model Test accuracy: 0.6137
05-16 16:59 INFO     in comm round:98 >> Global Model Test accuracy: 0.5674
05-16 17:00 INFO     in comm round:99 >> Global Model Test accuracy: 0.5928
05-16 17:00 INFO     in comm round:100 >> Global Model Test accuracy: 0.5513
05-16 17:00 INFO     Starting Fine Tuning...
