04-12 15:35 INFO     cuda
04-12 15:35 INFO     Command Line Arguments: 
{
    "epochs": 5,
    "comm_round": 70,
    "sample_fraction": 1.0,
    "alpha": 0.01,
    "dataset": "cifar10",
    "datadir": "../data/",
    "partition": "iid",
    "alg": "sflv1",
    "model": "resnet-18",
    "split_layer": 1,
    "n_parties": 100,
    "lr": 0.001,
    "mu": 1,
    "std_coeff": 2.5,
    "unif_coeff": 0.5,
    "batch_size": 64,
    "load_first_net": 1,
    "pool_option": "FIFO",
    "model_buffer_size": 1,
    "optimizer": "adam",
    "simp_width": 1,
    "out_dim": 256,
    "reg": 0.0005,
    "temperature": 0.5,
    "logdir": "./",
    "log_file_name": "logs/experiment_log-alg=sflv1_partition=iid_lr=0.001_epochs=5_num_users=100_beta=0.01_batch_size=64_opt=adam_dataset=cifar10_2024-04-12-1535-59",
    "seed": 1,
    "device": "cuda:2",
    "accuracies_file": "logs/resnet_18_100_users.csv",
    "dont_skip": false,
    "n_train_workers": 1,
    "n_test_workers": 1,
    "multiprocessing": 0
}
04-12 15:36 INFO     Data statistics: {0: {0: 36, 1: 54, 2: 52, 3: 55, 4: 46, 5: 45, 6: 60, 7: 58, 8: 37, 9: 57}, 1: {0: 45, 1: 34, 2: 53, 3: 59, 4: 45, 5: 46, 6: 50, 7: 48, 8: 72, 9: 48}, 2: {0: 57, 1: 48, 2: 49, 3: 45, 4: 56, 5: 50, 6: 44, 7: 49, 8: 40, 9: 62}, 3: {0: 48, 1: 47, 2: 58, 3: 40, 4: 66, 5: 54, 6: 46, 7: 44, 8: 58, 9: 39}, 4: {0: 61, 1: 43, 2: 53, 3: 47, 4: 51, 5: 58, 6: 43, 7: 57, 8: 42, 9: 45}, 5: {0: 53, 1: 64, 2: 48, 3: 35, 4: 53, 5: 46, 6: 52, 7: 46, 8: 53, 9: 50}, 6: {0: 44, 1: 69, 2: 40, 3: 48, 4: 51, 5: 56, 6: 48, 7: 48, 8: 42, 9: 54}, 7: {0: 55, 1: 53, 2: 60, 3: 44, 4: 49, 5: 42, 6: 50, 7: 54, 8: 45, 9: 48}, 8: {0: 52, 1: 44, 2: 48, 3: 58, 4: 59, 5: 43, 6: 51, 7: 41, 8: 48, 9: 56}, 9: {0: 59, 1: 36, 2: 54, 3: 43, 4: 54, 5: 58, 6: 57, 7: 44, 8: 44, 9: 51}, 10: {0: 48, 1: 44, 2: 53, 3: 55, 4: 36, 5: 54, 6: 44, 7: 48, 8: 50, 9: 68}, 11: {0: 50, 1: 46, 2: 55, 3: 52, 4: 58, 5: 42, 6: 50, 7: 46, 8: 49, 9: 52}, 12: {0: 52, 1: 47, 2: 47, 3: 58, 4: 41, 5: 56, 6: 47, 7: 40, 8: 61, 9: 51}, 13: {0: 47, 1: 52, 2: 47, 3: 51, 4: 57, 5: 45, 6: 48, 7: 58, 8: 43, 9: 52}, 14: {0: 54, 1: 47, 2: 47, 3: 41, 4: 49, 5: 57, 6: 55, 7: 53, 8: 55, 9: 42}, 15: {0: 42, 1: 59, 2: 56, 3: 43, 4: 53, 5: 51, 6: 48, 7: 55, 8: 51, 9: 42}, 16: {0: 43, 1: 47, 2: 62, 3: 50, 4: 51, 5: 42, 6: 52, 7: 45, 8: 52, 9: 56}, 17: {0: 51, 1: 55, 2: 46, 3: 63, 4: 48, 5: 50, 6: 39, 7: 55, 8: 49, 9: 44}, 18: {0: 39, 1: 45, 2: 59, 3: 52, 4: 43, 5: 47, 6: 56, 7: 53, 8: 48, 9: 58}, 19: {0: 50, 1: 52, 2: 51, 3: 50, 4: 41, 5: 53, 6: 47, 7: 70, 8: 39, 9: 47}, 20: {0: 45, 1: 52, 2: 49, 3: 56, 4: 53, 5: 44, 6: 40, 7: 59, 8: 59, 9: 43}, 21: {0: 54, 1: 56, 2: 48, 3: 36, 4: 57, 5: 42, 6: 63, 7: 47, 8: 51, 9: 46}, 22: {0: 50, 1: 47, 2: 64, 3: 49, 4: 48, 5: 50, 6: 42, 7: 44, 8: 50, 9: 56}, 23: {0: 47, 1: 43, 2: 54, 3: 67, 4: 43, 5: 50, 6: 54, 7: 42, 8: 58, 9: 42}, 24: {0: 55, 1: 62, 2: 39, 3: 56, 4: 41, 5: 52, 6: 57, 7: 52, 8: 39, 9: 47}, 25: {0: 52, 1: 67, 2: 40, 3: 52, 4: 43, 5: 47, 6: 57, 7: 50, 8: 39, 9: 53}, 26: {0: 61, 1: 40, 2: 44, 3: 51, 4: 46, 5: 63, 6: 47, 7: 56, 8: 50, 9: 42}, 27: {0: 48, 1: 57, 2: 47, 3: 46, 4: 46, 5: 55, 6: 57, 7: 44, 8: 47, 9: 53}, 28: {0: 48, 1: 41, 2: 51, 3: 55, 4: 49, 5: 54, 6: 58, 7: 61, 8: 41, 9: 42}, 29: {0: 43, 1: 59, 2: 65, 3: 58, 4: 45, 5: 40, 6: 63, 7: 44, 8: 48, 9: 35}, 30: {0: 43, 1: 53, 2: 49, 3: 56, 4: 47, 5: 53, 6: 50, 7: 46, 8: 56, 9: 47}, 31: {0: 44, 1: 54, 2: 52, 3: 44, 4: 49, 5: 70, 6: 47, 7: 40, 8: 56, 9: 44}, 32: {0: 50, 1: 58, 2: 34, 3: 51, 4: 55, 5: 44, 6: 60, 7: 57, 8: 39, 9: 52}, 33: {0: 49, 1: 31, 2: 53, 3: 64, 4: 52, 5: 54, 6: 45, 7: 45, 8: 50, 9: 57}, 34: {0: 55, 1: 55, 2: 50, 3: 45, 4: 42, 5: 55, 6: 53, 7: 50, 8: 42, 9: 53}, 35: {0: 34, 1: 54, 2: 52, 3: 46, 4: 54, 5: 49, 6: 58, 7: 52, 8: 48, 9: 53}, 36: {0: 56, 1: 45, 2: 50, 3: 39, 4: 56, 5: 51, 6: 46, 7: 54, 8: 56, 9: 47}, 37: {0: 51, 1: 56, 2: 55, 3: 55, 4: 47, 5: 46, 6: 48, 7: 59, 8: 35, 9: 48}, 38: {0: 55, 1: 54, 2: 61, 3: 34, 4: 43, 5: 49, 6: 56, 7: 47, 8: 46, 9: 55}, 39: {0: 47, 1: 41, 2: 58, 3: 46, 4: 42, 5: 42, 6: 66, 7: 51, 8: 52, 9: 55}, 40: {0: 45, 1: 59, 2: 42, 3: 51, 4: 54, 5: 56, 6: 50, 7: 44, 8: 53, 9: 46}, 41: {0: 55, 1: 54, 2: 53, 3: 53, 4: 52, 5: 44, 6: 46, 7: 55, 8: 41, 9: 47}, 42: {0: 41, 1: 53, 2: 36, 3: 45, 4: 49, 5: 45, 6: 65, 7: 57, 8: 58, 9: 51}, 43: {0: 54, 1: 38, 2: 40, 3: 57, 4: 48, 5: 56, 6: 54, 7: 55, 8: 44, 9: 54}, 44: {0: 55, 1: 53, 2: 51, 3: 46, 4: 40, 5: 57, 6: 48, 7: 35, 8: 55, 9: 60}, 45: {0: 59, 1: 51, 2: 54, 3: 40, 4: 47, 5: 47, 6: 57, 7: 55, 8: 44, 9: 46}, 46: {0: 56, 1: 51, 2: 58, 3: 44, 4: 57, 5: 46, 6: 55, 7: 42, 8: 41, 9: 50}, 47: {0: 55, 1: 47, 2: 54, 3: 58, 4: 49, 5: 45, 6: 47, 7: 51, 8: 43, 9: 51}, 48: {0: 46, 1: 38, 2: 41, 3: 52, 4: 43, 5: 61, 6: 49, 7: 47, 8: 56, 9: 67}, 49: {0: 40, 1: 52, 2: 49, 3: 49, 4: 53, 5: 55, 6: 49, 7: 46, 8: 55, 9: 52}, 50: {0: 63, 1: 44, 2: 46, 3: 66, 4: 52, 5: 53, 6: 48, 7: 47, 8: 45, 9: 36}, 51: {0: 47, 1: 52, 2: 64, 3: 49, 4: 47, 5: 53, 6: 37, 7: 50, 8: 57, 9: 44}, 52: {0: 51, 1: 55, 2: 38, 3: 47, 4: 66, 5: 49, 6: 44, 7: 33, 8: 51, 9: 66}, 53: {0: 61, 1: 42, 2: 49, 3: 46, 4: 53, 5: 44, 6: 49, 7: 52, 8: 50, 9: 54}, 54: {0: 33, 1: 46, 2: 57, 3: 47, 4: 53, 5: 53, 6: 47, 7: 58, 8: 48, 9: 58}, 55: {0: 59, 1: 50, 2: 37, 3: 60, 4: 42, 5: 49, 6: 44, 7: 51, 8: 51, 9: 57}, 56: {0: 44, 1: 46, 2: 47, 3: 55, 4: 41, 5: 58, 6: 42, 7: 44, 8: 61, 9: 62}, 57: {0: 48, 1: 57, 2: 44, 3: 42, 4: 42, 5: 64, 6: 49, 7: 43, 8: 47, 9: 64}, 58: {0: 48, 1: 49, 2: 46, 3: 63, 4: 46, 5: 36, 6: 61, 7: 61, 8: 41, 9: 49}, 59: {0: 63, 1: 55, 2: 44, 3: 50, 4: 54, 5: 47, 6: 37, 7: 41, 8: 52, 9: 57}, 60: {0: 57, 1: 50, 2: 39, 3: 58, 4: 46, 5: 50, 6: 49, 7: 55, 8: 52, 9: 44}, 61: {0: 57, 1: 47, 2: 47, 3: 40, 4: 50, 5: 44, 6: 48, 7: 50, 8: 63, 9: 54}, 62: {0: 44, 1: 49, 2: 52, 3: 47, 4: 47, 5: 46, 6: 52, 7: 51, 8: 62, 9: 50}, 63: {0: 48, 1: 59, 2: 45, 3: 46, 4: 53, 5: 44, 6: 49, 7: 65, 8: 51, 9: 40}, 64: {0: 58, 1: 52, 2: 57, 3: 44, 4: 54, 5: 42, 6: 38, 7: 59, 8: 52, 9: 44}, 65: {0: 41, 1: 56, 2: 48, 3: 51, 4: 60, 5: 42, 6: 53, 7: 51, 8: 54, 9: 44}, 66: {0: 50, 1: 52, 2: 48, 3: 43, 4: 53, 5: 51, 6: 51, 7: 49, 8: 62, 9: 41}, 67: {0: 51, 1: 45, 2: 54, 3: 52, 4: 45, 5: 54, 6: 49, 7: 48, 8: 57, 9: 45}, 68: {0: 48, 1: 53, 2: 50, 3: 55, 4: 39, 5: 51, 6: 54, 7: 43, 8: 51, 9: 56}, 69: {0: 37, 1: 59, 2: 52, 3: 54, 4: 59, 5: 58, 6: 49, 7: 28, 8: 53, 9: 51}, 70: {0: 52, 1: 48, 2: 41, 3: 51, 4: 41, 5: 48, 6: 58, 7: 60, 8: 51, 9: 50}, 71: {0: 44, 1: 45, 2: 55, 3: 42, 4: 57, 5: 36, 6: 59, 7: 48, 8: 61, 9: 53}, 72: {0: 54, 1: 55, 2: 59, 3: 49, 4: 54, 5: 54, 6: 35, 7: 47, 8: 50, 9: 43}, 73: {0: 43, 1: 51, 2: 48, 3: 59, 4: 54, 5: 52, 6: 41, 7: 51, 8: 59, 9: 42}, 74: {0: 48, 1: 55, 2: 58, 3: 50, 4: 51, 5: 45, 6: 48, 7: 48, 8: 43, 9: 54}, 75: {0: 53, 1: 46, 2: 39, 3: 54, 4: 55, 5: 56, 6: 53, 7: 49, 8: 47, 9: 48}, 76: {0: 55, 1: 51, 2: 48, 3: 50, 4: 50, 5: 49, 6: 43, 7: 58, 8: 47, 9: 49}, 77: {0: 61, 1: 45, 2: 55, 3: 49, 4: 53, 5: 47, 6: 46, 7: 57, 8: 45, 9: 42}, 78: {0: 56, 1: 52, 2: 47, 3: 53, 4: 58, 5: 58, 6: 41, 7: 53, 8: 38, 9: 44}, 79: {0: 50, 1: 52, 2: 49, 3: 55, 4: 50, 5: 58, 6: 44, 7: 44, 8: 52, 9: 46}, 80: {0: 62, 1: 42, 2: 49, 3: 33, 4: 42, 5: 49, 6: 44, 7: 59, 8: 60, 9: 60}, 81: {0: 45, 1: 38, 2: 44, 3: 58, 4: 53, 5: 45, 6: 51, 7: 51, 8: 56, 9: 59}, 82: {0: 55, 1: 49, 2: 57, 3: 50, 4: 44, 5: 50, 6: 49, 7: 50, 8: 43, 9: 53}, 83: {0: 42, 1: 58, 2: 57, 3: 53, 4: 37, 5: 61, 6: 50, 7: 45, 8: 52, 9: 45}, 84: {0: 49, 1: 44, 2: 50, 3: 49, 4: 54, 5: 53, 6: 49, 7: 53, 8: 52, 9: 47}, 85: {0: 46, 1: 46, 2: 47, 3: 49, 4: 59, 5: 40, 6: 55, 7: 57, 8: 42, 9: 59}, 86: {0: 49, 1: 61, 2: 44, 3: 61, 4: 49, 5: 43, 6: 57, 7: 38, 8: 51, 9: 47}, 87: {0: 51, 1: 58, 2: 41, 3: 49, 4: 52, 5: 38, 6: 50, 7: 55, 8: 54, 9: 52}, 88: {0: 58, 1: 53, 2: 51, 3: 38, 4: 55, 5: 56, 6: 50, 7: 52, 8: 43, 9: 44}, 89: {0: 46, 1: 48, 2: 58, 3: 52, 4: 39, 5: 55, 6: 54, 7: 51, 8: 53, 9: 44}, 90: {0: 40, 1: 54, 2: 52, 3: 60, 4: 59, 5: 44, 6: 43, 7: 48, 8: 48, 9: 52}, 91: {0: 50, 1: 43, 2: 59, 3: 48, 4: 56, 5: 51, 6: 49, 7: 36, 8: 50, 9: 58}, 92: {0: 54, 1: 53, 2: 49, 3: 46, 4: 52, 5: 40, 6: 47, 7: 60, 8: 50, 9: 49}, 93: {0: 43, 1: 51, 2: 57, 3: 57, 4: 49, 5: 48, 6: 49, 7: 53, 8: 50, 9: 43}, 94: {0: 42, 1: 42, 2: 45, 3: 63, 4: 61, 5: 52, 6: 54, 7: 44, 8: 46, 9: 51}, 95: {0: 47, 1: 48, 2: 44, 3: 40, 4: 51, 5: 58, 6: 49, 7: 56, 8: 51, 9: 56}, 96: {0: 61, 1: 45, 2: 47, 3: 49, 4: 45, 5: 52, 6: 45, 7: 51, 8: 58, 9: 47}, 97: {0: 47, 1: 49, 2: 45, 3: 44, 4: 58, 5: 59, 6: 53, 7: 47, 8: 60, 9: 38}, 98: {0: 48, 1: 42, 2: 62, 3: 40, 4: 58, 5: 49, 6: 57, 7: 51, 8: 50, 9: 43}, 99: {0: 62, 1: 51, 2: 48, 3: 44, 4: 45, 5: 49, 6: 53, 7: 50, 8: 48, 9: 50}}
04-12 15:36 INFO     in comm round:0
04-12 15:36 INFO     Training network 0 n_training: 500
04-12 15:36 INFO     Training network 0
04-12 15:36 INFO     Client: 0 Epoch: 0 Loss: 2.698706933430263
04-12 15:36 INFO     Client: 0 Epoch: 1 Loss: 2.0366039787020003
04-12 15:36 INFO     Client: 0 Epoch: 2 Loss: 1.9190194606781006
04-12 15:36 INFO     Client: 0 Epoch: 3 Loss: 1.7947911194392614
04-12 15:36 INFO     Client: 0 Epoch: 4 Loss: 1.7365846804210119
04-12 15:36 INFO      ** Client: 0 Training complete **
04-12 15:36 INFO     Training network 1 n_training: 500
04-12 15:36 INFO     Training network 1
04-12 15:36 INFO     Client: 1 Epoch: 0 Loss: 2.636711052485875
04-12 15:36 INFO     Client: 1 Epoch: 1 Loss: 2.118198105267116
04-12 15:36 INFO     Client: 1 Epoch: 2 Loss: 2.000934975487845
04-12 15:36 INFO     Client: 1 Epoch: 3 Loss: 1.9139328513826643
04-12 15:36 INFO     Client: 1 Epoch: 4 Loss: 1.8167554991585868
04-12 15:36 INFO      ** Client: 1 Training complete **
04-12 15:36 INFO     Training network 2 n_training: 500
04-12 15:36 INFO     Training network 2
04-12 15:36 INFO     Client: 2 Epoch: 0 Loss: 2.626760925565447
04-12 15:36 INFO     Client: 2 Epoch: 1 Loss: 2.0302164384296963
04-12 15:36 INFO     Client: 2 Epoch: 2 Loss: 1.9312806470053536
04-12 15:36 INFO     Client: 2 Epoch: 3 Loss: 1.7579242501940047
04-12 15:36 INFO     Client: 2 Epoch: 4 Loss: 1.6443134035382951
04-12 15:36 INFO      ** Client: 2 Training complete **
04-12 15:36 INFO     Training network 3 n_training: 500
04-12 15:36 INFO     Training network 3
04-12 15:36 INFO     Client: 3 Epoch: 0 Loss: 2.6739961419786726
04-12 15:36 INFO     Client: 3 Epoch: 1 Loss: 2.210304243224008
04-12 15:36 INFO     Client: 3 Epoch: 2 Loss: 1.980185627937317
04-12 15:36 INFO     Client: 3 Epoch: 3 Loss: 1.889244522367205
04-12 15:36 INFO     Client: 3 Epoch: 4 Loss: 1.7842072418757848
04-12 15:36 INFO      ** Client: 3 Training complete **
04-12 15:36 INFO     Training network 4 n_training: 500
04-12 15:36 INFO     Training network 4
04-12 15:36 INFO     Client: 4 Epoch: 0 Loss: 2.6324151924678256
04-12 15:36 INFO     Client: 4 Epoch: 1 Loss: 2.0988798482077464
04-12 15:36 INFO     Client: 4 Epoch: 2 Loss: 1.9381170102528162
04-12 15:36 INFO     Client: 4 Epoch: 3 Loss: 1.817752514566694
04-12 15:36 INFO     Client: 4 Epoch: 4 Loss: 1.7668125970023019
04-12 15:36 INFO      ** Client: 4 Training complete **
04-12 15:36 INFO     Training network 5 n_training: 500
04-12 15:36 INFO     Training network 5
04-12 15:36 INFO     Client: 5 Epoch: 0 Loss: 2.5006382124764577
04-12 15:36 INFO     Client: 5 Epoch: 1 Loss: 2.0348010744367326
04-12 15:36 INFO     Client: 5 Epoch: 2 Loss: 1.8275599820273263
04-12 15:36 INFO     Client: 5 Epoch: 3 Loss: 1.6368366650172643
04-12 15:36 INFO     Client: 5 Epoch: 4 Loss: 1.611823524747576
04-12 15:36 INFO      ** Client: 5 Training complete **
04-12 15:36 INFO     Training network 6 n_training: 500
04-12 15:36 INFO     Training network 6
04-12 15:36 INFO     Client: 6 Epoch: 0 Loss: 2.5900920118604387
04-12 15:36 INFO     Client: 6 Epoch: 1 Loss: 2.044866647039141
04-12 15:36 INFO     Client: 6 Epoch: 2 Loss: 1.9092274393354143
04-12 15:36 INFO     Client: 6 Epoch: 3 Loss: 1.8752043417521886
04-12 15:36 INFO     Client: 6 Epoch: 4 Loss: 1.8345367567879813
04-12 15:36 INFO      ** Client: 6 Training complete **
04-12 15:36 INFO     Training network 7 n_training: 500
04-12 15:36 INFO     Training network 7
04-12 15:36 INFO     Client: 7 Epoch: 0 Loss: 2.694211517061506
04-12 15:36 INFO     Client: 7 Epoch: 1 Loss: 2.0852058274405345
04-12 15:36 INFO     Client: 7 Epoch: 2 Loss: 1.9330864122935705
04-12 15:36 INFO     Client: 7 Epoch: 3 Loss: 1.8258791140147619
04-12 15:36 INFO     Client: 7 Epoch: 4 Loss: 1.730069603238787
04-12 15:36 INFO      ** Client: 7 Training complete **
04-12 15:36 INFO     Training network 8 n_training: 500
04-12 15:36 INFO     Training network 8
04-12 15:36 INFO     Client: 8 Epoch: 0 Loss: 2.509063584463937
04-12 15:36 INFO     Client: 8 Epoch: 1 Loss: 1.9956099816731043
04-12 15:36 INFO     Client: 8 Epoch: 2 Loss: 1.9061052118028914
04-12 15:36 INFO     Client: 8 Epoch: 3 Loss: 1.7631939479282923
04-12 15:36 INFO     Client: 8 Epoch: 4 Loss: 1.742480959211077
04-12 15:36 INFO      ** Client: 8 Training complete **
04-12 15:36 INFO     Training network 9 n_training: 500
04-12 15:36 INFO     Training network 9
04-12 15:36 INFO     Client: 9 Epoch: 0 Loss: 2.769212705748422
04-12 15:36 INFO     Client: 9 Epoch: 1 Loss: 2.1037122181483676
04-12 15:36 INFO     Client: 9 Epoch: 2 Loss: 1.9136637789862496
04-12 15:36 INFO     Client: 9 Epoch: 3 Loss: 1.8058395726340157
04-12 15:36 INFO     Client: 9 Epoch: 4 Loss: 1.696010776928493
04-12 15:36 INFO      ** Client: 9 Training complete **
04-12 15:36 INFO     Training network 10 n_training: 500
04-12 15:36 INFO     Training network 10
04-12 15:36 INFO     Client: 10 Epoch: 0 Loss: 2.786809206008911
04-12 15:36 INFO     Client: 10 Epoch: 1 Loss: 2.0896222250802174
04-12 15:36 INFO     Client: 10 Epoch: 2 Loss: 1.9304422651018416
04-12 15:36 INFO     Client: 10 Epoch: 3 Loss: 1.808996319770813
04-12 15:36 INFO     Client: 10 Epoch: 4 Loss: 1.7342530999864851
04-12 15:36 INFO      ** Client: 10 Training complete **
04-12 15:36 INFO     Training network 11 n_training: 500
04-12 15:36 INFO     Training network 11
04-12 15:36 INFO     Client: 11 Epoch: 0 Loss: 2.7276557854243686
04-12 15:36 INFO     Client: 11 Epoch: 1 Loss: 2.2187049048287526
04-12 15:37 INFO     Client: 11 Epoch: 2 Loss: 2.0820628064019338
04-12 15:37 INFO     Client: 11 Epoch: 3 Loss: 1.9057282039097376
04-12 15:37 INFO     Client: 11 Epoch: 4 Loss: 1.8216646569115775
04-12 15:37 INFO      ** Client: 11 Training complete **
04-12 15:37 INFO     Training network 12 n_training: 500
04-12 15:37 INFO     Training network 12
04-12 15:37 INFO     Client: 12 Epoch: 0 Loss: 2.5470919949667796
04-12 15:37 INFO     Client: 12 Epoch: 1 Loss: 2.117271372250148
04-12 15:37 INFO     Client: 12 Epoch: 2 Loss: 1.87601637840271
04-12 15:37 INFO     Client: 12 Epoch: 3 Loss: 1.736783811024257
04-12 15:37 INFO     Client: 12 Epoch: 4 Loss: 1.6341809034347534
04-12 15:37 INFO      ** Client: 12 Training complete **
04-12 15:37 INFO     Training network 13 n_training: 500
04-12 15:37 INFO     Training network 13
04-12 15:37 INFO     Client: 13 Epoch: 0 Loss: 2.661586250577654
04-12 15:37 INFO     Client: 13 Epoch: 1 Loss: 2.081640430859157
04-12 15:37 INFO     Client: 13 Epoch: 2 Loss: 1.9499677930559431
04-12 15:37 INFO     Client: 13 Epoch: 3 Loss: 1.8203276906694685
04-12 15:37 INFO     Client: 13 Epoch: 4 Loss: 1.713726214000157
04-12 15:37 INFO      ** Client: 13 Training complete **
04-12 15:37 INFO     Training network 14 n_training: 500
04-12 15:37 INFO     Training network 14
04-12 15:37 INFO     Client: 14 Epoch: 0 Loss: 2.6447640487125943
04-12 15:37 INFO     Client: 14 Epoch: 1 Loss: 2.119006565638951
04-12 15:37 INFO     Client: 14 Epoch: 2 Loss: 1.9581315687724523
04-12 15:37 INFO     Client: 14 Epoch: 3 Loss: 1.839310680116926
04-12 15:37 INFO     Client: 14 Epoch: 4 Loss: 1.7472926718848092
04-12 15:37 INFO      ** Client: 14 Training complete **
04-12 15:37 INFO     Training network 15 n_training: 500
04-12 15:37 INFO     Training network 15
04-12 15:37 INFO     Client: 15 Epoch: 0 Loss: 2.6249684946877614
04-12 15:37 INFO     Client: 15 Epoch: 1 Loss: 2.09739511353629
04-12 15:37 INFO     Client: 15 Epoch: 2 Loss: 1.9189282485416956
04-12 15:37 INFO     Client: 15 Epoch: 3 Loss: 1.7416162150246757
04-12 15:37 INFO     Client: 15 Epoch: 4 Loss: 1.7192041873931885
04-12 15:37 INFO      ** Client: 15 Training complete **
04-12 15:37 INFO     Training network 16 n_training: 500
04-12 15:37 INFO     Training network 16
04-12 15:37 INFO     Client: 16 Epoch: 0 Loss: 2.6696693216051375
04-12 15:37 INFO     Client: 16 Epoch: 1 Loss: 2.129278608730861
04-12 15:37 INFO     Client: 16 Epoch: 2 Loss: 1.9152418375015259
04-12 15:37 INFO     Client: 16 Epoch: 3 Loss: 1.7782276698521204
04-12 15:37 INFO     Client: 16 Epoch: 4 Loss: 1.6742369788033622
04-12 15:37 INFO      ** Client: 16 Training complete **
04-12 15:37 INFO     Training network 17 n_training: 500
04-12 15:37 INFO     Training network 17
04-12 15:37 INFO     Client: 17 Epoch: 0 Loss: 2.7978909696851457
04-12 15:37 INFO     Client: 17 Epoch: 1 Loss: 2.233712775366647
04-12 15:37 INFO     Client: 17 Epoch: 2 Loss: 1.9751727751323156
04-12 15:37 INFO     Client: 17 Epoch: 3 Loss: 1.8370848042624337
04-12 15:37 INFO     Client: 17 Epoch: 4 Loss: 1.791408964565822
04-12 15:37 INFO      ** Client: 17 Training complete **
04-12 15:37 INFO     Training network 18 n_training: 500
04-12 15:37 INFO     Training network 18
04-12 15:37 INFO     Client: 18 Epoch: 0 Loss: 2.5981132984161377
04-12 15:37 INFO     Client: 18 Epoch: 1 Loss: 2.1178329501833235
04-12 15:37 INFO     Client: 18 Epoch: 2 Loss: 1.9843754087175642
04-12 15:37 INFO     Client: 18 Epoch: 3 Loss: 1.8745153120585851
04-12 15:37 INFO     Client: 18 Epoch: 4 Loss: 1.781324999673026
04-12 15:37 INFO      ** Client: 18 Training complete **
04-12 15:37 INFO     Training network 19 n_training: 500
04-12 15:37 INFO     Training network 19
04-12 15:37 INFO     Client: 19 Epoch: 0 Loss: 2.6886668545859203
04-12 15:37 INFO     Client: 19 Epoch: 1 Loss: 2.1373180661882674
04-12 15:37 INFO     Client: 19 Epoch: 2 Loss: 1.9221941062382288
04-12 15:37 INFO     Client: 19 Epoch: 3 Loss: 1.7690377576010567
04-12 15:37 INFO     Client: 19 Epoch: 4 Loss: 1.6619775635855538
04-12 15:37 INFO      ** Client: 19 Training complete **
04-12 15:37 INFO     Training network 20 n_training: 500
04-12 15:37 INFO     Training network 20
04-12 15:37 INFO     Client: 20 Epoch: 0 Loss: 2.5963262149265836
04-12 15:37 INFO     Client: 20 Epoch: 1 Loss: 2.1900436197008406
04-12 15:37 INFO     Client: 20 Epoch: 2 Loss: 2.014158913067409
04-12 15:37 INFO     Client: 20 Epoch: 3 Loss: 1.8812693698065621
04-12 15:37 INFO     Client: 20 Epoch: 4 Loss: 1.7652454716818673
04-12 15:37 INFO      ** Client: 20 Training complete **
04-12 15:37 INFO     Training network 21 n_training: 500
04-12 15:37 INFO     Training network 21
04-12 15:37 INFO     Client: 21 Epoch: 0 Loss: 2.8412910188947404
04-12 15:37 INFO     Client: 21 Epoch: 1 Loss: 2.1450110163007463
04-12 15:37 INFO     Client: 21 Epoch: 2 Loss: 1.9034084592546736
04-12 15:37 INFO     Client: 21 Epoch: 3 Loss: 1.7839358704430717
04-12 15:37 INFO     Client: 21 Epoch: 4 Loss: 1.7106951475143433
04-12 15:37 INFO      ** Client: 21 Training complete **
04-12 15:37 INFO     Training network 22 n_training: 500
04-12 15:37 INFO     Training network 22
04-12 15:37 INFO     Client: 22 Epoch: 0 Loss: 2.7816619191850935
04-12 15:37 INFO     Client: 22 Epoch: 1 Loss: 2.057258265359061
04-12 15:37 INFO     Client: 22 Epoch: 2 Loss: 1.869651232446943
04-12 15:37 INFO     Client: 22 Epoch: 3 Loss: 1.813110658100673
04-12 15:37 INFO     Client: 22 Epoch: 4 Loss: 1.709706289427621
04-12 15:37 INFO      ** Client: 22 Training complete **
04-12 15:37 INFO     Training network 23 n_training: 500
04-12 15:37 INFO     Training network 23
04-12 15:37 INFO     Client: 23 Epoch: 0 Loss: 2.6071623393467496
04-12 15:37 INFO     Client: 23 Epoch: 1 Loss: 2.134649191583906
04-12 15:37 INFO     Client: 23 Epoch: 2 Loss: 1.9064088038035802
04-12 15:37 INFO     Client: 23 Epoch: 3 Loss: 1.8368465389524187
04-12 15:37 INFO     Client: 23 Epoch: 4 Loss: 1.7493289879390173
04-12 15:37 INFO      ** Client: 23 Training complete **
04-12 15:37 INFO     Training network 24 n_training: 500
04-12 15:37 INFO     Training network 24
04-12 15:37 INFO     Client: 24 Epoch: 0 Loss: 2.792642389025007
04-12 15:37 INFO     Client: 24 Epoch: 1 Loss: 2.155676177569798
04-12 15:37 INFO     Client: 24 Epoch: 2 Loss: 1.9963539668491908
04-12 15:37 INFO     Client: 24 Epoch: 3 Loss: 1.9190723385129655
04-12 15:37 INFO     Client: 24 Epoch: 4 Loss: 1.8079009566988264
04-12 15:37 INFO      ** Client: 24 Training complete **
04-12 15:37 INFO     Training network 25 n_training: 500
04-12 15:37 INFO     Training network 25
04-12 15:37 INFO     Client: 25 Epoch: 0 Loss: 2.587799685341971
04-12 15:37 INFO     Client: 25 Epoch: 1 Loss: 2.0386970043182373
04-12 15:37 INFO     Client: 25 Epoch: 2 Loss: 1.916525857789176
04-12 15:37 INFO     Client: 25 Epoch: 3 Loss: 1.8030558654240199
04-12 15:37 INFO     Client: 25 Epoch: 4 Loss: 1.7564053705760412
04-12 15:37 INFO      ** Client: 25 Training complete **
04-12 15:37 INFO     Training network 26 n_training: 500
04-12 15:37 INFO     Training network 26
04-12 15:37 INFO     Client: 26 Epoch: 0 Loss: 2.5429133347102573
04-12 15:37 INFO     Client: 26 Epoch: 1 Loss: 2.2229950768607005
04-12 15:37 INFO     Client: 26 Epoch: 2 Loss: 2.037725329399109
04-12 15:37 INFO     Client: 26 Epoch: 3 Loss: 1.8691561562674386
04-12 15:37 INFO     Client: 26 Epoch: 4 Loss: 1.7967523506709508
04-12 15:37 INFO      ** Client: 26 Training complete **
04-12 15:37 INFO     Training network 27 n_training: 500
04-12 15:37 INFO     Training network 27
04-12 15:37 INFO     Client: 27 Epoch: 0 Loss: 2.8093675885881697
04-12 15:37 INFO     Client: 27 Epoch: 1 Loss: 2.1893595116479054
04-12 15:37 INFO     Client: 27 Epoch: 2 Loss: 1.987294350351606
04-12 15:37 INFO     Client: 27 Epoch: 3 Loss: 1.8163567270551408
04-12 15:37 INFO     Client: 27 Epoch: 4 Loss: 1.7668278557913644
04-12 15:37 INFO      ** Client: 27 Training complete **
04-12 15:37 INFO     Training network 28 n_training: 500
04-12 15:37 INFO     Training network 28
04-12 15:37 INFO     Client: 28 Epoch: 0 Loss: 2.8379094941275462
04-12 15:37 INFO     Client: 28 Epoch: 1 Loss: 2.177598306110927
04-12 15:37 INFO     Client: 28 Epoch: 2 Loss: 2.0027534621102467
04-12 15:37 INFO     Client: 28 Epoch: 3 Loss: 1.8531485285077776
04-12 15:37 INFO     Client: 28 Epoch: 4 Loss: 1.773910675730024
04-12 15:37 INFO      ** Client: 28 Training complete **
04-12 15:37 INFO     Training network 29 n_training: 500
04-12 15:37 INFO     Training network 29
04-12 15:37 INFO     Client: 29 Epoch: 0 Loss: 2.76526209286281
04-12 15:37 INFO     Client: 29 Epoch: 1 Loss: 2.112785509654454
04-12 15:37 INFO     Client: 29 Epoch: 2 Loss: 1.895674194608416
04-12 15:37 INFO     Client: 29 Epoch: 3 Loss: 1.8881547791617257
04-12 15:37 INFO     Client: 29 Epoch: 4 Loss: 1.6923917531967163
04-12 15:37 INFO      ** Client: 29 Training complete **
04-12 15:37 INFO     Training network 30 n_training: 500
04-12 15:37 INFO     Training network 30
04-12 15:37 INFO     Client: 30 Epoch: 0 Loss: 2.6070757934025357
04-12 15:37 INFO     Client: 30 Epoch: 1 Loss: 2.030243839536394
04-12 15:37 INFO     Client: 30 Epoch: 2 Loss: 1.9171222618647985
04-12 15:37 INFO     Client: 30 Epoch: 3 Loss: 1.8131448711667741
04-12 15:37 INFO     Client: 30 Epoch: 4 Loss: 1.6485721383775984
04-12 15:37 INFO      ** Client: 30 Training complete **
04-12 15:37 INFO     Training network 31 n_training: 500
04-12 15:37 INFO     Training network 31
04-12 15:37 INFO     Client: 31 Epoch: 0 Loss: 2.6153529371534074
04-12 15:37 INFO     Client: 31 Epoch: 1 Loss: 2.1594742025647844
04-12 15:37 INFO     Client: 31 Epoch: 2 Loss: 1.996910503932408
04-12 15:37 INFO     Client: 31 Epoch: 3 Loss: 1.841647948537554
04-12 15:37 INFO     Client: 31 Epoch: 4 Loss: 1.7364191668374198
04-12 15:37 INFO      ** Client: 31 Training complete **
04-12 15:37 INFO     Training network 32 n_training: 500
04-12 15:37 INFO     Training network 32
04-12 15:37 INFO     Client: 32 Epoch: 0 Loss: 2.7495496613638744
04-12 15:37 INFO     Client: 32 Epoch: 1 Loss: 2.063564419746399
04-12 15:37 INFO     Client: 32 Epoch: 2 Loss: 1.9549898420061385
04-12 15:37 INFO     Client: 32 Epoch: 3 Loss: 1.8415491240365165
04-12 15:37 INFO     Client: 32 Epoch: 4 Loss: 1.8325896774019514
04-12 15:37 INFO      ** Client: 32 Training complete **
04-12 15:37 INFO     Training network 33 n_training: 500
04-12 15:37 INFO     Training network 33
04-12 15:37 INFO     Client: 33 Epoch: 0 Loss: 2.63837092263358
04-12 15:37 INFO     Client: 33 Epoch: 1 Loss: 2.157762714794704
04-12 15:37 INFO     Client: 33 Epoch: 2 Loss: 1.8986826964787074
04-12 15:37 INFO     Client: 33 Epoch: 3 Loss: 1.819612009184701
04-12 15:37 INFO     Client: 33 Epoch: 4 Loss: 1.7158168384007044
04-12 15:37 INFO      ** Client: 33 Training complete **
04-12 15:37 INFO     Training network 34 n_training: 500
04-12 15:37 INFO     Training network 34
04-12 15:37 INFO     Client: 34 Epoch: 0 Loss: 2.6908929347991943
04-12 15:37 INFO     Client: 34 Epoch: 1 Loss: 2.1601011071886336
04-12 15:37 INFO     Client: 34 Epoch: 2 Loss: 1.9431649446487427
04-12 15:37 INFO     Client: 34 Epoch: 3 Loss: 1.7835334369114466
04-12 15:37 INFO     Client: 34 Epoch: 4 Loss: 1.66310943875994
04-12 15:37 INFO      ** Client: 34 Training complete **
04-12 15:37 INFO     Training network 35 n_training: 500
04-12 15:37 INFO     Training network 35
04-12 15:37 INFO     Client: 35 Epoch: 0 Loss: 2.652089936392648
04-12 15:37 INFO     Client: 35 Epoch: 1 Loss: 2.1614947659628734
04-12 15:37 INFO     Client: 35 Epoch: 2 Loss: 2.014357941491263
04-12 15:37 INFO     Client: 35 Epoch: 3 Loss: 1.9237659658704485
04-12 15:37 INFO     Client: 35 Epoch: 4 Loss: 1.840624111039298
04-12 15:37 INFO      ** Client: 35 Training complete **
04-12 15:37 INFO     Training network 36 n_training: 500
04-12 15:37 INFO     Training network 36
04-12 15:37 INFO     Client: 36 Epoch: 0 Loss: 2.5760360785893033
04-12 15:37 INFO     Client: 36 Epoch: 1 Loss: 2.103454521724156
04-12 15:37 INFO     Client: 36 Epoch: 2 Loss: 1.9720582280840193
04-12 15:37 INFO     Client: 36 Epoch: 3 Loss: 1.7911928381238664
04-12 15:37 INFO     Client: 36 Epoch: 4 Loss: 1.7367538724626814
04-12 15:37 INFO      ** Client: 36 Training complete **
04-12 15:37 INFO     Training network 37 n_training: 500
04-12 15:37 INFO     Training network 37
04-12 15:37 INFO     Client: 37 Epoch: 0 Loss: 2.69028411592756
04-12 15:37 INFO     Client: 37 Epoch: 1 Loss: 2.1230641773768832
04-12 15:37 INFO     Client: 37 Epoch: 2 Loss: 1.9101641007832117
04-12 15:37 INFO     Client: 37 Epoch: 3 Loss: 1.7925009727478027
04-12 15:37 INFO     Client: 37 Epoch: 4 Loss: 1.7101692642484392
04-12 15:37 INFO      ** Client: 37 Training complete **
04-12 15:37 INFO     Training network 38 n_training: 500
04-12 15:37 INFO     Training network 38
04-12 15:37 INFO     Client: 38 Epoch: 0 Loss: 2.867654596056257
04-12 15:37 INFO     Client: 38 Epoch: 1 Loss: 2.1680957078933716
04-12 15:37 INFO     Client: 38 Epoch: 2 Loss: 1.9295154809951782
04-12 15:37 INFO     Client: 38 Epoch: 3 Loss: 1.8300236293247767
04-12 15:37 INFO     Client: 38 Epoch: 4 Loss: 1.7459391355514526
04-12 15:37 INFO      ** Client: 38 Training complete **
04-12 15:37 INFO     Training network 39 n_training: 500
04-12 15:37 INFO     Training network 39
04-12 15:37 INFO     Client: 39 Epoch: 0 Loss: 2.555192232131958
04-12 15:37 INFO     Client: 39 Epoch: 1 Loss: 2.0669050897870744
04-12 15:37 INFO     Client: 39 Epoch: 2 Loss: 1.8680100781576974
04-12 15:37 INFO     Client: 39 Epoch: 3 Loss: 1.7384305170604162
04-12 15:37 INFO     Client: 39 Epoch: 4 Loss: 1.700810262135097
04-12 15:37 INFO      ** Client: 39 Training complete **
04-12 15:37 INFO     Training network 40 n_training: 500
04-12 15:37 INFO     Training network 40
04-12 15:37 INFO     Client: 40 Epoch: 0 Loss: 2.7903707708631242
04-12 15:37 INFO     Client: 40 Epoch: 1 Loss: 2.0618206773485457
04-12 15:37 INFO     Client: 40 Epoch: 2 Loss: 1.8659204925809587
04-12 15:37 INFO     Client: 40 Epoch: 3 Loss: 1.7613386086055212
04-12 15:37 INFO     Client: 40 Epoch: 4 Loss: 1.6854341881615775
04-12 15:37 INFO      ** Client: 40 Training complete **
04-12 15:37 INFO     Training network 41 n_training: 500
04-12 15:37 INFO     Training network 41
04-12 15:37 INFO     Client: 41 Epoch: 0 Loss: 2.614396708352225
04-12 15:37 INFO     Client: 41 Epoch: 1 Loss: 2.046190159661429
04-12 15:37 INFO     Client: 41 Epoch: 2 Loss: 1.9658949545451574
04-12 15:37 INFO     Client: 41 Epoch: 3 Loss: 1.9105993849890572
04-12 15:37 INFO     Client: 41 Epoch: 4 Loss: 1.8468795333589827
04-12 15:37 INFO      ** Client: 41 Training complete **
04-12 15:37 INFO     Training network 42 n_training: 500
04-12 15:37 INFO     Training network 42
04-12 15:38 INFO     Client: 42 Epoch: 0 Loss: 2.5664030824388777
04-12 15:38 INFO     Client: 42 Epoch: 1 Loss: 2.119900345802307
04-12 15:38 INFO     Client: 42 Epoch: 2 Loss: 1.9246141059058053
04-12 15:38 INFO     Client: 42 Epoch: 3 Loss: 1.8647563798086983
04-12 15:38 INFO     Client: 42 Epoch: 4 Loss: 1.760621462549482
04-12 15:38 INFO      ** Client: 42 Training complete **
04-12 15:38 INFO     Training network 43 n_training: 500
04-12 15:38 INFO     Training network 43
04-12 15:38 INFO     Client: 43 Epoch: 0 Loss: 2.667243616921561
04-12 15:38 INFO     Client: 43 Epoch: 1 Loss: 2.1188398599624634
04-12 15:38 INFO     Client: 43 Epoch: 2 Loss: 1.982876113482884
04-12 15:38 INFO     Client: 43 Epoch: 3 Loss: 1.8243426084518433
04-12 15:38 INFO     Client: 43 Epoch: 4 Loss: 1.7996469054903304
04-12 15:38 INFO      ** Client: 43 Training complete **
04-12 15:38 INFO     Training network 44 n_training: 500
04-12 15:38 INFO     Training network 44
04-12 15:38 INFO     Client: 44 Epoch: 0 Loss: 2.6061085973467146
04-12 15:38 INFO     Client: 44 Epoch: 1 Loss: 2.214989355632237
04-12 15:38 INFO     Client: 44 Epoch: 2 Loss: 1.8757217611585344
04-12 15:38 INFO     Client: 44 Epoch: 3 Loss: 1.8236250366483415
04-12 15:38 INFO     Client: 44 Epoch: 4 Loss: 1.730082426752363
04-12 15:38 INFO      ** Client: 44 Training complete **
04-12 15:38 INFO     Training network 45 n_training: 500
04-12 15:38 INFO     Training network 45
04-12 15:38 INFO     Client: 45 Epoch: 0 Loss: 2.5918794018881663
04-12 15:38 INFO     Client: 45 Epoch: 1 Loss: 2.0569221632821217
04-12 15:38 INFO     Client: 45 Epoch: 2 Loss: 1.8753314358847482
04-12 15:38 INFO     Client: 45 Epoch: 3 Loss: 1.815837757928031
04-12 15:38 INFO     Client: 45 Epoch: 4 Loss: 1.7147794961929321
04-12 15:38 INFO      ** Client: 45 Training complete **
04-12 15:38 INFO     Training network 46 n_training: 500
04-12 15:38 INFO     Training network 46
