03-17 17:17 INFO     cuda:2
03-17 17:17 INFO     Command Line Arguments: 
{
    "epochs": 5,
    "comm_round": 50,
    "sample_fraction": 1.0,
    "alpha": 0.5,
    "dataset": "cifar100",
    "datadir": "../data/",
    "partition": "subsample",
    "alg": "sflv2",
    "model": "resnet-18",
    "n_parties": 2,
    "lr": 0.01,
    "mu": 1,
    "std_coeff": 2.5,
    "unif_coeff": 0.5,
    "batch_size": 128,
    "load_first_net": 1,
    "pool_option": "FIFO",
    "model_buffer_size": 1,
    "optimizer": "sgd",
    "simp_width": 1,
    "out_dim": 256,
    "reg": 0.0005,
    "temperature": 0.5,
    "logdir": "./",
    "log_file_name": "logs/experiment_log-alg=sflv2_partition=subsample_lr=0.01_epochs=5_num_users=2_beta=0.5_batch_size=128_opt=sgd_dataset=cifar100_2024-03-17-1717-15",
    "seed": 123,
    "device": "cuda:2"
}
03-17 17:17 INFO     Data statistics: {0: {0: 51, 1: 99, 2: 61, 3: 13, 4: 78, 5: 89, 6: 109, 7: 49, 8: 1, 9: 80, 10: 106, 11: 3, 12: 73, 13: 92, 14: 63, 15: 101, 16: 16, 17: 19, 18: 19, 19: 88, 20: 62, 21: 25, 22: 1, 23: 82, 24: 19, 25: 88, 26: 87, 27: 86, 28: 6, 29: 58, 30: 42, 31: 33, 32: 20, 33: 22, 34: 1, 36: 2, 37: 4, 38: 95, 39: 95, 40: 32, 42: 90, 43: 7, 44: 1, 45: 40, 46: 91, 48: 58, 50: 91, 51: 54, 52: 101, 53: 13, 54: 100, 55: 68, 56: 101, 57: 79, 58: 99, 59: 79, 60: 77, 61: 89, 62: 2, 63: 1, 64: 6, 65: 2, 67: 87, 69: 94, 70: 86, 71: 100, 72: 83, 74: 91, 75: 69, 76: 55, 77: 1, 79: 29, 80: 46, 81: 51, 82: 7, 83: 36, 84: 68, 85: 61, 86: 81, 87: 23, 89: 44, 90: 1, 91: 100, 92: 96, 93: 78, 94: 85, 95: 14, 96: 90, 97: 105}, 1: {0: 72, 1: 4, 2: 57, 3: 130, 4: 32, 5: 27, 6: 2, 7: 81, 8: 159, 9: 18, 10: 1, 11: 143, 12: 54, 13: 7, 14: 63, 15: 10, 16: 143, 17: 142, 18: 112, 19: 23, 20: 56, 21: 124, 22: 159, 23: 20, 24: 133, 25: 2, 26: 6, 27: 12, 28: 153, 29: 57, 30: 83, 31: 110, 32: 102, 33: 133, 34: 152, 35: 162, 36: 168, 37: 158, 38: 2, 39: 5, 40: 93, 41: 159, 42: 23, 43: 141, 44: 170, 45: 90, 46: 21, 47: 155, 48: 45, 49: 151, 50: 13, 51: 62, 52: 6, 53: 160, 54: 12, 55: 51, 56: 3, 57: 46, 58: 5, 59: 31, 60: 9, 61: 13, 62: 155, 63: 143, 64: 160, 65: 152, 66: 128, 67: 28, 68: 154, 69: 29, 70: 14, 71: 4, 72: 29, 73: 155, 74: 19, 75: 55, 76: 56, 77: 157, 78: 171, 79: 118, 80: 86, 81: 103, 82: 141, 83: 142, 84: 53, 85: 58, 86: 27, 87: 129, 88: 175, 89: 68, 90: 170, 91: 11, 92: 6, 93: 59, 94: 16, 95: 156, 96: 25, 97: 1, 98: 160, 99: 151}}
03-17 17:17 INFO     in comm round:0
03-17 17:17 INFO     Training network 0 n_training: 5000
03-17 17:17 INFO     Training network 0
03-17 17:17 INFO     n_training: 39
03-17 17:17 INFO     Client: 0 Epoch: 0 Loss: 4.04177145468883
03-17 17:17 INFO     Client: 0 Epoch: 1 Loss: 3.5680353824908915
03-17 17:17 INFO     Client: 0 Epoch: 2 Loss: 3.2858708516145363
03-17 17:17 INFO     Client: 0 Epoch: 3 Loss: 3.130182914244823
03-17 17:17 INFO     Client: 0 Epoch: 4 Loss: 2.9481153121361365
03-17 17:17 INFO      ** Client: 0 Training complete **
03-17 17:17 INFO     Training network 1 n_training: 8000
03-17 17:17 INFO     Training network 1
03-17 17:17 INFO     n_training: 62
03-17 17:17 INFO     Client: 1 Epoch: 0 Loss: 4.259772989057725
03-17 17:17 INFO     Client: 1 Epoch: 1 Loss: 3.659176207357837
03-17 17:17 INFO     Client: 1 Epoch: 2 Loss: 3.4423065916184457
03-17 17:17 INFO     Client: 1 Epoch: 3 Loss: 3.2826035176554034
03-17 17:17 INFO     Client: 1 Epoch: 4 Loss: 3.1465561313013874
03-17 17:17 INFO      ** Client: 1 Training complete **
03-17 17:17 INFO     global n_training: 390
03-17 17:17 INFO     global n_test: 79
03-17 17:17 INFO     >> Global Model Train accuracy: 0.0363, Train accuracy top-5: 0.1480
03-17 17:17 INFO     >> Global Model Test accuracy: 0.0398, Test accuracy top-5: 0.1616
03-17 17:17 INFO     >> Global Model Train loss: 4.8147
03-17 17:17 INFO     in comm round:1
03-17 17:17 INFO     Training network 0 n_training: 5000
03-17 17:17 INFO     Training network 0
03-17 17:17 INFO     n_training: 39
03-17 17:17 INFO     Client: 0 Epoch: 0 Loss: 3.3495651208437405
03-17 17:17 INFO     Client: 0 Epoch: 1 Loss: 2.921145799832466
03-17 17:17 INFO     Client: 0 Epoch: 2 Loss: 2.7260806315984483
03-17 17:17 INFO     Client: 0 Epoch: 3 Loss: 2.565109473008376
03-17 17:17 INFO     Client: 0 Epoch: 4 Loss: 2.4009984823373647
03-17 17:18 INFO      ** Client: 0 Training complete **
03-17 17:18 INFO     Training network 1 n_training: 8000
03-17 17:18 INFO     Training network 1
03-17 17:18 INFO     n_training: 62
03-17 17:18 INFO     Client: 1 Epoch: 0 Loss: 3.3664173695348922
03-17 17:18 INFO     Client: 1 Epoch: 1 Loss: 2.961134018436555
03-17 17:18 INFO     Client: 1 Epoch: 2 Loss: 2.8265305603704145
03-17 17:18 INFO     Client: 1 Epoch: 3 Loss: 2.6511995138660556
03-17 17:18 INFO     Client: 1 Epoch: 4 Loss: 2.5162252918366463
03-17 17:18 INFO      ** Client: 1 Training complete **
03-17 17:18 INFO     global n_training: 390
03-17 17:18 INFO     global n_test: 79
03-17 17:18 INFO     >> Global Model Train accuracy: 0.1536, Train accuracy top-5: 0.4099
03-17 17:18 INFO     >> Global Model Test accuracy: 0.1565, Test accuracy top-5: 0.4109
03-17 17:18 INFO     >> Global Model Train loss: 3.6476
03-17 17:18 INFO     in comm round:2
03-17 17:18 INFO     Training network 0 n_training: 5000
03-17 17:18 INFO     Training network 0
03-17 17:18 INFO     n_training: 39
03-17 17:18 INFO     Client: 0 Epoch: 0 Loss: 2.73047014994499
03-17 17:18 INFO     Client: 0 Epoch: 1 Loss: 2.3865583554292336
03-17 17:18 INFO     Client: 0 Epoch: 2 Loss: 2.2067691576786532
03-17 17:18 INFO     Client: 0 Epoch: 3 Loss: 2.0830123088298698
03-17 17:18 INFO     Client: 0 Epoch: 4 Loss: 1.9687758409059966
03-17 17:18 INFO      ** Client: 0 Training complete **
03-17 17:18 INFO     Training network 1 n_training: 8000
03-17 17:18 INFO     Training network 1
03-17 17:18 INFO     n_training: 62
03-17 17:18 INFO     Client: 1 Epoch: 0 Loss: 2.7993449203429686
03-17 17:18 INFO     Client: 1 Epoch: 1 Loss: 2.4675013480647916
03-17 17:18 INFO     Client: 1 Epoch: 2 Loss: 2.2683053132026427
03-17 17:18 INFO     Client: 1 Epoch: 3 Loss: 2.148012711155799
03-17 17:18 INFO     Client: 1 Epoch: 4 Loss: 2.0428366257298376
03-17 17:18 INFO      ** Client: 1 Training complete **
03-17 17:18 INFO     global n_training: 390
03-17 17:18 INFO     global n_test: 79
03-17 17:18 INFO     >> Global Model Train accuracy: 0.2820, Train accuracy top-5: 0.5706
03-17 17:18 INFO     >> Global Model Test accuracy: 0.2801, Test accuracy top-5: 0.5653
03-17 17:18 INFO     >> Global Model Train loss: 3.0065
03-17 17:18 INFO     in comm round:3
03-17 17:18 INFO     Training network 0 n_training: 5000
03-17 17:18 INFO     Training network 0
03-17 17:18 INFO     n_training: 39
03-17 17:18 INFO     Client: 0 Epoch: 0 Loss: 2.226853120021331
03-17 17:18 INFO     Client: 0 Epoch: 1 Loss: 1.88474706808726
03-17 17:18 INFO     Client: 0 Epoch: 2 Loss: 1.7535932553120148
03-17 17:18 INFO     Client: 0 Epoch: 3 Loss: 1.6181310415267944
03-17 17:18 INFO     Client: 0 Epoch: 4 Loss: 1.5192110507916181
03-17 17:18 INFO      ** Client: 0 Training complete **
03-17 17:18 INFO     Training network 1 n_training: 8000
03-17 17:18 INFO     Training network 1
03-17 17:18 INFO     n_training: 62
03-17 17:18 INFO     Client: 1 Epoch: 0 Loss: 2.318655356284111
03-17 17:18 INFO     Client: 1 Epoch: 1 Loss: 2.027223875445704
03-17 17:19 INFO     Client: 1 Epoch: 2 Loss: 1.8530395492430656
03-17 17:19 INFO     Client: 1 Epoch: 3 Loss: 1.7353607262334516
03-17 17:19 INFO     Client: 1 Epoch: 4 Loss: 1.6164923752507856
03-17 17:19 INFO      ** Client: 1 Training complete **
03-17 17:19 INFO     global n_training: 390
03-17 17:19 INFO     global n_test: 79
03-17 17:19 INFO     >> Global Model Train accuracy: 0.3372, Train accuracy top-5: 0.6426
03-17 17:19 INFO     >> Global Model Test accuracy: 0.3236, Test accuracy top-5: 0.6261
03-17 17:19 INFO     >> Global Model Train loss: 2.6933
03-17 17:19 INFO     in comm round:4
03-17 17:19 INFO     Training network 0 n_training: 5000
03-17 17:19 INFO     Training network 0
03-17 17:19 INFO     n_training: 39
03-17 17:19 INFO     Client: 0 Epoch: 0 Loss: 1.8517969968991401
03-17 17:19 INFO     Client: 0 Epoch: 1 Loss: 1.5123176696972969
03-17 17:19 INFO     Client: 0 Epoch: 2 Loss: 1.3816226629110484
03-17 17:19 INFO     Client: 0 Epoch: 3 Loss: 1.2488962488296704
03-17 17:19 INFO     Client: 0 Epoch: 4 Loss: 1.1469701711948102
03-17 17:19 INFO      ** Client: 0 Training complete **
03-17 17:19 INFO     Training network 1 n_training: 8000
03-17 17:19 INFO     Training network 1
03-17 17:19 INFO     n_training: 62
03-17 17:19 INFO     Client: 1 Epoch: 0 Loss: 1.9364156203885232
03-17 17:19 INFO     Client: 1 Epoch: 1 Loss: 1.650481616297076
03-17 17:19 INFO     Client: 1 Epoch: 2 Loss: 1.4945035019228536
03-17 17:19 INFO     Client: 1 Epoch: 3 Loss: 1.3881320280413474
03-17 17:19 INFO     Client: 1 Epoch: 4 Loss: 1.2806568645661878
03-17 17:19 INFO      ** Client: 1 Training complete **
03-17 17:19 INFO     global n_training: 390
03-17 17:19 INFO     global n_test: 79
03-17 17:19 INFO     >> Global Model Train accuracy: 0.3831, Train accuracy top-5: 0.7033
03-17 17:19 INFO     >> Global Model Test accuracy: 0.3607, Test accuracy top-5: 0.6789
03-17 17:19 INFO     >> Global Model Train loss: 2.4588
03-17 17:19 INFO     in comm round:5
03-17 17:19 INFO     Training network 0 n_training: 5000
03-17 17:19 INFO     Training network 0
03-17 17:19 INFO     n_training: 39
03-17 17:19 INFO     Client: 0 Epoch: 0 Loss: 1.5123340411063952
03-17 17:19 INFO     Client: 0 Epoch: 1 Loss: 1.201276210638193
03-17 17:19 INFO     Client: 0 Epoch: 2 Loss: 1.0585013383474104
03-17 17:19 INFO     Client: 0 Epoch: 3 Loss: 0.9232732011721685
03-17 17:19 INFO     Client: 0 Epoch: 4 Loss: 0.8560289251498687
03-17 17:19 INFO      ** Client: 0 Training complete **
03-17 17:19 INFO     Training network 1 n_training: 8000
03-17 17:19 INFO     Training network 1
03-17 17:19 INFO     n_training: 62
03-17 17:19 INFO     Client: 1 Epoch: 0 Loss: 1.624523514701474
03-17 17:19 INFO     Client: 1 Epoch: 1 Loss: 1.32195145276285
03-17 17:19 INFO     Client: 1 Epoch: 2 Loss: 1.1901951124591212
03-17 17:19 INFO     Client: 1 Epoch: 3 Loss: 1.0944434221713775
03-17 17:20 INFO     Client: 1 Epoch: 4 Loss: 0.9955655461357485
03-17 17:20 INFO      ** Client: 1 Training complete **
03-17 17:20 INFO     global n_training: 390
03-17 17:20 INFO     global n_test: 79
03-17 17:20 INFO     >> Global Model Train accuracy: 0.4227, Train accuracy top-5: 0.7338
03-17 17:20 INFO     >> Global Model Test accuracy: 0.3942, Test accuracy top-5: 0.6981
03-17 17:20 INFO     >> Global Model Train loss: 2.3224
03-17 17:20 INFO     in comm round:6
03-17 17:20 INFO     Training network 0 n_training: 5000
03-17 17:20 INFO     Training network 0
03-17 17:20 INFO     n_training: 39
03-17 17:20 INFO     Client: 0 Epoch: 0 Loss: 1.2420250559464479
03-17 17:20 INFO     Client: 0 Epoch: 1 Loss: 0.9178165594736735
03-17 17:20 INFO     Client: 0 Epoch: 2 Loss: 0.7757885731183566
03-17 17:20 INFO     Client: 0 Epoch: 3 Loss: 0.6975580071791624
03-17 17:20 INFO     Client: 0 Epoch: 4 Loss: 0.5809716291916676
03-17 17:20 INFO      ** Client: 0 Training complete **
03-17 17:20 INFO     Training network 1 n_training: 8000
03-17 17:20 INFO     Training network 1
03-17 17:20 INFO     n_training: 62
03-17 17:20 INFO     Client: 1 Epoch: 0 Loss: 1.3186778503079568
03-17 17:20 INFO     Client: 1 Epoch: 1 Loss: 1.0702005086406585
03-17 17:20 INFO     Client: 1 Epoch: 2 Loss: 0.9362382965703164
03-17 17:20 INFO     Client: 1 Epoch: 3 Loss: 0.8447743904206061
03-17 17:20 INFO     Client: 1 Epoch: 4 Loss: 0.7642303253373792
03-17 17:20 INFO      ** Client: 1 Training complete **
03-17 17:20 INFO     global n_training: 390
03-17 17:20 INFO     global n_test: 79
03-17 17:20 INFO     >> Global Model Train accuracy: 0.4764, Train accuracy top-5: 0.7814
03-17 17:20 INFO     >> Global Model Test accuracy: 0.4312, Test accuracy top-5: 0.7383
03-17 17:20 INFO     >> Global Model Train loss: 2.0726
03-17 17:20 INFO     in comm round:7
03-17 17:20 INFO     Training network 0 n_training: 5000
03-17 17:20 INFO     Training network 0
03-17 17:20 INFO     n_training: 39
03-17 17:20 INFO     Client: 0 Epoch: 0 Loss: 0.9517873800717868
03-17 17:20 INFO     Client: 0 Epoch: 1 Loss: 0.7294115821520487
03-17 17:20 INFO     Client: 0 Epoch: 2 Loss: 0.5812117663713602
03-17 17:20 INFO     Client: 0 Epoch: 3 Loss: 0.4564496546219557
03-17 17:20 INFO     Client: 0 Epoch: 4 Loss: 0.40826411354236114
03-17 17:20 INFO      ** Client: 0 Training complete **
03-17 17:20 INFO     Training network 1 n_training: 8000
03-17 17:20 INFO     Training network 1
03-17 17:20 INFO     n_training: 62
03-17 17:20 INFO     Client: 1 Epoch: 0 Loss: 1.0693119735487047
03-17 17:20 INFO     Client: 1 Epoch: 1 Loss: 0.8357371985912323
03-17 17:20 INFO     Client: 1 Epoch: 2 Loss: 0.7055675012450064
03-17 17:20 INFO     Client: 1 Epoch: 3 Loss: 0.6480095372084649
03-17 17:20 INFO     Client: 1 Epoch: 4 Loss: 0.566618356012529
03-17 17:20 INFO      ** Client: 1 Training complete **
03-17 17:20 INFO     global n_training: 390
03-17 17:20 INFO     global n_test: 79
03-17 17:21 INFO     >> Global Model Train accuracy: 0.4948, Train accuracy top-5: 0.7905
03-17 17:21 INFO     >> Global Model Test accuracy: 0.4382, Test accuracy top-5: 0.7406
03-17 17:21 INFO     >> Global Model Train loss: 2.0541
03-17 17:21 INFO     in comm round:8
03-17 17:21 INFO     Training network 0 n_training: 5000
03-17 17:21 INFO     Training network 0
03-17 17:21 INFO     n_training: 39
03-17 17:21 INFO     Client: 0 Epoch: 0 Loss: 0.7637474949543293
03-17 17:21 INFO     Client: 0 Epoch: 1 Loss: 0.5430659575340075
03-17 17:21 INFO     Client: 0 Epoch: 2 Loss: 0.4157323497228133
03-17 17:21 INFO     Client: 0 Epoch: 3 Loss: 0.29971978526849014
03-17 17:21 INFO     Client: 0 Epoch: 4 Loss: 0.2556229612002006
03-17 17:21 INFO      ** Client: 0 Training complete **
03-17 17:21 INFO     Training network 1 n_training: 8000
03-17 17:21 INFO     Training network 1
03-17 17:21 INFO     n_training: 62
03-17 17:21 INFO     Client: 1 Epoch: 0 Loss: 0.8250697572385112
03-17 17:21 INFO     Client: 1 Epoch: 1 Loss: 0.6338582370550402
03-17 17:21 INFO     Client: 1 Epoch: 2 Loss: 0.5201579673636344
03-17 17:21 INFO     Client: 1 Epoch: 3 Loss: 0.4629128897382367
03-17 17:21 INFO     Client: 1 Epoch: 4 Loss: 0.41815664210627157
03-17 17:21 INFO      ** Client: 1 Training complete **
03-17 17:21 INFO     global n_training: 390
03-17 17:21 INFO     global n_test: 79
03-17 17:21 INFO     >> Global Model Train accuracy: 0.5107, Train accuracy top-5: 0.8030
03-17 17:21 INFO     >> Global Model Test accuracy: 0.4459, Test accuracy top-5: 0.7490
03-17 17:21 INFO     >> Global Model Train loss: 2.0177
03-17 17:21 INFO     in comm round:9
03-17 17:21 INFO     Training network 0 n_training: 5000
03-17 17:21 INFO     Training network 0
03-17 17:21 INFO     n_training: 39
03-17 17:21 INFO     Client: 0 Epoch: 0 Loss: 0.6142815626584567
03-17 17:21 INFO     Client: 0 Epoch: 1 Loss: 0.40009519304984653
03-17 17:21 INFO     Client: 0 Epoch: 2 Loss: 0.296686820494823
03-17 17:21 INFO     Client: 0 Epoch: 3 Loss: 0.21888734247439948
03-17 17:21 INFO     Client: 0 Epoch: 4 Loss: 0.18334984893982226
03-17 17:21 INFO      ** Client: 0 Training complete **
03-17 17:21 INFO     Training network 1 n_training: 8000
03-17 17:21 INFO     Training network 1
03-17 17:21 INFO     n_training: 62
03-17 17:21 INFO     Client: 1 Epoch: 0 Loss: 0.6255309461585937
03-17 17:21 INFO     Client: 1 Epoch: 1 Loss: 0.5142403759302632
03-17 17:21 INFO     Client: 1 Epoch: 2 Loss: 0.3815623906350905
03-17 17:21 INFO     Client: 1 Epoch: 3 Loss: 0.313677572915631
03-17 17:21 INFO     Client: 1 Epoch: 4 Loss: 0.2609754298483172
03-17 17:21 INFO      ** Client: 1 Training complete **
03-17 17:21 INFO     global n_training: 390
03-17 17:21 INFO     global n_test: 79
03-17 17:21 INFO     >> Global Model Train accuracy: 0.5483, Train accuracy top-5: 0.8228
03-17 17:21 INFO     >> Global Model Test accuracy: 0.4629, Test accuracy top-5: 0.7680
03-17 17:21 INFO     >> Global Model Train loss: 1.9002
03-17 17:21 INFO     in comm round:10
03-17 17:21 INFO     Training network 0 n_training: 5000
03-17 17:21 INFO     Training network 0
03-17 17:21 INFO     n_training: 39
03-17 17:21 INFO     Client: 0 Epoch: 0 Loss: 0.4520991222980695
03-17 17:22 INFO     Client: 0 Epoch: 1 Loss: 0.2898973371738043
03-17 17:22 INFO     Client: 0 Epoch: 2 Loss: 0.20662115590694624
03-17 17:22 INFO     Client: 0 Epoch: 3 Loss: 0.14565293261638054
03-17 17:22 INFO     Client: 0 Epoch: 4 Loss: 0.11318072963219422
03-17 17:22 INFO      ** Client: 0 Training complete **
03-17 17:22 INFO     Training network 1 n_training: 8000
03-17 17:22 INFO     Training network 1
03-17 17:22 INFO     n_training: 62
03-17 17:22 INFO     Client: 1 Epoch: 0 Loss: 0.4696982555812405
03-17 17:22 INFO     Client: 1 Epoch: 1 Loss: 0.34537303784201223
03-17 17:22 INFO     Client: 1 Epoch: 2 Loss: 0.27966610342264175
03-17 17:22 INFO     Client: 1 Epoch: 3 Loss: 0.24050780313630257
03-17 17:22 INFO     Client: 1 Epoch: 4 Loss: 0.18596987113837274
03-17 17:22 INFO      ** Client: 1 Training complete **
03-17 17:22 INFO     global n_training: 390
03-17 17:22 INFO     global n_test: 79
03-17 17:22 INFO     >> Global Model Train accuracy: 0.5649, Train accuracy top-5: 0.8263
03-17 17:22 INFO     >> Global Model Test accuracy: 0.4746, Test accuracy top-5: 0.7728
03-17 17:22 INFO     >> Global Model Train loss: 1.8634
03-17 17:22 INFO     in comm round:11
03-17 17:22 INFO     Training network 0 n_training: 5000
03-17 17:22 INFO     Training network 0
03-17 17:22 INFO     n_training: 39
03-17 17:22 INFO     Client: 0 Epoch: 0 Loss: 0.3401673333002971
03-17 17:22 INFO     Client: 0 Epoch: 1 Loss: 0.19227511072770143
03-17 17:22 INFO     Client: 0 Epoch: 2 Loss: 0.14202426641415328
03-17 17:22 INFO     Client: 0 Epoch: 3 Loss: 0.11601094003671254
03-17 17:22 INFO     Client: 0 Epoch: 4 Loss: 0.08341908760559864
03-17 17:22 INFO      ** Client: 0 Training complete **
03-17 17:22 INFO     Training network 1 n_training: 8000
03-17 17:22 INFO     Training network 1
03-17 17:22 INFO     n_training: 62
03-17 17:22 INFO     Client: 1 Epoch: 0 Loss: 0.35221668645258875
03-17 17:22 INFO     Client: 1 Epoch: 1 Loss: 0.23919126367376697
03-17 17:22 INFO     Client: 1 Epoch: 2 Loss: 0.1757999641760703
03-17 17:22 INFO     Client: 1 Epoch: 3 Loss: 0.15488927402803976
03-17 17:22 INFO     Client: 1 Epoch: 4 Loss: 0.1413105892077569
03-17 17:22 INFO      ** Client: 1 Training complete **
03-17 17:22 INFO     global n_training: 390
03-17 17:22 INFO     global n_test: 79
03-17 17:22 INFO     >> Global Model Train accuracy: 0.5762, Train accuracy top-5: 0.8292
03-17 17:22 INFO     >> Global Model Test accuracy: 0.4766, Test accuracy top-5: 0.7714
03-17 17:22 INFO     >> Global Model Train loss: 1.8566
03-17 17:22 INFO     in comm round:12
03-17 17:22 INFO     Training network 0 n_training: 5000
03-17 17:22 INFO     Training network 0
03-17 17:22 INFO     n_training: 39
03-17 17:22 INFO     Client: 0 Epoch: 0 Loss: 0.2786653091510137
03-17 17:22 INFO     Client: 0 Epoch: 1 Loss: 0.1687407352221318
03-17 17:22 INFO     Client: 0 Epoch: 2 Loss: 0.10481894398346925
03-17 17:22 INFO     Client: 0 Epoch: 3 Loss: 0.06758158376965767
03-17 17:23 INFO     Client: 0 Epoch: 4 Loss: 0.055190167556970544
03-17 17:23 INFO      ** Client: 0 Training complete **
03-17 17:23 INFO     Training network 1 n_training: 8000
03-17 17:23 INFO     Training network 1
03-17 17:23 INFO     n_training: 62
03-17 17:23 INFO     Client: 1 Epoch: 0 Loss: 0.2540235130056258
03-17 17:23 INFO     Client: 1 Epoch: 1 Loss: 0.15626573478502612
03-17 17:23 INFO     Client: 1 Epoch: 2 Loss: 0.12901051955357676
03-17 17:23 INFO     Client: 1 Epoch: 3 Loss: 0.0972497383312833
03-17 17:23 INFO     Client: 1 Epoch: 4 Loss: 0.07600877397964077
03-17 17:23 INFO      ** Client: 1 Training complete **
03-17 17:23 INFO     global n_training: 390
03-17 17:23 INFO     global n_test: 79
03-17 17:23 INFO     >> Global Model Train accuracy: 0.5905, Train accuracy top-5: 0.8367
03-17 17:23 INFO     >> Global Model Test accuracy: 0.4924, Test accuracy top-5: 0.7850
03-17 17:23 INFO     >> Global Model Train loss: 1.7886
03-17 17:23 INFO     in comm round:13
03-17 17:23 INFO     Training network 0 n_training: 5000
03-17 17:23 INFO     Training network 0
03-17 17:23 INFO     n_training: 39
03-17 17:23 INFO     Client: 0 Epoch: 0 Loss: 0.19838331620662641
03-17 17:23 INFO     Client: 0 Epoch: 1 Loss: 0.11031445220876963
03-17 17:23 INFO     Client: 0 Epoch: 2 Loss: 0.0753884970759734
03-17 17:23 INFO     Client: 0 Epoch: 3 Loss: 0.059855375152367815
03-17 17:23 INFO     Client: 0 Epoch: 4 Loss: 0.04384225415877807
03-17 17:23 INFO      ** Client: 0 Training complete **
03-17 17:23 INFO     Training network 1 n_training: 8000
03-17 17:23 INFO     Training network 1
03-17 17:23 INFO     n_training: 62
03-17 17:23 INFO     Client: 1 Epoch: 0 Loss: 0.17251485093466698
03-17 17:23 INFO     Client: 1 Epoch: 1 Loss: 0.10502954404200276
03-17 17:23 INFO     Client: 1 Epoch: 2 Loss: 0.09186166308579906
03-17 17:23 INFO     Client: 1 Epoch: 3 Loss: 0.060044017139702074
03-17 17:23 INFO     Client: 1 Epoch: 4 Loss: 0.05269959046235008
03-17 17:23 INFO      ** Client: 1 Training complete **
03-17 17:23 INFO     global n_training: 390
03-17 17:23 INFO     global n_test: 79
03-17 17:23 INFO     >> Global Model Train accuracy: 0.6021, Train accuracy top-5: 0.8392
03-17 17:23 INFO     >> Global Model Test accuracy: 0.4959, Test accuracy top-5: 0.7872
03-17 17:23 INFO     >> Global Model Train loss: 1.7713
03-17 17:23 INFO     in comm round:14
03-17 17:23 INFO     Training network 0 n_training: 5000
03-17 17:23 INFO     Training network 0
03-17 17:23 INFO     n_training: 39
03-17 17:23 INFO     Client: 0 Epoch: 0 Loss: 0.15361932798838004
03-17 17:23 INFO     Client: 0 Epoch: 1 Loss: 0.08662621466777264
03-17 17:23 INFO     Client: 0 Epoch: 2 Loss: 0.05953832644109543
03-17 17:23 INFO     Client: 0 Epoch: 3 Loss: 0.039233591550817855
03-17 17:23 INFO     Client: 0 Epoch: 4 Loss: 0.026721002534031868
03-17 17:23 INFO      ** Client: 0 Training complete **
03-17 17:23 INFO     Training network 1 n_training: 8000
03-17 17:23 INFO     Training network 1
03-17 17:23 INFO     n_training: 62
03-17 17:23 INFO     Client: 1 Epoch: 0 Loss: 0.13580957151228382
03-17 17:24 INFO     Client: 1 Epoch: 1 Loss: 0.08187251471944394
03-17 17:24 INFO     Client: 1 Epoch: 2 Loss: 0.05911016344062744
03-17 17:24 INFO     Client: 1 Epoch: 3 Loss: 0.04292951280912084
03-17 17:24 INFO     Client: 1 Epoch: 4 Loss: 0.03203995528841211
03-17 17:24 INFO      ** Client: 1 Training complete **
03-17 17:24 INFO     global n_training: 390
03-17 17:24 INFO     global n_test: 79
03-17 17:24 INFO     >> Global Model Train accuracy: 0.6124, Train accuracy top-5: 0.8413
03-17 17:24 INFO     >> Global Model Test accuracy: 0.5027, Test accuracy top-5: 0.7894
03-17 17:24 INFO     >> Global Model Train loss: 1.7407
03-17 17:24 INFO     in comm round:15
03-17 17:24 INFO     Training network 0 n_training: 5000
03-17 17:24 INFO     Training network 0
03-17 17:24 INFO     n_training: 39
03-17 17:24 INFO     Client: 0 Epoch: 0 Loss: 0.10863901072969803
03-17 17:24 INFO     Client: 0 Epoch: 1 Loss: 0.0513080775928803
03-17 17:24 INFO     Client: 0 Epoch: 2 Loss: 0.03308780252551421
03-17 17:24 INFO     Client: 0 Epoch: 3 Loss: 0.0234884090291766
03-17 17:24 INFO     Client: 0 Epoch: 4 Loss: 0.018109036418489922
03-17 17:24 INFO      ** Client: 0 Training complete **
03-17 17:24 INFO     Training network 1 n_training: 8000
03-17 17:24 INFO     Training network 1
03-17 17:24 INFO     n_training: 62
03-17 17:24 INFO     Client: 1 Epoch: 0 Loss: 0.11680715777460605
03-17 17:24 INFO     Client: 1 Epoch: 1 Loss: 0.06845414944954457
03-17 17:24 INFO     Client: 1 Epoch: 2 Loss: 0.04890716950138731
03-17 17:24 INFO     Client: 1 Epoch: 3 Loss: 0.03203955904069927
03-17 17:24 INFO     Client: 1 Epoch: 4 Loss: 0.027954228102199493
03-17 17:24 INFO      ** Client: 1 Training complete **
03-17 17:24 INFO     global n_training: 390
03-17 17:24 INFO     global n_test: 79
03-17 17:24 INFO     >> Global Model Train accuracy: 0.6178, Train accuracy top-5: 0.8437
03-17 17:24 INFO     >> Global Model Test accuracy: 0.5054, Test accuracy top-5: 0.7928
03-17 17:24 INFO     >> Global Model Train loss: 1.7036
03-17 17:24 INFO     in comm round:16
03-17 17:24 INFO     Training network 0 n_training: 5000
03-17 17:24 INFO     Training network 0
03-17 17:24 INFO     n_training: 39
03-17 17:24 INFO     Client: 0 Epoch: 0 Loss: 0.10037026688074455
03-17 17:24 INFO     Client: 0 Epoch: 1 Loss: 0.04377971460612921
03-17 17:24 INFO     Client: 0 Epoch: 2 Loss: 0.03101453844171304
03-17 17:24 INFO     Client: 0 Epoch: 3 Loss: 0.023188663001817007
03-17 17:24 INFO     Client: 0 Epoch: 4 Loss: 0.019099040577809017
03-17 17:24 INFO      ** Client: 0 Training complete **
03-17 17:24 INFO     Training network 1 n_training: 8000
03-17 17:24 INFO     Training network 1
03-17 17:24 INFO     n_training: 62
03-17 17:24 INFO     Client: 1 Epoch: 0 Loss: 0.07474408310747915
03-17 17:24 INFO     Client: 1 Epoch: 1 Loss: 0.044633756181405436
03-17 17:24 INFO     Client: 1 Epoch: 2 Loss: 0.029058862597711625
03-17 17:24 INFO     Client: 1 Epoch: 3 Loss: 0.025158201224140583
03-17 17:25 INFO     Client: 1 Epoch: 4 Loss: 0.023226889571355235
03-17 17:25 INFO      ** Client: 1 Training complete **
03-17 17:25 INFO     global n_training: 390
03-17 17:25 INFO     global n_test: 79
03-17 17:25 INFO     >> Global Model Train accuracy: 0.6229, Train accuracy top-5: 0.8459
03-17 17:25 INFO     >> Global Model Test accuracy: 0.5057, Test accuracy top-5: 0.7941
03-17 17:25 INFO     >> Global Model Train loss: 1.6878
03-17 17:25 INFO     in comm round:17
03-17 17:25 INFO     Training network 0 n_training: 5000
03-17 17:25 INFO     Training network 0
03-17 17:25 INFO     n_training: 39
03-17 17:25 INFO     Client: 0 Epoch: 0 Loss: 0.06639306581555268
03-17 17:25 INFO     Client: 0 Epoch: 1 Loss: 0.029125131618900176
03-17 17:25 INFO     Client: 0 Epoch: 2 Loss: 0.01923784241080284
03-17 17:25 INFO     Client: 0 Epoch: 3 Loss: 0.01411511842161417
03-17 17:25 INFO     Client: 0 Epoch: 4 Loss: 0.011384656425947562
03-17 17:25 INFO      ** Client: 0 Training complete **
03-17 17:25 INFO     Training network 1 n_training: 8000
03-17 17:25 INFO     Training network 1
03-17 17:25 INFO     n_training: 62
03-17 17:25 INFO     Client: 1 Epoch: 0 Loss: 0.06083973848651494
03-17 17:25 INFO     Client: 1 Epoch: 1 Loss: 0.030527734212697513
03-17 17:25 INFO     Client: 1 Epoch: 2 Loss: 0.020626448770804752
03-17 17:25 INFO     Client: 1 Epoch: 3 Loss: 0.015732791334871325
03-17 17:25 INFO     Client: 1 Epoch: 4 Loss: 0.012358523184253324
03-17 17:25 INFO      ** Client: 1 Training complete **
03-17 17:25 INFO     global n_training: 390
03-17 17:25 INFO     global n_test: 79
03-17 17:25 INFO     >> Global Model Train accuracy: 0.6307, Train accuracy top-5: 0.8462
03-17 17:25 INFO     >> Global Model Test accuracy: 0.5170, Test accuracy top-5: 0.7959
03-17 17:25 INFO     >> Global Model Train loss: 1.6506
03-17 17:25 INFO     in comm round:18
03-17 17:25 INFO     Training network 0 n_training: 5000
03-17 17:25 INFO     Training network 0
03-17 17:25 INFO     n_training: 39
03-17 17:25 INFO     Client: 0 Epoch: 0 Loss: 0.05747969267077935
03-17 17:25 INFO     Client: 0 Epoch: 1 Loss: 0.022252790414943144
03-17 17:25 INFO     Client: 0 Epoch: 2 Loss: 0.016225826138487227
03-17 17:25 INFO     Client: 0 Epoch: 3 Loss: 0.012210956858232236
03-17 17:25 INFO     Client: 0 Epoch: 4 Loss: 0.010586275313145075
03-17 17:25 INFO      ** Client: 0 Training complete **
03-17 17:25 INFO     Training network 1 n_training: 8000
03-17 17:25 INFO     Training network 1
03-17 17:25 INFO     n_training: 62
03-17 17:25 INFO     Client: 1 Epoch: 0 Loss: 0.04358061122137212
03-17 17:25 INFO     Client: 1 Epoch: 1 Loss: 0.01679540297857696
03-17 17:25 INFO     Client: 1 Epoch: 2 Loss: 0.012920757785679833
03-17 17:25 INFO     Client: 1 Epoch: 3 Loss: 0.011794023396026703
03-17 17:25 INFO     Client: 1 Epoch: 4 Loss: 0.010367281171643445
03-17 17:25 INFO      ** Client: 1 Training complete **
03-17 17:25 INFO     global n_training: 390
03-17 17:25 INFO     global n_test: 79
03-17 17:26 INFO     >> Global Model Train accuracy: 0.6304, Train accuracy top-5: 0.8475
03-17 17:26 INFO     >> Global Model Test accuracy: 0.5126, Test accuracy top-5: 0.7954
03-17 17:26 INFO     >> Global Model Train loss: 1.6411
03-17 17:26 INFO     in comm round:19
03-17 17:26 INFO     Training network 0 n_training: 5000
03-17 17:26 INFO     Training network 0
03-17 17:26 INFO     n_training: 39
03-17 17:26 INFO     Client: 0 Epoch: 0 Loss: 0.04972569396098455
03-17 17:26 INFO     Client: 0 Epoch: 1 Loss: 0.019591236487030983
03-17 17:26 INFO     Client: 0 Epoch: 2 Loss: 0.012564317633708319
03-17 17:26 INFO     Client: 0 Epoch: 3 Loss: 0.010260056369961837
03-17 17:26 INFO     Client: 0 Epoch: 4 Loss: 0.008818888368132787
03-17 17:26 INFO      ** Client: 0 Training complete **
03-17 17:26 INFO     Training network 1 n_training: 8000
03-17 17:26 INFO     Training network 1
03-17 17:26 INFO     n_training: 62
03-17 17:26 INFO     Client: 1 Epoch: 0 Loss: 0.03969711403272325
03-17 17:26 INFO     Client: 1 Epoch: 1 Loss: 0.017362229180552306
03-17 17:26 INFO     Client: 1 Epoch: 2 Loss: 0.011370616093758614
03-17 17:26 INFO     Client: 1 Epoch: 3 Loss: 0.009749291652453041
03-17 17:26 INFO     Client: 1 Epoch: 4 Loss: 0.009649431610840463
03-17 17:26 INFO      ** Client: 1 Training complete **
03-17 17:26 INFO     global n_training: 390
03-17 17:26 INFO     global n_test: 79
03-17 17:26 INFO     >> Global Model Train accuracy: 0.6354, Train accuracy top-5: 0.8464
03-17 17:26 INFO     >> Global Model Test accuracy: 0.5186, Test accuracy top-5: 0.7985
03-17 17:26 INFO     >> Global Model Train loss: 1.6312
03-17 17:26 INFO     in comm round:20
03-17 17:26 INFO     Training network 0 n_training: 5000
03-17 17:26 INFO     Training network 0
03-17 17:26 INFO     n_training: 39
03-17 17:26 INFO     Client: 0 Epoch: 0 Loss: 0.04472067622611156
03-17 17:26 INFO     Client: 0 Epoch: 1 Loss: 0.022392411358081378
03-17 17:26 INFO     Client: 0 Epoch: 2 Loss: 0.012004359219318781
03-17 17:26 INFO     Client: 0 Epoch: 3 Loss: 0.009610452498189913
03-17 17:26 INFO     Client: 0 Epoch: 4 Loss: 0.008454570642266518
03-17 17:26 INFO      ** Client: 0 Training complete **
03-17 17:26 INFO     Training network 1 n_training: 8000
03-17 17:26 INFO     Training network 1
03-17 17:26 INFO     n_training: 62
03-17 17:26 INFO     Client: 1 Epoch: 0 Loss: 0.03588683817595724
03-17 17:26 INFO     Client: 1 Epoch: 1 Loss: 0.01466736062279632
03-17 17:26 INFO     Client: 1 Epoch: 2 Loss: 0.011413638149538347
03-17 17:26 INFO     Client: 1 Epoch: 3 Loss: 0.009751588113666061
03-17 17:26 INFO     Client: 1 Epoch: 4 Loss: 0.01113823099031804
03-17 17:26 INFO      ** Client: 1 Training complete **
03-17 17:26 INFO     global n_training: 390
03-17 17:26 INFO     global n_test: 79
03-17 17:26 INFO     >> Global Model Train accuracy: 0.6381, Train accuracy top-5: 0.8486
03-17 17:26 INFO     >> Global Model Test accuracy: 0.5218, Test accuracy top-5: 0.7966
03-17 17:26 INFO     >> Global Model Train loss: 1.6127
03-17 17:26 INFO     in comm round:21
03-17 17:26 INFO     Training network 0 n_training: 5000
03-17 17:26 INFO     Training network 0
03-17 17:26 INFO     n_training: 39
03-17 17:26 INFO     Client: 0 Epoch: 0 Loss: 0.03767261725778763
03-17 17:27 INFO     Client: 0 Epoch: 1 Loss: 0.012604933578329973
03-17 17:27 INFO     Client: 0 Epoch: 2 Loss: 0.010047646311040107
03-17 17:27 INFO     Client: 0 Epoch: 3 Loss: 0.008298196352254122
03-17 17:27 INFO     Client: 0 Epoch: 4 Loss: 0.007805056284922056
03-17 17:27 INFO      ** Client: 0 Training complete **
03-17 17:27 INFO     Training network 1 n_training: 8000
03-17 17:27 INFO     Training network 1
03-17 17:27 INFO     n_training: 62
03-17 17:27 INFO     Client: 1 Epoch: 0 Loss: 0.030090911404019403
03-17 17:27 INFO     Client: 1 Epoch: 1 Loss: 0.01199169117476671
03-17 17:27 INFO     Client: 1 Epoch: 2 Loss: 0.009678033075385516
03-17 17:27 INFO     Client: 1 Epoch: 3 Loss: 0.008577382890507579
03-17 17:27 INFO     Client: 1 Epoch: 4 Loss: 0.008218979493023889
03-17 17:27 INFO      ** Client: 1 Training complete **
03-17 17:27 INFO     global n_training: 390
03-17 17:27 INFO     global n_test: 79
03-17 17:27 INFO     >> Global Model Train accuracy: 0.6398, Train accuracy top-5: 0.8475
03-17 17:27 INFO     >> Global Model Test accuracy: 0.5209, Test accuracy top-5: 0.7958
03-17 17:27 INFO     >> Global Model Train loss: 1.6078
03-17 17:27 INFO     in comm round:22
03-17 17:27 INFO     Training network 0 n_training: 5000
03-17 17:27 INFO     Training network 0
03-17 17:27 INFO     n_training: 39
03-17 17:27 INFO     Client: 0 Epoch: 0 Loss: 0.034960223600650445
03-17 17:27 INFO     Client: 0 Epoch: 1 Loss: 0.013158432375162076
03-17 17:27 INFO     Client: 0 Epoch: 2 Loss: 0.008964204838356147
03-17 17:27 INFO     Client: 0 Epoch: 3 Loss: 0.007951122589218311
03-17 17:27 INFO     Client: 0 Epoch: 4 Loss: 0.007654163890924209
03-17 17:27 INFO      ** Client: 0 Training complete **
03-17 17:27 INFO     Training network 1 n_training: 8000
03-17 17:27 INFO     Training network 1
03-17 17:27 INFO     n_training: 62
03-17 17:27 INFO     Client: 1 Epoch: 0 Loss: 0.02986866719419918
03-17 17:27 INFO     Client: 1 Epoch: 1 Loss: 0.012486264935784763
03-17 17:27 INFO     Client: 1 Epoch: 2 Loss: 0.010006681392570176
03-17 17:27 INFO     Client: 1 Epoch: 3 Loss: 0.008706028092532389
03-17 17:27 INFO     Client: 1 Epoch: 4 Loss: 0.00821349069085573
03-17 17:27 INFO      ** Client: 1 Training complete **
03-17 17:27 INFO     global n_training: 390
03-17 17:27 INFO     global n_test: 79
03-17 17:27 INFO     >> Global Model Train accuracy: 0.6404, Train accuracy top-5: 0.8469
03-17 17:27 INFO     >> Global Model Test accuracy: 0.5220, Test accuracy top-5: 0.7955
03-17 17:27 INFO     >> Global Model Train loss: 1.5949
03-17 17:27 INFO     in comm round:23
03-17 17:27 INFO     Training network 0 n_training: 5000
03-17 17:27 INFO     Training network 0
03-17 17:27 INFO     n_training: 39
03-17 17:27 INFO     Client: 0 Epoch: 0 Loss: 0.03743481736343641
03-17 17:27 INFO     Client: 0 Epoch: 1 Loss: 0.01289620557322334
03-17 17:27 INFO     Client: 0 Epoch: 2 Loss: 0.008702678964115106
03-17 17:27 INFO     Client: 0 Epoch: 3 Loss: 0.008270524537716156
03-17 17:28 INFO     Client: 0 Epoch: 4 Loss: 0.007200532007771425
03-17 17:28 INFO      ** Client: 0 Training complete **
03-17 17:28 INFO     Training network 1 n_training: 8000
03-17 17:28 INFO     Training network 1
03-17 17:28 INFO     n_training: 62
03-17 17:28 INFO     Client: 1 Epoch: 0 Loss: 0.026132019296769175
03-17 17:28 INFO     Client: 1 Epoch: 1 Loss: 0.011254814438401692
03-17 17:28 INFO     Client: 1 Epoch: 2 Loss: 0.008871789803848631
03-17 17:28 INFO     Client: 1 Epoch: 3 Loss: 0.0077414804048115205
03-17 17:28 INFO     Client: 1 Epoch: 4 Loss: 0.0077389873368966
03-17 17:28 INFO      ** Client: 1 Training complete **
03-17 17:28 INFO     global n_training: 390
03-17 17:28 INFO     global n_test: 79
03-17 17:28 INFO     >> Global Model Train accuracy: 0.6397, Train accuracy top-5: 0.8499
03-17 17:28 INFO     >> Global Model Test accuracy: 0.5271, Test accuracy top-5: 0.7991
03-17 17:28 INFO     >> Global Model Train loss: 1.5862
03-17 17:28 INFO     in comm round:24
03-17 17:28 INFO     Training network 0 n_training: 5000
03-17 17:28 INFO     Training network 0
03-17 17:28 INFO     n_training: 39
03-17 17:28 INFO     Client: 0 Epoch: 0 Loss: 0.0270591455583389
03-17 17:28 INFO     Client: 0 Epoch: 1 Loss: 0.011082494631409645
03-17 17:28 INFO     Client: 0 Epoch: 2 Loss: 0.009484028252653586
03-17 17:28 INFO     Client: 0 Epoch: 3 Loss: 0.008038092380723892
03-17 17:28 INFO     Client: 0 Epoch: 4 Loss: 0.007171083934223041
03-17 17:28 INFO      ** Client: 0 Training complete **
03-17 17:28 INFO     Training network 1 n_training: 8000
03-17 17:28 INFO     Training network 1
03-17 17:28 INFO     n_training: 62
03-17 17:28 INFO     Client: 1 Epoch: 0 Loss: 0.024831594103166172
03-17 17:28 INFO     Client: 1 Epoch: 1 Loss: 0.009910126577221578
03-17 17:28 INFO     Client: 1 Epoch: 2 Loss: 0.00878869078963274
03-17 17:28 INFO     Client: 1 Epoch: 3 Loss: 0.007808156589406633
03-17 17:28 INFO     Client: 1 Epoch: 4 Loss: 0.007298495605467788
03-17 17:28 INFO      ** Client: 1 Training complete **
03-17 17:28 INFO     global n_training: 390
03-17 17:28 INFO     global n_test: 79
03-17 17:28 INFO     >> Global Model Train accuracy: 0.6426, Train accuracy top-5: 0.8485
03-17 17:28 INFO     >> Global Model Test accuracy: 0.5277, Test accuracy top-5: 0.8001
03-17 17:28 INFO     >> Global Model Train loss: 1.5831
03-17 17:28 INFO     in comm round:25
03-17 17:28 INFO     Training network 0 n_training: 5000
03-17 17:28 INFO     Training network 0
03-17 17:28 INFO     n_training: 39
03-17 17:28 INFO     Client: 0 Epoch: 0 Loss: 0.026892882986710623
03-17 17:28 INFO     Client: 0 Epoch: 1 Loss: 0.011784448777922453
03-17 17:28 INFO     Client: 0 Epoch: 2 Loss: 0.009447257046420604
03-17 17:28 INFO     Client: 0 Epoch: 3 Loss: 0.007872284019891268
03-17 17:28 INFO     Client: 0 Epoch: 4 Loss: 0.007317901350175723
03-17 17:28 INFO      ** Client: 0 Training complete **
03-17 17:28 INFO     Training network 1 n_training: 8000
03-17 17:28 INFO     Training network 1
03-17 17:28 INFO     n_training: 62
03-17 17:28 INFO     Client: 1 Epoch: 0 Loss: 0.02387323804319866
03-17 17:29 INFO     Client: 1 Epoch: 1 Loss: 0.010194550538736006
03-17 17:29 INFO     Client: 1 Epoch: 2 Loss: 0.008625654361000466
03-17 17:29 INFO     Client: 1 Epoch: 3 Loss: 0.007441730193433261
03-17 17:29 INFO     Client: 1 Epoch: 4 Loss: 0.007600853925630931
03-17 17:29 INFO      ** Client: 1 Training complete **
03-17 17:29 INFO     global n_training: 390
03-17 17:29 INFO     global n_test: 79
03-17 17:29 INFO     >> Global Model Train accuracy: 0.6436, Train accuracy top-5: 0.8490
03-17 17:29 INFO     >> Global Model Test accuracy: 0.5259, Test accuracy top-5: 0.7983
03-17 17:29 INFO     >> Global Model Train loss: 1.5733
03-17 17:29 INFO     in comm round:26
03-17 17:29 INFO     Training network 0 n_training: 5000
03-17 17:29 INFO     Training network 0
03-17 17:29 INFO     n_training: 39
03-17 17:29 INFO     Client: 0 Epoch: 0 Loss: 0.027334076567338064
03-17 17:29 INFO     Client: 0 Epoch: 1 Loss: 0.01030665504722259
03-17 17:29 INFO     Client: 0 Epoch: 2 Loss: 0.008499038119155627
03-17 17:29 INFO     Client: 0 Epoch: 3 Loss: 0.00743588712066412
03-17 17:29 INFO     Client: 0 Epoch: 4 Loss: 0.006916811044972677
03-17 17:29 INFO      ** Client: 0 Training complete **
03-17 17:29 INFO     Training network 1 n_training: 8000
03-17 17:29 INFO     Training network 1
03-17 17:29 INFO     n_training: 62
03-17 17:29 INFO     Client: 1 Epoch: 0 Loss: 0.024208205076114785
03-17 17:29 INFO     Client: 1 Epoch: 1 Loss: 0.01007305312481138
03-17 17:29 INFO     Client: 1 Epoch: 2 Loss: 0.008037454223320369
03-17 17:29 INFO     Client: 1 Epoch: 3 Loss: 0.007828768290158722
03-17 17:29 INFO     Client: 1 Epoch: 4 Loss: 0.007115997328993774
03-17 17:29 INFO      ** Client: 1 Training complete **
03-17 17:29 INFO     global n_training: 390
03-17 17:29 INFO     global n_test: 79
03-17 17:29 INFO     >> Global Model Train accuracy: 0.6419, Train accuracy top-5: 0.8498
03-17 17:29 INFO     >> Global Model Test accuracy: 0.5277, Test accuracy top-5: 0.8005
03-17 17:29 INFO     >> Global Model Train loss: 1.5680
03-17 17:29 INFO     in comm round:27
03-17 17:29 INFO     Training network 0 n_training: 5000
03-17 17:29 INFO     Training network 0
03-17 17:29 INFO     n_training: 39
03-17 17:29 INFO     Client: 0 Epoch: 0 Loss: 0.026119819006476648
03-17 17:29 INFO     Client: 0 Epoch: 1 Loss: 0.010051450692117214
03-17 17:29 INFO     Client: 0 Epoch: 2 Loss: 0.008903617373643776
03-17 17:29 INFO     Client: 0 Epoch: 3 Loss: 0.007615748924227097
03-17 17:29 INFO     Client: 0 Epoch: 4 Loss: 0.006919098934397483
03-17 17:29 INFO      ** Client: 0 Training complete **
03-17 17:29 INFO     Training network 1 n_training: 8000
03-17 17:29 INFO     Training network 1
03-17 17:29 INFO     n_training: 62
03-17 17:29 INFO     Client: 1 Epoch: 0 Loss: 0.018818388047117378
03-17 17:29 INFO     Client: 1 Epoch: 1 Loss: 0.009646942440961157
03-17 17:29 INFO     Client: 1 Epoch: 2 Loss: 0.00851006439376262
03-17 17:29 INFO     Client: 1 Epoch: 3 Loss: 0.007081454341870642
03-17 17:30 INFO     Client: 1 Epoch: 4 Loss: 0.006670351921310348
03-17 17:30 INFO      ** Client: 1 Training complete **
03-17 17:30 INFO     global n_training: 390
03-17 17:30 INFO     global n_test: 79
03-17 17:30 INFO     >> Global Model Train accuracy: 0.6459, Train accuracy top-5: 0.8507
03-17 17:30 INFO     >> Global Model Test accuracy: 0.5271, Test accuracy top-5: 0.8010
03-17 17:30 INFO     >> Global Model Train loss: 1.5560
03-17 17:30 INFO     in comm round:28
03-17 17:30 INFO     Training network 0 n_training: 5000
03-17 17:30 INFO     Training network 0
03-17 17:30 INFO     n_training: 39
03-17 17:30 INFO     Client: 0 Epoch: 0 Loss: 0.026410828702724896
03-17 17:30 INFO     Client: 0 Epoch: 1 Loss: 0.010911786642212134
03-17 17:30 INFO     Client: 0 Epoch: 2 Loss: 0.00821213765690724
03-17 17:30 INFO     Client: 0 Epoch: 3 Loss: 0.00756889892121156
03-17 17:30 INFO     Client: 0 Epoch: 4 Loss: 0.007041731538871924
03-17 17:30 INFO      ** Client: 0 Training complete **
03-17 17:30 INFO     Training network 1 n_training: 8000
03-17 17:30 INFO     Training network 1
03-17 17:30 INFO     n_training: 62
03-17 17:30 INFO     Client: 1 Epoch: 0 Loss: 0.018659632052144697
03-17 17:30 INFO     Client: 1 Epoch: 1 Loss: 0.009273008593628484
03-17 17:30 INFO     Client: 1 Epoch: 2 Loss: 0.007814793607159969
03-17 17:30 INFO     Client: 1 Epoch: 3 Loss: 0.007450763782065722
03-17 17:30 INFO     Client: 1 Epoch: 4 Loss: 0.0068189669888646855
03-17 17:30 INFO      ** Client: 1 Training complete **
03-17 17:30 INFO     global n_training: 390
03-17 17:30 INFO     global n_test: 79
03-17 17:30 INFO     >> Global Model Train accuracy: 0.6436, Train accuracy top-5: 0.8492
03-17 17:30 INFO     >> Global Model Test accuracy: 0.5290, Test accuracy top-5: 0.7987
03-17 17:30 INFO     >> Global Model Train loss: 1.5552
03-17 17:30 INFO     in comm round:29
03-17 17:30 INFO     Training network 0 n_training: 5000
03-17 17:30 INFO     Training network 0
03-17 17:30 INFO     n_training: 39
03-17 17:30 INFO     Client: 0 Epoch: 0 Loss: 0.02467852895363019
03-17 17:30 INFO     Client: 0 Epoch: 1 Loss: 0.010587296090446986
03-17 17:30 INFO     Client: 0 Epoch: 2 Loss: 0.008770227993432527
03-17 17:30 INFO     Client: 0 Epoch: 3 Loss: 0.007422609278597893
03-17 17:30 INFO     Client: 0 Epoch: 4 Loss: 0.00712846230285672
03-17 17:30 INFO      ** Client: 0 Training complete **
03-17 17:30 INFO     Training network 1 n_training: 8000
03-17 17:30 INFO     Training network 1
03-17 17:30 INFO     n_training: 62
03-17 17:30 INFO     Client: 1 Epoch: 0 Loss: 0.018853772341484023
03-17 17:30 INFO     Client: 1 Epoch: 1 Loss: 0.0097611230768023
03-17 17:30 INFO     Client: 1 Epoch: 2 Loss: 0.0076751980494948165
03-17 17:30 INFO     Client: 1 Epoch: 3 Loss: 0.007231199648231268
03-17 17:30 INFO     Client: 1 Epoch: 4 Loss: 0.0066860137026636835
03-17 17:30 INFO      ** Client: 1 Training complete **
03-17 17:30 INFO     global n_training: 390
03-17 17:30 INFO     global n_test: 79
03-17 17:31 INFO     >> Global Model Train accuracy: 0.6456, Train accuracy top-5: 0.8501
03-17 17:31 INFO     >> Global Model Test accuracy: 0.5285, Test accuracy top-5: 0.7991
03-17 17:31 INFO     >> Global Model Train loss: 1.5549
03-17 17:31 INFO     in comm round:30
03-17 17:31 INFO     Training network 0 n_training: 5000
03-17 17:31 INFO     Training network 0
03-17 17:31 INFO     n_training: 39
03-17 17:31 INFO     Client: 0 Epoch: 0 Loss: 0.02492197634031375
03-17 17:31 INFO     Client: 0 Epoch: 1 Loss: 0.010635210344424615
03-17 17:31 INFO     Client: 0 Epoch: 2 Loss: 0.008322248533845712
03-17 17:31 INFO     Client: 0 Epoch: 3 Loss: 0.007696786549133368
03-17 17:31 INFO     Client: 0 Epoch: 4 Loss: 0.0067315035953353615
03-17 17:31 INFO      ** Client: 0 Training complete **
03-17 17:31 INFO     Training network 1 n_training: 8000
03-17 17:31 INFO     Training network 1
03-17 17:31 INFO     n_training: 62
03-17 17:31 INFO     Client: 1 Epoch: 0 Loss: 0.017529906524765874
03-17 17:31 INFO     Client: 1 Epoch: 1 Loss: 0.00861633285850046
03-17 17:31 INFO     Client: 1 Epoch: 2 Loss: 0.007838015211746097
03-17 17:31 INFO     Client: 1 Epoch: 3 Loss: 0.007250432195442338
03-17 17:31 INFO     Client: 1 Epoch: 4 Loss: 0.006885962042536947
03-17 17:31 INFO      ** Client: 1 Training complete **
03-17 17:31 INFO     global n_training: 390
03-17 17:31 INFO     global n_test: 79
03-17 17:31 INFO     >> Global Model Train accuracy: 0.6459, Train accuracy top-5: 0.8494
03-17 17:31 INFO     >> Global Model Test accuracy: 0.5321, Test accuracy top-5: 0.8024
03-17 17:31 INFO     >> Global Model Train loss: 1.5419
03-17 17:31 INFO     in comm round:31
03-17 17:31 INFO     Training network 0 n_training: 5000
03-17 17:31 INFO     Training network 0
03-17 17:31 INFO     n_training: 39
03-17 17:31 INFO     Client: 0 Epoch: 0 Loss: 0.022384313603815358
03-17 17:31 INFO     Client: 0 Epoch: 1 Loss: 0.010010190917035708
03-17 17:31 INFO     Client: 0 Epoch: 2 Loss: 0.008271577553107189
03-17 17:31 INFO     Client: 0 Epoch: 3 Loss: 0.0077383768243285325
03-17 17:31 INFO     Client: 0 Epoch: 4 Loss: 0.007024295735531128
03-17 17:31 INFO      ** Client: 0 Training complete **
03-17 17:31 INFO     Training network 1 n_training: 8000
03-17 17:31 INFO     Training network 1
03-17 17:31 INFO     n_training: 62
03-17 17:31 INFO     Client: 1 Epoch: 0 Loss: 0.018169780412027912
03-17 17:31 INFO     Client: 1 Epoch: 1 Loss: 0.008621393229752299
03-17 17:31 INFO     Client: 1 Epoch: 2 Loss: 0.008025710523549107
03-17 17:31 INFO     Client: 1 Epoch: 3 Loss: 0.007195792679164198
03-17 17:31 INFO     Client: 1 Epoch: 4 Loss: 0.007083769189193845
03-17 17:31 INFO      ** Client: 1 Training complete **
03-17 17:31 INFO     global n_training: 390
03-17 17:31 INFO     global n_test: 79
03-17 17:31 INFO     >> Global Model Train accuracy: 0.6473, Train accuracy top-5: 0.8514
03-17 17:31 INFO     >> Global Model Test accuracy: 0.5320, Test accuracy top-5: 0.8015
03-17 17:31 INFO     >> Global Model Train loss: 1.5402
03-17 17:31 INFO     in comm round:32
03-17 17:31 INFO     Training network 0 n_training: 5000
03-17 17:31 INFO     Training network 0
03-17 17:31 INFO     n_training: 39
03-17 17:31 INFO     Client: 0 Epoch: 0 Loss: 0.023026130353219997
03-17 17:32 INFO     Client: 0 Epoch: 1 Loss: 0.010590037044424277
03-17 17:32 INFO     Client: 0 Epoch: 2 Loss: 0.00852306415207493
03-17 17:32 INFO     Client: 0 Epoch: 3 Loss: 0.007543870653861608
03-17 17:32 INFO     Client: 0 Epoch: 4 Loss: 0.00727686293136615
03-17 17:32 INFO      ** Client: 0 Training complete **
03-17 17:32 INFO     Training network 1 n_training: 8000
03-17 17:32 INFO     Training network 1
03-17 17:32 INFO     n_training: 62
03-17 17:32 INFO     Client: 1 Epoch: 0 Loss: 0.017486716320197427
03-17 17:32 INFO     Client: 1 Epoch: 1 Loss: 0.008869488896321385
03-17 17:32 INFO     Client: 1 Epoch: 2 Loss: 0.00778686738903484
03-17 17:32 INFO     Client: 1 Epoch: 3 Loss: 0.0075564988092669556
03-17 17:32 INFO     Client: 1 Epoch: 4 Loss: 0.006969136786797355
03-17 17:32 INFO      ** Client: 1 Training complete **
03-17 17:32 INFO     global n_training: 390
03-17 17:32 INFO     global n_test: 79
03-17 17:32 INFO     >> Global Model Train accuracy: 0.6474, Train accuracy top-5: 0.8509
03-17 17:32 INFO     >> Global Model Test accuracy: 0.5307, Test accuracy top-5: 0.8013
03-17 17:32 INFO     >> Global Model Train loss: 1.5381
03-17 17:32 INFO     in comm round:33
03-17 17:32 INFO     Training network 0 n_training: 5000
03-17 17:32 INFO     Training network 0
03-17 17:32 INFO     n_training: 39
03-17 17:32 INFO     Client: 0 Epoch: 0 Loss: 0.022470198691082306
03-17 17:32 INFO     Client: 0 Epoch: 1 Loss: 0.010116068001549978
03-17 17:32 INFO     Client: 0 Epoch: 2 Loss: 0.008737021448233953
03-17 17:32 INFO     Client: 0 Epoch: 3 Loss: 0.007947060184027905
03-17 17:32 INFO     Client: 0 Epoch: 4 Loss: 0.007398764781940442
03-17 17:32 INFO      ** Client: 0 Training complete **
03-17 17:32 INFO     Training network 1 n_training: 8000
03-17 17:32 INFO     Training network 1
03-17 17:32 INFO     n_training: 62
03-17 17:32 INFO     Client: 1 Epoch: 0 Loss: 0.01662113163770447
03-17 17:32 INFO     Client: 1 Epoch: 1 Loss: 0.008965242526403839
03-17 17:32 INFO     Client: 1 Epoch: 2 Loss: 0.007705875800081318
03-17 17:32 INFO     Client: 1 Epoch: 3 Loss: 0.0071798563754606635
03-17 17:32 INFO     Client: 1 Epoch: 4 Loss: 0.007181052892138401
03-17 17:32 INFO      ** Client: 1 Training complete **
03-17 17:32 INFO     global n_training: 390
03-17 17:32 INFO     global n_test: 79
03-17 17:32 INFO     >> Global Model Train accuracy: 0.6487, Train accuracy top-5: 0.8506
03-17 17:32 INFO     >> Global Model Test accuracy: 0.5302, Test accuracy top-5: 0.8020
03-17 17:32 INFO     >> Global Model Train loss: 1.5376
03-17 17:32 INFO     in comm round:34
03-17 17:32 INFO     Training network 0 n_training: 5000
03-17 17:32 INFO     Training network 0
03-17 17:32 INFO     n_training: 39
03-17 17:32 INFO     Client: 0 Epoch: 0 Loss: 0.02315648079205018
03-17 17:32 INFO     Client: 0 Epoch: 1 Loss: 0.010500838335316915
03-17 17:32 INFO     Client: 0 Epoch: 2 Loss: 0.008529641319257326
03-17 17:32 INFO     Client: 0 Epoch: 3 Loss: 0.007735407385879602
03-17 17:33 INFO     Client: 0 Epoch: 4 Loss: 0.007304523498393022
03-17 17:33 INFO      ** Client: 0 Training complete **
03-17 17:33 INFO     Training network 1 n_training: 8000
03-17 17:33 INFO     Training network 1
03-17 17:33 INFO     n_training: 62
03-17 17:33 INFO     Client: 1 Epoch: 0 Loss: 0.01673946058708093
03-17 17:33 INFO     Client: 1 Epoch: 1 Loss: 0.008889971188299598
03-17 17:33 INFO     Client: 1 Epoch: 2 Loss: 0.007874828297644854
03-17 17:33 INFO     Client: 1 Epoch: 3 Loss: 0.0076253808388907105
03-17 17:33 INFO     Client: 1 Epoch: 4 Loss: 0.0072889493237580025
03-17 17:33 INFO      ** Client: 1 Training complete **
03-17 17:33 INFO     global n_training: 390
03-17 17:33 INFO     global n_test: 79
03-17 17:33 INFO     >> Global Model Train accuracy: 0.6479, Train accuracy top-5: 0.8514
03-17 17:33 INFO     >> Global Model Test accuracy: 0.5336, Test accuracy top-5: 0.8018
03-17 17:33 INFO     >> Global Model Train loss: 1.5334
03-17 17:33 INFO     in comm round:35
03-17 17:33 INFO     Training network 0 n_training: 5000
03-17 17:33 INFO     Training network 0
03-17 17:33 INFO     n_training: 39
03-17 17:33 INFO     Client: 0 Epoch: 0 Loss: 0.023500459889570873
03-17 17:33 INFO     Client: 0 Epoch: 1 Loss: 0.010742314577771302
03-17 17:33 INFO     Client: 0 Epoch: 2 Loss: 0.008905862219249591
03-17 17:33 INFO     Client: 0 Epoch: 3 Loss: 0.008219573133362409
03-17 17:33 INFO     Client: 0 Epoch: 4 Loss: 0.007736314816448169
03-17 17:33 INFO      ** Client: 0 Training complete **
03-17 17:33 INFO     Training network 1 n_training: 8000
03-17 17:33 INFO     Training network 1
03-17 17:33 INFO     n_training: 62
03-17 17:33 INFO     Client: 1 Epoch: 0 Loss: 0.01722685961172946
03-17 17:33 INFO     Client: 1 Epoch: 1 Loss: 0.008750450789868351
03-17 17:33 INFO     Client: 1 Epoch: 2 Loss: 0.007910878292375034
03-17 17:33 INFO     Client: 1 Epoch: 3 Loss: 0.007426052331744182
03-17 17:33 INFO     Client: 1 Epoch: 4 Loss: 0.006840045586408627
03-17 17:33 INFO      ** Client: 1 Training complete **
03-17 17:33 INFO     global n_training: 390
03-17 17:33 INFO     global n_test: 79
03-17 17:33 INFO     >> Global Model Train accuracy: 0.6493, Train accuracy top-5: 0.8503
03-17 17:33 INFO     >> Global Model Test accuracy: 0.5322, Test accuracy top-5: 0.8017
03-17 17:33 INFO     >> Global Model Train loss: 1.5304
03-17 17:33 INFO     in comm round:36
03-17 17:33 INFO     Training network 0 n_training: 5000
03-17 17:33 INFO     Training network 0
03-17 17:33 INFO     n_training: 39
03-17 17:33 INFO     Client: 0 Epoch: 0 Loss: 0.022900120976070564
03-17 17:33 INFO     Client: 0 Epoch: 1 Loss: 0.011019125771828188
03-17 17:33 INFO     Client: 0 Epoch: 2 Loss: 0.009455013029181805
03-17 17:33 INFO     Client: 0 Epoch: 3 Loss: 0.008115044783036679
03-17 17:33 INFO     Client: 0 Epoch: 4 Loss: 0.007417930409503289
03-17 17:33 INFO      ** Client: 0 Training complete **
03-17 17:33 INFO     Training network 1 n_training: 8000
03-17 17:33 INFO     Training network 1
03-17 17:33 INFO     n_training: 62
03-17 17:33 INFO     Client: 1 Epoch: 0 Loss: 0.017447340910533262
03-17 17:33 INFO     Client: 1 Epoch: 1 Loss: 0.008846759007522655
03-17 17:34 INFO     Client: 1 Epoch: 2 Loss: 0.00845847793314005
03-17 17:34 INFO     Client: 1 Epoch: 3 Loss: 0.007212775098460336
03-17 17:34 INFO     Client: 1 Epoch: 4 Loss: 0.007055527755930539
03-17 17:34 INFO      ** Client: 1 Training complete **
03-17 17:34 INFO     global n_training: 390
03-17 17:34 INFO     global n_test: 79
03-17 17:34 INFO     >> Global Model Train accuracy: 0.6482, Train accuracy top-5: 0.8504
03-17 17:34 INFO     >> Global Model Test accuracy: 0.5321, Test accuracy top-5: 0.8012
03-17 17:34 INFO     >> Global Model Train loss: 1.5380
03-17 17:34 INFO     in comm round:37
03-17 17:34 INFO     Training network 0 n_training: 5000
03-17 17:34 INFO     Training network 0
03-17 17:34 INFO     n_training: 39
03-17 17:34 INFO     Client: 0 Epoch: 0 Loss: 0.023471645700434845
03-17 17:34 INFO     Client: 0 Epoch: 1 Loss: 0.011363682886346793
03-17 17:34 INFO     Client: 0 Epoch: 2 Loss: 0.009511673679718604
03-17 17:34 INFO     Client: 0 Epoch: 3 Loss: 0.008328097275434395
03-17 17:34 INFO     Client: 0 Epoch: 4 Loss: 0.007612780560381138
03-17 17:34 INFO      ** Client: 0 Training complete **
03-17 17:34 INFO     Training network 1 n_training: 8000
03-17 17:34 INFO     Training network 1
03-17 17:34 INFO     n_training: 62
03-17 17:34 INFO     Client: 1 Epoch: 0 Loss: 0.017372468771833564
03-17 17:34 INFO     Client: 1 Epoch: 1 Loss: 0.009144560351306874
03-17 17:34 INFO     Client: 1 Epoch: 2 Loss: 0.008200134248322537
03-17 17:34 INFO     Client: 1 Epoch: 3 Loss: 0.007489589148110921
03-17 17:34 INFO     Client: 1 Epoch: 4 Loss: 0.007437041104440728
03-17 17:34 INFO      ** Client: 1 Training complete **
03-17 17:34 INFO     global n_training: 390
03-17 17:34 INFO     global n_test: 79
03-17 17:34 INFO     >> Global Model Train accuracy: 0.6497, Train accuracy top-5: 0.8508
03-17 17:34 INFO     >> Global Model Test accuracy: 0.5329, Test accuracy top-5: 0.8003
03-17 17:34 INFO     >> Global Model Train loss: 1.5285
03-17 17:34 INFO     in comm round:38
03-17 17:34 INFO     Training network 0 n_training: 5000
03-17 17:34 INFO     Training network 0
03-17 17:34 INFO     n_training: 39
03-17 17:34 INFO     Client: 0 Epoch: 0 Loss: 0.02535738815099765
03-17 17:34 INFO     Client: 0 Epoch: 1 Loss: 0.011730298017844176
03-17 17:34 INFO     Client: 0 Epoch: 2 Loss: 0.009497172569330687
03-17 17:34 INFO     Client: 0 Epoch: 3 Loss: 0.008424938035507997
03-17 17:34 INFO     Client: 0 Epoch: 4 Loss: 0.008222285598420944
03-17 17:34 INFO      ** Client: 0 Training complete **
03-17 17:34 INFO     Training network 1 n_training: 8000
03-17 17:34 INFO     Training network 1
03-17 17:34 INFO     n_training: 62
03-17 17:34 INFO     Client: 1 Epoch: 0 Loss: 0.017304672987290447
03-17 17:34 INFO     Client: 1 Epoch: 1 Loss: 0.009025555111527923
03-17 17:34 INFO     Client: 1 Epoch: 2 Loss: 0.008320227573295274
03-17 17:34 INFO     Client: 1 Epoch: 3 Loss: 0.0078228015843178
03-17 17:35 INFO     Client: 1 Epoch: 4 Loss: 0.00763655450916098
03-17 17:35 INFO      ** Client: 1 Training complete **
03-17 17:35 INFO     global n_training: 390
03-17 17:35 INFO     global n_test: 79
03-17 17:35 INFO     >> Global Model Train accuracy: 0.6496, Train accuracy top-5: 0.8507
03-17 17:35 INFO     >> Global Model Test accuracy: 0.5344, Test accuracy top-5: 0.8008
03-17 17:35 INFO     >> Global Model Train loss: 1.5272
03-17 17:35 INFO     in comm round:39
03-17 17:35 INFO     Training network 0 n_training: 5000
03-17 17:35 INFO     Training network 0
03-17 17:35 INFO     n_training: 39
03-17 17:35 INFO     Client: 0 Epoch: 0 Loss: 0.02279321975910511
03-17 17:35 INFO     Client: 0 Epoch: 1 Loss: 0.011850971847963639
03-17 17:35 INFO     Client: 0 Epoch: 2 Loss: 0.009838289628999356
03-17 17:35 INFO     Client: 0 Epoch: 3 Loss: 0.00925368856256589
03-17 17:35 INFO     Client: 0 Epoch: 4 Loss: 0.008338733170277033
03-17 17:35 INFO      ** Client: 0 Training complete **
03-17 17:35 INFO     Training network 1 n_training: 8000
03-17 17:35 INFO     Training network 1
03-17 17:35 INFO     n_training: 62
03-17 17:35 INFO     Client: 1 Epoch: 0 Loss: 0.01715286717479748
03-17 17:35 INFO     Client: 1 Epoch: 1 Loss: 0.009823195328335128
03-17 17:35 INFO     Client: 1 Epoch: 2 Loss: 0.008394249324356355
03-17 17:35 INFO     Client: 1 Epoch: 3 Loss: 0.007525991152731642
03-17 17:35 INFO     Client: 1 Epoch: 4 Loss: 0.00764851100111921
03-17 17:35 INFO      ** Client: 1 Training complete **
03-17 17:35 INFO     global n_training: 390
03-17 17:35 INFO     global n_test: 79
03-17 17:35 INFO     >> Global Model Train accuracy: 0.6498, Train accuracy top-5: 0.8498
03-17 17:35 INFO     >> Global Model Test accuracy: 0.5328, Test accuracy top-5: 0.8014
03-17 17:35 INFO     >> Global Model Train loss: 1.5301
03-17 17:35 INFO     in comm round:40
03-17 17:35 INFO     Training network 0 n_training: 5000
03-17 17:35 INFO     Training network 0
03-17 17:35 INFO     n_training: 39
03-17 17:35 INFO     Client: 0 Epoch: 0 Loss: 0.025288661918005884
03-17 17:35 INFO     Client: 0 Epoch: 1 Loss: 0.012505805525833216
03-17 17:35 INFO     Client: 0 Epoch: 2 Loss: 0.01101492149516558
03-17 17:35 INFO     Client: 0 Epoch: 3 Loss: 0.009460815956863837
03-17 17:35 INFO     Client: 0 Epoch: 4 Loss: 0.008559744196155896
03-17 17:35 INFO      ** Client: 0 Training complete **
03-17 17:35 INFO     Training network 1 n_training: 8000
03-17 17:35 INFO     Training network 1
03-17 17:35 INFO     n_training: 62
03-17 17:35 INFO     Client: 1 Epoch: 0 Loss: 0.01771643796875592
03-17 17:35 INFO     Client: 1 Epoch: 1 Loss: 0.009683558837540688
03-17 17:35 INFO     Client: 1 Epoch: 2 Loss: 0.008580833275411879
03-17 17:35 INFO     Client: 1 Epoch: 3 Loss: 0.007955880407544394
03-17 17:35 INFO     Client: 1 Epoch: 4 Loss: 0.007708952506823886
03-17 17:35 INFO      ** Client: 1 Training complete **
03-17 17:35 INFO     global n_training: 390
03-17 17:35 INFO     global n_test: 79
03-17 17:36 INFO     >> Global Model Train accuracy: 0.6490, Train accuracy top-5: 0.8523
03-17 17:36 INFO     >> Global Model Test accuracy: 0.5348, Test accuracy top-5: 0.7998
03-17 17:36 INFO     >> Global Model Train loss: 1.5264
03-17 17:36 INFO     in comm round:41
03-17 17:36 INFO     Training network 0 n_training: 5000
03-17 17:36 INFO     Training network 0
03-17 17:36 INFO     n_training: 39
03-17 17:36 INFO     Client: 0 Epoch: 0 Loss: 0.02604464988391369
03-17 17:36 INFO     Client: 0 Epoch: 1 Loss: 0.013017708244614111
03-17 17:36 INFO     Client: 0 Epoch: 2 Loss: 0.011799243087760912
03-17 17:36 INFO     Client: 0 Epoch: 3 Loss: 0.009883276915225463
03-17 17:36 INFO     Client: 0 Epoch: 4 Loss: 0.009009239168312306
03-17 17:36 INFO      ** Client: 0 Training complete **
03-17 17:36 INFO     Training network 1 n_training: 8000
03-17 17:36 INFO     Training network 1
03-17 17:36 INFO     n_training: 62
03-17 17:36 INFO     Client: 1 Epoch: 0 Loss: 0.01779246432406287
03-17 17:36 INFO     Client: 1 Epoch: 1 Loss: 0.010673822099042515
03-17 17:36 INFO     Client: 1 Epoch: 2 Loss: 0.008893731786238571
03-17 17:36 INFO     Client: 1 Epoch: 3 Loss: 0.008155184933134624
03-17 17:36 INFO     Client: 1 Epoch: 4 Loss: 0.00832937557190176
03-17 17:36 INFO      ** Client: 1 Training complete **
03-17 17:36 INFO     global n_training: 390
03-17 17:36 INFO     global n_test: 79
03-17 17:36 INFO     >> Global Model Train accuracy: 0.6504, Train accuracy top-5: 0.8517
03-17 17:36 INFO     >> Global Model Test accuracy: 0.5357, Test accuracy top-5: 0.8017
03-17 17:36 INFO     >> Global Model Train loss: 1.5280
03-17 17:36 INFO     in comm round:42
03-17 17:36 INFO     Training network 0 n_training: 5000
03-17 17:36 INFO     Training network 0
03-17 17:36 INFO     n_training: 39
03-17 17:36 INFO     Client: 0 Epoch: 0 Loss: 0.02628538351601515
03-17 17:36 INFO     Client: 0 Epoch: 1 Loss: 0.014263481761400517
03-17 17:36 INFO     Client: 0 Epoch: 2 Loss: 0.012174014957287373
03-17 17:36 INFO     Client: 0 Epoch: 3 Loss: 0.010725919610987872
03-17 17:36 INFO     Client: 0 Epoch: 4 Loss: 0.009993400412778825
03-17 17:36 INFO      ** Client: 0 Training complete **
03-17 17:36 INFO     Training network 1 n_training: 8000
03-17 17:36 INFO     Training network 1
03-17 17:36 INFO     n_training: 62
03-17 17:36 INFO     Client: 1 Epoch: 0 Loss: 0.017995408691105344
03-17 17:36 INFO     Client: 1 Epoch: 1 Loss: 0.01137330421366759
03-17 17:36 INFO     Client: 1 Epoch: 2 Loss: 0.009980033166826732
03-17 17:36 INFO     Client: 1 Epoch: 3 Loss: 0.008268443199114935
03-17 17:36 INFO     Client: 1 Epoch: 4 Loss: 0.008373282128764738
03-17 17:36 INFO      ** Client: 1 Training complete **
03-17 17:36 INFO     global n_training: 390
03-17 17:36 INFO     global n_test: 79
03-17 17:36 INFO     >> Global Model Train accuracy: 0.6515, Train accuracy top-5: 0.8519
03-17 17:36 INFO     >> Global Model Test accuracy: 0.5352, Test accuracy top-5: 0.8004
03-17 17:36 INFO     >> Global Model Train loss: 1.5250
03-17 17:36 INFO     in comm round:43
03-17 17:36 INFO     Training network 0 n_training: 5000
03-17 17:36 INFO     Training network 0
03-17 17:36 INFO     n_training: 39
03-17 17:36 INFO     Client: 0 Epoch: 0 Loss: 0.02725257349606508
03-17 17:37 INFO     Client: 0 Epoch: 1 Loss: 0.016032620333135128
03-17 17:37 INFO     Client: 0 Epoch: 2 Loss: 0.01334092095016669
03-17 17:37 INFO     Client: 0 Epoch: 3 Loss: 0.011871441553991575
03-17 17:37 INFO     Client: 0 Epoch: 4 Loss: 0.010619569402665664
03-17 17:37 INFO      ** Client: 0 Training complete **
03-17 17:37 INFO     Training network 1 n_training: 8000
03-17 17:37 INFO     Training network 1
03-17 17:37 INFO     n_training: 62
03-17 17:37 INFO     Client: 1 Epoch: 0 Loss: 0.018910654745395144
03-17 17:37 INFO     Client: 1 Epoch: 1 Loss: 0.011916186014610914
03-17 17:37 INFO     Client: 1 Epoch: 2 Loss: 0.010198572823297112
03-17 17:37 INFO     Client: 1 Epoch: 3 Loss: 0.00909757686238135
03-17 17:37 INFO     Client: 1 Epoch: 4 Loss: 0.008760626465382596
03-17 17:37 INFO      ** Client: 1 Training complete **
03-17 17:37 INFO     global n_training: 390
03-17 17:37 INFO     global n_test: 79
03-17 17:37 INFO     >> Global Model Train accuracy: 0.6505, Train accuracy top-5: 0.8505
03-17 17:37 INFO     >> Global Model Test accuracy: 0.5363, Test accuracy top-5: 0.8011
03-17 17:37 INFO     >> Global Model Train loss: 1.5300
03-17 17:37 INFO     in comm round:44
03-17 17:37 INFO     Training network 0 n_training: 5000
03-17 17:37 INFO     Training network 0
03-17 17:37 INFO     n_training: 39
03-17 17:37 INFO     Client: 0 Epoch: 0 Loss: 0.02983608292654539
03-17 17:37 INFO     Client: 0 Epoch: 1 Loss: 0.018044502856448676
03-17 17:37 INFO     Client: 0 Epoch: 2 Loss: 0.013733625603027834
03-17 17:37 INFO     Client: 0 Epoch: 3 Loss: 0.012980271799442096
03-17 17:37 INFO     Client: 0 Epoch: 4 Loss: 0.011743686687296782
03-17 17:37 INFO      ** Client: 0 Training complete **
03-17 17:37 INFO     Training network 1 n_training: 8000
03-17 17:37 INFO     Training network 1
03-17 17:37 INFO     n_training: 62
03-17 17:37 INFO     Client: 1 Epoch: 0 Loss: 0.01940000537903078
03-17 17:37 INFO     Client: 1 Epoch: 1 Loss: 0.01265534177993334
03-17 17:37 INFO     Client: 1 Epoch: 2 Loss: 0.010915189756140593
03-17 17:37 INFO     Client: 1 Epoch: 3 Loss: 0.009887617366809038
03-17 17:37 INFO     Client: 1 Epoch: 4 Loss: 0.009548626028962674
03-17 17:37 INFO      ** Client: 1 Training complete **
03-17 17:37 INFO     global n_training: 390
03-17 17:37 INFO     global n_test: 79
03-17 17:37 INFO     >> Global Model Train accuracy: 0.6496, Train accuracy top-5: 0.8521
03-17 17:37 INFO     >> Global Model Test accuracy: 0.5357, Test accuracy top-5: 0.8011
03-17 17:37 INFO     >> Global Model Train loss: 1.5310
03-17 17:37 INFO     in comm round:45
03-17 17:37 INFO     Training network 0 n_training: 5000
03-17 17:37 INFO     Training network 0
03-17 17:37 INFO     n_training: 39
03-17 17:37 INFO     Client: 0 Epoch: 0 Loss: 0.030210953540144823
03-17 17:37 INFO     Client: 0 Epoch: 1 Loss: 0.01958966484436622
03-17 17:37 INFO     Client: 0 Epoch: 2 Loss: 0.016230154400452588
03-17 17:37 INFO     Client: 0 Epoch: 3 Loss: 0.014234439589274235
03-17 17:37 INFO     Client: 0 Epoch: 4 Loss: 0.013299848406742781
03-17 17:37 INFO      ** Client: 0 Training complete **
03-17 17:37 INFO     Training network 1 n_training: 8000
03-17 17:37 INFO     Training network 1
03-17 17:37 INFO     n_training: 62
03-17 17:38 INFO     Client: 1 Epoch: 0 Loss: 0.020266921529846806
03-17 17:38 INFO     Client: 1 Epoch: 1 Loss: 0.014295455338733812
03-17 17:38 INFO     Client: 1 Epoch: 2 Loss: 0.011867648561394984
03-17 17:38 INFO     Client: 1 Epoch: 3 Loss: 0.010928821186685273
03-17 17:38 INFO     Client: 1 Epoch: 4 Loss: 0.010228190097897764
03-17 17:38 INFO      ** Client: 1 Training complete **
03-17 17:38 INFO     global n_training: 390
03-17 17:38 INFO     global n_test: 79
03-17 17:38 INFO     >> Global Model Train accuracy: 0.6510, Train accuracy top-5: 0.8497
03-17 17:38 INFO     >> Global Model Test accuracy: 0.5368, Test accuracy top-5: 0.8014
03-17 17:38 INFO     >> Global Model Train loss: 1.5342
03-17 17:38 INFO     in comm round:46
03-17 17:38 INFO     Training network 0 n_training: 5000
03-17 17:38 INFO     Training network 0
03-17 17:38 INFO     n_training: 39
03-17 17:38 INFO     Client: 0 Epoch: 0 Loss: 0.03203139759791203
03-17 17:38 INFO     Client: 0 Epoch: 1 Loss: 0.02257781490110434
03-17 17:38 INFO     Client: 0 Epoch: 2 Loss: 0.019268151086110335
03-17 17:38 INFO     Client: 0 Epoch: 3 Loss: 0.016963180584403183
03-17 17:38 INFO     Client: 0 Epoch: 4 Loss: 0.015701987565709993
03-17 17:38 INFO      ** Client: 0 Training complete **
03-17 17:38 INFO     Training network 1 n_training: 8000
03-17 17:38 INFO     Training network 1
03-17 17:38 INFO     n_training: 62
03-17 17:38 INFO     Client: 1 Epoch: 0 Loss: 0.021858187587631327
03-17 17:38 INFO     Client: 1 Epoch: 1 Loss: 0.01595218012469911
03-17 17:38 INFO     Client: 1 Epoch: 2 Loss: 0.013428669941100863
03-17 17:38 INFO     Client: 1 Epoch: 3 Loss: 0.012636902141234568
03-17 17:38 INFO     Client: 1 Epoch: 4 Loss: 0.011296127171766373
03-17 17:38 INFO      ** Client: 1 Training complete **
03-17 17:38 INFO     global n_training: 390
03-17 17:38 INFO     global n_test: 79
03-17 17:38 INFO     >> Global Model Train accuracy: 0.6516, Train accuracy top-5: 0.8515
03-17 17:38 INFO     >> Global Model Test accuracy: 0.5355, Test accuracy top-5: 0.8032
03-17 17:38 INFO     >> Global Model Train loss: 1.5370
03-17 17:38 INFO     in comm round:47
03-17 17:38 INFO     Training network 0 n_training: 5000
03-17 17:38 INFO     Training network 0
03-17 17:38 INFO     n_training: 39
03-17 17:38 INFO     Client: 0 Epoch: 0 Loss: 0.031966340608703785
03-17 17:38 INFO     Client: 0 Epoch: 1 Loss: 0.026201070214693364
03-17 17:38 INFO     Client: 0 Epoch: 2 Loss: 0.02207395353187353
03-17 17:38 INFO     Client: 0 Epoch: 3 Loss: 0.020595333873270415
03-17 17:38 INFO     Client: 0 Epoch: 4 Loss: 0.019102036045529902
03-17 17:38 INFO      ** Client: 0 Training complete **
03-17 17:38 INFO     Training network 1 n_training: 8000
03-17 17:38 INFO     Training network 1
03-17 17:38 INFO     n_training: 62
03-17 17:38 INFO     Client: 1 Epoch: 0 Loss: 0.02187673746037387
03-17 17:38 INFO     Client: 1 Epoch: 1 Loss: 0.01799089072512523
03-17 17:39 INFO     Client: 1 Epoch: 2 Loss: 0.01599328834263067
03-17 17:39 INFO     Client: 1 Epoch: 3 Loss: 0.0146196348322255
03-17 17:39 INFO     Client: 1 Epoch: 4 Loss: 0.013360046210788911
03-17 17:39 INFO      ** Client: 1 Training complete **
03-17 17:39 INFO     global n_training: 390
03-17 17:39 INFO     global n_test: 79
03-17 17:39 INFO     >> Global Model Train accuracy: 0.6505, Train accuracy top-5: 0.8498
03-17 17:39 INFO     >> Global Model Test accuracy: 0.5359, Test accuracy top-5: 0.8023
03-17 17:39 INFO     >> Global Model Train loss: 1.5407
03-17 17:39 INFO     in comm round:48
03-17 17:39 INFO     Training network 0 n_training: 5000
03-17 17:39 INFO     Training network 0
03-17 17:39 INFO     n_training: 39
03-17 17:39 INFO     Client: 0 Epoch: 0 Loss: 0.03328309996196857
03-17 17:39 INFO     Client: 0 Epoch: 1 Loss: 0.029359665245581895
03-17 17:39 INFO     Client: 0 Epoch: 2 Loss: 0.02807523076159832
03-17 17:39 INFO     Client: 0 Epoch: 3 Loss: 0.024720582920007218
03-17 17:39 INFO     Client: 0 Epoch: 4 Loss: 0.02433616190384596
03-17 17:39 INFO      ** Client: 0 Training complete **
03-17 17:39 INFO     Training network 1 n_training: 8000
03-17 17:39 INFO     Training network 1
03-17 17:39 INFO     n_training: 62
03-17 17:39 INFO     Client: 1 Epoch: 0 Loss: 0.023265473439448302
03-17 17:39 INFO     Client: 1 Epoch: 1 Loss: 0.019814095069323818
03-17 17:39 INFO     Client: 1 Epoch: 2 Loss: 0.018135507561026082
03-17 17:39 INFO     Client: 1 Epoch: 3 Loss: 0.017312319979311958
03-17 17:39 INFO     Client: 1 Epoch: 4 Loss: 0.01640367230039931
03-17 17:39 INFO      ** Client: 1 Training complete **
03-17 17:39 INFO     global n_training: 390
03-17 17:39 INFO     global n_test: 79
03-17 17:39 INFO     >> Global Model Train accuracy: 0.6502, Train accuracy top-5: 0.8511
03-17 17:39 INFO     >> Global Model Test accuracy: 0.5346, Test accuracy top-5: 0.8019
03-17 17:39 INFO     >> Global Model Train loss: 1.5399
03-17 17:39 INFO     in comm round:49
03-17 17:39 INFO     Training network 0 n_training: 5000
03-17 17:39 INFO     Training network 0
03-17 17:39 INFO     n_training: 39
03-17 17:39 INFO     Client: 0 Epoch: 0 Loss: 0.034024640440176696
03-17 17:39 INFO     Client: 0 Epoch: 1 Loss: 0.03319363482296467
03-17 17:39 INFO     Client: 0 Epoch: 2 Loss: 0.03383857312683876
03-17 17:39 INFO     Client: 0 Epoch: 3 Loss: 0.0315896020963406
03-17 17:39 INFO     Client: 0 Epoch: 4 Loss: 0.03078651136885851
03-17 17:39 INFO      ** Client: 0 Training complete **
03-17 17:39 INFO     Training network 1 n_training: 8000
03-17 17:39 INFO     Training network 1
03-17 17:39 INFO     n_training: 62
03-17 17:39 INFO     Client: 1 Epoch: 0 Loss: 0.02310732245865849
03-17 17:39 INFO     Client: 1 Epoch: 1 Loss: 0.022818301939555714
03-17 17:39 INFO     Client: 1 Epoch: 2 Loss: 0.021227030594262383
03-17 17:39 INFO     Client: 1 Epoch: 3 Loss: 0.021421736436745813
03-17 17:40 INFO     Client: 1 Epoch: 4 Loss: 0.02095262985676527
03-17 17:40 INFO      ** Client: 1 Training complete **
03-17 17:40 INFO     global n_training: 390
03-17 17:40 INFO     global n_test: 79
03-17 17:40 INFO     >> Global Model Train accuracy: 0.6505, Train accuracy top-5: 0.8491
03-17 17:40 INFO     >> Global Model Test accuracy: 0.5375, Test accuracy top-5: 0.8007
03-17 17:40 INFO     >> Global Model Train loss: 1.5462
03-17 17:40 INFO     Starting Fine Tuning...
03-17 17:40 INFO     Training network 0
03-17 17:40 INFO     n_training: 39
03-17 17:40 INFO     Client: 0 Epoch: 0 Loss: 0.03149390980028189
03-17 17:40 INFO     Client: 0 Epoch: 1 Loss: 0.02869353195031484
03-17 17:40 INFO     Client: 0 Epoch: 2 Loss: 0.028622105478858337
03-17 17:40 INFO     Client: 0 Epoch: 3 Loss: 0.027955592299501102
03-17 17:40 INFO     Client: 0 Epoch: 4 Loss: 0.027616735356740463
03-17 17:40 INFO      ** Client: 0 Training complete **
03-17 17:40 INFO     Training network 0
03-17 17:40 INFO     n_training: 39
03-17 17:40 INFO     Client: 0 Epoch: 0 Loss: 0.027211499901918266
03-17 17:40 INFO     Client: 0 Epoch: 1 Loss: 0.027524196423399143
03-17 17:40 INFO     Client: 0 Epoch: 2 Loss: 0.025948733473435428
03-17 17:40 INFO     Client: 0 Epoch: 3 Loss: 0.025855443607538175
03-17 17:40 INFO     Client: 0 Epoch: 4 Loss: 0.026515294630558062
03-17 17:40 INFO      ** Client: 0 Training complete **
03-17 17:40 INFO     Training network 0
03-17 17:40 INFO     n_training: 39
03-17 17:40 INFO     Client: 0 Epoch: 0 Loss: 0.02617252044952833
03-17 17:40 INFO     Client: 0 Epoch: 1 Loss: 0.0249356814684012
03-17 17:40 INFO     Client: 0 Epoch: 2 Loss: 0.02358889479476672
03-17 17:40 INFO     Client: 0 Epoch: 3 Loss: 0.023519155115653306
03-17 17:40 INFO     Client: 0 Epoch: 4 Loss: 0.023775136671387233
03-17 17:40 INFO      ** Client: 0 Training complete **
03-17 17:40 INFO     Training network 0
03-17 17:40 INFO     n_training: 39
03-17 17:40 INFO     Client: 0 Epoch: 0 Loss: 0.023279893474701125
03-17 17:40 INFO     Client: 0 Epoch: 1 Loss: 0.023513342468784407
03-17 17:40 INFO     Client: 0 Epoch: 2 Loss: 0.023446463430539157
03-17 17:40 INFO     Client: 0 Epoch: 3 Loss: 0.022416208655788347
03-17 17:40 INFO     Client: 0 Epoch: 4 Loss: 0.02196240095564952
03-17 17:40 INFO      ** Client: 0 Training complete **
03-17 17:40 INFO     Training network 1
03-17 17:40 INFO     n_training: 62
03-17 17:40 INFO     Client: 1 Epoch: 0 Loss: 0.019846087712193688
03-17 17:40 INFO     Client: 1 Epoch: 1 Loss: 0.019956007164212003
03-17 17:40 INFO     Client: 1 Epoch: 2 Loss: 0.019691348256122683
03-17 17:40 INFO     Client: 1 Epoch: 3 Loss: 0.018519259373387022
03-17 17:40 INFO     Client: 1 Epoch: 4 Loss: 0.01848701443222742
03-17 17:40 INFO      ** Client: 1 Training complete **
03-17 17:40 INFO     Training network 1
03-17 17:40 INFO     n_training: 62
03-17 17:41 INFO     Client: 1 Epoch: 0 Loss: 0.01831167625383504
03-17 17:41 INFO     Client: 1 Epoch: 1 Loss: 0.01805937960143051
03-17 17:41 INFO     Client: 1 Epoch: 2 Loss: 0.017513809590450218
03-17 17:41 INFO     Client: 1 Epoch: 3 Loss: 0.017051095188024543
03-17 17:41 INFO     Client: 1 Epoch: 4 Loss: 0.017491343115726785
03-17 17:41 INFO      ** Client: 1 Training complete **
03-17 17:41 INFO     Training network 1
03-17 17:41 INFO     n_training: 62
03-17 17:41 INFO     Client: 1 Epoch: 0 Loss: 0.017582539228662368
03-17 17:41 INFO     Client: 1 Epoch: 1 Loss: 0.016195713196911158
03-17 17:41 INFO     Client: 1 Epoch: 2 Loss: 0.01650766902152569
03-17 17:41 INFO     Client: 1 Epoch: 3 Loss: 0.01714584632446208
03-17 17:41 INFO     Client: 1 Epoch: 4 Loss: 0.016007908710068273
03-17 17:41 INFO      ** Client: 1 Training complete **
03-17 17:41 INFO     Training network 1
03-17 17:41 INFO     n_training: 62
03-17 17:41 INFO     Client: 1 Epoch: 0 Loss: 0.015705830778085416
03-17 17:41 INFO     Client: 1 Epoch: 1 Loss: 0.01646277712537877
03-17 17:41 INFO     Client: 1 Epoch: 2 Loss: 0.015651064519319805
03-17 17:41 INFO     Client: 1 Epoch: 3 Loss: 0.015304529213256413
03-17 17:41 INFO     Client: 1 Epoch: 4 Loss: 0.014755478279004175
03-17 17:41 INFO      ** Client: 1 Training complete **
