05-24 14:13 INFO     cuda
05-24 14:13 INFO     Command Line Arguments: 
{
    "epochs": 5,
    "comm_round": 300,
    "sample_fraction": 1.0,
    "alpha": 0.01,
    "dataset": "tinyimagenet",
    "datadir": "../data/",
    "partition": "iid",
    "alg": "sflv2",
    "model": "resnet-50",
    "split_layer": 4,
    "n_parties": 10,
    "lr": 0.001,
    "mu": 1,
    "std_coeff": 2.5,
    "unif_coeff": 0.5,
    "batch_size": 64,
    "load_first_net": 1,
    "pool_option": "FIFO",
    "model_buffer_size": 1,
    "optimizer": "adam",
    "simp_width": 1,
    "out_dim": 256,
    "reg": 0.0005,
    "temperature": 0.5,
    "logdir": "./",
    "log_file_name": "logs/experiment_log-alg=sflv2_partition=iid_lr=0.001_epochs=5_num_users=10_beta=0.01_batch_size=64_opt=adam_dataset=tinyimagenet_2024-05-24-1413-48",
    "seed": 123,
    "device": "cuda:5",
    "accuracies_file": "logs/resnet_50_10_users_tinyimagenet.csv",
    "dont_skip": false,
    "n_train_workers": 1,
    "n_test_workers": 1,
    "arch": "mobilenet_v3_large",
    "multiprocessing": 0
}
05-24 14:13 INFO     Data statistics: {0: {0: 51, 1: 47, 2: 42, 3: 53, 4: 39, 5: 45, 6: 57, 7: 50, 8: 59, 9: 51, 10: 49, 11: 46, 12: 48, 13: 40, 14: 58, 15: 59, 16: 54, 17: 55, 18: 64, 19: 50, 20: 43, 21: 49, 22: 57, 23: 56, 24: 51, 25: 44, 26: 57, 27: 49, 28: 53, 29: 64, 30: 51, 31: 40, 32: 52, 33: 57, 34: 56, 35: 42, 36: 48, 37: 45, 38: 58, 39: 53, 40: 42, 41: 52, 42: 48, 43: 51, 44: 63, 45: 51, 46: 53, 47: 47, 48: 56, 49: 48, 50: 53, 51: 59, 52: 57, 53: 41, 54: 61, 55: 52, 56: 55, 57: 61, 58: 54, 59: 50, 60: 54, 61: 54, 62: 49, 63: 64, 64: 62, 65: 56, 66: 58, 67: 50, 68: 52, 69: 54, 70: 67, 71: 42, 72: 46, 73: 47, 74: 39, 75: 61, 76: 55, 77: 52, 78: 40, 79: 50, 80: 41, 81: 40, 82: 56, 83: 55, 84: 48, 85: 57, 86: 45, 87: 51, 88: 53, 89: 59, 90: 53, 91: 41, 92: 50, 93: 49, 94: 44, 95: 47, 96: 47, 97: 48, 98: 57, 99: 45, 100: 53, 101: 59, 102: 44, 103: 46, 104: 45, 105: 52, 106: 50, 107: 56, 108: 44, 109: 41, 110: 46, 111: 54, 112: 46, 113: 51, 114: 61, 115: 59, 116: 42, 117: 45, 118: 62, 119: 48, 120: 50, 121: 53, 122: 44, 123: 45, 124: 45, 125: 44, 126: 42, 127: 56, 128: 51, 129: 56, 130: 53, 131: 52, 132: 50, 133: 54, 134: 61, 135: 49, 136: 47, 137: 45, 138: 61, 139: 46, 140: 43, 141: 45, 142: 54, 143: 57, 144: 43, 145: 47, 146: 53, 147: 48, 148: 54, 149: 43, 150: 57, 151: 32, 152: 53, 153: 35, 154: 46, 155: 43, 156: 45, 157: 58, 158: 39, 159: 45, 160: 49, 161: 46, 162: 40, 163: 53, 164: 47, 165: 44, 166: 47, 167: 47, 168: 46, 169: 46, 170: 45, 171: 45, 172: 48, 173: 59, 174: 55, 175: 53, 176: 52, 177: 57, 178: 55, 179: 42, 180: 48, 181: 43, 182: 53, 183: 43, 184: 47, 185: 42, 186: 46, 187: 63, 188: 50, 189: 45, 190: 48, 191: 51, 192: 46, 193: 46, 194: 51, 195: 46, 196: 49, 197: 32, 198: 44, 199: 49}, 1: {0: 47, 1: 60, 2: 40, 3: 41, 4: 48, 5: 51, 6: 42, 7: 54, 8: 56, 9: 60, 10: 54, 11: 46, 12: 48, 13: 54, 14: 52, 15: 58, 16: 43, 17: 54, 18: 52, 19: 55, 20: 48, 21: 52, 22: 44, 23: 48, 24: 44, 25: 58, 26: 55, 27: 54, 28: 52, 29: 52, 30: 47, 31: 65, 32: 56, 33: 50, 34: 45, 35: 59, 36: 41, 37: 41, 38: 45, 39: 51, 40: 55, 41: 55, 42: 57, 43: 46, 44: 43, 45: 36, 46: 42, 47: 58, 48: 57, 49: 41, 50: 56, 51: 46, 52: 49, 53: 30, 54: 50, 55: 45, 56: 49, 57: 58, 58: 52, 59: 40, 60: 57, 61: 51, 62: 65, 63: 58, 64: 52, 65: 54, 66: 51, 67: 59, 68: 44, 69: 46, 70: 43, 71: 43, 72: 47, 73: 53, 74: 47, 75: 61, 76: 53, 77: 57, 78: 61, 79: 37, 80: 39, 81: 57, 82: 51, 83: 52, 84: 58, 85: 42, 86: 54, 87: 42, 88: 41, 89: 52, 90: 49, 91: 46, 92: 38, 93: 46, 94: 44, 95: 58, 96: 54, 97: 46, 98: 56, 99: 48, 100: 48, 101: 46, 102: 38, 103: 52, 104: 56, 105: 48, 106: 59, 107: 57, 108: 52, 109: 52, 110: 47, 111: 41, 112: 38, 113: 41, 114: 48, 115: 53, 116: 46, 117: 47, 118: 55, 119: 56, 120: 41, 121: 34, 122: 47, 123: 51, 124: 52, 125: 40, 126: 46, 127: 53, 128: 56, 129: 38, 130: 48, 131: 42, 132: 64, 133: 47, 134: 45, 135: 53, 136: 47, 137: 55, 138: 44, 139: 48, 140: 46, 141: 50, 142: 48, 143: 58, 144: 45, 145: 52, 146: 50, 147: 50, 148: 44, 149: 43, 150: 57, 151: 49, 152: 58, 153: 54, 154: 47, 155: 51, 156: 52, 157: 39, 158: 59, 159: 43, 160: 48, 161: 55, 162: 49, 163: 44, 164: 51, 165: 55, 166: 52, 167: 53, 168: 58, 169: 59, 170: 49, 171: 57, 172: 60, 173: 59, 174: 47, 175: 48, 176: 59, 177: 61, 178: 44, 179: 51, 180: 55, 181: 60, 182: 43, 183: 54, 184: 50, 185: 57, 186: 62, 187: 53, 188: 56, 189: 42, 190: 57, 191: 47, 192: 45, 193: 56, 194: 44, 195: 47, 196: 38, 197: 47, 198: 57, 199: 46}, 2: {0: 60, 1: 43, 2: 50, 3: 53, 4: 44, 5: 55, 6: 41, 7: 54, 8: 56, 9: 45, 10: 56, 11: 58, 12: 49, 13: 57, 14: 55, 15: 46, 16: 52, 17: 50, 18: 51, 19: 54, 20: 59, 21: 52, 22: 45, 23: 57, 24: 57, 25: 56, 26: 33, 27: 51, 28: 52, 29: 47, 30: 44, 31: 45, 32: 58, 33: 64, 34: 51, 35: 50, 36: 49, 37: 55, 38: 50, 39: 55, 40: 56, 41: 48, 42: 49, 43: 38, 44: 57, 45: 48, 46: 53, 47: 46, 48: 48, 49: 53, 50: 50, 51: 41, 52: 50, 53: 65, 54: 57, 55: 47, 56: 59, 57: 44, 58: 46, 59: 50, 60: 42, 61: 50, 62: 44, 63: 46, 64: 44, 65: 49, 66: 42, 67: 38, 68: 46, 69: 46, 70: 51, 71: 52, 72: 51, 73: 49, 74: 43, 75: 47, 76: 44, 77: 50, 78: 57, 79: 47, 80: 54, 81: 52, 82: 59, 83: 51, 84: 49, 85: 57, 86: 46, 87: 61, 88: 56, 89: 44, 90: 61, 91: 48, 92: 43, 93: 39, 94: 45, 95: 52, 96: 44, 97: 53, 98: 44, 99: 44, 100: 45, 101: 47, 102: 63, 103: 50, 104: 45, 105: 45, 106: 49, 107: 46, 108: 57, 109: 48, 110: 43, 111: 37, 112: 57, 113: 61, 114: 50, 115: 45, 116: 38, 117: 45, 118: 42, 119: 61, 120: 57, 121: 50, 122: 45, 123: 51, 124: 37, 125: 61, 126: 53, 127: 49, 128: 42, 129: 50, 130: 46, 131: 48, 132: 38, 133: 42, 134: 51, 135: 44, 136: 52, 137: 57, 138: 51, 139: 45, 140: 63, 141: 48, 142: 58, 143: 47, 144: 51, 145: 49, 146: 48, 147: 41, 148: 45, 149: 50, 150: 44, 151: 55, 152: 43, 153: 51, 154: 45, 155: 52, 156: 60, 157: 48, 158: 48, 159: 39, 160: 54, 161: 50, 162: 53, 163: 74, 164: 51, 165: 47, 166: 45, 167: 51, 168: 40, 169: 49, 170: 48, 171: 45, 172: 52, 173: 46, 174: 50, 175: 46, 176: 51, 177: 68, 178: 54, 179: 45, 180: 52, 181: 50, 182: 56, 183: 57, 184: 50, 185: 44, 186: 51, 187: 54, 188: 58, 189: 54, 190: 42, 191: 44, 192: 65, 193: 42, 194: 48, 195: 60, 196: 55, 197: 60, 198: 60, 199: 47}, 3: {0: 47, 1: 53, 2: 41, 3: 46, 4: 67, 5: 51, 6: 49, 7: 54, 8: 55, 9: 45, 10: 50, 11: 48, 12: 52, 13: 50, 14: 38, 15: 55, 16: 55, 17: 47, 18: 40, 19: 42, 20: 48, 21: 39, 22: 59, 23: 37, 24: 64, 25: 39, 26: 55, 27: 55, 28: 48, 29: 53, 30: 46, 31: 47, 32: 59, 33: 45, 34: 56, 35: 51, 36: 41, 37: 51, 38: 45, 39: 53, 40: 49, 41: 45, 42: 48, 43: 37, 44: 50, 45: 55, 46: 50, 47: 55, 48: 49, 49: 54, 50: 44, 51: 46, 52: 51, 53: 50, 54: 51, 55: 60, 56: 45, 57: 50, 58: 58, 59: 53, 60: 58, 61: 46, 62: 53, 63: 45, 64: 45, 65: 45, 66: 36, 67: 66, 68: 37, 69: 58, 70: 46, 71: 62, 72: 42, 73: 51, 74: 47, 75: 47, 76: 51, 77: 52, 78: 56, 79: 50, 80: 51, 81: 51, 82: 50, 83: 51, 84: 47, 85: 46, 86: 52, 87: 42, 88: 47, 89: 53, 90: 56, 91: 56, 92: 58, 93: 53, 94: 59, 95: 41, 96: 50, 97: 43, 98: 67, 99: 51, 100: 59, 101: 46, 102: 58, 103: 41, 104: 48, 105: 59, 106: 56, 107: 52, 108: 48, 109: 57, 110: 56, 111: 50, 112: 43, 113: 49, 114: 55, 115: 40, 116: 53, 117: 54, 118: 53, 119: 49, 120: 45, 121: 46, 122: 63, 123: 42, 124: 53, 125: 43, 126: 47, 127: 44, 128: 49, 129: 46, 130: 48, 131: 50, 132: 46, 133: 46, 134: 37, 135: 53, 136: 46, 137: 49, 138: 45, 139: 42, 140: 54, 141: 55, 142: 45, 143: 58, 144: 43, 145: 57, 146: 43, 147: 52, 148: 46, 149: 57, 150: 57, 151: 45, 152: 46, 153: 34, 154: 56, 155: 60, 156: 58, 157: 36, 158: 53, 159: 65, 160: 41, 161: 48, 162: 73, 163: 61, 164: 43, 165: 45, 166: 52, 167: 49, 168: 54, 169: 57, 170: 43, 171: 42, 172: 42, 173: 49, 174: 48, 175: 56, 176: 44, 177: 50, 178: 46, 179: 56, 180: 56, 181: 49, 182: 49, 183: 61, 184: 46, 185: 54, 186: 51, 187: 56, 188: 40, 189: 62, 190: 44, 191: 52, 192: 50, 193: 57, 194: 53, 195: 49, 196: 56, 197: 41, 198: 45, 199: 51}, 4: {0: 50, 1: 56, 2: 62, 3: 54, 4: 44, 5: 68, 6: 37, 7: 54, 8: 35, 9: 48, 10: 50, 11: 42, 12: 47, 13: 48, 14: 64, 15: 51, 16: 40, 17: 42, 18: 48, 19: 51, 20: 46, 21: 59, 22: 59, 23: 50, 24: 57, 25: 52, 26: 46, 27: 47, 28: 53, 29: 46, 30: 48, 31: 38, 32: 40, 33: 38, 34: 48, 35: 45, 36: 43, 37: 53, 38: 53, 39: 46, 40: 46, 41: 53, 42: 47, 43: 65, 44: 44, 45: 57, 46: 47, 47: 48, 48: 56, 49: 43, 50: 44, 51: 56, 52: 50, 53: 56, 54: 49, 55: 60, 56: 47, 57: 51, 58: 48, 59: 56, 60: 41, 61: 53, 62: 41, 63: 51, 64: 70, 65: 42, 66: 55, 67: 44, 68: 57, 69: 39, 70: 41, 71: 54, 72: 53, 73: 41, 74: 59, 75: 36, 76: 39, 77: 48, 78: 51, 79: 47, 80: 45, 81: 55, 82: 51, 83: 54, 84: 57, 85: 49, 86: 51, 87: 41, 88: 50, 89: 47, 90: 43, 91: 59, 92: 57, 93: 52, 94: 56, 95: 51, 96: 50, 97: 49, 98: 49, 99: 50, 100: 57, 101: 55, 102: 50, 103: 52, 104: 57, 105: 43, 106: 46, 107: 48, 108: 55, 109: 50, 110: 67, 111: 43, 112: 49, 113: 39, 114: 52, 115: 42, 116: 54, 117: 60, 118: 51, 119: 44, 120: 50, 121: 59, 122: 39, 123: 55, 124: 60, 125: 53, 126: 48, 127: 54, 128: 47, 129: 46, 130: 48, 131: 53, 132: 48, 133: 53, 134: 47, 135: 52, 136: 69, 137: 50, 138: 38, 139: 47, 140: 47, 141: 44, 142: 45, 143: 44, 144: 53, 145: 51, 146: 53, 147: 53, 148: 52, 149: 45, 150: 28, 151: 60, 152: 49, 153: 60, 154: 45, 155: 46, 156: 51, 157: 56, 158: 56, 159: 50, 160: 55, 161: 55, 162: 44, 163: 45, 164: 51, 165: 49, 166: 54, 167: 41, 168: 51, 169: 40, 170: 46, 171: 50, 172: 58, 173: 57, 174: 52, 175: 47, 176: 51, 177: 40, 178: 45, 179: 46, 180: 54, 181: 44, 182: 57, 183: 52, 184: 54, 185: 50, 186: 48, 187: 51, 188: 57, 189: 55, 190: 52, 191: 44, 192: 49, 193: 53, 194: 47, 195: 48, 196: 56, 197: 59, 198: 54, 199: 62}, 5: {0: 45, 1: 47, 2: 49, 3: 47, 4: 55, 5: 33, 6: 54, 7: 47, 8: 52, 9: 55, 10: 50, 11: 62, 12: 65, 13: 53, 14: 38, 15: 48, 16: 54, 17: 58, 18: 53, 19: 54, 20: 67, 21: 52, 22: 44, 23: 52, 24: 30, 25: 51, 26: 56, 27: 45, 28: 50, 29: 49, 30: 50, 31: 55, 32: 41, 33: 57, 34: 46, 35: 54, 36: 57, 37: 58, 38: 48, 39: 44, 40: 46, 41: 55, 42: 54, 43: 53, 44: 40, 45: 48, 46: 53, 47: 52, 48: 45, 49: 46, 50: 49, 51: 47, 52: 46, 53: 53, 54: 34, 55: 51, 56: 61, 57: 54, 58: 43, 59: 59, 60: 41, 61: 54, 62: 50, 63: 38, 64: 59, 65: 48, 66: 44, 67: 46, 68: 71, 69: 60, 70: 51, 71: 45, 72: 56, 73: 51, 74: 48, 75: 56, 76: 64, 77: 59, 78: 50, 79: 44, 80: 58, 81: 42, 82: 47, 83: 45, 84: 41, 85: 52, 86: 50, 87: 46, 88: 58, 89: 46, 90: 43, 91: 57, 92: 51, 93: 44, 94: 48, 95: 54, 96: 55, 97: 56, 98: 44, 99: 43, 100: 52, 101: 48, 102: 55, 103: 52, 104: 44, 105: 44, 106: 41, 107: 36, 108: 65, 109: 43, 110: 40, 111: 47, 112: 53, 113: 52, 114: 39, 115: 40, 116: 62, 117: 61, 118: 50, 119: 48, 120: 41, 121: 53, 122: 60, 123: 59, 124: 54, 125: 62, 126: 57, 127: 45, 128: 54, 129: 60, 130: 50, 131: 35, 132: 53, 133: 53, 134: 47, 135: 51, 136: 50, 137: 40, 138: 42, 139: 50, 140: 61, 141: 46, 142: 57, 143: 43, 144: 47, 145: 43, 146: 50, 147: 59, 148: 43, 149: 51, 150: 41, 151: 43, 152: 57, 153: 51, 154: 55, 155: 50, 156: 39, 157: 56, 158: 53, 159: 45, 160: 47, 161: 45, 162: 44, 163: 46, 164: 46, 165: 57, 166: 56, 167: 58, 168: 52, 169: 57, 170: 56, 171: 48, 172: 46, 173: 52, 174: 58, 175: 52, 176: 57, 177: 40, 178: 49, 179: 56, 180: 35, 181: 59, 182: 50, 183: 40, 184: 45, 185: 65, 186: 45, 187: 39, 188: 49, 189: 51, 190: 50, 191: 56, 192: 48, 193: 45, 194: 51, 195: 61, 196: 36, 197: 44, 198: 46, 199: 56}, 6: {0: 43, 1: 46, 2: 56, 3: 46, 4: 43, 5: 52, 6: 48, 7: 57, 8: 41, 9: 48, 10: 49, 11: 49, 12: 51, 13: 48, 14: 48, 15: 32, 16: 56, 17: 47, 18: 38, 19: 42, 20: 49, 21: 49, 22: 41, 23: 38, 24: 49, 25: 53, 26: 52, 27: 46, 28: 45, 29: 40, 30: 51, 31: 51, 32: 45, 33: 43, 34: 65, 35: 59, 36: 44, 37: 52, 38: 59, 39: 45, 40: 48, 41: 47, 42: 54, 43: 59, 44: 47, 45: 60, 46: 58, 47: 56, 48: 53, 49: 62, 50: 53, 51: 36, 52: 54, 53: 39, 54: 60, 55: 47, 56: 45, 57: 35, 58: 58, 59: 49, 60: 54, 61: 49, 62: 52, 63: 55, 64: 44, 65: 57, 66: 47, 67: 45, 68: 45, 69: 58, 70: 50, 71: 52, 72: 44, 73: 44, 74: 64, 75: 38, 76: 40, 77: 55, 78: 42, 79: 60, 80: 58, 81: 49, 82: 47, 83: 52, 84: 47, 85: 51, 86: 47, 87: 53, 88: 55, 89: 55, 90: 50, 91: 50, 92: 59, 93: 57, 94: 54, 95: 45, 96: 50, 97: 65, 98: 40, 99: 52, 100: 35, 101: 43, 102: 51, 103: 47, 104: 47, 105: 41, 106: 38, 107: 56, 108: 39, 109: 38, 110: 43, 111: 48, 112: 55, 113: 60, 114: 48, 115: 47, 116: 48, 117: 43, 118: 41, 119: 52, 120: 66, 121: 47, 122: 55, 123: 39, 124: 48, 125: 40, 126: 46, 127: 52, 128: 46, 129: 57, 130: 65, 131: 55, 132: 49, 133: 49, 134: 48, 135: 47, 136: 50, 137: 57, 138: 57, 139: 58, 140: 40, 141: 57, 142: 53, 143: 48, 144: 48, 145: 61, 146: 53, 147: 46, 148: 56, 149: 48, 150: 60, 151: 50, 152: 44, 153: 57, 154: 55, 155: 38, 156: 57, 157: 48, 158: 44, 159: 62, 160: 40, 161: 59, 162: 48, 163: 54, 164: 56, 165: 50, 166: 48, 167: 50, 168: 41, 169: 49, 170: 47, 171: 61, 172: 48, 173: 45, 174: 51, 175: 42, 176: 51, 177: 52, 178: 60, 179: 45, 180: 58, 181: 56, 182: 58, 183: 62, 184: 59, 185: 42, 186: 44, 187: 44, 188: 48, 189: 60, 190: 49, 191: 53, 192: 50, 193: 57, 194: 54, 195: 51, 196: 58, 197: 61, 198: 41, 199: 55}, 7: {0: 50, 1: 50, 2: 54, 3: 51, 4: 47, 5: 45, 6: 59, 7: 36, 8: 54, 9: 52, 10: 46, 11: 42, 12: 53, 13: 46, 14: 41, 15: 48, 16: 49, 17: 46, 18: 51, 19: 39, 20: 46, 21: 49, 22: 49, 23: 48, 24: 35, 25: 48, 26: 47, 27: 56, 28: 54, 29: 53, 30: 59, 31: 56, 32: 49, 33: 51, 34: 44, 35: 40, 36: 58, 37: 64, 38: 40, 39: 50, 40: 62, 41: 42, 42: 34, 43: 48, 44: 35, 45: 45, 46: 48, 47: 39, 48: 52, 49: 57, 50: 52, 51: 63, 52: 57, 53: 47, 54: 43, 55: 47, 56: 46, 57: 51, 58: 41, 59: 47, 60: 55, 61: 45, 62: 52, 63: 54, 64: 41, 65: 46, 66: 60, 67: 60, 68: 57, 69: 40, 70: 54, 71: 57, 72: 63, 73: 54, 74: 49, 75: 52, 76: 53, 77: 46, 78: 40, 79: 50, 80: 43, 81: 46, 82: 51, 83: 56, 84: 43, 85: 43, 86: 56, 87: 59, 88: 42, 89: 45, 90: 49, 91: 53, 92: 50, 93: 54, 94: 42, 95: 44, 96: 50, 97: 46, 98: 42, 99: 56, 100: 42, 101: 54, 102: 43, 103: 53, 104: 56, 105: 52, 106: 47, 107: 45, 108: 42, 109: 65, 110: 55, 111: 57, 112: 53, 113: 44, 114: 56, 115: 56, 116: 60, 117: 38, 118: 48, 119: 53, 120: 57, 121: 59, 122: 44, 123: 55, 124: 55, 125: 53, 126: 54, 127: 57, 128: 53, 129: 55, 130: 49, 131: 56, 132: 60, 133: 50, 134: 53, 135: 47, 136: 43, 137: 49, 138: 52, 139: 63, 140: 37, 141: 48, 142: 56, 143: 53, 144: 58, 145: 40, 146: 48, 147: 50, 148: 48, 149: 63, 150: 56, 151: 53, 152: 46, 153: 41, 154: 55, 155: 52, 156: 50, 157: 49, 158: 47, 159: 50, 160: 48, 161: 44, 162: 47, 163: 45, 164: 47, 165: 52, 166: 50, 167: 47, 168: 51, 169: 51, 170: 52, 171: 55, 172: 48, 173: 46, 174: 45, 175: 57, 176: 40, 177: 45, 178: 57, 179: 51, 180: 58, 181: 53, 182: 51, 183: 46, 184: 55, 185: 57, 186: 60, 187: 41, 188: 52, 189: 40, 190: 60, 191: 49, 192: 51, 193: 40, 194: 50, 195: 40, 196: 56, 197: 60, 198: 55, 199: 56}, 8: {0: 53, 1: 51, 2: 51, 3: 50, 4: 56, 5: 50, 6: 57, 7: 50, 8: 45, 9: 46, 10: 44, 11: 46, 12: 45, 13: 61, 14: 58, 15: 53, 16: 38, 17: 51, 18: 48, 19: 54, 20: 43, 21: 53, 22: 53, 23: 59, 24: 55, 25: 58, 26: 48, 27: 51, 28: 48, 29: 51, 30: 49, 31: 57, 32: 53, 33: 39, 34: 37, 35: 43, 36: 63, 37: 33, 38: 56, 39: 45, 40: 43, 41: 52, 42: 49, 43: 59, 44: 69, 45: 46, 46: 45, 47: 48, 48: 43, 49: 57, 50: 45, 51: 56, 52: 40, 53: 57, 54: 52, 55: 36, 56: 48, 57: 43, 58: 40, 59: 56, 60: 49, 61: 46, 62: 39, 63: 46, 64: 42, 65: 50, 66: 54, 67: 49, 68: 45, 69: 46, 70: 58, 71: 43, 72: 53, 73: 58, 74: 52, 75: 48, 76: 46, 77: 37, 78: 50, 79: 61, 80: 50, 81: 42, 82: 47, 83: 47, 84: 56, 85: 51, 86: 57, 87: 61, 88: 51, 89: 48, 90: 55, 91: 48, 92: 47, 93: 59, 94: 56, 95: 53, 96: 47, 97: 46, 98: 45, 99: 53, 100: 50, 101: 47, 102: 48, 103: 50, 104: 56, 105: 62, 106: 54, 107: 51, 108: 51, 109: 60, 110: 48, 111: 58, 112: 47, 113: 62, 114: 48, 115: 57, 116: 52, 117: 50, 118: 51, 119: 50, 120: 43, 121: 43, 122: 54, 123: 48, 124: 49, 125: 52, 126: 53, 127: 41, 128: 59, 129: 43, 130: 45, 131: 57, 132: 49, 133: 61, 134: 55, 135: 51, 136: 51, 137: 48, 138: 47, 139: 53, 140: 59, 141: 52, 142: 43, 143: 52, 144: 49, 145: 45, 146: 57, 147: 54, 148: 58, 149: 58, 150: 55, 151: 60, 152: 58, 153: 55, 154: 55, 155: 58, 156: 47, 157: 55, 158: 48, 159: 45, 160: 57, 161: 39, 162: 45, 163: 39, 164: 54, 165: 49, 166: 49, 167: 57, 168: 55, 169: 47, 170: 54, 171: 49, 172: 58, 173: 37, 174: 48, 175: 49, 176: 51, 177: 61, 178: 46, 179: 63, 180: 36, 181: 37, 182: 42, 183: 52, 184: 42, 185: 49, 186: 41, 187: 44, 188: 34, 189: 50, 190: 44, 191: 50, 192: 45, 193: 58, 194: 46, 195: 51, 196: 49, 197: 44, 198: 46, 199: 40}, 9: {0: 54, 1: 47, 2: 55, 3: 59, 4: 57, 5: 50, 6: 56, 7: 44, 8: 47, 9: 50, 10: 52, 11: 61, 12: 42, 13: 43, 14: 48, 15: 50, 16: 59, 17: 50, 18: 55, 19: 59, 20: 51, 21: 46, 22: 49, 23: 55, 24: 58, 25: 41, 26: 51, 27: 46, 28: 45, 29: 45, 30: 55, 31: 46, 32: 47, 33: 56, 34: 52, 35: 57, 36: 56, 37: 48, 38: 46, 39: 58, 40: 53, 41: 51, 42: 60, 43: 44, 44: 52, 45: 54, 46: 51, 47: 51, 48: 41, 49: 39, 50: 54, 51: 50, 52: 46, 53: 62, 54: 43, 55: 55, 56: 45, 57: 53, 58: 60, 59: 40, 60: 49, 61: 52, 62: 55, 63: 43, 64: 41, 65: 53, 66: 53, 67: 43, 68: 46, 69: 53, 70: 39, 71: 50, 72: 45, 73: 52, 74: 52, 75: 54, 76: 55, 77: 44, 78: 53, 79: 54, 80: 61, 81: 66, 82: 41, 83: 37, 84: 54, 85: 52, 86: 42, 87: 44, 88: 47, 89: 51, 90: 41, 91: 42, 92: 47, 93: 47, 94: 52, 95: 55, 96: 53, 97: 48, 98: 56, 99: 58, 100: 59, 101: 55, 102: 50, 103: 57, 104: 46, 105: 54, 106: 60, 107: 53, 108: 47, 109: 46, 110: 55, 111: 65, 112: 59, 113: 41, 114: 43, 115: 61, 116: 45, 117: 57, 118: 47, 119: 39, 120: 50, 121: 56, 122: 49, 123: 55, 124: 47, 125: 52, 126: 54, 127: 49, 128: 43, 129: 49, 130: 48, 131: 52, 132: 43, 133: 45, 134: 56, 135: 53, 136: 45, 137: 50, 138: 63, 139: 48, 140: 50, 141: 55, 142: 41, 143: 40, 144: 63, 145: 55, 146: 45, 147: 47, 148: 54, 149: 42, 150: 45, 151: 53, 152: 46, 153: 62, 154: 41, 155: 50, 156: 41, 157: 55, 158: 53, 159: 56, 160: 61, 161: 59, 162: 57, 163: 39, 164: 54, 165: 52, 166: 47, 167: 47, 168: 52, 169: 45, 170: 60, 171: 48, 172: 40, 173: 50, 174: 46, 175: 50, 176: 44, 177: 26, 178: 44, 179: 45, 180: 48, 181: 49, 182: 41, 183: 33, 184: 52, 185: 40, 186: 52, 187: 55, 188: 56, 189: 41, 190: 54, 191: 54, 192: 51, 193: 46, 194: 56, 195: 47, 196: 47, 197: 52, 198: 52, 199: 38}}
05-24 14:13 INFO     in comm round:0
05-24 14:13 INFO     Training network 0 n_training: 10000
05-24 14:13 INFO     Training network 0
05-24 14:13 INFO     n_training: 157
05-24 14:14 INFO     Client: 0 Epoch: 0 Loss: 5.313991646857778
05-24 14:14 INFO     Client: 0 Epoch: 1 Loss: 5.2075679256657885
05-24 14:14 INFO     Client: 0 Epoch: 2 Loss: 5.122426254734112
05-24 14:14 INFO     Client: 0 Epoch: 3 Loss: 5.035611094942518
05-24 14:14 INFO     Client: 0 Epoch: 4 Loss: 4.966477187575808
05-24 14:14 INFO      ** Client: 0 Training complete **
05-24 14:14 INFO     Training network 1 n_training: 10000
05-24 14:14 INFO     Training network 1
05-24 14:14 INFO     n_training: 157
05-24 14:14 INFO     Client: 1 Epoch: 0 Loss: 5.195212968595468
05-24 14:14 INFO     Client: 1 Epoch: 1 Loss: 5.023332447003407
05-24 14:14 INFO     Client: 1 Epoch: 2 Loss: 4.938990592956543
05-24 14:15 INFO     Client: 1 Epoch: 3 Loss: 4.869188463611967
05-24 14:15 INFO     Client: 1 Epoch: 4 Loss: 4.810369026888708
05-24 14:15 INFO      ** Client: 1 Training complete **
05-24 14:15 INFO     Training network 2 n_training: 10000
05-24 14:15 INFO     Training network 2
05-24 14:15 INFO     n_training: 157
05-24 14:15 INFO     Client: 2 Epoch: 0 Loss: 5.136064729872783
05-24 14:15 INFO     Client: 2 Epoch: 1 Loss: 4.939188203993877
05-24 14:15 INFO     Client: 2 Epoch: 2 Loss: 4.83668889209723
05-24 14:15 INFO     Client: 2 Epoch: 3 Loss: 4.766495689464982
05-24 14:15 INFO     Client: 2 Epoch: 4 Loss: 4.695678082241375
05-24 14:15 INFO      ** Client: 2 Training complete **
05-24 14:15 INFO     Training network 3 n_training: 10000
05-24 14:15 INFO     Training network 3
05-24 14:15 INFO     n_training: 157
05-24 14:16 INFO     Client: 3 Epoch: 0 Loss: 5.067628617499285
05-24 14:16 INFO     Client: 3 Epoch: 1 Loss: 4.844482151566038
05-24 14:16 INFO     Client: 3 Epoch: 2 Loss: 4.749085569077996
05-24 14:16 INFO     Client: 3 Epoch: 3 Loss: 4.690034313566366
05-24 14:16 INFO     Client: 3 Epoch: 4 Loss: 4.630040976651914
05-24 14:16 INFO      ** Client: 3 Training complete **
05-24 14:16 INFO     Training network 4 n_training: 10000
05-24 14:16 INFO     Training network 4
05-24 14:16 INFO     n_training: 157
05-24 14:16 INFO     Client: 4 Epoch: 0 Loss: 4.997471997692327
05-24 14:16 INFO     Client: 4 Epoch: 1 Loss: 4.7774986886674435
05-24 14:17 INFO     Client: 4 Epoch: 2 Loss: 4.655834857065966
05-24 14:17 INFO     Client: 4 Epoch: 3 Loss: 4.573706872903617
05-24 14:17 INFO     Client: 4 Epoch: 4 Loss: 4.50157365373745
05-24 14:17 INFO      ** Client: 4 Training complete **
05-24 14:17 INFO     Training network 5 n_training: 10000
05-24 14:17 INFO     Training network 5
05-24 14:17 INFO     n_training: 157
05-24 14:17 INFO     Client: 5 Epoch: 0 Loss: 5.023874373952294
05-24 14:17 INFO     Client: 5 Epoch: 1 Loss: 4.781609176830122
05-24 14:17 INFO     Client: 5 Epoch: 2 Loss: 4.643725644251344
05-24 14:17 INFO     Client: 5 Epoch: 3 Loss: 4.544149814897282
05-24 14:17 INFO     Client: 5 Epoch: 4 Loss: 4.477630949324103
05-24 14:17 INFO      ** Client: 5 Training complete **
05-24 14:17 INFO     Training network 6 n_training: 10000
05-24 14:17 INFO     Training network 6
05-24 14:17 INFO     n_training: 157
05-24 14:18 INFO     Client: 6 Epoch: 0 Loss: 4.956448381873453
05-24 14:18 INFO     Client: 6 Epoch: 1 Loss: 4.676701901065316
05-24 14:18 INFO     Client: 6 Epoch: 2 Loss: 4.543590667141471
05-24 14:18 INFO     Client: 6 Epoch: 3 Loss: 4.478903582141657
05-24 14:18 INFO     Client: 6 Epoch: 4 Loss: 4.407943397570568
05-24 14:18 INFO      ** Client: 6 Training complete **
05-24 14:18 INFO     Training network 7 n_training: 10000
05-24 14:18 INFO     Training network 7
05-24 14:18 INFO     n_training: 157
05-24 14:18 INFO     Client: 7 Epoch: 0 Loss: 4.9578793337390685
05-24 14:18 INFO     Client: 7 Epoch: 1 Loss: 4.70261966802512
05-24 14:19 INFO     Client: 7 Epoch: 2 Loss: 4.558569346263909
05-24 14:19 INFO     Client: 7 Epoch: 3 Loss: 4.456815707455775
05-24 14:19 INFO     Client: 7 Epoch: 4 Loss: 4.389144596780182
05-24 14:19 INFO      ** Client: 7 Training complete **
05-24 14:19 INFO     Training network 8 n_training: 10000
05-24 14:19 INFO     Training network 8
05-24 14:19 INFO     n_training: 157
05-24 14:19 INFO     Client: 8 Epoch: 0 Loss: 4.9578946107512065
05-24 14:19 INFO     Client: 8 Epoch: 1 Loss: 4.671808081827346
05-24 14:19 INFO     Client: 8 Epoch: 2 Loss: 4.518588108621585
05-24 14:19 INFO     Client: 8 Epoch: 3 Loss: 4.424621885749185
05-24 14:20 INFO     Client: 8 Epoch: 4 Loss: 4.35723521299423
05-24 14:20 INFO      ** Client: 8 Training complete **
05-24 14:20 INFO     Training network 9 n_training: 10000
05-24 14:20 INFO     Training network 9
05-24 14:20 INFO     n_training: 157
05-24 14:20 INFO     Client: 9 Epoch: 0 Loss: 4.934687881712701
05-24 14:20 INFO     Client: 9 Epoch: 1 Loss: 4.6329637029368405
05-24 14:20 INFO     Client: 9 Epoch: 2 Loss: 4.498237451929955
05-24 14:20 INFO     Client: 9 Epoch: 3 Loss: 4.39448464144567
05-24 14:20 INFO     Client: 9 Epoch: 4 Loss: 4.333546615709924
05-24 14:20 INFO      ** Client: 9 Training complete **
05-24 14:20 INFO     global n_training: 1563
05-24 14:20 INFO     global n_test: 157
05-24 14:21 INFO     >> Global Model Train accuracy: 0.0050, Train accuracy top-5: 0.0250
05-24 14:21 INFO     >> Global Model Test accuracy: 0.0050, Test accuracy top-5: 0.0250
05-24 14:21 INFO     >> Global Model Train loss: 5.6422
05-24 14:21 INFO     in comm round:1
05-24 14:21 INFO     Training network 0 n_training: 10000
05-24 14:21 INFO     Training network 0
05-24 14:21 INFO     n_training: 157
05-24 14:21 INFO     Client: 0 Epoch: 0 Loss: 4.802228657303343
05-24 14:21 INFO     Client: 0 Epoch: 1 Loss: 4.512455639565826
05-24 14:21 INFO     Client: 0 Epoch: 2 Loss: 4.401107678747481
05-24 14:22 INFO     Client: 0 Epoch: 3 Loss: 4.327174186706543
05-24 14:22 INFO     Client: 0 Epoch: 4 Loss: 4.271973878714689
05-24 14:22 INFO      ** Client: 0 Training complete **
05-24 14:22 INFO     Training network 1 n_training: 10000
05-24 14:22 INFO     Training network 1
05-24 14:22 INFO     n_training: 157
05-24 14:22 INFO     Client: 1 Epoch: 0 Loss: 4.749239854751878
05-24 14:22 INFO     Client: 1 Epoch: 1 Loss: 4.521104417788755
05-24 14:22 INFO     Client: 1 Epoch: 2 Loss: 4.407921420540779
05-24 14:22 INFO     Client: 1 Epoch: 3 Loss: 4.3143990875049765
05-24 14:22 INFO     Client: 1 Epoch: 4 Loss: 4.27178646196985
05-24 14:22 INFO      ** Client: 1 Training complete **
05-24 14:22 INFO     Training network 2 n_training: 10000
05-24 14:22 INFO     Training network 2
05-24 14:22 INFO     n_training: 157
05-24 14:22 INFO     Client: 2 Epoch: 0 Loss: 4.742411807843834
05-24 14:23 INFO     Client: 2 Epoch: 1 Loss: 4.479018208327567
05-24 14:23 INFO     Client: 2 Epoch: 2 Loss: 4.3636603203548745
05-24 14:23 INFO     Client: 2 Epoch: 3 Loss: 4.279091339961738
05-24 14:23 INFO     Client: 2 Epoch: 4 Loss: 4.236780865177227
05-24 14:23 INFO      ** Client: 2 Training complete **
05-24 14:23 INFO     Training network 3 n_training: 10000
05-24 14:23 INFO     Training network 3
05-24 14:23 INFO     n_training: 157
05-24 14:23 INFO     Client: 3 Epoch: 0 Loss: 4.780743769020032
05-24 14:23 INFO     Client: 3 Epoch: 1 Loss: 4.473729030341859
05-24 14:23 INFO     Client: 3 Epoch: 2 Loss: 4.34278669782505
05-24 14:24 INFO     Client: 3 Epoch: 3 Loss: 4.28061730694619
05-24 14:24 INFO     Client: 3 Epoch: 4 Loss: 4.229048063800593
05-24 14:24 INFO      ** Client: 3 Training complete **
05-24 14:24 INFO     Training network 4 n_training: 10000
05-24 14:24 INFO     Training network 4
05-24 14:24 INFO     n_training: 157
05-24 14:24 INFO     Client: 4 Epoch: 0 Loss: 4.8237254786643255
05-24 14:24 INFO     Client: 4 Epoch: 1 Loss: 4.527278830291359
05-24 14:24 INFO     Client: 4 Epoch: 2 Loss: 4.373432034899475
05-24 14:24 INFO     Client: 4 Epoch: 3 Loss: 4.30867197710997
05-24 14:24 INFO     Client: 4 Epoch: 4 Loss: 4.228798949794405
05-24 14:24 INFO      ** Client: 4 Training complete **
05-24 14:24 INFO     Training network 5 n_training: 10000
05-24 14:24 INFO     Training network 5
05-24 14:24 INFO     n_training: 157
05-24 14:25 INFO     Client: 5 Epoch: 0 Loss: 4.904749803482347
05-24 14:25 INFO     Client: 5 Epoch: 1 Loss: 4.5478865204343375
05-24 14:25 INFO     Client: 5 Epoch: 2 Loss: 4.38529437666486
05-24 14:25 INFO     Client: 5 Epoch: 3 Loss: 4.291611621334295
05-24 14:25 INFO     Client: 5 Epoch: 4 Loss: 4.2583932922144605
05-24 14:25 INFO      ** Client: 5 Training complete **
05-24 14:25 INFO     Training network 6 n_training: 10000
05-24 14:25 INFO     Training network 6
05-24 14:25 INFO     n_training: 157
05-24 14:25 INFO     Client: 6 Epoch: 0 Loss: 4.799002386202478
05-24 14:25 INFO     Client: 6 Epoch: 1 Loss: 4.451762330000568
05-24 14:25 INFO     Client: 6 Epoch: 2 Loss: 4.311890658299634
05-24 14:26 INFO     Client: 6 Epoch: 3 Loss: 4.219870448871783
05-24 14:26 INFO     Client: 6 Epoch: 4 Loss: 4.167225347203054
05-24 14:26 INFO      ** Client: 6 Training complete **
05-24 14:26 INFO     Training network 7 n_training: 10000
05-24 14:26 INFO     Training network 7
05-24 14:26 INFO     n_training: 157
05-24 14:26 INFO     Client: 7 Epoch: 0 Loss: 4.733481188488614
05-24 14:26 INFO     Client: 7 Epoch: 1 Loss: 4.401517512692008
05-24 14:26 INFO     Client: 7 Epoch: 2 Loss: 4.273678213168102
05-24 14:26 INFO     Client: 7 Epoch: 3 Loss: 4.213257901987452
05-24 14:26 INFO     Client: 7 Epoch: 4 Loss: 4.149158482338972
05-24 14:26 INFO      ** Client: 7 Training complete **
05-24 14:26 INFO     Training network 8 n_training: 10000
05-24 14:26 INFO     Training network 8
05-24 14:26 INFO     n_training: 157
05-24 14:27 INFO     Client: 8 Epoch: 0 Loss: 4.758503844024269
05-24 14:27 INFO     Client: 8 Epoch: 1 Loss: 4.404327424468508
05-24 14:27 INFO     Client: 8 Epoch: 2 Loss: 4.283602392597563
05-24 14:27 INFO     Client: 8 Epoch: 3 Loss: 4.204450402290198
05-24 14:27 INFO     Client: 8 Epoch: 4 Loss: 4.13889334156255
05-24 14:27 INFO      ** Client: 8 Training complete **
05-24 14:27 INFO     Training network 9 n_training: 10000
05-24 14:27 INFO     Training network 9
05-24 14:27 INFO     n_training: 157
05-24 14:27 INFO     Client: 9 Epoch: 0 Loss: 4.720552921295166
05-24 14:27 INFO     Client: 9 Epoch: 1 Loss: 4.406638900185846
05-24 14:28 INFO     Client: 9 Epoch: 2 Loss: 4.262730695639446
05-24 14:28 INFO     Client: 9 Epoch: 3 Loss: 4.203822473052201
05-24 14:28 INFO     Client: 9 Epoch: 4 Loss: 4.134281313343412
05-24 14:28 INFO      ** Client: 9 Training complete **
05-24 14:28 INFO     global n_training: 1563
05-24 14:28 INFO     global n_test: 157
05-24 14:29 INFO     >> Global Model Train accuracy: 0.0055, Train accuracy top-5: 0.0349
05-24 14:29 INFO     >> Global Model Test accuracy: 0.0059, Test accuracy top-5: 0.0360
05-24 14:29 INFO     >> Global Model Train loss: 5.5260
05-24 14:29 INFO     in comm round:2
05-24 14:29 INFO     Training network 0 n_training: 10000
05-24 14:29 INFO     Training network 0
05-24 14:29 INFO     n_training: 157
05-24 14:29 INFO     Client: 0 Epoch: 0 Loss: 4.320704443439556
05-24 14:29 INFO     Client: 0 Epoch: 1 Loss: 4.142720220954555
05-24 14:29 INFO     Client: 0 Epoch: 2 Loss: 4.077020213862133
05-24 14:29 INFO     Client: 0 Epoch: 3 Loss: 4.022960053887337
05-24 14:29 INFO     Client: 0 Epoch: 4 Loss: 3.9817428558495394
05-24 14:29 INFO      ** Client: 0 Training complete **
05-24 14:29 INFO     Training network 1 n_training: 10000
05-24 14:29 INFO     Training network 1
05-24 14:29 INFO     n_training: 157
05-24 14:29 INFO     Client: 1 Epoch: 0 Loss: 4.3193670321422015
05-24 14:29 INFO     Client: 1 Epoch: 1 Loss: 4.15775053668174
