03-17 15:08 INFO     cuda:3
03-17 15:08 INFO     Command Line Arguments: 
{
    "epochs": 5,
    "comm_round": 50,
    "sample_fraction": 1.0,
    "alpha": 1e+200,
    "dataset": "cifar10",
    "datadir": "../data/",
    "partition": "subsample",
    "alg": "sflv1",
    "model": "resnet-18",
    "n_parties": 2,
    "lr": 0.01,
    "mu": 1,
    "std_coeff": 2.5,
    "unif_coeff": 0.5,
    "batch_size": 128,
    "load_first_net": 1,
    "pool_option": "FIFO",
    "model_buffer_size": 1,
    "optimizer": "sgd",
    "simp_width": 1,
    "out_dim": 256,
    "reg": 0.0005,
    "temperature": 0.5,
    "logdir": "./",
    "log_file_name": "logs/experiment_log-alg=sflv1_partition=subsample_lr=0.01_epochs=5_num_users=2_beta=1e+200_batch_size=128_opt=sgd_dataset=cifar10_2024-03-17-1508-33",
    "seed": 1,
    "device": "cuda:3"
}
03-17 15:08 INFO     Data statistics: {0: {0: 447, 1: 521, 2: 493, 3: 494, 4: 496, 5: 506, 6: 495, 7: 516, 8: 529, 9: 503}, 1: {0: 780, 1: 831, 2: 786, 3: 785, 4: 751, 5: 856, 6: 840, 7: 803, 8: 795, 9: 773}}
03-17 15:08 INFO     in comm round:0
03-17 15:08 INFO     Training network 0 n_training: 5000
03-17 15:08 INFO     Training network 0
03-17 15:08 INFO     Client: 0 Epoch: 0 Loss: 2.0287668857818995
03-17 15:08 INFO     Client: 0 Epoch: 1 Loss: 1.7112172414094975
03-17 15:08 INFO     Client: 0 Epoch: 2 Loss: 1.5267686874438555
03-17 15:08 INFO     Client: 0 Epoch: 3 Loss: 1.4327161770600538
03-17 15:08 INFO     Client: 0 Epoch: 4 Loss: 1.3494799167681963
03-17 15:08 INFO      ** Client: 0 Training complete **
03-17 15:08 INFO     Training network 1 n_training: 8000
03-17 15:08 INFO     Training network 1
03-17 15:08 INFO     Client: 1 Epoch: 0 Loss: 1.9703771298931492
03-17 15:08 INFO     Client: 1 Epoch: 1 Loss: 1.6014318081640428
03-17 15:08 INFO     Client: 1 Epoch: 2 Loss: 1.4699639274228005
03-17 15:08 INFO     Client: 1 Epoch: 3 Loss: 1.3277658762470368
03-17 15:09 INFO     Client: 1 Epoch: 4 Loss: 1.2212217027141201
03-17 15:09 INFO      ** Client: 1 Training complete **
03-17 15:09 INFO     global n_training: 390
03-17 15:09 INFO     global n_test: 79
03-17 15:09 INFO     >> Global Model Train accuracy: 0.2023, Train accuracy top-5: 0.6595
03-17 15:09 INFO     >> Global Model Test accuracy: 0.2466, Test accuracy top-5: 0.7109
03-17 15:09 INFO     >> Global Model Train loss: 2.1737
03-17 15:09 INFO     in comm round:1
03-17 15:09 INFO     Training network 0 n_training: 5000
03-17 15:09 INFO     Training network 0
03-17 15:09 INFO     Client: 0 Epoch: 0 Loss: 1.3975997551893578
03-17 15:09 INFO     Client: 0 Epoch: 1 Loss: 1.3306174522791154
03-17 15:09 INFO     Client: 0 Epoch: 2 Loss: 1.2063201681161537
03-17 15:09 INFO     Client: 0 Epoch: 3 Loss: 1.1386134975995772
03-17 15:09 INFO     Client: 0 Epoch: 4 Loss: 1.051558569455758
03-17 15:09 INFO      ** Client: 0 Training complete **
03-17 15:09 INFO     Training network 1 n_training: 8000
03-17 15:09 INFO     Training network 1
03-17 15:09 INFO     Client: 1 Epoch: 0 Loss: 1.3223892815651432
03-17 15:09 INFO     Client: 1 Epoch: 1 Loss: 1.170682176466911
03-17 15:09 INFO     Client: 1 Epoch: 2 Loss: 1.0599743531596275
03-17 15:09 INFO     Client: 1 Epoch: 3 Loss: 0.9713298822602918
03-17 15:09 INFO     Client: 1 Epoch: 4 Loss: 0.8857237004464672
03-17 15:09 INFO      ** Client: 1 Training complete **
03-17 15:09 INFO     global n_training: 390
03-17 15:09 INFO     global n_test: 79
03-17 15:09 INFO     >> Global Model Train accuracy: 0.5200, Train accuracy top-5: 0.9420
03-17 15:09 INFO     >> Global Model Test accuracy: 0.5228, Test accuracy top-5: 0.9446
03-17 15:09 INFO     >> Global Model Train loss: 1.3958
03-17 15:09 INFO     in comm round:2
03-17 15:09 INFO     Training network 0 n_training: 5000
03-17 15:09 INFO     Training network 0
03-17 15:09 INFO     Client: 0 Epoch: 0 Loss: 1.0821241996227167
03-17 15:09 INFO     Client: 0 Epoch: 1 Loss: 1.0294214196694202
03-17 15:09 INFO     Client: 0 Epoch: 2 Loss: 0.9828185255710895
03-17 15:09 INFO     Client: 0 Epoch: 3 Loss: 0.8788598653597709
03-17 15:09 INFO     Client: 0 Epoch: 4 Loss: 0.7950741083194048
03-17 15:09 INFO      ** Client: 0 Training complete **
03-17 15:09 INFO     Training network 1 n_training: 8000
03-17 15:09 INFO     Training network 1
03-17 15:09 INFO     Client: 1 Epoch: 0 Loss: 0.9451970015802691
03-17 15:09 INFO     Client: 1 Epoch: 1 Loss: 0.9176268289166112
03-17 15:09 INFO     Client: 1 Epoch: 2 Loss: 0.8393043414238961
03-17 15:09 INFO     Client: 1 Epoch: 3 Loss: 0.7331505941767846
03-17 15:09 INFO     Client: 1 Epoch: 4 Loss: 0.6888908974585994
03-17 15:09 INFO      ** Client: 1 Training complete **
03-17 15:09 INFO     global n_training: 390
03-17 15:09 INFO     global n_test: 79
03-17 15:10 INFO     >> Global Model Train accuracy: 0.7133, Train accuracy top-5: 0.9792
03-17 15:10 INFO     >> Global Model Test accuracy: 0.7078, Test accuracy top-5: 0.9806
03-17 15:10 INFO     >> Global Model Train loss: 0.8566
03-17 15:10 INFO     in comm round:3
03-17 15:10 INFO     Training network 0 n_training: 5000
03-17 15:10 INFO     Training network 0
03-17 15:10 INFO     Client: 0 Epoch: 0 Loss: 0.7741981286268967
03-17 15:10 INFO     Client: 0 Epoch: 1 Loss: 0.7509199197475727
03-17 15:10 INFO     Client: 0 Epoch: 2 Loss: 0.6884292868467478
03-17 15:10 INFO     Client: 0 Epoch: 3 Loss: 0.6607380769191644
03-17 15:10 INFO     Client: 0 Epoch: 4 Loss: 0.6092213468673902
03-17 15:10 INFO      ** Client: 0 Training complete **
03-17 15:10 INFO     Training network 1 n_training: 8000
03-17 15:10 INFO     Training network 1
03-17 15:10 INFO     Client: 1 Epoch: 0 Loss: 0.7280639236973178
03-17 15:10 INFO     Client: 1 Epoch: 1 Loss: 0.6926980480071037
03-17 15:10 INFO     Client: 1 Epoch: 2 Loss: 0.6385010134789252
03-17 15:10 INFO     Client: 1 Epoch: 3 Loss: 0.5902364494339112
03-17 15:10 INFO     Client: 1 Epoch: 4 Loss: 0.5681663059419201
03-17 15:10 INFO      ** Client: 1 Training complete **
03-17 15:10 INFO     global n_training: 390
03-17 15:10 INFO     global n_test: 79
03-17 15:10 INFO     >> Global Model Train accuracy: 0.7519, Train accuracy top-5: 0.9849
03-17 15:10 INFO     >> Global Model Test accuracy: 0.7382, Test accuracy top-5: 0.9863
03-17 15:10 INFO     >> Global Model Train loss: 0.7074
03-17 15:10 INFO     in comm round:4
03-17 15:10 INFO     Training network 0 n_training: 5000
03-17 15:10 INFO     Training network 0
03-17 15:10 INFO     Client: 0 Epoch: 0 Loss: 0.6101501156122257
03-17 15:10 INFO     Client: 0 Epoch: 1 Loss: 0.5758578578631083
03-17 15:10 INFO     Client: 0 Epoch: 2 Loss: 0.5720339432740823
03-17 15:10 INFO     Client: 0 Epoch: 3 Loss: 0.527561482710716
03-17 15:10 INFO     Client: 0 Epoch: 4 Loss: 0.49245268488541627
03-17 15:10 INFO      ** Client: 0 Training complete **
03-17 15:10 INFO     Training network 1 n_training: 8000
03-17 15:10 INFO     Training network 1
03-17 15:10 INFO     Client: 1 Epoch: 0 Loss: 0.5460988744612663
03-17 15:10 INFO     Client: 1 Epoch: 1 Loss: 0.5293144905759443
03-17 15:10 INFO     Client: 1 Epoch: 2 Loss: 0.5067635471782377
03-17 15:10 INFO     Client: 1 Epoch: 3 Loss: 0.4643239042451305
03-17 15:10 INFO     Client: 1 Epoch: 4 Loss: 0.43871138220833195
03-17 15:10 INFO      ** Client: 1 Training complete **
03-17 15:10 INFO     global n_training: 390
03-17 15:10 INFO     global n_test: 79
03-17 15:10 INFO     >> Global Model Train accuracy: 0.7870, Train accuracy top-5: 0.9861
03-17 15:10 INFO     >> Global Model Test accuracy: 0.7838, Test accuracy top-5: 0.9855
03-17 15:10 INFO     >> Global Model Train loss: 0.6370
03-17 15:10 INFO     in comm round:5
03-17 15:10 INFO     Training network 0 n_training: 5000
03-17 15:10 INFO     Training network 0
03-17 15:11 INFO     Client: 0 Epoch: 0 Loss: 0.4762356915535071
03-17 15:11 INFO     Client: 0 Epoch: 1 Loss: 0.48947209196212965
03-17 15:11 INFO     Client: 0 Epoch: 2 Loss: 0.43751369416713715
03-17 15:11 INFO     Client: 0 Epoch: 3 Loss: 0.4212343471172528
03-17 15:11 INFO     Client: 0 Epoch: 4 Loss: 0.4006537221945249
03-17 15:11 INFO      ** Client: 0 Training complete **
03-17 15:11 INFO     Training network 1 n_training: 8000
03-17 15:11 INFO     Training network 1
03-17 15:11 INFO     Client: 1 Epoch: 0 Loss: 0.46970255528726884
03-17 15:11 INFO     Client: 1 Epoch: 1 Loss: 0.43599789036858466
03-17 15:11 INFO     Client: 1 Epoch: 2 Loss: 0.4218664419266485
03-17 15:11 INFO     Client: 1 Epoch: 3 Loss: 0.39019748856944425
03-17 15:11 INFO     Client: 1 Epoch: 4 Loss: 0.37063957366251177
03-17 15:11 INFO      ** Client: 1 Training complete **
03-17 15:11 INFO     global n_training: 390
03-17 15:11 INFO     global n_test: 79
03-17 15:11 INFO     >> Global Model Train accuracy: 0.8230, Train accuracy top-5: 0.9912
03-17 15:11 INFO     >> Global Model Test accuracy: 0.8099, Test accuracy top-5: 0.9903
03-17 15:11 INFO     >> Global Model Train loss: 0.5201
03-17 15:11 INFO     in comm round:6
03-17 15:11 INFO     Training network 0 n_training: 5000
03-17 15:11 INFO     Training network 0
03-17 15:11 INFO     Client: 0 Epoch: 0 Loss: 0.37490859092810214
03-17 15:11 INFO     Client: 0 Epoch: 1 Loss: 0.3636585340285913
03-17 15:11 INFO     Client: 0 Epoch: 2 Loss: 0.32060714066028595
03-17 15:11 INFO     Client: 0 Epoch: 3 Loss: 0.29751052000583744
03-17 15:11 INFO     Client: 0 Epoch: 4 Loss: 0.2954122611345389
03-17 15:11 INFO      ** Client: 0 Training complete **
03-17 15:11 INFO     Training network 1 n_training: 8000
03-17 15:11 INFO     Training network 1
03-17 15:11 INFO     Client: 1 Epoch: 0 Loss: 0.3609228975349857
03-17 15:11 INFO     Client: 1 Epoch: 1 Loss: 0.38194103322682843
03-17 15:11 INFO     Client: 1 Epoch: 2 Loss: 0.3402084708213806
03-17 15:11 INFO     Client: 1 Epoch: 3 Loss: 0.33089126574416317
03-17 15:11 INFO     Client: 1 Epoch: 4 Loss: 0.2990728931561593
03-17 15:11 INFO      ** Client: 1 Training complete **
03-17 15:11 INFO     global n_training: 390
03-17 15:11 INFO     global n_test: 79
03-17 15:11 INFO     >> Global Model Train accuracy: 0.8348, Train accuracy top-5: 0.9906
03-17 15:11 INFO     >> Global Model Test accuracy: 0.8180, Test accuracy top-5: 0.9914
03-17 15:11 INFO     >> Global Model Train loss: 0.5123
03-17 15:11 INFO     in comm round:7
03-17 15:11 INFO     Training network 0 n_training: 5000
03-17 15:11 INFO     Training network 0
03-17 15:11 INFO     Client: 0 Epoch: 0 Loss: 0.3045864510230529
03-17 15:11 INFO     Client: 0 Epoch: 1 Loss: 0.30314095853230894
03-17 15:12 INFO     Client: 0 Epoch: 2 Loss: 0.27848674815434676
03-17 15:12 INFO     Client: 0 Epoch: 3 Loss: 0.2700030349003963
03-17 15:12 INFO     Client: 0 Epoch: 4 Loss: 0.2433839127039298
03-17 15:12 INFO      ** Client: 0 Training complete **
03-17 15:12 INFO     Training network 1 n_training: 8000
03-17 15:12 INFO     Training network 1
03-17 15:12 INFO     Client: 1 Epoch: 0 Loss: 0.2828005780616114
03-17 15:12 INFO     Client: 1 Epoch: 1 Loss: 0.3156804204467804
03-17 15:12 INFO     Client: 1 Epoch: 2 Loss: 0.2960832265596236
03-17 15:12 INFO     Client: 1 Epoch: 3 Loss: 0.28361260890960693
03-17 15:12 INFO     Client: 1 Epoch: 4 Loss: 0.25445476943446743
03-17 15:12 INFO      ** Client: 1 Training complete **
03-17 15:12 INFO     global n_training: 390
03-17 15:12 INFO     global n_test: 79
03-17 15:12 INFO     >> Global Model Train accuracy: 0.8443, Train accuracy top-5: 0.9918
03-17 15:12 INFO     >> Global Model Test accuracy: 0.8248, Test accuracy top-5: 0.9909
03-17 15:12 INFO     >> Global Model Train loss: 0.4984
03-17 15:12 INFO     in comm round:8
03-17 15:12 INFO     Training network 0 n_training: 5000
03-17 15:12 INFO     Training network 0
03-17 15:12 INFO     Client: 0 Epoch: 0 Loss: 0.2448885047282928
03-17 15:12 INFO     Client: 0 Epoch: 1 Loss: 0.26084565275754684
03-17 15:12 INFO     Client: 0 Epoch: 2 Loss: 0.22889974140203917
03-17 15:12 INFO     Client: 0 Epoch: 3 Loss: 0.2110325820170916
03-17 15:12 INFO     Client: 0 Epoch: 4 Loss: 0.1986414238046377
03-17 15:12 INFO      ** Client: 0 Training complete **
03-17 15:12 INFO     Training network 1 n_training: 8000
03-17 15:12 INFO     Training network 1
03-17 15:12 INFO     Client: 1 Epoch: 0 Loss: 0.2522002762604144
03-17 15:12 INFO     Client: 1 Epoch: 1 Loss: 0.2571062013026207
03-17 15:12 INFO     Client: 1 Epoch: 2 Loss: 0.2505919060880138
03-17 15:12 INFO     Client: 1 Epoch: 3 Loss: 0.24490680689773253
03-17 15:12 INFO     Client: 1 Epoch: 4 Loss: 0.22140624229946443
03-17 15:12 INFO      ** Client: 1 Training complete **
03-17 15:12 INFO     global n_training: 390
03-17 15:12 INFO     global n_test: 79
03-17 15:12 INFO     >> Global Model Train accuracy: 0.8482, Train accuracy top-5: 0.9922
03-17 15:12 INFO     >> Global Model Test accuracy: 0.8209, Test accuracy top-5: 0.9914
03-17 15:12 INFO     >> Global Model Train loss: 0.4781
03-17 15:12 INFO     in comm round:9
03-17 15:12 INFO     Training network 0 n_training: 5000
03-17 15:12 INFO     Training network 0
03-17 15:12 INFO     Client: 0 Epoch: 0 Loss: 0.18290454817888063
03-17 15:12 INFO     Client: 0 Epoch: 1 Loss: 0.20646101179031226
03-17 15:12 INFO     Client: 0 Epoch: 2 Loss: 0.23005712357087013
03-17 15:12 INFO     Client: 0 Epoch: 3 Loss: 0.1927757828663557
03-17 15:13 INFO     Client: 0 Epoch: 4 Loss: 0.1678098379037319
03-17 15:13 INFO      ** Client: 0 Training complete **
03-17 15:13 INFO     Training network 1 n_training: 8000
03-17 15:13 INFO     Training network 1
03-17 15:13 INFO     Client: 1 Epoch: 0 Loss: 0.1949428158902353
03-17 15:13 INFO     Client: 1 Epoch: 1 Loss: 0.22165561094880104
03-17 15:13 INFO     Client: 1 Epoch: 2 Loss: 0.21522699428662176
03-17 15:13 INFO     Client: 1 Epoch: 3 Loss: 0.18883846447833122
03-17 15:13 INFO     Client: 1 Epoch: 4 Loss: 0.16252677358927264
03-17 15:13 INFO      ** Client: 1 Training complete **
03-17 15:13 INFO     global n_training: 390
03-17 15:13 INFO     global n_test: 79
03-17 15:13 INFO     >> Global Model Train accuracy: 0.8445, Train accuracy top-5: 0.9932
03-17 15:13 INFO     >> Global Model Test accuracy: 0.8155, Test accuracy top-5: 0.9928
03-17 15:13 INFO     >> Global Model Train loss: 0.5152
03-17 15:13 INFO     in comm round:10
03-17 15:13 INFO     Training network 0 n_training: 5000
03-17 15:13 INFO     Training network 0
03-17 15:13 INFO     Client: 0 Epoch: 0 Loss: 0.15879614097185624
03-17 15:13 INFO     Client: 0 Epoch: 1 Loss: 0.15840359051258135
03-17 15:13 INFO     Client: 0 Epoch: 2 Loss: 0.14367352043971038
03-17 15:13 INFO     Client: 0 Epoch: 3 Loss: 0.13360886122935858
03-17 15:13 INFO     Client: 0 Epoch: 4 Loss: 0.13556804823187682
03-17 15:13 INFO      ** Client: 0 Training complete **
03-17 15:13 INFO     Training network 1 n_training: 8000
03-17 15:13 INFO     Training network 1
03-17 15:13 INFO     Client: 1 Epoch: 0 Loss: 0.15623320879474764
03-17 15:13 INFO     Client: 1 Epoch: 1 Loss: 0.17131714354599675
03-17 15:13 INFO     Client: 1 Epoch: 2 Loss: 0.16792886740257662
03-17 15:13 INFO     Client: 1 Epoch: 3 Loss: 0.15317701091689448
03-17 15:13 INFO     Client: 1 Epoch: 4 Loss: 0.16870962924534275
03-17 15:13 INFO      ** Client: 1 Training complete **
03-17 15:13 INFO     global n_training: 390
03-17 15:13 INFO     global n_test: 79
03-17 15:13 INFO     >> Global Model Train accuracy: 0.8633, Train accuracy top-5: 0.9928
03-17 15:13 INFO     >> Global Model Test accuracy: 0.8341, Test accuracy top-5: 0.9916
03-17 15:13 INFO     >> Global Model Train loss: 0.4720
03-17 15:13 INFO     in comm round:11
03-17 15:13 INFO     Training network 0 n_training: 5000
03-17 15:13 INFO     Training network 0
03-17 15:13 INFO     Client: 0 Epoch: 0 Loss: 0.13924216631895456
03-17 15:13 INFO     Client: 0 Epoch: 1 Loss: 0.14192465329781556
03-17 15:13 INFO     Client: 0 Epoch: 2 Loss: 0.14041393040082392
03-17 15:13 INFO     Client: 0 Epoch: 3 Loss: 0.11009257611555931
03-17 15:13 INFO     Client: 0 Epoch: 4 Loss: 0.09537559986496583
03-17 15:13 INFO      ** Client: 0 Training complete **
03-17 15:13 INFO     Training network 1 n_training: 8000
03-17 15:13 INFO     Training network 1
03-17 15:14 INFO     Client: 1 Epoch: 0 Loss: 0.12284527364517411
03-17 15:14 INFO     Client: 1 Epoch: 1 Loss: 0.14559946461550652
03-17 15:14 INFO     Client: 1 Epoch: 2 Loss: 0.14993966863520683
03-17 15:14 INFO     Client: 1 Epoch: 3 Loss: 0.1471661056482023
03-17 15:14 INFO     Client: 1 Epoch: 4 Loss: 0.14259841479361057
03-17 15:14 INFO      ** Client: 1 Training complete **
03-17 15:14 INFO     global n_training: 390
03-17 15:14 INFO     global n_test: 79
03-17 15:14 INFO     >> Global Model Train accuracy: 0.8704, Train accuracy top-5: 0.9927
03-17 15:14 INFO     >> Global Model Test accuracy: 0.8368, Test accuracy top-5: 0.9903
03-17 15:14 INFO     >> Global Model Train loss: 0.4683
03-17 15:14 INFO     in comm round:12
03-17 15:14 INFO     Training network 0 n_training: 5000
03-17 15:14 INFO     Training network 0
03-17 15:14 INFO     Client: 0 Epoch: 0 Loss: 0.09440126126775375
03-17 15:14 INFO     Client: 0 Epoch: 1 Loss: 0.10432860016440734
03-17 15:14 INFO     Client: 0 Epoch: 2 Loss: 0.10497230587479396
03-17 15:14 INFO     Client: 0 Epoch: 3 Loss: 0.09750368598944102
03-17 15:14 INFO     Client: 0 Epoch: 4 Loss: 0.09660241838831168
03-17 15:14 INFO      ** Client: 0 Training complete **
03-17 15:14 INFO     Training network 1 n_training: 8000
03-17 15:14 INFO     Training network 1
03-17 15:14 INFO     Client: 1 Epoch: 0 Loss: 0.09416338212547763
03-17 15:14 INFO     Client: 1 Epoch: 1 Loss: 0.1308614329825486
03-17 15:14 INFO     Client: 1 Epoch: 2 Loss: 0.1239176074703855
03-17 15:14 INFO     Client: 1 Epoch: 3 Loss: 0.10930136780464841
03-17 15:14 INFO     Client: 1 Epoch: 4 Loss: 0.10709293102545123
03-17 15:14 INFO      ** Client: 1 Training complete **
03-17 15:14 INFO     global n_training: 390
03-17 15:14 INFO     global n_test: 79
03-17 15:14 INFO     >> Global Model Train accuracy: 0.8718, Train accuracy top-5: 0.9924
03-17 15:14 INFO     >> Global Model Test accuracy: 0.8382, Test accuracy top-5: 0.9897
03-17 15:14 INFO     >> Global Model Train loss: 0.4726
03-17 15:14 INFO     in comm round:13
03-17 15:14 INFO     Training network 0 n_training: 5000
03-17 15:14 INFO     Training network 0
03-17 15:14 INFO     Client: 0 Epoch: 0 Loss: 0.0746750658712326
03-17 15:14 INFO     Client: 0 Epoch: 1 Loss: 0.07850276879393138
03-17 15:14 INFO     Client: 0 Epoch: 2 Loss: 0.09420115424272342
03-17 15:14 INFO     Client: 0 Epoch: 3 Loss: 0.10521761428278226
03-17 15:14 INFO     Client: 0 Epoch: 4 Loss: 0.08724227046164182
03-17 15:14 INFO      ** Client: 0 Training complete **
03-17 15:14 INFO     Training network 1 n_training: 8000
03-17 15:14 INFO     Training network 1
03-17 15:14 INFO     Client: 1 Epoch: 0 Loss: 0.07085960688850572
03-17 15:15 INFO     Client: 1 Epoch: 1 Loss: 0.08029162835690283
03-17 15:15 INFO     Client: 1 Epoch: 2 Loss: 0.08534783863973233
03-17 15:15 INFO     Client: 1 Epoch: 3 Loss: 0.10334746797959651
03-17 15:15 INFO     Client: 1 Epoch: 4 Loss: 0.08818324006372882
03-17 15:15 INFO      ** Client: 1 Training complete **
03-17 15:15 INFO     global n_training: 390
03-17 15:15 INFO     global n_test: 79
03-17 15:15 INFO     >> Global Model Train accuracy: 0.8758, Train accuracy top-5: 0.9930
03-17 15:15 INFO     >> Global Model Test accuracy: 0.8392, Test accuracy top-5: 0.9901
03-17 15:15 INFO     >> Global Model Train loss: 0.4712
03-17 15:15 INFO     in comm round:14
03-17 15:15 INFO     Training network 0 n_training: 5000
03-17 15:15 INFO     Training network 0
03-17 15:15 INFO     Client: 0 Epoch: 0 Loss: 0.06011241182493858
03-17 15:15 INFO     Client: 0 Epoch: 1 Loss: 0.07419014440324062
03-17 15:15 INFO     Client: 0 Epoch: 2 Loss: 0.07129878631960122
03-17 15:15 INFO     Client: 0 Epoch: 3 Loss: 0.05167875448480631
03-17 15:15 INFO     Client: 0 Epoch: 4 Loss: 0.046162801245466255
03-17 15:15 INFO      ** Client: 0 Training complete **
03-17 15:15 INFO     Training network 1 n_training: 8000
03-17 15:15 INFO     Training network 1
03-17 15:15 INFO     Client: 1 Epoch: 0 Loss: 0.06833745467085992
03-17 15:15 INFO     Client: 1 Epoch: 1 Loss: 0.06323481586972071
03-17 15:15 INFO     Client: 1 Epoch: 2 Loss: 0.08134401313239528
03-17 15:15 INFO     Client: 1 Epoch: 3 Loss: 0.09569896682496032
03-17 15:15 INFO     Client: 1 Epoch: 4 Loss: 0.09903768071484181
03-17 15:15 INFO      ** Client: 1 Training complete **
03-17 15:15 INFO     global n_training: 390
03-17 15:15 INFO     global n_test: 79
03-17 15:15 INFO     >> Global Model Train accuracy: 0.8704, Train accuracy top-5: 0.9928
03-17 15:15 INFO     >> Global Model Test accuracy: 0.8406, Test accuracy top-5: 0.9917
03-17 15:15 INFO     >> Global Model Train loss: 0.5109
03-17 15:15 INFO     in comm round:15
03-17 15:15 INFO     Training network 0 n_training: 5000
03-17 15:15 INFO     Training network 0
03-17 15:15 INFO     Client: 0 Epoch: 0 Loss: 0.048858130255188696
03-17 15:15 INFO     Client: 0 Epoch: 1 Loss: 0.048328883468340605
03-17 15:15 INFO     Client: 0 Epoch: 2 Loss: 0.04818555731803943
03-17 15:15 INFO     Client: 0 Epoch: 3 Loss: 0.06318566594750454
03-17 15:15 INFO     Client: 0 Epoch: 4 Loss: 0.05616377198543304
03-17 15:15 INFO      ** Client: 0 Training complete **
03-17 15:15 INFO     Training network 1 n_training: 8000
03-17 15:15 INFO     Training network 1
03-17 15:15 INFO     Client: 1 Epoch: 0 Loss: 0.04932779462767705
03-17 15:15 INFO     Client: 1 Epoch: 1 Loss: 0.057191760910134164
03-17 15:16 INFO     Client: 1 Epoch: 2 Loss: 0.065527985263015
03-17 15:16 INFO     Client: 1 Epoch: 3 Loss: 0.0645536502162295
03-17 15:16 INFO     Client: 1 Epoch: 4 Loss: 0.0617856516112243
03-17 15:16 INFO      ** Client: 1 Training complete **
03-17 15:16 INFO     global n_training: 390
03-17 15:16 INFO     global n_test: 79
03-17 15:16 INFO     >> Global Model Train accuracy: 0.8814, Train accuracy top-5: 0.9941
03-17 15:16 INFO     >> Global Model Test accuracy: 0.8461, Test accuracy top-5: 0.9917
03-17 15:16 INFO     >> Global Model Train loss: 0.4691
03-17 15:16 INFO     in comm round:16
03-17 15:16 INFO     Training network 0 n_training: 5000
03-17 15:16 INFO     Training network 0
03-17 15:16 INFO     Client: 0 Epoch: 0 Loss: 0.04561032013346752
03-17 15:16 INFO     Client: 0 Epoch: 1 Loss: 0.04268151421386462
03-17 15:16 INFO     Client: 0 Epoch: 2 Loss: 0.04946250468492508
03-17 15:16 INFO     Client: 0 Epoch: 3 Loss: 0.04678390117791983
03-17 15:16 INFO     Client: 0 Epoch: 4 Loss: 0.05343510144843887
03-17 15:16 INFO      ** Client: 0 Training complete **
03-17 15:16 INFO     Training network 1 n_training: 8000
03-17 15:16 INFO     Training network 1
03-17 15:16 INFO     Client: 1 Epoch: 0 Loss: 0.026976466351639358
03-17 15:16 INFO     Client: 1 Epoch: 1 Loss: 0.03009842693685524
03-17 15:16 INFO     Client: 1 Epoch: 2 Loss: 0.03888586192061343
03-17 15:16 INFO     Client: 1 Epoch: 3 Loss: 0.03685904278479997
03-17 15:16 INFO     Client: 1 Epoch: 4 Loss: 0.0487281481675323
03-17 15:16 INFO      ** Client: 1 Training complete **
03-17 15:16 INFO     global n_training: 390
03-17 15:16 INFO     global n_test: 79
03-17 15:16 INFO     >> Global Model Train accuracy: 0.8846, Train accuracy top-5: 0.9934
03-17 15:16 INFO     >> Global Model Test accuracy: 0.8503, Test accuracy top-5: 0.9932
03-17 15:16 INFO     >> Global Model Train loss: 0.4733
03-17 15:16 INFO     in comm round:17
03-17 15:16 INFO     Training network 0 n_training: 5000
03-17 15:16 INFO     Training network 0
03-17 15:16 INFO     Client: 0 Epoch: 0 Loss: 0.02542836314592606
03-17 15:16 INFO     Client: 0 Epoch: 1 Loss: 0.02746043281438641
03-17 15:16 INFO     Client: 0 Epoch: 2 Loss: 0.018595421459907904
03-17 15:16 INFO     Client: 0 Epoch: 3 Loss: 0.015415188360911531
03-17 15:16 INFO     Client: 0 Epoch: 4 Loss: 0.01631459818245509
03-17 15:16 INFO      ** Client: 0 Training complete **
03-17 15:16 INFO     Training network 1 n_training: 8000
03-17 15:16 INFO     Training network 1
03-17 15:16 INFO     Client: 1 Epoch: 0 Loss: 0.03220918709262004
03-17 15:16 INFO     Client: 1 Epoch: 1 Loss: 0.03810820635408163
03-17 15:16 INFO     Client: 1 Epoch: 2 Loss: 0.04551651271721048
03-17 15:17 INFO     Client: 1 Epoch: 3 Loss: 0.05661873164917192
03-17 15:17 INFO     Client: 1 Epoch: 4 Loss: 0.053174796769575726
03-17 15:17 INFO      ** Client: 1 Training complete **
03-17 15:17 INFO     global n_training: 390
03-17 15:17 INFO     global n_test: 79
03-17 15:17 INFO     >> Global Model Train accuracy: 0.8845, Train accuracy top-5: 0.9933
03-17 15:17 INFO     >> Global Model Test accuracy: 0.8475, Test accuracy top-5: 0.9910
03-17 15:17 INFO     >> Global Model Train loss: 0.4869
03-17 15:17 INFO     in comm round:18
03-17 15:17 INFO     Training network 0 n_training: 5000
03-17 15:17 INFO     Training network 0
03-17 15:17 INFO     Client: 0 Epoch: 0 Loss: 0.0301366904989267
03-17 15:17 INFO     Client: 0 Epoch: 1 Loss: 0.025549196924727697
03-17 15:17 INFO     Client: 0 Epoch: 2 Loss: 0.026228320414725788
03-17 15:17 INFO     Client: 0 Epoch: 3 Loss: 0.025097124529286072
03-17 15:17 INFO     Client: 0 Epoch: 4 Loss: 0.024490393662395384
03-17 15:17 INFO      ** Client: 0 Training complete **
03-17 15:17 INFO     Training network 1 n_training: 8000
03-17 15:17 INFO     Training network 1
03-17 15:17 INFO     Client: 1 Epoch: 0 Loss: 0.021707238501779014
03-17 15:17 INFO     Client: 1 Epoch: 1 Loss: 0.028812140083661484
03-17 15:17 INFO     Client: 1 Epoch: 2 Loss: 0.0252768766255148
03-17 15:17 INFO     Client: 1 Epoch: 3 Loss: 0.029308431376252445
03-17 15:17 INFO     Client: 1 Epoch: 4 Loss: 0.03133299553977145
03-17 15:17 INFO      ** Client: 1 Training complete **
03-17 15:17 INFO     global n_training: 390
03-17 15:17 INFO     global n_test: 79
03-17 15:17 INFO     >> Global Model Train accuracy: 0.8881, Train accuracy top-5: 0.9937
03-17 15:17 INFO     >> Global Model Test accuracy: 0.8496, Test accuracy top-5: 0.9918
03-17 15:17 INFO     >> Global Model Train loss: 0.4743
03-17 15:17 INFO     in comm round:19
03-17 15:17 INFO     Training network 0 n_training: 5000
03-17 15:17 INFO     Training network 0
03-17 15:17 INFO     Client: 0 Epoch: 0 Loss: 0.01832967021096593
03-17 15:17 INFO     Client: 0 Epoch: 1 Loss: 0.019487812040516965
03-17 15:17 INFO     Client: 0 Epoch: 2 Loss: 0.017994822683529213
03-17 15:17 INFO     Client: 0 Epoch: 3 Loss: 0.01923036020105848
03-17 15:17 INFO     Client: 0 Epoch: 4 Loss: 0.016947802920372058
03-17 15:17 INFO      ** Client: 0 Training complete **
03-17 15:17 INFO     Training network 1 n_training: 8000
03-17 15:17 INFO     Training network 1
03-17 15:17 INFO     Client: 1 Epoch: 0 Loss: 0.015100297991246465
03-17 15:17 INFO     Client: 1 Epoch: 1 Loss: 0.016505686389732984
03-17 15:17 INFO     Client: 1 Epoch: 2 Loss: 0.017952672311014706
03-17 15:17 INFO     Client: 1 Epoch: 3 Loss: 0.02130400689859544
03-17 15:18 INFO     Client: 1 Epoch: 4 Loss: 0.021202911224756992
03-17 15:18 INFO      ** Client: 1 Training complete **
03-17 15:18 INFO     global n_training: 390
03-17 15:18 INFO     global n_test: 79
03-17 15:18 INFO     >> Global Model Train accuracy: 0.8921, Train accuracy top-5: 0.9933
03-17 15:18 INFO     >> Global Model Test accuracy: 0.8528, Test accuracy top-5: 0.9918
03-17 15:18 INFO     >> Global Model Train loss: 0.4572
03-17 15:18 INFO     in comm round:20
03-17 15:18 INFO     Training network 0 n_training: 5000
03-17 15:18 INFO     Training network 0
03-17 15:18 INFO     Client: 0 Epoch: 0 Loss: 0.0167653722425875
03-17 15:18 INFO     Client: 0 Epoch: 1 Loss: 0.01722223607178491
03-17 15:18 INFO     Client: 0 Epoch: 2 Loss: 0.015995631615320843
03-17 15:18 INFO     Client: 0 Epoch: 3 Loss: 0.013099895467838416
03-17 15:18 INFO     Client: 0 Epoch: 4 Loss: 0.016125842158754285
03-17 15:18 INFO      ** Client: 0 Training complete **
03-17 15:18 INFO     Training network 1 n_training: 8000
03-17 15:18 INFO     Training network 1
03-17 15:18 INFO     Client: 1 Epoch: 0 Loss: 0.013821162456165879
03-17 15:18 INFO     Client: 1 Epoch: 1 Loss: 0.011246020605246867
03-17 15:18 INFO     Client: 1 Epoch: 2 Loss: 0.019158219272691394
03-17 15:18 INFO     Client: 1 Epoch: 3 Loss: 0.01816900530754919
03-17 15:18 INFO     Client: 1 Epoch: 4 Loss: 0.009647027243890108
03-17 15:18 INFO      ** Client: 1 Training complete **
03-17 15:18 INFO     global n_training: 390
03-17 15:18 INFO     global n_test: 79
03-17 15:18 INFO     >> Global Model Train accuracy: 0.8935, Train accuracy top-5: 0.9942
03-17 15:18 INFO     >> Global Model Test accuracy: 0.8543, Test accuracy top-5: 0.9928
03-17 15:18 INFO     >> Global Model Train loss: 0.4608
03-17 15:18 INFO     in comm round:21
03-17 15:18 INFO     Training network 0 n_training: 5000
03-17 15:18 INFO     Training network 0
03-17 15:18 INFO     Client: 0 Epoch: 0 Loss: 0.008385874432487747
03-17 15:18 INFO     Client: 0 Epoch: 1 Loss: 0.006963201094036683
03-17 15:18 INFO     Client: 0 Epoch: 2 Loss: 0.008280287007204233
03-17 15:18 INFO     Client: 0 Epoch: 3 Loss: 0.00853331613008124
03-17 15:18 INFO     Client: 0 Epoch: 4 Loss: 0.008495562441217212
03-17 15:18 INFO      ** Client: 0 Training complete **
03-17 15:18 INFO     Training network 1 n_training: 8000
03-17 15:18 INFO     Training network 1
03-17 15:18 INFO     Client: 1 Epoch: 0 Loss: 0.006225878676970399
03-17 15:18 INFO     Client: 1 Epoch: 1 Loss: 0.00573874088642638
03-17 15:18 INFO     Client: 1 Epoch: 2 Loss: 0.004906123209248988
03-17 15:18 INFO     Client: 1 Epoch: 3 Loss: 0.006708392422766455
03-17 15:18 INFO     Client: 1 Epoch: 4 Loss: 0.005667693501773981
03-17 15:18 INFO      ** Client: 1 Training complete **
03-17 15:18 INFO     global n_training: 390
03-17 15:18 INFO     global n_test: 79
03-17 15:19 INFO     >> Global Model Train accuracy: 0.8965, Train accuracy top-5: 0.9937
03-17 15:19 INFO     >> Global Model Test accuracy: 0.8569, Test accuracy top-5: 0.9922
03-17 15:19 INFO     >> Global Model Train loss: 0.4512
03-17 15:19 INFO     in comm round:22
03-17 15:19 INFO     Training network 0 n_training: 5000
03-17 15:19 INFO     Training network 0
03-17 15:19 INFO     Client: 0 Epoch: 0 Loss: 0.009585258974813117
03-17 15:19 INFO     Client: 0 Epoch: 1 Loss: 0.007420678775256069
03-17 15:19 INFO     Client: 0 Epoch: 2 Loss: 0.005950084326263421
03-17 15:19 INFO     Client: 0 Epoch: 3 Loss: 0.005341670278889628
03-17 15:19 INFO     Client: 0 Epoch: 4 Loss: 0.004080694441934331
03-17 15:19 INFO      ** Client: 0 Training complete **
03-17 15:19 INFO     Training network 1 n_training: 8000
03-17 15:19 INFO     Training network 1
03-17 15:19 INFO     Client: 1 Epoch: 0 Loss: 0.008897114665277542
03-17 15:19 INFO     Client: 1 Epoch: 1 Loss: 0.011104049102868885
03-17 15:19 INFO     Client: 1 Epoch: 2 Loss: 0.009089605616135222
03-17 15:19 INFO     Client: 1 Epoch: 3 Loss: 0.009573601956118739
03-17 15:19 INFO     Client: 1 Epoch: 4 Loss: 0.011553011406513472
03-17 15:19 INFO      ** Client: 1 Training complete **
03-17 15:19 INFO     global n_training: 390
03-17 15:19 INFO     global n_test: 79
03-17 15:19 INFO     >> Global Model Train accuracy: 0.8967, Train accuracy top-5: 0.9931
03-17 15:19 INFO     >> Global Model Test accuracy: 0.8591, Test accuracy top-5: 0.9922
03-17 15:19 INFO     >> Global Model Train loss: 0.4548
03-17 15:19 INFO     in comm round:23
03-17 15:19 INFO     Training network 0 n_training: 5000
03-17 15:19 INFO     Training network 0
03-17 15:19 INFO     Client: 0 Epoch: 0 Loss: 0.007295159187215643
03-17 15:19 INFO     Client: 0 Epoch: 1 Loss: 0.007075147613739738
03-17 15:19 INFO     Client: 0 Epoch: 2 Loss: 0.007195110928315001
03-17 15:19 INFO     Client: 0 Epoch: 3 Loss: 0.005662327939763856
03-17 15:19 INFO     Client: 0 Epoch: 4 Loss: 0.0061490598869008515
03-17 15:19 INFO      ** Client: 0 Training complete **
03-17 15:19 INFO     Training network 1 n_training: 8000
03-17 15:19 INFO     Training network 1
03-17 15:19 INFO     Client: 1 Epoch: 0 Loss: 0.0037562394544722573
03-17 15:19 INFO     Client: 1 Epoch: 1 Loss: 0.003393293375284561
03-17 15:19 INFO     Client: 1 Epoch: 2 Loss: 0.0029738616792582754
03-17 15:19 INFO     Client: 1 Epoch: 3 Loss: 0.003981591536543302
03-17 15:19 INFO     Client: 1 Epoch: 4 Loss: 0.004821756648110046
03-17 15:19 INFO      ** Client: 1 Training complete **
03-17 15:19 INFO     global n_training: 390
03-17 15:19 INFO     global n_test: 79
03-17 15:20 INFO     >> Global Model Train accuracy: 0.8974, Train accuracy top-5: 0.9938
03-17 15:20 INFO     >> Global Model Test accuracy: 0.8583, Test accuracy top-5: 0.9925
03-17 15:20 INFO     >> Global Model Train loss: 0.4496
03-17 15:20 INFO     in comm round:24
03-17 15:20 INFO     Training network 0 n_training: 5000
03-17 15:20 INFO     Training network 0
03-17 15:20 INFO     Client: 0 Epoch: 0 Loss: 0.006684778395514839
03-17 15:20 INFO     Client: 0 Epoch: 1 Loss: 0.006261897288286724
03-17 15:20 INFO     Client: 0 Epoch: 2 Loss: 0.0055899629697728995
03-17 15:20 INFO     Client: 0 Epoch: 3 Loss: 0.0030278412726683877
03-17 15:20 INFO     Client: 0 Epoch: 4 Loss: 0.0025831457609549547
03-17 15:20 INFO      ** Client: 0 Training complete **
03-17 15:20 INFO     Training network 1 n_training: 8000
03-17 15:20 INFO     Training network 1
03-17 15:20 INFO     Client: 1 Epoch: 0 Loss: 0.005018251275854005
03-17 15:20 INFO     Client: 1 Epoch: 1 Loss: 0.0038020974353721905
03-17 15:20 INFO     Client: 1 Epoch: 2 Loss: 0.003990211797269782
03-17 15:20 INFO     Client: 1 Epoch: 3 Loss: 0.00491958700266907
03-17 15:20 INFO     Client: 1 Epoch: 4 Loss: 0.005489613961300722
03-17 15:20 INFO      ** Client: 1 Training complete **
03-17 15:20 INFO     global n_training: 390
03-17 15:20 INFO     global n_test: 79
03-17 15:20 INFO     >> Global Model Train accuracy: 0.8976, Train accuracy top-5: 0.9937
03-17 15:20 INFO     >> Global Model Test accuracy: 0.8573, Test accuracy top-5: 0.9929
03-17 15:20 INFO     >> Global Model Train loss: 0.4478
03-17 15:20 INFO     in comm round:25
03-17 15:20 INFO     Training network 0 n_training: 5000
03-17 15:20 INFO     Training network 0
03-17 15:20 INFO     Client: 0 Epoch: 0 Loss: 0.003955995055058828
03-17 15:20 INFO     Client: 0 Epoch: 1 Loss: 0.004482538824399503
03-17 15:20 INFO     Client: 0 Epoch: 2 Loss: 0.003509810513769014
03-17 15:20 INFO     Client: 0 Epoch: 3 Loss: 0.00271548478019376
03-17 15:20 INFO     Client: 0 Epoch: 4 Loss: 0.0030961891364616654
03-17 15:20 INFO      ** Client: 0 Training complete **
03-17 15:20 INFO     Training network 1 n_training: 8000
03-17 15:20 INFO     Training network 1
03-17 15:20 INFO     Client: 1 Epoch: 0 Loss: 0.0030455734175179276
03-17 15:20 INFO     Client: 1 Epoch: 1 Loss: 0.0030345783292901733
03-17 15:20 INFO     Client: 1 Epoch: 2 Loss: 0.0027477071534151272
03-17 15:20 INFO     Client: 1 Epoch: 3 Loss: 0.003575847043858601
03-17 15:20 INFO     Client: 1 Epoch: 4 Loss: 0.0037203994607778205
03-17 15:20 INFO      ** Client: 1 Training complete **
03-17 15:20 INFO     global n_training: 390
03-17 15:20 INFO     global n_test: 79
03-17 15:20 INFO     >> Global Model Train accuracy: 0.8982, Train accuracy top-5: 0.9940
03-17 15:20 INFO     >> Global Model Test accuracy: 0.8603, Test accuracy top-5: 0.9918
03-17 15:20 INFO     >> Global Model Train loss: 0.4419
03-17 15:20 INFO     in comm round:26
03-17 15:20 INFO     Training network 0 n_training: 5000
03-17 15:20 INFO     Training network 0
03-17 15:21 INFO     Client: 0 Epoch: 0 Loss: 0.0032762437432001415
03-17 15:21 INFO     Client: 0 Epoch: 1 Loss: 0.0026100036174727557
03-17 15:21 INFO     Client: 0 Epoch: 2 Loss: 0.002241165826443392
03-17 15:21 INFO     Client: 0 Epoch: 3 Loss: 0.0018931273550081712
03-17 15:21 INFO     Client: 0 Epoch: 4 Loss: 0.0026224330784036564
03-17 15:21 INFO      ** Client: 0 Training complete **
03-17 15:21 INFO     Training network 1 n_training: 8000
03-17 15:21 INFO     Training network 1
03-17 15:21 INFO     Client: 1 Epoch: 0 Loss: 0.0027609240205492824
03-17 15:21 INFO     Client: 1 Epoch: 1 Loss: 0.0021421748153384653
03-17 15:21 INFO     Client: 1 Epoch: 2 Loss: 0.003483880071378794
03-17 15:21 INFO     Client: 1 Epoch: 3 Loss: 0.0025158029550971885
03-17 15:21 INFO     Client: 1 Epoch: 4 Loss: 0.0027734122009977938
03-17 15:21 INFO      ** Client: 1 Training complete **
03-17 15:21 INFO     global n_training: 390
03-17 15:21 INFO     global n_test: 79
03-17 15:21 INFO     >> Global Model Train accuracy: 0.8988, Train accuracy top-5: 0.9932
03-17 15:21 INFO     >> Global Model Test accuracy: 0.8598, Test accuracy top-5: 0.9915
03-17 15:21 INFO     >> Global Model Train loss: 0.4417
03-17 15:21 INFO     in comm round:27
03-17 15:21 INFO     Training network 0 n_training: 5000
03-17 15:21 INFO     Training network 0
03-17 15:21 INFO     Client: 0 Epoch: 0 Loss: 0.002739280096601504
03-17 15:21 INFO     Client: 0 Epoch: 1 Loss: 0.0020445191498415973
03-17 15:21 INFO     Client: 0 Epoch: 2 Loss: 0.0021304057236426533
03-17 15:21 INFO     Client: 0 Epoch: 3 Loss: 0.001929837835725779
03-17 15:21 INFO     Client: 0 Epoch: 4 Loss: 0.0023565569083588435
03-17 15:21 INFO      ** Client: 0 Training complete **
03-17 15:21 INFO     Training network 1 n_training: 8000
03-17 15:21 INFO     Training network 1
03-17 15:21 INFO     Client: 1 Epoch: 0 Loss: 0.0020680332851160557
03-17 15:21 INFO     Client: 1 Epoch: 1 Loss: 0.0022572721439158366
03-17 15:21 INFO     Client: 1 Epoch: 2 Loss: 0.001829950002795686
03-17 15:21 INFO     Client: 1 Epoch: 3 Loss: 0.0020509023982618426
03-17 15:21 INFO     Client: 1 Epoch: 4 Loss: 0.0016593408363405615
03-17 15:21 INFO      ** Client: 1 Training complete **
03-17 15:21 INFO     global n_training: 390
03-17 15:21 INFO     global n_test: 79
03-17 15:21 INFO     >> Global Model Train accuracy: 0.8981, Train accuracy top-5: 0.9942
03-17 15:21 INFO     >> Global Model Test accuracy: 0.8623, Test accuracy top-5: 0.9921
03-17 15:21 INFO     >> Global Model Train loss: 0.4432
03-17 15:21 INFO     in comm round:28
03-17 15:21 INFO     Training network 0 n_training: 5000
03-17 15:21 INFO     Training network 0
03-17 15:21 INFO     Client: 0 Epoch: 0 Loss: 0.002545320640843457
03-17 15:22 INFO     Client: 0 Epoch: 1 Loss: 0.0035853451267123604
03-17 15:22 INFO     Client: 0 Epoch: 2 Loss: 0.0024938200472089914
03-17 15:22 INFO     Client: 0 Epoch: 3 Loss: 0.0019824344288701047
03-17 15:22 INFO     Client: 0 Epoch: 4 Loss: 0.0019630953424777356
03-17 15:22 INFO      ** Client: 0 Training complete **
03-17 15:22 INFO     Training network 1 n_training: 8000
03-17 15:22 INFO     Training network 1
03-17 15:22 INFO     Client: 1 Epoch: 0 Loss: 0.0016240077975746845
03-17 15:22 INFO     Client: 1 Epoch: 1 Loss: 0.0020106131940396624
03-17 15:22 INFO     Client: 1 Epoch: 2 Loss: 0.0020659666760982345
03-17 15:22 INFO     Client: 1 Epoch: 3 Loss: 0.0015680909752019592
03-17 15:22 INFO     Client: 1 Epoch: 4 Loss: 0.0015634096780559048
03-17 15:22 INFO      ** Client: 1 Training complete **
03-17 15:22 INFO     global n_training: 390
03-17 15:22 INFO     global n_test: 79
03-17 15:22 INFO     >> Global Model Train accuracy: 0.8994, Train accuracy top-5: 0.9935
03-17 15:22 INFO     >> Global Model Test accuracy: 0.8599, Test accuracy top-5: 0.9919
03-17 15:22 INFO     >> Global Model Train loss: 0.4440
03-17 15:22 INFO     in comm round:29
03-17 15:22 INFO     Training network 0 n_training: 5000
03-17 15:22 INFO     Training network 0
03-17 15:22 INFO     Client: 0 Epoch: 0 Loss: 0.0023360033027039697
03-17 15:22 INFO     Client: 0 Epoch: 1 Loss: 0.002072705461894377
03-17 15:22 INFO     Client: 0 Epoch: 2 Loss: 0.00196962750916823
03-17 15:22 INFO     Client: 0 Epoch: 3 Loss: 0.001750637596556678
03-17 15:22 INFO     Client: 0 Epoch: 4 Loss: 0.0014080337550228413
03-17 15:22 INFO      ** Client: 0 Training complete **
03-17 15:22 INFO     Training network 1 n_training: 8000
03-17 15:22 INFO     Training network 1
03-17 15:22 INFO     Client: 1 Epoch: 0 Loss: 0.0015046868934258518
03-17 15:22 INFO     Client: 1 Epoch: 1 Loss: 0.0015244207649131216
03-17 15:22 INFO     Client: 1 Epoch: 2 Loss: 0.0014467875209389135
03-17 15:22 INFO     Client: 1 Epoch: 3 Loss: 0.0013220965451065212
03-17 15:22 INFO     Client: 1 Epoch: 4 Loss: 0.0012474018759319498
03-17 15:22 INFO      ** Client: 1 Training complete **
03-17 15:22 INFO     global n_training: 390
03-17 15:22 INFO     global n_test: 79
03-17 15:22 INFO     >> Global Model Train accuracy: 0.9005, Train accuracy top-5: 0.9934
03-17 15:22 INFO     >> Global Model Test accuracy: 0.8624, Test accuracy top-5: 0.9920
03-17 15:22 INFO     >> Global Model Train loss: 0.4372
03-17 15:22 INFO     in comm round:30
03-17 15:22 INFO     Training network 0 n_training: 5000
03-17 15:22 INFO     Training network 0
03-17 15:22 INFO     Client: 0 Epoch: 0 Loss: 0.0019932333738184893
03-17 15:22 INFO     Client: 0 Epoch: 1 Loss: 0.0019692526085493276
03-17 15:22 INFO     Client: 0 Epoch: 2 Loss: 0.0018329026471548833
03-17 15:23 INFO     Client: 0 Epoch: 3 Loss: 0.001611615147572966
03-17 15:23 INFO     Client: 0 Epoch: 4 Loss: 0.0016128676122603698
03-17 15:23 INFO      ** Client: 0 Training complete **
03-17 15:23 INFO     Training network 1 n_training: 8000
03-17 15:23 INFO     Training network 1
03-17 15:23 INFO     Client: 1 Epoch: 0 Loss: 0.0021021567780764834
03-17 15:23 INFO     Client: 1 Epoch: 1 Loss: 0.0016690606566806955
03-17 15:23 INFO     Client: 1 Epoch: 2 Loss: 0.0012882832440570177
03-17 15:23 INFO     Client: 1 Epoch: 3 Loss: 0.0014744660739163537
03-17 15:23 INFO     Client: 1 Epoch: 4 Loss: 0.0013192169069718089
03-17 15:23 INFO      ** Client: 1 Training complete **
03-17 15:23 INFO     global n_training: 390
03-17 15:23 INFO     global n_test: 79
03-17 15:23 INFO     >> Global Model Train accuracy: 0.9006, Train accuracy top-5: 0.9936
03-17 15:23 INFO     >> Global Model Test accuracy: 0.8617, Test accuracy top-5: 0.9917
03-17 15:23 INFO     >> Global Model Train loss: 0.4304
03-17 15:23 INFO     in comm round:31
03-17 15:23 INFO     Training network 0 n_training: 5000
03-17 15:23 INFO     Training network 0
03-17 15:23 INFO     Client: 0 Epoch: 0 Loss: 0.0021350864643374314
03-17 15:23 INFO     Client: 0 Epoch: 1 Loss: 0.0021830241640623757
03-17 15:23 INFO     Client: 0 Epoch: 2 Loss: 0.0019070815103940475
03-17 15:23 INFO     Client: 0 Epoch: 3 Loss: 0.0017107888199508381
03-17 15:23 INFO     Client: 0 Epoch: 4 Loss: 0.0013598160839114243
03-17 15:23 INFO      ** Client: 0 Training complete **
03-17 15:23 INFO     Training network 1 n_training: 8000
03-17 15:23 INFO     Training network 1
03-17 15:23 INFO     Client: 1 Epoch: 0 Loss: 0.0014010161976329982
03-17 15:23 INFO     Client: 1 Epoch: 1 Loss: 0.0014215722847204175
03-17 15:23 INFO     Client: 1 Epoch: 2 Loss: 0.0014261269806734016
03-17 15:23 INFO     Client: 1 Epoch: 3 Loss: 0.001323846572514383
03-17 15:23 INFO     Client: 1 Epoch: 4 Loss: 0.0012379064517576367
03-17 15:23 INFO      ** Client: 1 Training complete **
03-17 15:23 INFO     global n_training: 390
03-17 15:23 INFO     global n_test: 79
03-17 15:23 INFO     >> Global Model Train accuracy: 0.9001, Train accuracy top-5: 0.9941
03-17 15:23 INFO     >> Global Model Test accuracy: 0.8628, Test accuracy top-5: 0.9924
03-17 15:23 INFO     >> Global Model Train loss: 0.4342
03-17 15:23 INFO     in comm round:32
03-17 15:23 INFO     Training network 0 n_training: 5000
03-17 15:23 INFO     Training network 0
03-17 15:23 INFO     Client: 0 Epoch: 0 Loss: 0.0014721861889717192
03-17 15:23 INFO     Client: 0 Epoch: 1 Loss: 0.001643750146449281
03-17 15:23 INFO     Client: 0 Epoch: 2 Loss: 0.001519445147819053
03-17 15:23 INFO     Client: 0 Epoch: 3 Loss: 0.00143809910887518
03-17 15:24 INFO     Client: 0 Epoch: 4 Loss: 0.001375666829960373
03-17 15:24 INFO      ** Client: 0 Training complete **
03-17 15:24 INFO     Training network 1 n_training: 8000
03-17 15:24 INFO     Training network 1
03-17 15:24 INFO     Client: 1 Epoch: 0 Loss: 0.0015110710876122598
03-17 15:24 INFO     Client: 1 Epoch: 1 Loss: 0.0013468903395527554
03-17 15:24 INFO     Client: 1 Epoch: 2 Loss: 0.0010715282785954074
03-17 15:24 INFO     Client: 1 Epoch: 3 Loss: 0.0012464111655830375
03-17 15:24 INFO     Client: 1 Epoch: 4 Loss: 0.0012844275286976968
03-17 15:24 INFO      ** Client: 1 Training complete **
03-17 15:24 INFO     global n_training: 390
03-17 15:24 INFO     global n_test: 79
03-17 15:24 INFO     >> Global Model Train accuracy: 0.9019, Train accuracy top-5: 0.9935
03-17 15:24 INFO     >> Global Model Test accuracy: 0.8626, Test accuracy top-5: 0.9918
03-17 15:24 INFO     >> Global Model Train loss: 0.4325
03-17 15:24 INFO     in comm round:33
03-17 15:24 INFO     Training network 0 n_training: 5000
03-17 15:24 INFO     Training network 0
03-17 15:24 INFO     Client: 0 Epoch: 0 Loss: 0.0017441915055641378
03-17 15:24 INFO     Client: 0 Epoch: 1 Loss: 0.0015972295644669197
03-17 15:24 INFO     Client: 0 Epoch: 2 Loss: 0.0013850824056694715
03-17 15:24 INFO     Client: 0 Epoch: 3 Loss: 0.0014826542256065668
03-17 15:24 INFO     Client: 0 Epoch: 4 Loss: 0.0012215522717899429
03-17 15:24 INFO      ** Client: 0 Training complete **
03-17 15:24 INFO     Training network 1 n_training: 8000
03-17 15:24 INFO     Training network 1
03-17 15:24 INFO     Client: 1 Epoch: 0 Loss: 0.0014136707153914858
03-17 15:24 INFO     Client: 1 Epoch: 1 Loss: 0.0011573043847156147
03-17 15:24 INFO     Client: 1 Epoch: 2 Loss: 0.0018606589146656916
03-17 15:24 INFO     Client: 1 Epoch: 3 Loss: 0.0014261741692485708
03-17 15:24 INFO     Client: 1 Epoch: 4 Loss: 0.0012557869838107558
03-17 15:24 INFO      ** Client: 1 Training complete **
03-17 15:24 INFO     global n_training: 390
03-17 15:24 INFO     global n_test: 79
03-17 15:24 INFO     >> Global Model Train accuracy: 0.9020, Train accuracy top-5: 0.9934
03-17 15:24 INFO     >> Global Model Test accuracy: 0.8623, Test accuracy top-5: 0.9918
03-17 15:24 INFO     >> Global Model Train loss: 0.4319
03-17 15:24 INFO     in comm round:34
03-17 15:24 INFO     Training network 0 n_training: 5000
03-17 15:24 INFO     Training network 0
03-17 15:24 INFO     Client: 0 Epoch: 0 Loss: 0.0020425203614510023
03-17 15:24 INFO     Client: 0 Epoch: 1 Loss: 0.002199671788660523
03-17 15:24 INFO     Client: 0 Epoch: 2 Loss: 0.0013460267905313044
03-17 15:24 INFO     Client: 0 Epoch: 3 Loss: 0.001529091004974758
03-17 15:24 INFO     Client: 0 Epoch: 4 Loss: 0.0011701838722309242
03-17 15:24 INFO      ** Client: 0 Training complete **
03-17 15:24 INFO     Training network 1 n_training: 8000
03-17 15:24 INFO     Training network 1
03-17 15:25 INFO     Client: 1 Epoch: 0 Loss: 0.0014887769906518741
03-17 15:25 INFO     Client: 1 Epoch: 1 Loss: 0.0014948049675665735
03-17 15:25 INFO     Client: 1 Epoch: 2 Loss: 0.0012747277679379969
03-17 15:25 INFO     Client: 1 Epoch: 3 Loss: 0.0014425954098940916
03-17 15:25 INFO     Client: 1 Epoch: 4 Loss: 0.0011558175573290715
03-17 15:25 INFO      ** Client: 1 Training complete **
03-17 15:25 INFO     global n_training: 390
03-17 15:25 INFO     global n_test: 79
03-17 15:25 INFO     >> Global Model Train accuracy: 0.9007, Train accuracy top-5: 0.9934
03-17 15:25 INFO     >> Global Model Test accuracy: 0.8639, Test accuracy top-5: 0.9914
03-17 15:25 INFO     >> Global Model Train loss: 0.4343
03-17 15:25 INFO     in comm round:35
03-17 15:25 INFO     Training network 0 n_training: 5000
03-17 15:25 INFO     Training network 0
03-17 15:25 INFO     Client: 0 Epoch: 0 Loss: 0.0017276642850050942
03-17 15:25 INFO     Client: 0 Epoch: 1 Loss: 0.0017958764488307328
03-17 15:25 INFO     Client: 0 Epoch: 2 Loss: 0.0016419194110382635
03-17 15:25 INFO     Client: 0 Epoch: 3 Loss: 0.0013021687329269182
03-17 15:25 INFO     Client: 0 Epoch: 4 Loss: 0.0013429810164663463
03-17 15:25 INFO      ** Client: 0 Training complete **
03-17 15:25 INFO     Training network 1 n_training: 8000
03-17 15:25 INFO     Training network 1
03-17 15:25 INFO     Client: 1 Epoch: 0 Loss: 0.0015316143600953623
03-17 15:25 INFO     Client: 1 Epoch: 1 Loss: 0.0016134548378402306
03-17 15:25 INFO     Client: 1 Epoch: 2 Loss: 0.0011880932443384682
03-17 15:25 INFO     Client: 1 Epoch: 3 Loss: 0.0012368217365057658
03-17 15:25 INFO     Client: 1 Epoch: 4 Loss: 0.0012209977810984597
03-17 15:25 INFO      ** Client: 1 Training complete **
03-17 15:25 INFO     global n_training: 390
03-17 15:25 INFO     global n_test: 79
03-17 15:25 INFO     >> Global Model Train accuracy: 0.8991, Train accuracy top-5: 0.9933
03-17 15:25 INFO     >> Global Model Test accuracy: 0.8627, Test accuracy top-5: 0.9914
03-17 15:25 INFO     >> Global Model Train loss: 0.4348
03-17 15:25 INFO     in comm round:36
03-17 15:25 INFO     Training network 0 n_training: 5000
03-17 15:25 INFO     Training network 0
03-17 15:25 INFO     Client: 0 Epoch: 0 Loss: 0.001906650076703861
03-17 15:25 INFO     Client: 0 Epoch: 1 Loss: 0.0015947740817538057
03-17 15:25 INFO     Client: 0 Epoch: 2 Loss: 0.0014848068934113074
03-17 15:25 INFO     Client: 0 Epoch: 3 Loss: 0.0014910209694136984
03-17 15:25 INFO     Client: 0 Epoch: 4 Loss: 0.0012013999512419105
03-17 15:25 INFO      ** Client: 0 Training complete **
03-17 15:25 INFO     Training network 1 n_training: 8000
03-17 15:25 INFO     Training network 1
03-17 15:25 INFO     Client: 1 Epoch: 0 Loss: 0.001407728559570387
03-17 15:26 INFO     Client: 1 Epoch: 1 Loss: 0.0013712740347405234
03-17 15:26 INFO     Client: 1 Epoch: 2 Loss: 0.0013369373585690833
03-17 15:26 INFO     Client: 1 Epoch: 3 Loss: 0.0009823735820264706
03-17 15:26 INFO     Client: 1 Epoch: 4 Loss: 0.001167388224031686
03-17 15:26 INFO      ** Client: 1 Training complete **
03-17 15:26 INFO     global n_training: 390
03-17 15:26 INFO     global n_test: 79
03-17 15:26 INFO     >> Global Model Train accuracy: 0.9006, Train accuracy top-5: 0.9934
03-17 15:26 INFO     >> Global Model Test accuracy: 0.8624, Test accuracy top-5: 0.9909
03-17 15:26 INFO     >> Global Model Train loss: 0.4313
03-17 15:26 INFO     in comm round:37
03-17 15:26 INFO     Training network 0 n_training: 5000
03-17 15:26 INFO     Training network 0
03-17 15:26 INFO     Client: 0 Epoch: 0 Loss: 0.00137169523916852
03-17 15:26 INFO     Client: 0 Epoch: 1 Loss: 0.0014227530150375783
03-17 15:26 INFO     Client: 0 Epoch: 2 Loss: 0.0014448586451367307
03-17 15:26 INFO     Client: 0 Epoch: 3 Loss: 0.001538490227316148
03-17 15:26 INFO     Client: 0 Epoch: 4 Loss: 0.0013815810260637545
03-17 15:26 INFO      ** Client: 0 Training complete **
03-17 15:26 INFO     Training network 1 n_training: 8000
03-17 15:26 INFO     Training network 1
03-17 15:26 INFO     Client: 1 Epoch: 0 Loss: 0.0013964983123925425
03-17 15:26 INFO     Client: 1 Epoch: 1 Loss: 0.0010888684975666806
03-17 15:26 INFO     Client: 1 Epoch: 2 Loss: 0.001409633713211083
03-17 15:26 INFO     Client: 1 Epoch: 3 Loss: 0.0011875410188710498
03-17 15:26 INFO     Client: 1 Epoch: 4 Loss: 0.0013164098232781754
03-17 15:26 INFO      ** Client: 1 Training complete **
03-17 15:26 INFO     global n_training: 390
03-17 15:26 INFO     global n_test: 79
03-17 15:26 INFO     >> Global Model Train accuracy: 0.9004, Train accuracy top-5: 0.9938
03-17 15:26 INFO     >> Global Model Test accuracy: 0.8628, Test accuracy top-5: 0.9914
03-17 15:26 INFO     >> Global Model Train loss: 0.4224
03-17 15:26 INFO     in comm round:38
03-17 15:26 INFO     Training network 0 n_training: 5000
03-17 15:26 INFO     Training network 0
03-17 15:26 INFO     Client: 0 Epoch: 0 Loss: 0.0018010270596744541
03-17 15:26 INFO     Client: 0 Epoch: 1 Loss: 0.0014152206295432572
03-17 15:26 INFO     Client: 0 Epoch: 2 Loss: 0.0016649778192050946
03-17 15:26 INFO     Client: 0 Epoch: 3 Loss: 0.0013358902644354086
03-17 15:26 INFO     Client: 0 Epoch: 4 Loss: 0.001383467950523855
03-17 15:26 INFO      ** Client: 0 Training complete **
03-17 15:26 INFO     Training network 1 n_training: 8000
03-17 15:26 INFO     Training network 1
03-17 15:26 INFO     Client: 1 Epoch: 0 Loss: 0.0012827160375778594
03-17 15:26 INFO     Client: 1 Epoch: 1 Loss: 0.00150527230570949
03-17 15:27 INFO     Client: 1 Epoch: 2 Loss: 0.001362061436427006
03-17 15:27 INFO     Client: 1 Epoch: 3 Loss: 0.0012536453948761787
03-17 15:27 INFO     Client: 1 Epoch: 4 Loss: 0.001202818831042086
03-17 15:27 INFO      ** Client: 1 Training complete **
03-17 15:27 INFO     global n_training: 390
03-17 15:27 INFO     global n_test: 79
03-17 15:27 INFO     >> Global Model Train accuracy: 0.9007, Train accuracy top-5: 0.9936
03-17 15:27 INFO     >> Global Model Test accuracy: 0.8626, Test accuracy top-5: 0.9914
03-17 15:27 INFO     >> Global Model Train loss: 0.4270
03-17 15:27 INFO     in comm round:39
03-17 15:27 INFO     Training network 0 n_training: 5000
03-17 15:27 INFO     Training network 0
03-17 15:27 INFO     Client: 0 Epoch: 0 Loss: 0.0014292456490250353
03-17 15:27 INFO     Client: 0 Epoch: 1 Loss: 0.0013244321460847575
03-17 15:27 INFO     Client: 0 Epoch: 2 Loss: 0.001220554059657913
03-17 15:27 INFO     Client: 0 Epoch: 3 Loss: 0.001411810917302202
03-17 15:27 INFO     Client: 0 Epoch: 4 Loss: 0.0014597936996067755
03-17 15:27 INFO      ** Client: 0 Training complete **
03-17 15:27 INFO     Training network 1 n_training: 8000
03-17 15:27 INFO     Training network 1
03-17 15:27 INFO     Client: 1 Epoch: 0 Loss: 0.0013134751756179838
03-17 15:27 INFO     Client: 1 Epoch: 1 Loss: 0.0013242885540802813
03-17 15:27 INFO     Client: 1 Epoch: 2 Loss: 0.001214874821016565
03-17 15:27 INFO     Client: 1 Epoch: 3 Loss: 0.001288090773384958
03-17 15:27 INFO     Client: 1 Epoch: 4 Loss: 0.0011858400811756691
03-17 15:27 INFO      ** Client: 1 Training complete **
03-17 15:27 INFO     global n_training: 390
03-17 15:27 INFO     global n_test: 79
03-17 15:27 INFO     >> Global Model Train accuracy: 0.9000, Train accuracy top-5: 0.9939
03-17 15:27 INFO     >> Global Model Test accuracy: 0.8626, Test accuracy top-5: 0.9917
03-17 15:27 INFO     >> Global Model Train loss: 0.4264
03-17 15:27 INFO     in comm round:40
03-17 15:27 INFO     Training network 0 n_training: 5000
03-17 15:27 INFO     Training network 0
03-17 15:27 INFO     Client: 0 Epoch: 0 Loss: 0.001693143907826967
03-17 15:27 INFO     Client: 0 Epoch: 1 Loss: 0.0016878077175277166
03-17 15:27 INFO     Client: 0 Epoch: 2 Loss: 0.0015002555886987979
03-17 15:27 INFO     Client: 0 Epoch: 3 Loss: 0.0015940880626798249
03-17 15:27 INFO     Client: 0 Epoch: 4 Loss: 0.0013358570465173286
03-17 15:27 INFO      ** Client: 0 Training complete **
03-17 15:27 INFO     Training network 1 n_training: 8000
03-17 15:27 INFO     Training network 1
03-17 15:27 INFO     Client: 1 Epoch: 0 Loss: 0.0013236175812292663
03-17 15:27 INFO     Client: 1 Epoch: 1 Loss: 0.0012681452053291123
03-17 15:27 INFO     Client: 1 Epoch: 2 Loss: 0.0012786768737339204
03-17 15:28 INFO     Client: 1 Epoch: 3 Loss: 0.00134380406563005
03-17 15:28 INFO     Client: 1 Epoch: 4 Loss: 0.0012658483211717179
03-17 15:28 INFO      ** Client: 1 Training complete **
03-17 15:28 INFO     global n_training: 390
03-17 15:28 INFO     global n_test: 79
03-17 15:28 INFO     >> Global Model Train accuracy: 0.9012, Train accuracy top-5: 0.9936
03-17 15:28 INFO     >> Global Model Test accuracy: 0.8625, Test accuracy top-5: 0.9914
03-17 15:28 INFO     >> Global Model Train loss: 0.4205
03-17 15:28 INFO     in comm round:41
03-17 15:28 INFO     Training network 0 n_training: 5000
03-17 15:28 INFO     Training network 0
03-17 15:28 INFO     Client: 0 Epoch: 0 Loss: 0.0018637314668665521
03-17 15:28 INFO     Client: 0 Epoch: 1 Loss: 0.001617614030599212
03-17 15:28 INFO     Client: 0 Epoch: 2 Loss: 0.0012832823812436217
03-17 15:28 INFO     Client: 0 Epoch: 3 Loss: 0.001769273946336351
03-17 15:28 INFO     Client: 0 Epoch: 4 Loss: 0.0015295491067286676
03-17 15:28 INFO      ** Client: 0 Training complete **
03-17 15:28 INFO     Training network 1 n_training: 8000
03-17 15:28 INFO     Training network 1
03-17 15:28 INFO     Client: 1 Epoch: 0 Loss: 0.0012700977935192867
03-17 15:28 INFO     Client: 1 Epoch: 1 Loss: 0.0014934622670426184
03-17 15:28 INFO     Client: 1 Epoch: 2 Loss: 0.0014297846885916266
03-17 15:28 INFO     Client: 1 Epoch: 3 Loss: 0.001250999729006341
03-17 15:28 INFO     Client: 1 Epoch: 4 Loss: 0.0011931106944816307
03-17 15:28 INFO      ** Client: 1 Training complete **
03-17 15:28 INFO     global n_training: 390
03-17 15:28 INFO     global n_test: 79
03-17 15:28 INFO     >> Global Model Train accuracy: 0.9011, Train accuracy top-5: 0.9936
03-17 15:28 INFO     >> Global Model Test accuracy: 0.8618, Test accuracy top-5: 0.9919
03-17 15:28 INFO     >> Global Model Train loss: 0.4219
03-17 15:28 INFO     in comm round:42
03-17 15:28 INFO     Training network 0 n_training: 5000
03-17 15:28 INFO     Training network 0
03-17 15:28 INFO     Client: 0 Epoch: 0 Loss: 0.0016138271565955037
03-17 15:28 INFO     Client: 0 Epoch: 1 Loss: 0.0012535821483769
03-17 15:28 INFO     Client: 0 Epoch: 2 Loss: 0.001486390560435561
03-17 15:28 INFO     Client: 0 Epoch: 3 Loss: 0.0012918819959920186
03-17 15:28 INFO     Client: 0 Epoch: 4 Loss: 0.001504542301588047
03-17 15:28 INFO      ** Client: 0 Training complete **
03-17 15:28 INFO     Training network 1 n_training: 8000
03-17 15:28 INFO     Training network 1
03-17 15:28 INFO     Client: 1 Epoch: 0 Loss: 0.0015858685571490036
03-17 15:28 INFO     Client: 1 Epoch: 1 Loss: 0.0013351527966498848
03-17 15:28 INFO     Client: 1 Epoch: 2 Loss: 0.0012902649295058162
03-17 15:28 INFO     Client: 1 Epoch: 3 Loss: 0.0013151828118885356
03-17 15:29 INFO     Client: 1 Epoch: 4 Loss: 0.0012891536955008164
03-17 15:29 INFO      ** Client: 1 Training complete **
03-17 15:29 INFO     global n_training: 390
03-17 15:29 INFO     global n_test: 79
03-17 15:29 INFO     >> Global Model Train accuracy: 0.9013, Train accuracy top-5: 0.9939
03-17 15:29 INFO     >> Global Model Test accuracy: 0.8626, Test accuracy top-5: 0.9913
03-17 15:29 INFO     >> Global Model Train loss: 0.4217
03-17 15:29 INFO     in comm round:43
03-17 15:29 INFO     Training network 0 n_training: 5000
03-17 15:29 INFO     Training network 0
03-17 15:29 INFO     Client: 0 Epoch: 0 Loss: 0.0017875687559493459
03-17 15:29 INFO     Client: 0 Epoch: 1 Loss: 0.001677693641678884
03-17 15:29 INFO     Client: 0 Epoch: 2 Loss: 0.0013622469432914678
03-17 15:29 INFO     Client: 0 Epoch: 3 Loss: 0.0013587884306430053
03-17 15:29 INFO     Client: 0 Epoch: 4 Loss: 0.0013469496864276247
03-17 15:29 INFO      ** Client: 0 Training complete **
03-17 15:29 INFO     Training network 1 n_training: 8000
03-17 15:29 INFO     Training network 1
03-17 15:29 INFO     Client: 1 Epoch: 0 Loss: 0.0012684457873429864
03-17 15:29 INFO     Client: 1 Epoch: 1 Loss: 0.001392901940797005
03-17 15:29 INFO     Client: 1 Epoch: 2 Loss: 0.0013470258136587818
03-17 15:29 INFO     Client: 1 Epoch: 3 Loss: 0.001316312524948209
03-17 15:29 INFO     Client: 1 Epoch: 4 Loss: 0.001468073787456829
03-17 15:29 INFO      ** Client: 1 Training complete **
03-17 15:29 INFO     global n_training: 390
03-17 15:29 INFO     global n_test: 79
03-17 15:29 INFO     >> Global Model Train accuracy: 0.9012, Train accuracy top-5: 0.9940
03-17 15:29 INFO     >> Global Model Test accuracy: 0.8629, Test accuracy top-5: 0.9913
03-17 15:29 INFO     >> Global Model Train loss: 0.4225
03-17 15:29 INFO     in comm round:44
03-17 15:29 INFO     Training network 0 n_training: 5000
03-17 15:29 INFO     Training network 0
03-17 15:29 INFO     Client: 0 Epoch: 0 Loss: 0.0017235379707880127
03-17 15:29 INFO     Client: 0 Epoch: 1 Loss: 0.0013591391870226616
03-17 15:29 INFO     Client: 0 Epoch: 2 Loss: 0.0014102746716115433
03-17 15:29 INFO     Client: 0 Epoch: 3 Loss: 0.0017947817119793631
03-17 15:29 INFO     Client: 0 Epoch: 4 Loss: 0.0013655719387595756
03-17 15:29 INFO      ** Client: 0 Training complete **
03-17 15:29 INFO     Training network 1 n_training: 8000
03-17 15:29 INFO     Training network 1
03-17 15:29 INFO     Client: 1 Epoch: 0 Loss: 0.0016274718706676317
03-17 15:29 INFO     Client: 1 Epoch: 1 Loss: 0.0014942504344470499
03-17 15:29 INFO     Client: 1 Epoch: 2 Loss: 0.0012230476986000976
03-17 15:29 INFO     Client: 1 Epoch: 3 Loss: 0.0013240837006671955
03-17 15:29 INFO     Client: 1 Epoch: 4 Loss: 0.0013671470749672622
03-17 15:29 INFO      ** Client: 1 Training complete **
03-17 15:29 INFO     global n_training: 390
03-17 15:29 INFO     global n_test: 79
03-17 15:30 INFO     >> Global Model Train accuracy: 0.9012, Train accuracy top-5: 0.9931
03-17 15:30 INFO     >> Global Model Test accuracy: 0.8625, Test accuracy top-5: 0.9915
03-17 15:30 INFO     >> Global Model Train loss: 0.4247
03-17 15:30 INFO     in comm round:45
03-17 15:30 INFO     Training network 0 n_training: 5000
03-17 15:30 INFO     Training network 0
03-17 15:30 INFO     Client: 0 Epoch: 0 Loss: 0.0016029740650899326
03-17 15:30 INFO     Client: 0 Epoch: 1 Loss: 0.0012586045046098148
03-17 15:30 INFO     Client: 0 Epoch: 2 Loss: 0.0016674658220906097
03-17 15:30 INFO     Client: 0 Epoch: 3 Loss: 0.0018028848049326395
03-17 15:30 INFO     Client: 0 Epoch: 4 Loss: 0.0017171568231275065
03-17 15:30 INFO      ** Client: 0 Training complete **
03-17 15:30 INFO     Training network 1 n_training: 8000
03-17 15:30 INFO     Training network 1
03-17 15:30 INFO     Client: 1 Epoch: 0 Loss: 0.0015773469241403585
03-17 15:30 INFO     Client: 1 Epoch: 1 Loss: 0.0013192716597263971
03-17 15:30 INFO     Client: 1 Epoch: 2 Loss: 0.0014036961656529456
03-17 15:30 INFO     Client: 1 Epoch: 3 Loss: 0.0015913846206873836
03-17 15:30 INFO     Client: 1 Epoch: 4 Loss: 0.0013401759257953194
03-17 15:30 INFO      ** Client: 1 Training complete **
03-17 15:30 INFO     global n_training: 390
03-17 15:30 INFO     global n_test: 79
03-17 15:30 INFO     >> Global Model Train accuracy: 0.9004, Train accuracy top-5: 0.9931
03-17 15:30 INFO     >> Global Model Test accuracy: 0.8622, Test accuracy top-5: 0.9916
03-17 15:30 INFO     >> Global Model Train loss: 0.4243
03-17 15:30 INFO     in comm round:46
03-17 15:30 INFO     Training network 0 n_training: 5000
03-17 15:30 INFO     Training network 0
03-17 15:30 INFO     Client: 0 Epoch: 0 Loss: 0.0016136428114408867
03-17 15:30 INFO     Client: 0 Epoch: 1 Loss: 0.0015997044960012995
03-17 15:30 INFO     Client: 0 Epoch: 2 Loss: 0.001658486172509117
03-17 15:30 INFO     Client: 0 Epoch: 3 Loss: 0.0017984291666951508
03-17 15:30 INFO     Client: 0 Epoch: 4 Loss: 0.001797215857853492
03-17 15:30 INFO      ** Client: 0 Training complete **
03-17 15:30 INFO     Training network 1 n_training: 8000
03-17 15:30 INFO     Training network 1
03-17 15:30 INFO     Client: 1 Epoch: 0 Loss: 0.0014543553993609103
03-17 15:30 INFO     Client: 1 Epoch: 1 Loss: 0.001428370124138441
03-17 15:30 INFO     Client: 1 Epoch: 2 Loss: 0.0014360952026759004
03-17 15:30 INFO     Client: 1 Epoch: 3 Loss: 0.0015407312936487518
03-17 15:30 INFO     Client: 1 Epoch: 4 Loss: 0.0013404842841649247
03-17 15:30 INFO      ** Client: 1 Training complete **
03-17 15:30 INFO     global n_training: 390
03-17 15:30 INFO     global n_test: 79
03-17 15:31 INFO     >> Global Model Train accuracy: 0.9002, Train accuracy top-5: 0.9938
03-17 15:31 INFO     >> Global Model Test accuracy: 0.8621, Test accuracy top-5: 0.9917
03-17 15:31 INFO     >> Global Model Train loss: 0.4224
03-17 15:31 INFO     in comm round:47
03-17 15:31 INFO     Training network 0 n_training: 5000
03-17 15:31 INFO     Training network 0
03-17 15:31 INFO     Client: 0 Epoch: 0 Loss: 0.0018095809575289679
03-17 15:31 INFO     Client: 0 Epoch: 1 Loss: 0.0016053973007589006
03-17 15:31 INFO     Client: 0 Epoch: 2 Loss: 0.001583555281962244
03-17 15:31 INFO     Client: 0 Epoch: 3 Loss: 0.001528116232620027
03-17 15:31 INFO     Client: 0 Epoch: 4 Loss: 0.0014612259856687908
03-17 15:31 INFO      ** Client: 0 Training complete **
03-17 15:31 INFO     Training network 1 n_training: 8000
03-17 15:31 INFO     Training network 1
03-17 15:31 INFO     Client: 1 Epoch: 0 Loss: 0.001542274362309986
03-17 15:31 INFO     Client: 1 Epoch: 1 Loss: 0.0012702292231317129
03-17 15:31 INFO     Client: 1 Epoch: 2 Loss: 0.0013668151476585696
03-17 15:31 INFO     Client: 1 Epoch: 3 Loss: 0.001382193051188463
03-17 15:31 INFO     Client: 1 Epoch: 4 Loss: 0.0014061995588558456
03-17 15:31 INFO      ** Client: 1 Training complete **
03-17 15:31 INFO     global n_training: 390
03-17 15:31 INFO     global n_test: 79
03-17 15:31 INFO     >> Global Model Train accuracy: 0.9004, Train accuracy top-5: 0.9933
03-17 15:31 INFO     >> Global Model Test accuracy: 0.8621, Test accuracy top-5: 0.9916
03-17 15:31 INFO     >> Global Model Train loss: 0.4256
03-17 15:31 INFO     in comm round:48
03-17 15:31 INFO     Training network 0 n_training: 5000
03-17 15:31 INFO     Training network 0
03-17 15:31 INFO     Client: 0 Epoch: 0 Loss: 0.0012432371485584343
03-17 15:31 INFO     Client: 0 Epoch: 1 Loss: 0.001577172211956424
03-17 15:31 INFO     Client: 0 Epoch: 2 Loss: 0.0014237479623168325
03-17 15:31 INFO     Client: 0 Epoch: 3 Loss: 0.0014918737847787829
03-17 15:31 INFO     Client: 0 Epoch: 4 Loss: 0.0015445463956357576
03-17 15:31 INFO      ** Client: 0 Training complete **
03-17 15:31 INFO     Training network 1 n_training: 8000
03-17 15:31 INFO     Training network 1
03-17 15:31 INFO     Client: 1 Epoch: 0 Loss: 0.0014844108837649165
03-17 15:31 INFO     Client: 1 Epoch: 1 Loss: 0.0013090216464573337
03-17 15:31 INFO     Client: 1 Epoch: 2 Loss: 0.0013890275548610294
03-17 15:31 INFO     Client: 1 Epoch: 3 Loss: 0.0015438818767096005
03-17 15:31 INFO     Client: 1 Epoch: 4 Loss: 0.0017499229467038305
03-17 15:31 INFO      ** Client: 1 Training complete **
03-17 15:31 INFO     global n_training: 390
03-17 15:31 INFO     global n_test: 79
03-17 15:31 INFO     >> Global Model Train accuracy: 0.9016, Train accuracy top-5: 0.9932
03-17 15:31 INFO     >> Global Model Test accuracy: 0.8623, Test accuracy top-5: 0.9916
03-17 15:31 INFO     >> Global Model Train loss: 0.4234
03-17 15:31 INFO     in comm round:49
03-17 15:31 INFO     Training network 0 n_training: 5000
03-17 15:31 INFO     Training network 0
03-17 15:32 INFO     Client: 0 Epoch: 0 Loss: 0.001623536761587438
03-17 15:32 INFO     Client: 0 Epoch: 1 Loss: 0.0016546259105850298
03-17 15:32 INFO     Client: 0 Epoch: 2 Loss: 0.0013803153146559803
03-17 15:32 INFO     Client: 0 Epoch: 3 Loss: 0.0014273393421601027
03-17 15:32 INFO     Client: 0 Epoch: 4 Loss: 0.0015515461116312789
03-17 15:32 INFO      ** Client: 0 Training complete **
03-17 15:32 INFO     Training network 1 n_training: 8000
03-17 15:32 INFO     Training network 1
03-17 15:32 INFO     Client: 1 Epoch: 0 Loss: 0.001450654134743907
03-17 15:32 INFO     Client: 1 Epoch: 1 Loss: 0.0017082727215658392
03-17 15:32 INFO     Client: 1 Epoch: 2 Loss: 0.001535073711326526
03-17 15:32 INFO     Client: 1 Epoch: 3 Loss: 0.001363912251338573
03-17 15:32 INFO     Client: 1 Epoch: 4 Loss: 0.0019012458243166967
03-17 15:32 INFO      ** Client: 1 Training complete **
03-17 15:32 INFO     global n_training: 390
03-17 15:32 INFO     global n_test: 79
03-17 15:32 INFO     >> Global Model Train accuracy: 0.9011, Train accuracy top-5: 0.9934
03-17 15:32 INFO     >> Global Model Test accuracy: 0.8622, Test accuracy top-5: 0.9916
03-17 15:32 INFO     >> Global Model Train loss: 0.4205
03-17 15:32 INFO     Starting Fine Tuning...
03-17 15:32 INFO     Training network 0
03-17 15:32 INFO     Client: 0 Epoch: 0 Loss: 0.001601085966775337
03-17 15:32 INFO     Client: 0 Epoch: 1 Loss: 0.0014789737910271073
03-17 15:32 INFO     Client: 0 Epoch: 2 Loss: 0.0014813500799787922
03-17 15:32 INFO     Client: 0 Epoch: 3 Loss: 0.001869498949068097
03-17 15:32 INFO     Client: 0 Epoch: 4 Loss: 0.0017227851696169148
03-17 15:32 INFO      ** Client: 0 Training complete **
03-17 15:32 INFO     Training network 0
03-17 15:32 INFO     Client: 0 Epoch: 0 Loss: 0.0014109079120083689
03-17 15:32 INFO     Client: 0 Epoch: 1 Loss: 0.001806072756433143
03-17 15:32 INFO     Client: 0 Epoch: 2 Loss: 0.001546882822787246
03-17 15:32 INFO     Client: 0 Epoch: 3 Loss: 0.0014341585711241723
03-17 15:32 INFO     Client: 0 Epoch: 4 Loss: 0.0019402994195190377
03-17 15:32 INFO      ** Client: 0 Training complete **
03-17 15:32 INFO     Training network 0
03-17 15:32 INFO     Client: 0 Epoch: 0 Loss: 0.0016132117419217068
03-17 15:32 INFO     Client: 0 Epoch: 1 Loss: 0.0015276336239483685
03-17 15:32 INFO     Client: 0 Epoch: 2 Loss: 0.0015644269475999933
03-17 15:32 INFO     Client: 0 Epoch: 3 Loss: 0.0016271722240325732
03-17 15:32 INFO     Client: 0 Epoch: 4 Loss: 0.001384073772873634
03-17 15:32 INFO      ** Client: 0 Training complete **
03-17 15:32 INFO     Training network 0
03-17 15:32 INFO     Client: 0 Epoch: 0 Loss: 0.0016408878354690014
03-17 15:33 INFO     Client: 0 Epoch: 1 Loss: 0.001560422169486395
03-17 15:33 INFO     Client: 0 Epoch: 2 Loss: 0.0014649281167807297
03-17 15:33 INFO     Client: 0 Epoch: 3 Loss: 0.0016434949386912661
03-17 15:33 INFO     Client: 0 Epoch: 4 Loss: 0.0015173476959507053
03-17 15:33 INFO      ** Client: 0 Training complete **
03-17 15:33 INFO     Training network 1
03-17 15:33 INFO     Client: 1 Epoch: 0 Loss: 0.0014202951767196459
03-17 15:33 INFO     Client: 1 Epoch: 1 Loss: 0.001511256618898422
03-17 15:33 INFO     Client: 1 Epoch: 2 Loss: 0.0014028034187973507
03-17 15:33 INFO     Client: 1 Epoch: 3 Loss: 0.001296699265836768
03-17 15:33 INFO     Client: 1 Epoch: 4 Loss: 0.001565663604959545
03-17 15:33 INFO      ** Client: 1 Training complete **
03-17 15:33 INFO     Training network 1
03-17 15:33 INFO     Client: 1 Epoch: 0 Loss: 0.0017317387269764777
03-17 15:33 INFO     Client: 1 Epoch: 1 Loss: 0.0013975797407892383
03-17 15:33 INFO     Client: 1 Epoch: 2 Loss: 0.0013637595078645035
03-17 15:33 INFO     Client: 1 Epoch: 3 Loss: 0.0012625695305741242
03-17 15:33 INFO     Client: 1 Epoch: 4 Loss: 0.0016718224407316397
03-17 15:33 INFO      ** Client: 1 Training complete **
03-17 15:33 INFO     Training network 1
03-17 15:33 INFO     Client: 1 Epoch: 0 Loss: 0.00167753895971879
03-17 15:33 INFO     Client: 1 Epoch: 1 Loss: 0.0015618306633475567
03-17 15:33 INFO     Client: 1 Epoch: 2 Loss: 0.001608734736369262
03-17 15:33 INFO     Client: 1 Epoch: 3 Loss: 0.0013146973341786033
03-17 15:33 INFO     Client: 1 Epoch: 4 Loss: 0.0015825732055330468
03-17 15:33 INFO      ** Client: 1 Training complete **
03-17 15:33 INFO     Training network 1
03-17 15:33 INFO     Client: 1 Epoch: 0 Loss: 0.0014802052333365164
03-17 15:33 INFO     Client: 1 Epoch: 1 Loss: 0.0015090409414692512
03-17 15:34 INFO     Client: 1 Epoch: 2 Loss: 0.001584669275607373
03-17 15:34 INFO     Client: 1 Epoch: 3 Loss: 0.0014033562695277074
03-17 15:34 INFO     Client: 1 Epoch: 4 Loss: 0.0014624535326748305
03-17 15:34 INFO      ** Client: 1 Training complete **
