03-17 16:27 INFO     cuda:2
03-17 16:27 INFO     Command Line Arguments: 
{
    "epochs": 5,
    "comm_round": 50,
    "sample_fraction": 1.0,
    "alpha": 0.5,
    "dataset": "cifar100",
    "datadir": "../data/",
    "partition": "subsample",
    "alg": "sflv2",
    "model": "resnet-18",
    "n_parties": 2,
    "lr": 0.01,
    "mu": 1,
    "std_coeff": 2.5,
    "unif_coeff": 0.5,
    "batch_size": 128,
    "load_first_net": 1,
    "pool_option": "FIFO",
    "model_buffer_size": 1,
    "optimizer": "sgd",
    "simp_width": 1,
    "out_dim": 256,
    "reg": 0.0005,
    "temperature": 0.5,
    "logdir": "./",
    "log_file_name": "logs/experiment_log-alg=sflv2_partition=subsample_lr=0.01_epochs=5_num_users=2_beta=0.5_batch_size=128_opt=sgd_dataset=cifar100_2024-03-17-1627-45",
    "seed": 1,
    "device": "cuda:2"
}
03-17 16:27 INFO     Data statistics: {0: {0: 69, 1: 72, 2: 9, 3: 11, 4: 72, 5: 87, 6: 5, 7: 94, 8: 89, 9: 26, 10: 4, 11: 1, 12: 102, 13: 117, 14: 14, 15: 68, 16: 6, 17: 2, 18: 9, 19: 28, 20: 68, 21: 116, 22: 34, 23: 98, 24: 83, 25: 84, 26: 94, 27: 69, 28: 41, 29: 18, 30: 21, 31: 102, 32: 29, 33: 98, 34: 93, 35: 89, 36: 92, 37: 21, 38: 98, 39: 69, 41: 80, 42: 61, 43: 5, 45: 64, 46: 65, 47: 58, 48: 78, 49: 85, 50: 68, 51: 39, 52: 72, 53: 54, 54: 43, 55: 11, 56: 26, 57: 12, 58: 36, 59: 93, 60: 64, 61: 96, 62: 87, 63: 80, 64: 62, 65: 21, 66: 34, 67: 68, 68: 111, 69: 71, 70: 33, 71: 74, 72: 26, 73: 82, 74: 26, 75: 94, 76: 16, 77: 98, 78: 37, 79: 33, 80: 79, 81: 62, 82: 3, 85: 15, 86: 104, 87: 8, 88: 73, 89: 15, 90: 83, 91: 7, 92: 86}, 1: {0: 36, 1: 46, 2: 139, 3: 126, 4: 15, 5: 4, 6: 143, 8: 1, 9: 124, 10: 144, 11: 178, 12: 10, 13: 3, 14: 158, 15: 53, 16: 144, 17: 165, 18: 133, 19: 106, 20: 60, 21: 2, 22: 121, 23: 11, 24: 3, 25: 32, 27: 22, 28: 113, 29: 133, 30: 112, 31: 23, 32: 114, 33: 2, 35: 2, 36: 32, 37: 123, 38: 3, 39: 51, 40: 164, 41: 17, 42: 60, 43: 140, 44: 160, 45: 45, 46: 72, 47: 52, 48: 21, 49: 9, 50: 56, 51: 85, 52: 49, 53: 77, 54: 94, 55: 141, 56: 128, 57: 150, 58: 100, 59: 7, 60: 66, 61: 36, 62: 35, 63: 40, 64: 81, 65: 131, 66: 107, 67: 83, 68: 5, 69: 35, 70: 117, 71: 42, 72: 116, 73: 32, 74: 110, 75: 1, 76: 127, 77: 22, 78: 95, 79: 141, 80: 26, 81: 59, 82: 149, 83: 170, 84: 169, 85: 136, 86: 12, 87: 155, 88: 54, 89: 125, 90: 8, 91: 136, 92: 7, 93: 154, 94: 147, 95: 156, 96: 142, 97: 156, 98: 154, 99: 149}}
03-17 16:27 INFO     in comm round:0
03-17 16:27 INFO     Training network 0 n_training: 5000
03-17 16:27 INFO     Training network 0
03-17 16:27 INFO     n_training: 39
03-17 16:27 INFO     Client: 0 Epoch: 0 Loss: 4.082177425042177
03-17 16:27 INFO     Client: 0 Epoch: 1 Loss: 3.5140761595505934
03-17 16:27 INFO     Client: 0 Epoch: 2 Loss: 3.262154683088645
03-17 16:28 INFO     Client: 0 Epoch: 3 Loss: 3.081580883417374
03-17 16:28 INFO     Client: 0 Epoch: 4 Loss: 2.8920051012283716
03-17 16:28 INFO      ** Client: 0 Training complete **
03-17 16:28 INFO     Training network 1 n_training: 8000
03-17 16:28 INFO     Training network 1
03-17 16:28 INFO     n_training: 62
03-17 16:28 INFO     Client: 1 Epoch: 0 Loss: 4.190980169080919
03-17 16:28 INFO     Client: 1 Epoch: 1 Loss: 3.6228445499174056
03-17 16:28 INFO     Client: 1 Epoch: 2 Loss: 3.429976036471705
03-17 16:28 INFO     Client: 1 Epoch: 3 Loss: 3.2787118880979476
03-17 16:28 INFO     Client: 1 Epoch: 4 Loss: 3.1373207607576923
03-17 16:28 INFO      ** Client: 1 Training complete **
03-17 16:28 INFO     global n_training: 390
03-17 16:28 INFO     global n_test: 79
03-17 16:28 INFO     >> Global Model Train accuracy: 0.0388, Train accuracy top-5: 0.1704
03-17 16:28 INFO     >> Global Model Test accuracy: 0.0458, Test accuracy top-5: 0.1833
03-17 16:28 INFO     >> Global Model Train loss: 4.8337
03-17 16:28 INFO     in comm round:1
03-17 16:28 INFO     Training network 0 n_training: 5000
03-17 16:28 INFO     Training network 0
03-17 16:28 INFO     n_training: 39
03-17 16:28 INFO     Client: 0 Epoch: 0 Loss: 3.352838614048102
03-17 16:28 INFO     Client: 0 Epoch: 1 Loss: 2.89559923685514
03-17 16:28 INFO     Client: 0 Epoch: 2 Loss: 2.6943501020089173
03-17 16:28 INFO     Client: 0 Epoch: 3 Loss: 2.5638196712885146
03-17 16:28 INFO     Client: 0 Epoch: 4 Loss: 2.408138666397486
03-17 16:28 INFO      ** Client: 0 Training complete **
03-17 16:28 INFO     Training network 1 n_training: 8000
03-17 16:28 INFO     Training network 1
03-17 16:28 INFO     n_training: 62
03-17 16:28 INFO     Client: 1 Epoch: 0 Loss: 3.377186721371066
03-17 16:28 INFO     Client: 1 Epoch: 1 Loss: 3.00872588926746
03-17 16:28 INFO     Client: 1 Epoch: 2 Loss: 2.8341937026669903
03-17 16:28 INFO     Client: 1 Epoch: 3 Loss: 2.671343445777893
03-17 16:28 INFO     Client: 1 Epoch: 4 Loss: 2.5149471759796143
03-17 16:28 INFO      ** Client: 1 Training complete **
03-17 16:28 INFO     global n_training: 390
03-17 16:28 INFO     global n_test: 79
03-17 16:28 INFO     >> Global Model Train accuracy: 0.1645, Train accuracy top-5: 0.4216
03-17 16:28 INFO     >> Global Model Test accuracy: 0.1637, Test accuracy top-5: 0.4198
03-17 16:28 INFO     >> Global Model Train loss: 3.6151
03-17 16:28 INFO     in comm round:2
03-17 16:28 INFO     Training network 0 n_training: 5000
03-17 16:28 INFO     Training network 0
03-17 16:28 INFO     n_training: 39
03-17 16:28 INFO     Client: 0 Epoch: 0 Loss: 2.7124206530742154
03-17 16:28 INFO     Client: 0 Epoch: 1 Loss: 2.322722159899198
03-17 16:28 INFO     Client: 0 Epoch: 2 Loss: 2.1679878418262186
03-17 16:28 INFO     Client: 0 Epoch: 3 Loss: 2.034492905323322
03-17 16:28 INFO     Client: 0 Epoch: 4 Loss: 1.9416219057180943
03-17 16:28 INFO      ** Client: 0 Training complete **
03-17 16:28 INFO     Training network 1 n_training: 8000
03-17 16:28 INFO     Training network 1
03-17 16:28 INFO     n_training: 62
03-17 16:28 INFO     Client: 1 Epoch: 0 Loss: 2.8090319172028573
03-17 16:29 INFO     Client: 1 Epoch: 1 Loss: 2.4424889183813527
03-17 16:29 INFO     Client: 1 Epoch: 2 Loss: 2.277905783345622
03-17 16:29 INFO     Client: 1 Epoch: 3 Loss: 2.1669979787641958
03-17 16:29 INFO     Client: 1 Epoch: 4 Loss: 2.0067862599126753
03-17 16:29 INFO      ** Client: 1 Training complete **
03-17 16:29 INFO     global n_training: 390
03-17 16:29 INFO     global n_test: 79
03-17 16:29 INFO     >> Global Model Train accuracy: 0.2791, Train accuracy top-5: 0.5840
03-17 16:29 INFO     >> Global Model Test accuracy: 0.2819, Test accuracy top-5: 0.5817
03-17 16:29 INFO     >> Global Model Train loss: 2.9995
03-17 16:29 INFO     in comm round:3
03-17 16:29 INFO     Training network 0 n_training: 5000
03-17 16:29 INFO     Training network 0
03-17 16:29 INFO     n_training: 39
03-17 16:29 INFO     Client: 0 Epoch: 0 Loss: 2.2169598921751366
03-17 16:29 INFO     Client: 0 Epoch: 1 Loss: 1.8766377644661145
03-17 16:29 INFO     Client: 0 Epoch: 2 Loss: 1.7152036825815837
03-17 16:29 INFO     Client: 0 Epoch: 3 Loss: 1.5651228397320478
03-17 16:29 INFO     Client: 0 Epoch: 4 Loss: 1.4689368529197497
03-17 16:29 INFO      ** Client: 0 Training complete **
03-17 16:29 INFO     Training network 1 n_training: 8000
03-17 16:29 INFO     Training network 1
03-17 16:29 INFO     n_training: 62
03-17 16:29 INFO     Client: 1 Epoch: 0 Loss: 2.3283439374739126
03-17 16:29 INFO     Client: 1 Epoch: 1 Loss: 1.9849385734527343
03-17 16:29 INFO     Client: 1 Epoch: 2 Loss: 1.887523228122342
03-17 16:29 INFO     Client: 1 Epoch: 3 Loss: 1.735339931903347
03-17 16:29 INFO     Client: 1 Epoch: 4 Loss: 1.6180355644995166
03-17 16:29 INFO      ** Client: 1 Training complete **
03-17 16:29 INFO     global n_training: 390
03-17 16:29 INFO     global n_test: 79
03-17 16:29 INFO     >> Global Model Train accuracy: 0.3450, Train accuracy top-5: 0.6488
03-17 16:29 INFO     >> Global Model Test accuracy: 0.3239, Test accuracy top-5: 0.6322
03-17 16:29 INFO     >> Global Model Train loss: 2.7627
03-17 16:29 INFO     in comm round:4
03-17 16:29 INFO     Training network 0 n_training: 5000
03-17 16:29 INFO     Training network 0
03-17 16:29 INFO     n_training: 39
03-17 16:29 INFO     Client: 0 Epoch: 0 Loss: 1.8104901222082286
03-17 16:29 INFO     Client: 0 Epoch: 1 Loss: 1.4625325141808925
03-17 16:29 INFO     Client: 0 Epoch: 2 Loss: 1.286710378451225
03-17 16:29 INFO     Client: 0 Epoch: 3 Loss: 1.184986418638474
03-17 16:29 INFO     Client: 0 Epoch: 4 Loss: 1.0706924429306617
03-17 16:29 INFO      ** Client: 0 Training complete **
03-17 16:29 INFO     Training network 1 n_training: 8000
03-17 16:29 INFO     Training network 1
03-17 16:29 INFO     n_training: 62
03-17 16:29 INFO     Client: 1 Epoch: 0 Loss: 1.933301446899291
03-17 16:29 INFO     Client: 1 Epoch: 1 Loss: 1.613588773435162
03-17 16:29 INFO     Client: 1 Epoch: 2 Loss: 1.5069088051396031
03-17 16:30 INFO     Client: 1 Epoch: 3 Loss: 1.3910545283748257
03-17 16:30 INFO     Client: 1 Epoch: 4 Loss: 1.2899728302032716
03-17 16:30 INFO      ** Client: 1 Training complete **
03-17 16:30 INFO     global n_training: 390
03-17 16:30 INFO     global n_test: 79
03-17 16:30 INFO     >> Global Model Train accuracy: 0.3886, Train accuracy top-5: 0.6998
03-17 16:30 INFO     >> Global Model Test accuracy: 0.3616, Test accuracy top-5: 0.6720
03-17 16:30 INFO     >> Global Model Train loss: 2.5273
03-17 16:30 INFO     in comm round:5
03-17 16:30 INFO     Training network 0 n_training: 5000
03-17 16:30 INFO     Training network 0
03-17 16:30 INFO     n_training: 39
03-17 16:30 INFO     Client: 0 Epoch: 0 Loss: 1.4693748247929108
03-17 16:30 INFO     Client: 0 Epoch: 1 Loss: 1.131900694125738
03-17 16:30 INFO     Client: 0 Epoch: 2 Loss: 0.9850649482164627
03-17 16:30 INFO     Client: 0 Epoch: 3 Loss: 0.8478499085475237
03-17 16:30 INFO     Client: 0 Epoch: 4 Loss: 0.7418336807153164
03-17 16:30 INFO      ** Client: 0 Training complete **
03-17 16:30 INFO     Training network 1 n_training: 8000
03-17 16:30 INFO     Training network 1
03-17 16:30 INFO     n_training: 62
03-17 16:30 INFO     Client: 1 Epoch: 0 Loss: 1.584082309276827
03-17 16:30 INFO     Client: 1 Epoch: 1 Loss: 1.3429534781363703
03-17 16:30 INFO     Client: 1 Epoch: 2 Loss: 1.1945870191820207
03-17 16:30 INFO     Client: 1 Epoch: 3 Loss: 1.078323059505032
03-17 16:30 INFO     Client: 1 Epoch: 4 Loss: 0.9906846054138676
03-17 16:30 INFO      ** Client: 1 Training complete **
03-17 16:30 INFO     global n_training: 390
03-17 16:30 INFO     global n_test: 79
03-17 16:30 INFO     >> Global Model Train accuracy: 0.4355, Train accuracy top-5: 0.7406
03-17 16:30 INFO     >> Global Model Test accuracy: 0.3988, Test accuracy top-5: 0.7062
03-17 16:30 INFO     >> Global Model Train loss: 2.3233
03-17 16:30 INFO     in comm round:6
03-17 16:30 INFO     Training network 0 n_training: 5000
03-17 16:30 INFO     Training network 0
03-17 16:30 INFO     n_training: 39
03-17 16:30 INFO     Client: 0 Epoch: 0 Loss: 1.1486785488250928
03-17 16:30 INFO     Client: 0 Epoch: 1 Loss: 0.8601671610123072
03-17 16:30 INFO     Client: 0 Epoch: 2 Loss: 0.6988211640944848
03-17 16:30 INFO     Client: 0 Epoch: 3 Loss: 0.6160374948611627
03-17 16:30 INFO     Client: 0 Epoch: 4 Loss: 0.5306225373194768
03-17 16:30 INFO      ** Client: 0 Training complete **
03-17 16:30 INFO     Training network 1 n_training: 8000
03-17 16:30 INFO     Training network 1
03-17 16:30 INFO     n_training: 62
03-17 16:30 INFO     Client: 1 Epoch: 0 Loss: 1.2903700009469063
03-17 16:30 INFO     Client: 1 Epoch: 1 Loss: 1.0512836777394818
03-17 16:30 INFO     Client: 1 Epoch: 2 Loss: 0.93344440960115
03-17 16:30 INFO     Client: 1 Epoch: 3 Loss: 0.831828930685597
03-17 16:30 INFO     Client: 1 Epoch: 4 Loss: 0.7169989530117281
03-17 16:30 INFO      ** Client: 1 Training complete **
03-17 16:30 INFO     global n_training: 390
03-17 16:30 INFO     global n_test: 79
03-17 16:31 INFO     >> Global Model Train accuracy: 0.4718, Train accuracy top-5: 0.7697
03-17 16:31 INFO     >> Global Model Test accuracy: 0.4248, Test accuracy top-5: 0.7326
03-17 16:31 INFO     >> Global Model Train loss: 2.1740
03-17 16:31 INFO     in comm round:7
03-17 16:31 INFO     Training network 0 n_training: 5000
03-17 16:31 INFO     Training network 0
03-17 16:31 INFO     n_training: 39
03-17 16:31 INFO     Client: 0 Epoch: 0 Loss: 0.9465589125951132
03-17 16:31 INFO     Client: 0 Epoch: 1 Loss: 0.6648761500150729
03-17 16:31 INFO     Client: 0 Epoch: 2 Loss: 0.516116527410654
03-17 16:31 INFO     Client: 0 Epoch: 3 Loss: 0.39758612253727055
03-17 16:31 INFO     Client: 0 Epoch: 4 Loss: 0.3211669929516621
03-17 16:31 INFO      ** Client: 0 Training complete **
03-17 16:31 INFO     Training network 1 n_training: 8000
03-17 16:31 INFO     Training network 1
03-17 16:31 INFO     n_training: 62
03-17 16:31 INFO     Client: 1 Epoch: 0 Loss: 1.0218410866875802
03-17 16:31 INFO     Client: 1 Epoch: 1 Loss: 0.824606123470491
03-17 16:31 INFO     Client: 1 Epoch: 2 Loss: 0.7226544445560824
03-17 16:31 INFO     Client: 1 Epoch: 3 Loss: 0.6083398788206039
03-17 16:31 INFO     Client: 1 Epoch: 4 Loss: 0.5475456282015769
03-17 16:31 INFO      ** Client: 1 Training complete **
03-17 16:31 INFO     global n_training: 390
03-17 16:31 INFO     global n_test: 79
03-17 16:31 INFO     >> Global Model Train accuracy: 0.4981, Train accuracy top-5: 0.7856
03-17 16:31 INFO     >> Global Model Test accuracy: 0.4325, Test accuracy top-5: 0.7424
03-17 16:31 INFO     >> Global Model Train loss: 2.1127
03-17 16:31 INFO     in comm round:8
03-17 16:31 INFO     Training network 0 n_training: 5000
03-17 16:31 INFO     Training network 0
03-17 16:31 INFO     n_training: 39
03-17 16:31 INFO     Client: 0 Epoch: 0 Loss: 0.7259376324140109
03-17 16:31 INFO     Client: 0 Epoch: 1 Loss: 0.49011642810625905
03-17 16:31 INFO     Client: 0 Epoch: 2 Loss: 0.3618283688257902
03-17 16:31 INFO     Client: 0 Epoch: 3 Loss: 0.2532930599573331
03-17 16:31 INFO     Client: 0 Epoch: 4 Loss: 0.21299979109794664
03-17 16:31 INFO      ** Client: 0 Training complete **
03-17 16:31 INFO     Training network 1 n_training: 8000
03-17 16:31 INFO     Training network 1
03-17 16:31 INFO     n_training: 62
03-17 16:31 INFO     Client: 1 Epoch: 0 Loss: 0.779623479612412
03-17 16:31 INFO     Client: 1 Epoch: 1 Loss: 0.622309249254965
03-17 16:31 INFO     Client: 1 Epoch: 2 Loss: 0.5306994741962802
03-17 16:31 INFO     Client: 1 Epoch: 3 Loss: 0.4492186899146726
03-17 16:31 INFO     Client: 1 Epoch: 4 Loss: 0.37671139547901766
03-17 16:31 INFO      ** Client: 1 Training complete **
03-17 16:31 INFO     global n_training: 390
03-17 16:31 INFO     global n_test: 79
03-17 16:32 INFO     >> Global Model Train accuracy: 0.5202, Train accuracy top-5: 0.8017
03-17 16:32 INFO     >> Global Model Test accuracy: 0.4488, Test accuracy top-5: 0.7548
03-17 16:32 INFO     >> Global Model Train loss: 2.0357
03-17 16:32 INFO     in comm round:9
03-17 16:32 INFO     Training network 0 n_training: 5000
03-17 16:32 INFO     Training network 0
03-17 16:32 INFO     n_training: 39
03-17 16:32 INFO     Client: 0 Epoch: 0 Loss: 0.5322287999666654
03-17 16:32 INFO     Client: 0 Epoch: 1 Loss: 0.35175388975021166
03-17 16:32 INFO     Client: 0 Epoch: 2 Loss: 0.25325064055430585
03-17 16:32 INFO     Client: 0 Epoch: 3 Loss: 0.18576094240714341
03-17 16:32 INFO     Client: 0 Epoch: 4 Loss: 0.14456761590181252
03-17 16:32 INFO      ** Client: 0 Training complete **
03-17 16:32 INFO     Training network 1 n_training: 8000
03-17 16:32 INFO     Training network 1
03-17 16:32 INFO     n_training: 62
03-17 16:32 INFO     Client: 1 Epoch: 0 Loss: 0.5726199294290235
03-17 16:32 INFO     Client: 1 Epoch: 1 Loss: 0.45039896282457537
03-17 16:32 INFO     Client: 1 Epoch: 2 Loss: 0.3730344618520429
03-17 16:32 INFO     Client: 1 Epoch: 3 Loss: 0.3082522670588186
03-17 16:32 INFO     Client: 1 Epoch: 4 Loss: 0.25430080631086904
03-17 16:32 INFO      ** Client: 1 Training complete **
03-17 16:32 INFO     global n_training: 390
03-17 16:32 INFO     global n_test: 79
03-17 16:32 INFO     >> Global Model Train accuracy: 0.5405, Train accuracy top-5: 0.8116
03-17 16:32 INFO     >> Global Model Test accuracy: 0.4612, Test accuracy top-5: 0.7645
03-17 16:32 INFO     >> Global Model Train loss: 1.9866
03-17 16:32 INFO     in comm round:10
03-17 16:32 INFO     Training network 0 n_training: 5000
03-17 16:32 INFO     Training network 0
03-17 16:32 INFO     n_training: 39
03-17 16:32 INFO     Client: 0 Epoch: 0 Loss: 0.4685686253584348
03-17 16:32 INFO     Client: 0 Epoch: 1 Loss: 0.27067062029471767
03-17 16:32 INFO     Client: 0 Epoch: 2 Loss: 0.2052545585693457
03-17 16:32 INFO     Client: 0 Epoch: 3 Loss: 0.15262800741654176
03-17 16:32 INFO     Client: 0 Epoch: 4 Loss: 0.11272867979147495
03-17 16:32 INFO      ** Client: 0 Training complete **
03-17 16:32 INFO     Training network 1 n_training: 8000
03-17 16:32 INFO     Training network 1
03-17 16:32 INFO     n_training: 62
03-17 16:32 INFO     Client: 1 Epoch: 0 Loss: 0.4368587540042016
03-17 16:32 INFO     Client: 1 Epoch: 1 Loss: 0.3393276744792538
03-17 16:32 INFO     Client: 1 Epoch: 2 Loss: 0.26467757792242114
03-17 16:32 INFO     Client: 1 Epoch: 3 Loss: 0.2139533657220102
03-17 16:32 INFO     Client: 1 Epoch: 4 Loss: 0.1828924710712125
03-17 16:32 INFO      ** Client: 1 Training complete **
03-17 16:32 INFO     global n_training: 390
03-17 16:32 INFO     global n_test: 79
03-17 16:32 INFO     >> Global Model Train accuracy: 0.5595, Train accuracy top-5: 0.8194
03-17 16:32 INFO     >> Global Model Test accuracy: 0.4712, Test accuracy top-5: 0.7668
03-17 16:32 INFO     >> Global Model Train loss: 1.9293
03-17 16:32 INFO     in comm round:11
03-17 16:32 INFO     Training network 0 n_training: 5000
03-17 16:32 INFO     Training network 0
03-17 16:32 INFO     n_training: 39
03-17 16:32 INFO     Client: 0 Epoch: 0 Loss: 0.34652978143630886
03-17 16:32 INFO     Client: 0 Epoch: 1 Loss: 0.19593938573812827
03-17 16:33 INFO     Client: 0 Epoch: 2 Loss: 0.13019147286048302
03-17 16:33 INFO     Client: 0 Epoch: 3 Loss: 0.09502020535560754
03-17 16:33 INFO     Client: 0 Epoch: 4 Loss: 0.07047150627924846
03-17 16:33 INFO      ** Client: 0 Training complete **
03-17 16:33 INFO     Training network 1 n_training: 8000
03-17 16:33 INFO     Training network 1
03-17 16:33 INFO     n_training: 62
03-17 16:33 INFO     Client: 1 Epoch: 0 Loss: 0.3086952420492326
03-17 16:33 INFO     Client: 1 Epoch: 1 Loss: 0.23732511410790105
03-17 16:33 INFO     Client: 1 Epoch: 2 Loss: 0.18887736323860385
03-17 16:33 INFO     Client: 1 Epoch: 3 Loss: 0.16085338724717016
03-17 16:33 INFO     Client: 1 Epoch: 4 Loss: 0.1237957451132036
03-17 16:33 INFO      ** Client: 1 Training complete **
03-17 16:33 INFO     global n_training: 390
03-17 16:33 INFO     global n_test: 79
03-17 16:33 INFO     >> Global Model Train accuracy: 0.5751, Train accuracy top-5: 0.8284
03-17 16:33 INFO     >> Global Model Test accuracy: 0.4847, Test accuracy top-5: 0.7832
03-17 16:33 INFO     >> Global Model Train loss: 1.8673
03-17 16:33 INFO     in comm round:12
03-17 16:33 INFO     Training network 0 n_training: 5000
03-17 16:33 INFO     Training network 0
03-17 16:33 INFO     n_training: 39
03-17 16:33 INFO     Client: 0 Epoch: 0 Loss: 0.2454594537997857
03-17 16:33 INFO     Client: 0 Epoch: 1 Loss: 0.14628961854256117
03-17 16:33 INFO     Client: 0 Epoch: 2 Loss: 0.11082477743426959
03-17 16:33 INFO     Client: 0 Epoch: 3 Loss: 0.0737101042117828
03-17 16:33 INFO     Client: 0 Epoch: 4 Loss: 0.05293948771670843
03-17 16:33 INFO      ** Client: 0 Training complete **
03-17 16:33 INFO     Training network 1 n_training: 8000
03-17 16:33 INFO     Training network 1
03-17 16:33 INFO     n_training: 62
03-17 16:33 INFO     Client: 1 Epoch: 0 Loss: 0.22621310189847024
03-17 16:33 INFO     Client: 1 Epoch: 1 Loss: 0.14713204760224588
03-17 16:33 INFO     Client: 1 Epoch: 2 Loss: 0.1157398883613848
03-17 16:33 INFO     Client: 1 Epoch: 3 Loss: 0.09856989517086936
03-17 16:33 INFO     Client: 1 Epoch: 4 Loss: 0.08221868245351699
03-17 16:33 INFO      ** Client: 1 Training complete **
03-17 16:33 INFO     global n_training: 390
03-17 16:33 INFO     global n_test: 79
03-17 16:33 INFO     >> Global Model Train accuracy: 0.5905, Train accuracy top-5: 0.8325
03-17 16:33 INFO     >> Global Model Test accuracy: 0.4949, Test accuracy top-5: 0.7837
03-17 16:33 INFO     >> Global Model Train loss: 1.8162
03-17 16:33 INFO     in comm round:13
03-17 16:33 INFO     Training network 0 n_training: 5000
03-17 16:33 INFO     Training network 0
03-17 16:33 INFO     n_training: 39
03-17 16:33 INFO     Client: 0 Epoch: 0 Loss: 0.20761181223086822
03-17 16:33 INFO     Client: 0 Epoch: 1 Loss: 0.1052863659002842
03-17 16:33 INFO     Client: 0 Epoch: 2 Loss: 0.06721598110519923
03-17 16:33 INFO     Client: 0 Epoch: 3 Loss: 0.04228593729054316
03-17 16:33 INFO     Client: 0 Epoch: 4 Loss: 0.032791923731565475
03-17 16:33 INFO      ** Client: 0 Training complete **
03-17 16:33 INFO     Training network 1 n_training: 8000
03-17 16:33 INFO     Training network 1
03-17 16:33 INFO     n_training: 62
03-17 16:34 INFO     Client: 1 Epoch: 0 Loss: 0.1486320000502371
03-17 16:34 INFO     Client: 1 Epoch: 1 Loss: 0.08431642226153804
03-17 16:34 INFO     Client: 1 Epoch: 2 Loss: 0.06619923189282417
03-17 16:34 INFO     Client: 1 Epoch: 3 Loss: 0.06217524253072277
03-17 16:34 INFO     Client: 1 Epoch: 4 Loss: 0.05244676834873615
03-17 16:34 INFO      ** Client: 1 Training complete **
03-17 16:34 INFO     global n_training: 390
03-17 16:34 INFO     global n_test: 79
03-17 16:34 INFO     >> Global Model Train accuracy: 0.6020, Train accuracy top-5: 0.8351
03-17 16:34 INFO     >> Global Model Test accuracy: 0.5043, Test accuracy top-5: 0.7888
03-17 16:34 INFO     >> Global Model Train loss: 1.7914
03-17 16:34 INFO     in comm round:14
03-17 16:34 INFO     Training network 0 n_training: 5000
03-17 16:34 INFO     Training network 0
03-17 16:34 INFO     n_training: 39
03-17 16:34 INFO     Client: 0 Epoch: 0 Loss: 0.13031461748939294
03-17 16:34 INFO     Client: 0 Epoch: 1 Loss: 0.062310642443406276
03-17 16:34 INFO     Client: 0 Epoch: 2 Loss: 0.04902574739968165
03-17 16:34 INFO     Client: 0 Epoch: 3 Loss: 0.032530852760642
03-17 16:34 INFO     Client: 0 Epoch: 4 Loss: 0.022933676814994752
03-17 16:34 INFO      ** Client: 0 Training complete **
03-17 16:34 INFO     Training network 1 n_training: 8000
03-17 16:34 INFO     Training network 1
03-17 16:34 INFO     n_training: 62
03-17 16:34 INFO     Client: 1 Epoch: 0 Loss: 0.11658250546503451
03-17 16:34 INFO     Client: 1 Epoch: 1 Loss: 0.06263735502838128
03-17 16:34 INFO     Client: 1 Epoch: 2 Loss: 0.04345044220286992
03-17 16:34 INFO     Client: 1 Epoch: 3 Loss: 0.04278435588123337
03-17 16:34 INFO     Client: 1 Epoch: 4 Loss: 0.03390112357033837
03-17 16:34 INFO      ** Client: 1 Training complete **
03-17 16:34 INFO     global n_training: 390
03-17 16:34 INFO     global n_test: 79
03-17 16:34 INFO     >> Global Model Train accuracy: 0.6103, Train accuracy top-5: 0.8391
03-17 16:34 INFO     >> Global Model Test accuracy: 0.5081, Test accuracy top-5: 0.7912
03-17 16:34 INFO     >> Global Model Train loss: 1.7781
03-17 16:34 INFO     in comm round:15
03-17 16:34 INFO     Training network 0 n_training: 5000
03-17 16:34 INFO     Training network 0
03-17 16:34 INFO     n_training: 39
03-17 16:34 INFO     Client: 0 Epoch: 0 Loss: 0.10336375484863917
03-17 16:34 INFO     Client: 0 Epoch: 1 Loss: 0.05093451403081417
03-17 16:34 INFO     Client: 0 Epoch: 2 Loss: 0.03185349478362463
03-17 16:34 INFO     Client: 0 Epoch: 3 Loss: 0.019114903174340725
03-17 16:34 INFO     Client: 0 Epoch: 4 Loss: 0.016225748313352082
03-17 16:34 INFO      ** Client: 0 Training complete **
03-17 16:34 INFO     Training network 1 n_training: 8000
03-17 16:34 INFO     Training network 1
03-17 16:34 INFO     n_training: 62
03-17 16:34 INFO     Client: 1 Epoch: 0 Loss: 0.08125708420430461
03-17 16:34 INFO     Client: 1 Epoch: 1 Loss: 0.041692832605012005
03-17 16:35 INFO     Client: 1 Epoch: 2 Loss: 0.030101287373972517
03-17 16:35 INFO     Client: 1 Epoch: 3 Loss: 0.021025953619110006
03-17 16:35 INFO     Client: 1 Epoch: 4 Loss: 0.015898822431242274
03-17 16:35 INFO      ** Client: 1 Training complete **
03-17 16:35 INFO     global n_training: 390
03-17 16:35 INFO     global n_test: 79
03-17 16:35 INFO     >> Global Model Train accuracy: 0.6193, Train accuracy top-5: 0.8404
03-17 16:35 INFO     >> Global Model Test accuracy: 0.5157, Test accuracy top-5: 0.7954
03-17 16:35 INFO     >> Global Model Train loss: 1.7295
03-17 16:35 INFO     in comm round:16
03-17 16:35 INFO     Training network 0 n_training: 5000
03-17 16:35 INFO     Training network 0
03-17 16:35 INFO     n_training: 39
03-17 16:35 INFO     Client: 0 Epoch: 0 Loss: 0.08023908600593224
03-17 16:35 INFO     Client: 0 Epoch: 1 Loss: 0.0349103972220268
03-17 16:35 INFO     Client: 0 Epoch: 2 Loss: 0.0224427766381548
03-17 16:35 INFO     Client: 0 Epoch: 3 Loss: 0.019897070713341236
03-17 16:35 INFO     Client: 0 Epoch: 4 Loss: 0.013560167991389066
03-17 16:35 INFO      ** Client: 0 Training complete **
03-17 16:35 INFO     Training network 1 n_training: 8000
03-17 16:35 INFO     Training network 1
03-17 16:35 INFO     n_training: 62
03-17 16:35 INFO     Client: 1 Epoch: 0 Loss: 0.06076852271273252
03-17 16:35 INFO     Client: 1 Epoch: 1 Loss: 0.027781477468388695
03-17 16:35 INFO     Client: 1 Epoch: 2 Loss: 0.020987045921144948
03-17 16:35 INFO     Client: 1 Epoch: 3 Loss: 0.01486264981870209
03-17 16:35 INFO     Client: 1 Epoch: 4 Loss: 0.012041741170950474
03-17 16:35 INFO      ** Client: 1 Training complete **
03-17 16:35 INFO     global n_training: 390
03-17 16:35 INFO     global n_test: 79
03-17 16:35 INFO     >> Global Model Train accuracy: 0.6215, Train accuracy top-5: 0.8415
03-17 16:35 INFO     >> Global Model Test accuracy: 0.5167, Test accuracy top-5: 0.7971
03-17 16:35 INFO     >> Global Model Train loss: 1.7091
03-17 16:35 INFO     in comm round:17
03-17 16:35 INFO     Training network 0 n_training: 5000
03-17 16:35 INFO     Training network 0
03-17 16:35 INFO     n_training: 39
03-17 16:35 INFO     Client: 0 Epoch: 0 Loss: 0.06335372664034367
03-17 16:35 INFO     Client: 0 Epoch: 1 Loss: 0.025630506591346018
03-17 16:35 INFO     Client: 0 Epoch: 2 Loss: 0.015650201421708632
03-17 16:35 INFO     Client: 0 Epoch: 3 Loss: 0.013454580428795172
03-17 16:35 INFO     Client: 0 Epoch: 4 Loss: 0.011516869438286776
03-17 16:35 INFO      ** Client: 0 Training complete **
03-17 16:35 INFO     Training network 1 n_training: 8000
03-17 16:35 INFO     Training network 1
03-17 16:35 INFO     n_training: 62
03-17 16:35 INFO     Client: 1 Epoch: 0 Loss: 0.05064436823369995
03-17 16:35 INFO     Client: 1 Epoch: 1 Loss: 0.021281587936344645
03-17 16:35 INFO     Client: 1 Epoch: 2 Loss: 0.016351939975133827
03-17 16:35 INFO     Client: 1 Epoch: 3 Loss: 0.01243398236411233
03-17 16:36 INFO     Client: 1 Epoch: 4 Loss: 0.010617554818670596
03-17 16:36 INFO      ** Client: 1 Training complete **
03-17 16:36 INFO     global n_training: 390
03-17 16:36 INFO     global n_test: 79
03-17 16:36 INFO     >> Global Model Train accuracy: 0.6285, Train accuracy top-5: 0.8437
03-17 16:36 INFO     >> Global Model Test accuracy: 0.5221, Test accuracy top-5: 0.7971
03-17 16:36 INFO     >> Global Model Train loss: 1.6799
03-17 16:36 INFO     in comm round:18
03-17 16:36 INFO     Training network 0 n_training: 5000
03-17 16:36 INFO     Training network 0
03-17 16:36 INFO     n_training: 39
03-17 16:36 INFO     Client: 0 Epoch: 0 Loss: 0.050410935846276775
03-17 16:36 INFO     Client: 0 Epoch: 1 Loss: 0.019759067214834385
03-17 16:36 INFO     Client: 0 Epoch: 2 Loss: 0.01536349425665461
03-17 16:36 INFO     Client: 0 Epoch: 3 Loss: 0.01155965205711814
03-17 16:36 INFO     Client: 0 Epoch: 4 Loss: 0.0098310908756386
03-17 16:36 INFO      ** Client: 0 Training complete **
03-17 16:36 INFO     Training network 1 n_training: 8000
03-17 16:36 INFO     Training network 1
03-17 16:36 INFO     n_training: 62
03-17 16:36 INFO     Client: 1 Epoch: 0 Loss: 0.04141139978122327
03-17 16:36 INFO     Client: 1 Epoch: 1 Loss: 0.01887787958126395
03-17 16:36 INFO     Client: 1 Epoch: 2 Loss: 0.015241612725320363
03-17 16:36 INFO     Client: 1 Epoch: 3 Loss: 0.015589098123112512
03-17 16:36 INFO     Client: 1 Epoch: 4 Loss: 0.012887174008233894
03-17 16:36 INFO      ** Client: 1 Training complete **
03-17 16:36 INFO     global n_training: 390
03-17 16:36 INFO     global n_test: 79
03-17 16:36 INFO     >> Global Model Train accuracy: 0.6316, Train accuracy top-5: 0.8427
03-17 16:36 INFO     >> Global Model Test accuracy: 0.5220, Test accuracy top-5: 0.7974
03-17 16:36 INFO     >> Global Model Train loss: 1.6770
03-17 16:36 INFO     in comm round:19
03-17 16:36 INFO     Training network 0 n_training: 5000
03-17 16:36 INFO     Training network 0
03-17 16:36 INFO     n_training: 39
03-17 16:36 INFO     Client: 0 Epoch: 0 Loss: 0.0567134223305262
03-17 16:36 INFO     Client: 0 Epoch: 1 Loss: 0.02047976340429905
03-17 16:36 INFO     Client: 0 Epoch: 2 Loss: 0.012496534185722852
03-17 16:36 INFO     Client: 0 Epoch: 3 Loss: 0.010173806514686499
03-17 16:36 INFO     Client: 0 Epoch: 4 Loss: 0.008912560195685962
03-17 16:36 INFO      ** Client: 0 Training complete **
03-17 16:36 INFO     Training network 1 n_training: 8000
03-17 16:36 INFO     Training network 1
03-17 16:36 INFO     n_training: 62
03-17 16:36 INFO     Client: 1 Epoch: 0 Loss: 0.03342500363566702
03-17 16:36 INFO     Client: 1 Epoch: 1 Loss: 0.015804041612653003
03-17 16:36 INFO     Client: 1 Epoch: 2 Loss: 0.012148196613716503
03-17 16:36 INFO     Client: 1 Epoch: 3 Loss: 0.01048098252935996
03-17 16:36 INFO     Client: 1 Epoch: 4 Loss: 0.008638300061706574
03-17 16:36 INFO      ** Client: 1 Training complete **
03-17 16:36 INFO     global n_training: 390
03-17 16:36 INFO     global n_test: 79
03-17 16:37 INFO     >> Global Model Train accuracy: 0.6312, Train accuracy top-5: 0.8450
03-17 16:37 INFO     >> Global Model Test accuracy: 0.5225, Test accuracy top-5: 0.8005
03-17 16:37 INFO     >> Global Model Train loss: 1.6546
03-17 16:37 INFO     in comm round:20
03-17 16:37 INFO     Training network 0 n_training: 5000
03-17 16:37 INFO     Training network 0
03-17 16:37 INFO     n_training: 39
03-17 16:37 INFO     Client: 0 Epoch: 0 Loss: 0.042010449493924774
03-17 16:37 INFO     Client: 0 Epoch: 1 Loss: 0.014746960634604478
03-17 16:37 INFO     Client: 0 Epoch: 2 Loss: 0.011543096592411017
03-17 16:37 INFO     Client: 0 Epoch: 3 Loss: 0.011425749613688542
03-17 16:37 INFO     Client: 0 Epoch: 4 Loss: 0.008930026386410762
03-17 16:37 INFO      ** Client: 0 Training complete **
03-17 16:37 INFO     Training network 1 n_training: 8000
03-17 16:37 INFO     Training network 1
03-17 16:37 INFO     n_training: 62
03-17 16:37 INFO     Client: 1 Epoch: 0 Loss: 0.03455123530640718
03-17 16:37 INFO     Client: 1 Epoch: 1 Loss: 0.013819420447332724
03-17 16:37 INFO     Client: 1 Epoch: 2 Loss: 0.010591208251313336
03-17 16:37 INFO     Client: 1 Epoch: 3 Loss: 0.007885617234053151
03-17 16:37 INFO     Client: 1 Epoch: 4 Loss: 0.007649785410913248
03-17 16:37 INFO      ** Client: 1 Training complete **
03-17 16:37 INFO     global n_training: 390
03-17 16:37 INFO     global n_test: 79
03-17 16:37 INFO     >> Global Model Train accuracy: 0.6330, Train accuracy top-5: 0.8456
03-17 16:37 INFO     >> Global Model Test accuracy: 0.5244, Test accuracy top-5: 0.7992
03-17 16:37 INFO     >> Global Model Train loss: 1.6401
03-17 16:37 INFO     in comm round:21
03-17 16:37 INFO     Training network 0 n_training: 5000
03-17 16:37 INFO     Training network 0
03-17 16:37 INFO     n_training: 39
03-17 16:37 INFO     Client: 0 Epoch: 0 Loss: 0.03621259197974817
03-17 16:37 INFO     Client: 0 Epoch: 1 Loss: 0.014851948867241541
03-17 16:37 INFO     Client: 0 Epoch: 2 Loss: 0.011023616107801596
03-17 16:37 INFO     Client: 0 Epoch: 3 Loss: 0.008860019059517445
03-17 16:37 INFO     Client: 0 Epoch: 4 Loss: 0.008048620170507675
03-17 16:37 INFO      ** Client: 0 Training complete **
03-17 16:37 INFO     Training network 1 n_training: 8000
03-17 16:37 INFO     Training network 1
03-17 16:37 INFO     n_training: 62
03-17 16:37 INFO     Client: 1 Epoch: 0 Loss: 0.030223371731417793
03-17 16:37 INFO     Client: 1 Epoch: 1 Loss: 0.013489511840405964
03-17 16:37 INFO     Client: 1 Epoch: 2 Loss: 0.008618840084020649
03-17 16:37 INFO     Client: 1 Epoch: 3 Loss: 0.0077503262343065395
03-17 16:37 INFO     Client: 1 Epoch: 4 Loss: 0.007282310766318152
03-17 16:37 INFO      ** Client: 1 Training complete **
03-17 16:37 INFO     global n_training: 390
03-17 16:37 INFO     global n_test: 79
03-17 16:37 INFO     >> Global Model Train accuracy: 0.6349, Train accuracy top-5: 0.8456
03-17 16:37 INFO     >> Global Model Test accuracy: 0.5260, Test accuracy top-5: 0.7992
03-17 16:37 INFO     >> Global Model Train loss: 1.6357
03-17 16:37 INFO     in comm round:22
03-17 16:37 INFO     Training network 0 n_training: 5000
03-17 16:37 INFO     Training network 0
03-17 16:37 INFO     n_training: 39
03-17 16:37 INFO     Client: 0 Epoch: 0 Loss: 0.032369453221177444
03-17 16:37 INFO     Client: 0 Epoch: 1 Loss: 0.013551302254199982
03-17 16:38 INFO     Client: 0 Epoch: 2 Loss: 0.010405360291210504
03-17 16:38 INFO     Client: 0 Epoch: 3 Loss: 0.0085128168694866
03-17 16:38 INFO     Client: 0 Epoch: 4 Loss: 0.008121657197196513
03-17 16:38 INFO      ** Client: 0 Training complete **
03-17 16:38 INFO     Training network 1 n_training: 8000
03-17 16:38 INFO     Training network 1
03-17 16:38 INFO     n_training: 62
03-17 16:38 INFO     Client: 1 Epoch: 0 Loss: 0.025201412293338967
03-17 16:38 INFO     Client: 1 Epoch: 1 Loss: 0.011628338608950857
03-17 16:38 INFO     Client: 1 Epoch: 2 Loss: 0.012204738656779932
03-17 16:38 INFO     Client: 1 Epoch: 3 Loss: 0.007877506285665496
03-17 16:38 INFO     Client: 1 Epoch: 4 Loss: 0.0076002526442490274
03-17 16:38 INFO      ** Client: 1 Training complete **
03-17 16:38 INFO     global n_training: 390
03-17 16:38 INFO     global n_test: 79
03-17 16:38 INFO     >> Global Model Train accuracy: 0.6363, Train accuracy top-5: 0.8463
03-17 16:38 INFO     >> Global Model Test accuracy: 0.5278, Test accuracy top-5: 0.7997
03-17 16:38 INFO     >> Global Model Train loss: 1.6321
03-17 16:38 INFO     in comm round:23
03-17 16:38 INFO     Training network 0 n_training: 5000
03-17 16:38 INFO     Training network 0
03-17 16:38 INFO     n_training: 39
03-17 16:38 INFO     Client: 0 Epoch: 0 Loss: 0.03169460002428446
03-17 16:38 INFO     Client: 0 Epoch: 1 Loss: 0.01955574784332361
03-17 16:38 INFO     Client: 0 Epoch: 2 Loss: 0.014307578309224201
03-17 16:38 INFO     Client: 0 Epoch: 3 Loss: 0.009601571716559239
03-17 16:38 INFO     Client: 0 Epoch: 4 Loss: 0.007415898908407261
03-17 16:38 INFO      ** Client: 0 Training complete **
03-17 16:38 INFO     Training network 1 n_training: 8000
03-17 16:38 INFO     Training network 1
03-17 16:38 INFO     n_training: 62
03-17 16:38 INFO     Client: 1 Epoch: 0 Loss: 0.02386417837753411
03-17 16:38 INFO     Client: 1 Epoch: 1 Loss: 0.010064736301560075
03-17 16:38 INFO     Client: 1 Epoch: 2 Loss: 0.007956879859369608
03-17 16:38 INFO     Client: 1 Epoch: 3 Loss: 0.007361178083585635
03-17 16:38 INFO     Client: 1 Epoch: 4 Loss: 0.006769087413446077
03-17 16:38 INFO      ** Client: 1 Training complete **
03-17 16:38 INFO     global n_training: 390
03-17 16:38 INFO     global n_test: 79
03-17 16:38 INFO     >> Global Model Train accuracy: 0.6371, Train accuracy top-5: 0.8468
03-17 16:38 INFO     >> Global Model Test accuracy: 0.5285, Test accuracy top-5: 0.7972
03-17 16:38 INFO     >> Global Model Train loss: 1.6127
03-17 16:38 INFO     in comm round:24
03-17 16:38 INFO     Training network 0 n_training: 5000
03-17 16:38 INFO     Training network 0
03-17 16:38 INFO     n_training: 39
03-17 16:38 INFO     Client: 0 Epoch: 0 Loss: 0.030017127593358357
03-17 16:38 INFO     Client: 0 Epoch: 1 Loss: 0.012070946670017945
03-17 16:38 INFO     Client: 0 Epoch: 2 Loss: 0.009203909442592889
03-17 16:38 INFO     Client: 0 Epoch: 3 Loss: 0.008764486783781113
03-17 16:38 INFO     Client: 0 Epoch: 4 Loss: 0.007590259091021159
03-17 16:38 INFO      ** Client: 0 Training complete **
03-17 16:38 INFO     Training network 1 n_training: 8000
03-17 16:38 INFO     Training network 1
03-17 16:38 INFO     n_training: 62
03-17 16:39 INFO     Client: 1 Epoch: 0 Loss: 0.021629144798123067
03-17 16:39 INFO     Client: 1 Epoch: 1 Loss: 0.009716540717730118
03-17 16:39 INFO     Client: 1 Epoch: 2 Loss: 0.0080119566165752
03-17 16:39 INFO     Client: 1 Epoch: 3 Loss: 0.007776489225967276
03-17 16:39 INFO     Client: 1 Epoch: 4 Loss: 0.006747151492163539
03-17 16:39 INFO      ** Client: 1 Training complete **
03-17 16:39 INFO     global n_training: 390
03-17 16:39 INFO     global n_test: 79
03-17 16:39 INFO     >> Global Model Train accuracy: 0.6384, Train accuracy top-5: 0.8472
03-17 16:39 INFO     >> Global Model Test accuracy: 0.5302, Test accuracy top-5: 0.7993
03-17 16:39 INFO     >> Global Model Train loss: 1.6050
03-17 16:39 INFO     in comm round:25
03-17 16:39 INFO     Training network 0 n_training: 5000
03-17 16:39 INFO     Training network 0
03-17 16:39 INFO     n_training: 39
03-17 16:39 INFO     Client: 0 Epoch: 0 Loss: 0.03005440475849005
03-17 16:39 INFO     Client: 0 Epoch: 1 Loss: 0.01109788828314497
03-17 16:39 INFO     Client: 0 Epoch: 2 Loss: 0.008730273240078718
03-17 16:39 INFO     Client: 0 Epoch: 3 Loss: 0.007612986000589071
03-17 16:39 INFO     Client: 0 Epoch: 4 Loss: 0.00703492597079812
03-17 16:39 INFO      ** Client: 0 Training complete **
03-17 16:39 INFO     Training network 1 n_training: 8000
03-17 16:39 INFO     Training network 1
03-17 16:39 INFO     n_training: 62
03-17 16:39 INFO     Client: 1 Epoch: 0 Loss: 0.020985039251465953
03-17 16:39 INFO     Client: 1 Epoch: 1 Loss: 0.009537623646939474
03-17 16:39 INFO     Client: 1 Epoch: 2 Loss: 0.008172873693007615
03-17 16:39 INFO     Client: 1 Epoch: 3 Loss: 0.007595196892056734
03-17 16:39 INFO     Client: 1 Epoch: 4 Loss: 0.006794373287008174
03-17 16:39 INFO      ** Client: 1 Training complete **
03-17 16:39 INFO     global n_training: 390
03-17 16:39 INFO     global n_test: 79
03-17 16:39 INFO     >> Global Model Train accuracy: 0.6395, Train accuracy top-5: 0.8478
03-17 16:39 INFO     >> Global Model Test accuracy: 0.5306, Test accuracy top-5: 0.8003
03-17 16:39 INFO     >> Global Model Train loss: 1.6006
03-17 16:39 INFO     in comm round:26
03-17 16:39 INFO     Training network 0 n_training: 5000
03-17 16:39 INFO     Training network 0
03-17 16:39 INFO     n_training: 39
03-17 16:39 INFO     Client: 0 Epoch: 0 Loss: 0.027198743719894152
03-17 16:39 INFO     Client: 0 Epoch: 1 Loss: 0.010850245813624216
03-17 16:39 INFO     Client: 0 Epoch: 2 Loss: 0.008783096578927377
03-17 16:39 INFO     Client: 0 Epoch: 3 Loss: 0.00775226781096978
03-17 16:39 INFO     Client: 0 Epoch: 4 Loss: 0.007479185119080238
03-17 16:39 INFO      ** Client: 0 Training complete **
03-17 16:39 INFO     Training network 1 n_training: 8000
03-17 16:39 INFO     Training network 1
03-17 16:39 INFO     n_training: 62
03-17 16:39 INFO     Client: 1 Epoch: 0 Loss: 0.019753969755143888
03-17 16:39 INFO     Client: 1 Epoch: 1 Loss: 0.00906979429325269
03-17 16:40 INFO     Client: 1 Epoch: 2 Loss: 0.0075832344366297605
03-17 16:40 INFO     Client: 1 Epoch: 3 Loss: 0.007244972286805991
03-17 16:40 INFO     Client: 1 Epoch: 4 Loss: 0.006425824286716599
03-17 16:40 INFO      ** Client: 1 Training complete **
03-17 16:40 INFO     global n_training: 390
03-17 16:40 INFO     global n_test: 79
03-17 16:40 INFO     >> Global Model Train accuracy: 0.6406, Train accuracy top-5: 0.8470
03-17 16:40 INFO     >> Global Model Test accuracy: 0.5305, Test accuracy top-5: 0.8004
03-17 16:40 INFO     >> Global Model Train loss: 1.5885
03-17 16:40 INFO     in comm round:27
03-17 16:40 INFO     Training network 0 n_training: 5000
03-17 16:40 INFO     Training network 0
03-17 16:40 INFO     n_training: 39
03-17 16:40 INFO     Client: 0 Epoch: 0 Loss: 0.025126649377246697
03-17 16:40 INFO     Client: 0 Epoch: 1 Loss: 0.010832371548391305
03-17 16:40 INFO     Client: 0 Epoch: 2 Loss: 0.008666276776542267
03-17 16:40 INFO     Client: 0 Epoch: 3 Loss: 0.008449970493809534
03-17 16:40 INFO     Client: 0 Epoch: 4 Loss: 0.0076770019741394585
03-17 16:40 INFO      ** Client: 0 Training complete **
03-17 16:40 INFO     Training network 1 n_training: 8000
03-17 16:40 INFO     Training network 1
03-17 16:40 INFO     n_training: 62
03-17 16:40 INFO     Client: 1 Epoch: 0 Loss: 0.020023420948775544
03-17 16:40 INFO     Client: 1 Epoch: 1 Loss: 0.008705249454285349
03-17 16:40 INFO     Client: 1 Epoch: 2 Loss: 0.007480427630305771
03-17 16:40 INFO     Client: 1 Epoch: 3 Loss: 0.006797369592072022
03-17 16:40 INFO     Client: 1 Epoch: 4 Loss: 0.006502289362552185
03-17 16:40 INFO      ** Client: 1 Training complete **
03-17 16:40 INFO     global n_training: 390
03-17 16:40 INFO     global n_test: 79
03-17 16:40 INFO     >> Global Model Train accuracy: 0.6412, Train accuracy top-5: 0.8470
03-17 16:40 INFO     >> Global Model Test accuracy: 0.5331, Test accuracy top-5: 0.8002
03-17 16:40 INFO     >> Global Model Train loss: 1.5901
03-17 16:40 INFO     in comm round:28
03-17 16:40 INFO     Training network 0 n_training: 5000
03-17 16:40 INFO     Training network 0
03-17 16:40 INFO     n_training: 39
03-17 16:40 INFO     Client: 0 Epoch: 0 Loss: 0.02487240371127159
03-17 16:40 INFO     Client: 0 Epoch: 1 Loss: 0.01051450439561636
03-17 16:40 INFO     Client: 0 Epoch: 2 Loss: 0.009022842806119185
03-17 16:40 INFO     Client: 0 Epoch: 3 Loss: 0.007618739735335112
03-17 16:40 INFO     Client: 0 Epoch: 4 Loss: 0.007120057868842895
03-17 16:40 INFO      ** Client: 0 Training complete **
03-17 16:40 INFO     Training network 1 n_training: 8000
03-17 16:40 INFO     Training network 1
03-17 16:40 INFO     n_training: 62
03-17 16:40 INFO     Client: 1 Epoch: 0 Loss: 0.017100793594915058
03-17 16:40 INFO     Client: 1 Epoch: 1 Loss: 0.008582650165584299
03-17 16:40 INFO     Client: 1 Epoch: 2 Loss: 0.007134234720480538
03-17 16:40 INFO     Client: 1 Epoch: 3 Loss: 0.006772432987007403
03-17 16:41 INFO     Client: 1 Epoch: 4 Loss: 0.006554799837871424
03-17 16:41 INFO      ** Client: 1 Training complete **
03-17 16:41 INFO     global n_training: 390
03-17 16:41 INFO     global n_test: 79
03-17 16:41 INFO     >> Global Model Train accuracy: 0.6418, Train accuracy top-5: 0.8479
03-17 16:41 INFO     >> Global Model Test accuracy: 0.5303, Test accuracy top-5: 0.8003
03-17 16:41 INFO     >> Global Model Train loss: 1.5766
03-17 16:41 INFO     in comm round:29
03-17 16:41 INFO     Training network 0 n_training: 5000
03-17 16:41 INFO     Training network 0
03-17 16:41 INFO     n_training: 39
03-17 16:41 INFO     Client: 0 Epoch: 0 Loss: 0.023973114263170805
03-17 16:41 INFO     Client: 0 Epoch: 1 Loss: 0.010299897645241939
03-17 16:41 INFO     Client: 0 Epoch: 2 Loss: 0.008908937697131664
03-17 16:41 INFO     Client: 0 Epoch: 3 Loss: 0.007652180233540444
03-17 16:41 INFO     Client: 0 Epoch: 4 Loss: 0.007373143023309799
03-17 16:41 INFO      ** Client: 0 Training complete **
03-17 16:41 INFO     Training network 1 n_training: 8000
03-17 16:41 INFO     Training network 1
03-17 16:41 INFO     n_training: 62
03-17 16:41 INFO     Client: 1 Epoch: 0 Loss: 0.01679207523533654
03-17 16:41 INFO     Client: 1 Epoch: 1 Loss: 0.008533460553735495
03-17 16:41 INFO     Client: 1 Epoch: 2 Loss: 0.006994147139090684
03-17 16:41 INFO     Client: 1 Epoch: 3 Loss: 0.0069002457368638245
03-17 16:41 INFO     Client: 1 Epoch: 4 Loss: 0.0069440296069989286
03-17 16:41 INFO      ** Client: 1 Training complete **
03-17 16:41 INFO     global n_training: 390
03-17 16:41 INFO     global n_test: 79
03-17 16:41 INFO     >> Global Model Train accuracy: 0.6426, Train accuracy top-5: 0.8475
03-17 16:41 INFO     >> Global Model Test accuracy: 0.5328, Test accuracy top-5: 0.7998
03-17 16:41 INFO     >> Global Model Train loss: 1.5747
03-17 16:41 INFO     in comm round:30
03-17 16:41 INFO     Training network 0 n_training: 5000
03-17 16:41 INFO     Training network 0
03-17 16:41 INFO     n_training: 39
03-17 16:41 INFO     Client: 0 Epoch: 0 Loss: 0.022819016367579117
03-17 16:41 INFO     Client: 0 Epoch: 1 Loss: 0.010098831095279027
03-17 16:41 INFO     Client: 0 Epoch: 2 Loss: 0.008767086128966931
03-17 16:41 INFO     Client: 0 Epoch: 3 Loss: 0.007864827385697609
03-17 16:41 INFO     Client: 0 Epoch: 4 Loss: 0.0074513924355881335
03-17 16:41 INFO      ** Client: 0 Training complete **
03-17 16:41 INFO     Training network 1 n_training: 8000
03-17 16:41 INFO     Training network 1
03-17 16:41 INFO     n_training: 62
03-17 16:41 INFO     Client: 1 Epoch: 0 Loss: 0.016378438911370693
03-17 16:41 INFO     Client: 1 Epoch: 1 Loss: 0.008141357692018632
03-17 16:41 INFO     Client: 1 Epoch: 2 Loss: 0.007322375948030141
03-17 16:41 INFO     Client: 1 Epoch: 3 Loss: 0.006598678642823812
03-17 16:41 INFO     Client: 1 Epoch: 4 Loss: 0.00641838884762218
03-17 16:41 INFO      ** Client: 1 Training complete **
03-17 16:41 INFO     global n_training: 390
03-17 16:41 INFO     global n_test: 79
03-17 16:42 INFO     >> Global Model Train accuracy: 0.6433, Train accuracy top-5: 0.8481
03-17 16:42 INFO     >> Global Model Test accuracy: 0.5319, Test accuracy top-5: 0.7998
03-17 16:42 INFO     >> Global Model Train loss: 1.5678
03-17 16:42 INFO     in comm round:31
03-17 16:42 INFO     Training network 0 n_training: 5000
03-17 16:42 INFO     Training network 0
03-17 16:42 INFO     n_training: 39
03-17 16:42 INFO     Client: 0 Epoch: 0 Loss: 0.023150341633038644
03-17 16:42 INFO     Client: 0 Epoch: 1 Loss: 0.01050018349614663
03-17 16:42 INFO     Client: 0 Epoch: 2 Loss: 0.008400724341089908
03-17 16:42 INFO     Client: 0 Epoch: 3 Loss: 0.007923629099073319
03-17 16:42 INFO     Client: 0 Epoch: 4 Loss: 0.0072290326397006326
03-17 16:42 INFO      ** Client: 0 Training complete **
03-17 16:42 INFO     Training network 1 n_training: 8000
03-17 16:42 INFO     Training network 1
03-17 16:42 INFO     n_training: 62
03-17 16:42 INFO     Client: 1 Epoch: 0 Loss: 0.016504747057033163
03-17 16:42 INFO     Client: 1 Epoch: 1 Loss: 0.008067337848666695
03-17 16:42 INFO     Client: 1 Epoch: 2 Loss: 0.00729704673792566
03-17 16:42 INFO     Client: 1 Epoch: 3 Loss: 0.006677388859492156
03-17 16:42 INFO     Client: 1 Epoch: 4 Loss: 0.006527432916505683
03-17 16:42 INFO      ** Client: 1 Training complete **
03-17 16:42 INFO     global n_training: 390
03-17 16:42 INFO     global n_test: 79
03-17 16:42 INFO     >> Global Model Train accuracy: 0.6438, Train accuracy top-5: 0.8461
03-17 16:42 INFO     >> Global Model Test accuracy: 0.5333, Test accuracy top-5: 0.8002
03-17 16:42 INFO     >> Global Model Train loss: 1.5710
03-17 16:42 INFO     in comm round:32
03-17 16:42 INFO     Training network 0 n_training: 5000
03-17 16:42 INFO     Training network 0
03-17 16:42 INFO     n_training: 39
03-17 16:42 INFO     Client: 0 Epoch: 0 Loss: 0.022321560993217505
03-17 16:42 INFO     Client: 0 Epoch: 1 Loss: 0.01012151838781742
03-17 16:42 INFO     Client: 0 Epoch: 2 Loss: 0.008949314853033194
03-17 16:42 INFO     Client: 0 Epoch: 3 Loss: 0.007734831900168688
03-17 16:42 INFO     Client: 0 Epoch: 4 Loss: 0.007355210013114489
03-17 16:42 INFO      ** Client: 0 Training complete **
03-17 16:42 INFO     Training network 1 n_training: 8000
03-17 16:42 INFO     Training network 1
03-17 16:42 INFO     n_training: 62
03-17 16:42 INFO     Client: 1 Epoch: 0 Loss: 0.015913873925925262
03-17 16:42 INFO     Client: 1 Epoch: 1 Loss: 0.008568949531763792
03-17 16:42 INFO     Client: 1 Epoch: 2 Loss: 0.0071487895423366175
03-17 16:42 INFO     Client: 1 Epoch: 3 Loss: 0.0067046520961148125
03-17 16:42 INFO     Client: 1 Epoch: 4 Loss: 0.006577768573357213
03-17 16:42 INFO      ** Client: 1 Training complete **
03-17 16:42 INFO     global n_training: 390
03-17 16:42 INFO     global n_test: 79
03-17 16:42 INFO     >> Global Model Train accuracy: 0.6424, Train accuracy top-5: 0.8472
03-17 16:42 INFO     >> Global Model Test accuracy: 0.5341, Test accuracy top-5: 0.8000
03-17 16:42 INFO     >> Global Model Train loss: 1.5688
03-17 16:42 INFO     in comm round:33
03-17 16:42 INFO     Training network 0 n_training: 5000
03-17 16:42 INFO     Training network 0
03-17 16:42 INFO     n_training: 39
03-17 16:42 INFO     Client: 0 Epoch: 0 Loss: 0.022748667030380323
03-17 16:42 INFO     Client: 0 Epoch: 1 Loss: 0.010327943827574834
03-17 16:43 INFO     Client: 0 Epoch: 2 Loss: 0.008835724017654475
03-17 16:43 INFO     Client: 0 Epoch: 3 Loss: 0.007993549299545778
03-17 16:43 INFO     Client: 0 Epoch: 4 Loss: 0.007798445924447897
03-17 16:43 INFO      ** Client: 0 Training complete **
03-17 16:43 INFO     Training network 1 n_training: 8000
03-17 16:43 INFO     Training network 1
03-17 16:43 INFO     n_training: 62
03-17 16:43 INFO     Client: 1 Epoch: 0 Loss: 0.016204056044619893
03-17 16:43 INFO     Client: 1 Epoch: 1 Loss: 0.00801098704217903
03-17 16:43 INFO     Client: 1 Epoch: 2 Loss: 0.007174067176698196
03-17 16:43 INFO     Client: 1 Epoch: 3 Loss: 0.007019931923658136
03-17 16:43 INFO     Client: 1 Epoch: 4 Loss: 0.006264218369558934
03-17 16:43 INFO      ** Client: 1 Training complete **
03-17 16:43 INFO     global n_training: 390
03-17 16:43 INFO     global n_test: 79
03-17 16:43 INFO     >> Global Model Train accuracy: 0.6427, Train accuracy top-5: 0.8479
03-17 16:43 INFO     >> Global Model Test accuracy: 0.5325, Test accuracy top-5: 0.7998
03-17 16:43 INFO     >> Global Model Train loss: 1.5696
03-17 16:43 INFO     in comm round:34
03-17 16:43 INFO     Training network 0 n_training: 5000
03-17 16:43 INFO     Training network 0
03-17 16:43 INFO     n_training: 39
03-17 16:43 INFO     Client: 0 Epoch: 0 Loss: 0.022729685195745565
03-17 16:43 INFO     Client: 0 Epoch: 1 Loss: 0.010772878542924538
03-17 16:43 INFO     Client: 0 Epoch: 2 Loss: 0.009127497028272886
03-17 16:43 INFO     Client: 0 Epoch: 3 Loss: 0.00804962794511364
03-17 16:43 INFO     Client: 0 Epoch: 4 Loss: 0.007326758072639887
03-17 16:43 INFO      ** Client: 0 Training complete **
03-17 16:43 INFO     Training network 1 n_training: 8000
03-17 16:43 INFO     Training network 1
03-17 16:43 INFO     n_training: 62
03-17 16:43 INFO     Client: 1 Epoch: 0 Loss: 0.015992504319236163
03-17 16:43 INFO     Client: 1 Epoch: 1 Loss: 0.008741828522855235
03-17 16:43 INFO     Client: 1 Epoch: 2 Loss: 0.007446085846412086
03-17 16:43 INFO     Client: 1 Epoch: 3 Loss: 0.007140774099576858
03-17 16:43 INFO     Client: 1 Epoch: 4 Loss: 0.006478250635066821
03-17 16:43 INFO      ** Client: 1 Training complete **
03-17 16:43 INFO     global n_training: 390
03-17 16:43 INFO     global n_test: 79
03-17 16:43 INFO     >> Global Model Train accuracy: 0.6424, Train accuracy top-5: 0.8476
03-17 16:43 INFO     >> Global Model Test accuracy: 0.5371, Test accuracy top-5: 0.7997
03-17 16:43 INFO     >> Global Model Train loss: 1.5664
03-17 16:43 INFO     in comm round:35
03-17 16:43 INFO     Training network 0 n_training: 5000
03-17 16:43 INFO     Training network 0
03-17 16:43 INFO     n_training: 39
03-17 16:43 INFO     Client: 0 Epoch: 0 Loss: 0.0222544149758342
03-17 16:43 INFO     Client: 0 Epoch: 1 Loss: 0.010681346381226411
03-17 16:43 INFO     Client: 0 Epoch: 2 Loss: 0.008960982462247977
03-17 16:43 INFO     Client: 0 Epoch: 3 Loss: 0.008129374374850439
03-17 16:43 INFO     Client: 0 Epoch: 4 Loss: 0.007633369463758591
03-17 16:43 INFO      ** Client: 0 Training complete **
03-17 16:43 INFO     Training network 1 n_training: 8000
03-17 16:43 INFO     Training network 1
03-17 16:43 INFO     n_training: 62
03-17 16:44 INFO     Client: 1 Epoch: 0 Loss: 0.01576959738327611
03-17 16:44 INFO     Client: 1 Epoch: 1 Loss: 0.008486031464511348
03-17 16:44 INFO     Client: 1 Epoch: 2 Loss: 0.0072749808671013
03-17 16:44 INFO     Client: 1 Epoch: 3 Loss: 0.007186939369045919
03-17 16:44 INFO     Client: 1 Epoch: 4 Loss: 0.006685477944331304
03-17 16:44 INFO      ** Client: 1 Training complete **
03-17 16:44 INFO     global n_training: 390
03-17 16:44 INFO     global n_test: 79
03-17 16:44 INFO     >> Global Model Train accuracy: 0.6429, Train accuracy top-5: 0.8474
03-17 16:44 INFO     >> Global Model Test accuracy: 0.5352, Test accuracy top-5: 0.7993
03-17 16:44 INFO     >> Global Model Train loss: 1.5635
03-17 16:44 INFO     in comm round:36
03-17 16:44 INFO     Training network 0 n_training: 5000
03-17 16:44 INFO     Training network 0
03-17 16:44 INFO     n_training: 39
03-17 16:44 INFO     Client: 0 Epoch: 0 Loss: 0.022474427540332843
03-17 16:44 INFO     Client: 0 Epoch: 1 Loss: 0.011101640307177335
03-17 16:44 INFO     Client: 0 Epoch: 2 Loss: 0.009569832302916508
03-17 16:44 INFO     Client: 0 Epoch: 3 Loss: 0.00832872523759038
03-17 16:44 INFO     Client: 0 Epoch: 4 Loss: 0.007806329952123074
03-17 16:44 INFO      ** Client: 0 Training complete **
03-17 16:44 INFO     Training network 1 n_training: 8000
03-17 16:44 INFO     Training network 1
03-17 16:44 INFO     n_training: 62
03-17 16:44 INFO     Client: 1 Epoch: 0 Loss: 0.01623475108475935
03-17 16:44 INFO     Client: 1 Epoch: 1 Loss: 0.008553151582037248
03-17 16:44 INFO     Client: 1 Epoch: 2 Loss: 0.007677126916185502
03-17 16:44 INFO     Client: 1 Epoch: 3 Loss: 0.006931110262690532
03-17 16:44 INFO     Client: 1 Epoch: 4 Loss: 0.00667344284574351
03-17 16:44 INFO      ** Client: 1 Training complete **
03-17 16:44 INFO     global n_training: 390
03-17 16:44 INFO     global n_test: 79
03-17 16:44 INFO     >> Global Model Train accuracy: 0.6438, Train accuracy top-5: 0.8482
03-17 16:44 INFO     >> Global Model Test accuracy: 0.5346, Test accuracy top-5: 0.8017
03-17 16:44 INFO     >> Global Model Train loss: 1.5518
03-17 16:44 INFO     in comm round:37
03-17 16:44 INFO     Training network 0 n_training: 5000
03-17 16:44 INFO     Training network 0
03-17 16:44 INFO     n_training: 39
03-17 16:44 INFO     Client: 0 Epoch: 0 Loss: 0.022301034500392582
03-17 16:44 INFO     Client: 0 Epoch: 1 Loss: 0.01119612068988574
03-17 16:44 INFO     Client: 0 Epoch: 2 Loss: 0.010003071696234819
03-17 16:44 INFO     Client: 0 Epoch: 3 Loss: 0.00853620501808249
03-17 16:44 INFO     Client: 0 Epoch: 4 Loss: 0.008044685093829265
03-17 16:44 INFO      ** Client: 0 Training complete **
03-17 16:44 INFO     Training network 1 n_training: 8000
03-17 16:44 INFO     Training network 1
03-17 16:44 INFO     n_training: 62
03-17 16:44 INFO     Client: 1 Epoch: 0 Loss: 0.015618209329043184
03-17 16:44 INFO     Client: 1 Epoch: 1 Loss: 0.008880819892510772
03-17 16:45 INFO     Client: 1 Epoch: 2 Loss: 0.0076421034792738575
03-17 16:45 INFO     Client: 1 Epoch: 3 Loss: 0.007178572119183598
03-17 16:45 INFO     Client: 1 Epoch: 4 Loss: 0.006721555398056103
03-17 16:45 INFO      ** Client: 1 Training complete **
03-17 16:45 INFO     global n_training: 390
03-17 16:45 INFO     global n_test: 79
03-17 16:45 INFO     >> Global Model Train accuracy: 0.6462, Train accuracy top-5: 0.8467
03-17 16:45 INFO     >> Global Model Test accuracy: 0.5363, Test accuracy top-5: 0.8003
03-17 16:45 INFO     >> Global Model Train loss: 1.5528
03-17 16:45 INFO     in comm round:38
03-17 16:45 INFO     Training network 0 n_training: 5000
03-17 16:45 INFO     Training network 0
03-17 16:45 INFO     n_training: 39
03-17 16:45 INFO     Client: 0 Epoch: 0 Loss: 0.02356853011326912
03-17 16:45 INFO     Client: 0 Epoch: 1 Loss: 0.011611530461754555
03-17 16:45 INFO     Client: 0 Epoch: 2 Loss: 0.009871180730465895
03-17 16:45 INFO     Client: 0 Epoch: 3 Loss: 0.008928270031435367
03-17 16:45 INFO     Client: 0 Epoch: 4 Loss: 0.008371660354523322
03-17 16:45 INFO      ** Client: 0 Training complete **
03-17 16:45 INFO     Training network 1 n_training: 8000
03-17 16:45 INFO     Training network 1
03-17 16:45 INFO     n_training: 62
03-17 16:45 INFO     Client: 1 Epoch: 0 Loss: 0.015972145157115113
03-17 16:45 INFO     Client: 1 Epoch: 1 Loss: 0.00873260963107309
03-17 16:45 INFO     Client: 1 Epoch: 2 Loss: 0.007942390440392398
03-17 16:45 INFO     Client: 1 Epoch: 3 Loss: 0.007292493922455657
03-17 16:45 INFO     Client: 1 Epoch: 4 Loss: 0.007065627355909636
03-17 16:45 INFO      ** Client: 1 Training complete **
03-17 16:45 INFO     global n_training: 390
03-17 16:45 INFO     global n_test: 79
03-17 16:45 INFO     >> Global Model Train accuracy: 0.6477, Train accuracy top-5: 0.8491
03-17 16:45 INFO     >> Global Model Test accuracy: 0.5374, Test accuracy top-5: 0.7993
03-17 16:45 INFO     >> Global Model Train loss: 1.5450
03-17 16:45 INFO     in comm round:39
03-17 16:45 INFO     Training network 0 n_training: 5000
03-17 16:45 INFO     Training network 0
03-17 16:45 INFO     n_training: 39
03-17 16:45 INFO     Client: 0 Epoch: 0 Loss: 0.023056048995409258
03-17 16:45 INFO     Client: 0 Epoch: 1 Loss: 0.012389504494002232
03-17 16:45 INFO     Client: 0 Epoch: 2 Loss: 0.01041305349327815
03-17 16:45 INFO     Client: 0 Epoch: 3 Loss: 0.009028151297034362
03-17 16:45 INFO     Client: 0 Epoch: 4 Loss: 0.008939310705337005
03-17 16:45 INFO      ** Client: 0 Training complete **
03-17 16:45 INFO     Training network 1 n_training: 8000
03-17 16:45 INFO     Training network 1
03-17 16:45 INFO     n_training: 62
03-17 16:45 INFO     Client: 1 Epoch: 0 Loss: 0.01660200208425522
03-17 16:45 INFO     Client: 1 Epoch: 1 Loss: 0.009108508734272854
03-17 16:45 INFO     Client: 1 Epoch: 2 Loss: 0.008073126641853202
03-17 16:45 INFO     Client: 1 Epoch: 3 Loss: 0.007497883469407116
03-17 16:46 INFO     Client: 1 Epoch: 4 Loss: 0.0072993745186155845
03-17 16:46 INFO      ** Client: 1 Training complete **
03-17 16:46 INFO     global n_training: 390
03-17 16:46 INFO     global n_test: 79
03-17 16:46 INFO     >> Global Model Train accuracy: 0.6472, Train accuracy top-5: 0.8491
03-17 16:46 INFO     >> Global Model Test accuracy: 0.5360, Test accuracy top-5: 0.8000
03-17 16:46 INFO     >> Global Model Train loss: 1.5514
03-17 16:46 INFO     in comm round:40
03-17 16:46 INFO     Training network 0 n_training: 5000
03-17 16:46 INFO     Training network 0
03-17 16:46 INFO     n_training: 39
03-17 16:46 INFO     Client: 0 Epoch: 0 Loss: 0.024575152004567478
03-17 16:46 INFO     Client: 0 Epoch: 1 Loss: 0.012913647060019847
03-17 16:46 INFO     Client: 0 Epoch: 2 Loss: 0.010614802225086933
03-17 16:46 INFO     Client: 0 Epoch: 3 Loss: 0.009684825065330816
03-17 16:46 INFO     Client: 0 Epoch: 4 Loss: 0.008739908607915426
03-17 16:46 INFO      ** Client: 0 Training complete **
03-17 16:46 INFO     Training network 1 n_training: 8000
03-17 16:46 INFO     Training network 1
03-17 16:46 INFO     n_training: 62
03-17 16:46 INFO     Client: 1 Epoch: 0 Loss: 0.01686489675194025
03-17 16:46 INFO     Client: 1 Epoch: 1 Loss: 0.009686955378480976
03-17 16:46 INFO     Client: 1 Epoch: 2 Loss: 0.0085334055381076
03-17 16:46 INFO     Client: 1 Epoch: 3 Loss: 0.007708514169339211
03-17 16:46 INFO     Client: 1 Epoch: 4 Loss: 0.007322071405548242
03-17 16:46 INFO      ** Client: 1 Training complete **
03-17 16:46 INFO     global n_training: 390
03-17 16:46 INFO     global n_test: 79
03-17 16:46 INFO     >> Global Model Train accuracy: 0.6445, Train accuracy top-5: 0.8474
03-17 16:46 INFO     >> Global Model Test accuracy: 0.5369, Test accuracy top-5: 0.7994
03-17 16:46 INFO     >> Global Model Train loss: 1.5558
03-17 16:46 INFO     in comm round:41
03-17 16:46 INFO     Training network 0 n_training: 5000
03-17 16:46 INFO     Training network 0
03-17 16:46 INFO     n_training: 39
03-17 16:46 INFO     Client: 0 Epoch: 0 Loss: 0.024028671236756522
03-17 16:46 INFO     Client: 0 Epoch: 1 Loss: 0.014349093111470724
03-17 16:46 INFO     Client: 0 Epoch: 2 Loss: 0.011271555215502396
03-17 16:46 INFO     Client: 0 Epoch: 3 Loss: 0.010128960228310181
03-17 16:46 INFO     Client: 0 Epoch: 4 Loss: 0.009697965083596034
03-17 16:46 INFO      ** Client: 0 Training complete **
03-17 16:46 INFO     Training network 1 n_training: 8000
03-17 16:46 INFO     Training network 1
03-17 16:46 INFO     n_training: 62
03-17 16:46 INFO     Client: 1 Epoch: 0 Loss: 0.01747236354276538
03-17 16:46 INFO     Client: 1 Epoch: 1 Loss: 0.010324625966830118
03-17 16:46 INFO     Client: 1 Epoch: 2 Loss: 0.008895785908304876
03-17 16:46 INFO     Client: 1 Epoch: 3 Loss: 0.007694842136134544
03-17 16:46 INFO     Client: 1 Epoch: 4 Loss: 0.007245433036117784
03-17 16:46 INFO      ** Client: 1 Training complete **
03-17 16:46 INFO     global n_training: 390
03-17 16:46 INFO     global n_test: 79
03-17 16:47 INFO     >> Global Model Train accuracy: 0.6443, Train accuracy top-5: 0.8472
03-17 16:47 INFO     >> Global Model Test accuracy: 0.5372, Test accuracy top-5: 0.7982
03-17 16:47 INFO     >> Global Model Train loss: 1.5592
03-17 16:47 INFO     in comm round:42
03-17 16:47 INFO     Training network 0 n_training: 5000
03-17 16:47 INFO     Training network 0
03-17 16:47 INFO     n_training: 39
03-17 16:47 INFO     Client: 0 Epoch: 0 Loss: 0.024936637005362756
03-17 16:47 INFO     Client: 0 Epoch: 1 Loss: 0.014870323646718111
03-17 16:47 INFO     Client: 0 Epoch: 2 Loss: 0.01215826488362673
03-17 16:47 INFO     Client: 0 Epoch: 3 Loss: 0.011170498143212918
03-17 16:47 INFO     Client: 0 Epoch: 4 Loss: 0.009897977400284547
03-17 16:47 INFO      ** Client: 0 Training complete **
03-17 16:47 INFO     Training network 1 n_training: 8000
03-17 16:47 INFO     Training network 1
03-17 16:47 INFO     n_training: 62
03-17 16:47 INFO     Client: 1 Epoch: 0 Loss: 0.016984181749003548
03-17 16:47 INFO     Client: 1 Epoch: 1 Loss: 0.010592246120194755
03-17 16:47 INFO     Client: 1 Epoch: 2 Loss: 0.009635177823985297
03-17 16:47 INFO     Client: 1 Epoch: 3 Loss: 0.00839990288049223
03-17 16:47 INFO     Client: 1 Epoch: 4 Loss: 0.0080310344065149
03-17 16:47 INFO      ** Client: 1 Training complete **
03-17 16:47 INFO     global n_training: 390
03-17 16:47 INFO     global n_test: 79
03-17 16:47 INFO     >> Global Model Train accuracy: 0.6447, Train accuracy top-5: 0.8487
03-17 16:47 INFO     >> Global Model Test accuracy: 0.5382, Test accuracy top-5: 0.7986
03-17 16:47 INFO     >> Global Model Train loss: 1.5525
03-17 16:47 INFO     in comm round:43
03-17 16:47 INFO     Training network 0 n_training: 5000
03-17 16:47 INFO     Training network 0
03-17 16:47 INFO     n_training: 39
03-17 16:47 INFO     Client: 0 Epoch: 0 Loss: 0.02545035948069432
03-17 16:47 INFO     Client: 0 Epoch: 1 Loss: 0.016593134962022305
03-17 16:47 INFO     Client: 0 Epoch: 2 Loss: 0.013884185932767697
03-17 16:47 INFO     Client: 0 Epoch: 3 Loss: 0.012101231716000117
03-17 16:47 INFO     Client: 0 Epoch: 4 Loss: 0.011084589677361341
03-17 16:47 INFO      ** Client: 0 Training complete **
03-17 16:47 INFO     Training network 1 n_training: 8000
03-17 16:47 INFO     Training network 1
03-17 16:47 INFO     n_training: 62
03-17 16:47 INFO     Client: 1 Epoch: 0 Loss: 0.017324234554243666
03-17 16:47 INFO     Client: 1 Epoch: 1 Loss: 0.011891887132679262
03-17 16:47 INFO     Client: 1 Epoch: 2 Loss: 0.009886873803371865
03-17 16:47 INFO     Client: 1 Epoch: 3 Loss: 0.008837647893796525
03-17 16:47 INFO     Client: 1 Epoch: 4 Loss: 0.00835273658195811
03-17 16:47 INFO      ** Client: 1 Training complete **
03-17 16:47 INFO     global n_training: 390
03-17 16:47 INFO     global n_test: 79
03-17 16:47 INFO     >> Global Model Train accuracy: 0.6462, Train accuracy top-5: 0.8469
03-17 16:47 INFO     >> Global Model Test accuracy: 0.5387, Test accuracy top-5: 0.7993
03-17 16:47 INFO     >> Global Model Train loss: 1.5581
03-17 16:47 INFO     in comm round:44
03-17 16:47 INFO     Training network 0 n_training: 5000
03-17 16:47 INFO     Training network 0
03-17 16:47 INFO     n_training: 39
03-17 16:47 INFO     Client: 0 Epoch: 0 Loss: 0.026982197967859414
03-17 16:47 INFO     Client: 0 Epoch: 1 Loss: 0.01841211201957403
03-17 16:48 INFO     Client: 0 Epoch: 2 Loss: 0.014203127592993088
03-17 16:48 INFO     Client: 0 Epoch: 3 Loss: 0.01305754322749682
03-17 16:48 INFO     Client: 0 Epoch: 4 Loss: 0.011836865057165805
03-17 16:48 INFO      ** Client: 0 Training complete **
03-17 16:48 INFO     Training network 1 n_training: 8000
03-17 16:48 INFO     Training network 1
03-17 16:48 INFO     n_training: 62
03-17 16:48 INFO     Client: 1 Epoch: 0 Loss: 0.018749673415215745
03-17 16:48 INFO     Client: 1 Epoch: 1 Loss: 0.012293923420891646
03-17 16:48 INFO     Client: 1 Epoch: 2 Loss: 0.010545938651287747
03-17 16:48 INFO     Client: 1 Epoch: 3 Loss: 0.009872098160426944
03-17 16:48 INFO     Client: 1 Epoch: 4 Loss: 0.009042261964491299
03-17 16:48 INFO      ** Client: 1 Training complete **
03-17 16:48 INFO     global n_training: 390
03-17 16:48 INFO     global n_test: 79
03-17 16:48 INFO     >> Global Model Train accuracy: 0.6458, Train accuracy top-5: 0.8478
03-17 16:48 INFO     >> Global Model Test accuracy: 0.5376, Test accuracy top-5: 0.7984
03-17 16:48 INFO     >> Global Model Train loss: 1.5596
03-17 16:48 INFO     in comm round:45
03-17 16:48 INFO     Training network 0 n_training: 5000
03-17 16:48 INFO     Training network 0
03-17 16:48 INFO     n_training: 39
03-17 16:48 INFO     Client: 0 Epoch: 0 Loss: 0.028964782897860576
03-17 16:48 INFO     Client: 0 Epoch: 1 Loss: 0.01922594980360606
03-17 16:48 INFO     Client: 0 Epoch: 2 Loss: 0.016434224417958505
03-17 16:48 INFO     Client: 0 Epoch: 3 Loss: 0.01504274889922295
03-17 16:48 INFO     Client: 0 Epoch: 4 Loss: 0.013689521771784011
03-17 16:48 INFO      ** Client: 0 Training complete **
03-17 16:48 INFO     Training network 1 n_training: 8000
03-17 16:48 INFO     Training network 1
03-17 16:48 INFO     n_training: 62
03-17 16:48 INFO     Client: 1 Epoch: 0 Loss: 0.018814260620743997
03-17 16:48 INFO     Client: 1 Epoch: 1 Loss: 0.013502718910815255
03-17 16:48 INFO     Client: 1 Epoch: 2 Loss: 0.012215888653431208
03-17 16:48 INFO     Client: 1 Epoch: 3 Loss: 0.01063271930381175
03-17 16:48 INFO     Client: 1 Epoch: 4 Loss: 0.010142493775234587
03-17 16:48 INFO      ** Client: 1 Training complete **
03-17 16:48 INFO     global n_training: 390
03-17 16:48 INFO     global n_test: 79
03-17 16:48 INFO     >> Global Model Train accuracy: 0.6466, Train accuracy top-5: 0.8477
03-17 16:48 INFO     >> Global Model Test accuracy: 0.5374, Test accuracy top-5: 0.7980
03-17 16:48 INFO     >> Global Model Train loss: 1.5599
03-17 16:48 INFO     in comm round:46
03-17 16:48 INFO     Training network 0 n_training: 5000
03-17 16:48 INFO     Training network 0
03-17 16:48 INFO     n_training: 39
03-17 16:48 INFO     Client: 0 Epoch: 0 Loss: 0.030215274542570114
03-17 16:48 INFO     Client: 0 Epoch: 1 Loss: 0.02238502792823009
03-17 16:48 INFO     Client: 0 Epoch: 2 Loss: 0.018495225825179845
03-17 16:48 INFO     Client: 0 Epoch: 3 Loss: 0.0162264667928983
03-17 16:48 INFO     Client: 0 Epoch: 4 Loss: 0.0159117360241138
03-17 16:48 INFO      ** Client: 0 Training complete **
03-17 16:48 INFO     Training network 1 n_training: 8000
03-17 16:48 INFO     Training network 1
03-17 16:48 INFO     n_training: 62
03-17 16:49 INFO     Client: 1 Epoch: 0 Loss: 0.020009126093599103
03-17 16:49 INFO     Client: 1 Epoch: 1 Loss: 0.01510783654427336
03-17 16:49 INFO     Client: 1 Epoch: 2 Loss: 0.013611977799765525
03-17 16:49 INFO     Client: 1 Epoch: 3 Loss: 0.01190296120400871
03-17 16:49 INFO     Client: 1 Epoch: 4 Loss: 0.011116767580050134
03-17 16:49 INFO      ** Client: 1 Training complete **
03-17 16:49 INFO     global n_training: 390
03-17 16:49 INFO     global n_test: 79
03-17 16:49 INFO     >> Global Model Train accuracy: 0.6483, Train accuracy top-5: 0.8490
03-17 16:49 INFO     >> Global Model Test accuracy: 0.5362, Test accuracy top-5: 0.7980
03-17 16:49 INFO     >> Global Model Train loss: 1.5536
03-17 16:49 INFO     in comm round:47
03-17 16:49 INFO     Training network 0 n_training: 5000
03-17 16:49 INFO     Training network 0
03-17 16:49 INFO     n_training: 39
03-17 16:49 INFO     Client: 0 Epoch: 0 Loss: 0.02956754867082987
03-17 16:49 INFO     Client: 0 Epoch: 1 Loss: 0.025719904985565405
03-17 16:49 INFO     Client: 0 Epoch: 2 Loss: 0.022499955999545563
03-17 16:49 INFO     Client: 0 Epoch: 3 Loss: 0.020494782007657565
03-17 16:49 INFO     Client: 0 Epoch: 4 Loss: 0.01917384634128748
03-17 16:49 INFO      ** Client: 0 Training complete **
03-17 16:49 INFO     Training network 1 n_training: 8000
03-17 16:49 INFO     Training network 1
03-17 16:49 INFO     n_training: 62
03-17 16:49 INFO     Client: 1 Epoch: 0 Loss: 0.01971725973811361
03-17 16:49 INFO     Client: 1 Epoch: 1 Loss: 0.016860268409213713
03-17 16:49 INFO     Client: 1 Epoch: 2 Loss: 0.015472237351200274
03-17 16:49 INFO     Client: 1 Epoch: 3 Loss: 0.01389696168142461
03-17 16:49 INFO     Client: 1 Epoch: 4 Loss: 0.012771773993247939
03-17 16:49 INFO      ** Client: 1 Training complete **
03-17 16:49 INFO     global n_training: 390
03-17 16:49 INFO     global n_test: 79
03-17 16:49 INFO     >> Global Model Train accuracy: 0.6470, Train accuracy top-5: 0.8469
03-17 16:49 INFO     >> Global Model Test accuracy: 0.5370, Test accuracy top-5: 0.7967
03-17 16:49 INFO     >> Global Model Train loss: 1.5631
03-17 16:49 INFO     in comm round:48
03-17 16:49 INFO     Training network 0 n_training: 5000
03-17 16:49 INFO     Training network 0
03-17 16:49 INFO     n_training: 39
03-17 16:49 INFO     Client: 0 Epoch: 0 Loss: 0.030242364710340135
03-17 16:49 INFO     Client: 0 Epoch: 1 Loss: 0.029329715583186883
03-17 16:49 INFO     Client: 0 Epoch: 2 Loss: 0.02636346669915395
03-17 16:49 INFO     Client: 0 Epoch: 3 Loss: 0.024003933971891038
03-17 16:49 INFO     Client: 0 Epoch: 4 Loss: 0.02200713562659728
03-17 16:49 INFO      ** Client: 0 Training complete **
03-17 16:49 INFO     Training network 1 n_training: 8000
03-17 16:49 INFO     Training network 1
03-17 16:49 INFO     n_training: 62
03-17 16:49 INFO     Client: 1 Epoch: 0 Loss: 0.02050357881272512
03-17 16:49 INFO     Client: 1 Epoch: 1 Loss: 0.018401532058393764
03-17 16:50 INFO     Client: 1 Epoch: 2 Loss: 0.0175343495493214
03-17 16:50 INFO     Client: 1 Epoch: 3 Loss: 0.01722166733816266
03-17 16:50 INFO     Client: 1 Epoch: 4 Loss: 0.01590061273365732
03-17 16:50 INFO      ** Client: 1 Training complete **
03-17 16:50 INFO     global n_training: 390
03-17 16:50 INFO     global n_test: 79
03-17 16:50 INFO     >> Global Model Train accuracy: 0.6464, Train accuracy top-5: 0.8486
03-17 16:50 INFO     >> Global Model Test accuracy: 0.5355, Test accuracy top-5: 0.7974
03-17 16:50 INFO     >> Global Model Train loss: 1.5626
03-17 16:50 INFO     in comm round:49
03-17 16:50 INFO     Training network 0 n_training: 5000
03-17 16:50 INFO     Training network 0
03-17 16:50 INFO     n_training: 39
03-17 16:50 INFO     Client: 0 Epoch: 0 Loss: 0.031313550825684495
03-17 16:50 INFO     Client: 0 Epoch: 1 Loss: 0.030637416606530164
03-17 16:50 INFO     Client: 0 Epoch: 2 Loss: 0.03107848376608812
03-17 16:50 INFO     Client: 0 Epoch: 3 Loss: 0.028559022702467747
03-17 16:50 INFO     Client: 0 Epoch: 4 Loss: 0.02889918311475179
03-17 16:50 INFO      ** Client: 0 Training complete **
03-17 16:50 INFO     Training network 1 n_training: 8000
03-17 16:50 INFO     Training network 1
03-17 16:50 INFO     n_training: 62
03-17 16:50 INFO     Client: 1 Epoch: 0 Loss: 0.020411603197815917
03-17 16:50 INFO     Client: 1 Epoch: 1 Loss: 0.02030068107189671
03-17 16:50 INFO     Client: 1 Epoch: 2 Loss: 0.020429000153296416
03-17 16:50 INFO     Client: 1 Epoch: 3 Loss: 0.01906964752162176
03-17 16:50 INFO     Client: 1 Epoch: 4 Loss: 0.018872955904131936
03-17 16:50 INFO      ** Client: 1 Training complete **
03-17 16:50 INFO     global n_training: 390
03-17 16:50 INFO     global n_test: 79
03-17 16:50 INFO     >> Global Model Train accuracy: 0.6446, Train accuracy top-5: 0.8479
03-17 16:50 INFO     >> Global Model Test accuracy: 0.5366, Test accuracy top-5: 0.7974
03-17 16:50 INFO     >> Global Model Train loss: 1.5679
03-17 16:50 INFO     Starting Fine Tuning...
03-17 16:50 INFO     Training network 0
03-17 16:50 INFO     n_training: 39
03-17 16:50 INFO     Client: 0 Epoch: 0 Loss: 0.028388835871830966
03-17 16:50 INFO     Client: 0 Epoch: 1 Loss: 0.027654972405005723
03-17 16:50 INFO     Client: 0 Epoch: 2 Loss: 0.027175758654872578
03-17 16:50 INFO     Client: 0 Epoch: 3 Loss: 0.026209560628884878
03-17 16:50 INFO     Client: 0 Epoch: 4 Loss: 0.025430278613781318
03-17 16:50 INFO      ** Client: 0 Training complete **
03-17 16:50 INFO     Training network 0
03-17 16:50 INFO     n_training: 39
03-17 16:50 INFO     Client: 0 Epoch: 0 Loss: 0.025198320165658608
03-17 16:50 INFO     Client: 0 Epoch: 1 Loss: 0.025204514798063498
03-17 16:50 INFO     Client: 0 Epoch: 2 Loss: 0.0259448357213002
03-17 16:50 INFO     Client: 0 Epoch: 3 Loss: 0.024861125705333855
03-17 16:50 INFO     Client: 0 Epoch: 4 Loss: 0.023663252926407717
03-17 16:50 INFO      ** Client: 0 Training complete **
03-17 16:50 INFO     Training network 0
03-17 16:50 INFO     n_training: 39
03-17 16:51 INFO     Client: 0 Epoch: 0 Loss: 0.02350727206048293
03-17 16:51 INFO     Client: 0 Epoch: 1 Loss: 0.024139870817844685
03-17 16:51 INFO     Client: 0 Epoch: 2 Loss: 0.022779131499238502
03-17 16:51 INFO     Client: 0 Epoch: 3 Loss: 0.023762040365582857
03-17 16:51 INFO     Client: 0 Epoch: 4 Loss: 0.023400010970922615
03-17 16:51 INFO      ** Client: 0 Training complete **
03-17 16:51 INFO     Training network 0
03-17 16:51 INFO     n_training: 39
03-17 16:51 INFO     Client: 0 Epoch: 0 Loss: 0.022520909014229592
03-17 16:51 INFO     Client: 0 Epoch: 1 Loss: 0.021427826621593572
03-17 16:51 INFO     Client: 0 Epoch: 2 Loss: 0.021921389234753754
03-17 16:51 INFO     Client: 0 Epoch: 3 Loss: 0.0211101255307977
03-17 16:51 INFO     Client: 0 Epoch: 4 Loss: 0.022354404513652507
03-17 16:51 INFO      ** Client: 0 Training complete **
03-17 16:51 INFO     Training network 0
03-17 16:51 INFO     n_training: 39
03-17 16:51 INFO     Client: 0 Epoch: 0 Loss: 0.021905576858000878
03-17 16:51 INFO     Client: 0 Epoch: 1 Loss: 0.02156781257154086
03-17 16:51 INFO     Client: 0 Epoch: 2 Loss: 0.020969786633474704
03-17 16:51 INFO     Client: 0 Epoch: 3 Loss: 0.020783292034115546
03-17 16:51 INFO     Client: 0 Epoch: 4 Loss: 0.020794897220837764
03-17 16:51 INFO      ** Client: 0 Training complete **
03-17 16:51 INFO     Training network 0
03-17 16:51 INFO     n_training: 39
03-17 16:51 INFO     Client: 0 Epoch: 0 Loss: 0.02038265437556383
03-17 16:51 INFO     Client: 0 Epoch: 1 Loss: 0.0196549333154391
03-17 16:51 INFO     Client: 0 Epoch: 2 Loss: 0.019830011332837436
03-17 16:51 INFO     Client: 0 Epoch: 3 Loss: 0.0198027223873979
03-17 16:51 INFO     Client: 0 Epoch: 4 Loss: 0.019453162518449318
03-17 16:51 INFO      ** Client: 0 Training complete **
03-17 16:51 INFO     Training network 0
03-17 16:51 INFO     n_training: 39
03-17 16:51 INFO     Client: 0 Epoch: 0 Loss: 0.019517106792101495
03-17 16:51 INFO     Client: 0 Epoch: 1 Loss: 0.019417660024303656
03-17 16:51 INFO     Client: 0 Epoch: 2 Loss: 0.01949384505263506
03-17 16:51 INFO     Client: 0 Epoch: 3 Loss: 0.01874077733224019
03-17 16:51 INFO     Client: 0 Epoch: 4 Loss: 0.018937339743551534
03-17 16:51 INFO      ** Client: 0 Training complete **
03-17 16:51 INFO     Training network 1
03-17 16:51 INFO     n_training: 62
03-17 16:51 INFO     Client: 1 Epoch: 0 Loss: 0.01783998274514752
03-17 16:51 INFO     Client: 1 Epoch: 1 Loss: 0.018350208779015848
03-17 16:51 INFO     Client: 1 Epoch: 2 Loss: 0.017389877053398277
03-17 16:51 INFO     Client: 1 Epoch: 3 Loss: 0.017286862381884167
03-17 16:51 INFO     Client: 1 Epoch: 4 Loss: 0.017514548339550535
03-17 16:51 INFO      ** Client: 1 Training complete **
03-17 16:52 INFO     Training network 1
03-17 16:52 INFO     n_training: 62
03-17 16:52 INFO     Client: 1 Epoch: 0 Loss: 0.01622466498144692
03-17 16:52 INFO     Client: 1 Epoch: 1 Loss: 0.017555633574844368
03-17 16:52 INFO     Client: 1 Epoch: 2 Loss: 0.016758025533729983
03-17 16:52 INFO     Client: 1 Epoch: 3 Loss: 0.017016507159437862
03-17 16:52 INFO     Client: 1 Epoch: 4 Loss: 0.01617304083981341
03-17 16:52 INFO      ** Client: 1 Training complete **
03-17 16:52 INFO     Training network 1
03-17 16:52 INFO     n_training: 62
03-17 16:52 INFO     Client: 1 Epoch: 0 Loss: 0.01674437030188499
03-17 16:52 INFO     Client: 1 Epoch: 1 Loss: 0.016251960303634405
03-17 16:52 INFO     Client: 1 Epoch: 2 Loss: 0.015978522178146146
03-17 16:52 INFO     Client: 1 Epoch: 3 Loss: 0.01581917404227199
03-17 16:52 INFO     Client: 1 Epoch: 4 Loss: 0.015315432777448047
03-17 16:52 INFO      ** Client: 1 Training complete **
03-17 16:52 INFO     Training network 1
03-17 16:52 INFO     n_training: 62
03-17 16:52 INFO     Client: 1 Epoch: 0 Loss: 0.015551855081632253
03-17 16:52 INFO     Client: 1 Epoch: 1 Loss: 0.0151569640804683
03-17 16:52 INFO     Client: 1 Epoch: 2 Loss: 0.015189288169025414
03-17 16:52 INFO     Client: 1 Epoch: 3 Loss: 0.014895067805604588
03-17 16:52 INFO     Client: 1 Epoch: 4 Loss: 0.014521023138396202
03-17 16:52 INFO      ** Client: 1 Training complete **
