05-18 23:55 INFO     cuda
05-18 23:55 INFO     Command Line Arguments: 
{
    "epochs": 5,
    "comm_round": 300,
    "sample_fraction": 1.0,
    "alpha": 0.01,
    "dataset": "tinyimagenet",
    "datadir": "../data/",
    "partition": "iid",
    "alg": "centralized",
    "model": "resnet-50",
    "split_layer": 1,
    "n_parties": 1,
    "lr": 0.01,
    "mu": 1,
    "std_coeff": 2.5,
    "unif_coeff": 0.5,
    "batch_size": 64,
    "load_first_net": 1,
    "pool_option": "FIFO",
    "model_buffer_size": 1,
    "optimizer": "sgd",
    "simp_width": 1,
    "out_dim": 256,
    "reg": 0.0005,
    "temperature": 0.5,
    "logdir": "./",
    "log_file_name": "logs/experiment_log-alg=centralized_partition=iid_lr=0.01_epochs=5_num_users=1_beta=0.01_batch_size=64_opt=sgd_dataset=tinyimagenet_2024-05-18-2355-19",
    "seed": 123,
    "device": "cuda:6",
    "accuracies_file": "logs/centralized.csv",
    "dont_skip": false,
    "n_train_workers": 1,
    "n_test_workers": 1,
    "arch": "mobilenet_v3_large",
    "multiprocessing": 0
}
05-18 23:55 INFO     Data statistics: {0: {0: 500, 1: 500, 2: 500, 3: 500, 4: 500, 5: 500, 6: 500, 7: 500, 8: 500, 9: 500, 10: 500, 11: 500, 12: 500, 13: 500, 14: 500, 15: 500, 16: 500, 17: 500, 18: 500, 19: 500, 20: 500, 21: 500, 22: 500, 23: 500, 24: 500, 25: 500, 26: 500, 27: 500, 28: 500, 29: 500, 30: 500, 31: 500, 32: 500, 33: 500, 34: 500, 35: 500, 36: 500, 37: 500, 38: 500, 39: 500, 40: 500, 41: 500, 42: 500, 43: 500, 44: 500, 45: 500, 46: 500, 47: 500, 48: 500, 49: 500, 50: 500, 51: 500, 52: 500, 53: 500, 54: 500, 55: 500, 56: 500, 57: 500, 58: 500, 59: 500, 60: 500, 61: 500, 62: 500, 63: 500, 64: 500, 65: 500, 66: 500, 67: 500, 68: 500, 69: 500, 70: 500, 71: 500, 72: 500, 73: 500, 74: 500, 75: 500, 76: 500, 77: 500, 78: 500, 79: 500, 80: 500, 81: 500, 82: 500, 83: 500, 84: 500, 85: 500, 86: 500, 87: 500, 88: 500, 89: 500, 90: 500, 91: 500, 92: 500, 93: 500, 94: 500, 95: 500, 96: 500, 97: 500, 98: 500, 99: 500, 100: 500, 101: 500, 102: 500, 103: 500, 104: 500, 105: 500, 106: 500, 107: 500, 108: 500, 109: 500, 110: 500, 111: 500, 112: 500, 113: 500, 114: 500, 115: 500, 116: 500, 117: 500, 118: 500, 119: 500, 120: 500, 121: 500, 122: 500, 123: 500, 124: 500, 125: 500, 126: 500, 127: 500, 128: 500, 129: 500, 130: 500, 131: 500, 132: 500, 133: 500, 134: 500, 135: 500, 136: 500, 137: 500, 138: 500, 139: 500, 140: 500, 141: 500, 142: 500, 143: 500, 144: 500, 145: 500, 146: 500, 147: 500, 148: 500, 149: 500, 150: 500, 151: 500, 152: 500, 153: 500, 154: 500, 155: 500, 156: 500, 157: 500, 158: 500, 159: 500, 160: 500, 161: 500, 162: 500, 163: 500, 164: 500, 165: 500, 166: 500, 167: 500, 168: 500, 169: 500, 170: 500, 171: 500, 172: 500, 173: 500, 174: 500, 175: 500, 176: 500, 177: 500, 178: 500, 179: 500, 180: 500, 181: 500, 182: 500, 183: 500, 184: 500, 185: 500, 186: 500, 187: 500, 188: 500, 189: 500, 190: 500, 191: 500, 192: 500, 193: 500, 194: 500, 195: 500, 196: 500, 197: 500, 198: 500, 199: 500}}
05-19 00:00 INFO     in comm round:1 >> Global Model Test accuracy: 0.0753
05-19 00:06 INFO     in comm round:2 >> Global Model Test accuracy: 0.1482
05-19 00:11 INFO     in comm round:3 >> Global Model Test accuracy: 0.2151
05-19 00:17 INFO     in comm round:4 >> Global Model Test accuracy: 0.2424
05-19 00:22 INFO     in comm round:5 >> Global Model Test accuracy: 0.2971
05-19 00:28 INFO     in comm round:6 >> Global Model Test accuracy: 0.3178
05-19 00:33 INFO     in comm round:7 >> Global Model Test accuracy: 0.3453
05-19 00:39 INFO     in comm round:8 >> Global Model Test accuracy: 0.3675
05-19 00:44 INFO     in comm round:9 >> Global Model Test accuracy: 0.3862
05-19 00:50 INFO     in comm round:10 >> Global Model Test accuracy: 0.3992
05-19 00:55 INFO     in comm round:11 >> Global Model Test accuracy: 0.4093
05-19 01:01 INFO     in comm round:12 >> Global Model Test accuracy: 0.4227
05-19 01:06 INFO     in comm round:13 >> Global Model Test accuracy: 0.4373
05-19 01:12 INFO     in comm round:14 >> Global Model Test accuracy: 0.4529
05-19 01:17 INFO     in comm round:15 >> Global Model Test accuracy: 0.4488
05-19 01:23 INFO     in comm round:16 >> Global Model Test accuracy: 0.4588
05-19 01:28 INFO     in comm round:17 >> Global Model Test accuracy: 0.4788
05-19 01:34 INFO     in comm round:18 >> Global Model Test accuracy: 0.4699
05-19 01:39 INFO     in comm round:19 >> Global Model Test accuracy: 0.4707
05-19 01:45 INFO     in comm round:20 >> Global Model Test accuracy: 0.4814
05-19 01:50 INFO     in comm round:21 >> Global Model Test accuracy: 0.4781
05-19 01:55 INFO     in comm round:22 >> Global Model Test accuracy: 0.4825
05-19 02:01 INFO     in comm round:23 >> Global Model Test accuracy: 0.4889
05-19 02:06 INFO     in comm round:24 >> Global Model Test accuracy: 0.4984
05-19 02:12 INFO     in comm round:25 >> Global Model Test accuracy: 0.5022
05-19 02:17 INFO     in comm round:26 >> Global Model Test accuracy: 0.5022
05-19 02:23 INFO     in comm round:27 >> Global Model Test accuracy: 0.5039
05-19 02:28 INFO     in comm round:28 >> Global Model Test accuracy: 0.4924
05-19 02:34 INFO     in comm round:29 >> Global Model Test accuracy: 0.5017
05-19 02:39 INFO     in comm round:30 >> Global Model Test accuracy: 0.5058
05-19 02:45 INFO     in comm round:31 >> Global Model Test accuracy: 0.5077
05-19 02:50 INFO     in comm round:32 >> Global Model Test accuracy: 0.4973
05-19 02:56 INFO     in comm round:33 >> Global Model Test accuracy: 0.5167
05-19 03:01 INFO     in comm round:34 >> Global Model Test accuracy: 0.5128
05-19 03:07 INFO     in comm round:35 >> Global Model Test accuracy: 0.5074
05-19 03:12 INFO     in comm round:36 >> Global Model Test accuracy: 0.5067
05-19 03:18 INFO     in comm round:37 >> Global Model Test accuracy: 0.5128
05-19 03:23 INFO     in comm round:38 >> Global Model Test accuracy: 0.4953
05-19 03:29 INFO     in comm round:39 >> Global Model Test accuracy: 0.5109
05-19 03:34 INFO     in comm round:40 >> Global Model Test accuracy: 0.5164
05-19 03:40 INFO     in comm round:41 >> Global Model Test accuracy: 0.5181
05-19 03:45 INFO     in comm round:42 >> Global Model Test accuracy: 0.5085
05-19 03:50 INFO     in comm round:43 >> Global Model Test accuracy: 0.5161
05-19 03:56 INFO     in comm round:44 >> Global Model Test accuracy: 0.5082
05-19 04:01 INFO     in comm round:45 >> Global Model Test accuracy: 0.5112
05-19 04:07 INFO     in comm round:46 >> Global Model Test accuracy: 0.5155
05-19 04:12 INFO     in comm round:47 >> Global Model Test accuracy: 0.5231
05-19 04:18 INFO     in comm round:48 >> Global Model Test accuracy: 0.5294
05-19 04:23 INFO     in comm round:49 >> Global Model Test accuracy: 0.5310
05-19 04:29 INFO     in comm round:50 >> Global Model Test accuracy: 0.5107
05-19 04:34 INFO     in comm round:51 >> Global Model Test accuracy: 0.5244
05-19 04:40 INFO     in comm round:52 >> Global Model Test accuracy: 0.5123
05-19 04:45 INFO     in comm round:53 >> Global Model Test accuracy: 0.5236
05-19 04:51 INFO     in comm round:54 >> Global Model Test accuracy: 0.5140
05-19 04:56 INFO     in comm round:55 >> Global Model Test accuracy: 0.5223
05-19 05:02 INFO     in comm round:56 >> Global Model Test accuracy: 0.5287
05-19 05:07 INFO     in comm round:57 >> Global Model Test accuracy: 0.5175
05-19 05:13 INFO     in comm round:58 >> Global Model Test accuracy: 0.5245
05-19 05:18 INFO     in comm round:59 >> Global Model Test accuracy: 0.5200
05-19 05:23 INFO     in comm round:60 >> Global Model Test accuracy: 0.5335
05-19 05:29 INFO     in comm round:61 >> Global Model Test accuracy: 0.5268
05-19 05:34 INFO     in comm round:62 >> Global Model Test accuracy: 0.5252
05-19 05:40 INFO     in comm round:63 >> Global Model Test accuracy: 0.5304
05-19 05:45 INFO     in comm round:64 >> Global Model Test accuracy: 0.5100
05-19 05:51 INFO     in comm round:65 >> Global Model Test accuracy: 0.5239
05-19 05:56 INFO     in comm round:66 >> Global Model Test accuracy: 0.5275
05-19 06:02 INFO     in comm round:67 >> Global Model Test accuracy: 0.5189
05-19 06:07 INFO     in comm round:68 >> Global Model Test accuracy: 0.5225
05-19 06:13 INFO     in comm round:69 >> Global Model Test accuracy: 0.5257
05-19 06:18 INFO     in comm round:70 >> Global Model Test accuracy: 0.5254
05-19 06:24 INFO     in comm round:71 >> Global Model Test accuracy: 0.5298
05-19 06:29 INFO     in comm round:72 >> Global Model Test accuracy: 0.5146
05-19 06:35 INFO     in comm round:73 >> Global Model Test accuracy: 0.5156
05-19 06:40 INFO     in comm round:74 >> Global Model Test accuracy: 0.5285
05-19 06:46 INFO     in comm round:75 >> Global Model Test accuracy: 0.5291
05-19 06:51 INFO     in comm round:76 >> Global Model Test accuracy: 0.5205
05-19 06:57 INFO     in comm round:77 >> Global Model Test accuracy: 0.5249
05-19 07:02 INFO     in comm round:78 >> Global Model Test accuracy: 0.5189
05-19 07:07 INFO     in comm round:79 >> Global Model Test accuracy: 0.5260
05-19 07:13 INFO     in comm round:80 >> Global Model Test accuracy: 0.5248
05-19 07:18 INFO     in comm round:81 >> Global Model Test accuracy: 0.5185
05-19 07:24 INFO     in comm round:82 >> Global Model Test accuracy: 0.5176
05-19 07:29 INFO     in comm round:83 >> Global Model Test accuracy: 0.5249
05-19 07:35 INFO     in comm round:84 >> Global Model Test accuracy: 0.5256
05-19 07:40 INFO     in comm round:85 >> Global Model Test accuracy: 0.5292
05-19 07:46 INFO     in comm round:86 >> Global Model Test accuracy: 0.5313
05-19 07:51 INFO     in comm round:87 >> Global Model Test accuracy: 0.5226
05-19 07:57 INFO     in comm round:88 >> Global Model Test accuracy: 0.5225
05-19 08:02 INFO     in comm round:89 >> Global Model Test accuracy: 0.5180
05-19 08:08 INFO     in comm round:90 >> Global Model Test accuracy: 0.5242
05-19 08:13 INFO     in comm round:91 >> Global Model Test accuracy: 0.5234
05-19 08:19 INFO     in comm round:92 >> Global Model Test accuracy: 0.5255
05-19 08:24 INFO     in comm round:93 >> Global Model Test accuracy: 0.5191
05-19 08:30 INFO     in comm round:94 >> Global Model Test accuracy: 0.5129
05-19 08:35 INFO     in comm round:95 >> Global Model Test accuracy: 0.5186
05-19 08:41 INFO     in comm round:96 >> Global Model Test accuracy: 0.5251
05-19 08:46 INFO     in comm round:97 >> Global Model Test accuracy: 0.5178
05-19 08:51 INFO     in comm round:98 >> Global Model Test accuracy: 0.5207
05-19 08:57 INFO     in comm round:99 >> Global Model Test accuracy: 0.5179
05-19 09:02 INFO     in comm round:100 >> Global Model Test accuracy: 0.5150
05-19 09:08 INFO     in comm round:101 >> Global Model Test accuracy: 0.5196
05-19 09:13 INFO     in comm round:102 >> Global Model Test accuracy: 0.5178
05-19 09:19 INFO     in comm round:103 >> Global Model Test accuracy: 0.5128
05-19 09:24 INFO     in comm round:104 >> Global Model Test accuracy: 0.5268
05-19 09:30 INFO     in comm round:105 >> Global Model Test accuracy: 0.5192
05-19 09:35 INFO     in comm round:106 >> Global Model Test accuracy: 0.5312
05-19 09:41 INFO     in comm round:107 >> Global Model Test accuracy: 0.5189
05-19 09:46 INFO     in comm round:108 >> Global Model Test accuracy: 0.5318
05-19 09:52 INFO     in comm round:109 >> Global Model Test accuracy: 0.5250
05-19 09:57 INFO     in comm round:110 >> Global Model Test accuracy: 0.5222
05-19 10:03 INFO     in comm round:111 >> Global Model Test accuracy: 0.5296
05-19 10:08 INFO     in comm round:112 >> Global Model Test accuracy: 0.5202
05-19 10:14 INFO     in comm round:113 >> Global Model Test accuracy: 0.5253
05-19 10:19 INFO     in comm round:114 >> Global Model Test accuracy: 0.5304
05-19 10:24 INFO     in comm round:115 >> Global Model Test accuracy: 0.5296
05-19 10:30 INFO     in comm round:116 >> Global Model Test accuracy: 0.5290
05-19 10:35 INFO     in comm round:117 >> Global Model Test accuracy: 0.5286
05-19 10:41 INFO     in comm round:118 >> Global Model Test accuracy: 0.5172
05-19 10:46 INFO     in comm round:119 >> Global Model Test accuracy: 0.5247
05-19 10:52 INFO     in comm round:120 >> Global Model Test accuracy: 0.5258
05-19 10:57 INFO     in comm round:121 >> Global Model Test accuracy: 0.5274
05-19 11:03 INFO     in comm round:122 >> Global Model Test accuracy: 0.5132
05-19 11:08 INFO     in comm round:123 >> Global Model Test accuracy: 0.5182
05-19 11:14 INFO     in comm round:124 >> Global Model Test accuracy: 0.5277
05-19 11:19 INFO     in comm round:125 >> Global Model Test accuracy: 0.5294
05-19 11:25 INFO     in comm round:126 >> Global Model Test accuracy: 0.5260
05-19 11:30 INFO     in comm round:127 >> Global Model Test accuracy: 0.5215
05-19 11:36 INFO     in comm round:128 >> Global Model Test accuracy: 0.5232
05-19 11:41 INFO     in comm round:129 >> Global Model Test accuracy: 0.5269
05-19 11:47 INFO     in comm round:130 >> Global Model Test accuracy: 0.5047
05-19 11:52 INFO     in comm round:131 >> Global Model Test accuracy: 0.5216
05-19 11:57 INFO     in comm round:132 >> Global Model Test accuracy: 0.5171
05-19 12:03 INFO     in comm round:133 >> Global Model Test accuracy: 0.5319
05-19 12:08 INFO     in comm round:134 >> Global Model Test accuracy: 0.5248
05-19 12:14 INFO     in comm round:135 >> Global Model Test accuracy: 0.5221
05-19 12:19 INFO     in comm round:136 >> Global Model Test accuracy: 0.5237
05-19 12:25 INFO     in comm round:137 >> Global Model Test accuracy: 0.5422
05-19 12:30 INFO     in comm round:138 >> Global Model Test accuracy: 0.5231
05-19 12:36 INFO     in comm round:139 >> Global Model Test accuracy: 0.5285
05-19 12:41 INFO     in comm round:140 >> Global Model Test accuracy: 0.5256
05-19 12:47 INFO     in comm round:141 >> Global Model Test accuracy: 0.5211
05-19 12:52 INFO     in comm round:142 >> Global Model Test accuracy: 0.5301
05-19 12:58 INFO     in comm round:143 >> Global Model Test accuracy: 0.5270
05-19 13:03 INFO     in comm round:144 >> Global Model Test accuracy: 0.5292
05-19 13:09 INFO     in comm round:145 >> Global Model Test accuracy: 0.5238
05-19 13:14 INFO     in comm round:146 >> Global Model Test accuracy: 0.5233
05-19 13:20 INFO     in comm round:147 >> Global Model Test accuracy: 0.5212
05-19 13:25 INFO     in comm round:148 >> Global Model Test accuracy: 0.5239
05-19 13:31 INFO     in comm round:149 >> Global Model Test accuracy: 0.5273
05-19 13:36 INFO     in comm round:150 >> Global Model Test accuracy: 0.5253
05-19 13:42 INFO     in comm round:151 >> Global Model Test accuracy: 0.5328
05-19 13:47 INFO     in comm round:152 >> Global Model Test accuracy: 0.5261
05-19 13:52 INFO     in comm round:153 >> Global Model Test accuracy: 0.5186
05-19 13:58 INFO     in comm round:154 >> Global Model Test accuracy: 0.5259
05-19 14:03 INFO     in comm round:155 >> Global Model Test accuracy: 0.5197
05-19 14:09 INFO     in comm round:156 >> Global Model Test accuracy: 0.5289
05-19 14:14 INFO     in comm round:157 >> Global Model Test accuracy: 0.5318
05-19 14:20 INFO     in comm round:158 >> Global Model Test accuracy: 0.5153
05-19 14:25 INFO     in comm round:159 >> Global Model Test accuracy: 0.5324
05-19 14:31 INFO     in comm round:160 >> Global Model Test accuracy: 0.5371
05-19 14:36 INFO     in comm round:161 >> Global Model Test accuracy: 0.5386
05-19 14:42 INFO     in comm round:162 >> Global Model Test accuracy: 0.5284
05-19 14:47 INFO     in comm round:163 >> Global Model Test accuracy: 0.5203
05-19 14:53 INFO     in comm round:164 >> Global Model Test accuracy: 0.5311
05-19 14:58 INFO     in comm round:165 >> Global Model Test accuracy: 0.5248
05-19 15:04 INFO     in comm round:166 >> Global Model Test accuracy: 0.5223
05-19 15:09 INFO     in comm round:167 >> Global Model Test accuracy: 0.5271
05-19 15:15 INFO     in comm round:168 >> Global Model Test accuracy: 0.5258
05-19 15:20 INFO     in comm round:169 >> Global Model Test accuracy: 0.5352
05-19 15:26 INFO     in comm round:170 >> Global Model Test accuracy: 0.5256
05-19 15:31 INFO     in comm round:171 >> Global Model Test accuracy: 0.5296
05-19 15:36 INFO     in comm round:172 >> Global Model Test accuracy: 0.5272
05-19 15:42 INFO     in comm round:173 >> Global Model Test accuracy: 0.5114
05-19 15:47 INFO     in comm round:174 >> Global Model Test accuracy: 0.5289
05-19 15:53 INFO     in comm round:175 >> Global Model Test accuracy: 0.5306
05-19 15:58 INFO     in comm round:176 >> Global Model Test accuracy: 0.5230
05-19 16:04 INFO     in comm round:177 >> Global Model Test accuracy: 0.5268
05-19 16:09 INFO     in comm round:178 >> Global Model Test accuracy: 0.5261
05-19 16:15 INFO     in comm round:179 >> Global Model Test accuracy: 0.5227
05-19 16:20 INFO     in comm round:180 >> Global Model Test accuracy: 0.5342
05-19 16:26 INFO     in comm round:181 >> Global Model Test accuracy: 0.5195
05-19 16:31 INFO     in comm round:182 >> Global Model Test accuracy: 0.5263
05-19 16:37 INFO     in comm round:183 >> Global Model Test accuracy: 0.5301
05-19 16:42 INFO     in comm round:184 >> Global Model Test accuracy: 0.5245
05-19 16:48 INFO     in comm round:185 >> Global Model Test accuracy: 0.5130
05-19 16:53 INFO     in comm round:186 >> Global Model Test accuracy: 0.5233
05-19 16:59 INFO     in comm round:187 >> Global Model Test accuracy: 0.5328
05-19 17:04 INFO     in comm round:188 >> Global Model Test accuracy: 0.5211
05-19 17:10 INFO     in comm round:189 >> Global Model Test accuracy: 0.5279
05-19 17:15 INFO     in comm round:190 >> Global Model Test accuracy: 0.5198
05-19 17:21 INFO     in comm round:191 >> Global Model Test accuracy: 0.5392
05-19 17:26 INFO     in comm round:192 >> Global Model Test accuracy: 0.5147
05-19 17:32 INFO     in comm round:193 >> Global Model Test accuracy: 0.5221
05-19 17:37 INFO     in comm round:194 >> Global Model Test accuracy: 0.5209
05-19 17:43 INFO     in comm round:195 >> Global Model Test accuracy: 0.5200
05-19 17:48 INFO     in comm round:196 >> Global Model Test accuracy: 0.5266
05-19 17:53 INFO     in comm round:197 >> Global Model Test accuracy: 0.5135
05-19 17:59 INFO     in comm round:198 >> Global Model Test accuracy: 0.5285
05-19 18:04 INFO     in comm round:199 >> Global Model Test accuracy: 0.5258
05-19 18:10 INFO     in comm round:200 >> Global Model Test accuracy: 0.5352
05-19 18:15 INFO     in comm round:201 >> Global Model Test accuracy: 0.5153
05-19 18:21 INFO     in comm round:202 >> Global Model Test accuracy: 0.5310
05-19 18:26 INFO     in comm round:203 >> Global Model Test accuracy: 0.5275
05-19 18:32 INFO     in comm round:204 >> Global Model Test accuracy: 0.5341
05-19 18:37 INFO     in comm round:205 >> Global Model Test accuracy: 0.5159
05-19 18:43 INFO     in comm round:206 >> Global Model Test accuracy: 0.5227
05-19 18:48 INFO     in comm round:207 >> Global Model Test accuracy: 0.5233
05-19 18:54 INFO     in comm round:208 >> Global Model Test accuracy: 0.5246
05-19 18:59 INFO     in comm round:209 >> Global Model Test accuracy: 0.5216
05-19 19:05 INFO     in comm round:210 >> Global Model Test accuracy: 0.5249
05-19 19:10 INFO     in comm round:211 >> Global Model Test accuracy: 0.5280
05-19 19:16 INFO     in comm round:212 >> Global Model Test accuracy: 0.5293
05-19 19:21 INFO     in comm round:213 >> Global Model Test accuracy: 0.5339
05-19 19:27 INFO     in comm round:214 >> Global Model Test accuracy: 0.5274
05-19 19:32 INFO     in comm round:215 >> Global Model Test accuracy: 0.5225
05-19 19:37 INFO     in comm round:216 >> Global Model Test accuracy: 0.5230
05-19 19:43 INFO     in comm round:217 >> Global Model Test accuracy: 0.5283
05-19 19:48 INFO     in comm round:218 >> Global Model Test accuracy: 0.5279
05-19 19:54 INFO     in comm round:219 >> Global Model Test accuracy: 0.5213
05-19 19:59 INFO     in comm round:220 >> Global Model Test accuracy: 0.5208
05-19 20:05 INFO     in comm round:221 >> Global Model Test accuracy: 0.5283
05-19 20:10 INFO     in comm round:222 >> Global Model Test accuracy: 0.5299
05-19 20:16 INFO     in comm round:223 >> Global Model Test accuracy: 0.5139
05-19 20:21 INFO     in comm round:224 >> Global Model Test accuracy: 0.5074
05-19 20:27 INFO     in comm round:225 >> Global Model Test accuracy: 0.5238
05-19 20:32 INFO     in comm round:226 >> Global Model Test accuracy: 0.5248
05-19 20:38 INFO     in comm round:227 >> Global Model Test accuracy: 0.5196
05-19 20:43 INFO     in comm round:228 >> Global Model Test accuracy: 0.5306
05-19 20:47 INFO     in comm round:229 >> Global Model Test accuracy: 0.5260
05-19 20:49 INFO     in comm round:230 >> Global Model Test accuracy: 0.5213
05-19 20:52 INFO     in comm round:231 >> Global Model Test accuracy: 0.5189
05-19 20:54 INFO     in comm round:232 >> Global Model Test accuracy: 0.5291
05-19 20:57 INFO     in comm round:233 >> Global Model Test accuracy: 0.5311
05-19 21:00 INFO     in comm round:234 >> Global Model Test accuracy: 0.5194
05-19 21:02 INFO     in comm round:235 >> Global Model Test accuracy: 0.5240
05-19 21:05 INFO     in comm round:236 >> Global Model Test accuracy: 0.5214
05-19 21:07 INFO     in comm round:237 >> Global Model Test accuracy: 0.5287
05-19 21:10 INFO     in comm round:238 >> Global Model Test accuracy: 0.5165
05-19 21:13 INFO     in comm round:239 >> Global Model Test accuracy: 0.5260
05-19 21:15 INFO     in comm round:240 >> Global Model Test accuracy: 0.5281
05-19 21:18 INFO     in comm round:241 >> Global Model Test accuracy: 0.5186
05-19 21:20 INFO     in comm round:242 >> Global Model Test accuracy: 0.5234
05-19 21:23 INFO     in comm round:243 >> Global Model Test accuracy: 0.5223
05-19 21:25 INFO     in comm round:244 >> Global Model Test accuracy: 0.5153
05-19 21:28 INFO     in comm round:245 >> Global Model Test accuracy: 0.5257
05-19 21:31 INFO     in comm round:246 >> Global Model Test accuracy: 0.5279
05-19 21:33 INFO     in comm round:247 >> Global Model Test accuracy: 0.5241
05-19 21:36 INFO     in comm round:248 >> Global Model Test accuracy: 0.5300
05-19 21:38 INFO     in comm round:249 >> Global Model Test accuracy: 0.5300
05-19 21:41 INFO     in comm round:250 >> Global Model Test accuracy: 0.5266
05-19 21:43 INFO     in comm round:251 >> Global Model Test accuracy: 0.5283
05-19 21:46 INFO     in comm round:252 >> Global Model Test accuracy: 0.5243
05-19 21:49 INFO     in comm round:253 >> Global Model Test accuracy: 0.5204
05-19 21:51 INFO     in comm round:254 >> Global Model Test accuracy: 0.5153
05-19 21:54 INFO     in comm round:255 >> Global Model Test accuracy: 0.5292
05-19 21:56 INFO     in comm round:256 >> Global Model Test accuracy: 0.5347
05-19 21:59 INFO     in comm round:257 >> Global Model Test accuracy: 0.5287
05-19 22:01 INFO     in comm round:258 >> Global Model Test accuracy: 0.5302
05-19 22:04 INFO     in comm round:259 >> Global Model Test accuracy: 0.5213
05-19 22:06 INFO     in comm round:260 >> Global Model Test accuracy: 0.5223
05-19 22:09 INFO     in comm round:261 >> Global Model Test accuracy: 0.5168
05-19 22:12 INFO     in comm round:262 >> Global Model Test accuracy: 0.5276
05-19 22:14 INFO     in comm round:263 >> Global Model Test accuracy: 0.5170
05-19 22:17 INFO     in comm round:264 >> Global Model Test accuracy: 0.5225
05-19 22:19 INFO     in comm round:265 >> Global Model Test accuracy: 0.5236
05-19 22:22 INFO     in comm round:266 >> Global Model Test accuracy: 0.5259
05-19 22:24 INFO     in comm round:267 >> Global Model Test accuracy: 0.5124
05-19 22:27 INFO     in comm round:268 >> Global Model Test accuracy: 0.5248
05-19 22:29 INFO     in comm round:269 >> Global Model Test accuracy: 0.5184
05-19 22:32 INFO     in comm round:270 >> Global Model Test accuracy: 0.5204
05-19 22:35 INFO     in comm round:271 >> Global Model Test accuracy: 0.5209
05-19 22:37 INFO     in comm round:272 >> Global Model Test accuracy: 0.5272
05-19 22:40 INFO     in comm round:273 >> Global Model Test accuracy: 0.5289
05-19 22:42 INFO     in comm round:274 >> Global Model Test accuracy: 0.5252
05-19 22:45 INFO     in comm round:275 >> Global Model Test accuracy: 0.5274
05-19 22:47 INFO     in comm round:276 >> Global Model Test accuracy: 0.5291
05-19 22:50 INFO     in comm round:277 >> Global Model Test accuracy: 0.5234
05-19 22:53 INFO     in comm round:278 >> Global Model Test accuracy: 0.5096
05-19 22:55 INFO     in comm round:279 >> Global Model Test accuracy: 0.5253
05-19 22:58 INFO     in comm round:280 >> Global Model Test accuracy: 0.5248
05-19 23:00 INFO     in comm round:281 >> Global Model Test accuracy: 0.5196
05-19 23:03 INFO     in comm round:282 >> Global Model Test accuracy: 0.5275
05-19 23:05 INFO     in comm round:283 >> Global Model Test accuracy: 0.5188
05-19 23:08 INFO     in comm round:284 >> Global Model Test accuracy: 0.5217
05-19 23:10 INFO     in comm round:285 >> Global Model Test accuracy: 0.5249
05-19 23:13 INFO     in comm round:286 >> Global Model Test accuracy: 0.5265
05-19 23:16 INFO     in comm round:287 >> Global Model Test accuracy: 0.5309
05-19 23:18 INFO     in comm round:288 >> Global Model Test accuracy: 0.5273
05-19 23:21 INFO     in comm round:289 >> Global Model Test accuracy: 0.5203
05-19 23:23 INFO     in comm round:290 >> Global Model Test accuracy: 0.5185
05-19 23:26 INFO     in comm round:291 >> Global Model Test accuracy: 0.5210
05-19 23:28 INFO     in comm round:292 >> Global Model Test accuracy: 0.5338
05-19 23:31 INFO     in comm round:293 >> Global Model Test accuracy: 0.5289
05-19 23:34 INFO     in comm round:294 >> Global Model Test accuracy: 0.5217
05-19 23:36 INFO     in comm round:295 >> Global Model Test accuracy: 0.5327
05-19 23:39 INFO     in comm round:296 >> Global Model Test accuracy: 0.5216
05-19 23:41 INFO     in comm round:297 >> Global Model Test accuracy: 0.5166
05-19 23:44 INFO     in comm round:298 >> Global Model Test accuracy: 0.5127
05-19 23:46 INFO     in comm round:299 >> Global Model Test accuracy: 0.5272
05-19 23:49 INFO     in comm round:300 >> Global Model Test accuracy: 0.5207
05-19 23:49 INFO     Starting Fine Tuning...
