05-05 15:26 INFO     cuda
05-05 15:26 INFO     Command Line Arguments: 
{
    "epochs": 5,
    "comm_round": 300,
    "sample_fraction": 1.0,
    "alpha": 0.01,
    "dataset": "tinyimagenet",
    "datadir": "../data/",
    "partition": "noniid-labeldir",
    "alg": "sflv1",
    "model": "mobilenetv3",
    "split_layer": 3,
    "n_parties": 100,
    "lr": 0.001,
    "mu": 1,
    "std_coeff": 2.5,
    "unif_coeff": 0.5,
    "batch_size": 64,
    "load_first_net": 1,
    "pool_option": "FIFO",
    "model_buffer_size": 1,
    "optimizer": "adam",
    "simp_width": 1,
    "out_dim": 256,
    "reg": 0.0005,
    "temperature": 0.5,
    "logdir": "./",
    "log_file_name": "logs/experiment_log-alg=sflv1_partition=noniid-labeldir_lr=0.001_epochs=5_num_users=100_beta=0.01_batch_size=64_opt=adam_dataset=tinyimagenet_2024-05-05-1526-59",
    "seed": 123,
    "device": "cuda:4",
    "accuracies_file": "logs/mobilenetv3_tinyimagenet.csv",
    "dont_skip": false,
    "n_train_workers": 1,
    "n_test_workers": 1,
    "arch": "mobilenet_v3_large",
    "multiprocessing": 0
}
05-05 15:26 INFO     Data statistics: {0: {56: 180, 91: 32, 93: 44, 96: 1, 97: 106, 111: 1, 114: 2, 164: 335, 174: 272, 179: 433}, 1: {15: 1, 33: 198, 50: 2, 56: 148, 64: 2, 67: 18, 81: 78, 82: 51, 114: 15, 138: 89, 147: 61, 148: 478}, 2: {34: 25, 37: 10, 101: 368, 127: 324, 167: 492}, 3: {25: 1, 26: 1, 28: 79, 35: 135, 52: 345, 66: 217, 74: 283}, 4: {17: 16, 22: 326, 40: 115, 118: 29, 126: 36, 142: 13, 172: 116, 182: 10, 184: 419}, 5: {14: 1, 17: 2, 29: 168, 39: 7, 43: 86, 76: 11, 99: 103, 104: 436, 125: 86, 131: 6, 139: 3, 151: 2, 155: 2, 195: 53, 197: 8}, 6: {8: 43, 9: 2, 16: 22, 47: 2, 49: 10, 52: 1, 53: 15, 64: 3, 89: 1, 110: 9, 131: 2, 133: 4, 168: 346, 170: 3, 182: 449, 196: 499}, 7: {17: 327, 24: 3, 45: 7, 51: 2, 89: 45, 107: 20, 111: 7, 120: 190, 126: 1, 133: 142, 137: 31, 139: 44, 151: 13, 179: 35, 181: 177}, 8: {33: 297, 69: 102, 73: 161, 76: 1, 105: 91, 160: 2}, 9: {34: 4, 43: 404, 49: 3, 56: 162, 66: 1, 75: 239, 107: 1, 112: 1, 113: 33, 120: 307}, 10: {11: 1, 18: 38, 23: 120, 41: 2, 49: 2, 50: 4, 63: 80, 73: 1, 78: 100, 79: 22, 85: 483, 89: 1, 136: 8, 140: 25, 150: 74, 152: 464}, 11: {5: 19, 32: 11, 41: 332, 57: 41, 60: 2, 77: 1, 81: 1, 83: 8, 89: 7, 92: 66, 97: 1, 105: 28, 132: 3, 164: 121, 177: 31, 181: 7, 184: 1}, 12: {12: 4, 55: 3, 62: 51, 77: 24, 82: 1, 89: 1, 111: 1, 155: 1, 169: 3, 179: 1, 190: 67, 197: 1}, 13: {9: 2, 13: 4, 27: 359, 28: 109, 45: 250, 49: 12, 63: 302}, 14: {11: 29, 49: 137, 66: 10, 75: 131, 82: 371, 89: 17, 125: 229, 131: 237}, 15: {15: 1, 25: 1, 26: 127, 72: 11, 79: 2, 85: 3, 108: 57, 119: 1, 121: 94, 122: 1, 150: 7}, 16: {26: 2, 32: 2, 34: 12, 54: 13, 61: 11, 72: 1, 104: 12, 113: 58, 154: 125, 157: 1, 190: 306, 198: 499}, 17: {0: 5, 28: 5, 34: 200, 35: 2, 38: 2, 41: 3, 75: 1, 97: 178, 125: 1, 146: 23, 148: 2, 153: 268, 163: 233, 184: 3, 197: 490}, 18: {4: 3, 34: 4, 61: 2, 99: 345, 102: 17, 104: 6, 112: 4, 147: 1, 157: 30, 160: 96, 179: 9, 180: 8, 190: 8, 195: 29, 199: 28}, 19: {3: 49, 14: 3, 18: 229, 68: 15, 94: 1, 99: 11, 101: 115, 118: 59, 146: 22, 149: 1, 163: 1, 192: 62, 195: 1}, 20: {15: 298, 19: 72, 28: 17, 30: 234, 44: 368, 48: 412}, 21: {6: 3, 28: 2, 39: 144, 63: 1, 66: 1, 76: 40, 111: 374, 141: 1, 159: 498}, 22: {0: 2, 12: 7, 35: 1, 36: 5, 39: 2, 54: 1, 55: 61, 57: 4, 64: 1, 65: 84, 76: 179, 114: 182, 117: 3, 126: 101, 131: 86, 141: 40, 187: 499}, 23: {11: 110, 26: 4, 31: 484, 39: 265, 45: 15, 51: 209}, 24: {26: 1, 83: 40, 88: 71, 99: 1, 126: 91, 135: 226, 137: 5, 156: 3, 173: 192}, 25: {11: 206, 20: 30, 85: 1, 91: 3, 94: 455, 109: 8, 124: 1, 131: 1, 144: 1, 147: 13, 156: 183, 166: 66, 171: 1, 177: 2, 190: 33}, 26: {11: 83, 13: 2, 21: 1, 24: 2, 40: 1, 61: 56, 71: 136, 84: 1, 90: 46, 112: 398, 117: 71, 127: 2, 138: 2, 142: 3, 166: 1, 167: 1, 169: 141, 188: 6, 193: 1, 194: 166}, 27: {0: 7, 13: 29, 36: 1, 48: 9, 52: 129, 53: 9, 58: 50, 67: 7, 95: 1, 123: 48, 125: 7, 142: 426, 143: 69, 149: 14, 151: 2, 162: 449}, 28: {48: 37, 65: 8, 66: 267, 67: 4, 142: 13, 157: 201, 161: 180, 166: 33, 192: 72}, 29: {28: 200, 29: 9, 32: 428, 90: 444}, 30: {3: 142, 4: 35, 10: 123, 13: 154, 34: 1, 37: 259, 58: 11, 72: 45, 96: 347}, 31: {8: 108, 10: 27, 28: 1, 29: 40, 55: 26, 64: 199, 111: 99, 132: 416, 162: 1}, 32: {0: 10, 36: 6, 79: 4, 86: 225, 91: 13, 119: 257, 127: 113, 130: 6, 134: 43, 138: 1, 144: 486}, 33: {15: 39, 48: 1, 67: 38, 94: 17, 111: 9, 123: 1, 135: 1, 144: 1, 160: 209}, 34: {0: 456, 9: 96, 20: 1, 32: 18, 44: 56, 61: 1, 67: 59, 68: 12, 98: 22, 103: 100, 114: 2, 116: 153, 119: 1, 153: 1, 164: 34}, 35: {1: 107, 21: 5, 24: 187, 29: 1, 42: 55, 45: 22, 106: 2, 110: 1, 114: 16, 119: 13, 125: 1, 142: 1, 144: 1, 145: 12, 151: 270, 154: 70, 177: 450}, 36: {10: 307, 26: 2, 27: 53, 29: 198, 30: 31, 37: 12, 45: 195, 69: 1, 78: 237}, 37: {29: 1, 47: 2, 80: 6, 82: 1, 96: 57, 102: 72, 103: 1, 105: 2, 113: 2, 130: 2, 135: 79, 169: 2, 189: 5, 193: 419}, 38: {23: 27, 28: 17, 39: 63, 42: 9, 57: 81, 80: 93, 83: 1, 145: 430, 155: 179, 158: 499}, 39: {0: 14, 7: 351, 26: 17, 58: 101, 68: 62, 82: 5, 89: 5, 104: 8, 130: 491}, 40: {2: 18, 16: 8, 34: 23, 64: 292, 65: 165, 86: 248, 97: 14, 110: 13, 112: 3, 115: 324}, 41: {9: 1, 51: 1, 75: 1, 76: 163, 85: 2, 105: 3, 125: 14, 128: 2, 140: 155, 141: 431, 151: 26, 188: 8, 189: 486}, 42: {8: 223, 10: 4, 45: 10, 67: 2, 72: 2, 81: 1, 82: 12, 111: 1, 118: 76, 121: 313, 142: 17, 157: 1, 175: 499}, 43: {6: 53, 14: 81, 33: 4, 37: 30, 55: 3, 81: 329, 107: 235, 137: 74, 165: 4, 186: 252}, 44: {4: 2, 9: 293, 17: 124, 44: 1, 54: 482, 56: 1, 62: 1, 63: 11, 64: 2, 65: 199}, 45: {4: 111, 17: 1, 53: 83, 55: 347, 69: 171, 92: 18, 133: 2, 143: 18, 146: 2, 147: 80, 152: 2, 154: 19, 155: 2, 164: 9, 165: 93, 171: 492}, 46: {3: 223, 21: 9, 51: 20, 52: 1, 69: 119, 74: 1, 80: 374, 90: 8, 94: 25, 95: 24, 111: 7, 115: 52, 122: 22, 128: 18, 139: 415}, 47: {16: 1, 23: 4, 25: 193, 36: 50, 40: 7, 85: 8, 106: 217, 108: 8, 126: 270, 145: 9, 150: 1, 170: 20, 176: 8, 178: 467}, 48: {0: 5, 16: 25, 19: 165, 60: 486, 76: 105, 84: 1, 91: 1, 92: 1, 124: 423}, 49: {12: 25, 16: 5, 36: 59, 42: 1, 96: 45, 109: 7, 118: 306, 122: 1, 134: 2, 140: 9, 141: 1, 176: 8, 183: 1, 188: 485, 190: 79}, 50: {16: 1, 28: 24, 40: 1, 46: 179, 94: 1, 100: 406, 105: 2, 113: 1, 134: 4, 135: 151, 145: 48, 154: 105, 157: 1}, 51: {10: 12, 26: 84, 37: 1, 41: 136, 49: 14, 60: 3, 112: 1, 118: 24, 119: 2, 152: 33, 165: 1, 169: 340, 174: 163, 178: 15, 186: 247}, 52: {32: 2, 46: 93, 50: 6, 96: 3, 105: 350, 116: 1, 120: 1, 123: 14, 129: 6, 140: 1, 179: 13, 194: 2}, 53: {30: 1, 62: 1, 71: 9, 98: 3, 103: 5, 106: 205, 147: 1, 149: 2, 160: 1, 179: 8, 180: 312}, 54: {15: 96, 36: 106, 41: 2, 46: 130, 49: 1, 50: 467, 54: 1, 57: 27, 59: 219}, 55: {5: 27, 25: 236, 30: 25, 58: 307, 65: 10, 67: 15, 87: 45, 93: 387}, 56: {35: 270, 41: 1, 42: 27, 61: 41, 63: 1, 92: 80, 97: 1, 110: 1, 132: 72, 150: 385, 155: 67, 160: 186}, 57: {24: 92, 42: 54, 48: 2, 63: 104, 66: 1, 87: 301, 108: 1, 153: 3, 173: 307, 174: 1}, 58: {8: 125, 19: 53, 22: 19, 57: 324, 75: 125, 78: 5, 86: 18, 129: 469}, 59: {1: 1, 5: 52, 7: 32, 11: 66, 16: 48, 24: 115, 25: 1, 32: 32, 34: 4, 57: 5, 66: 1, 77: 277, 100: 10, 106: 75, 123: 217, 131: 9, 137: 40, 138: 133}, 60: {14: 196, 34: 226, 35: 7, 37: 187, 40: 1, 46: 1, 84: 5, 124: 74, 174: 63, 184: 76, 190: 6, 192: 364}, 61: {2: 481, 7: 4, 24: 67, 28: 1, 42: 281, 60: 7, 96: 1, 134: 64, 138: 135}, 62: {22: 29, 30: 111, 38: 41, 59: 172, 60: 1, 70: 464, 97: 28, 102: 1, 128: 123, 136: 1, 160: 1, 165: 392}, 63: {23: 163, 24: 6, 27: 81, 30: 1, 35: 84, 82: 17, 117: 16, 129: 5, 149: 330, 153: 227, 168: 117}, 64: {4: 203, 9: 103, 11: 2, 21: 37, 46: 96, 131: 134, 133: 101, 140: 1, 172: 382}, 65: {7: 41, 17: 1, 54: 1, 55: 4, 69: 62, 86: 8, 121: 1, 138: 11, 144: 10, 178: 1}, 66: {7: 66, 13: 6, 18: 17, 50: 5, 72: 3, 85: 2, 95: 469, 99: 12, 102: 1, 109: 3, 113: 20, 128: 63, 146: 15, 149: 152, 157: 7, 163: 6, 166: 160}, 67: {11: 2, 21: 1, 62: 153, 67: 346, 78: 1, 91: 2, 92: 1, 105: 12, 108: 14, 113: 58, 122: 381, 123: 1, 127: 3, 137: 14, 142: 26}, 68: {16: 5, 49: 1, 54: 1, 71: 1, 78: 156, 98: 57, 116: 170, 132: 4, 166: 196, 192: 1, 194: 291}, 69: {39: 18, 71: 338, 82: 41, 107: 65, 136: 350, 140: 1, 148: 13, 151: 31, 181: 314}, 70: {14: 103, 20: 353, 21: 2, 25: 67, 51: 10, 55: 55, 108: 417}, 71: {6: 30, 23: 17, 26: 8, 48: 30, 81: 89, 92: 304, 95: 2, 109: 4, 113: 322, 122: 3, 131: 1, 163: 242}, 72: {19: 134, 103: 393, 108: 2, 110: 261, 122: 91, 151: 154}, 73: {40: 1, 73: 1, 91: 47, 102: 33, 110: 214, 129: 4, 131: 1, 154: 13, 160: 4, 176: 289, 177: 1, 178: 1, 185: 62, 191: 336}, 74: {44: 3, 97: 2, 147: 343, 155: 224, 165: 8, 180: 179, 182: 40, 189: 7}, 75: {1: 80, 12: 256, 13: 218, 16: 206, 21: 440}, 76: {13: 54, 32: 3, 43: 1, 77: 21, 132: 4, 140: 307, 155: 24, 193: 1, 194: 40}, 77: {3: 39, 6: 7, 12: 207, 36: 1, 43: 8, 50: 15, 71: 15, 77: 176, 81: 1, 92: 5, 93: 66, 95: 3, 120: 1, 134: 378, 154: 7, 195: 4}, 78: {19: 75, 49: 6, 61: 336, 72: 104, 79: 3, 93: 2, 97: 70, 102: 28, 107: 3, 109: 465}, 79: {4: 20, 21: 4, 51: 257, 59: 23, 73: 16, 99: 27, 119: 223, 131: 22, 138: 17, 146: 117, 167: 6, 189: 1}, 80: {5: 87, 9: 2, 26: 2, 29: 68, 44: 2, 49: 274, 62: 120, 90: 1, 91: 401, 105: 11, 125: 160}, 81: {16: 176, 18: 215, 20: 8, 32: 3, 107: 175, 115: 1, 116: 147, 127: 40, 146: 248}, 82: {6: 398, 27: 6, 38: 1, 52: 20, 97: 96, 112: 77, 123: 213, 128: 293}, 83: {7: 5, 36: 4, 38: 449, 40: 344, 49: 38, 58: 25, 59: 83, 65: 5, 72: 50}, 84: {4: 10, 5: 5, 17: 25, 28: 42, 42: 20, 61: 52, 62: 20, 65: 15, 69: 11, 101: 16, 118: 5, 127: 15, 135: 6, 172: 1}, 85: {3: 46, 22: 6, 30: 5, 57: 7, 67: 7, 73: 56, 79: 230, 80: 24, 115: 111, 121: 69, 141: 11, 156: 312, 157: 258}, 86: {20: 107, 23: 1, 26: 251, 38: 6, 48: 6, 115: 1, 143: 246, 146: 65, 148: 7, 150: 1, 151: 1, 163: 16, 165: 1, 176: 156, 177: 2}, 87: {69: 26, 75: 1, 79: 169, 112: 3, 114: 77, 136: 140, 162: 49, 168: 36, 171: 6, 178: 11, 191: 163}, 88: {6: 3, 17: 3, 47: 488, 66: 1, 73: 221, 79: 47, 109: 1, 112: 12, 115: 10, 127: 2, 146: 7, 162: 1, 169: 13}, 89: {4: 6, 5: 66, 16: 2, 56: 8, 58: 2, 59: 2, 65: 9, 70: 35, 72: 283, 75: 1, 79: 19, 92: 23, 97: 3, 104: 37, 114: 205, 121: 1, 138: 1, 157: 1, 163: 2, 177: 13, 186: 1, 189: 1, 193: 78, 195: 412}, 90: {36: 186, 69: 7, 73: 4, 83: 42, 133: 250, 134: 3, 135: 15, 147: 1, 150: 32, 173: 1, 199: 472}, 91: {68: 313, 73: 39, 83: 21, 87: 153, 100: 83, 106: 1, 117: 408}, 92: {5: 21, 15: 5, 23: 167, 24: 27, 28: 2, 42: 52, 44: 69, 53: 392, 54: 1, 79: 3, 81: 1, 84: 68, 92: 1, 98: 5, 102: 347}, 93: {5: 222, 6: 4, 14: 48, 15: 1, 58: 3, 119: 2, 137: 335, 154: 161, 165: 1, 178: 4, 181: 1, 182: 1, 185: 438}, 94: {4: 110, 22: 119, 31: 15, 48: 2, 50: 1, 62: 148, 68: 13, 80: 2, 121: 22, 125: 1, 134: 5, 135: 21, 139: 37, 161: 320, 166: 43, 183: 15, 184: 1, 187: 1, 193: 1, 194: 1, 197: 1, 198: 1}, 95: {13: 33, 15: 58, 25: 1, 31: 1, 36: 81, 68: 85, 80: 1, 97: 1, 124: 1, 129: 16, 146: 1, 159: 2, 174: 1, 176: 38, 188: 1, 196: 1}, 96: {1: 311, 29: 14, 36: 1, 47: 7, 52: 1, 76: 1, 79: 1, 88: 429, 90: 1, 92: 1, 101: 1, 103: 1, 111: 1, 123: 6, 128: 1, 138: 111, 141: 15, 143: 166}, 97: {5: 1, 11: 1, 15: 1, 16: 1, 18: 1, 20: 1, 22: 1, 24: 1, 29: 1, 44: 1, 56: 1, 57: 11, 65: 4, 66: 1, 67: 3, 69: 1, 70: 1, 77: 1, 93: 1, 96: 46, 102: 1, 108: 1, 115: 1, 116: 27, 117: 2, 132: 1, 136: 1, 141: 1, 144: 1, 145: 1, 153: 1, 156: 2, 164: 1, 170: 477, 172: 1, 175: 1, 178: 1, 179: 1, 180: 1, 183: 484}, 98: {2: 1, 3: 1, 6: 1, 12: 1, 23: 1, 32: 1, 33: 1, 37: 1, 38: 1, 39: 1, 40: 30, 41: 24, 43: 1, 46: 1, 47: 1, 48: 1, 62: 5, 83: 298, 84: 425, 89: 423}, 99: {0: 1, 1: 1, 6: 1, 7: 1, 8: 1, 9: 1, 10: 27, 14: 68, 17: 1, 19: 1, 21: 1, 26: 1, 27: 1, 28: 1, 30: 92, 34: 1, 35: 1, 42: 1, 45: 1, 49: 2, 51: 1, 52: 3, 53: 1, 55: 1, 58: 1, 59: 1, 60: 1, 61: 1, 62: 1, 63: 1, 64: 1, 65: 1, 67: 1, 71: 1, 72: 1, 73: 1, 74: 216, 75: 1, 78: 1, 82: 1, 83: 90, 85: 1, 86: 1, 87: 1, 91: 1, 94: 1, 95: 1, 98: 413, 99: 1, 100: 1, 104: 1, 105: 1, 107: 1, 109: 12, 110: 1, 112: 1, 113: 6, 114: 1, 116: 2, 118: 1, 119: 1, 120: 1, 122: 1, 124: 1, 125: 1, 126: 1, 127: 1, 130: 1, 131: 1, 133: 1, 134: 1, 135: 1, 137: 1, 139: 1, 140: 1, 142: 1, 143: 1, 149: 1, 151: 1, 152: 1, 155: 1, 158: 1, 160: 1, 166: 1, 167: 1, 168: 1, 169: 1, 171: 1, 176: 1, 177: 1, 181: 1, 190: 1, 191: 1, 192: 1, 195: 1}}
05-05 15:27 INFO     in comm round:0
05-05 15:27 INFO     Training network 0 n_training: 1406
05-05 15:27 INFO     Training network 0
05-05 15:27 INFO     Client: 0 Epoch: 0 Loss: 2.4011138515038923
05-05 15:27 INFO     Client: 0 Epoch: 1 Loss: 1.6236927021633496
05-05 15:27 INFO     Client: 0 Epoch: 2 Loss: 1.464373062957417
05-05 15:27 INFO     Client: 0 Epoch: 3 Loss: 1.3959247307343916
05-05 15:27 INFO     Client: 0 Epoch: 4 Loss: 1.3323768431490117
05-05 15:27 INFO      ** Client: 0 Training complete **
05-05 15:27 INFO     Training network 1 n_training: 1141
05-05 15:27 INFO     Training network 1
05-05 15:27 INFO     Client: 1 Epoch: 0 Loss: 2.563168101840549
05-05 15:27 INFO     Client: 1 Epoch: 1 Loss: 1.5865282151434157
05-05 15:27 INFO     Client: 1 Epoch: 2 Loss: 1.4405747453371684
05-05 15:27 INFO     Client: 1 Epoch: 3 Loss: 1.412739309999678
05-05 15:27 INFO     Client: 1 Epoch: 4 Loss: 1.3433561788664923
05-05 15:27 INFO      ** Client: 1 Training complete **
05-05 15:27 INFO     Training network 2 n_training: 1219
05-05 15:27 INFO     Training network 2
05-05 15:27 INFO     Client: 2 Epoch: 0 Loss: 1.985662803053856
05-05 15:27 INFO     Client: 2 Epoch: 1 Loss: 1.1941603869199753
05-05 15:27 INFO     Client: 2 Epoch: 2 Loss: 1.0211646020412446
05-05 15:27 INFO     Client: 2 Epoch: 3 Loss: 0.9860337853431702
05-05 15:27 INFO     Client: 2 Epoch: 4 Loss: 0.9296175226569175
05-05 15:27 INFO      ** Client: 2 Training complete **
05-05 15:27 INFO     Training network 3 n_training: 1061
05-05 15:27 INFO     Training network 3
05-05 15:27 INFO     Client: 3 Epoch: 0 Loss: 2.414116684128256
05-05 15:27 INFO     Client: 3 Epoch: 1 Loss: 1.460155865725349
05-05 15:27 INFO     Client: 3 Epoch: 2 Loss: 1.2480412861880135
05-05 15:27 INFO     Client: 3 Epoch: 3 Loss: 1.1812502531444324
05-05 15:27 INFO     Client: 3 Epoch: 4 Loss: 1.0754309086238636
05-05 15:27 INFO      ** Client: 3 Training complete **
05-05 15:27 INFO     Training network 4 n_training: 1080
05-05 15:27 INFO     Training network 4
05-05 15:27 INFO     Client: 4 Epoch: 0 Loss: 2.319160117822535
05-05 15:27 INFO     Client: 4 Epoch: 1 Loss: 1.2753698054481954
05-05 15:27 INFO     Client: 4 Epoch: 2 Loss: 1.1331143133780535
05-05 15:27 INFO     Client: 4 Epoch: 3 Loss: 1.0954784680815304
05-05 15:27 INFO     Client: 4 Epoch: 4 Loss: 1.038564475143657
05-05 15:27 INFO      ** Client: 4 Training complete **
05-05 15:27 INFO     Training network 5 n_training: 974
05-05 15:27 INFO     Training network 5
05-05 15:27 INFO     Client: 5 Epoch: 0 Loss: 2.570539005100727
05-05 15:27 INFO     Client: 5 Epoch: 1 Loss: 1.7868139743804932
05-05 15:27 INFO     Client: 5 Epoch: 2 Loss: 1.6613533198833466
05-05 15:27 INFO     Client: 5 Epoch: 3 Loss: 1.558719128370285
05-05 15:27 INFO     Client: 5 Epoch: 4 Loss: 1.5189817622303963
05-05 15:27 INFO      ** Client: 5 Training complete **
05-05 15:27 INFO     Training network 6 n_training: 1411
05-05 15:27 INFO     Training network 6
05-05 15:27 INFO     Client: 6 Epoch: 0 Loss: 2.114247184732686
05-05 15:27 INFO     Client: 6 Epoch: 1 Loss: 1.2700948235781298
05-05 15:27 INFO     Client: 6 Epoch: 2 Loss: 1.1069829127062922
05-05 15:27 INFO     Client: 6 Epoch: 3 Loss: 1.0542420252509739
05-05 15:27 INFO     Client: 6 Epoch: 4 Loss: 0.9372108060380687
05-05 15:27 INFO      ** Client: 6 Training complete **
05-05 15:27 INFO     Training network 7 n_training: 1044
05-05 15:27 INFO     Training network 7
05-05 15:27 INFO     Client: 7 Epoch: 0 Loss: 2.862849340719335
05-05 15:28 INFO     Client: 7 Epoch: 1 Loss: 1.9370503145105697
05-05 15:28 INFO     Client: 7 Epoch: 2 Loss: 1.8105810039183672
05-05 15:28 INFO     Client: 7 Epoch: 3 Loss: 1.7775818319881664
05-05 15:28 INFO     Client: 7 Epoch: 4 Loss: 1.6512492404264563
05-05 15:28 INFO      ** Client: 7 Training complete **
05-05 15:28 INFO     Training network 8 n_training: 654
05-05 15:28 INFO     Training network 8
05-05 15:28 INFO     Client: 8 Epoch: 0 Loss: 2.7115984721617266
05-05 15:28 INFO     Client: 8 Epoch: 1 Loss: 1.4156533046202227
05-05 15:28 INFO     Client: 8 Epoch: 2 Loss: 1.2874204462224788
05-05 15:28 INFO     Client: 8 Epoch: 3 Loss: 1.2107522325082258
05-05 15:28 INFO     Client: 8 Epoch: 4 Loss: 1.0771335471760144
05-05 15:28 INFO      ** Client: 8 Training complete **
05-05 15:28 INFO     Training network 9 n_training: 1155
05-05 15:28 INFO     Training network 9
05-05 15:28 INFO     Client: 9 Epoch: 0 Loss: 2.230938196182251
05-05 15:28 INFO     Client: 9 Epoch: 1 Loss: 1.505519239526046
05-05 15:28 INFO     Client: 9 Epoch: 2 Loss: 1.349782573549371
05-05 15:28 INFO     Client: 9 Epoch: 3 Loss: 1.2680180449234812
05-05 15:28 INFO     Client: 9 Epoch: 4 Loss: 1.2035387001539533
05-05 15:28 INFO      ** Client: 9 Training complete **
05-05 15:28 INFO     Training network 10 n_training: 1425
05-05 15:28 INFO     Training network 10
05-05 15:28 INFO     Client: 10 Epoch: 0 Loss: 2.407973590104476
05-05 15:28 INFO     Client: 10 Epoch: 1 Loss: 1.6297862529754639
05-05 15:28 INFO     Client: 10 Epoch: 2 Loss: 1.4993644019831782
05-05 15:28 INFO     Client: 10 Epoch: 3 Loss: 1.4170388968094536
05-05 15:28 INFO     Client: 10 Epoch: 4 Loss: 1.3645471956418909
05-05 15:28 INFO      ** Client: 10 Training complete **
05-05 15:28 INFO     Training network 11 n_training: 680
05-05 15:28 INFO     Training network 11
05-05 15:28 INFO     Client: 11 Epoch: 0 Loss: 3.082065051252192
05-05 15:28 INFO     Client: 11 Epoch: 1 Loss: 1.773559808731079
05-05 15:28 INFO     Client: 11 Epoch: 2 Loss: 1.6531935171647505
05-05 15:28 INFO     Client: 11 Epoch: 3 Loss: 1.6008148410103538
05-05 15:28 INFO     Client: 11 Epoch: 4 Loss: 1.5344581712375989
05-05 15:28 INFO      ** Client: 11 Training complete **
05-05 15:28 INFO     Training network 12 n_training: 158
05-05 15:28 INFO     Training network 12
05-05 15:28 INFO     Client: 12 Epoch: 0 Loss: 4.63572096824646
05-05 15:28 INFO     Client: 12 Epoch: 1 Loss: 2.490367809931437
05-05 15:28 INFO     Client: 12 Epoch: 2 Loss: 1.7597602208455403
05-05 15:28 INFO     Client: 12 Epoch: 3 Loss: 1.6283974250157673
05-05 15:28 INFO     Client: 12 Epoch: 4 Loss: 1.480279803276062
05-05 15:28 INFO      ** Client: 12 Training complete **
05-05 15:28 INFO     Training network 13 n_training: 1038
05-05 15:28 INFO     Training network 13
05-05 15:28 INFO     Client: 13 Epoch: 0 Loss: 2.240113714162041
05-05 15:28 INFO     Client: 13 Epoch: 1 Loss: 1.2407559366787182
05-05 15:28 INFO     Client: 13 Epoch: 2 Loss: 1.0971235282280867
05-05 15:28 INFO     Client: 13 Epoch: 3 Loss: 1.0237603187561035
05-05 15:28 INFO     Client: 13 Epoch: 4 Loss: 1.0003473127589506
05-05 15:28 INFO      ** Client: 13 Training complete **
05-05 15:28 INFO     Training network 14 n_training: 1161
05-05 15:28 INFO     Training network 14
05-05 15:28 INFO     Client: 14 Epoch: 0 Loss: 2.4844718104914616
05-05 15:28 INFO     Client: 14 Epoch: 1 Loss: 1.7296478999288458
05-05 15:28 INFO     Client: 14 Epoch: 2 Loss: 1.6103333172045255
05-05 15:28 INFO     Client: 14 Epoch: 3 Loss: 1.5098254523779218
05-05 15:28 INFO     Client: 14 Epoch: 4 Loss: 1.5091885391034578
05-05 15:28 INFO      ** Client: 14 Training complete **
05-05 15:28 INFO     Training network 15 n_training: 305
05-05 15:28 INFO     Training network 15
05-05 15:28 INFO     Client: 15 Epoch: 0 Loss: 4.016792726516724
05-05 15:28 INFO     Client: 15 Epoch: 1 Loss: 1.6968864440917968
05-05 15:28 INFO     Client: 15 Epoch: 2 Loss: 1.4855525970458985
05-05 15:28 INFO     Client: 15 Epoch: 3 Loss: 1.3823183059692383
05-05 15:28 INFO     Client: 15 Epoch: 4 Loss: 1.3410346031188964
05-05 15:28 INFO      ** Client: 15 Training complete **
05-05 15:28 INFO     Training network 16 n_training: 1042
05-05 15:28 INFO     Training network 16
05-05 15:28 INFO     Client: 16 Epoch: 0 Loss: 2.09723705403945
05-05 15:28 INFO     Client: 16 Epoch: 1 Loss: 1.0837433303103727
05-05 15:28 INFO     Client: 16 Epoch: 2 Loss: 0.9772433042526245
05-05 15:28 INFO     Client: 16 Epoch: 3 Loss: 0.8750195538296419
05-05 15:28 INFO     Client: 16 Epoch: 4 Loss: 0.8506284776855918
05-05 15:28 INFO      ** Client: 16 Training complete **
05-05 15:28 INFO     Training network 17 n_training: 1416
05-05 15:28 INFO     Training network 17
05-05 15:28 INFO     Client: 17 Epoch: 0 Loss: 2.3047237655390864
05-05 15:28 INFO     Client: 17 Epoch: 1 Loss: 1.5092949348947275
05-05 15:28 INFO     Client: 17 Epoch: 2 Loss: 1.3656652854836506
05-05 15:28 INFO     Client: 17 Epoch: 3 Loss: 1.2321928454482036
05-05 15:28 INFO     Client: 17 Epoch: 4 Loss: 1.2512596094090005
05-05 15:28 INFO      ** Client: 17 Training complete **
05-05 15:28 INFO     Training network 18 n_training: 590
05-05 15:28 INFO     Training network 18
05-05 15:28 INFO     Client: 18 Epoch: 0 Loss: 2.921956789493561
05-05 15:28 INFO     Client: 18 Epoch: 1 Loss: 1.6331714034080504
05-05 15:28 INFO     Client: 18 Epoch: 2 Loss: 1.54152552485466
05-05 15:28 INFO     Client: 18 Epoch: 3 Loss: 1.4830177545547485
05-05 15:28 INFO     Client: 18 Epoch: 4 Loss: 1.4343397200107575
05-05 15:28 INFO      ** Client: 18 Training complete **
05-05 15:28 INFO     Training network 19 n_training: 569
05-05 15:28 INFO     Training network 19
05-05 15:28 INFO     Client: 19 Epoch: 0 Loss: 3.2912818723254733
05-05 15:28 INFO     Client: 19 Epoch: 1 Loss: 1.6948443916108873
05-05 15:28 INFO     Client: 19 Epoch: 2 Loss: 1.5042797459496393
05-05 15:28 INFO     Client: 19 Epoch: 3 Loss: 1.352911286883884
05-05 15:28 INFO     Client: 19 Epoch: 4 Loss: 1.2586640781826444
05-05 15:28 INFO      ** Client: 19 Training complete **
05-05 15:28 INFO     Training network 20 n_training: 1401
05-05 15:28 INFO     Training network 20
05-05 15:28 INFO     Client: 20 Epoch: 0 Loss: 2.129545645280318
05-05 15:28 INFO     Client: 20 Epoch: 1 Loss: 1.3145062652501194
05-05 15:28 INFO     Client: 20 Epoch: 2 Loss: 1.1901750618761235
05-05 15:28 INFO     Client: 20 Epoch: 3 Loss: 1.135442321950739
05-05 15:28 INFO     Client: 20 Epoch: 4 Loss: 1.0971206534992566
05-05 15:28 INFO      ** Client: 20 Training complete **
05-05 15:28 INFO     Training network 21 n_training: 1064
05-05 15:28 INFO     Training network 21
05-05 15:28 INFO     Client: 21 Epoch: 0 Loss: 2.0152746824657215
05-05 15:28 INFO     Client: 21 Epoch: 1 Loss: 1.0598721258780535
05-05 15:28 INFO     Client: 21 Epoch: 2 Loss: 1.0276886224746704
05-05 15:28 INFO     Client: 21 Epoch: 3 Loss: 0.888871827546288
05-05 15:28 INFO     Client: 21 Epoch: 4 Loss: 0.8667284670998069
05-05 15:28 INFO      ** Client: 21 Training complete **
05-05 15:28 INFO     Training network 22 n_training: 1258
05-05 15:28 INFO     Training network 22
05-05 15:28 INFO     Client: 22 Epoch: 0 Loss: 2.5184498906135557
05-05 15:28 INFO     Client: 22 Epoch: 1 Loss: 1.6278504133224487
05-05 15:28 INFO     Client: 22 Epoch: 2 Loss: 1.509169155359268
05-05 15:28 INFO     Client: 22 Epoch: 3 Loss: 1.4525025129318236
05-05 15:28 INFO     Client: 22 Epoch: 4 Loss: 1.4055546283721925
05-05 15:28 INFO      ** Client: 22 Training complete **
05-05 15:28 INFO     Training network 23 n_training: 1087
05-05 15:28 INFO     Training network 23
05-05 15:28 INFO     Client: 23 Epoch: 0 Loss: 2.2660700573640713
05-05 15:28 INFO     Client: 23 Epoch: 1 Loss: 1.3427692441379322
05-05 15:28 INFO     Client: 23 Epoch: 2 Loss: 1.1376888927291422
05-05 15:28 INFO     Client: 23 Epoch: 3 Loss: 0.9988782020176158
05-05 15:28 INFO     Client: 23 Epoch: 4 Loss: 1.0191159037982715
05-05 15:28 INFO      ** Client: 23 Training complete **
05-05 15:28 INFO     Training network 24 n_training: 630
05-05 15:28 INFO     Training network 24
05-05 15:28 INFO     Client: 24 Epoch: 0 Loss: 2.987217736244202
05-05 15:28 INFO     Client: 24 Epoch: 1 Loss: 1.5709772944450378
05-05 15:28 INFO     Client: 24 Epoch: 2 Loss: 1.4430203676223754
05-05 15:28 INFO     Client: 24 Epoch: 3 Loss: 1.331231677532196
05-05 15:28 INFO     Client: 24 Epoch: 4 Loss: 1.2481892943382262
05-05 15:28 INFO      ** Client: 24 Training complete **
05-05 15:28 INFO     Training network 25 n_training: 1004
05-05 15:28 INFO     Training network 25
05-05 15:28 INFO     Client: 25 Epoch: 0 Loss: 2.42304215580225
05-05 15:28 INFO     Client: 25 Epoch: 1 Loss: 1.481934405863285
05-05 15:28 INFO     Client: 25 Epoch: 2 Loss: 1.313949629664421
05-05 15:28 INFO     Client: 25 Epoch: 3 Loss: 1.2503613531589508
05-05 15:28 INFO     Client: 25 Epoch: 4 Loss: 1.1468107886612415
05-05 15:28 INFO      ** Client: 25 Training complete **
05-05 15:28 INFO     Training network 26 n_training: 1120
05-05 15:28 INFO     Training network 26
05-05 15:28 INFO     Client: 26 Epoch: 0 Loss: 2.6924303438928394
05-05 15:28 INFO     Client: 26 Epoch: 1 Loss: 1.837751931614346
05-05 15:28 INFO     Client: 26 Epoch: 2 Loss: 1.6683249142434862
05-05 15:28 INFO     Client: 26 Epoch: 3 Loss: 1.6264997058444552
05-05 15:28 INFO     Client: 26 Epoch: 4 Loss: 1.5736269288592868
05-05 15:28 INFO      ** Client: 26 Training complete **
05-05 15:28 INFO     Training network 27 n_training: 1257
05-05 15:28 INFO     Training network 27
05-05 15:28 INFO     Client: 27 Epoch: 0 Loss: 2.5608436942100523
05-05 15:28 INFO     Client: 27 Epoch: 1 Loss: 1.6988111793994904
05-05 15:28 INFO     Client: 27 Epoch: 2 Loss: 1.6052123665809632
05-05 15:28 INFO     Client: 27 Epoch: 3 Loss: 1.5260622084140778
05-05 15:28 INFO     Client: 27 Epoch: 4 Loss: 1.468833565711975
05-05 15:28 INFO      ** Client: 27 Training complete **
05-05 15:28 INFO     Training network 28 n_training: 815
05-05 15:28 INFO     Training network 28
05-05 15:28 INFO     Client: 28 Epoch: 0 Loss: 2.8069083507244406
05-05 15:28 INFO     Client: 28 Epoch: 1 Loss: 1.5587334082676814
05-05 15:28 INFO     Client: 28 Epoch: 2 Loss: 1.4715553705508893
05-05 15:28 INFO     Client: 28 Epoch: 3 Loss: 1.4409966468811035
05-05 15:28 INFO     Client: 28 Epoch: 4 Loss: 1.335521780527555
05-05 15:28 INFO      ** Client: 28 Training complete **
05-05 15:28 INFO     Training network 29 n_training: 1081
05-05 15:28 INFO     Training network 29
05-05 15:28 INFO     Client: 29 Epoch: 0 Loss: 1.9668107944376327
05-05 15:28 INFO     Client: 29 Epoch: 1 Loss: 0.9256151634104112
05-05 15:28 INFO     Client: 29 Epoch: 2 Loss: 0.8151078574797687
05-05 15:28 INFO     Client: 29 Epoch: 3 Loss: 0.7916412984623629
05-05 15:28 INFO     Client: 29 Epoch: 4 Loss: 0.7516115798669702
05-05 15:28 INFO      ** Client: 29 Training complete **
05-05 15:28 INFO     Training network 30 n_training: 1117
05-05 15:28 INFO     Training network 30
05-05 15:28 INFO     Client: 30 Epoch: 0 Loss: 2.5272939006487527
05-05 15:28 INFO     Client: 30 Epoch: 1 Loss: 1.5845213598675199
05-05 15:29 INFO     Client: 30 Epoch: 2 Loss: 1.4092884461085002
05-05 15:29 INFO     Client: 30 Epoch: 3 Loss: 1.3347132669554815
05-05 15:29 INFO     Client: 30 Epoch: 4 Loss: 1.236943586005105
05-05 15:29 INFO      ** Client: 30 Training complete **
05-05 15:29 INFO     Training network 31 n_training: 917
05-05 15:29 INFO     Training network 31
05-05 15:29 INFO     Client: 31 Epoch: 0 Loss: 2.4966219743092855
05-05 15:29 INFO     Client: 31 Epoch: 1 Loss: 1.6797330061594644
05-05 15:29 INFO     Client: 31 Epoch: 2 Loss: 1.5261598428090413
05-05 15:29 INFO     Client: 31 Epoch: 3 Loss: 1.4109119176864624
05-05 15:29 INFO     Client: 31 Epoch: 4 Loss: 1.3559378703435263
05-05 15:29 INFO      ** Client: 31 Training complete **
05-05 15:29 INFO     Training network 32 n_training: 1164
05-05 15:29 INFO     Training network 32
05-05 15:29 INFO     Client: 32 Epoch: 0 Loss: 2.3709970336211357
05-05 15:29 INFO     Client: 32 Epoch: 1 Loss: 1.6317612246463173
05-05 15:29 INFO     Client: 32 Epoch: 2 Loss: 1.501320625606336
05-05 15:29 INFO     Client: 32 Epoch: 3 Loss: 1.4539210482647544
05-05 15:29 INFO     Client: 32 Epoch: 4 Loss: 1.395179968131216
05-05 15:29 INFO      ** Client: 32 Training complete **
05-05 15:29 INFO     Training network 33 n_training: 316
05-05 15:29 INFO     Training network 33
05-05 15:29 INFO     Client: 33 Epoch: 0 Loss: 3.7978579998016357
05-05 15:29 INFO     Client: 33 Epoch: 1 Loss: 1.5169483184814454
05-05 15:29 INFO     Client: 33 Epoch: 2 Loss: 1.158104372024536
05-05 15:29 INFO     Client: 33 Epoch: 3 Loss: 1.1702453374862671
05-05 15:29 INFO     Client: 33 Epoch: 4 Loss: 1.165004014968872
05-05 15:29 INFO      ** Client: 33 Training complete **
05-05 15:29 INFO     Training network 34 n_training: 1012
05-05 15:29 INFO     Training network 34
05-05 15:29 INFO     Client: 34 Epoch: 0 Loss: 2.6480136290192604
05-05 15:29 INFO     Client: 34 Epoch: 1 Loss: 1.5213923454284668
05-05 15:29 INFO     Client: 34 Epoch: 2 Loss: 1.3113270476460457
05-05 15:29 INFO     Client: 34 Epoch: 3 Loss: 1.2254362180829048
05-05 15:29 INFO     Client: 34 Epoch: 4 Loss: 1.2048656716942787
05-05 15:29 INFO      ** Client: 34 Training complete **
05-05 15:29 INFO     Training network 35 n_training: 1214
05-05 15:29 INFO     Training network 35
05-05 15:29 INFO     Client: 35 Epoch: 0 Loss: 2.5970625751896907
05-05 15:29 INFO     Client: 35 Epoch: 1 Loss: 1.761400448648553
05-05 15:29 INFO     Client: 35 Epoch: 2 Loss: 1.59891855089288
05-05 15:29 INFO     Client: 35 Epoch: 3 Loss: 1.5437931073339362
05-05 15:29 INFO     Client: 35 Epoch: 4 Loss: 1.4215924363387258
05-05 15:29 INFO      ** Client: 35 Training complete **
05-05 15:29 INFO     Training network 36 n_training: 1036
05-05 15:29 INFO     Training network 36
05-05 15:29 INFO     Client: 36 Epoch: 0 Loss: 2.544961459496442
05-05 15:29 INFO     Client: 36 Epoch: 1 Loss: 1.5117792031344246
05-05 15:29 INFO     Client: 36 Epoch: 2 Loss: 1.4339422338149126
05-05 15:29 INFO     Client: 36 Epoch: 3 Loss: 1.3290553303325878
05-05 15:29 INFO     Client: 36 Epoch: 4 Loss: 1.1971336322672226
05-05 15:29 INFO      ** Client: 36 Training complete **
05-05 15:29 INFO     Training network 37 n_training: 651
05-05 15:29 INFO     Training network 37
05-05 15:29 INFO     Client: 37 Epoch: 0 Loss: 2.6534199714660645
05-05 15:29 INFO     Client: 37 Epoch: 1 Loss: 1.3847573074427517
05-05 15:29 INFO     Client: 37 Epoch: 2 Loss: 1.1966878825967961
05-05 15:29 INFO     Client: 37 Epoch: 3 Loss: 1.1293781399726868
05-05 15:29 INFO     Client: 37 Epoch: 4 Loss: 0.9611590342088179
05-05 15:29 INFO      ** Client: 37 Training complete **
05-05 15:29 INFO     Training network 38 n_training: 1399
05-05 15:29 INFO     Training network 38
05-05 15:29 INFO     Client: 38 Epoch: 0 Loss: 2.3663060556758535
05-05 15:29 INFO     Client: 38 Epoch: 1 Loss: 1.5556110522963784
05-05 15:29 INFO     Client: 38 Epoch: 2 Loss: 1.3886554457924583
05-05 15:29 INFO     Client: 38 Epoch: 3 Loss: 1.3109875240109183
05-05 15:29 INFO     Client: 38 Epoch: 4 Loss: 1.257187084718184
05-05 15:29 INFO      ** Client: 38 Training complete **
05-05 15:29 INFO     Training network 39 n_training: 1054
05-05 15:29 INFO     Training network 39
05-05 15:29 INFO     Client: 39 Epoch: 0 Loss: 2.2432628519394817
05-05 15:29 INFO     Client: 39 Epoch: 1 Loss: 1.337022816433626
05-05 15:29 INFO     Client: 39 Epoch: 2 Loss: 1.2333295029752396
05-05 15:29 INFO     Client: 39 Epoch: 3 Loss: 1.1297873784514034
05-05 15:29 INFO     Client: 39 Epoch: 4 Loss: 1.1202326767584856
05-05 15:29 INFO      ** Client: 39 Training complete **
05-05 15:29 INFO     Training network 40 n_training: 1108
05-05 15:29 INFO     Training network 40
05-05 15:29 INFO     Client: 40 Epoch: 0 Loss: 2.538222200340695
05-05 15:29 INFO     Client: 40 Epoch: 1 Loss: 1.6176083154148526
05-05 15:29 INFO     Client: 40 Epoch: 2 Loss: 1.4128315779897902
05-05 15:29 INFO     Client: 40 Epoch: 3 Loss: 1.3942957056893244
05-05 15:29 INFO     Client: 40 Epoch: 4 Loss: 1.2863207393222384
05-05 15:29 INFO      ** Client: 40 Training complete **
05-05 15:29 INFO     Training network 41 n_training: 1293
05-05 15:29 INFO     Training network 41
05-05 15:29 INFO     Client: 41 Epoch: 0 Loss: 2.060754418373108
05-05 15:29 INFO     Client: 41 Epoch: 1 Loss: 1.1754507507596696
05-05 15:29 INFO     Client: 41 Epoch: 2 Loss: 1.1256147566295804
05-05 15:29 INFO     Client: 41 Epoch: 3 Loss: 1.0771113321894692
05-05 15:29 INFO     Client: 41 Epoch: 4 Loss: 1.0358006755510967
05-05 15:29 INFO      ** Client: 41 Training complete **
05-05 15:29 INFO     Training network 42 n_training: 1161
05-05 15:29 INFO     Training network 42
05-05 15:29 INFO     Client: 42 Epoch: 0 Loss: 2.249678743513007
05-05 15:29 INFO     Client: 42 Epoch: 1 Loss: 1.3572717622706765
05-05 15:29 INFO     Client: 42 Epoch: 2 Loss: 1.2069501437638934
05-05 15:29 INFO     Client: 42 Epoch: 3 Loss: 1.088121727893227
05-05 15:29 INFO     Client: 42 Epoch: 4 Loss: 1.0381298378894204
05-05 15:29 INFO      ** Client: 42 Training complete **
05-05 15:29 INFO     Training network 43 n_training: 1065
05-05 15:29 INFO     Training network 43
05-05 15:29 INFO     Client: 43 Epoch: 0 Loss: 2.2717612701303818
05-05 15:29 INFO     Client: 43 Epoch: 1 Loss: 1.37214476220748
05-05 15:29 INFO     Client: 43 Epoch: 2 Loss: 1.2657452681485344
05-05 15:29 INFO     Client: 43 Epoch: 3 Loss: 1.161454085041495
05-05 15:29 INFO     Client: 43 Epoch: 4 Loss: 1.0920935728970695
05-05 15:29 INFO      ** Client: 43 Training complete **
05-05 15:29 INFO     Training network 44 n_training: 1116
05-05 15:29 INFO     Training network 44
05-05 15:29 INFO     Client: 44 Epoch: 0 Loss: 2.3713887665006848
05-05 15:29 INFO     Client: 44 Epoch: 1 Loss: 1.4089045127232869
05-05 15:29 INFO     Client: 44 Epoch: 2 Loss: 1.3152736094262865
05-05 15:29 INFO     Client: 44 Epoch: 3 Loss: 1.2836252252260845
05-05 15:29 INFO     Client: 44 Epoch: 4 Loss: 1.2057269281811185
05-05 15:29 INFO      ** Client: 44 Training complete **
05-05 15:29 INFO     Training network 45 n_training: 1450
05-05 15:29 INFO     Training network 45
05-05 15:29 INFO     Client: 45 Epoch: 0 Loss: 2.544065843457761
05-05 15:29 INFO     Client: 45 Epoch: 1 Loss: 1.7674354936765588
05-05 15:29 INFO     Client: 45 Epoch: 2 Loss: 1.7162037051242331
05-05 15:29 INFO     Client: 45 Epoch: 3 Loss: 1.6010187760643337
05-05 15:29 INFO     Client: 45 Epoch: 4 Loss: 1.5143846273422241
05-05 15:29 INFO      ** Client: 45 Training complete **
05-05 15:29 INFO     Training network 46 n_training: 1318
05-05 15:29 INFO     Training network 46
05-05 15:29 INFO     Client: 46 Epoch: 0 Loss: 2.5493656510398504
05-05 15:29 INFO     Client: 46 Epoch: 1 Loss: 1.8131509338106429
05-05 15:29 INFO     Client: 46 Epoch: 2 Loss: 1.705003403481983
05-05 15:29 INFO     Client: 46 Epoch: 3 Loss: 1.6645120666140603
05-05 15:29 INFO     Client: 46 Epoch: 4 Loss: 1.5935852754683721
05-05 15:29 INFO      ** Client: 46 Training complete **
05-05 15:29 INFO     Training network 47 n_training: 1263
05-05 15:29 INFO     Training network 47
05-05 15:29 INFO     Client: 47 Epoch: 0 Loss: 2.5179418206214903
05-05 15:29 INFO     Client: 47 Epoch: 1 Loss: 1.6027978718280793
05-05 15:29 INFO     Client: 47 Epoch: 2 Loss: 1.378842031955719
05-05 15:29 INFO     Client: 47 Epoch: 3 Loss: 1.3134491503238679
05-05 15:29 INFO     Client: 47 Epoch: 4 Loss: 1.1921621173620225
05-05 15:29 INFO      ** Client: 47 Training complete **
05-05 15:29 INFO     Training network 48 n_training: 1212
05-05 15:29 INFO     Training network 48
05-05 15:29 INFO     Client: 48 Epoch: 0 Loss: 2.121912570376145
05-05 15:29 INFO     Client: 48 Epoch: 1 Loss: 1.1467284968024807
05-05 15:29 INFO     Client: 48 Epoch: 2 Loss: 1.0847026548887555
05-05 15:29 INFO     Client: 48 Epoch: 3 Loss: 0.9944649966139543
05-05 15:29 INFO     Client: 48 Epoch: 4 Loss: 0.9725451563533983
05-05 15:29 INFO      ** Client: 48 Training complete **
05-05 15:29 INFO     Training network 49 n_training: 1034
05-05 15:29 INFO     Training network 49
05-05 15:29 INFO     Client: 49 Epoch: 0 Loss: 2.409182878101573
05-05 15:29 INFO     Client: 49 Epoch: 1 Loss: 1.258000959368313
05-05 15:29 INFO     Client: 49 Epoch: 2 Loss: 1.1630944118780249
05-05 15:29 INFO     Client: 49 Epoch: 3 Loss: 1.0980248521356022
05-05 15:29 INFO     Client: 49 Epoch: 4 Loss: 1.0141288532930262
05-05 15:29 INFO      ** Client: 49 Training complete **
05-05 15:29 INFO     Training network 50 n_training: 924
05-05 15:29 INFO     Training network 50
05-05 15:29 INFO     Client: 50 Epoch: 0 Loss: 2.585848561922709
05-05 15:29 INFO     Client: 50 Epoch: 1 Loss: 1.6139294306437175
05-05 15:29 INFO     Client: 50 Epoch: 2 Loss: 1.5753897587458292
05-05 15:29 INFO     Client: 50 Epoch: 3 Loss: 1.4800660212834675
05-05 15:29 INFO     Client: 50 Epoch: 4 Loss: 1.4148428996404012
05-05 15:29 INFO      ** Client: 50 Training complete **
05-05 15:29 INFO     Training network 51 n_training: 1076
05-05 15:29 INFO     Training network 51
05-05 15:29 INFO     Client: 51 Epoch: 0 Loss: 2.607284391627592
05-05 15:29 INFO     Client: 51 Epoch: 1 Loss: 1.6847260839798872
05-05 15:30 INFO     Client: 51 Epoch: 2 Loss: 1.588333431412192
05-05 15:30 INFO     Client: 51 Epoch: 3 Loss: 1.4645650386810303
05-05 15:30 INFO     Client: 51 Epoch: 4 Loss: 1.3580364619984346
05-05 15:30 INFO      ** Client: 51 Training complete **
05-05 15:30 INFO     Training network 52 n_training: 492
05-05 15:30 INFO     Training network 52
05-05 15:30 INFO     Client: 52 Epoch: 0 Loss: 2.7491254955530167
05-05 15:30 INFO     Client: 52 Epoch: 1 Loss: 1.2807862609624863
05-05 15:30 INFO     Client: 52 Epoch: 2 Loss: 1.0783076137304306
05-05 15:30 INFO     Client: 52 Epoch: 3 Loss: 1.00197321921587
05-05 15:30 INFO     Client: 52 Epoch: 4 Loss: 0.8878843635320663
05-05 15:30 INFO      ** Client: 52 Training complete **
05-05 15:30 INFO     Training network 53 n_training: 548
05-05 15:30 INFO     Training network 53
05-05 15:30 INFO     Client: 53 Epoch: 0 Loss: 2.6249354812833996
05-05 15:30 INFO     Client: 53 Epoch: 1 Loss: 1.1892796357472737
05-05 15:30 INFO     Client: 53 Epoch: 2 Loss: 1.0689301292101543
05-05 15:30 INFO     Client: 53 Epoch: 3 Loss: 0.9806874725553725
05-05 15:30 INFO     Client: 53 Epoch: 4 Loss: 0.9077491429116991
05-05 15:30 INFO      ** Client: 53 Training complete **
05-05 15:30 INFO     Training network 54 n_training: 1049
05-05 15:30 INFO     Training network 54
05-05 15:30 INFO     Client: 54 Epoch: 0 Loss: 2.40753777588115
05-05 15:30 INFO     Client: 54 Epoch: 1 Loss: 1.4740417985355152
05-05 15:30 INFO     Client: 54 Epoch: 2 Loss: 1.3353828542372759
05-05 15:30 INFO     Client: 54 Epoch: 3 Loss: 1.2870166722465963
05-05 15:30 INFO     Client: 54 Epoch: 4 Loss: 1.2123265581972458
05-05 15:30 INFO      ** Client: 54 Training complete **
05-05 15:30 INFO     Training network 55 n_training: 1052
05-05 15:30 INFO     Training network 55
05-05 15:30 INFO     Client: 55 Epoch: 0 Loss: 2.3525390765246224
05-05 15:30 INFO     Client: 55 Epoch: 1 Loss: 1.3477388970992144
05-05 15:30 INFO     Client: 55 Epoch: 2 Loss: 1.2630591322393978
05-05 15:30 INFO     Client: 55 Epoch: 3 Loss: 1.2041104085305159
05-05 15:30 INFO     Client: 55 Epoch: 4 Loss: 1.164188101011164
05-05 15:30 INFO      ** Client: 55 Training complete **
05-05 15:30 INFO     Training network 56 n_training: 1132
05-05 15:30 INFO     Training network 56
05-05 15:30 INFO     Client: 56 Epoch: 0 Loss: 2.6683536767959595
05-05 15:30 INFO     Client: 56 Epoch: 1 Loss: 1.7939802673127916
05-05 15:30 INFO     Client: 56 Epoch: 2 Loss: 1.739873429139455
05-05 15:30 INFO     Client: 56 Epoch: 3 Loss: 1.664928184615241
05-05 15:30 INFO     Client: 56 Epoch: 4 Loss: 1.5611896846029494
05-05 15:30 INFO      ** Client: 56 Training complete **
05-05 15:30 INFO     Training network 57 n_training: 866
05-05 15:30 INFO     Training network 57
05-05 15:30 INFO     Client: 57 Epoch: 0 Loss: 2.5603367345673695
05-05 15:30 INFO     Client: 57 Epoch: 1 Loss: 1.4223795192582267
05-05 15:30 INFO     Client: 57 Epoch: 2 Loss: 1.3014699901853288
05-05 15:30 INFO     Client: 57 Epoch: 3 Loss: 1.2441785335540771
05-05 15:30 INFO     Client: 57 Epoch: 4 Loss: 1.2166882412774223
05-05 15:30 INFO      ** Client: 57 Training complete **
05-05 15:30 INFO     Training network 58 n_training: 1138
05-05 15:30 INFO     Training network 58
05-05 15:30 INFO     Client: 58 Epoch: 0 Loss: 2.33916793929206
05-05 15:30 INFO     Client: 58 Epoch: 1 Loss: 1.4801467392179701
05-05 15:30 INFO     Client: 58 Epoch: 2 Loss: 1.326729761229621
05-05 15:30 INFO     Client: 58 Epoch: 3 Loss: 1.25105024377505
05-05 15:30 INFO     Client: 58 Epoch: 4 Loss: 1.2007691065470378
05-05 15:30 INFO      ** Client: 58 Training complete **
05-05 15:30 INFO     Training network 59 n_training: 1118
05-05 15:30 INFO     Training network 59
05-05 15:30 INFO     Client: 59 Epoch: 0 Loss: 3.1056653261184692
05-05 15:30 INFO     Client: 59 Epoch: 1 Loss: 2.363065150048998
05-05 15:30 INFO     Client: 59 Epoch: 2 Loss: 2.286676221423679
05-05 15:30 INFO     Client: 59 Epoch: 3 Loss: 2.2388377918137445
05-05 15:30 INFO     Client: 59 Epoch: 4 Loss: 2.19569949971305
05-05 15:30 INFO      ** Client: 59 Training complete **
05-05 15:30 INFO     Training network 60 n_training: 1206
05-05 15:30 INFO     Training network 60
05-05 15:30 INFO     Client: 60 Epoch: 0 Loss: 2.654135980104145
05-05 15:30 INFO     Client: 60 Epoch: 1 Loss: 1.63674291184074
05-05 15:30 INFO     Client: 60 Epoch: 2 Loss: 1.43720323161075
05-05 15:30 INFO     Client: 60 Epoch: 3 Loss: 1.296596646308899
05-05 15:30 INFO     Client: 60 Epoch: 4 Loss: 1.198072452294199
05-05 15:30 INFO      ** Client: 60 Training complete **
05-05 15:30 INFO     Training network 61 n_training: 1041
05-05 15:30 INFO     Training network 61
05-05 15:30 INFO     Client: 61 Epoch: 0 Loss: 2.274065704906688
05-05 15:30 INFO     Client: 61 Epoch: 1 Loss: 1.4117253247429342
05-05 15:30 INFO     Client: 61 Epoch: 2 Loss: 1.2554846616352306
05-05 15:30 INFO     Client: 61 Epoch: 3 Loss: 1.1918976306915283
05-05 15:30 INFO     Client: 61 Epoch: 4 Loss: 1.1164421298924614
05-05 15:30 INFO      ** Client: 61 Training complete **
05-05 15:30 INFO     Training network 62 n_training: 1364
05-05 15:30 INFO     Training network 62
05-05 15:30 INFO     Client: 62 Epoch: 0 Loss: 2.387470765547319
05-05 15:30 INFO     Client: 62 Epoch: 1 Loss: 1.6226082010702654
05-05 15:30 INFO     Client: 62 Epoch: 2 Loss: 1.4478822621432217
05-05 15:30 INFO     Client: 62 Epoch: 3 Loss: 1.3109558522701263
05-05 15:30 INFO     Client: 62 Epoch: 4 Loss: 1.2562902136282488
05-05 15:30 INFO      ** Client: 62 Training complete **
05-05 15:30 INFO     Training network 63 n_training: 1047
05-05 15:30 INFO     Training network 63
05-05 15:30 INFO     Client: 63 Epoch: 0 Loss: 2.5844087039723114
05-05 15:30 INFO     Client: 63 Epoch: 1 Loss: 1.6551590176189648
05-05 15:30 INFO     Client: 63 Epoch: 2 Loss: 1.520164882435518
05-05 15:30 INFO     Client: 63 Epoch: 3 Loss: 1.4423945791581099
05-05 15:30 INFO     Client: 63 Epoch: 4 Loss: 1.3442633572746725
05-05 15:30 INFO      ** Client: 63 Training complete **
05-05 15:30 INFO     Training network 64 n_training: 1059
05-05 15:30 INFO     Training network 64
05-05 15:30 INFO     Client: 64 Epoch: 0 Loss: 2.717232613002553
05-05 15:30 INFO     Client: 64 Epoch: 1 Loss: 1.801065536106334
05-05 15:30 INFO     Client: 64 Epoch: 2 Loss: 1.6591673177831314
05-05 15:30 INFO     Client: 64 Epoch: 3 Loss: 1.544665210387286
05-05 15:30 INFO     Client: 64 Epoch: 4 Loss: 1.4605144402560066
05-05 15:30 INFO      ** Client: 64 Training complete **
05-05 15:30 INFO     Training network 65 n_training: 140
05-05 15:30 INFO     Training network 65
05-05 15:30 INFO     Client: 65 Epoch: 0 Loss: 4.697882731755574
05-05 15:30 INFO     Client: 65 Epoch: 1 Loss: 3.132044792175293
05-05 15:30 INFO     Client: 65 Epoch: 2 Loss: 1.8022626638412476
05-05 15:30 INFO     Client: 65 Epoch: 3 Loss: 1.8549991051355998
05-05 15:30 INFO     Client: 65 Epoch: 4 Loss: 1.6012624502182007
05-05 15:30 INFO      ** Client: 65 Training complete **
05-05 15:30 INFO     Training network 66 n_training: 1007
05-05 15:30 INFO     Training network 66
05-05 15:30 INFO     Client: 66 Epoch: 0 Loss: 2.6706984788179398
05-05 15:30 INFO     Client: 66 Epoch: 1 Loss: 1.6699514985084534
05-05 15:30 INFO     Client: 66 Epoch: 2 Loss: 1.5582841113209724
05-05 15:30 INFO     Client: 66 Epoch: 3 Loss: 1.423512451350689
05-05 15:30 INFO     Client: 66 Epoch: 4 Loss: 1.391265608370304
05-05 15:30 INFO      ** Client: 66 Training complete **
05-05 15:30 INFO     Training network 67 n_training: 1015
05-05 15:30 INFO     Training network 67
05-05 15:30 INFO     Client: 67 Epoch: 0 Loss: 2.547429658472538
05-05 15:30 INFO     Client: 67 Epoch: 1 Loss: 1.6024473831057549
05-05 15:30 INFO     Client: 67 Epoch: 2 Loss: 1.5462629795074463
05-05 15:30 INFO     Client: 67 Epoch: 3 Loss: 1.472266599535942
05-05 15:30 INFO     Client: 67 Epoch: 4 Loss: 1.446012683212757
05-05 15:30 INFO      ** Client: 67 Training complete **
05-05 15:30 INFO     Training network 68 n_training: 883
05-05 15:30 INFO     Training network 68
05-05 15:30 INFO     Client: 68 Epoch: 0 Loss: 2.595523340361459
05-05 15:30 INFO     Client: 68 Epoch: 1 Loss: 1.525376353945051
05-05 15:30 INFO     Client: 68 Epoch: 2 Loss: 1.2991306356021337
05-05 15:30 INFO     Client: 68 Epoch: 3 Loss: 1.180763908794948
05-05 15:30 INFO     Client: 68 Epoch: 4 Loss: 1.1194065766675132
05-05 15:30 INFO      ** Client: 68 Training complete **
05-05 15:30 INFO     Training network 69 n_training: 1171
05-05 15:30 INFO     Training network 69
05-05 15:30 INFO     Client: 69 Epoch: 0 Loss: 2.3123858978873804
05-05 15:30 INFO     Client: 69 Epoch: 1 Loss: 1.362196916028073
05-05 15:30 INFO     Client: 69 Epoch: 2 Loss: 1.177742889052943
05-05 15:30 INFO     Client: 69 Epoch: 3 Loss: 1.1458721474597329
05-05 15:30 INFO     Client: 69 Epoch: 4 Loss: 1.0884464226270978
05-05 15:30 INFO      ** Client: 69 Training complete **
05-05 15:30 INFO     Training network 70 n_training: 1007
05-05 15:30 INFO     Training network 70
05-05 15:30 INFO     Client: 70 Epoch: 0 Loss: 2.325764611363411
05-05 15:30 INFO     Client: 70 Epoch: 1 Loss: 1.3543261662125587
05-05 15:30 INFO     Client: 70 Epoch: 2 Loss: 1.2213008105754852
05-05 15:30 INFO     Client: 70 Epoch: 3 Loss: 1.0902821496129036
05-05 15:30 INFO     Client: 70 Epoch: 4 Loss: 1.047866351902485
05-05 15:30 INFO      ** Client: 70 Training complete **
05-05 15:30 INFO     Training network 71 n_training: 1052
05-05 15:30 INFO     Training network 71
05-05 15:30 INFO     Client: 71 Epoch: 0 Loss: 2.506502193563125
05-05 15:30 INFO     Client: 71 Epoch: 1 Loss: 1.6183007464689367
05-05 15:30 INFO     Client: 71 Epoch: 2 Loss: 1.54909909472746
05-05 15:30 INFO     Client: 71 Epoch: 3 Loss: 1.4261364410905277
05-05 15:30 INFO     Client: 71 Epoch: 4 Loss: 1.3847399950027466
05-05 15:30 INFO      ** Client: 71 Training complete **
05-05 15:30 INFO     Training network 72 n_training: 1035
05-05 15:30 INFO     Training network 72
05-05 15:30 INFO     Client: 72 Epoch: 0 Loss: 2.418754549587474
05-05 15:30 INFO     Client: 72 Epoch: 1 Loss: 1.4314491187824923
05-05 15:30 INFO     Client: 72 Epoch: 2 Loss: 1.2560211069443648
05-05 15:30 INFO     Client: 72 Epoch: 3 Loss: 1.0949159369749182
05-05 15:30 INFO     Client: 72 Epoch: 4 Loss: 1.0356840701664196
05-05 15:30 INFO      ** Client: 72 Training complete **
05-05 15:30 INFO     Training network 73 n_training: 1007
05-05 15:30 INFO     Training network 73
05-05 15:30 INFO     Client: 73 Epoch: 0 Loss: 2.4556184336543083
05-05 15:30 INFO     Client: 73 Epoch: 1 Loss: 1.3710476085543633
05-05 15:30 INFO     Client: 73 Epoch: 2 Loss: 1.1856405548751354
05-05 15:30 INFO     Client: 73 Epoch: 3 Loss: 1.1400361210107803
05-05 15:30 INFO     Client: 73 Epoch: 4 Loss: 1.0787490531802177
05-05 15:30 INFO      ** Client: 73 Training complete **
05-05 15:30 INFO     Training network 74 n_training: 806
05-05 15:30 INFO     Training network 74
05-05 15:30 INFO     Client: 74 Epoch: 0 Loss: 2.5569661947397084
05-05 15:31 INFO     Client: 74 Epoch: 1 Loss: 1.4187722297815175
05-05 15:31 INFO     Client: 74 Epoch: 2 Loss: 1.345570940237779
05-05 15:31 INFO     Client: 74 Epoch: 3 Loss: 1.28896269431481
05-05 15:31 INFO     Client: 74 Epoch: 4 Loss: 1.2335976362228394
05-05 15:31 INFO      ** Client: 74 Training complete **
05-05 15:31 INFO     Training network 75 n_training: 1200
05-05 15:31 INFO     Training network 75
05-05 15:31 INFO     Client: 75 Epoch: 0 Loss: 2.296332961634586
05-05 15:31 INFO     Client: 75 Epoch: 1 Loss: 1.2643494229567678
05-05 15:31 INFO     Client: 75 Epoch: 2 Loss: 1.1384303224714178
05-05 15:31 INFO     Client: 75 Epoch: 3 Loss: 1.0701495440382707
05-05 15:31 INFO     Client: 75 Epoch: 4 Loss: 1.010542985640074
05-05 15:31 INFO      ** Client: 75 Training complete **
05-05 15:31 INFO     Training network 76 n_training: 455
05-05 15:31 INFO     Training network 76
05-05 15:31 INFO     Client: 76 Epoch: 0 Loss: 3.1103806495666504
05-05 15:31 INFO     Client: 76 Epoch: 1 Loss: 1.7551820874214172
05-05 15:31 INFO     Client: 76 Epoch: 2 Loss: 1.0273194462060928
05-05 15:31 INFO     Client: 76 Epoch: 3 Loss: 1.028479352593422
05-05 15:31 INFO     Client: 76 Epoch: 4 Loss: 1.0908558443188667
05-05 15:31 INFO      ** Client: 76 Training complete **
05-05 15:31 INFO     Training network 77 n_training: 933
05-05 15:31 INFO     Training network 77
05-05 15:31 INFO     Client: 77 Epoch: 0 Loss: 2.6892313083012898
05-05 15:31 INFO     Client: 77 Epoch: 1 Loss: 1.7033676147460937
05-05 15:31 INFO     Client: 77 Epoch: 2 Loss: 1.6224395831425984
05-05 15:31 INFO     Client: 77 Epoch: 3 Loss: 1.517248797416687
05-05 15:31 INFO     Client: 77 Epoch: 4 Loss: 1.473439335823059
05-05 15:31 INFO      ** Client: 77 Training complete **
05-05 15:31 INFO     Training network 78 n_training: 1092
05-05 15:31 INFO     Training network 78
05-05 15:31 INFO     Client: 78 Epoch: 0 Loss: 2.4299569725990295
05-05 15:31 INFO     Client: 78 Epoch: 1 Loss: 1.5418727331691318
05-05 15:31 INFO     Client: 78 Epoch: 2 Loss: 1.4656828310754564
05-05 15:31 INFO     Client: 78 Epoch: 3 Loss: 1.416365795665317
05-05 15:31 INFO     Client: 78 Epoch: 4 Loss: 1.4022805293401082
05-05 15:31 INFO      ** Client: 78 Training complete **
05-05 15:31 INFO     Training network 79 n_training: 733
05-05 15:31 INFO     Training network 79
05-05 15:31 INFO     Client: 79 Epoch: 0 Loss: 3.0330498119195304
05-05 15:31 INFO     Client: 79 Epoch: 1 Loss: 1.7334013283252716
05-05 15:31 INFO     Client: 79 Epoch: 2 Loss: 1.6756340265274048
05-05 15:31 INFO     Client: 79 Epoch: 3 Loss: 1.6292926669120789
05-05 15:31 INFO     Client: 79 Epoch: 4 Loss: 1.5890115797519684
05-05 15:31 INFO      ** Client: 79 Training complete **
05-05 15:31 INFO     Training network 80 n_training: 1128
05-05 15:31 INFO     Training network 80
05-05 15:31 INFO     Client: 80 Epoch: 0 Loss: 2.5513885021209717
05-05 15:31 INFO     Client: 80 Epoch: 1 Loss: 1.7239760292900934
05-05 15:31 INFO     Client: 80 Epoch: 2 Loss: 1.6520819597774081
05-05 15:31 INFO     Client: 80 Epoch: 3 Loss: 1.5280431906382244
05-05 15:31 INFO     Client: 80 Epoch: 4 Loss: 1.4391526579856873
05-05 15:31 INFO      ** Client: 80 Training complete **
05-05 15:31 INFO     Training network 81 n_training: 1013
05-05 15:31 INFO     Training network 81
05-05 15:31 INFO     Client: 81 Epoch: 0 Loss: 2.5709413588047028
05-05 15:31 INFO     Client: 81 Epoch: 1 Loss: 1.6141193136572838
05-05 15:31 INFO     Client: 81 Epoch: 2 Loss: 1.4705359265208244
05-05 15:31 INFO     Client: 81 Epoch: 3 Loss: 1.4485175386071205
05-05 15:31 INFO     Client: 81 Epoch: 4 Loss: 1.3799061253666878
05-05 15:31 INFO      ** Client: 81 Training complete **
05-05 15:31 INFO     Training network 82 n_training: 1104
05-05 15:31 INFO     Training network 82
05-05 15:31 INFO     Client: 82 Epoch: 0 Loss: 2.4240663647651672
05-05 15:31 INFO     Client: 82 Epoch: 1 Loss: 1.5376861559020147
05-05 15:31 INFO     Client: 82 Epoch: 2 Loss: 1.4499799874093797
05-05 15:31 INFO     Client: 82 Epoch: 3 Loss: 1.3115167882707384
05-05 15:31 INFO     Client: 82 Epoch: 4 Loss: 1.2308541072739496
05-05 15:31 INFO      ** Client: 82 Training complete **
05-05 15:31 INFO     Training network 83 n_training: 1003
05-05 15:31 INFO     Training network 83
05-05 15:31 INFO     Client: 83 Epoch: 0 Loss: 2.3614623621106148
05-05 15:31 INFO     Client: 83 Epoch: 1 Loss: 1.3503196984529495
05-05 15:31 INFO     Client: 83 Epoch: 2 Loss: 1.2646210044622421
05-05 15:31 INFO     Client: 83 Epoch: 3 Loss: 1.286675587296486
05-05 15:31 INFO     Client: 83 Epoch: 4 Loss: 1.20600526034832
05-05 15:31 INFO      ** Client: 83 Training complete **
05-05 15:31 INFO     Training network 84 n_training: 243
05-05 15:31 INFO     Training network 84
05-05 15:31 INFO     Client: 84 Epoch: 0 Loss: 4.893672227859497
05-05 15:31 INFO     Client: 84 Epoch: 1 Loss: 3.1960792541503906
05-05 15:31 INFO     Client: 84 Epoch: 2 Loss: 2.4136850237846375
05-05 15:31 INFO     Client: 84 Epoch: 3 Loss: 2.4190356731414795
05-05 15:31 INFO     Client: 84 Epoch: 4 Loss: 2.349457085132599
05-05 15:31 INFO      ** Client: 84 Training complete **
05-05 15:31 INFO     Training network 85 n_training: 1142
05-05 15:31 INFO     Training network 85
05-05 15:31 INFO     Client: 85 Epoch: 0 Loss: 2.7492065164777966
05-05 15:31 INFO     Client: 85 Epoch: 1 Loss: 2.001714030901591
05-05 15:31 INFO     Client: 85 Epoch: 2 Loss: 1.8422933883137174
05-05 15:31 INFO     Client: 85 Epoch: 3 Loss: 1.7437138093842401
05-05 15:31 INFO     Client: 85 Epoch: 4 Loss: 1.6697403523657057
05-05 15:31 INFO      ** Client: 85 Training complete **
05-05 15:31 INFO     Training network 86 n_training: 867
05-05 15:31 INFO     Training network 86
05-05 15:31 INFO     Client: 86 Epoch: 0 Loss: 2.70674204826355
05-05 15:31 INFO     Client: 86 Epoch: 1 Loss: 1.5708585636956351
05-05 15:31 INFO     Client: 86 Epoch: 2 Loss: 1.4748591014317103
05-05 15:31 INFO     Client: 86 Epoch: 3 Loss: 1.3832414575985499
05-05 15:31 INFO     Client: 86 Epoch: 4 Loss: 1.2369528072220939
05-05 15:31 INFO      ** Client: 86 Training complete **
05-05 15:31 INFO     Training network 87 n_training: 681
05-05 15:31 INFO     Training network 87
05-05 15:31 INFO     Client: 87 Epoch: 0 Loss: 3.1555704203518955
05-05 15:31 INFO     Client: 87 Epoch: 1 Loss: 1.8755387176166882
05-05 15:31 INFO     Client: 87 Epoch: 2 Loss: 1.785458586432717
05-05 15:31 INFO     Client: 87 Epoch: 3 Loss: 1.6284676573493264
05-05 15:31 INFO     Client: 87 Epoch: 4 Loss: 1.5932755253531716
05-05 15:31 INFO      ** Client: 87 Training complete **
05-05 15:31 INFO     Training network 88 n_training: 809
05-05 15:31 INFO     Training network 88
05-05 15:31 INFO     Client: 88 Epoch: 0 Loss: 2.407196017412039
05-05 15:31 INFO     Client: 88 Epoch: 1 Loss: 1.2120243310928345
05-05 15:31 INFO     Client: 88 Epoch: 2 Loss: 1.0750998304440424
05-05 15:31 INFO     Client: 88 Epoch: 3 Loss: 1.0382325511712294
05-05 15:31 INFO     Client: 88 Epoch: 4 Loss: 0.9792756942602304
05-05 15:31 INFO      ** Client: 88 Training complete **
05-05 15:31 INFO     Training network 89 n_training: 1211
05-05 15:31 INFO     Training network 89
05-05 15:31 INFO     Client: 89 Epoch: 0 Loss: 2.7417738249427392
05-05 15:31 INFO     Client: 89 Epoch: 1 Loss: 1.9653557162535817
05-05 15:31 INFO     Client: 89 Epoch: 2 Loss: 1.7639657949146472
05-05 15:31 INFO     Client: 89 Epoch: 3 Loss: 1.6696781484704268
05-05 15:31 INFO     Client: 89 Epoch: 4 Loss: 1.5897235305685746
05-05 15:31 INFO      ** Client: 89 Training complete **
05-05 15:31 INFO     Training network 90 n_training: 1013
05-05 15:31 INFO     Training network 90
05-05 15:31 INFO     Client: 90 Epoch: 0 Loss: 2.4025450944900513
05-05 15:31 INFO     Client: 90 Epoch: 1 Loss: 1.2847243025898933
05-05 15:31 INFO     Client: 90 Epoch: 2 Loss: 1.1542462818324566
05-05 15:31 INFO     Client: 90 Epoch: 3 Loss: 1.0935699604451656
05-05 15:31 INFO     Client: 90 Epoch: 4 Loss: 1.0015935450792313
05-05 15:31 INFO      ** Client: 90 Training complete **
05-05 15:31 INFO     Training network 91 n_training: 1018
05-05 15:31 INFO     Training network 91
05-05 15:31 INFO     Client: 91 Epoch: 0 Loss: 2.4116239696741104
05-05 15:31 INFO     Client: 91 Epoch: 1 Loss: 1.4019130989909172
05-05 15:31 INFO     Client: 91 Epoch: 2 Loss: 1.3028811812400818
05-05 15:31 INFO     Client: 91 Epoch: 3 Loss: 1.2328753471374512
05-05 15:31 INFO     Client: 91 Epoch: 4 Loss: 1.1840539053082466
05-05 15:31 INFO      ** Client: 91 Training complete **
05-05 15:31 INFO     Training network 92 n_training: 1161
05-05 15:31 INFO     Training network 92
