03-17 14:57 INFO     cuda:0
03-17 14:57 INFO     Command Line Arguments: 
{
    "epochs": 1,
    "comm_round": 1,
    "sample_fraction": 1.0,
    "alpha": 1e+200,
    "dataset": "cifar10",
    "datadir": "../data/",
    "partition": "subsample",
    "alg": "sflv2",
    "model": "resnet-18",
    "n_parties": 2,
    "lr": 0.01,
    "mu": 1,
    "std_coeff": 2.5,
    "unif_coeff": 0.5,
    "batch_size": 128,
    "load_first_net": 1,
    "pool_option": "FIFO",
    "model_buffer_size": 1,
    "optimizer": "sgd",
    "simp_width": 1,
    "out_dim": 256,
    "reg": 0.0005,
    "temperature": 0.5,
    "logdir": "./",
    "log_file_name": "logs/experiment_log-alg=sflv2_partition=subsample_lr=0.01_epochs=1_num_users=2_beta=1e+200_batch_size=128_opt=sgd_dataset=cifar10_2024-03-17-1457-07",
    "seed": 42,
    "device": "cuda:0"
}
03-17 14:57 INFO     Data statistics: {0: {0: 507, 1: 498, 2: 515, 3: 526, 4: 495, 5: 522, 6: 492, 7: 474, 8: 508, 9: 463}, 1: {0: 828, 1: 782, 2: 832, 3: 754, 4: 792, 5: 832, 6: 771, 7: 790, 8: 827, 9: 792}}
03-17 14:57 INFO     in comm round:0
03-17 14:57 INFO     Training network 0 n_training: 5000
03-17 14:57 INFO     Training network 0
03-17 14:57 INFO     n_training: 39
03-17 14:57 INFO     Client: 0 Epoch: 0 Loss: 1.997421784278674
03-17 14:57 INFO      ** Client: 0 Training complete **
03-17 14:57 INFO     Training network 1 n_training: 8000
03-17 14:57 INFO     Training network 1
03-17 14:57 INFO     n_training: 62
03-17 14:57 INFO     Client: 1 Epoch: 0 Loss: 1.870205581188202
03-17 14:57 INFO      ** Client: 1 Training complete **
03-17 14:57 INFO     global n_training: 390
03-17 14:57 INFO     global n_test: 79
03-17 14:57 INFO     >> Global Model Train accuracy: 0.312580
03-17 14:57 INFO     >> Global Model Test accuracy: 0.337500
03-17 14:57 INFO     >> Global Model Train loss: 1.812210
03-17 14:57 INFO     Starting Fine Tuning...
03-17 14:57 INFO     Training network 0
03-17 14:57 INFO     n_training: 39
03-17 14:57 INFO     Client: 0 Epoch: 0 Loss: 1.645240841767727
03-17 14:57 INFO      ** Client: 0 Training complete **
03-17 14:57 INFO     Training network 0
03-17 14:57 INFO     n_training: 39
03-17 14:57 INFO     Client: 0 Epoch: 0 Loss: 1.5069463711518507
03-17 14:57 INFO      ** Client: 0 Training complete **
03-17 14:57 INFO     Training network 0
03-17 14:57 INFO     n_training: 39
03-17 14:57 INFO     Client: 0 Epoch: 0 Loss: 1.366213077153915
03-17 14:57 INFO      ** Client: 0 Training complete **
03-17 14:57 INFO     Training network 0
03-17 14:57 INFO     n_training: 39
03-17 14:57 INFO     Client: 0 Epoch: 0 Loss: 1.2836953126467192
03-17 14:57 INFO      ** Client: 0 Training complete **
03-17 14:57 INFO     Training network 0
03-17 14:57 INFO     n_training: 39
03-17 14:57 INFO     Client: 0 Epoch: 0 Loss: 1.2080943156511357
03-17 14:57 INFO      ** Client: 0 Training complete **
03-17 14:57 INFO     Training network 0
03-17 14:57 INFO     n_training: 39
03-17 14:57 INFO     Client: 0 Epoch: 0 Loss: 1.171741436689328
03-17 14:57 INFO      ** Client: 0 Training complete **
03-17 14:57 INFO     Training network 0
03-17 14:57 INFO     n_training: 39
03-17 14:57 INFO     Client: 0 Epoch: 0 Loss: 1.0698900665992346
03-17 14:57 INFO      ** Client: 0 Training complete **
03-17 14:57 INFO     Training network 0
03-17 14:57 INFO     n_training: 39
03-17 14:57 INFO     Client: 0 Epoch: 0 Loss: 1.0205560250160022
03-17 14:57 INFO      ** Client: 0 Training complete **
03-17 14:57 INFO     Training network 0
03-17 14:57 INFO     n_training: 39
03-17 14:57 INFO     Client: 0 Epoch: 0 Loss: 0.9578181994266999
03-17 14:57 INFO      ** Client: 0 Training complete **
03-17 14:57 INFO     Training network 1
03-17 14:57 INFO     n_training: 62
03-17 14:57 INFO     Client: 1 Epoch: 0 Loss: 1.5037173090442535
03-17 14:57 INFO      ** Client: 1 Training complete **
03-17 14:57 INFO     Training network 1
03-17 14:57 INFO     n_training: 62
03-17 14:57 INFO     Client: 1 Epoch: 0 Loss: 1.3536728505165345
03-17 14:57 INFO      ** Client: 1 Training complete **
03-17 14:57 INFO     Training network 1
03-17 14:57 INFO     n_training: 62
03-17 14:58 INFO     Client: 1 Epoch: 0 Loss: 1.2209423530486323
03-17 14:58 INFO      ** Client: 1 Training complete **
03-17 14:58 INFO     Training network 1
03-17 14:58 INFO     n_training: 62
03-17 14:58 INFO     Client: 1 Epoch: 0 Loss: 1.1006133056456042
03-17 14:58 INFO      ** Client: 1 Training complete **
03-17 14:58 INFO     Training network 1
03-17 14:58 INFO     n_training: 62
03-17 14:58 INFO     Client: 1 Epoch: 0 Loss: 1.0372229881824986
03-17 14:58 INFO      ** Client: 1 Training complete **
03-17 14:58 INFO     Training network 1
03-17 14:58 INFO     n_training: 62
03-17 14:58 INFO     Client: 1 Epoch: 0 Loss: 0.9531461692625477
03-17 14:58 INFO      ** Client: 1 Training complete **
03-17 14:58 INFO     Training network 1
03-17 14:58 INFO     n_training: 62
03-17 14:58 INFO     Client: 1 Epoch: 0 Loss: 0.892298783025434
03-17 14:58 INFO      ** Client: 1 Training complete **
03-17 14:58 INFO     Training network 1
03-17 14:58 INFO     n_training: 62
03-17 14:58 INFO     Client: 1 Epoch: 0 Loss: 0.8224029146855877
03-17 14:58 INFO      ** Client: 1 Training complete **
03-17 14:58 INFO     Training network 1
03-17 14:58 INFO     n_training: 62
03-17 14:58 INFO     Client: 1 Epoch: 0 Loss: 0.7745370066935017
03-17 14:58 INFO      ** Client: 1 Training complete **
03-17 14:58 INFO     Training network 1
03-17 14:58 INFO     n_training: 62
03-17 14:58 INFO     Client: 1 Epoch: 0 Loss: 0.736454140755438
03-17 14:58 INFO      ** Client: 1 Training complete **
03-17 14:58 INFO     Training network 1
03-17 14:58 INFO     n_training: 62
03-17 14:58 INFO     Client: 1 Epoch: 0 Loss: 0.676112471568969
03-17 14:58 INFO      ** Client: 1 Training complete **
03-17 14:58 INFO     Training network 1
03-17 14:58 INFO     n_training: 62
03-17 14:58 INFO     Client: 1 Epoch: 0 Loss: 0.6297526623933546
03-17 14:58 INFO      ** Client: 1 Training complete **
03-17 14:58 INFO     Training network 1
03-17 14:58 INFO     n_training: 62
03-17 14:58 INFO     Client: 1 Epoch: 0 Loss: 0.598104692755207
03-17 14:58 INFO      ** Client: 1 Training complete **
03-17 14:58 INFO     Training network 1
03-17 14:58 INFO     n_training: 62
03-17 14:58 INFO     Client: 1 Epoch: 0 Loss: 0.5533253252506256
03-17 14:58 INFO      ** Client: 1 Training complete **
03-17 14:58 INFO     Training network 1
03-17 14:58 INFO     n_training: 62
03-17 14:58 INFO     Client: 1 Epoch: 0 Loss: 0.5474763502997737
03-17 14:58 INFO      ** Client: 1 Training complete **
03-17 14:58 INFO     Training network 1
03-17 14:58 INFO     n_training: 62
03-17 14:58 INFO     Client: 1 Epoch: 0 Loss: 0.5015738837180599
03-17 14:58 INFO      ** Client: 1 Training complete **
03-17 14:58 INFO     Training network 1
03-17 14:58 INFO     n_training: 62
03-17 14:58 INFO     Client: 1 Epoch: 0 Loss: 0.48334792448628333
03-17 14:58 INFO      ** Client: 1 Training complete **
03-17 14:58 INFO     Training network 1
03-17 14:58 INFO     n_training: 62
03-17 14:58 INFO     Client: 1 Epoch: 0 Loss: 0.4449208527803421
03-17 14:58 INFO      ** Client: 1 Training complete **
03-17 14:59 INFO     Training network 1
03-17 14:59 INFO     n_training: 62
03-17 14:59 INFO     Client: 1 Epoch: 0 Loss: 0.4207297702950816
03-17 14:59 INFO      ** Client: 1 Training complete **
03-17 14:59 INFO     Training network 1
03-17 14:59 INFO     n_training: 62
03-17 14:59 INFO     Client: 1 Epoch: 0 Loss: 0.4050381164396963
03-17 14:59 INFO      ** Client: 1 Training complete **
03-17 14:59 INFO     Training network 1
03-17 14:59 INFO     n_training: 62
03-17 14:59 INFO     Client: 1 Epoch: 0 Loss: 0.37273959190614764
03-17 14:59 INFO      ** Client: 1 Training complete **
03-17 14:59 INFO     Training network 1
03-17 14:59 INFO     n_training: 62
03-17 14:59 INFO     Client: 1 Epoch: 0 Loss: 0.36563985482338934
03-17 14:59 INFO      ** Client: 1 Training complete **
03-17 14:59 INFO     Training network 1
03-17 14:59 INFO     n_training: 62
03-17 14:59 INFO     Client: 1 Epoch: 0 Loss: 0.35144433691616983
03-17 14:59 INFO      ** Client: 1 Training complete **
03-17 14:59 INFO     Training network 1
03-17 14:59 INFO     n_training: 62
03-17 14:59 INFO     Client: 1 Epoch: 0 Loss: 0.3157659853177686
03-17 14:59 INFO      ** Client: 1 Training complete **
