05-18 19:54 INFO     cuda
05-18 19:54 INFO     Command Line Arguments: 
{
    "epochs": 5,
    "comm_round": 300,
    "sample_fraction": 1.0,
    "alpha": 0.01,
    "dataset": "tinyimagenet",
    "datadir": "../data/",
    "partition": "iid",
    "alg": "centralized",
    "model": "resnet-50",
    "split_layer": 1,
    "n_parties": 1,
    "lr": 0.001,
    "mu": 1,
    "std_coeff": 2.5,
    "unif_coeff": 0.5,
    "batch_size": 128,
    "load_first_net": 1,
    "pool_option": "FIFO",
    "model_buffer_size": 1,
    "optimizer": "sgd",
    "simp_width": 1,
    "out_dim": 256,
    "reg": 0.0005,
    "temperature": 0.5,
    "logdir": "./",
    "log_file_name": "logs/experiment_log-alg=centralized_partition=iid_lr=0.001_epochs=5_num_users=1_beta=0.01_batch_size=128_opt=sgd_dataset=tinyimagenet_2024-05-18-1954-34",
    "seed": 123,
    "device": "cuda:6",
    "accuracies_file": "logs/resnet_50_tinyimagenet.csv",
    "dont_skip": false,
    "n_train_workers": 1,
    "n_test_workers": 1,
    "arch": "mobilenet_v3_large",
    "multiprocessing": 0
}
05-18 19:54 INFO     Data statistics: {0: {0: 500, 1: 500, 2: 500, 3: 500, 4: 500, 5: 500, 6: 500, 7: 500, 8: 500, 9: 500, 10: 500, 11: 500, 12: 500, 13: 500, 14: 500, 15: 500, 16: 500, 17: 500, 18: 500, 19: 500, 20: 500, 21: 500, 22: 500, 23: 500, 24: 500, 25: 500, 26: 500, 27: 500, 28: 500, 29: 500, 30: 500, 31: 500, 32: 500, 33: 500, 34: 500, 35: 500, 36: 500, 37: 500, 38: 500, 39: 500, 40: 500, 41: 500, 42: 500, 43: 500, 44: 500, 45: 500, 46: 500, 47: 500, 48: 500, 49: 500, 50: 500, 51: 500, 52: 500, 53: 500, 54: 500, 55: 500, 56: 500, 57: 500, 58: 500, 59: 500, 60: 500, 61: 500, 62: 500, 63: 500, 64: 500, 65: 500, 66: 500, 67: 500, 68: 500, 69: 500, 70: 500, 71: 500, 72: 500, 73: 500, 74: 500, 75: 500, 76: 500, 77: 500, 78: 500, 79: 500, 80: 500, 81: 500, 82: 500, 83: 500, 84: 500, 85: 500, 86: 500, 87: 500, 88: 500, 89: 500, 90: 500, 91: 500, 92: 500, 93: 500, 94: 500, 95: 500, 96: 500, 97: 500, 98: 500, 99: 500, 100: 500, 101: 500, 102: 500, 103: 500, 104: 500, 105: 500, 106: 500, 107: 500, 108: 500, 109: 500, 110: 500, 111: 500, 112: 500, 113: 500, 114: 500, 115: 500, 116: 500, 117: 500, 118: 500, 119: 500, 120: 500, 121: 500, 122: 500, 123: 500, 124: 500, 125: 500, 126: 500, 127: 500, 128: 500, 129: 500, 130: 500, 131: 500, 132: 500, 133: 500, 134: 500, 135: 500, 136: 500, 137: 500, 138: 500, 139: 500, 140: 500, 141: 500, 142: 500, 143: 500, 144: 500, 145: 500, 146: 500, 147: 500, 148: 500, 149: 500, 150: 500, 151: 500, 152: 500, 153: 500, 154: 500, 155: 500, 156: 500, 157: 500, 158: 500, 159: 500, 160: 500, 161: 500, 162: 500, 163: 500, 164: 500, 165: 500, 166: 500, 167: 500, 168: 500, 169: 500, 170: 500, 171: 500, 172: 500, 173: 500, 174: 500, 175: 500, 176: 500, 177: 500, 178: 500, 179: 500, 180: 500, 181: 500, 182: 500, 183: 500, 184: 500, 185: 500, 186: 500, 187: 500, 188: 500, 189: 500, 190: 500, 191: 500, 192: 500, 193: 500, 194: 500, 195: 500, 196: 500, 197: 500, 198: 500, 199: 500}}
05-18 19:59 INFO     in comm round:1 >> Global Model Test accuracy: 0.0293
05-18 20:04 INFO     in comm round:2 >> Global Model Test accuracy: 0.0587
05-18 20:09 INFO     in comm round:3 >> Global Model Test accuracy: 0.0805
05-18 20:14 INFO     in comm round:4 >> Global Model Test accuracy: 0.1080
05-18 20:19 INFO     in comm round:5 >> Global Model Test accuracy: 0.1315
05-18 20:24 INFO     in comm round:6 >> Global Model Test accuracy: 0.1500
05-18 20:29 INFO     in comm round:7 >> Global Model Test accuracy: 0.1726
05-18 20:34 INFO     in comm round:8 >> Global Model Test accuracy: 0.2036
05-18 20:39 INFO     in comm round:9 >> Global Model Test accuracy: 0.1937
05-18 20:44 INFO     in comm round:10 >> Global Model Test accuracy: 0.2312
05-18 20:49 INFO     in comm round:11 >> Global Model Test accuracy: 0.2625
05-18 20:54 INFO     in comm round:12 >> Global Model Test accuracy: 0.2797
05-18 20:59 INFO     in comm round:13 >> Global Model Test accuracy: 0.2900
05-18 21:04 INFO     in comm round:14 >> Global Model Test accuracy: 0.3075
05-18 21:09 INFO     in comm round:15 >> Global Model Test accuracy: 0.3324
05-18 21:14 INFO     in comm round:16 >> Global Model Test accuracy: 0.3259
05-18 21:19 INFO     in comm round:17 >> Global Model Test accuracy: 0.3368
05-18 21:24 INFO     in comm round:18 >> Global Model Test accuracy: 0.3458
05-18 21:29 INFO     in comm round:19 >> Global Model Test accuracy: 0.3564
05-18 21:33 INFO     in comm round:20 >> Global Model Test accuracy: 0.3639
05-18 21:38 INFO     in comm round:21 >> Global Model Test accuracy: 0.3675
05-18 21:43 INFO     in comm round:22 >> Global Model Test accuracy: 0.3726
05-18 21:48 INFO     in comm round:23 >> Global Model Test accuracy: 0.3747
05-18 21:53 INFO     in comm round:24 >> Global Model Test accuracy: 0.3929
05-18 21:58 INFO     in comm round:25 >> Global Model Test accuracy: 0.4022
05-18 22:03 INFO     in comm round:26 >> Global Model Test accuracy: 0.3984
05-18 22:08 INFO     in comm round:27 >> Global Model Test accuracy: 0.3862
05-18 22:13 INFO     in comm round:28 >> Global Model Test accuracy: 0.4011
05-18 22:18 INFO     in comm round:29 >> Global Model Test accuracy: 0.3992
05-18 22:23 INFO     in comm round:30 >> Global Model Test accuracy: 0.4018
05-18 22:28 INFO     in comm round:31 >> Global Model Test accuracy: 0.4144
05-18 22:33 INFO     in comm round:32 >> Global Model Test accuracy: 0.4100
05-18 22:38 INFO     in comm round:33 >> Global Model Test accuracy: 0.4152
05-18 22:43 INFO     in comm round:34 >> Global Model Test accuracy: 0.4083
05-18 22:48 INFO     in comm round:35 >> Global Model Test accuracy: 0.4133
05-18 22:53 INFO     in comm round:36 >> Global Model Test accuracy: 0.4094
05-18 22:58 INFO     in comm round:37 >> Global Model Test accuracy: 0.4101
05-18 23:03 INFO     in comm round:38 >> Global Model Test accuracy: 0.4133
05-18 23:08 INFO     in comm round:39 >> Global Model Test accuracy: 0.4084
05-18 23:13 INFO     in comm round:40 >> Global Model Test accuracy: 0.4129
05-18 23:18 INFO     in comm round:41 >> Global Model Test accuracy: 0.4152
05-18 23:23 INFO     in comm round:42 >> Global Model Test accuracy: 0.4212
05-18 23:28 INFO     in comm round:43 >> Global Model Test accuracy: 0.4121
05-18 23:33 INFO     in comm round:44 >> Global Model Test accuracy: 0.4192
05-18 23:38 INFO     in comm round:45 >> Global Model Test accuracy: 0.4114
05-18 23:43 INFO     in comm round:46 >> Global Model Test accuracy: 0.4193
05-18 23:48 INFO     in comm round:47 >> Global Model Test accuracy: 0.4206
05-18 23:53 INFO     in comm round:48 >> Global Model Test accuracy: 0.4182
05-18 23:57 INFO     in comm round:49 >> Global Model Test accuracy: 0.4184
05-19 00:02 INFO     in comm round:50 >> Global Model Test accuracy: 0.4183
05-19 00:07 INFO     in comm round:51 >> Global Model Test accuracy: 0.4257
05-19 00:12 INFO     in comm round:52 >> Global Model Test accuracy: 0.4226
05-19 00:17 INFO     in comm round:53 >> Global Model Test accuracy: 0.4276
05-19 00:22 INFO     in comm round:54 >> Global Model Test accuracy: 0.4264
05-19 00:27 INFO     in comm round:55 >> Global Model Test accuracy: 0.4380
05-19 00:32 INFO     in comm round:56 >> Global Model Test accuracy: 0.4277
05-19 00:37 INFO     in comm round:57 >> Global Model Test accuracy: 0.4347
05-19 00:42 INFO     in comm round:58 >> Global Model Test accuracy: 0.4256
05-19 00:47 INFO     in comm round:59 >> Global Model Test accuracy: 0.4325
05-19 00:52 INFO     in comm round:60 >> Global Model Test accuracy: 0.4351
05-19 00:57 INFO     in comm round:61 >> Global Model Test accuracy: 0.4413
05-19 01:02 INFO     in comm round:62 >> Global Model Test accuracy: 0.4362
05-19 01:07 INFO     in comm round:63 >> Global Model Test accuracy: 0.4371
05-19 01:12 INFO     in comm round:64 >> Global Model Test accuracy: 0.4409
05-19 01:17 INFO     in comm round:65 >> Global Model Test accuracy: 0.4460
05-19 01:22 INFO     in comm round:66 >> Global Model Test accuracy: 0.4397
05-19 01:27 INFO     in comm round:67 >> Global Model Test accuracy: 0.4463
05-19 01:32 INFO     in comm round:68 >> Global Model Test accuracy: 0.4481
05-19 01:37 INFO     in comm round:69 >> Global Model Test accuracy: 0.4435
05-19 01:42 INFO     in comm round:70 >> Global Model Test accuracy: 0.4472
05-19 01:47 INFO     in comm round:71 >> Global Model Test accuracy: 0.4432
05-19 01:52 INFO     in comm round:72 >> Global Model Test accuracy: 0.4420
05-19 01:57 INFO     in comm round:73 >> Global Model Test accuracy: 0.4493
05-19 02:02 INFO     in comm round:74 >> Global Model Test accuracy: 0.4432
05-19 02:07 INFO     in comm round:75 >> Global Model Test accuracy: 0.4544
05-19 02:12 INFO     in comm round:76 >> Global Model Test accuracy: 0.4513
05-19 02:17 INFO     in comm round:77 >> Global Model Test accuracy: 0.4507
05-19 02:22 INFO     in comm round:78 >> Global Model Test accuracy: 0.4582
05-19 02:27 INFO     in comm round:79 >> Global Model Test accuracy: 0.4596
05-19 02:32 INFO     in comm round:80 >> Global Model Test accuracy: 0.4566
05-19 02:37 INFO     in comm round:81 >> Global Model Test accuracy: 0.4551
05-19 02:42 INFO     in comm round:82 >> Global Model Test accuracy: 0.4559
05-19 02:47 INFO     in comm round:83 >> Global Model Test accuracy: 0.4586
05-19 02:51 INFO     in comm round:84 >> Global Model Test accuracy: 0.4546
05-19 02:56 INFO     in comm round:85 >> Global Model Test accuracy: 0.4587
05-19 03:01 INFO     in comm round:86 >> Global Model Test accuracy: 0.4623
05-19 03:06 INFO     in comm round:87 >> Global Model Test accuracy: 0.4627
05-19 03:11 INFO     in comm round:88 >> Global Model Test accuracy: 0.4621
05-19 03:16 INFO     in comm round:89 >> Global Model Test accuracy: 0.4617
05-19 03:21 INFO     in comm round:90 >> Global Model Test accuracy: 0.4579
05-19 03:26 INFO     in comm round:91 >> Global Model Test accuracy: 0.4611
05-19 03:31 INFO     in comm round:92 >> Global Model Test accuracy: 0.4615
05-19 03:36 INFO     in comm round:93 >> Global Model Test accuracy: 0.4610
05-19 03:41 INFO     in comm round:94 >> Global Model Test accuracy: 0.4608
05-19 03:46 INFO     in comm round:95 >> Global Model Test accuracy: 0.4594
05-19 03:51 INFO     in comm round:96 >> Global Model Test accuracy: 0.4627
05-19 03:56 INFO     in comm round:97 >> Global Model Test accuracy: 0.4671
05-19 04:01 INFO     in comm round:98 >> Global Model Test accuracy: 0.4642
05-19 04:06 INFO     in comm round:99 >> Global Model Test accuracy: 0.4647
05-19 04:11 INFO     in comm round:100 >> Global Model Test accuracy: 0.4612
05-19 04:16 INFO     in comm round:101 >> Global Model Test accuracy: 0.4668
05-19 04:21 INFO     in comm round:102 >> Global Model Test accuracy: 0.4648
05-19 04:26 INFO     in comm round:103 >> Global Model Test accuracy: 0.4639
05-19 04:31 INFO     in comm round:104 >> Global Model Test accuracy: 0.4663
05-19 04:36 INFO     in comm round:105 >> Global Model Test accuracy: 0.4651
05-19 04:41 INFO     in comm round:106 >> Global Model Test accuracy: 0.4657
05-19 04:46 INFO     in comm round:107 >> Global Model Test accuracy: 0.4674
05-19 04:51 INFO     in comm round:108 >> Global Model Test accuracy: 0.4641
05-19 04:56 INFO     in comm round:109 >> Global Model Test accuracy: 0.4650
05-19 05:01 INFO     in comm round:110 >> Global Model Test accuracy: 0.4647
05-19 05:06 INFO     in comm round:111 >> Global Model Test accuracy: 0.4684
05-19 05:11 INFO     in comm round:112 >> Global Model Test accuracy: 0.4675
05-19 05:16 INFO     in comm round:113 >> Global Model Test accuracy: 0.4655
05-19 05:21 INFO     in comm round:114 >> Global Model Test accuracy: 0.4668
05-19 05:26 INFO     in comm round:115 >> Global Model Test accuracy: 0.4682
05-19 05:30 INFO     in comm round:116 >> Global Model Test accuracy: 0.4656
05-19 05:35 INFO     in comm round:117 >> Global Model Test accuracy: 0.4678
05-19 05:40 INFO     in comm round:118 >> Global Model Test accuracy: 0.4658
05-19 05:45 INFO     in comm round:119 >> Global Model Test accuracy: 0.4650
05-19 05:50 INFO     in comm round:120 >> Global Model Test accuracy: 0.4639
05-19 05:55 INFO     in comm round:121 >> Global Model Test accuracy: 0.4639
05-19 06:00 INFO     in comm round:122 >> Global Model Test accuracy: 0.4626
05-19 06:05 INFO     in comm round:123 >> Global Model Test accuracy: 0.4661
05-19 06:10 INFO     in comm round:124 >> Global Model Test accuracy: 0.4648
05-19 06:15 INFO     in comm round:125 >> Global Model Test accuracy: 0.4685
05-19 06:20 INFO     in comm round:126 >> Global Model Test accuracy: 0.4658
05-19 06:25 INFO     in comm round:127 >> Global Model Test accuracy: 0.4701
05-19 06:30 INFO     in comm round:128 >> Global Model Test accuracy: 0.4689
05-19 06:35 INFO     in comm round:129 >> Global Model Test accuracy: 0.4678
05-19 06:40 INFO     in comm round:130 >> Global Model Test accuracy: 0.4680
05-19 06:45 INFO     in comm round:131 >> Global Model Test accuracy: 0.4647
05-19 06:50 INFO     in comm round:132 >> Global Model Test accuracy: 0.4658
05-19 06:55 INFO     in comm round:133 >> Global Model Test accuracy: 0.4631
05-19 07:00 INFO     in comm round:134 >> Global Model Test accuracy: 0.4655
05-19 07:05 INFO     in comm round:135 >> Global Model Test accuracy: 0.4678
05-19 07:10 INFO     in comm round:136 >> Global Model Test accuracy: 0.4665
05-19 07:15 INFO     in comm round:137 >> Global Model Test accuracy: 0.4669
05-19 07:20 INFO     in comm round:138 >> Global Model Test accuracy: 0.4715
05-19 07:25 INFO     in comm round:139 >> Global Model Test accuracy: 0.4692
05-19 07:30 INFO     in comm round:140 >> Global Model Test accuracy: 0.4665
05-19 07:35 INFO     in comm round:141 >> Global Model Test accuracy: 0.4662
05-19 07:40 INFO     in comm round:142 >> Global Model Test accuracy: 0.4696
05-19 07:45 INFO     in comm round:143 >> Global Model Test accuracy: 0.4683
05-19 07:50 INFO     in comm round:144 >> Global Model Test accuracy: 0.4736
05-19 07:55 INFO     in comm round:145 >> Global Model Test accuracy: 0.4733
05-19 08:00 INFO     in comm round:146 >> Global Model Test accuracy: 0.4666
05-19 08:05 INFO     in comm round:147 >> Global Model Test accuracy: 0.4712
05-19 08:09 INFO     in comm round:148 >> Global Model Test accuracy: 0.4695
05-19 08:14 INFO     in comm round:149 >> Global Model Test accuracy: 0.4663
05-19 08:19 INFO     in comm round:150 >> Global Model Test accuracy: 0.4682
05-19 08:24 INFO     in comm round:151 >> Global Model Test accuracy: 0.4741
05-19 08:29 INFO     in comm round:152 >> Global Model Test accuracy: 0.4713
05-19 08:34 INFO     in comm round:153 >> Global Model Test accuracy: 0.4667
05-19 08:39 INFO     in comm round:154 >> Global Model Test accuracy: 0.4686
05-19 08:44 INFO     in comm round:155 >> Global Model Test accuracy: 0.4721
05-19 08:49 INFO     in comm round:156 >> Global Model Test accuracy: 0.4721
05-19 08:54 INFO     in comm round:157 >> Global Model Test accuracy: 0.4701
05-19 08:59 INFO     in comm round:158 >> Global Model Test accuracy: 0.4657
05-19 09:04 INFO     in comm round:159 >> Global Model Test accuracy: 0.4688
05-19 09:09 INFO     in comm round:160 >> Global Model Test accuracy: 0.4651
05-19 09:14 INFO     in comm round:161 >> Global Model Test accuracy: 0.4663
05-19 09:19 INFO     in comm round:162 >> Global Model Test accuracy: 0.4675
05-19 09:24 INFO     in comm round:163 >> Global Model Test accuracy: 0.4672
05-19 09:29 INFO     in comm round:164 >> Global Model Test accuracy: 0.4692
05-19 09:34 INFO     in comm round:165 >> Global Model Test accuracy: 0.4607
05-19 09:39 INFO     in comm round:166 >> Global Model Test accuracy: 0.4637
05-19 09:44 INFO     in comm round:167 >> Global Model Test accuracy: 0.4605
05-19 09:49 INFO     in comm round:168 >> Global Model Test accuracy: 0.4255
05-19 09:54 INFO     in comm round:169 >> Global Model Test accuracy: 0.3605
05-19 09:59 INFO     in comm round:170 >> Global Model Test accuracy: 0.3911
05-19 10:04 INFO     in comm round:171 >> Global Model Test accuracy: 0.4063
05-19 10:09 INFO     in comm round:172 >> Global Model Test accuracy: 0.3969
05-19 10:14 INFO     in comm round:173 >> Global Model Test accuracy: 0.4224
05-19 10:19 INFO     in comm round:174 >> Global Model Test accuracy: 0.4220
05-19 10:24 INFO     in comm round:175 >> Global Model Test accuracy: 0.4333
05-19 10:29 INFO     in comm round:176 >> Global Model Test accuracy: 0.4384
05-19 10:34 INFO     in comm round:177 >> Global Model Test accuracy: 0.4416
05-19 10:38 INFO     in comm round:178 >> Global Model Test accuracy: 0.4414
05-19 10:43 INFO     in comm round:179 >> Global Model Test accuracy: 0.4425
05-19 10:48 INFO     in comm round:180 >> Global Model Test accuracy: 0.4578
05-19 10:53 INFO     in comm round:181 >> Global Model Test accuracy: 0.4612
05-19 10:58 INFO     in comm round:182 >> Global Model Test accuracy: 0.4621
05-19 11:03 INFO     in comm round:183 >> Global Model Test accuracy: 0.4721
05-19 11:08 INFO     in comm round:184 >> Global Model Test accuracy: 0.4681
05-19 11:13 INFO     in comm round:185 >> Global Model Test accuracy: 0.4704
05-19 11:18 INFO     in comm round:186 >> Global Model Test accuracy: 0.4695
05-19 11:23 INFO     in comm round:187 >> Global Model Test accuracy: 0.4710
05-19 11:28 INFO     in comm round:188 >> Global Model Test accuracy: 0.4737
05-19 11:33 INFO     in comm round:189 >> Global Model Test accuracy: 0.4762
05-19 11:38 INFO     in comm round:190 >> Global Model Test accuracy: 0.4757
05-19 11:43 INFO     in comm round:191 >> Global Model Test accuracy: 0.4753
05-19 11:48 INFO     in comm round:192 >> Global Model Test accuracy: 0.4773
05-19 11:53 INFO     in comm round:193 >> Global Model Test accuracy: 0.4803
05-19 11:58 INFO     in comm round:194 >> Global Model Test accuracy: 0.4781
05-19 12:03 INFO     in comm round:195 >> Global Model Test accuracy: 0.4817
05-19 12:08 INFO     in comm round:196 >> Global Model Test accuracy: 0.4792
05-19 12:13 INFO     in comm round:197 >> Global Model Test accuracy: 0.4782
05-19 12:18 INFO     in comm round:198 >> Global Model Test accuracy: 0.4812
05-19 12:23 INFO     in comm round:199 >> Global Model Test accuracy: 0.4799
05-19 12:28 INFO     in comm round:200 >> Global Model Test accuracy: 0.4795
05-19 12:33 INFO     in comm round:201 >> Global Model Test accuracy: 0.4772
05-19 12:38 INFO     in comm round:202 >> Global Model Test accuracy: 0.4804
05-19 12:43 INFO     in comm round:203 >> Global Model Test accuracy: 0.4842
05-19 12:48 INFO     in comm round:204 >> Global Model Test accuracy: 0.4843
05-19 12:53 INFO     in comm round:205 >> Global Model Test accuracy: 0.4798
05-19 12:58 INFO     in comm round:206 >> Global Model Test accuracy: 0.4843
05-19 13:03 INFO     in comm round:207 >> Global Model Test accuracy: 0.4850
05-19 13:08 INFO     in comm round:208 >> Global Model Test accuracy: 0.4840
05-19 13:12 INFO     in comm round:209 >> Global Model Test accuracy: 0.4866
05-19 13:17 INFO     in comm round:210 >> Global Model Test accuracy: 0.4847
05-19 13:22 INFO     in comm round:211 >> Global Model Test accuracy: 0.4845
05-19 13:27 INFO     in comm round:212 >> Global Model Test accuracy: 0.4833
05-19 13:32 INFO     in comm round:213 >> Global Model Test accuracy: 0.4832
05-19 13:37 INFO     in comm round:214 >> Global Model Test accuracy: 0.4829
05-19 13:42 INFO     in comm round:215 >> Global Model Test accuracy: 0.4840
05-19 13:47 INFO     in comm round:216 >> Global Model Test accuracy: 0.4854
05-19 13:52 INFO     in comm round:217 >> Global Model Test accuracy: 0.4851
05-19 13:57 INFO     in comm round:218 >> Global Model Test accuracy: 0.4845
05-19 14:02 INFO     in comm round:219 >> Global Model Test accuracy: 0.4829
05-19 14:07 INFO     in comm round:220 >> Global Model Test accuracy: 0.4874
05-19 14:12 INFO     in comm round:221 >> Global Model Test accuracy: 0.4833
05-19 14:17 INFO     in comm round:222 >> Global Model Test accuracy: 0.4841
05-19 14:22 INFO     in comm round:223 >> Global Model Test accuracy: 0.4858
05-19 14:27 INFO     in comm round:224 >> Global Model Test accuracy: 0.4847
05-19 14:32 INFO     in comm round:225 >> Global Model Test accuracy: 0.4851
05-19 14:37 INFO     in comm round:226 >> Global Model Test accuracy: 0.4854
05-19 14:42 INFO     in comm round:227 >> Global Model Test accuracy: 0.4837
05-19 14:47 INFO     in comm round:228 >> Global Model Test accuracy: 0.4860
05-19 14:52 INFO     in comm round:229 >> Global Model Test accuracy: 0.4855
05-19 14:57 INFO     in comm round:230 >> Global Model Test accuracy: 0.4883
05-19 15:02 INFO     in comm round:231 >> Global Model Test accuracy: 0.4848
05-19 15:07 INFO     in comm round:232 >> Global Model Test accuracy: 0.4835
05-19 15:12 INFO     in comm round:233 >> Global Model Test accuracy: 0.4855
05-19 15:17 INFO     in comm round:234 >> Global Model Test accuracy: 0.4782
05-19 15:22 INFO     in comm round:235 >> Global Model Test accuracy: 0.4863
05-19 15:27 INFO     in comm round:236 >> Global Model Test accuracy: 0.4845
05-19 15:32 INFO     in comm round:237 >> Global Model Test accuracy: 0.4842
05-19 15:37 INFO     in comm round:238 >> Global Model Test accuracy: 0.4837
05-19 15:42 INFO     in comm round:239 >> Global Model Test accuracy: 0.4844
05-19 15:47 INFO     in comm round:240 >> Global Model Test accuracy: 0.4872
05-19 15:51 INFO     in comm round:241 >> Global Model Test accuracy: 0.4828
05-19 15:56 INFO     in comm round:242 >> Global Model Test accuracy: 0.4858
05-19 16:01 INFO     in comm round:243 >> Global Model Test accuracy: 0.4847
05-19 16:06 INFO     in comm round:244 >> Global Model Test accuracy: 0.4830
05-19 16:11 INFO     in comm round:245 >> Global Model Test accuracy: 0.4861
05-19 16:16 INFO     in comm round:246 >> Global Model Test accuracy: 0.4852
05-19 16:21 INFO     in comm round:247 >> Global Model Test accuracy: 0.4868
05-19 16:26 INFO     in comm round:248 >> Global Model Test accuracy: 0.4870
05-19 16:31 INFO     in comm round:249 >> Global Model Test accuracy: 0.4863
05-19 16:36 INFO     in comm round:250 >> Global Model Test accuracy: 0.4845
05-19 16:41 INFO     in comm round:251 >> Global Model Test accuracy: 0.4843
05-19 16:46 INFO     in comm round:252 >> Global Model Test accuracy: 0.4829
05-19 16:51 INFO     in comm round:253 >> Global Model Test accuracy: 0.4868
05-19 16:56 INFO     in comm round:254 >> Global Model Test accuracy: 0.4862
05-19 17:01 INFO     in comm round:255 >> Global Model Test accuracy: 0.4847
05-19 17:06 INFO     in comm round:256 >> Global Model Test accuracy: 0.4844
05-19 17:11 INFO     in comm round:257 >> Global Model Test accuracy: 0.4855
05-19 17:16 INFO     in comm round:258 >> Global Model Test accuracy: 0.4844
05-19 17:21 INFO     in comm round:259 >> Global Model Test accuracy: 0.4763
05-19 17:26 INFO     in comm round:260 >> Global Model Test accuracy: 0.4737
05-19 17:31 INFO     in comm round:261 >> Global Model Test accuracy: 0.4865
05-19 17:36 INFO     in comm round:262 >> Global Model Test accuracy: 0.4829
05-19 17:41 INFO     in comm round:263 >> Global Model Test accuracy: 0.4835
05-19 17:46 INFO     in comm round:264 >> Global Model Test accuracy: 0.4842
05-19 17:51 INFO     in comm round:265 >> Global Model Test accuracy: 0.4808
05-19 17:56 INFO     in comm round:266 >> Global Model Test accuracy: 0.4812
05-19 18:01 INFO     in comm round:267 >> Global Model Test accuracy: 0.4787
05-19 18:06 INFO     in comm round:268 >> Global Model Test accuracy: 0.4822
05-19 18:11 INFO     in comm round:269 >> Global Model Test accuracy: 0.4805
05-19 18:16 INFO     in comm round:270 >> Global Model Test accuracy: 0.4615
05-19 18:21 INFO     in comm round:271 >> Global Model Test accuracy: 0.3715
05-19 18:26 INFO     in comm round:272 >> Global Model Test accuracy: 0.3880
05-19 18:31 INFO     in comm round:273 >> Global Model Test accuracy: 0.4117
05-19 18:36 INFO     in comm round:274 >> Global Model Test accuracy: 0.4120
05-19 18:41 INFO     in comm round:275 >> Global Model Test accuracy: 0.4159
05-19 18:46 INFO     in comm round:276 >> Global Model Test accuracy: 0.4177
05-19 18:50 INFO     in comm round:277 >> Global Model Test accuracy: 0.4272
05-19 18:55 INFO     in comm round:278 >> Global Model Test accuracy: 0.4278
05-19 19:00 INFO     in comm round:279 >> Global Model Test accuracy: 0.4372
05-19 19:05 INFO     in comm round:280 >> Global Model Test accuracy: 0.4448
05-19 19:10 INFO     in comm round:281 >> Global Model Test accuracy: 0.4541
05-19 19:15 INFO     in comm round:282 >> Global Model Test accuracy: 0.4566
05-19 19:20 INFO     in comm round:283 >> Global Model Test accuracy: 0.4507
05-19 19:25 INFO     in comm round:284 >> Global Model Test accuracy: 0.4629
05-19 19:30 INFO     in comm round:285 >> Global Model Test accuracy: 0.4724
05-19 19:35 INFO     in comm round:286 >> Global Model Test accuracy: 0.4832
05-19 19:40 INFO     in comm round:287 >> Global Model Test accuracy: 0.4842
05-19 19:45 INFO     in comm round:288 >> Global Model Test accuracy: 0.4863
05-19 19:50 INFO     in comm round:289 >> Global Model Test accuracy: 0.4863
05-19 19:55 INFO     in comm round:290 >> Global Model Test accuracy: 0.4895
05-19 20:00 INFO     in comm round:291 >> Global Model Test accuracy: 0.4888
05-19 20:05 INFO     in comm round:292 >> Global Model Test accuracy: 0.4898
05-19 20:10 INFO     in comm round:293 >> Global Model Test accuracy: 0.4892
05-19 20:15 INFO     in comm round:294 >> Global Model Test accuracy: 0.4933
05-19 20:20 INFO     in comm round:295 >> Global Model Test accuracy: 0.4916
05-19 20:25 INFO     in comm round:296 >> Global Model Test accuracy: 0.4972
05-19 20:30 INFO     in comm round:297 >> Global Model Test accuracy: 0.4966
05-19 20:35 INFO     in comm round:298 >> Global Model Test accuracy: 0.4943
05-19 20:40 INFO     in comm round:299 >> Global Model Test accuracy: 0.4950
05-19 20:45 INFO     in comm round:300 >> Global Model Test accuracy: 0.4975
05-19 20:45 INFO     Starting Fine Tuning...
