04-11 16:06 INFO     cuda
04-11 16:06 INFO     Command Line Arguments: 
{
    "epochs": 5,
    "comm_round": 70,
    "sample_fraction": 1.0,
    "alpha": 0.01,
    "dataset": "cifar10",
    "datadir": "../data/",
    "partition": "iid",
    "alg": "sflv1",
    "model": "resnet-18",
    "split_layer": 2,
    "n_parties": 5,
    "lr": 0.001,
    "mu": 1,
    "std_coeff": 2.5,
    "unif_coeff": 0.5,
    "batch_size": 128,
    "load_first_net": 1,
    "pool_option": "FIFO",
    "model_buffer_size": 1,
    "optimizer": "adam",
    "simp_width": 1,
    "out_dim": 256,
    "reg": 0.0005,
    "temperature": 0.5,
    "logdir": "./",
    "log_file_name": "logs/experiment_log-alg=sflv1_partition=iid_lr=0.001_epochs=5_num_users=5_beta=0.01_batch_size=128_opt=adam_dataset=cifar10_2024-04-11-1606-45",
    "seed": 123,
    "device": "cuda:6",
    "accuracies_file": "logs/resnet_18_100_users.csv",
    "dont_skip": false,
    "multiprocessing": 0
}
04-11 16:06 INFO     Data statistics: {0: {0: 1036, 1: 971, 2: 979, 3: 1017, 4: 1046, 5: 993, 6: 970, 7: 950, 8: 1022, 9: 1016}, 1: {0: 944, 1: 1049, 2: 1037, 3: 989, 4: 975, 5: 960, 6: 1017, 7: 1014, 8: 1025, 9: 990}, 2: {0: 983, 1: 986, 2: 985, 3: 984, 4: 990, 5: 1040, 6: 994, 7: 1041, 8: 990, 9: 1007}, 3: {0: 1029, 1: 1012, 2: 963, 3: 1001, 4: 1000, 5: 1001, 6: 988, 7: 999, 8: 987, 9: 1020}, 4: {0: 1008, 1: 982, 2: 1036, 3: 1009, 4: 989, 5: 1006, 6: 1031, 7: 996, 8: 976, 9: 967}}
04-11 16:06 INFO     in comm round:0
04-11 16:06 INFO     Training network 0 n_training: 10000
04-11 16:06 INFO     Training network 0
04-11 16:07 INFO     Client: 0 Epoch: 0 Loss: 1.8712521348244104
04-11 16:07 INFO     Client: 0 Epoch: 1 Loss: 1.5944105554849675
04-11 16:07 INFO     Client: 0 Epoch: 2 Loss: 1.466398413364704
04-11 16:07 INFO     Client: 0 Epoch: 3 Loss: 1.3299514987529852
04-11 16:07 INFO     Client: 0 Epoch: 4 Loss: 1.2171942683366628
04-11 16:07 INFO      ** Client: 0 Training complete **
04-11 16:07 INFO     Training network 1 n_training: 10000
04-11 16:07 INFO     Training network 1
04-11 16:07 INFO     Client: 1 Epoch: 0 Loss: 1.9014055132865906
04-11 16:07 INFO     Client: 1 Epoch: 1 Loss: 1.598540098239214
04-11 16:07 INFO     Client: 1 Epoch: 2 Loss: 1.458057816211994
04-11 16:07 INFO     Client: 1 Epoch: 3 Loss: 1.32822854243792
04-11 16:07 INFO     Client: 1 Epoch: 4 Loss: 1.2092335285284581
04-11 16:07 INFO      ** Client: 1 Training complete **
04-11 16:07 INFO     Training network 2 n_training: 10000
04-11 16:07 INFO     Training network 2
04-11 16:07 INFO     Client: 2 Epoch: 0 Loss: 1.8236156167128148
04-11 16:07 INFO     Client: 2 Epoch: 1 Loss: 1.5247505673995385
04-11 16:07 INFO     Client: 2 Epoch: 2 Loss: 1.3542308807373047
04-11 16:07 INFO     Client: 2 Epoch: 3 Loss: 1.225809490833527
04-11 16:07 INFO     Client: 2 Epoch: 4 Loss: 1.1011048738773053
04-11 16:07 INFO      ** Client: 2 Training complete **
04-11 16:07 INFO     Training network 3 n_training: 10000
04-11 16:07 INFO     Training network 3
04-11 16:08 INFO     Client: 3 Epoch: 0 Loss: 1.8518842794956305
04-11 16:08 INFO     Client: 3 Epoch: 1 Loss: 1.5577658109175854
04-11 16:08 INFO     Client: 3 Epoch: 2 Loss: 1.402630859460586
04-11 16:08 INFO     Client: 3 Epoch: 3 Loss: 1.2587974270184834
04-11 16:08 INFO     Client: 3 Epoch: 4 Loss: 1.1468029916286469
04-11 16:08 INFO      ** Client: 3 Training complete **
04-11 16:08 INFO     Training network 4 n_training: 10000
04-11 16:08 INFO     Training network 4
04-11 16:08 INFO     Client: 4 Epoch: 0 Loss: 1.9242739111949236
04-11 16:08 INFO     Client: 4 Epoch: 1 Loss: 1.6114404063958387
04-11 16:08 INFO     Client: 4 Epoch: 2 Loss: 1.4482375520926256
04-11 16:08 INFO     Client: 4 Epoch: 3 Loss: 1.330044952722696
04-11 16:08 INFO     Client: 4 Epoch: 4 Loss: 1.2160113759529896
04-11 16:08 INFO      ** Client: 4 Training complete **
04-11 16:08 INFO     global n_training: 390
04-11 16:08 INFO     global n_test: 79
04-11 16:08 INFO     >> Global Model Train accuracy: 0.1000, Train accuracy top-5: 0.5111
04-11 16:08 INFO     >> Global Model Test accuracy: 0.1000, Test accuracy top-5: 0.5248
04-11 16:08 INFO     >> Global Model Train loss: 2.3280
04-11 16:08 INFO     in comm round:1
04-11 16:08 INFO     Training network 0 n_training: 10000
04-11 16:08 INFO     Training network 0
04-11 16:08 INFO     Client: 0 Epoch: 0 Loss: 1.3648865222930908
04-11 16:08 INFO     Client: 0 Epoch: 1 Loss: 1.1654995786838043
04-11 16:08 INFO     Client: 0 Epoch: 2 Loss: 1.0802130370568006
04-11 16:08 INFO     Client: 0 Epoch: 3 Loss: 0.9948943776962085
04-11 16:09 INFO     Client: 0 Epoch: 4 Loss: 0.9453202715286841
04-11 16:09 INFO      ** Client: 0 Training complete **
04-11 16:09 INFO     Training network 1 n_training: 10000
04-11 16:09 INFO     Training network 1
04-11 16:09 INFO     Client: 1 Epoch: 0 Loss: 1.353639909854302
04-11 16:09 INFO     Client: 1 Epoch: 1 Loss: 1.1528574602726178
04-11 16:09 INFO     Client: 1 Epoch: 2 Loss: 1.0660494436056187
04-11 16:09 INFO     Client: 1 Epoch: 3 Loss: 0.9967828056751153
04-11 16:09 INFO     Client: 1 Epoch: 4 Loss: 0.9426078460155389
04-11 16:09 INFO      ** Client: 1 Training complete **
04-11 16:09 INFO     Training network 2 n_training: 10000
04-11 16:09 INFO     Training network 2
04-11 16:09 INFO     Client: 2 Epoch: 0 Loss: 1.285594791173935
04-11 16:09 INFO     Client: 2 Epoch: 1 Loss: 1.114309094655208
04-11 16:09 INFO     Client: 2 Epoch: 2 Loss: 1.0268602806788225
04-11 16:09 INFO     Client: 2 Epoch: 3 Loss: 0.9643729214484875
04-11 16:09 INFO     Client: 2 Epoch: 4 Loss: 0.8955270525736686
04-11 16:09 INFO      ** Client: 2 Training complete **
04-11 16:09 INFO     Training network 3 n_training: 10000
04-11 16:09 INFO     Training network 3
04-11 16:09 INFO     Client: 3 Epoch: 0 Loss: 1.3630269933969548
04-11 16:09 INFO     Client: 3 Epoch: 1 Loss: 1.1446998898799603
04-11 16:09 INFO     Client: 3 Epoch: 2 Loss: 1.0465644063093724
04-11 16:09 INFO     Client: 3 Epoch: 3 Loss: 0.9785193671018649
04-11 16:09 INFO     Client: 3 Epoch: 4 Loss: 0.9129467705885569
04-11 16:09 INFO      ** Client: 3 Training complete **
04-11 16:09 INFO     Training network 4 n_training: 10000
04-11 16:09 INFO     Training network 4
04-11 16:10 INFO     Client: 4 Epoch: 0 Loss: 1.391914991232065
04-11 16:10 INFO     Client: 4 Epoch: 1 Loss: 1.1799729603987474
04-11 16:10 INFO     Client: 4 Epoch: 2 Loss: 1.0703165462383857
04-11 16:10 INFO     Client: 4 Epoch: 3 Loss: 1.0213714578212836
04-11 16:10 INFO     Client: 4 Epoch: 4 Loss: 0.9865537553261488
04-11 16:10 INFO      ** Client: 4 Training complete **
04-11 16:10 INFO     global n_training: 390
04-11 16:10 INFO     global n_test: 79
04-11 16:10 INFO     >> Global Model Train accuracy: 0.1288, Train accuracy top-5: 0.5362
04-11 16:10 INFO     >> Global Model Test accuracy: 0.1472, Test accuracy top-5: 0.5260
04-11 16:10 INFO     >> Global Model Train loss: 2.3093
04-11 16:10 INFO     in comm round:2
04-11 16:10 INFO     Training network 0 n_training: 10000
04-11 16:10 INFO     Training network 0
04-11 16:10 INFO     Client: 0 Epoch: 0 Loss: 1.0292205069309626
04-11 16:10 INFO     Client: 0 Epoch: 1 Loss: 0.9036546647548676
04-11 16:10 INFO     Client: 0 Epoch: 2 Loss: 0.8518034456632076
04-11 16:10 INFO     Client: 0 Epoch: 3 Loss: 0.8017177979151408
04-11 16:10 INFO     Client: 0 Epoch: 4 Loss: 0.746822463396268
04-11 16:10 INFO      ** Client: 0 Training complete **
04-11 16:10 INFO     Training network 1 n_training: 10000
04-11 16:10 INFO     Training network 1
04-11 16:10 INFO     Client: 1 Epoch: 0 Loss: 1.014612466096878
04-11 16:10 INFO     Client: 1 Epoch: 1 Loss: 0.9015457691290439
04-11 16:10 INFO     Client: 1 Epoch: 2 Loss: 0.84241251150767
04-11 16:11 INFO     Client: 1 Epoch: 3 Loss: 0.7935998393939092
04-11 16:11 INFO     Client: 1 Epoch: 4 Loss: 0.7585067588549393
04-11 16:11 INFO      ** Client: 1 Training complete **
04-11 16:11 INFO     Training network 2 n_training: 10000
04-11 16:11 INFO     Training network 2
04-11 16:11 INFO     Client: 2 Epoch: 0 Loss: 0.9650369133704748
04-11 16:11 INFO     Client: 2 Epoch: 1 Loss: 0.8799808124701182
04-11 16:11 INFO     Client: 2 Epoch: 2 Loss: 0.7834263749611683
04-11 16:11 INFO     Client: 2 Epoch: 3 Loss: 0.7499255377512711
04-11 16:11 INFO     Client: 2 Epoch: 4 Loss: 0.720203160475462
04-11 16:11 INFO      ** Client: 2 Training complete **
04-11 16:11 INFO     Training network 3 n_training: 10000
04-11 16:11 INFO     Training network 3
04-11 16:11 INFO     Client: 3 Epoch: 0 Loss: 1.006620235168017
04-11 16:11 INFO     Client: 3 Epoch: 1 Loss: 0.8849358421105605
04-11 16:11 INFO     Client: 3 Epoch: 2 Loss: 0.8403732486260242
04-11 16:11 INFO     Client: 3 Epoch: 3 Loss: 0.7729538747897515
04-11 16:11 INFO     Client: 3 Epoch: 4 Loss: 0.7366272268386987
04-11 16:11 INFO      ** Client: 3 Training complete **
04-11 16:11 INFO     Training network 4 n_training: 10000
04-11 16:11 INFO     Training network 4
04-11 16:11 INFO     Client: 4 Epoch: 0 Loss: 1.0295547934678884
04-11 16:11 INFO     Client: 4 Epoch: 1 Loss: 0.9338459448936658
04-11 16:11 INFO     Client: 4 Epoch: 2 Loss: 0.8700872843082135
04-11 16:11 INFO     Client: 4 Epoch: 3 Loss: 0.8214695988557278
04-11 16:12 INFO     Client: 4 Epoch: 4 Loss: 0.77590938944083
04-11 16:12 INFO      ** Client: 4 Training complete **
04-11 16:12 INFO     global n_training: 390
04-11 16:12 INFO     global n_test: 79
04-11 16:12 INFO     >> Global Model Train accuracy: 0.0999, Train accuracy top-5: 0.5005
04-11 16:12 INFO     >> Global Model Test accuracy: 0.1000, Test accuracy top-5: 0.5036
04-11 16:12 INFO     >> Global Model Train loss: 2.3032
04-11 16:12 INFO     in comm round:3
04-11 16:12 INFO     Training network 0 n_training: 10000
04-11 16:12 INFO     Training network 0
04-11 16:12 INFO     Client: 0 Epoch: 0 Loss: 0.7983143665851691
04-11 16:12 INFO     Client: 0 Epoch: 1 Loss: 0.7149935620717514
04-11 16:12 INFO     Client: 0 Epoch: 2 Loss: 0.6877337896671051
04-11 16:12 INFO     Client: 0 Epoch: 3 Loss: 0.6610716099922473
04-11 16:12 INFO     Client: 0 Epoch: 4 Loss: 0.6242570326878474
04-11 16:12 INFO      ** Client: 0 Training complete **
04-11 16:12 INFO     Training network 1 n_training: 10000
04-11 16:12 INFO     Training network 1
04-11 16:12 INFO     Client: 1 Epoch: 0 Loss: 0.7812253893950046
04-11 16:12 INFO     Client: 1 Epoch: 1 Loss: 0.6863305660394522
04-11 16:12 INFO     Client: 1 Epoch: 2 Loss: 0.6690054497657678
04-11 16:12 INFO     Client: 1 Epoch: 3 Loss: 0.6350346291676546
04-11 16:12 INFO     Client: 1 Epoch: 4 Loss: 0.5981403172780306
04-11 16:12 INFO      ** Client: 1 Training complete **
04-11 16:12 INFO     Training network 2 n_training: 10000
04-11 16:12 INFO     Training network 2
04-11 16:12 INFO     Client: 2 Epoch: 0 Loss: 0.7455119727513729
04-11 16:12 INFO     Client: 2 Epoch: 1 Loss: 0.6798895417879789
04-11 16:12 INFO     Client: 2 Epoch: 2 Loss: 0.6309305479129156
04-11 16:13 INFO     Client: 2 Epoch: 3 Loss: 0.6012859440002686
04-11 16:13 INFO     Client: 2 Epoch: 4 Loss: 0.5747959869794357
04-11 16:13 INFO      ** Client: 2 Training complete **
04-11 16:13 INFO     Training network 3 n_training: 10000
04-11 16:13 INFO     Training network 3
04-11 16:13 INFO     Client: 3 Epoch: 0 Loss: 0.7742542188901168
04-11 16:13 INFO     Client: 3 Epoch: 1 Loss: 0.6768779273216541
04-11 16:13 INFO     Client: 3 Epoch: 2 Loss: 0.6442960221797992
04-11 16:13 INFO     Client: 3 Epoch: 3 Loss: 0.6103021334379147
04-11 16:13 INFO     Client: 3 Epoch: 4 Loss: 0.5738740758253977
04-11 16:13 INFO      ** Client: 3 Training complete **
04-11 16:13 INFO     Training network 4 n_training: 10000
04-11 16:13 INFO     Training network 4
04-11 16:13 INFO     Client: 4 Epoch: 0 Loss: 0.8114046721886365
04-11 16:13 INFO     Client: 4 Epoch: 1 Loss: 0.7266796987790328
04-11 16:13 INFO     Client: 4 Epoch: 2 Loss: 0.6841525901586581
04-11 16:13 INFO     Client: 4 Epoch: 3 Loss: 0.6480689877882982
04-11 16:13 INFO     Client: 4 Epoch: 4 Loss: 0.6168301170453047
04-11 16:13 INFO      ** Client: 4 Training complete **
04-11 16:13 INFO     global n_training: 390
04-11 16:13 INFO     global n_test: 79
04-11 16:13 INFO     >> Global Model Train accuracy: 0.1000, Train accuracy top-5: 0.5000
04-11 16:13 INFO     >> Global Model Test accuracy: 0.1000, Test accuracy top-5: 0.5000
04-11 16:13 INFO     >> Global Model Train loss: 2.3032
04-11 16:13 INFO     in comm round:4
04-11 16:13 INFO     Training network 0 n_training: 10000
04-11 16:13 INFO     Training network 0
04-11 16:13 INFO     Client: 0 Epoch: 0 Loss: 0.6671514786206759
04-11 16:13 INFO     Client: 0 Epoch: 1 Loss: 0.5934846259844608
04-11 16:14 INFO     Client: 0 Epoch: 2 Loss: 0.5720276905175967
04-11 16:14 INFO     Client: 0 Epoch: 3 Loss: 0.5422907842275424
04-11 16:14 INFO     Client: 0 Epoch: 4 Loss: 0.5110986060821093
04-11 16:14 INFO      ** Client: 0 Training complete **
04-11 16:14 INFO     Training network 1 n_training: 10000
04-11 16:14 INFO     Training network 1
04-11 16:14 INFO     Client: 1 Epoch: 0 Loss: 0.6389626390658892
04-11 16:14 INFO     Client: 1 Epoch: 1 Loss: 0.5879261172734774
04-11 16:14 INFO     Client: 1 Epoch: 2 Loss: 0.5416183784986154
04-11 16:14 INFO     Client: 1 Epoch: 3 Loss: 0.5343885322411855
04-11 16:14 INFO     Client: 1 Epoch: 4 Loss: 0.49485349846191895
04-11 16:14 INFO      ** Client: 1 Training complete **
04-11 16:14 INFO     Training network 2 n_training: 10000
04-11 16:14 INFO     Training network 2
04-11 16:14 INFO     Client: 2 Epoch: 0 Loss: 0.6120125059133921
04-11 16:14 INFO     Client: 2 Epoch: 1 Loss: 0.5640900349005674
04-11 16:14 INFO     Client: 2 Epoch: 2 Loss: 0.513659520409046
04-11 16:14 INFO     Client: 2 Epoch: 3 Loss: 0.503741803459632
04-11 16:14 INFO     Client: 2 Epoch: 4 Loss: 0.47537798568224293
04-11 16:14 INFO      ** Client: 2 Training complete **
04-11 16:14 INFO     Training network 3 n_training: 10000
04-11 16:14 INFO     Training network 3
04-11 16:14 INFO     Client: 3 Epoch: 0 Loss: 0.6453161870057766
04-11 16:14 INFO     Client: 3 Epoch: 1 Loss: 0.5592167408038409
04-11 16:14 INFO     Client: 3 Epoch: 2 Loss: 0.5419624486030676
04-11 16:14 INFO     Client: 3 Epoch: 3 Loss: 0.5183265774677961
04-11 16:15 INFO     Client: 3 Epoch: 4 Loss: 0.48670488099257153
04-11 16:15 INFO      ** Client: 3 Training complete **
04-11 16:15 INFO     Training network 4 n_training: 10000
04-11 16:15 INFO     Training network 4
04-11 16:15 INFO     Client: 4 Epoch: 0 Loss: 0.660964181025823
04-11 16:15 INFO     Client: 4 Epoch: 1 Loss: 0.5817327014146707
04-11 16:15 INFO     Client: 4 Epoch: 2 Loss: 0.5523552852563369
04-11 16:15 INFO     Client: 4 Epoch: 3 Loss: 0.537986546754837
04-11 16:15 INFO     Client: 4 Epoch: 4 Loss: 0.5006387050335224
04-11 16:15 INFO      ** Client: 4 Training complete **
04-11 16:15 INFO     global n_training: 390
04-11 16:15 INFO     global n_test: 79
04-11 16:15 INFO     >> Global Model Train accuracy: 0.1637, Train accuracy top-5: 0.5002
04-11 16:15 INFO     >> Global Model Test accuracy: 0.1639, Test accuracy top-5: 0.5000
04-11 16:15 INFO     >> Global Model Train loss: 2.3025
04-11 16:15 INFO     in comm round:5
04-11 16:15 INFO     Training network 0 n_training: 10000
04-11 16:15 INFO     Training network 0
04-11 16:15 INFO     Client: 0 Epoch: 0 Loss: 0.557544177541366
04-11 16:15 INFO     Client: 0 Epoch: 1 Loss: 0.48991795380910236
04-11 16:15 INFO     Client: 0 Epoch: 2 Loss: 0.48430417554500776
04-11 16:15 INFO     Client: 0 Epoch: 3 Loss: 0.43749761772461426
04-11 16:15 INFO     Client: 0 Epoch: 4 Loss: 0.44565754326490253
04-11 16:15 INFO      ** Client: 0 Training complete **
04-11 16:15 INFO     Training network 1 n_training: 10000
04-11 16:15 INFO     Training network 1
04-11 16:15 INFO     Client: 1 Epoch: 0 Loss: 0.5422530670960745
04-11 16:15 INFO     Client: 1 Epoch: 1 Loss: 0.4850877416439546
04-11 16:16 INFO     Client: 1 Epoch: 2 Loss: 0.4779680027411534
04-11 16:16 INFO     Client: 1 Epoch: 3 Loss: 0.44238380170785463
04-11 16:16 INFO     Client: 1 Epoch: 4 Loss: 0.42976227479103285
04-11 16:16 INFO      ** Client: 1 Training complete **
04-11 16:16 INFO     Training network 2 n_training: 10000
04-11 16:16 INFO     Training network 2
04-11 16:16 INFO     Client: 2 Epoch: 0 Loss: 0.5069474535874832
04-11 16:16 INFO     Client: 2 Epoch: 1 Loss: 0.4647592183871147
04-11 16:16 INFO     Client: 2 Epoch: 2 Loss: 0.441848506912207
04-11 16:16 INFO     Client: 2 Epoch: 3 Loss: 0.411182701587677
04-11 16:16 INFO     Client: 2 Epoch: 4 Loss: 0.40142016934278685
04-11 16:16 INFO      ** Client: 2 Training complete **
04-11 16:16 INFO     Training network 3 n_training: 10000
04-11 16:16 INFO     Training network 3
04-11 16:16 INFO     Client: 3 Epoch: 0 Loss: 0.5378790963918735
04-11 16:16 INFO     Client: 3 Epoch: 1 Loss: 0.4806148738433153
04-11 16:16 INFO     Client: 3 Epoch: 2 Loss: 0.43981981850587404
04-11 16:16 INFO     Client: 3 Epoch: 3 Loss: 0.4306949591025328
04-11 16:16 INFO     Client: 3 Epoch: 4 Loss: 0.4162164617043275
04-11 16:16 INFO      ** Client: 3 Training complete **
04-11 16:16 INFO     Training network 4 n_training: 10000
04-11 16:16 INFO     Training network 4
04-11 16:16 INFO     Client: 4 Epoch: 0 Loss: 0.5653691784693644
04-11 16:16 INFO     Client: 4 Epoch: 1 Loss: 0.5013691232754633
04-11 16:16 INFO     Client: 4 Epoch: 2 Loss: 0.47347791416522783
04-11 16:17 INFO     Client: 4 Epoch: 3 Loss: 0.4563367129900517
04-11 16:17 INFO     Client: 4 Epoch: 4 Loss: 0.4327873851244266
04-11 16:17 INFO      ** Client: 4 Training complete **
04-11 16:17 INFO     global n_training: 390
04-11 16:17 INFO     global n_test: 79
04-11 16:17 INFO     >> Global Model Train accuracy: 0.1324, Train accuracy top-5: 0.5624
04-11 16:17 INFO     >> Global Model Test accuracy: 0.1384, Test accuracy top-5: 0.5474
04-11 16:17 INFO     >> Global Model Train loss: 2.3025
04-11 16:17 INFO     in comm round:6
04-11 16:17 INFO     Training network 0 n_training: 10000
04-11 16:17 INFO     Training network 0
04-11 16:17 INFO     Client: 0 Epoch: 0 Loss: 0.47388605047494936
04-11 16:17 INFO     Client: 0 Epoch: 1 Loss: 0.41550716070028454
04-11 16:17 INFO     Client: 0 Epoch: 2 Loss: 0.40763949717466647
04-11 16:17 INFO     Client: 0 Epoch: 3 Loss: 0.38548545959668284
04-11 16:17 INFO     Client: 0 Epoch: 4 Loss: 0.37997859639999193
04-11 16:17 INFO      ** Client: 0 Training complete **
04-11 16:17 INFO     Training network 1 n_training: 10000
04-11 16:17 INFO     Training network 1
04-11 16:17 INFO     Client: 1 Epoch: 0 Loss: 0.4736134986846875
04-11 16:17 INFO     Client: 1 Epoch: 1 Loss: 0.4141272012239847
04-11 16:17 INFO     Client: 1 Epoch: 2 Loss: 0.3994324545447643
04-11 16:17 INFO     Client: 1 Epoch: 3 Loss: 0.3751947541649525
04-11 16:17 INFO     Client: 1 Epoch: 4 Loss: 0.3596078386673561
04-11 16:17 INFO      ** Client: 1 Training complete **
04-11 16:17 INFO     Training network 2 n_training: 10000
04-11 16:17 INFO     Training network 2
04-11 16:17 INFO     Client: 2 Epoch: 0 Loss: 0.4417138126416084
04-11 16:17 INFO     Client: 2 Epoch: 1 Loss: 0.39027728140354156
04-11 16:18 INFO     Client: 2 Epoch: 2 Loss: 0.37100785416670334
04-11 16:18 INFO     Client: 2 Epoch: 3 Loss: 0.35433264764455646
04-11 16:18 INFO     Client: 2 Epoch: 4 Loss: 0.3399031091576967
04-11 16:18 INFO      ** Client: 2 Training complete **
04-11 16:18 INFO     Training network 3 n_training: 10000
04-11 16:18 INFO     Training network 3
04-11 16:18 INFO     Client: 3 Epoch: 0 Loss: 0.4623337208460539
04-11 16:18 INFO     Client: 3 Epoch: 1 Loss: 0.3899560891664945
04-11 16:18 INFO     Client: 3 Epoch: 2 Loss: 0.3972157106185571
04-11 16:18 INFO     Client: 3 Epoch: 3 Loss: 0.3574181239192302
04-11 16:18 INFO     Client: 3 Epoch: 4 Loss: 0.35579208590281314
04-11 16:18 INFO      ** Client: 3 Training complete **
04-11 16:18 INFO     Training network 4 n_training: 10000
04-11 16:18 INFO     Training network 4
04-11 16:18 INFO     Client: 4 Epoch: 0 Loss: 0.47451038391162187
04-11 16:18 INFO     Client: 4 Epoch: 1 Loss: 0.4163411836593579
04-11 16:18 INFO     Client: 4 Epoch: 2 Loss: 0.40895491418166036
04-11 16:18 INFO     Client: 4 Epoch: 3 Loss: 0.3798522909100239
04-11 16:18 INFO     Client: 4 Epoch: 4 Loss: 0.3577937036752701
04-11 16:18 INFO      ** Client: 4 Training complete **
04-11 16:18 INFO     global n_training: 390
04-11 16:18 INFO     global n_test: 79
