05-17 20:27 INFO     cuda
05-17 20:27 INFO     Command Line Arguments: 
{
    "epochs": 5,
    "comm_round": 300,
    "sample_fraction": 1.0,
    "alpha": 0.01,
    "dataset": "tinyimagenet",
    "datadir": "../data/",
    "partition": "iid",
    "alg": "centralized",
    "model": "resnet-50",
    "split_layer": 1,
    "n_parties": 1,
    "lr": 0.01,
    "mu": 1,
    "std_coeff": 2.5,
    "unif_coeff": 0.5,
    "batch_size": 64,
    "load_first_net": 1,
    "pool_option": "FIFO",
    "model_buffer_size": 1,
    "optimizer": "sgd",
    "simp_width": 1,
    "out_dim": 256,
    "reg": 0.0005,
    "temperature": 0.5,
    "logdir": "./",
    "log_file_name": "logs/experiment_log-alg=centralized_partition=iid_lr=0.01_epochs=5_num_users=1_beta=0.01_batch_size=64_opt=sgd_dataset=tinyimagenet_2024-05-17-2027-28",
    "seed": 12,
    "device": "cuda:6",
    "accuracies_file": "logs/centralized.csv",
    "dont_skip": false,
    "n_train_workers": 1,
    "n_test_workers": 1,
    "arch": "mobilenet_v3_large",
    "multiprocessing": 0
}
05-17 20:27 INFO     Data statistics: {0: {0: 500, 1: 500, 2: 500, 3: 500, 4: 500, 5: 500, 6: 500, 7: 500, 8: 500, 9: 500, 10: 500, 11: 500, 12: 500, 13: 500, 14: 500, 15: 500, 16: 500, 17: 500, 18: 500, 19: 500, 20: 500, 21: 500, 22: 500, 23: 500, 24: 500, 25: 500, 26: 500, 27: 500, 28: 500, 29: 500, 30: 500, 31: 500, 32: 500, 33: 500, 34: 500, 35: 500, 36: 500, 37: 500, 38: 500, 39: 500, 40: 500, 41: 500, 42: 500, 43: 500, 44: 500, 45: 500, 46: 500, 47: 500, 48: 500, 49: 500, 50: 500, 51: 500, 52: 500, 53: 500, 54: 500, 55: 500, 56: 500, 57: 500, 58: 500, 59: 500, 60: 500, 61: 500, 62: 500, 63: 500, 64: 500, 65: 500, 66: 500, 67: 500, 68: 500, 69: 500, 70: 500, 71: 500, 72: 500, 73: 500, 74: 500, 75: 500, 76: 500, 77: 500, 78: 500, 79: 500, 80: 500, 81: 500, 82: 500, 83: 500, 84: 500, 85: 500, 86: 500, 87: 500, 88: 500, 89: 500, 90: 500, 91: 500, 92: 500, 93: 500, 94: 500, 95: 500, 96: 500, 97: 500, 98: 500, 99: 500, 100: 500, 101: 500, 102: 500, 103: 500, 104: 500, 105: 500, 106: 500, 107: 500, 108: 500, 109: 500, 110: 500, 111: 500, 112: 500, 113: 500, 114: 500, 115: 500, 116: 500, 117: 500, 118: 500, 119: 500, 120: 500, 121: 500, 122: 500, 123: 500, 124: 500, 125: 500, 126: 500, 127: 500, 128: 500, 129: 500, 130: 500, 131: 500, 132: 500, 133: 500, 134: 500, 135: 500, 136: 500, 137: 500, 138: 500, 139: 500, 140: 500, 141: 500, 142: 500, 143: 500, 144: 500, 145: 500, 146: 500, 147: 500, 148: 500, 149: 500, 150: 500, 151: 500, 152: 500, 153: 500, 154: 500, 155: 500, 156: 500, 157: 500, 158: 500, 159: 500, 160: 500, 161: 500, 162: 500, 163: 500, 164: 500, 165: 500, 166: 500, 167: 500, 168: 500, 169: 500, 170: 500, 171: 500, 172: 500, 173: 500, 174: 500, 175: 500, 176: 500, 177: 500, 178: 500, 179: 500, 180: 500, 181: 500, 182: 500, 183: 500, 184: 500, 185: 500, 186: 500, 187: 500, 188: 500, 189: 500, 190: 500, 191: 500, 192: 500, 193: 500, 194: 500, 195: 500, 196: 500, 197: 500, 198: 500, 199: 500}}
05-17 20:33 INFO     in comm round:1 >> Global Model Test accuracy: 0.0723
05-17 20:38 INFO     in comm round:2 >> Global Model Test accuracy: 0.1325
05-17 20:44 INFO     in comm round:3 >> Global Model Test accuracy: 0.2118
05-17 20:49 INFO     in comm round:4 >> Global Model Test accuracy: 0.2535
05-17 20:55 INFO     in comm round:5 >> Global Model Test accuracy: 0.2906
05-17 21:00 INFO     in comm round:6 >> Global Model Test accuracy: 0.3263
05-17 21:06 INFO     in comm round:7 >> Global Model Test accuracy: 0.3310
05-17 21:11 INFO     in comm round:8 >> Global Model Test accuracy: 0.3726
05-17 21:17 INFO     in comm round:9 >> Global Model Test accuracy: 0.3887
05-17 21:22 INFO     in comm round:10 >> Global Model Test accuracy: 0.3973
05-17 21:28 INFO     in comm round:11 >> Global Model Test accuracy: 0.4168
05-17 21:33 INFO     in comm round:12 >> Global Model Test accuracy: 0.4226
05-17 21:39 INFO     in comm round:13 >> Global Model Test accuracy: 0.4381
05-17 21:44 INFO     in comm round:14 >> Global Model Test accuracy: 0.4523
05-17 21:50 INFO     in comm round:15 >> Global Model Test accuracy: 0.4559
05-17 21:55 INFO     in comm round:16 >> Global Model Test accuracy: 0.4493
05-17 22:01 INFO     in comm round:17 >> Global Model Test accuracy: 0.4616
05-17 22:06 INFO     in comm round:18 >> Global Model Test accuracy: 0.4771
05-17 22:12 INFO     in comm round:19 >> Global Model Test accuracy: 0.4779
05-17 22:17 INFO     in comm round:20 >> Global Model Test accuracy: 0.4811
05-17 22:23 INFO     in comm round:21 >> Global Model Test accuracy: 0.4850
05-17 22:28 INFO     in comm round:22 >> Global Model Test accuracy: 0.4906
05-17 22:34 INFO     in comm round:23 >> Global Model Test accuracy: 0.4821
05-17 22:40 INFO     in comm round:24 >> Global Model Test accuracy: 0.4983
05-17 22:45 INFO     in comm round:25 >> Global Model Test accuracy: 0.5030
05-17 22:51 INFO     in comm round:26 >> Global Model Test accuracy: 0.4915
05-17 22:56 INFO     in comm round:27 >> Global Model Test accuracy: 0.5091
05-17 23:02 INFO     in comm round:28 >> Global Model Test accuracy: 0.5055
05-17 23:07 INFO     in comm round:29 >> Global Model Test accuracy: 0.5116
05-17 23:13 INFO     in comm round:30 >> Global Model Test accuracy: 0.4989
05-17 23:18 INFO     in comm round:31 >> Global Model Test accuracy: 0.5031
05-17 23:24 INFO     in comm round:32 >> Global Model Test accuracy: 0.5101
05-17 23:29 INFO     in comm round:33 >> Global Model Test accuracy: 0.5199
05-17 23:35 INFO     in comm round:34 >> Global Model Test accuracy: 0.5137
05-17 23:40 INFO     in comm round:35 >> Global Model Test accuracy: 0.5023
05-17 23:46 INFO     in comm round:36 >> Global Model Test accuracy: 0.5105
05-17 23:51 INFO     in comm round:37 >> Global Model Test accuracy: 0.5149
05-17 23:57 INFO     in comm round:38 >> Global Model Test accuracy: 0.5031
05-18 00:02 INFO     in comm round:39 >> Global Model Test accuracy: 0.5113
05-18 00:08 INFO     in comm round:40 >> Global Model Test accuracy: 0.5117
05-18 00:13 INFO     in comm round:41 >> Global Model Test accuracy: 0.5108
05-18 00:19 INFO     in comm round:42 >> Global Model Test accuracy: 0.5195
05-18 00:24 INFO     in comm round:43 >> Global Model Test accuracy: 0.5073
05-18 00:30 INFO     in comm round:44 >> Global Model Test accuracy: 0.4965
05-18 00:35 INFO     in comm round:45 >> Global Model Test accuracy: 0.5141
05-18 00:41 INFO     in comm round:46 >> Global Model Test accuracy: 0.5238
05-18 00:46 INFO     in comm round:47 >> Global Model Test accuracy: 0.5098
05-18 00:52 INFO     in comm round:48 >> Global Model Test accuracy: 0.5111
05-18 00:57 INFO     in comm round:49 >> Global Model Test accuracy: 0.5248
05-18 01:03 INFO     in comm round:50 >> Global Model Test accuracy: 0.5153
05-18 01:08 INFO     in comm round:51 >> Global Model Test accuracy: 0.5120
05-18 01:14 INFO     in comm round:52 >> Global Model Test accuracy: 0.5270
05-18 01:19 INFO     in comm round:53 >> Global Model Test accuracy: 0.5175
05-18 01:25 INFO     in comm round:54 >> Global Model Test accuracy: 0.5229
05-18 01:30 INFO     in comm round:55 >> Global Model Test accuracy: 0.5100
05-18 01:36 INFO     in comm round:56 >> Global Model Test accuracy: 0.5205
05-18 01:41 INFO     in comm round:57 >> Global Model Test accuracy: 0.5208
05-18 01:47 INFO     in comm round:58 >> Global Model Test accuracy: 0.5194
05-18 01:52 INFO     in comm round:59 >> Global Model Test accuracy: 0.5295
05-18 01:58 INFO     in comm round:60 >> Global Model Test accuracy: 0.5233
05-18 02:04 INFO     in comm round:61 >> Global Model Test accuracy: 0.5221
05-18 02:09 INFO     in comm round:62 >> Global Model Test accuracy: 0.5016
05-18 02:15 INFO     in comm round:63 >> Global Model Test accuracy: 0.5157
05-18 02:20 INFO     in comm round:64 >> Global Model Test accuracy: 0.5130
05-18 02:26 INFO     in comm round:65 >> Global Model Test accuracy: 0.5155
05-18 02:31 INFO     in comm round:66 >> Global Model Test accuracy: 0.5298
05-18 02:37 INFO     in comm round:67 >> Global Model Test accuracy: 0.5182
05-18 02:42 INFO     in comm round:68 >> Global Model Test accuracy: 0.5187
05-18 02:48 INFO     in comm round:69 >> Global Model Test accuracy: 0.5282
05-18 02:53 INFO     in comm round:70 >> Global Model Test accuracy: 0.5191
05-18 02:59 INFO     in comm round:71 >> Global Model Test accuracy: 0.5184
05-18 03:04 INFO     in comm round:72 >> Global Model Test accuracy: 0.5267
05-18 03:10 INFO     in comm round:73 >> Global Model Test accuracy: 0.5177
05-18 03:15 INFO     in comm round:74 >> Global Model Test accuracy: 0.5162
05-18 03:21 INFO     in comm round:75 >> Global Model Test accuracy: 0.5156
05-18 03:26 INFO     in comm round:76 >> Global Model Test accuracy: 0.5148
05-18 03:32 INFO     in comm round:77 >> Global Model Test accuracy: 0.5158
05-18 03:37 INFO     in comm round:78 >> Global Model Test accuracy: 0.5193
05-18 03:43 INFO     in comm round:79 >> Global Model Test accuracy: 0.5241
05-18 03:48 INFO     in comm round:80 >> Global Model Test accuracy: 0.5221
05-18 03:54 INFO     in comm round:81 >> Global Model Test accuracy: 0.5223
05-18 03:59 INFO     in comm round:82 >> Global Model Test accuracy: 0.5178
05-18 04:05 INFO     in comm round:83 >> Global Model Test accuracy: 0.5255
05-18 04:10 INFO     in comm round:84 >> Global Model Test accuracy: 0.5196
05-18 04:16 INFO     in comm round:85 >> Global Model Test accuracy: 0.5122
05-18 04:21 INFO     in comm round:86 >> Global Model Test accuracy: 0.5212
05-18 04:27 INFO     in comm round:87 >> Global Model Test accuracy: 0.5251
05-18 04:32 INFO     in comm round:88 >> Global Model Test accuracy: 0.5203
05-18 04:38 INFO     in comm round:89 >> Global Model Test accuracy: 0.5204
05-18 04:43 INFO     in comm round:90 >> Global Model Test accuracy: 0.5278
05-18 04:49 INFO     in comm round:91 >> Global Model Test accuracy: 0.5118
05-18 04:54 INFO     in comm round:92 >> Global Model Test accuracy: 0.5255
05-18 05:00 INFO     in comm round:93 >> Global Model Test accuracy: 0.5342
05-18 05:05 INFO     in comm round:94 >> Global Model Test accuracy: 0.5283
05-18 05:11 INFO     in comm round:95 >> Global Model Test accuracy: 0.5201
05-18 05:16 INFO     in comm round:96 >> Global Model Test accuracy: 0.5293
05-18 05:22 INFO     in comm round:97 >> Global Model Test accuracy: 0.5207
05-18 05:27 INFO     in comm round:98 >> Global Model Test accuracy: 0.5171
05-18 05:33 INFO     in comm round:99 >> Global Model Test accuracy: 0.5181
05-18 05:38 INFO     in comm round:100 >> Global Model Test accuracy: 0.5129
05-18 05:44 INFO     in comm round:101 >> Global Model Test accuracy: 0.5278
05-18 05:49 INFO     in comm round:102 >> Global Model Test accuracy: 0.5211
05-18 05:55 INFO     in comm round:103 >> Global Model Test accuracy: 0.5218
05-18 06:00 INFO     in comm round:104 >> Global Model Test accuracy: 0.5285
05-18 06:06 INFO     in comm round:105 >> Global Model Test accuracy: 0.5109
05-18 06:12 INFO     in comm round:106 >> Global Model Test accuracy: 0.5213
05-18 06:17 INFO     in comm round:107 >> Global Model Test accuracy: 0.5164
05-18 06:23 INFO     in comm round:108 >> Global Model Test accuracy: 0.5228
05-18 06:28 INFO     in comm round:109 >> Global Model Test accuracy: 0.5281
05-18 06:34 INFO     in comm round:110 >> Global Model Test accuracy: 0.5220
05-18 06:39 INFO     in comm round:111 >> Global Model Test accuracy: 0.5178
05-18 06:45 INFO     in comm round:112 >> Global Model Test accuracy: 0.5297
05-18 06:50 INFO     in comm round:113 >> Global Model Test accuracy: 0.5242
05-18 06:56 INFO     in comm round:114 >> Global Model Test accuracy: 0.5251
05-18 07:01 INFO     in comm round:115 >> Global Model Test accuracy: 0.5249
05-18 07:07 INFO     in comm round:116 >> Global Model Test accuracy: 0.5185
05-18 07:12 INFO     in comm round:117 >> Global Model Test accuracy: 0.5198
05-18 07:18 INFO     in comm round:118 >> Global Model Test accuracy: 0.5246
05-18 07:23 INFO     in comm round:119 >> Global Model Test accuracy: 0.5198
05-18 07:29 INFO     in comm round:120 >> Global Model Test accuracy: 0.5293
05-18 07:34 INFO     in comm round:121 >> Global Model Test accuracy: 0.5275
05-18 07:40 INFO     in comm round:122 >> Global Model Test accuracy: 0.5185
05-18 07:45 INFO     in comm round:123 >> Global Model Test accuracy: 0.5205
05-18 07:51 INFO     in comm round:124 >> Global Model Test accuracy: 0.5263
05-18 07:56 INFO     in comm round:125 >> Global Model Test accuracy: 0.5299
05-18 08:02 INFO     in comm round:126 >> Global Model Test accuracy: 0.5211
05-18 08:07 INFO     in comm round:127 >> Global Model Test accuracy: 0.5216
05-18 08:13 INFO     in comm round:128 >> Global Model Test accuracy: 0.5220
05-18 08:18 INFO     in comm round:129 >> Global Model Test accuracy: 0.5267
05-18 08:24 INFO     in comm round:130 >> Global Model Test accuracy: 0.5203
05-18 08:29 INFO     in comm round:131 >> Global Model Test accuracy: 0.5345
05-18 08:35 INFO     in comm round:132 >> Global Model Test accuracy: 0.5098
05-18 08:40 INFO     in comm round:133 >> Global Model Test accuracy: 0.5164
05-18 08:46 INFO     in comm round:134 >> Global Model Test accuracy: 0.5309
05-18 08:51 INFO     in comm round:135 >> Global Model Test accuracy: 0.5096
05-18 08:56 INFO     in comm round:136 >> Global Model Test accuracy: 0.5289
05-18 09:02 INFO     in comm round:137 >> Global Model Test accuracy: 0.5354
05-18 09:07 INFO     in comm round:138 >> Global Model Test accuracy: 0.5325
05-18 09:13 INFO     in comm round:139 >> Global Model Test accuracy: 0.5214
05-18 09:18 INFO     in comm round:140 >> Global Model Test accuracy: 0.5203
05-18 09:24 INFO     in comm round:141 >> Global Model Test accuracy: 0.5239
05-18 09:29 INFO     in comm round:142 >> Global Model Test accuracy: 0.5280
05-18 09:35 INFO     in comm round:143 >> Global Model Test accuracy: 0.5348
05-18 09:40 INFO     in comm round:144 >> Global Model Test accuracy: 0.5199
05-18 09:46 INFO     in comm round:145 >> Global Model Test accuracy: 0.5235
05-18 09:51 INFO     in comm round:146 >> Global Model Test accuracy: 0.5312
05-18 09:57 INFO     in comm round:147 >> Global Model Test accuracy: 0.5327
05-18 10:02 INFO     in comm round:148 >> Global Model Test accuracy: 0.5256
05-18 10:08 INFO     in comm round:149 >> Global Model Test accuracy: 0.5104
05-18 10:13 INFO     in comm round:150 >> Global Model Test accuracy: 0.5279
05-18 10:19 INFO     in comm round:151 >> Global Model Test accuracy: 0.5282
05-18 10:24 INFO     in comm round:152 >> Global Model Test accuracy: 0.5150
05-18 10:30 INFO     in comm round:153 >> Global Model Test accuracy: 0.5262
05-18 10:35 INFO     in comm round:154 >> Global Model Test accuracy: 0.5219
05-18 10:41 INFO     in comm round:155 >> Global Model Test accuracy: 0.5254
05-18 10:46 INFO     in comm round:156 >> Global Model Test accuracy: 0.5294
05-18 10:51 INFO     in comm round:157 >> Global Model Test accuracy: 0.5207
05-18 10:57 INFO     in comm round:158 >> Global Model Test accuracy: 0.5206
05-18 11:02 INFO     in comm round:159 >> Global Model Test accuracy: 0.5270
05-18 11:08 INFO     in comm round:160 >> Global Model Test accuracy: 0.5295
05-18 11:13 INFO     in comm round:161 >> Global Model Test accuracy: 0.5253
05-18 11:19 INFO     in comm round:162 >> Global Model Test accuracy: 0.5203
05-18 11:24 INFO     in comm round:163 >> Global Model Test accuracy: 0.5259
05-18 11:30 INFO     in comm round:164 >> Global Model Test accuracy: 0.5246
05-18 11:35 INFO     in comm round:165 >> Global Model Test accuracy: 0.5192
05-18 11:41 INFO     in comm round:166 >> Global Model Test accuracy: 0.5323
05-18 11:46 INFO     in comm round:167 >> Global Model Test accuracy: 0.5203
05-18 11:52 INFO     in comm round:168 >> Global Model Test accuracy: 0.5285
05-18 11:57 INFO     in comm round:169 >> Global Model Test accuracy: 0.5143
05-18 12:03 INFO     in comm round:170 >> Global Model Test accuracy: 0.5264
05-18 12:08 INFO     in comm round:171 >> Global Model Test accuracy: 0.5129
05-18 12:14 INFO     in comm round:172 >> Global Model Test accuracy: 0.5199
05-18 12:19 INFO     in comm round:173 >> Global Model Test accuracy: 0.5201
05-18 12:25 INFO     in comm round:174 >> Global Model Test accuracy: 0.5333
05-18 12:30 INFO     in comm round:175 >> Global Model Test accuracy: 0.5209
05-18 12:36 INFO     in comm round:176 >> Global Model Test accuracy: 0.5358
05-18 12:41 INFO     in comm round:177 >> Global Model Test accuracy: 0.5110
05-18 12:47 INFO     in comm round:178 >> Global Model Test accuracy: 0.5300
05-18 12:52 INFO     in comm round:179 >> Global Model Test accuracy: 0.5215
05-18 12:57 INFO     in comm round:180 >> Global Model Test accuracy: 0.5291
05-18 13:03 INFO     in comm round:181 >> Global Model Test accuracy: 0.5258
05-18 13:08 INFO     in comm round:182 >> Global Model Test accuracy: 0.5290
05-18 13:14 INFO     in comm round:183 >> Global Model Test accuracy: 0.5262
05-18 13:19 INFO     in comm round:184 >> Global Model Test accuracy: 0.5186
05-18 13:25 INFO     in comm round:185 >> Global Model Test accuracy: 0.5289
05-18 13:30 INFO     in comm round:186 >> Global Model Test accuracy: 0.5212
05-18 13:36 INFO     in comm round:187 >> Global Model Test accuracy: 0.5282
05-18 13:41 INFO     in comm round:188 >> Global Model Test accuracy: 0.5296
05-18 13:47 INFO     in comm round:189 >> Global Model Test accuracy: 0.5280
05-18 13:52 INFO     in comm round:190 >> Global Model Test accuracy: 0.5331
05-18 13:58 INFO     in comm round:191 >> Global Model Test accuracy: 0.5228
05-18 14:03 INFO     in comm round:192 >> Global Model Test accuracy: 0.5325
05-18 14:09 INFO     in comm round:193 >> Global Model Test accuracy: 0.5239
05-18 14:14 INFO     in comm round:194 >> Global Model Test accuracy: 0.5186
05-18 14:20 INFO     in comm round:195 >> Global Model Test accuracy: 0.5237
05-18 14:25 INFO     in comm round:196 >> Global Model Test accuracy: 0.5242
05-18 14:31 INFO     in comm round:197 >> Global Model Test accuracy: 0.5249
05-18 14:36 INFO     in comm round:198 >> Global Model Test accuracy: 0.5127
05-18 14:42 INFO     in comm round:199 >> Global Model Test accuracy: 0.5320
05-18 14:47 INFO     in comm round:200 >> Global Model Test accuracy: 0.5116
05-18 14:53 INFO     in comm round:201 >> Global Model Test accuracy: 0.5251
05-18 14:58 INFO     in comm round:202 >> Global Model Test accuracy: 0.5264
05-18 15:04 INFO     in comm round:203 >> Global Model Test accuracy: 0.5297
05-18 15:09 INFO     in comm round:204 >> Global Model Test accuracy: 0.5150
05-18 15:15 INFO     in comm round:205 >> Global Model Test accuracy: 0.5332
05-18 15:20 INFO     in comm round:206 >> Global Model Test accuracy: 0.5251
05-18 15:26 INFO     in comm round:207 >> Global Model Test accuracy: 0.5221
05-18 15:31 INFO     in comm round:208 >> Global Model Test accuracy: 0.5267
05-18 15:37 INFO     in comm round:209 >> Global Model Test accuracy: 0.5323
05-18 15:42 INFO     in comm round:210 >> Global Model Test accuracy: 0.5253
05-18 15:47 INFO     in comm round:211 >> Global Model Test accuracy: 0.5257
05-18 15:53 INFO     in comm round:212 >> Global Model Test accuracy: 0.5113
05-18 15:58 INFO     in comm round:213 >> Global Model Test accuracy: 0.5117
05-18 16:04 INFO     in comm round:214 >> Global Model Test accuracy: 0.5166
05-18 16:09 INFO     in comm round:215 >> Global Model Test accuracy: 0.5165
05-18 16:15 INFO     in comm round:216 >> Global Model Test accuracy: 0.5210
05-18 16:20 INFO     in comm round:217 >> Global Model Test accuracy: 0.5202
05-18 16:26 INFO     in comm round:218 >> Global Model Test accuracy: 0.5212
05-18 16:31 INFO     in comm round:219 >> Global Model Test accuracy: 0.5278
05-18 16:37 INFO     in comm round:220 >> Global Model Test accuracy: 0.5188
05-18 16:42 INFO     in comm round:221 >> Global Model Test accuracy: 0.5205
05-18 16:48 INFO     in comm round:222 >> Global Model Test accuracy: 0.5293
05-18 16:53 INFO     in comm round:223 >> Global Model Test accuracy: 0.5236
05-18 16:59 INFO     in comm round:224 >> Global Model Test accuracy: 0.5328
05-18 17:04 INFO     in comm round:225 >> Global Model Test accuracy: 0.5227
05-18 17:10 INFO     in comm round:226 >> Global Model Test accuracy: 0.5392
05-18 17:15 INFO     in comm round:227 >> Global Model Test accuracy: 0.5284
05-18 17:21 INFO     in comm round:228 >> Global Model Test accuracy: 0.5246
05-18 17:26 INFO     in comm round:229 >> Global Model Test accuracy: 0.5172
05-18 17:32 INFO     in comm round:230 >> Global Model Test accuracy: 0.5132
05-18 17:37 INFO     in comm round:231 >> Global Model Test accuracy: 0.5171
05-18 17:43 INFO     in comm round:232 >> Global Model Test accuracy: 0.5312
05-18 17:48 INFO     in comm round:233 >> Global Model Test accuracy: 0.5241
05-18 17:53 INFO     in comm round:234 >> Global Model Test accuracy: 0.5098
05-18 17:59 INFO     in comm round:235 >> Global Model Test accuracy: 0.5322
05-18 18:04 INFO     in comm round:236 >> Global Model Test accuracy: 0.5179
05-18 18:10 INFO     in comm round:237 >> Global Model Test accuracy: 0.5372
05-18 18:15 INFO     in comm round:238 >> Global Model Test accuracy: 0.5322
05-18 18:21 INFO     in comm round:239 >> Global Model Test accuracy: 0.5155
05-18 18:26 INFO     in comm round:240 >> Global Model Test accuracy: 0.5246
05-18 18:32 INFO     in comm round:241 >> Global Model Test accuracy: 0.5123
05-18 18:37 INFO     in comm round:242 >> Global Model Test accuracy: 0.5258
05-18 18:43 INFO     in comm round:243 >> Global Model Test accuracy: 0.5244
05-18 18:48 INFO     in comm round:244 >> Global Model Test accuracy: 0.5250
05-18 18:54 INFO     in comm round:245 >> Global Model Test accuracy: 0.5296
05-18 18:59 INFO     in comm round:246 >> Global Model Test accuracy: 0.5254
05-18 19:05 INFO     in comm round:247 >> Global Model Test accuracy: 0.5157
05-18 19:10 INFO     in comm round:248 >> Global Model Test accuracy: 0.5266
05-18 19:16 INFO     in comm round:249 >> Global Model Test accuracy: 0.5271
05-18 19:21 INFO     in comm round:250 >> Global Model Test accuracy: 0.5244
05-18 19:27 INFO     in comm round:251 >> Global Model Test accuracy: 0.5270
05-18 19:32 INFO     in comm round:252 >> Global Model Test accuracy: 0.5262
05-18 19:38 INFO     in comm round:253 >> Global Model Test accuracy: 0.5256
05-18 19:43 INFO     in comm round:254 >> Global Model Test accuracy: 0.5329
05-18 19:49 INFO     in comm round:255 >> Global Model Test accuracy: 0.5277
05-18 19:54 INFO     in comm round:256 >> Global Model Test accuracy: 0.5286
05-18 19:59 INFO     in comm round:257 >> Global Model Test accuracy: 0.5278
05-18 20:05 INFO     in comm round:258 >> Global Model Test accuracy: 0.5244
05-18 20:10 INFO     in comm round:259 >> Global Model Test accuracy: 0.5246
05-18 20:16 INFO     in comm round:260 >> Global Model Test accuracy: 0.5185
05-18 20:21 INFO     in comm round:261 >> Global Model Test accuracy: 0.5239
05-18 20:27 INFO     in comm round:262 >> Global Model Test accuracy: 0.5264
05-18 20:32 INFO     in comm round:263 >> Global Model Test accuracy: 0.5305
05-18 20:38 INFO     in comm round:264 >> Global Model Test accuracy: 0.5175
05-18 20:43 INFO     in comm round:265 >> Global Model Test accuracy: 0.5228
05-18 20:49 INFO     in comm round:266 >> Global Model Test accuracy: 0.5226
05-18 20:54 INFO     in comm round:267 >> Global Model Test accuracy: 0.5191
05-18 21:00 INFO     in comm round:268 >> Global Model Test accuracy: 0.5254
05-18 21:05 INFO     in comm round:269 >> Global Model Test accuracy: 0.5264
05-18 21:11 INFO     in comm round:270 >> Global Model Test accuracy: 0.5270
05-18 21:16 INFO     in comm round:271 >> Global Model Test accuracy: 0.5149
05-18 21:22 INFO     in comm round:272 >> Global Model Test accuracy: 0.5200
05-18 21:27 INFO     in comm round:273 >> Global Model Test accuracy: 0.5268
05-18 21:32 INFO     in comm round:274 >> Global Model Test accuracy: 0.5249
05-18 21:38 INFO     in comm round:275 >> Global Model Test accuracy: 0.5152
05-18 21:43 INFO     in comm round:276 >> Global Model Test accuracy: 0.5187
05-18 21:49 INFO     in comm round:277 >> Global Model Test accuracy: 0.5106
05-18 21:54 INFO     in comm round:278 >> Global Model Test accuracy: 0.5347
05-18 22:00 INFO     in comm round:279 >> Global Model Test accuracy: 0.5049
05-18 22:05 INFO     in comm round:280 >> Global Model Test accuracy: 0.5287
05-18 22:11 INFO     in comm round:281 >> Global Model Test accuracy: 0.5146
05-18 22:16 INFO     in comm round:282 >> Global Model Test accuracy: 0.5305
05-18 22:22 INFO     in comm round:283 >> Global Model Test accuracy: 0.5243
05-18 22:27 INFO     in comm round:284 >> Global Model Test accuracy: 0.5295
05-18 22:33 INFO     in comm round:285 >> Global Model Test accuracy: 0.5097
05-18 22:38 INFO     in comm round:286 >> Global Model Test accuracy: 0.5287
05-18 22:44 INFO     in comm round:287 >> Global Model Test accuracy: 0.5214
05-18 22:49 INFO     in comm round:288 >> Global Model Test accuracy: 0.5305
05-18 22:55 INFO     in comm round:289 >> Global Model Test accuracy: 0.5229
05-18 23:00 INFO     in comm round:290 >> Global Model Test accuracy: 0.5156
05-18 23:06 INFO     in comm round:291 >> Global Model Test accuracy: 0.5319
05-18 23:11 INFO     in comm round:292 >> Global Model Test accuracy: 0.5221
05-18 23:17 INFO     in comm round:293 >> Global Model Test accuracy: 0.5238
05-18 23:22 INFO     in comm round:294 >> Global Model Test accuracy: 0.5312
05-18 23:27 INFO     in comm round:295 >> Global Model Test accuracy: 0.5186
05-18 23:33 INFO     in comm round:296 >> Global Model Test accuracy: 0.5137
05-18 23:38 INFO     in comm round:297 >> Global Model Test accuracy: 0.5370
05-18 23:44 INFO     in comm round:298 >> Global Model Test accuracy: 0.5267
05-18 23:49 INFO     in comm round:299 >> Global Model Test accuracy: 0.5253
05-18 23:55 INFO     in comm round:300 >> Global Model Test accuracy: 0.5296
05-18 23:55 INFO     Starting Fine Tuning...
