11-08 09:52 INFO     cuda
11-08 09:52 INFO     Command Line Arguments: 
{
    "epochs": 5,
    "comm_round": 100,
    "sample_fraction": 1.0,
    "alpha": 0.01,
    "dataset": "cifar10",
    "datadir": "../data/",
    "partition": "iid",
    "alg": "centralized",
    "model": "resnet-18",
    "split_layer": 1,
    "n_parties": 1,
    "lr": 0.001,
    "mu": 1,
    "std_coeff": 2.5,
    "unif_coeff": 0.5,
    "batch_size": 64,
    "load_first_net": 1,
    "pool_option": "FIFO",
    "model_buffer_size": 1,
    "optimizer": "adam",
    "simp_width": 1,
    "out_dim": 256,
    "reg": 0.0005,
    "temperature": 0.5,
    "logdir": "./",
    "log_file_name": "logs/experiment_log-alg=centralized_partition=iid_lr=0.001_epochs=5_num_users=1_beta=0.01_batch_size=64_opt=adam_dataset=cifar10_2024-11-08-0952-26",
    "seed": 1,
    "device": "cuda:6",
    "accuracies_file": "logs/centralized.csv",
    "dont_skip": false,
    "n_train_workers": 1,
    "n_test_workers": 1,
    "arch": "mobilenet_v3_large",
    "multiprocessing": 0
}
11-08 09:52 INFO     Data statistics: {0: {0: 5000, 1: 5000, 2: 5000, 3: 5000, 4: 5000, 5: 5000, 6: 5000, 7: 5000, 8: 5000, 9: 5000}}
11-08 09:52 INFO     in comm round:1 >> Global Model Test accuracy: 0.4665
11-08 09:52 INFO     in comm round:2 >> Global Model Test accuracy: 0.6197
11-08 09:53 INFO     in comm round:3 >> Global Model Test accuracy: 0.6962
11-08 09:53 INFO     in comm round:4 >> Global Model Test accuracy: 0.7453
11-08 09:53 INFO     in comm round:5 >> Global Model Test accuracy: 0.7508
11-08 09:53 INFO     in comm round:6 >> Global Model Test accuracy: 0.7740
11-08 09:53 INFO     in comm round:7 >> Global Model Test accuracy: 0.7900
11-08 09:54 INFO     in comm round:8 >> Global Model Test accuracy: 0.8097
11-08 09:54 INFO     in comm round:9 >> Global Model Test accuracy: 0.8056
11-08 09:54 INFO     in comm round:10 >> Global Model Test accuracy: 0.7949
11-08 09:54 INFO     in comm round:11 >> Global Model Test accuracy: 0.8222
11-08 09:54 INFO     in comm round:12 >> Global Model Test accuracy: 0.8229
11-08 09:55 INFO     in comm round:13 >> Global Model Test accuracy: 0.8377
11-08 09:55 INFO     in comm round:14 >> Global Model Test accuracy: 0.8278
11-08 09:55 INFO     in comm round:15 >> Global Model Test accuracy: 0.8214
11-08 09:55 INFO     in comm round:16 >> Global Model Test accuracy: 0.8476
11-08 09:56 INFO     in comm round:17 >> Global Model Test accuracy: 0.8395
11-08 09:56 INFO     in comm round:18 >> Global Model Test accuracy: 0.8343
11-08 09:56 INFO     in comm round:19 >> Global Model Test accuracy: 0.8523
11-08 09:56 INFO     in comm round:20 >> Global Model Test accuracy: 0.8242
11-08 09:56 INFO     in comm round:21 >> Global Model Test accuracy: 0.8514
11-08 09:57 INFO     in comm round:22 >> Global Model Test accuracy: 0.8347
11-08 09:57 INFO     in comm round:23 >> Global Model Test accuracy: 0.8539
11-08 09:57 INFO     in comm round:24 >> Global Model Test accuracy: 0.8492
11-08 09:57 INFO     in comm round:25 >> Global Model Test accuracy: 0.8274
11-08 09:57 INFO     in comm round:26 >> Global Model Test accuracy: 0.8523
11-08 09:58 INFO     in comm round:27 >> Global Model Test accuracy: 0.8357
11-08 09:58 INFO     in comm round:28 >> Global Model Test accuracy: 0.8565
11-08 09:58 INFO     in comm round:29 >> Global Model Test accuracy: 0.8540
11-08 09:58 INFO     in comm round:30 >> Global Model Test accuracy: 0.8513
11-08 09:58 INFO     in comm round:31 >> Global Model Test accuracy: 0.8512
11-08 09:59 INFO     in comm round:32 >> Global Model Test accuracy: 0.8449
11-08 09:59 INFO     in comm round:33 >> Global Model Test accuracy: 0.8312
11-08 09:59 INFO     in comm round:34 >> Global Model Test accuracy: 0.8588
11-08 09:59 INFO     in comm round:35 >> Global Model Test accuracy: 0.8561
11-08 09:59 INFO     in comm round:36 >> Global Model Test accuracy: 0.8631
11-08 10:00 INFO     in comm round:37 >> Global Model Test accuracy: 0.8564
11-08 10:00 INFO     in comm round:38 >> Global Model Test accuracy: 0.8484
11-08 10:00 INFO     in comm round:39 >> Global Model Test accuracy: 0.8561
11-08 10:00 INFO     in comm round:40 >> Global Model Test accuracy: 0.8636
11-08 10:00 INFO     in comm round:41 >> Global Model Test accuracy: 0.8666
11-08 10:01 INFO     in comm round:42 >> Global Model Test accuracy: 0.8502
11-08 10:01 INFO     in comm round:43 >> Global Model Test accuracy: 0.8476
11-08 10:01 INFO     in comm round:44 >> Global Model Test accuracy: 0.8720
11-08 10:01 INFO     in comm round:45 >> Global Model Test accuracy: 0.8450
11-08 10:01 INFO     in comm round:46 >> Global Model Test accuracy: 0.8627
11-08 10:02 INFO     in comm round:47 >> Global Model Test accuracy: 0.8640
11-08 10:02 INFO     in comm round:48 >> Global Model Test accuracy: 0.8648
11-08 10:02 INFO     in comm round:49 >> Global Model Test accuracy: 0.8484
11-08 10:02 INFO     in comm round:50 >> Global Model Test accuracy: 0.8660
11-08 10:02 INFO     in comm round:51 >> Global Model Test accuracy: 0.8670
11-08 10:03 INFO     in comm round:52 >> Global Model Test accuracy: 0.8528
11-08 10:03 INFO     in comm round:53 >> Global Model Test accuracy: 0.8581
11-08 10:03 INFO     in comm round:54 >> Global Model Test accuracy: 0.8573
11-08 10:03 INFO     in comm round:55 >> Global Model Test accuracy: 0.8461
11-08 10:03 INFO     in comm round:56 >> Global Model Test accuracy: 0.8723
11-08 10:04 INFO     in comm round:57 >> Global Model Test accuracy: 0.8506
11-08 10:04 INFO     in comm round:58 >> Global Model Test accuracy: 0.8624
11-08 10:04 INFO     in comm round:59 >> Global Model Test accuracy: 0.8547
11-08 10:04 INFO     in comm round:60 >> Global Model Test accuracy: 0.8638
11-08 10:04 INFO     in comm round:61 >> Global Model Test accuracy: 0.8700
11-08 10:05 INFO     in comm round:62 >> Global Model Test accuracy: 0.8722
11-08 10:05 INFO     in comm round:63 >> Global Model Test accuracy: 0.8666
11-08 10:05 INFO     in comm round:64 >> Global Model Test accuracy: 0.8644
11-08 10:05 INFO     in comm round:65 >> Global Model Test accuracy: 0.8656
11-08 10:05 INFO     in comm round:66 >> Global Model Test accuracy: 0.8778
11-08 10:06 INFO     in comm round:67 >> Global Model Test accuracy: 0.8743
11-08 10:06 INFO     in comm round:68 >> Global Model Test accuracy: 0.8653
11-08 10:06 INFO     in comm round:69 >> Global Model Test accuracy: 0.8707
11-08 10:06 INFO     in comm round:70 >> Global Model Test accuracy: 0.8707
11-08 10:06 INFO     in comm round:71 >> Global Model Test accuracy: 0.8563
11-08 10:07 INFO     in comm round:72 >> Global Model Test accuracy: 0.8679
11-08 10:07 INFO     in comm round:73 >> Global Model Test accuracy: 0.8608
11-08 10:07 INFO     in comm round:74 >> Global Model Test accuracy: 0.8603
11-08 10:07 INFO     in comm round:75 >> Global Model Test accuracy: 0.8664
11-08 10:07 INFO     in comm round:76 >> Global Model Test accuracy: 0.8726
11-08 10:08 INFO     in comm round:77 >> Global Model Test accuracy: 0.8717
11-08 10:08 INFO     in comm round:78 >> Global Model Test accuracy: 0.8624
11-08 10:08 INFO     in comm round:79 >> Global Model Test accuracy: 0.8590
11-08 10:08 INFO     in comm round:80 >> Global Model Test accuracy: 0.8671
11-08 10:08 INFO     in comm round:81 >> Global Model Test accuracy: 0.8530
11-08 10:09 INFO     in comm round:82 >> Global Model Test accuracy: 0.8790
11-08 10:09 INFO     in comm round:83 >> Global Model Test accuracy: 0.8566
11-08 10:09 INFO     in comm round:84 >> Global Model Test accuracy: 0.8751
11-08 10:09 INFO     in comm round:85 >> Global Model Test accuracy: 0.8706
11-08 10:09 INFO     in comm round:86 >> Global Model Test accuracy: 0.8602
11-08 10:10 INFO     in comm round:87 >> Global Model Test accuracy: 0.8590
11-08 10:10 INFO     in comm round:88 >> Global Model Test accuracy: 0.8648
11-08 10:10 INFO     in comm round:89 >> Global Model Test accuracy: 0.8646
11-08 10:10 INFO     in comm round:90 >> Global Model Test accuracy: 0.8804
11-08 10:10 INFO     in comm round:91 >> Global Model Test accuracy: 0.8714
11-08 10:11 INFO     in comm round:92 >> Global Model Test accuracy: 0.8598
11-08 10:11 INFO     in comm round:93 >> Global Model Test accuracy: 0.8659
11-08 10:11 INFO     in comm round:94 >> Global Model Test accuracy: 0.8769
11-08 10:11 INFO     in comm round:95 >> Global Model Test accuracy: 0.8701
11-08 10:11 INFO     in comm round:96 >> Global Model Test accuracy: 0.8713
11-08 10:12 INFO     in comm round:97 >> Global Model Test accuracy: 0.8697
11-08 10:12 INFO     in comm round:98 >> Global Model Test accuracy: 0.8622
11-08 10:12 INFO     in comm round:99 >> Global Model Test accuracy: 0.8702
11-08 10:12 INFO     in comm round:100 >> Global Model Test accuracy: 0.8416
11-08 10:12 INFO     Starting Fine Tuning...
