04-11 18:21 INFO     cuda
04-11 18:21 INFO     Command Line Arguments: 
{
    "epochs": 5,
    "comm_round": 70,
    "sample_fraction": 1.0,
    "alpha": 0.01,
    "dataset": "cifar10",
    "datadir": "../data/",
    "partition": "iid",
    "alg": "sflv1",
    "model": "resnet-18",
    "split_layer": 1,
    "n_parties": 100,
    "lr": 0.001,
    "mu": 1,
    "std_coeff": 2.5,
    "unif_coeff": 0.5,
    "batch_size": 64,
    "load_first_net": 1,
    "pool_option": "FIFO",
    "model_buffer_size": 1,
    "optimizer": "adam",
    "simp_width": 1,
    "out_dim": 256,
    "reg": 0.0005,
    "temperature": 0.5,
    "logdir": "./",
    "log_file_name": "logs/experiment_log-alg=sflv1_partition=iid_lr=0.001_epochs=5_num_users=100_beta=0.01_batch_size=64_opt=adam_dataset=cifar10_2024-04-11-1821-08",
    "seed": 1,
    "device": "cuda:2",
    "accuracies_file": "logs/resnet_18_100_users.csv",
    "dont_skip": false,
    "n_train_workers": 8,
    "n_test_workers": 8,
    "multiprocessing": 0
}
04-11 18:21 INFO     Data statistics: {0: {0: 36, 1: 54, 2: 52, 3: 55, 4: 46, 5: 45, 6: 60, 7: 58, 8: 37, 9: 57}, 1: {0: 45, 1: 34, 2: 53, 3: 59, 4: 45, 5: 46, 6: 50, 7: 48, 8: 72, 9: 48}, 2: {0: 57, 1: 48, 2: 49, 3: 45, 4: 56, 5: 50, 6: 44, 7: 49, 8: 40, 9: 62}, 3: {0: 48, 1: 47, 2: 58, 3: 40, 4: 66, 5: 54, 6: 46, 7: 44, 8: 58, 9: 39}, 4: {0: 61, 1: 43, 2: 53, 3: 47, 4: 51, 5: 58, 6: 43, 7: 57, 8: 42, 9: 45}, 5: {0: 53, 1: 64, 2: 48, 3: 35, 4: 53, 5: 46, 6: 52, 7: 46, 8: 53, 9: 50}, 6: {0: 44, 1: 69, 2: 40, 3: 48, 4: 51, 5: 56, 6: 48, 7: 48, 8: 42, 9: 54}, 7: {0: 55, 1: 53, 2: 60, 3: 44, 4: 49, 5: 42, 6: 50, 7: 54, 8: 45, 9: 48}, 8: {0: 52, 1: 44, 2: 48, 3: 58, 4: 59, 5: 43, 6: 51, 7: 41, 8: 48, 9: 56}, 9: {0: 59, 1: 36, 2: 54, 3: 43, 4: 54, 5: 58, 6: 57, 7: 44, 8: 44, 9: 51}, 10: {0: 48, 1: 44, 2: 53, 3: 55, 4: 36, 5: 54, 6: 44, 7: 48, 8: 50, 9: 68}, 11: {0: 50, 1: 46, 2: 55, 3: 52, 4: 58, 5: 42, 6: 50, 7: 46, 8: 49, 9: 52}, 12: {0: 52, 1: 47, 2: 47, 3: 58, 4: 41, 5: 56, 6: 47, 7: 40, 8: 61, 9: 51}, 13: {0: 47, 1: 52, 2: 47, 3: 51, 4: 57, 5: 45, 6: 48, 7: 58, 8: 43, 9: 52}, 14: {0: 54, 1: 47, 2: 47, 3: 41, 4: 49, 5: 57, 6: 55, 7: 53, 8: 55, 9: 42}, 15: {0: 42, 1: 59, 2: 56, 3: 43, 4: 53, 5: 51, 6: 48, 7: 55, 8: 51, 9: 42}, 16: {0: 43, 1: 47, 2: 62, 3: 50, 4: 51, 5: 42, 6: 52, 7: 45, 8: 52, 9: 56}, 17: {0: 51, 1: 55, 2: 46, 3: 63, 4: 48, 5: 50, 6: 39, 7: 55, 8: 49, 9: 44}, 18: {0: 39, 1: 45, 2: 59, 3: 52, 4: 43, 5: 47, 6: 56, 7: 53, 8: 48, 9: 58}, 19: {0: 50, 1: 52, 2: 51, 3: 50, 4: 41, 5: 53, 6: 47, 7: 70, 8: 39, 9: 47}, 20: {0: 45, 1: 52, 2: 49, 3: 56, 4: 53, 5: 44, 6: 40, 7: 59, 8: 59, 9: 43}, 21: {0: 54, 1: 56, 2: 48, 3: 36, 4: 57, 5: 42, 6: 63, 7: 47, 8: 51, 9: 46}, 22: {0: 50, 1: 47, 2: 64, 3: 49, 4: 48, 5: 50, 6: 42, 7: 44, 8: 50, 9: 56}, 23: {0: 47, 1: 43, 2: 54, 3: 67, 4: 43, 5: 50, 6: 54, 7: 42, 8: 58, 9: 42}, 24: {0: 55, 1: 62, 2: 39, 3: 56, 4: 41, 5: 52, 6: 57, 7: 52, 8: 39, 9: 47}, 25: {0: 52, 1: 67, 2: 40, 3: 52, 4: 43, 5: 47, 6: 57, 7: 50, 8: 39, 9: 53}, 26: {0: 61, 1: 40, 2: 44, 3: 51, 4: 46, 5: 63, 6: 47, 7: 56, 8: 50, 9: 42}, 27: {0: 48, 1: 57, 2: 47, 3: 46, 4: 46, 5: 55, 6: 57, 7: 44, 8: 47, 9: 53}, 28: {0: 48, 1: 41, 2: 51, 3: 55, 4: 49, 5: 54, 6: 58, 7: 61, 8: 41, 9: 42}, 29: {0: 43, 1: 59, 2: 65, 3: 58, 4: 45, 5: 40, 6: 63, 7: 44, 8: 48, 9: 35}, 30: {0: 43, 1: 53, 2: 49, 3: 56, 4: 47, 5: 53, 6: 50, 7: 46, 8: 56, 9: 47}, 31: {0: 44, 1: 54, 2: 52, 3: 44, 4: 49, 5: 70, 6: 47, 7: 40, 8: 56, 9: 44}, 32: {0: 50, 1: 58, 2: 34, 3: 51, 4: 55, 5: 44, 6: 60, 7: 57, 8: 39, 9: 52}, 33: {0: 49, 1: 31, 2: 53, 3: 64, 4: 52, 5: 54, 6: 45, 7: 45, 8: 50, 9: 57}, 34: {0: 55, 1: 55, 2: 50, 3: 45, 4: 42, 5: 55, 6: 53, 7: 50, 8: 42, 9: 53}, 35: {0: 34, 1: 54, 2: 52, 3: 46, 4: 54, 5: 49, 6: 58, 7: 52, 8: 48, 9: 53}, 36: {0: 56, 1: 45, 2: 50, 3: 39, 4: 56, 5: 51, 6: 46, 7: 54, 8: 56, 9: 47}, 37: {0: 51, 1: 56, 2: 55, 3: 55, 4: 47, 5: 46, 6: 48, 7: 59, 8: 35, 9: 48}, 38: {0: 55, 1: 54, 2: 61, 3: 34, 4: 43, 5: 49, 6: 56, 7: 47, 8: 46, 9: 55}, 39: {0: 47, 1: 41, 2: 58, 3: 46, 4: 42, 5: 42, 6: 66, 7: 51, 8: 52, 9: 55}, 40: {0: 45, 1: 59, 2: 42, 3: 51, 4: 54, 5: 56, 6: 50, 7: 44, 8: 53, 9: 46}, 41: {0: 55, 1: 54, 2: 53, 3: 53, 4: 52, 5: 44, 6: 46, 7: 55, 8: 41, 9: 47}, 42: {0: 41, 1: 53, 2: 36, 3: 45, 4: 49, 5: 45, 6: 65, 7: 57, 8: 58, 9: 51}, 43: {0: 54, 1: 38, 2: 40, 3: 57, 4: 48, 5: 56, 6: 54, 7: 55, 8: 44, 9: 54}, 44: {0: 55, 1: 53, 2: 51, 3: 46, 4: 40, 5: 57, 6: 48, 7: 35, 8: 55, 9: 60}, 45: {0: 59, 1: 51, 2: 54, 3: 40, 4: 47, 5: 47, 6: 57, 7: 55, 8: 44, 9: 46}, 46: {0: 56, 1: 51, 2: 58, 3: 44, 4: 57, 5: 46, 6: 55, 7: 42, 8: 41, 9: 50}, 47: {0: 55, 1: 47, 2: 54, 3: 58, 4: 49, 5: 45, 6: 47, 7: 51, 8: 43, 9: 51}, 48: {0: 46, 1: 38, 2: 41, 3: 52, 4: 43, 5: 61, 6: 49, 7: 47, 8: 56, 9: 67}, 49: {0: 40, 1: 52, 2: 49, 3: 49, 4: 53, 5: 55, 6: 49, 7: 46, 8: 55, 9: 52}, 50: {0: 63, 1: 44, 2: 46, 3: 66, 4: 52, 5: 53, 6: 48, 7: 47, 8: 45, 9: 36}, 51: {0: 47, 1: 52, 2: 64, 3: 49, 4: 47, 5: 53, 6: 37, 7: 50, 8: 57, 9: 44}, 52: {0: 51, 1: 55, 2: 38, 3: 47, 4: 66, 5: 49, 6: 44, 7: 33, 8: 51, 9: 66}, 53: {0: 61, 1: 42, 2: 49, 3: 46, 4: 53, 5: 44, 6: 49, 7: 52, 8: 50, 9: 54}, 54: {0: 33, 1: 46, 2: 57, 3: 47, 4: 53, 5: 53, 6: 47, 7: 58, 8: 48, 9: 58}, 55: {0: 59, 1: 50, 2: 37, 3: 60, 4: 42, 5: 49, 6: 44, 7: 51, 8: 51, 9: 57}, 56: {0: 44, 1: 46, 2: 47, 3: 55, 4: 41, 5: 58, 6: 42, 7: 44, 8: 61, 9: 62}, 57: {0: 48, 1: 57, 2: 44, 3: 42, 4: 42, 5: 64, 6: 49, 7: 43, 8: 47, 9: 64}, 58: {0: 48, 1: 49, 2: 46, 3: 63, 4: 46, 5: 36, 6: 61, 7: 61, 8: 41, 9: 49}, 59: {0: 63, 1: 55, 2: 44, 3: 50, 4: 54, 5: 47, 6: 37, 7: 41, 8: 52, 9: 57}, 60: {0: 57, 1: 50, 2: 39, 3: 58, 4: 46, 5: 50, 6: 49, 7: 55, 8: 52, 9: 44}, 61: {0: 57, 1: 47, 2: 47, 3: 40, 4: 50, 5: 44, 6: 48, 7: 50, 8: 63, 9: 54}, 62: {0: 44, 1: 49, 2: 52, 3: 47, 4: 47, 5: 46, 6: 52, 7: 51, 8: 62, 9: 50}, 63: {0: 48, 1: 59, 2: 45, 3: 46, 4: 53, 5: 44, 6: 49, 7: 65, 8: 51, 9: 40}, 64: {0: 58, 1: 52, 2: 57, 3: 44, 4: 54, 5: 42, 6: 38, 7: 59, 8: 52, 9: 44}, 65: {0: 41, 1: 56, 2: 48, 3: 51, 4: 60, 5: 42, 6: 53, 7: 51, 8: 54, 9: 44}, 66: {0: 50, 1: 52, 2: 48, 3: 43, 4: 53, 5: 51, 6: 51, 7: 49, 8: 62, 9: 41}, 67: {0: 51, 1: 45, 2: 54, 3: 52, 4: 45, 5: 54, 6: 49, 7: 48, 8: 57, 9: 45}, 68: {0: 48, 1: 53, 2: 50, 3: 55, 4: 39, 5: 51, 6: 54, 7: 43, 8: 51, 9: 56}, 69: {0: 37, 1: 59, 2: 52, 3: 54, 4: 59, 5: 58, 6: 49, 7: 28, 8: 53, 9: 51}, 70: {0: 52, 1: 48, 2: 41, 3: 51, 4: 41, 5: 48, 6: 58, 7: 60, 8: 51, 9: 50}, 71: {0: 44, 1: 45, 2: 55, 3: 42, 4: 57, 5: 36, 6: 59, 7: 48, 8: 61, 9: 53}, 72: {0: 54, 1: 55, 2: 59, 3: 49, 4: 54, 5: 54, 6: 35, 7: 47, 8: 50, 9: 43}, 73: {0: 43, 1: 51, 2: 48, 3: 59, 4: 54, 5: 52, 6: 41, 7: 51, 8: 59, 9: 42}, 74: {0: 48, 1: 55, 2: 58, 3: 50, 4: 51, 5: 45, 6: 48, 7: 48, 8: 43, 9: 54}, 75: {0: 53, 1: 46, 2: 39, 3: 54, 4: 55, 5: 56, 6: 53, 7: 49, 8: 47, 9: 48}, 76: {0: 55, 1: 51, 2: 48, 3: 50, 4: 50, 5: 49, 6: 43, 7: 58, 8: 47, 9: 49}, 77: {0: 61, 1: 45, 2: 55, 3: 49, 4: 53, 5: 47, 6: 46, 7: 57, 8: 45, 9: 42}, 78: {0: 56, 1: 52, 2: 47, 3: 53, 4: 58, 5: 58, 6: 41, 7: 53, 8: 38, 9: 44}, 79: {0: 50, 1: 52, 2: 49, 3: 55, 4: 50, 5: 58, 6: 44, 7: 44, 8: 52, 9: 46}, 80: {0: 62, 1: 42, 2: 49, 3: 33, 4: 42, 5: 49, 6: 44, 7: 59, 8: 60, 9: 60}, 81: {0: 45, 1: 38, 2: 44, 3: 58, 4: 53, 5: 45, 6: 51, 7: 51, 8: 56, 9: 59}, 82: {0: 55, 1: 49, 2: 57, 3: 50, 4: 44, 5: 50, 6: 49, 7: 50, 8: 43, 9: 53}, 83: {0: 42, 1: 58, 2: 57, 3: 53, 4: 37, 5: 61, 6: 50, 7: 45, 8: 52, 9: 45}, 84: {0: 49, 1: 44, 2: 50, 3: 49, 4: 54, 5: 53, 6: 49, 7: 53, 8: 52, 9: 47}, 85: {0: 46, 1: 46, 2: 47, 3: 49, 4: 59, 5: 40, 6: 55, 7: 57, 8: 42, 9: 59}, 86: {0: 49, 1: 61, 2: 44, 3: 61, 4: 49, 5: 43, 6: 57, 7: 38, 8: 51, 9: 47}, 87: {0: 51, 1: 58, 2: 41, 3: 49, 4: 52, 5: 38, 6: 50, 7: 55, 8: 54, 9: 52}, 88: {0: 58, 1: 53, 2: 51, 3: 38, 4: 55, 5: 56, 6: 50, 7: 52, 8: 43, 9: 44}, 89: {0: 46, 1: 48, 2: 58, 3: 52, 4: 39, 5: 55, 6: 54, 7: 51, 8: 53, 9: 44}, 90: {0: 40, 1: 54, 2: 52, 3: 60, 4: 59, 5: 44, 6: 43, 7: 48, 8: 48, 9: 52}, 91: {0: 50, 1: 43, 2: 59, 3: 48, 4: 56, 5: 51, 6: 49, 7: 36, 8: 50, 9: 58}, 92: {0: 54, 1: 53, 2: 49, 3: 46, 4: 52, 5: 40, 6: 47, 7: 60, 8: 50, 9: 49}, 93: {0: 43, 1: 51, 2: 57, 3: 57, 4: 49, 5: 48, 6: 49, 7: 53, 8: 50, 9: 43}, 94: {0: 42, 1: 42, 2: 45, 3: 63, 4: 61, 5: 52, 6: 54, 7: 44, 8: 46, 9: 51}, 95: {0: 47, 1: 48, 2: 44, 3: 40, 4: 51, 5: 58, 6: 49, 7: 56, 8: 51, 9: 56}, 96: {0: 61, 1: 45, 2: 47, 3: 49, 4: 45, 5: 52, 6: 45, 7: 51, 8: 58, 9: 47}, 97: {0: 47, 1: 49, 2: 45, 3: 44, 4: 58, 5: 59, 6: 53, 7: 47, 8: 60, 9: 38}, 98: {0: 48, 1: 42, 2: 62, 3: 40, 4: 58, 5: 49, 6: 57, 7: 51, 8: 50, 9: 43}, 99: {0: 62, 1: 51, 2: 48, 3: 44, 4: 45, 5: 49, 6: 53, 7: 50, 8: 48, 9: 50}}
04-11 18:21 INFO     in comm round:0
04-11 18:21 INFO     Training network 0 n_training: 500
04-11 18:21 INFO     Training network 0
04-11 18:21 INFO     Client: 0 Epoch: 0 Loss: 2.678044489451817
04-11 18:21 INFO     Client: 0 Epoch: 1 Loss: 2.0565350907189504
04-11 18:21 INFO     Client: 0 Epoch: 2 Loss: 1.9147876160485404
04-11 18:21 INFO     Client: 0 Epoch: 3 Loss: 1.8325039148330688
04-11 18:21 INFO     Client: 0 Epoch: 4 Loss: 1.7176378284181868
04-11 18:21 INFO      ** Client: 0 Training complete **
04-11 18:21 INFO     Training network 1 n_training: 500
04-11 18:21 INFO     Training network 1
04-11 18:21 INFO     Client: 1 Epoch: 0 Loss: 2.641464948654175
04-11 18:21 INFO     Client: 1 Epoch: 1 Loss: 2.07781343800681
04-11 18:21 INFO     Client: 1 Epoch: 2 Loss: 2.006152238164629
04-11 18:21 INFO     Client: 1 Epoch: 3 Loss: 1.8718573706490653
04-11 18:21 INFO     Client: 1 Epoch: 4 Loss: 1.7876554557255335
04-11 18:21 INFO      ** Client: 1 Training complete **
04-11 18:21 INFO     Training network 2 n_training: 500
04-11 18:21 INFO     Training network 2
04-11 18:21 INFO     Client: 2 Epoch: 0 Loss: 2.7430707727159773
04-11 18:21 INFO     Client: 2 Epoch: 1 Loss: 2.1093982458114624
04-11 18:21 INFO     Client: 2 Epoch: 2 Loss: 1.9579136541911535
04-11 18:21 INFO     Client: 2 Epoch: 3 Loss: 1.8006442955562048
04-11 18:21 INFO     Client: 2 Epoch: 4 Loss: 1.6867006506238664
04-11 18:21 INFO      ** Client: 2 Training complete **
04-11 18:21 INFO     Training network 3 n_training: 500
04-11 18:21 INFO     Training network 3
04-11 18:21 INFO     Client: 3 Epoch: 0 Loss: 2.640974760055542
04-11 18:21 INFO     Client: 3 Epoch: 1 Loss: 2.2083978482655118
04-11 18:21 INFO     Client: 3 Epoch: 2 Loss: 1.9009699651173182
04-11 18:21 INFO     Client: 3 Epoch: 3 Loss: 1.8333616767610823
04-11 18:21 INFO     Client: 3 Epoch: 4 Loss: 1.7444944211414881
04-11 18:21 INFO      ** Client: 3 Training complete **
04-11 18:21 INFO     Training network 4 n_training: 500
04-11 18:21 INFO     Training network 4
04-11 18:21 INFO     Client: 4 Epoch: 0 Loss: 2.5592357431139265
04-11 18:21 INFO     Client: 4 Epoch: 1 Loss: 2.0677297796521867
04-11 18:21 INFO     Client: 4 Epoch: 2 Loss: 1.9036975588117326
04-11 18:21 INFO     Client: 4 Epoch: 3 Loss: 1.8295162916183472
04-11 18:21 INFO     Client: 4 Epoch: 4 Loss: 1.7220240150179182
04-11 18:21 INFO      ** Client: 4 Training complete **
04-11 18:21 INFO     Training network 5 n_training: 500
04-11 18:21 INFO     Training network 5
04-11 18:21 INFO     Client: 5 Epoch: 0 Loss: 2.4592678546905518
04-11 18:21 INFO     Client: 5 Epoch: 1 Loss: 2.0392224958964755
04-11 18:21 INFO     Client: 5 Epoch: 2 Loss: 1.9068056515284948
04-11 18:21 INFO     Client: 5 Epoch: 3 Loss: 1.723561201776777
04-11 18:21 INFO     Client: 5 Epoch: 4 Loss: 1.6574393681117467
04-11 18:21 INFO      ** Client: 5 Training complete **
04-11 18:21 INFO     Training network 6 n_training: 500
04-11 18:21 INFO     Training network 6
04-11 18:21 INFO     Client: 6 Epoch: 0 Loss: 2.571673665727888
04-11 18:21 INFO     Client: 6 Epoch: 1 Loss: 2.0065857682909285
04-11 18:21 INFO     Client: 6 Epoch: 2 Loss: 1.8257916825158256
04-11 18:21 INFO     Client: 6 Epoch: 3 Loss: 1.7973708595548357
04-11 18:21 INFO     Client: 6 Epoch: 4 Loss: 1.7399040971483504
04-11 18:21 INFO      ** Client: 6 Training complete **
04-11 18:21 INFO     Training network 7 n_training: 500
04-11 18:21 INFO     Training network 7
04-11 18:21 INFO     Client: 7 Epoch: 0 Loss: 2.575852019446237
04-11 18:21 INFO     Client: 7 Epoch: 1 Loss: 2.169020107814244
04-11 18:21 INFO     Client: 7 Epoch: 2 Loss: 1.933449353490557
04-11 18:21 INFO     Client: 7 Epoch: 3 Loss: 1.8898243052618844
04-11 18:21 INFO     Client: 7 Epoch: 4 Loss: 1.758814982005528
04-11 18:21 INFO      ** Client: 7 Training complete **
04-11 18:21 INFO     Training network 8 n_training: 500
04-11 18:21 INFO     Training network 8
04-11 18:21 INFO     Client: 8 Epoch: 0 Loss: 2.5260348660605296
04-11 18:21 INFO     Client: 8 Epoch: 1 Loss: 2.0286687271935597
04-11 18:21 INFO     Client: 8 Epoch: 2 Loss: 1.8475878068378992
04-11 18:21 INFO     Client: 8 Epoch: 3 Loss: 1.7715988499777657
04-11 18:21 INFO     Client: 8 Epoch: 4 Loss: 1.7022937876837594
04-11 18:21 INFO      ** Client: 8 Training complete **
04-11 18:21 INFO     Training network 9 n_training: 500
04-11 18:21 INFO     Training network 9
04-11 18:21 INFO     Client: 9 Epoch: 0 Loss: 2.8627492019108365
04-11 18:21 INFO     Client: 9 Epoch: 1 Loss: 2.103533591542925
04-11 18:21 INFO     Client: 9 Epoch: 2 Loss: 2.0026814937591553
04-11 18:21 INFO     Client: 9 Epoch: 3 Loss: 1.884825008256095
04-11 18:21 INFO     Client: 9 Epoch: 4 Loss: 1.775260363306318
04-11 18:21 INFO      ** Client: 9 Training complete **
04-11 18:21 INFO     Training network 10 n_training: 500
04-11 18:21 INFO     Training network 10
04-11 18:21 INFO     Client: 10 Epoch: 0 Loss: 2.647456645965576
04-11 18:21 INFO     Client: 10 Epoch: 1 Loss: 2.089077745165144
04-11 18:21 INFO     Client: 10 Epoch: 2 Loss: 1.9403489998408727
04-11 18:21 INFO     Client: 10 Epoch: 3 Loss: 1.822250485420227
04-11 18:22 INFO     Client: 10 Epoch: 4 Loss: 1.7277260848454066
04-11 18:22 INFO      ** Client: 10 Training complete **
04-11 18:22 INFO     Training network 11 n_training: 500
04-11 18:22 INFO     Training network 11
04-11 18:22 INFO     Client: 11 Epoch: 0 Loss: 2.639575277056013
04-11 18:22 INFO     Client: 11 Epoch: 1 Loss: 2.228641833577837
04-11 18:22 INFO     Client: 11 Epoch: 2 Loss: 2.0408564805984497
04-11 18:22 INFO     Client: 11 Epoch: 3 Loss: 1.902283021381923
04-11 18:22 INFO     Client: 11 Epoch: 4 Loss: 1.8635339055742537
04-11 18:22 INFO      ** Client: 11 Training complete **
04-11 18:22 INFO     Training network 12 n_training: 500
04-11 18:22 INFO     Training network 12
04-11 18:22 INFO     Client: 12 Epoch: 0 Loss: 2.48280702318464
04-11 18:22 INFO     Client: 12 Epoch: 1 Loss: 2.1083196060998097
04-11 18:22 INFO     Client: 12 Epoch: 2 Loss: 1.8548660448619299
04-11 18:22 INFO     Client: 12 Epoch: 3 Loss: 1.6967479842049735
04-11 18:22 INFO     Client: 12 Epoch: 4 Loss: 1.6306332009179252
04-11 18:22 INFO      ** Client: 12 Training complete **
04-11 18:22 INFO     Training network 13 n_training: 500
04-11 18:22 INFO     Training network 13
04-11 18:22 INFO     Client: 13 Epoch: 0 Loss: 2.6212052277156284
04-11 18:22 INFO     Client: 13 Epoch: 1 Loss: 2.0546894584383284
04-11 18:22 INFO     Client: 13 Epoch: 2 Loss: 1.9288060835429601
04-11 18:22 INFO     Client: 13 Epoch: 3 Loss: 1.8145734242030553
04-11 18:22 INFO     Client: 13 Epoch: 4 Loss: 1.7036122594560896
04-11 18:22 INFO      ** Client: 13 Training complete **
04-11 18:22 INFO     Training network 14 n_training: 500
04-11 18:22 INFO     Training network 14
04-11 18:22 INFO     Client: 14 Epoch: 0 Loss: 2.638171230043684
04-11 18:22 INFO     Client: 14 Epoch: 1 Loss: 2.11768685068403
04-11 18:22 INFO     Client: 14 Epoch: 2 Loss: 1.9816505227770125
04-11 18:22 INFO     Client: 14 Epoch: 3 Loss: 1.8179059028625488
04-11 18:22 INFO     Client: 14 Epoch: 4 Loss: 1.8448174510683333
04-11 18:22 INFO      ** Client: 14 Training complete **
04-11 18:22 INFO     Training network 15 n_training: 500
04-11 18:22 INFO     Training network 15
04-11 18:22 INFO     Client: 15 Epoch: 0 Loss: 2.7336531366620744
04-11 18:22 INFO     Client: 15 Epoch: 1 Loss: 2.1384551354816983
04-11 18:22 INFO     Client: 15 Epoch: 2 Loss: 1.9618973902293615
04-11 18:22 INFO     Client: 15 Epoch: 3 Loss: 1.8239677463259016
04-11 18:22 INFO     Client: 15 Epoch: 4 Loss: 1.8808693204607283
04-11 18:22 INFO      ** Client: 15 Training complete **
04-11 18:22 INFO     Training network 16 n_training: 500
04-11 18:22 INFO     Training network 16
04-11 18:22 INFO     Client: 16 Epoch: 0 Loss: 2.6907335008893694
04-11 18:22 INFO     Client: 16 Epoch: 1 Loss: 2.1102991104125977
04-11 18:22 INFO     Client: 16 Epoch: 2 Loss: 1.8899774381092616
04-11 18:22 INFO     Client: 16 Epoch: 3 Loss: 1.8090216091700964
04-11 18:22 INFO     Client: 16 Epoch: 4 Loss: 1.6951245750699724
04-11 18:22 INFO      ** Client: 16 Training complete **
04-11 18:22 INFO     Training network 17 n_training: 500
04-11 18:22 INFO     Training network 17
04-11 18:22 INFO     Client: 17 Epoch: 0 Loss: 2.7294912338256836
04-11 18:22 INFO     Client: 17 Epoch: 1 Loss: 2.0866566385541643
04-11 18:22 INFO     Client: 17 Epoch: 2 Loss: 1.9710755348205566
04-11 18:22 INFO     Client: 17 Epoch: 3 Loss: 1.8153197254453386
04-11 18:22 INFO     Client: 17 Epoch: 4 Loss: 1.754614063671657
04-11 18:22 INFO      ** Client: 17 Training complete **
04-11 18:22 INFO     Training network 18 n_training: 500
04-11 18:22 INFO     Training network 18
04-11 18:22 INFO     Client: 18 Epoch: 0 Loss: 2.5712974752698625
04-11 18:22 INFO     Client: 18 Epoch: 1 Loss: 2.090595177241734
04-11 18:22 INFO     Client: 18 Epoch: 2 Loss: 1.956455945968628
04-11 18:22 INFO     Client: 18 Epoch: 3 Loss: 1.887729184968131
04-11 18:22 INFO     Client: 18 Epoch: 4 Loss: 1.7619205032076155
04-11 18:22 INFO      ** Client: 18 Training complete **
04-11 18:22 INFO     Training network 19 n_training: 500
04-11 18:22 INFO     Training network 19
04-11 18:22 INFO     Client: 19 Epoch: 0 Loss: 2.7163106373378207
04-11 18:22 INFO     Client: 19 Epoch: 1 Loss: 2.147104637963431
04-11 18:22 INFO     Client: 19 Epoch: 2 Loss: 1.951094593320574
04-11 18:22 INFO     Client: 19 Epoch: 3 Loss: 1.8191816806793213
04-11 18:22 INFO     Client: 19 Epoch: 4 Loss: 1.7455330746514457
04-11 18:22 INFO      ** Client: 19 Training complete **
04-11 18:22 INFO     Training network 20 n_training: 500
04-11 18:22 INFO     Training network 20
04-11 18:22 INFO     Client: 20 Epoch: 0 Loss: 2.6188855852399553
04-11 18:22 INFO     Client: 20 Epoch: 1 Loss: 2.085001230239868
04-11 18:22 INFO     Client: 20 Epoch: 2 Loss: 1.9905537537166051
04-11 18:22 INFO     Client: 20 Epoch: 3 Loss: 1.890551209449768
04-11 18:22 INFO     Client: 20 Epoch: 4 Loss: 1.787101422037397
04-11 18:22 INFO      ** Client: 20 Training complete **
04-11 18:22 INFO     Training network 21 n_training: 500
04-11 18:22 INFO     Training network 21
04-11 18:22 INFO     Client: 21 Epoch: 0 Loss: 2.904846157346453
04-11 18:22 INFO     Client: 21 Epoch: 1 Loss: 2.0780623129435947
04-11 18:22 INFO     Client: 21 Epoch: 2 Loss: 1.905283979007176
04-11 18:22 INFO     Client: 21 Epoch: 3 Loss: 1.740707210132054
04-11 18:22 INFO     Client: 21 Epoch: 4 Loss: 1.6938229969569616
04-11 18:22 INFO      ** Client: 21 Training complete **
04-11 18:22 INFO     Training network 22 n_training: 500
04-11 18:22 INFO     Training network 22
04-11 18:22 INFO     Client: 22 Epoch: 0 Loss: 2.6557978902544295
04-11 18:22 INFO     Client: 22 Epoch: 1 Loss: 2.184523582458496
04-11 18:22 INFO     Client: 22 Epoch: 2 Loss: 1.9728177785873413
04-11 18:22 INFO     Client: 22 Epoch: 3 Loss: 1.9077932834625244
04-11 18:22 INFO     Client: 22 Epoch: 4 Loss: 1.7939752340316772
04-11 18:22 INFO      ** Client: 22 Training complete **
04-11 18:22 INFO     Training network 23 n_training: 500
04-11 18:22 INFO     Training network 23
04-11 18:22 INFO     Client: 23 Epoch: 0 Loss: 2.6072650296347484
04-11 18:22 INFO     Client: 23 Epoch: 1 Loss: 2.1928365230560303
04-11 18:22 INFO     Client: 23 Epoch: 2 Loss: 1.923417670386178
04-11 18:22 INFO     Client: 23 Epoch: 3 Loss: 1.8214837142399378
04-11 18:22 INFO     Client: 23 Epoch: 4 Loss: 1.7305728367396764
04-11 18:22 INFO      ** Client: 23 Training complete **
04-11 18:22 INFO     Training network 24 n_training: 500
04-11 18:22 INFO     Training network 24
04-11 18:22 INFO     Client: 24 Epoch: 0 Loss: 2.79267566544669
04-11 18:22 INFO     Client: 24 Epoch: 1 Loss: 2.197503992489406
04-11 18:22 INFO     Client: 24 Epoch: 2 Loss: 2.0087463515145436
04-11 18:22 INFO     Client: 24 Epoch: 3 Loss: 1.8751276731491089
04-11 18:22 INFO     Client: 24 Epoch: 4 Loss: 1.746239219393049
04-11 18:22 INFO      ** Client: 24 Training complete **
04-11 18:22 INFO     Training network 25 n_training: 500
04-11 18:22 INFO     Training network 25
04-11 18:22 INFO     Client: 25 Epoch: 0 Loss: 2.646775790623256
04-11 18:22 INFO     Client: 25 Epoch: 1 Loss: 2.122145107814244
04-11 18:22 INFO     Client: 25 Epoch: 2 Loss: 2.0391405650547574
04-11 18:22 INFO     Client: 25 Epoch: 3 Loss: 1.863566245351519
04-11 18:22 INFO     Client: 25 Epoch: 4 Loss: 1.753720964704241
04-11 18:22 INFO      ** Client: 25 Training complete **
04-11 18:22 INFO     Training network 26 n_training: 500
04-11 18:22 INFO     Training network 26
04-11 18:22 INFO     Client: 26 Epoch: 0 Loss: 2.5729569707598006
04-11 18:22 INFO     Client: 26 Epoch: 1 Loss: 2.3047702312469482
04-11 18:22 INFO     Client: 26 Epoch: 2 Loss: 2.121972458703177
04-11 18:22 INFO     Client: 26 Epoch: 3 Loss: 1.8791016340255737
04-11 18:22 INFO     Client: 26 Epoch: 4 Loss: 1.8303967203412737
04-11 18:22 INFO      ** Client: 26 Training complete **
04-11 18:22 INFO     Training network 27 n_training: 500
04-11 18:22 INFO     Training network 27
04-11 18:22 INFO     Client: 27 Epoch: 0 Loss: 2.7507425035749162
04-11 18:22 INFO     Client: 27 Epoch: 1 Loss: 2.1659180436815535
04-11 18:22 INFO     Client: 27 Epoch: 2 Loss: 1.9924513101577759
04-11 18:22 INFO     Client: 27 Epoch: 3 Loss: 1.89060035773686
04-11 18:22 INFO     Client: 27 Epoch: 4 Loss: 1.8121215615953719
04-11 18:22 INFO      ** Client: 27 Training complete **
04-11 18:22 INFO     Training network 28 n_training: 500
04-11 18:22 INFO     Training network 28
04-11 18:22 INFO     Client: 28 Epoch: 0 Loss: 2.764913388660976
04-11 18:22 INFO     Client: 28 Epoch: 1 Loss: 2.184535435267857
04-11 18:22 INFO     Client: 28 Epoch: 2 Loss: 2.038550547191075
04-11 18:22 INFO     Client: 28 Epoch: 3 Loss: 1.905670063836234
04-11 18:22 INFO     Client: 28 Epoch: 4 Loss: 1.8121641363416399
04-11 18:22 INFO      ** Client: 28 Training complete **
04-11 18:22 INFO     Training network 29 n_training: 500
04-11 18:22 INFO     Training network 29
04-11 18:22 INFO     Client: 29 Epoch: 0 Loss: 2.677307094846453
04-11 18:22 INFO     Client: 29 Epoch: 1 Loss: 2.1440113612583707
04-11 18:22 INFO     Client: 29 Epoch: 2 Loss: 1.9157997369766235
04-11 18:22 INFO     Client: 29 Epoch: 3 Loss: 1.828551071030753
04-11 18:22 INFO     Client: 29 Epoch: 4 Loss: 1.6836064202444894
04-11 18:22 INFO      ** Client: 29 Training complete **
04-11 18:22 INFO     Training network 30 n_training: 500
04-11 18:22 INFO     Training network 30
04-11 18:22 INFO     Client: 30 Epoch: 0 Loss: 2.601899657930647
04-11 18:22 INFO     Client: 30 Epoch: 1 Loss: 2.1543083361216953
04-11 18:22 INFO     Client: 30 Epoch: 2 Loss: 1.9509203774588448
04-11 18:22 INFO     Client: 30 Epoch: 3 Loss: 1.8359230756759644
04-11 18:22 INFO     Client: 30 Epoch: 4 Loss: 1.7161107403891427
04-11 18:22 INFO      ** Client: 30 Training complete **
04-11 18:22 INFO     Training network 31 n_training: 500
04-11 18:22 INFO     Training network 31
04-11 18:22 INFO     Client: 31 Epoch: 0 Loss: 2.6206552982330322
04-11 18:22 INFO     Client: 31 Epoch: 1 Loss: 2.299975258963449
04-11 18:22 INFO     Client: 31 Epoch: 2 Loss: 2.0864375829696655
04-11 18:22 INFO     Client: 31 Epoch: 3 Loss: 1.8945046833583288
04-11 18:22 INFO     Client: 31 Epoch: 4 Loss: 1.8255350249154227
04-11 18:22 INFO      ** Client: 31 Training complete **
04-11 18:22 INFO     Training network 32 n_training: 500
04-11 18:22 INFO     Training network 32
04-11 18:22 INFO     Client: 32 Epoch: 0 Loss: 2.649265629904611
04-11 18:22 INFO     Client: 32 Epoch: 1 Loss: 2.049570287976946
04-11 18:22 INFO     Client: 32 Epoch: 2 Loss: 1.903962595122201
04-11 18:22 INFO     Client: 32 Epoch: 3 Loss: 1.760374631200518
04-11 18:22 INFO     Client: 32 Epoch: 4 Loss: 1.7876107863017492
04-11 18:22 INFO      ** Client: 32 Training complete **
04-11 18:22 INFO     Training network 33 n_training: 500
04-11 18:22 INFO     Training network 33
04-11 18:22 INFO     Client: 33 Epoch: 0 Loss: 2.6725724084036693
04-11 18:22 INFO     Client: 33 Epoch: 1 Loss: 2.0685993432998657
04-11 18:22 INFO     Client: 33 Epoch: 2 Loss: 1.9142517021724157
04-11 18:22 INFO     Client: 33 Epoch: 3 Loss: 1.8600977659225464
04-11 18:22 INFO     Client: 33 Epoch: 4 Loss: 1.7254383053098405
04-11 18:22 INFO      ** Client: 33 Training complete **
04-11 18:22 INFO     Training network 34 n_training: 500
04-11 18:22 INFO     Training network 34
04-11 18:22 INFO     Client: 34 Epoch: 0 Loss: 2.717916556767055
04-11 18:22 INFO     Client: 34 Epoch: 1 Loss: 2.187707151685442
04-11 18:22 INFO     Client: 34 Epoch: 2 Loss: 2.019675152642386
04-11 18:22 INFO     Client: 34 Epoch: 3 Loss: 1.8758622237614222
04-11 18:22 INFO     Client: 34 Epoch: 4 Loss: 1.7998651095799036
04-11 18:22 INFO      ** Client: 34 Training complete **
04-11 18:22 INFO     Training network 35 n_training: 500
04-11 18:22 INFO     Training network 35
04-11 18:22 INFO     Client: 35 Epoch: 0 Loss: 2.630737134388515
04-11 18:22 INFO     Client: 35 Epoch: 1 Loss: 2.081692252840315
04-11 18:22 INFO     Client: 35 Epoch: 2 Loss: 1.970976642199925
04-11 18:22 INFO     Client: 35 Epoch: 3 Loss: 1.8795424870082311
04-11 18:22 INFO     Client: 35 Epoch: 4 Loss: 1.8413680110658919
04-11 18:22 INFO      ** Client: 35 Training complete **
04-11 18:22 INFO     Training network 36 n_training: 500
04-11 18:22 INFO     Training network 36
04-11 18:22 INFO     Client: 36 Epoch: 0 Loss: 2.522122723715646
04-11 18:22 INFO     Client: 36 Epoch: 1 Loss: 2.0900611877441406
04-11 18:22 INFO     Client: 36 Epoch: 2 Loss: 1.966820171901158
04-11 18:22 INFO     Client: 36 Epoch: 3 Loss: 1.7771129608154297
04-11 18:22 INFO     Client: 36 Epoch: 4 Loss: 1.7303057057516915
04-11 18:22 INFO      ** Client: 36 Training complete **
04-11 18:22 INFO     Training network 37 n_training: 500
04-11 18:22 INFO     Training network 37
04-11 18:23 INFO     Client: 37 Epoch: 0 Loss: 2.5860201631273543
04-11 18:23 INFO     Client: 37 Epoch: 1 Loss: 2.080380388668605
04-11 18:23 INFO     Client: 37 Epoch: 2 Loss: 1.884750212941851
04-11 18:23 INFO     Client: 37 Epoch: 3 Loss: 1.7995296376092094
04-11 18:23 INFO     Client: 37 Epoch: 4 Loss: 1.6790530341012138
04-11 18:23 INFO      ** Client: 37 Training complete **
04-11 18:23 INFO     Training network 38 n_training: 500
04-11 18:23 INFO     Training network 38
04-11 18:23 INFO     Client: 38 Epoch: 0 Loss: 2.6304425171443393
04-11 18:23 INFO     Client: 38 Epoch: 1 Loss: 2.1215886729104176
04-11 18:23 INFO     Client: 38 Epoch: 2 Loss: 1.9509000267301286
04-11 18:23 INFO     Client: 38 Epoch: 3 Loss: 1.8319590432303292
04-11 18:23 INFO     Client: 38 Epoch: 4 Loss: 1.7272759335381644
04-11 18:23 INFO      ** Client: 38 Training complete **
04-11 18:23 INFO     Training network 39 n_training: 500
04-11 18:23 INFO     Training network 39
04-11 18:23 INFO     Client: 39 Epoch: 0 Loss: 2.5457234382629395
04-11 18:23 INFO     Client: 39 Epoch: 1 Loss: 2.1225232737404958
04-11 18:23 INFO     Client: 39 Epoch: 2 Loss: 1.879624877657209
04-11 18:23 INFO     Client: 39 Epoch: 3 Loss: 1.769634417125157
04-11 18:23 INFO     Client: 39 Epoch: 4 Loss: 1.807671104158674
04-11 18:23 INFO      ** Client: 39 Training complete **
04-11 18:23 INFO     Training network 40 n_training: 500
04-11 18:23 INFO     Training network 40
04-11 18:23 INFO     Client: 40 Epoch: 0 Loss: 2.7775398322514127
04-11 18:23 INFO     Client: 40 Epoch: 1 Loss: 2.1660047258649553
04-11 18:23 INFO     Client: 40 Epoch: 2 Loss: 1.976981520652771
04-11 18:23 INFO     Client: 40 Epoch: 3 Loss: 1.8298444747924805
04-11 18:23 INFO     Client: 40 Epoch: 4 Loss: 1.7644898380552019
04-11 18:23 INFO      ** Client: 40 Training complete **
04-11 18:23 INFO     Training network 41 n_training: 500
04-11 18:23 INFO     Training network 41
04-11 18:23 INFO     Client: 41 Epoch: 0 Loss: 2.551178353173392
04-11 18:23 INFO     Client: 41 Epoch: 1 Loss: 2.069802829197475
04-11 18:23 INFO     Client: 41 Epoch: 2 Loss: 1.9644812856401717
04-11 18:23 INFO     Client: 41 Epoch: 3 Loss: 1.9326173237391882
04-11 18:23 INFO     Client: 41 Epoch: 4 Loss: 1.7851297514779227
04-11 18:23 INFO      ** Client: 41 Training complete **
04-11 18:23 INFO     Training network 42 n_training: 500
04-11 18:23 INFO     Training network 42
04-11 18:23 INFO     Client: 42 Epoch: 0 Loss: 2.5970342499869212
04-11 18:23 INFO     Client: 42 Epoch: 1 Loss: 2.1078288725444247
04-11 18:23 INFO     Client: 42 Epoch: 2 Loss: 1.9337785243988037
04-11 18:23 INFO     Client: 42 Epoch: 3 Loss: 1.8025217737470354
04-11 18:23 INFO     Client: 42 Epoch: 4 Loss: 1.7329927001680647
04-11 18:23 INFO      ** Client: 42 Training complete **
04-11 18:23 INFO     Training network 43 n_training: 500
04-11 18:23 INFO     Training network 43
04-11 18:23 INFO     Client: 43 Epoch: 0 Loss: 2.719930785042899
04-11 18:23 INFO     Client: 43 Epoch: 1 Loss: 2.1327407360076904
04-11 18:23 INFO     Client: 43 Epoch: 2 Loss: 1.9666847331183297
04-11 18:23 INFO     Client: 43 Epoch: 3 Loss: 1.8159431900296892
04-11 18:23 INFO     Client: 43 Epoch: 4 Loss: 1.8071883916854858
04-11 18:23 INFO      ** Client: 43 Training complete **
04-11 18:23 INFO     Training network 44 n_training: 500
04-11 18:23 INFO     Training network 44
04-11 18:23 INFO     Client: 44 Epoch: 0 Loss: 2.6878957407815114
04-11 18:23 INFO     Client: 44 Epoch: 1 Loss: 2.070812668119158
04-11 18:23 INFO     Client: 44 Epoch: 2 Loss: 1.9351786034447807
04-11 18:23 INFO     Client: 44 Epoch: 3 Loss: 1.8598699399403162
04-11 18:23 INFO     Client: 44 Epoch: 4 Loss: 1.7142809970038277
04-11 18:23 INFO      ** Client: 44 Training complete **
04-11 18:23 INFO     Training network 45 n_training: 500
04-11 18:23 INFO     Training network 45
04-11 18:23 INFO     Client: 45 Epoch: 0 Loss: 2.564851828983852
04-11 18:23 INFO     Client: 45 Epoch: 1 Loss: 1.995402387210301
04-11 18:23 INFO     Client: 45 Epoch: 2 Loss: 1.8582525764192854
04-11 18:23 INFO     Client: 45 Epoch: 3 Loss: 1.763249363218035
04-11 18:23 INFO     Client: 45 Epoch: 4 Loss: 1.7156400339944022
04-11 18:23 INFO      ** Client: 45 Training complete **
04-11 18:23 INFO     Training network 46 n_training: 500
04-11 18:23 INFO     Training network 46
04-11 18:23 INFO     Client: 46 Epoch: 0 Loss: 2.737377200807844
04-11 18:23 INFO     Client: 46 Epoch: 1 Loss: 2.1565047332218716
04-11 18:23 INFO     Client: 46 Epoch: 2 Loss: 2.0438776527132307
04-11 18:23 INFO     Client: 46 Epoch: 3 Loss: 1.8699906042643957
04-11 18:23 INFO     Client: 46 Epoch: 4 Loss: 1.8646756240299769
04-11 18:23 INFO      ** Client: 46 Training complete **
04-11 18:23 INFO     Training network 47 n_training: 500
04-11 18:23 INFO     Training network 47
04-11 18:23 INFO     Client: 47 Epoch: 0 Loss: 2.596675293786185
04-11 18:23 INFO     Client: 47 Epoch: 1 Loss: 2.132910830633981
04-11 18:23 INFO     Client: 47 Epoch: 2 Loss: 1.962699566568647
04-11 18:23 INFO     Client: 47 Epoch: 3 Loss: 1.8882595811571394
04-11 18:23 INFO     Client: 47 Epoch: 4 Loss: 1.8113117728914534
04-11 18:23 INFO      ** Client: 47 Training complete **
04-11 18:23 INFO     Training network 48 n_training: 500
04-11 18:23 INFO     Training network 48
04-11 18:23 INFO     Client: 48 Epoch: 0 Loss: 2.6775104999542236
04-11 18:23 INFO     Client: 48 Epoch: 1 Loss: 2.0582342658724104
04-11 18:23 INFO     Client: 48 Epoch: 2 Loss: 1.9121170043945312
04-11 18:23 INFO     Client: 48 Epoch: 3 Loss: 1.8676468985421317
04-11 18:23 INFO     Client: 48 Epoch: 4 Loss: 1.7877814088548933
04-11 18:23 INFO      ** Client: 48 Training complete **
04-11 18:23 INFO     Training network 49 n_training: 500
04-11 18:23 INFO     Training network 49
04-11 18:23 INFO     Client: 49 Epoch: 0 Loss: 2.6708738463265553
04-11 18:23 INFO     Client: 49 Epoch: 1 Loss: 2.1056408200945174
04-11 18:23 INFO     Client: 49 Epoch: 2 Loss: 2.0161477497645786
04-11 18:23 INFO     Client: 49 Epoch: 3 Loss: 1.8747930526733398
04-11 18:23 INFO     Client: 49 Epoch: 4 Loss: 1.8243581056594849
04-11 18:23 INFO      ** Client: 49 Training complete **
04-11 18:23 INFO     Training network 50 n_training: 500
04-11 18:23 INFO     Training network 50
04-11 18:23 INFO     Client: 50 Epoch: 0 Loss: 2.6254566737583707
04-11 18:23 INFO     Client: 50 Epoch: 1 Loss: 2.1545179230826244
04-11 18:23 INFO     Client: 50 Epoch: 2 Loss: 1.9533611025129045
04-11 18:23 INFO     Client: 50 Epoch: 3 Loss: 1.858720064163208
04-11 18:23 INFO     Client: 50 Epoch: 4 Loss: 1.8486442055021013
04-11 18:23 INFO      ** Client: 50 Training complete **
04-11 18:23 INFO     Training network 51 n_training: 500
04-11 18:23 INFO     Training network 51
04-11 18:23 INFO     Client: 51 Epoch: 0 Loss: 2.5637002672467912
04-11 18:23 INFO     Client: 51 Epoch: 1 Loss: 2.235616683959961
04-11 18:23 INFO     Client: 51 Epoch: 2 Loss: 1.9751147542681013
04-11 18:23 INFO     Client: 51 Epoch: 3 Loss: 1.828784397670201
04-11 18:23 INFO     Client: 51 Epoch: 4 Loss: 1.649059431893485
04-11 18:23 INFO      ** Client: 51 Training complete **
04-11 18:23 INFO     Training network 52 n_training: 500
04-11 18:23 INFO     Training network 52
04-11 18:23 INFO     Client: 52 Epoch: 0 Loss: 2.672429765973772
04-11 18:23 INFO     Client: 52 Epoch: 1 Loss: 2.023178015436445
04-11 18:23 INFO     Client: 52 Epoch: 2 Loss: 1.947078091757638
04-11 18:23 INFO     Client: 52 Epoch: 3 Loss: 1.812758207321167
04-11 18:23 INFO     Client: 52 Epoch: 4 Loss: 1.7132316998073034
04-11 18:23 INFO      ** Client: 52 Training complete **
04-11 18:23 INFO     Training network 53 n_training: 500
04-11 18:23 INFO     Training network 53
04-11 18:23 INFO     Client: 53 Epoch: 0 Loss: 2.5419066633496965
04-11 18:23 INFO     Client: 53 Epoch: 1 Loss: 2.1420745509011403
04-11 18:23 INFO     Client: 53 Epoch: 2 Loss: 2.0541176966258456
04-11 18:23 INFO     Client: 53 Epoch: 3 Loss: 1.9816561937332153
04-11 18:23 INFO     Client: 53 Epoch: 4 Loss: 1.844908595085144
04-11 18:23 INFO      ** Client: 53 Training complete **
04-11 18:23 INFO     Training network 54 n_training: 500
04-11 18:23 INFO     Training network 54
04-11 18:23 INFO     Client: 54 Epoch: 0 Loss: 2.7025266034262523
04-11 18:23 INFO     Client: 54 Epoch: 1 Loss: 2.1845522267477855
04-11 18:23 INFO     Client: 54 Epoch: 2 Loss: 2.002101387296404
04-11 18:23 INFO     Client: 54 Epoch: 3 Loss: 1.8882504531315394
04-11 18:23 INFO     Client: 54 Epoch: 4 Loss: 1.8077595744814192
04-11 18:23 INFO      ** Client: 54 Training complete **
04-11 18:23 INFO     Training network 55 n_training: 500
04-11 18:23 INFO     Training network 55
04-11 18:23 INFO     Client: 55 Epoch: 0 Loss: 2.740788289478847
04-11 18:23 INFO     Client: 55 Epoch: 1 Loss: 2.0840186050959995
04-11 18:23 INFO     Client: 55 Epoch: 2 Loss: 1.8779730115618025
04-11 18:23 INFO     Client: 55 Epoch: 3 Loss: 1.7455203533172607
04-11 18:23 INFO     Client: 55 Epoch: 4 Loss: 1.6432699646268571
04-11 18:23 INFO      ** Client: 55 Training complete **
04-11 18:23 INFO     Training network 56 n_training: 500
04-11 18:23 INFO     Training network 56
04-11 18:23 INFO     Client: 56 Epoch: 0 Loss: 2.7851315566471646
04-11 18:23 INFO     Client: 56 Epoch: 1 Loss: 2.1323784589767456
04-11 18:23 INFO     Client: 56 Epoch: 2 Loss: 1.9932501826967512
04-11 18:23 INFO     Client: 56 Epoch: 3 Loss: 1.8859956775392805
04-11 18:23 INFO     Client: 56 Epoch: 4 Loss: 1.7167762858527047
04-11 18:23 INFO      ** Client: 56 Training complete **
04-11 18:23 INFO     Training network 57 n_training: 500
04-11 18:23 INFO     Training network 57
04-11 18:23 INFO     Client: 57 Epoch: 0 Loss: 2.595888716833932
04-11 18:23 INFO     Client: 57 Epoch: 1 Loss: 2.0821525028773715
04-11 18:23 INFO     Client: 57 Epoch: 2 Loss: 1.9229512895856584
04-11 18:23 INFO     Client: 57 Epoch: 3 Loss: 1.8753449746540614
04-11 18:23 INFO     Client: 57 Epoch: 4 Loss: 1.8082194498607091
04-11 18:23 INFO      ** Client: 57 Training complete **
04-11 18:23 INFO     Training network 58 n_training: 500
04-11 18:23 INFO     Training network 58
