03-13 16:57 INFO     cuda
03-13 16:57 INFO     Command Line Arguments: 
{
    "epochs": 5,
    "comm_round": 8,
    "sample_fraction": 1.0,
    "alpha": 0.1,
    "dataset": "cifar10",
    "datadir": "../data/",
    "partition": "iid",
    "alg": "sflv2",
    "model": "resnet-18",
    "n_parties": 5,
    "lr": 0.01,
    "mu": 1,
    "std_coeff": 2.5,
    "unif_coeff": 0.5,
    "batch_size": 128,
    "load_first_net": 1,
    "pool_option": "FIFO",
    "model_buffer_size": 1,
    "optimizer": "sgd",
    "simp_width": 1,
    "out_dim": 256,
    "reg": 0.0005,
    "temperature": 0.5,
    "logdir": "./",
    "log_file_name": "logs/experiment_log-alg=sflv2_partition=iid_lr=0.01_epochs=5_num_users=5_beta=0.1_batch_size=128_opt=sgd_dataset=cifar10_2024-03-13-1657-05",
    "seed": 42,
    "device": "cuda",
    "multiprocessing": 0
}
03-13 16:57 INFO     Data statistics: {0: {0: 973, 1: 979, 2: 1030, 3: 1023, 4: 933, 5: 1015, 6: 996, 7: 994, 8: 1017, 9: 1040}, 1: {0: 1000, 1: 1000, 2: 979, 3: 1018, 4: 1011, 5: 1018, 6: 944, 7: 999, 8: 1028, 9: 1003}, 2: {0: 981, 1: 1048, 2: 1007, 3: 991, 4: 999, 5: 998, 6: 1026, 7: 986, 8: 968, 9: 996}, 3: {0: 1036, 1: 984, 2: 991, 3: 1001, 4: 1046, 5: 965, 6: 1001, 7: 975, 8: 983, 9: 1018}, 4: {0: 1010, 1: 989, 2: 993, 3: 967, 4: 1011, 5: 1004, 6: 1033, 7: 1046, 8: 1004, 9: 943}}
03-13 16:57 INFO     in comm round:0
03-13 16:57 INFO     Training network 0 n_training: 10000
03-13 16:57 INFO     Training network 0
03-13 16:57 INFO     n_training: 78
03-13 16:57 INFO     Client: 0 Epoch: 0 Loss: 1.858233039195721
03-13 16:57 INFO     Client: 0 Epoch: 1 Loss: 1.4886815823041475
03-13 16:57 INFO     Client: 0 Epoch: 2 Loss: 1.3229602407186458
03-13 16:57 INFO     Client: 0 Epoch: 3 Loss: 1.1841874779799046
03-13 16:57 INFO     Client: 0 Epoch: 4 Loss: 1.0795350495057228
03-13 16:57 INFO      ** Client: 0 Training complete **
03-13 16:57 INFO     Training network 1 n_training: 10000
03-13 16:57 INFO     Training network 1
03-13 16:57 INFO     n_training: 78
03-13 16:57 INFO     Client: 1 Epoch: 0 Loss: 1.8529706612611427
03-13 16:57 INFO     Client: 1 Epoch: 1 Loss: 1.492475491303664
03-13 16:57 INFO     Client: 1 Epoch: 2 Loss: 1.3352580620692327
03-13 16:57 INFO     Client: 1 Epoch: 3 Loss: 1.1959221561749775
03-13 16:57 INFO     Client: 1 Epoch: 4 Loss: 1.0943356102857835
03-13 16:57 INFO      ** Client: 1 Training complete **
03-13 16:57 INFO     Training network 2 n_training: 10000
03-13 16:57 INFO     Training network 2
03-13 16:57 INFO     n_training: 78
03-13 16:57 INFO     Client: 2 Epoch: 0 Loss: 1.8462025339786823
03-13 16:57 INFO     Client: 2 Epoch: 1 Loss: 1.4930738088412163
03-13 16:57 INFO     Client: 2 Epoch: 2 Loss: 1.3161246914129991
03-13 16:57 INFO     Client: 2 Epoch: 3 Loss: 1.1948824448463244
03-13 16:58 INFO     Client: 2 Epoch: 4 Loss: 1.0771752313161507
03-13 16:58 INFO      ** Client: 2 Training complete **
03-13 16:58 INFO     Training network 3 n_training: 10000
03-13 16:58 INFO     Training network 3
03-13 16:58 INFO     n_training: 78
03-13 16:58 INFO     Client: 3 Epoch: 0 Loss: 1.8240291216434577
03-13 16:58 INFO     Client: 3 Epoch: 1 Loss: 1.4552849729855855
03-13 16:58 INFO     Client: 3 Epoch: 2 Loss: 1.3019053874871669
03-13 16:58 INFO     Client: 3 Epoch: 3 Loss: 1.15377453657297
03-13 16:58 INFO     Client: 3 Epoch: 4 Loss: 1.0536501934895148
03-13 16:58 INFO      ** Client: 3 Training complete **
03-13 16:58 INFO     Training network 4 n_training: 10000
03-13 16:58 INFO     Training network 4
03-13 16:58 INFO     n_training: 78
03-13 16:58 INFO     Client: 4 Epoch: 0 Loss: 1.8551741456374145
03-13 16:58 INFO     Client: 4 Epoch: 1 Loss: 1.5011337766280541
03-13 16:58 INFO     Client: 4 Epoch: 2 Loss: 1.3449255243325844
03-13 16:58 INFO     Client: 4 Epoch: 3 Loss: 1.2343411904114943
03-13 16:58 INFO     Client: 4 Epoch: 4 Loss: 1.114383312372061
03-13 16:58 INFO      ** Client: 4 Training complete **
03-13 16:58 INFO     global n_training: 390
03-13 16:58 INFO     global n_test: 79
03-13 16:58 INFO     >> Global Model Train accuracy: 0.154527
03-13 16:58 INFO     >> Global Model Test accuracy: 0.192600
03-13 16:58 INFO     >> Global Model Train loss: 3.109112
03-13 16:58 INFO     in comm round:1
03-13 16:58 INFO     Training network 0 n_training: 10000
03-13 16:58 INFO     Training network 0
03-13 16:58 INFO     n_training: 78
03-13 16:58 INFO     Client: 0 Epoch: 0 Loss: 1.2630412792548156
03-13 16:58 INFO     Client: 0 Epoch: 1 Loss: 1.0774015088876088
03-13 16:58 INFO     Client: 0 Epoch: 2 Loss: 0.9397150927629226
03-13 16:58 INFO     Client: 0 Epoch: 3 Loss: 0.8543168703715006
03-13 16:58 INFO     Client: 0 Epoch: 4 Loss: 0.798444776962965
03-13 16:58 INFO      ** Client: 0 Training complete **
03-13 16:58 INFO     Training network 1 n_training: 10000
03-13 16:58 INFO     Training network 1
03-13 16:58 INFO     n_training: 78
03-13 16:59 INFO     Client: 1 Epoch: 0 Loss: 1.2632128596305847
03-13 16:59 INFO     Client: 1 Epoch: 1 Loss: 1.087674807279538
03-13 16:59 INFO     Client: 1 Epoch: 2 Loss: 0.9442911400244787
03-13 16:59 INFO     Client: 1 Epoch: 3 Loss: 0.8564487435878851
03-13 16:59 INFO     Client: 1 Epoch: 4 Loss: 0.7844927020562
03-13 16:59 INFO      ** Client: 1 Training complete **
03-13 16:59 INFO     Training network 2 n_training: 10000
03-13 16:59 INFO     Training network 2
03-13 16:59 INFO     n_training: 78
03-13 16:59 INFO     Client: 2 Epoch: 0 Loss: 1.2708606872803125
03-13 16:59 INFO     Client: 2 Epoch: 1 Loss: 1.0676452081937056
03-13 16:59 INFO     Client: 2 Epoch: 2 Loss: 0.9539792354290302
03-13 16:59 INFO     Client: 2 Epoch: 3 Loss: 0.8751660287380219
03-13 16:59 INFO     Client: 2 Epoch: 4 Loss: 0.7916375658450983
03-13 16:59 INFO      ** Client: 2 Training complete **
03-13 16:59 INFO     Training network 3 n_training: 10000
03-13 16:59 INFO     Training network 3
03-13 16:59 INFO     n_training: 78
03-13 16:59 INFO     Client: 3 Epoch: 0 Loss: 1.251218856909336
03-13 16:59 INFO     Client: 3 Epoch: 1 Loss: 1.0573662504171715
03-13 16:59 INFO     Client: 3 Epoch: 2 Loss: 0.9270797539979984
03-13 16:59 INFO     Client: 3 Epoch: 3 Loss: 0.8446169816530668
03-13 16:59 INFO     Client: 3 Epoch: 4 Loss: 0.7726515500973432
03-13 16:59 INFO      ** Client: 3 Training complete **
03-13 16:59 INFO     Training network 4 n_training: 10000
03-13 16:59 INFO     Training network 4
03-13 16:59 INFO     n_training: 78
03-13 16:59 INFO     Client: 4 Epoch: 0 Loss: 1.2684230452928789
03-13 16:59 INFO     Client: 4 Epoch: 1 Loss: 1.0707397995850978
03-13 16:59 INFO     Client: 4 Epoch: 2 Loss: 0.9569172018613571
03-13 16:59 INFO     Client: 4 Epoch: 3 Loss: 0.876888340100264
03-13 17:00 INFO     Client: 4 Epoch: 4 Loss: 0.7958121513709043
03-13 17:00 INFO      ** Client: 4 Training complete **
03-13 17:00 INFO     global n_training: 390
03-13 17:00 INFO     global n_test: 79
03-13 17:00 INFO     >> Global Model Train accuracy: 0.717147
03-13 17:00 INFO     >> Global Model Test accuracy: 0.728500
03-13 17:00 INFO     >> Global Model Train loss: 0.799514
03-13 17:00 INFO     in comm round:2
03-13 17:00 INFO     Training network 0 n_training: 10000
03-13 17:00 INFO     Training network 0
03-13 17:00 INFO     n_training: 78
03-13 17:00 INFO     Client: 0 Epoch: 0 Loss: 0.7814686183746045
03-13 17:00 INFO     Client: 0 Epoch: 1 Loss: 0.7327670409129217
03-13 17:00 INFO     Client: 0 Epoch: 2 Loss: 0.6726733843485514
03-13 17:00 INFO     Client: 0 Epoch: 3 Loss: 0.616969570899621
03-13 17:00 INFO     Client: 0 Epoch: 4 Loss: 0.5686434090901644
03-13 17:00 INFO      ** Client: 0 Training complete **
03-13 17:00 INFO     Training network 1 n_training: 10000
03-13 17:00 INFO     Training network 1
03-13 17:00 INFO     n_training: 78
03-13 17:00 INFO     Client: 1 Epoch: 0 Loss: 0.787249221251561
03-13 17:00 INFO     Client: 1 Epoch: 1 Loss: 0.7196531784840119
03-13 17:00 INFO     Client: 1 Epoch: 2 Loss: 0.6758902447345929
03-13 17:00 INFO     Client: 1 Epoch: 3 Loss: 0.6118127206961314
03-13 17:00 INFO     Client: 1 Epoch: 4 Loss: 0.5826101047106278
03-13 17:00 INFO      ** Client: 1 Training complete **
03-13 17:00 INFO     Training network 2 n_training: 10000
03-13 17:00 INFO     Training network 2
03-13 17:00 INFO     n_training: 78
03-13 17:00 INFO     Client: 2 Epoch: 0 Loss: 0.8015268085858761
03-13 17:00 INFO     Client: 2 Epoch: 1 Loss: 0.7363112660554739
03-13 17:00 INFO     Client: 2 Epoch: 2 Loss: 0.6732162126363852
03-13 17:00 INFO     Client: 2 Epoch: 3 Loss: 0.6273005482478019
03-13 17:00 INFO     Client: 2 Epoch: 4 Loss: 0.5777163979334708
03-13 17:00 INFO      ** Client: 2 Training complete **
03-13 17:00 INFO     Training network 3 n_training: 10000
03-13 17:00 INFO     Training network 3
03-13 17:00 INFO     n_training: 78
03-13 17:01 INFO     Client: 3 Epoch: 0 Loss: 0.777725025629386
03-13 17:01 INFO     Client: 3 Epoch: 1 Loss: 0.7196041238613617
03-13 17:01 INFO     Client: 3 Epoch: 2 Loss: 0.6621276098184097
03-13 17:01 INFO     Client: 3 Epoch: 3 Loss: 0.6053302421783789
03-13 17:01 INFO     Client: 3 Epoch: 4 Loss: 0.5661438084565676
03-13 17:01 INFO      ** Client: 3 Training complete **
03-13 17:01 INFO     Training network 4 n_training: 10000
03-13 17:01 INFO     Training network 4
03-13 17:01 INFO     n_training: 78
03-13 17:01 INFO     Client: 4 Epoch: 0 Loss: 0.803553289327866
03-13 17:01 INFO     Client: 4 Epoch: 1 Loss: 0.7346806251085721
03-13 17:01 INFO     Client: 4 Epoch: 2 Loss: 0.6834527896000788
03-13 17:01 INFO     Client: 4 Epoch: 3 Loss: 0.6211781020347888
03-13 17:01 INFO     Client: 4 Epoch: 4 Loss: 0.5804190452282245
03-13 17:01 INFO      ** Client: 4 Training complete **
03-13 17:01 INFO     global n_training: 390
03-13 17:01 INFO     global n_test: 79
03-13 17:01 INFO     >> Global Model Train accuracy: 0.815124
03-13 17:01 INFO     >> Global Model Test accuracy: 0.804600
03-13 17:01 INFO     >> Global Model Train loss: 0.529875
03-13 17:01 INFO     in comm round:3
03-13 17:01 INFO     Training network 0 n_training: 10000
03-13 17:01 INFO     Training network 0
03-13 17:01 INFO     n_training: 78
03-13 17:01 INFO     Client: 0 Epoch: 0 Loss: 0.6027246862649918
03-13 17:01 INFO     Client: 0 Epoch: 1 Loss: 0.5605341245730718
03-13 17:01 INFO     Client: 0 Epoch: 2 Loss: 0.5289167700669705
03-13 17:01 INFO     Client: 0 Epoch: 3 Loss: 0.4836293562100484
03-13 17:01 INFO     Client: 0 Epoch: 4 Loss: 0.46855451586918956
03-13 17:01 INFO      ** Client: 0 Training complete **
03-13 17:01 INFO     Training network 1 n_training: 10000
03-13 17:01 INFO     Training network 1
03-13 17:01 INFO     n_training: 78
03-13 17:01 INFO     Client: 1 Epoch: 0 Loss: 0.6165103274278152
03-13 17:01 INFO     Client: 1 Epoch: 1 Loss: 0.5755265825069867
03-13 17:02 INFO     Client: 1 Epoch: 2 Loss: 0.5270436260944757
03-13 17:02 INFO     Client: 1 Epoch: 3 Loss: 0.48682082348909134
03-13 17:02 INFO     Client: 1 Epoch: 4 Loss: 0.4551855337161284
03-13 17:02 INFO      ** Client: 1 Training complete **
03-13 17:02 INFO     Training network 2 n_training: 10000
03-13 17:02 INFO     Training network 2
03-13 17:02 INFO     n_training: 78
03-13 17:02 INFO     Client: 2 Epoch: 0 Loss: 0.603202298665658
03-13 17:02 INFO     Client: 2 Epoch: 1 Loss: 0.5721244949560899
03-13 17:02 INFO     Client: 2 Epoch: 2 Loss: 0.5335780114699633
03-13 17:02 INFO     Client: 2 Epoch: 3 Loss: 0.49033434918293584
03-13 17:02 INFO     Client: 2 Epoch: 4 Loss: 0.4636283257068732
03-13 17:02 INFO      ** Client: 2 Training complete **
03-13 17:02 INFO     Training network 3 n_training: 10000
03-13 17:02 INFO     Training network 3
03-13 17:02 INFO     n_training: 78
03-13 17:02 INFO     Client: 3 Epoch: 0 Loss: 0.5888436482502863
03-13 17:02 INFO     Client: 3 Epoch: 1 Loss: 0.5537882275306262
03-13 17:02 INFO     Client: 3 Epoch: 2 Loss: 0.5256366584545527
03-13 17:02 INFO     Client: 3 Epoch: 3 Loss: 0.4899173910037065
03-13 17:02 INFO     Client: 3 Epoch: 4 Loss: 0.4570943023531865
03-13 17:02 INFO      ** Client: 3 Training complete **
03-13 17:02 INFO     Training network 4 n_training: 10000
03-13 17:02 INFO     Training network 4
03-13 17:02 INFO     n_training: 78
03-13 17:02 INFO     Client: 4 Epoch: 0 Loss: 0.5997781669482206
03-13 17:02 INFO     Client: 4 Epoch: 1 Loss: 0.5622948431051694
03-13 17:02 INFO     Client: 4 Epoch: 2 Loss: 0.5323211569816638
03-13 17:02 INFO     Client: 4 Epoch: 3 Loss: 0.49320105482370424
03-13 17:02 INFO     Client: 4 Epoch: 4 Loss: 0.45290264181601697
03-13 17:02 INFO      ** Client: 4 Training complete **
03-13 17:02 INFO     global n_training: 390
03-13 17:02 INFO     global n_test: 79
03-13 17:03 INFO     >> Global Model Train accuracy: 0.851502
03-13 17:03 INFO     >> Global Model Test accuracy: 0.837600
03-13 17:03 INFO     >> Global Model Train loss: 0.428326
03-13 17:03 INFO     in comm round:4
03-13 17:03 INFO     Training network 0 n_training: 10000
03-13 17:03 INFO     Training network 0
03-13 17:03 INFO     n_training: 78
03-13 17:03 INFO     Client: 0 Epoch: 0 Loss: 0.5076033835991834
03-13 17:03 INFO     Client: 0 Epoch: 1 Loss: 0.46847086113232833
03-13 17:03 INFO     Client: 0 Epoch: 2 Loss: 0.43883624825722134
03-13 17:03 INFO     Client: 0 Epoch: 3 Loss: 0.4122981581932459
03-13 17:03 INFO     Client: 0 Epoch: 4 Loss: 0.38648605824281007
03-13 17:03 INFO      ** Client: 0 Training complete **
03-13 17:03 INFO     Training network 1 n_training: 10000
03-13 17:03 INFO     Training network 1
03-13 17:03 INFO     n_training: 78
03-13 17:03 INFO     Client: 1 Epoch: 0 Loss: 0.49635809430709255
03-13 17:03 INFO     Client: 1 Epoch: 1 Loss: 0.46575966706642735
03-13 17:03 INFO     Client: 1 Epoch: 2 Loss: 0.43375683518556446
03-13 17:03 INFO     Client: 1 Epoch: 3 Loss: 0.4076957481029706
03-13 17:03 INFO     Client: 1 Epoch: 4 Loss: 0.386994430460991
03-13 17:03 INFO      ** Client: 1 Training complete **
03-13 17:03 INFO     Training network 2 n_training: 10000
03-13 17:03 INFO     Training network 2
03-13 17:03 INFO     n_training: 78
03-13 17:03 INFO     Client: 2 Epoch: 0 Loss: 0.5015389013748902
03-13 17:03 INFO     Client: 2 Epoch: 1 Loss: 0.47331205010414124
03-13 17:03 INFO     Client: 2 Epoch: 2 Loss: 0.4399060755968094
03-13 17:03 INFO     Client: 2 Epoch: 3 Loss: 0.4156950570833989
03-13 17:03 INFO     Client: 2 Epoch: 4 Loss: 0.39726849148670834
03-13 17:03 INFO      ** Client: 2 Training complete **
03-13 17:03 INFO     Training network 3 n_training: 10000
03-13 17:03 INFO     Training network 3
03-13 17:03 INFO     n_training: 78
03-13 17:03 INFO     Client: 3 Epoch: 0 Loss: 0.48746936137859637
03-13 17:03 INFO     Client: 3 Epoch: 1 Loss: 0.47000046189014727
03-13 17:04 INFO     Client: 3 Epoch: 2 Loss: 0.4215796458033415
03-13 17:04 INFO     Client: 3 Epoch: 3 Loss: 0.3988693226606418
03-13 17:04 INFO     Client: 3 Epoch: 4 Loss: 0.3719441451323338
03-13 17:04 INFO      ** Client: 3 Training complete **
03-13 17:04 INFO     Training network 4 n_training: 10000
03-13 17:04 INFO     Training network 4
03-13 17:04 INFO     n_training: 78
03-13 17:04 INFO     Client: 4 Epoch: 0 Loss: 0.4947275599608055
03-13 17:04 INFO     Client: 4 Epoch: 1 Loss: 0.46502148226285595
03-13 17:04 INFO     Client: 4 Epoch: 2 Loss: 0.43941733355705553
03-13 17:04 INFO     Client: 4 Epoch: 3 Loss: 0.40475925096334553
03-13 17:04 INFO     Client: 4 Epoch: 4 Loss: 0.3863446722045923
03-13 17:04 INFO      ** Client: 4 Training complete **
03-13 17:04 INFO     global n_training: 390
03-13 17:04 INFO     global n_test: 79
03-13 17:04 INFO     >> Global Model Train accuracy: 0.877524
03-13 17:04 INFO     >> Global Model Test accuracy: 0.860400
03-13 17:04 INFO     >> Global Model Train loss: 0.361031
03-13 17:04 INFO     in comm round:5
03-13 17:04 INFO     Training network 0 n_training: 10000
03-13 17:04 INFO     Training network 0
03-13 17:04 INFO     n_training: 78
03-13 17:04 INFO     Client: 0 Epoch: 0 Loss: 0.4253057715220329
03-13 17:04 INFO     Client: 0 Epoch: 1 Loss: 0.40653324814943165
03-13 17:04 INFO     Client: 0 Epoch: 2 Loss: 0.38213545294144213
03-13 17:04 INFO     Client: 0 Epoch: 3 Loss: 0.3398675423784134
03-13 17:04 INFO     Client: 0 Epoch: 4 Loss: 0.31324947568086475
03-13 17:04 INFO      ** Client: 0 Training complete **
03-13 17:04 INFO     Training network 1 n_training: 10000
03-13 17:04 INFO     Training network 1
03-13 17:04 INFO     n_training: 78
03-13 17:04 INFO     Client: 1 Epoch: 0 Loss: 0.4256838781711383
03-13 17:04 INFO     Client: 1 Epoch: 1 Loss: 0.41138862035213375
03-13 17:04 INFO     Client: 1 Epoch: 2 Loss: 0.36887236741872936
03-13 17:05 INFO     Client: 1 Epoch: 3 Loss: 0.35617621835225666
03-13 17:05 INFO     Client: 1 Epoch: 4 Loss: 0.3215808566564169
03-13 17:05 INFO      ** Client: 1 Training complete **
03-13 17:05 INFO     Training network 2 n_training: 10000
03-13 17:05 INFO     Training network 2
03-13 17:05 INFO     n_training: 78
03-13 17:05 INFO     Client: 2 Epoch: 0 Loss: 0.43967804370018154
03-13 17:05 INFO     Client: 2 Epoch: 1 Loss: 0.4040426268027379
03-13 17:05 INFO     Client: 2 Epoch: 2 Loss: 0.3668608174492151
03-13 17:05 INFO     Client: 2 Epoch: 3 Loss: 0.34583304344843596
03-13 17:05 INFO     Client: 2 Epoch: 4 Loss: 0.31856375531508374
03-13 17:05 INFO      ** Client: 2 Training complete **
03-13 17:05 INFO     Training network 3 n_training: 10000
03-13 17:05 INFO     Training network 3
03-13 17:05 INFO     n_training: 78
03-13 17:05 INFO     Client: 3 Epoch: 0 Loss: 0.4166554684440295
03-13 17:05 INFO     Client: 3 Epoch: 1 Loss: 0.406697894518192
03-13 17:05 INFO     Client: 3 Epoch: 2 Loss: 0.3651240361042512
03-13 17:05 INFO     Client: 3 Epoch: 3 Loss: 0.3361561420636299
03-13 17:05 INFO     Client: 3 Epoch: 4 Loss: 0.3095296149452527
03-13 17:05 INFO      ** Client: 3 Training complete **
03-13 17:05 INFO     Training network 4 n_training: 10000
03-13 17:05 INFO     Training network 4
03-13 17:05 INFO     n_training: 78
03-13 17:05 INFO     Client: 4 Epoch: 0 Loss: 0.4283083451864047
03-13 17:05 INFO     Client: 4 Epoch: 1 Loss: 0.39948274959356356
03-13 17:05 INFO     Client: 4 Epoch: 2 Loss: 0.37124657516296095
03-13 17:05 INFO     Client: 4 Epoch: 3 Loss: 0.3444079424326236
03-13 17:05 INFO     Client: 4 Epoch: 4 Loss: 0.32575210756980455
03-13 17:05 INFO      ** Client: 4 Training complete **
03-13 17:05 INFO     global n_training: 390
03-13 17:05 INFO     global n_test: 79
03-13 17:05 INFO     >> Global Model Train accuracy: 0.895232
03-13 17:05 INFO     >> Global Model Test accuracy: 0.871500
03-13 17:05 INFO     >> Global Model Train loss: 0.301773
03-13 17:05 INFO     in comm round:6
03-13 17:05 INFO     Training network 0 n_training: 10000
03-13 17:05 INFO     Training network 0
03-13 17:05 INFO     n_training: 78
03-13 17:06 INFO     Client: 0 Epoch: 0 Loss: 0.3771127840647331
03-13 17:06 INFO     Client: 0 Epoch: 1 Loss: 0.3587753602709526
03-13 17:06 INFO     Client: 0 Epoch: 2 Loss: 0.31807778278986615
03-13 17:06 INFO     Client: 0 Epoch: 3 Loss: 0.30291770264888424
03-13 17:06 INFO     Client: 0 Epoch: 4 Loss: 0.2750923217107088
03-13 17:06 INFO      ** Client: 0 Training complete **
03-13 17:06 INFO     Training network 1 n_training: 10000
03-13 17:06 INFO     Training network 1
03-13 17:06 INFO     n_training: 78
03-13 17:06 INFO     Client: 1 Epoch: 0 Loss: 0.37021159132321674
03-13 17:06 INFO     Client: 1 Epoch: 1 Loss: 0.35672562225506854
03-13 17:06 INFO     Client: 1 Epoch: 2 Loss: 0.3357214280045949
03-13 17:06 INFO     Client: 1 Epoch: 3 Loss: 0.29196029156446457
03-13 17:06 INFO     Client: 1 Epoch: 4 Loss: 0.29027422192769176
03-13 17:06 INFO      ** Client: 1 Training complete **
03-13 17:06 INFO     Training network 2 n_training: 10000
03-13 17:06 INFO     Training network 2
03-13 17:06 INFO     n_training: 78
03-13 17:06 INFO     Client: 2 Epoch: 0 Loss: 0.37105290286051923
03-13 17:06 INFO     Client: 2 Epoch: 1 Loss: 0.35452770231625974
03-13 17:06 INFO     Client: 2 Epoch: 2 Loss: 0.327881086904269
03-13 17:06 INFO     Client: 2 Epoch: 3 Loss: 0.30626942140933794
03-13 17:06 INFO     Client: 2 Epoch: 4 Loss: 0.2825221551152376
03-13 17:06 INFO      ** Client: 2 Training complete **
03-13 17:06 INFO     Training network 3 n_training: 10000
03-13 17:06 INFO     Training network 3
03-13 17:06 INFO     n_training: 78
03-13 17:06 INFO     Client: 3 Epoch: 0 Loss: 0.3740087787692363
03-13 17:06 INFO     Client: 3 Epoch: 1 Loss: 0.3567244874743315
03-13 17:06 INFO     Client: 3 Epoch: 2 Loss: 0.31414730006303543
03-13 17:07 INFO     Client: 3 Epoch: 3 Loss: 0.3004703808289308
03-13 17:07 INFO     Client: 3 Epoch: 4 Loss: 0.2705959102664238
03-13 17:07 INFO      ** Client: 3 Training complete **
03-13 17:07 INFO     Training network 4 n_training: 10000
03-13 17:07 INFO     Training network 4
03-13 17:07 INFO     n_training: 78
03-13 17:07 INFO     Client: 4 Epoch: 0 Loss: 0.3744930829375218
03-13 17:07 INFO     Client: 4 Epoch: 1 Loss: 0.35032478739053774
03-13 17:07 INFO     Client: 4 Epoch: 2 Loss: 0.3157257596269632
03-13 17:07 INFO     Client: 4 Epoch: 3 Loss: 0.2974020861662351
03-13 17:07 INFO     Client: 4 Epoch: 4 Loss: 0.26794486951369506
03-13 17:07 INFO      ** Client: 4 Training complete **
03-13 17:07 INFO     global n_training: 390
03-13 17:07 INFO     global n_test: 79
03-13 17:07 INFO     >> Global Model Train accuracy: 0.908393
03-13 17:07 INFO     >> Global Model Test accuracy: 0.881700
03-13 17:07 INFO     >> Global Model Train loss: 0.262482
03-13 17:07 INFO     in comm round:7
03-13 17:07 INFO     Training network 0 n_training: 10000
03-13 17:07 INFO     Training network 0
03-13 17:07 INFO     n_training: 78
03-13 17:07 INFO     Client: 0 Epoch: 0 Loss: 0.3411296336696698
03-13 17:07 INFO     Client: 0 Epoch: 1 Loss: 0.3049651923087927
03-13 17:07 INFO     Client: 0 Epoch: 2 Loss: 0.2891632763621135
03-13 17:07 INFO     Client: 0 Epoch: 3 Loss: 0.25626885948272854
03-13 17:07 INFO     Client: 0 Epoch: 4 Loss: 0.2415309903713373
03-13 17:07 INFO      ** Client: 0 Training complete **
03-13 17:07 INFO     Training network 1 n_training: 10000
03-13 17:07 INFO     Training network 1
03-13 17:07 INFO     n_training: 78
03-13 17:07 INFO     Client: 1 Epoch: 0 Loss: 0.3270542801190645
03-13 17:07 INFO     Client: 1 Epoch: 1 Loss: 0.3165852435124226
03-13 17:07 INFO     Client: 1 Epoch: 2 Loss: 0.2887442709925847
03-13 17:07 INFO     Client: 1 Epoch: 3 Loss: 0.25332383238352263
03-13 17:07 INFO     Client: 1 Epoch: 4 Loss: 0.24143344393143287
03-13 17:07 INFO      ** Client: 1 Training complete **
03-13 17:07 INFO     Training network 2 n_training: 10000
03-13 17:07 INFO     Training network 2
03-13 17:07 INFO     n_training: 78
03-13 17:08 INFO     Client: 2 Epoch: 0 Loss: 0.3410613846320372
03-13 17:08 INFO     Client: 2 Epoch: 1 Loss: 0.31327252357434004
03-13 17:08 INFO     Client: 2 Epoch: 2 Loss: 0.27687036437101853
03-13 17:08 INFO     Client: 2 Epoch: 3 Loss: 0.2587728124016371
03-13 17:08 INFO     Client: 2 Epoch: 4 Loss: 0.24824147098339522
03-13 17:08 INFO      ** Client: 2 Training complete **
03-13 17:08 INFO     Training network 3 n_training: 10000
03-13 17:08 INFO     Training network 3
03-13 17:08 INFO     n_training: 78
03-13 17:08 INFO     Client: 3 Epoch: 0 Loss: 0.3339960657251187
03-13 17:08 INFO     Client: 3 Epoch: 1 Loss: 0.3126098179282286
03-13 17:08 INFO     Client: 3 Epoch: 2 Loss: 0.27313335621968293
03-13 17:08 INFO     Client: 3 Epoch: 3 Loss: 0.2450152352834359
03-13 17:08 INFO     Client: 3 Epoch: 4 Loss: 0.24235855816648558
03-13 17:08 INFO      ** Client: 3 Training complete **
03-13 17:08 INFO     Training network 4 n_training: 10000
03-13 17:08 INFO     Training network 4
03-13 17:08 INFO     n_training: 78
03-13 17:08 INFO     Client: 4 Epoch: 0 Loss: 0.33301899830500287
03-13 17:08 INFO     Client: 4 Epoch: 1 Loss: 0.31995089734211946
03-13 17:08 INFO     Client: 4 Epoch: 2 Loss: 0.28483288314862126
03-13 17:08 INFO     Client: 4 Epoch: 3 Loss: 0.2690184836586316
03-13 17:08 INFO     Client: 4 Epoch: 4 Loss: 0.23676811951475266
03-13 17:08 INFO      ** Client: 4 Training complete **
03-13 17:08 INFO     global n_training: 390
03-13 17:08 INFO     global n_test: 79
03-13 17:08 INFO     >> Global Model Train accuracy: 0.920974
03-13 17:08 INFO     >> Global Model Test accuracy: 0.891400
03-13 17:08 INFO     >> Global Model Train loss: 0.228249
03-13 17:08 INFO     Starting Fine Tuning...
03-13 17:08 INFO     Training network 0
03-13 17:08 INFO     n_training: 78
03-13 17:08 INFO     Client: 0 Epoch: 0 Loss: 0.20873448615654921
03-13 17:08 INFO     Client: 0 Epoch: 1 Loss: 0.2222618474983252
03-13 17:09 INFO     Client: 0 Epoch: 2 Loss: 0.19984214046062568
03-13 17:09 INFO     Client: 0 Epoch: 3 Loss: 0.17181326248324835
03-13 17:09 INFO     Client: 0 Epoch: 4 Loss: 0.17204224050809175
03-13 17:09 INFO      ** Client: 0 Training complete **
