04-12 21:56 INFO     cuda
04-12 21:56 INFO     Command Line Arguments: 
{
    "epochs": 5,
    "comm_round": 70,
    "sample_fraction": 1.0,
    "alpha": 0.01,
    "dataset": "cifar10",
    "datadir": "../data/",
    "partition": "iid",
    "alg": "sflv1",
    "model": "resnet-18",
    "split_layer": 2,
    "n_parties": 100,
    "lr": 0.001,
    "mu": 1,
    "std_coeff": 2.5,
    "unif_coeff": 0.5,
    "batch_size": 64,
    "load_first_net": 1,
    "pool_option": "FIFO",
    "model_buffer_size": 1,
    "optimizer": "adam",
    "simp_width": 1,
    "out_dim": 256,
    "reg": 0.0005,
    "temperature": 0.5,
    "logdir": "./",
    "log_file_name": "logs/experiment_log-alg=sflv1_partition=iid_lr=0.001_epochs=5_num_users=100_beta=0.01_batch_size=64_opt=adam_dataset=cifar10_2024-04-12-2156-08",
    "seed": 123,
    "device": "cuda:4",
    "accuracies_file": "logs/resnet_18_100_users.csv",
    "dont_skip": false,
    "n_train_workers": 1,
    "n_test_workers": 1,
    "multiprocessing": 0
}
04-12 21:56 INFO     Data statistics: {0: {0: 53, 1: 46, 2: 45, 3: 47, 4: 50, 5: 55, 6: 54, 7: 46, 8: 58, 9: 46}, 1: {0: 38, 1: 47, 2: 58, 3: 45, 4: 52, 5: 46, 6: 51, 7: 63, 8: 45, 9: 55}, 2: {0: 42, 1: 50, 2: 58, 3: 58, 4: 60, 5: 41, 6: 44, 7: 41, 8: 51, 9: 55}, 3: {0: 44, 1: 44, 2: 58, 3: 53, 4: 62, 5: 63, 6: 43, 7: 45, 8: 36, 9: 52}, 4: {0: 63, 1: 45, 2: 38, 3: 51, 4: 58, 5: 46, 6: 36, 7: 43, 8: 58, 9: 62}, 5: {0: 73, 1: 50, 2: 51, 3: 41, 4: 42, 5: 42, 6: 55, 7: 45, 8: 54, 9: 47}, 6: {0: 49, 1: 50, 2: 54, 3: 57, 4: 50, 5: 51, 6: 49, 7: 48, 8: 48, 9: 44}, 7: {0: 62, 1: 44, 2: 39, 3: 57, 4: 50, 5: 42, 6: 53, 7: 41, 8: 55, 9: 57}, 8: {0: 50, 1: 42, 2: 53, 3: 48, 4: 61, 5: 53, 6: 40, 7: 45, 8: 57, 9: 51}, 9: {0: 49, 1: 48, 2: 49, 3: 50, 4: 48, 5: 43, 6: 53, 7: 51, 8: 53, 9: 56}, 10: {0: 49, 1: 45, 2: 57, 3: 46, 4: 41, 5: 53, 6: 54, 7: 51, 8: 47, 9: 57}, 11: {0: 51, 1: 48, 2: 45, 3: 55, 4: 49, 5: 58, 6: 37, 7: 50, 8: 53, 9: 54}, 12: {0: 52, 1: 51, 2: 55, 3: 47, 4: 42, 5: 51, 6: 50, 7: 53, 8: 55, 9: 44}, 13: {0: 51, 1: 47, 2: 42, 3: 66, 4: 55, 5: 49, 6: 48, 7: 43, 8: 54, 9: 45}, 14: {0: 74, 1: 49, 2: 46, 3: 50, 4: 42, 5: 52, 6: 43, 7: 55, 8: 43, 9: 46}, 15: {0: 49, 1: 51, 2: 56, 3: 56, 4: 50, 5: 45, 6: 45, 7: 48, 8: 46, 9: 54}, 16: {0: 36, 1: 56, 2: 53, 3: 47, 4: 74, 5: 44, 6: 41, 7: 43, 8: 62, 9: 44}, 17: {0: 41, 1: 60, 2: 35, 3: 52, 4: 54, 5: 59, 6: 66, 7: 33, 8: 58, 9: 42}, 18: {0: 52, 1: 44, 2: 44, 3: 43, 4: 50, 5: 49, 6: 54, 7: 57, 8: 45, 9: 62}, 19: {0: 58, 1: 54, 2: 43, 3: 48, 4: 56, 5: 51, 6: 54, 7: 49, 8: 44, 9: 43}, 20: {0: 58, 1: 57, 2: 44, 3: 51, 4: 48, 5: 42, 6: 55, 7: 44, 8: 52, 9: 49}, 21: {0: 48, 1: 54, 2: 47, 3: 50, 4: 44, 5: 50, 6: 42, 7: 51, 8: 59, 9: 55}, 22: {0: 49, 1: 54, 2: 42, 3: 52, 4: 36, 5: 58, 6: 51, 7: 57, 8: 52, 9: 49}, 23: {0: 49, 1: 56, 2: 45, 3: 47, 4: 47, 5: 46, 6: 58, 7: 52, 8: 55, 9: 45}, 24: {0: 37, 1: 42, 2: 72, 3: 34, 4: 54, 5: 42, 6: 62, 7: 53, 8: 57, 9: 47}, 25: {0: 45, 1: 48, 2: 48, 3: 57, 4: 51, 5: 51, 6: 47, 7: 53, 8: 50, 9: 50}, 26: {0: 51, 1: 58, 2: 53, 3: 43, 4: 48, 5: 42, 6: 61, 7: 54, 8: 44, 9: 46}, 27: {0: 38, 1: 55, 2: 68, 3: 56, 4: 41, 5: 45, 6: 49, 7: 56, 8: 44, 9: 48}, 28: {0: 47, 1: 41, 2: 40, 3: 56, 4: 49, 5: 44, 6: 57, 7: 49, 8: 54, 9: 63}, 29: {0: 45, 1: 50, 2: 51, 3: 51, 4: 25, 5: 56, 6: 50, 7: 60, 8: 64, 9: 48}, 30: {0: 60, 1: 45, 2: 56, 3: 46, 4: 50, 5: 49, 6: 40, 7: 49, 8: 52, 9: 53}, 31: {0: 44, 1: 65, 2: 42, 3: 40, 4: 59, 5: 51, 6: 59, 7: 56, 8: 42, 9: 42}, 32: {0: 44, 1: 62, 2: 56, 3: 51, 4: 49, 5: 48, 6: 51, 7: 46, 8: 43, 9: 50}, 33: {0: 47, 1: 59, 2: 46, 3: 51, 4: 52, 5: 47, 6: 50, 7: 52, 8: 40, 9: 56}, 34: {0: 47, 1: 53, 2: 54, 3: 59, 4: 47, 5: 39, 6: 51, 7: 46, 8: 57, 9: 47}, 35: {0: 36, 1: 52, 2: 63, 3: 42, 4: 60, 5: 49, 6: 40, 7: 59, 8: 56, 9: 43}, 36: {0: 52, 1: 55, 2: 56, 3: 51, 4: 48, 5: 54, 6: 49, 7: 37, 8: 56, 9: 42}, 37: {0: 47, 1: 46, 2: 54, 3: 56, 4: 54, 5: 45, 6: 46, 7: 53, 8: 53, 9: 46}, 38: {0: 42, 1: 57, 2: 55, 3: 48, 4: 55, 5: 59, 6: 41, 7: 43, 8: 48, 9: 52}, 39: {0: 58, 1: 40, 2: 45, 3: 48, 4: 58, 5: 43, 6: 58, 7: 44, 8: 47, 9: 59}, 40: {0: 51, 1: 59, 2: 49, 3: 49, 4: 49, 5: 48, 6: 37, 7: 61, 8: 38, 9: 59}, 41: {0: 62, 1: 43, 2: 54, 3: 48, 4: 51, 5: 44, 6: 57, 7: 51, 8: 54, 9: 36}, 42: {0: 68, 1: 53, 2: 51, 3: 41, 4: 39, 5: 61, 6: 44, 7: 47, 8: 50, 9: 46}, 43: {0: 56, 1: 53, 2: 32, 3: 43, 4: 54, 5: 50, 6: 59, 7: 57, 8: 50, 9: 46}, 44: {0: 40, 1: 49, 2: 54, 3: 53, 4: 47, 5: 54, 6: 48, 7: 58, 8: 43, 9: 54}, 45: {0: 46, 1: 49, 2: 52, 3: 47, 4: 49, 5: 59, 6: 57, 7: 47, 8: 43, 9: 51}, 46: {0: 48, 1: 46, 2: 44, 3: 53, 4: 52, 5: 57, 6: 47, 7: 48, 8: 53, 9: 52}, 47: {0: 43, 1: 45, 2: 49, 3: 45, 4: 50, 5: 54, 6: 47, 7: 54, 8: 58, 9: 55}, 48: {0: 50, 1: 51, 2: 50, 3: 70, 4: 53, 5: 49, 6: 41, 7: 50, 8: 43, 9: 43}, 49: {0: 49, 1: 60, 2: 39, 3: 58, 4: 44, 5: 60, 6: 53, 7: 44, 8: 53, 9: 40}, 50: {0: 40, 1: 53, 2: 60, 3: 37, 4: 48, 5: 54, 6: 46, 7: 49, 8: 43, 9: 70}, 51: {0: 49, 1: 59, 2: 54, 3: 40, 4: 53, 5: 50, 6: 53, 7: 54, 8: 43, 9: 45}, 52: {0: 43, 1: 51, 2: 39, 3: 56, 4: 46, 5: 48, 6: 43, 7: 54, 8: 57, 9: 63}, 53: {0: 53, 1: 37, 2: 54, 3: 45, 4: 49, 5: 45, 6: 62, 7: 55, 8: 51, 9: 49}, 54: {0: 52, 1: 48, 2: 45, 3: 42, 4: 49, 5: 46, 6: 58, 7: 53, 8: 60, 9: 47}, 55: {0: 52, 1: 39, 2: 54, 3: 61, 4: 46, 5: 44, 6: 52, 7: 55, 8: 48, 9: 49}, 56: {0: 52, 1: 57, 2: 49, 3: 42, 4: 53, 5: 48, 6: 44, 7: 53, 8: 48, 9: 54}, 57: {0: 43, 1: 48, 2: 48, 3: 49, 4: 48, 5: 59, 6: 47, 7: 55, 8: 54, 9: 49}, 58: {0: 49, 1: 43, 2: 57, 3: 50, 4: 52, 5: 52, 6: 50, 7: 51, 8: 46, 9: 50}, 59: {0: 37, 1: 43, 2: 51, 3: 55, 4: 58, 5: 58, 6: 49, 7: 45, 8: 55, 9: 49}, 60: {0: 55, 1: 44, 2: 60, 3: 51, 4: 58, 5: 45, 6: 49, 7: 45, 8: 43, 9: 50}, 61: {0: 40, 1: 66, 2: 42, 3: 48, 4: 36, 5: 57, 6: 44, 7: 67, 8: 52, 9: 48}, 62: {0: 56, 1: 51, 2: 51, 3: 50, 4: 52, 5: 51, 6: 47, 7: 48, 8: 50, 9: 44}, 63: {0: 62, 1: 52, 2: 55, 3: 45, 4: 52, 5: 51, 6: 50, 7: 41, 8: 41, 9: 51}, 64: {0: 53, 1: 49, 2: 50, 3: 41, 4: 56, 5: 51, 6: 55, 7: 48, 8: 45, 9: 52}, 65: {0: 56, 1: 59, 2: 46, 3: 50, 4: 41, 5: 53, 6: 44, 7: 44, 8: 51, 9: 56}, 66: {0: 47, 1: 46, 2: 51, 3: 58, 4: 56, 5: 38, 6: 59, 7: 51, 8: 46, 9: 48}, 67: {0: 48, 1: 54, 2: 35, 3: 56, 4: 54, 5: 45, 6: 57, 7: 46, 8: 56, 9: 49}, 68: {0: 42, 1: 46, 2: 51, 3: 48, 4: 49, 5: 59, 6: 57, 7: 44, 8: 54, 9: 50}, 69: {0: 41, 1: 49, 2: 39, 3: 54, 4: 51, 5: 45, 6: 57, 7: 49, 8: 55, 9: 60}, 70: {0: 51, 1: 47, 2: 44, 3: 56, 4: 52, 5: 54, 6: 50, 7: 41, 8: 53, 9: 52}, 71: {0: 64, 1: 51, 2: 57, 3: 39, 4: 57, 5: 43, 6: 41, 7: 47, 8: 49, 9: 52}, 72: {0: 67, 1: 42, 2: 42, 3: 54, 4: 44, 5: 58, 6: 49, 7: 44, 8: 51, 9: 49}, 73: {0: 57, 1: 53, 2: 45, 3: 45, 4: 54, 5: 57, 6: 44, 7: 53, 8: 38, 9: 54}, 74: {0: 45, 1: 50, 2: 36, 3: 66, 4: 55, 5: 52, 6: 48, 7: 47, 8: 49, 9: 52}, 75: {0: 55, 1: 49, 2: 53, 3: 51, 4: 37, 5: 47, 6: 51, 7: 62, 8: 46, 9: 49}, 76: {0: 50, 1: 48, 2: 54, 3: 60, 4: 41, 5: 51, 6: 44, 7: 57, 8: 51, 9: 44}, 77: {0: 46, 1: 53, 2: 42, 3: 42, 4: 54, 5: 53, 6: 48, 7: 56, 8: 50, 9: 56}, 78: {0: 46, 1: 50, 2: 52, 3: 46, 4: 52, 5: 40, 6: 48, 7: 66, 8: 50, 9: 50}, 79: {0: 48, 1: 53, 2: 58, 3: 41, 4: 49, 5: 51, 6: 46, 7: 43, 8: 57, 9: 54}, 80: {0: 46, 1: 53, 2: 44, 3: 60, 4: 48, 5: 53, 6: 44, 7: 58, 8: 46, 9: 48}, 81: {0: 56, 1: 52, 2: 52, 3: 48, 4: 41, 5: 47, 6: 52, 7: 53, 8: 49, 9: 50}, 82: {0: 49, 1: 47, 2: 57, 3: 38, 4: 58, 5: 53, 6: 53, 7: 45, 8: 51, 9: 49}, 83: {0: 42, 1: 59, 2: 51, 3: 42, 4: 50, 5: 56, 6: 50, 7: 49, 8: 56, 9: 45}, 84: {0: 58, 1: 55, 2: 41, 3: 43, 4: 58, 5: 50, 6: 64, 7: 47, 8: 44, 9: 40}, 85: {0: 51, 1: 43, 2: 52, 3: 47, 4: 43, 5: 49, 6: 48, 7: 60, 8: 49, 9: 58}, 86: {0: 58, 1: 43, 2: 50, 3: 54, 4: 50, 5: 50, 6: 46, 7: 50, 8: 43, 9: 56}, 87: {0: 51, 1: 58, 2: 54, 3: 52, 4: 50, 5: 53, 6: 56, 7: 36, 8: 51, 9: 39}, 88: {0: 41, 1: 59, 2: 67, 3: 39, 4: 41, 5: 56, 6: 59, 7: 47, 8: 46, 9: 45}, 89: {0: 52, 1: 44, 2: 59, 3: 48, 4: 48, 5: 51, 6: 47, 7: 52, 8: 43, 9: 56}, 90: {0: 44, 1: 48, 2: 50, 3: 52, 4: 47, 5: 38, 6: 60, 7: 61, 8: 49, 9: 51}, 91: {0: 45, 1: 46, 2: 61, 3: 55, 4: 46, 5: 48, 6: 50, 7: 43, 8: 57, 9: 49}, 92: {0: 50, 1: 45, 2: 48, 3: 62, 4: 57, 5: 47, 6: 51, 7: 46, 8: 42, 9: 52}, 93: {0: 47, 1: 52, 2: 65, 3: 54, 4: 46, 5: 56, 6: 55, 7: 45, 8: 39, 9: 41}, 94: {0: 49, 1: 46, 2: 46, 3: 46, 4: 42, 5: 53, 6: 47, 7: 61, 8: 63, 9: 47}, 95: {0: 54, 1: 48, 2: 49, 3: 54, 4: 51, 5: 46, 6: 54, 7: 45, 8: 56, 9: 43}, 96: {0: 46, 1: 54, 2: 45, 3: 48, 4: 58, 5: 55, 6: 50, 7: 47, 8: 45, 9: 52}, 97: {0: 56, 1: 42, 2: 48, 3: 57, 4: 61, 5: 44, 6: 44, 7: 53, 8: 47, 9: 48}, 98: {0: 57, 1: 50, 2: 49, 3: 61, 4: 43, 5: 41, 6: 51, 7: 50, 8: 55, 9: 43}, 99: {0: 56, 1: 38, 2: 48, 3: 49, 4: 51, 5: 60, 6: 50, 7: 48, 8: 45, 9: 55}}
04-12 21:56 INFO     in comm round:0
04-12 21:56 INFO     Training network 0 n_training: 500
04-12 21:56 INFO     Training network 0
04-12 21:56 INFO     Client: 0 Epoch: 0 Loss: 2.903270891734532
04-12 21:56 INFO     Client: 0 Epoch: 1 Loss: 2.2389234134129117
04-12 21:56 INFO     Client: 0 Epoch: 2 Loss: 2.0416884422302246
04-12 21:56 INFO     Client: 0 Epoch: 3 Loss: 1.9884265320641654
04-12 21:56 INFO     Client: 0 Epoch: 4 Loss: 1.932823760168893
04-12 21:56 INFO      ** Client: 0 Training complete **
04-12 21:56 INFO     Training network 1 n_training: 500
04-12 21:56 INFO     Training network 1
04-12 21:56 INFO     Client: 1 Epoch: 0 Loss: 2.6297528743743896
04-12 21:56 INFO     Client: 1 Epoch: 1 Loss: 2.229494265147618
04-12 21:56 INFO     Client: 1 Epoch: 2 Loss: 1.988862224987575
04-12 21:56 INFO     Client: 1 Epoch: 3 Loss: 1.877708179610116
04-12 21:56 INFO     Client: 1 Epoch: 4 Loss: 1.7892030307224818
04-12 21:56 INFO      ** Client: 1 Training complete **
04-12 21:56 INFO     Training network 2 n_training: 500
04-12 21:56 INFO     Training network 2
04-12 21:56 INFO     Client: 2 Epoch: 0 Loss: 2.557091781071254
04-12 21:56 INFO     Client: 2 Epoch: 1 Loss: 2.144596116883414
04-12 21:56 INFO     Client: 2 Epoch: 2 Loss: 1.9078807490212577
04-12 21:56 INFO     Client: 2 Epoch: 3 Loss: 1.8142039435250419
04-12 21:56 INFO     Client: 2 Epoch: 4 Loss: 1.7747794389724731
04-12 21:56 INFO      ** Client: 2 Training complete **
04-12 21:56 INFO     Training network 3 n_training: 500
04-12 21:56 INFO     Training network 3
04-12 21:56 INFO     Client: 3 Epoch: 0 Loss: 2.6250598090035573
04-12 21:56 INFO     Client: 3 Epoch: 1 Loss: 2.130677802222116
04-12 21:56 INFO     Client: 3 Epoch: 2 Loss: 2.0363976103918895
04-12 21:56 INFO     Client: 3 Epoch: 3 Loss: 1.8537745135171073
04-12 21:56 INFO     Client: 3 Epoch: 4 Loss: 1.7684413705553328
04-12 21:56 INFO      ** Client: 3 Training complete **
04-12 21:56 INFO     Training network 4 n_training: 500
04-12 21:56 INFO     Training network 4
04-12 21:56 INFO     Client: 4 Epoch: 0 Loss: 2.7038077967507497
04-12 21:56 INFO     Client: 4 Epoch: 1 Loss: 2.1164633205958774
04-12 21:56 INFO     Client: 4 Epoch: 2 Loss: 1.937517489705767
04-12 21:56 INFO     Client: 4 Epoch: 3 Loss: 1.825733917100089
04-12 21:56 INFO     Client: 4 Epoch: 4 Loss: 1.7440266098294939
04-12 21:56 INFO      ** Client: 4 Training complete **
04-12 21:56 INFO     Training network 5 n_training: 500
04-12 21:56 INFO     Training network 5
04-12 21:56 INFO     Client: 5 Epoch: 0 Loss: 2.501926524298532
04-12 21:56 INFO     Client: 5 Epoch: 1 Loss: 2.059285657746451
04-12 21:56 INFO     Client: 5 Epoch: 2 Loss: 1.791510888508388
04-12 21:56 INFO     Client: 5 Epoch: 3 Loss: 1.7327912194388253
04-12 21:56 INFO     Client: 5 Epoch: 4 Loss: 1.784993290901184
04-12 21:56 INFO      ** Client: 5 Training complete **
04-12 21:56 INFO     Training network 6 n_training: 500
04-12 21:56 INFO     Training network 6
04-12 21:56 INFO     Client: 6 Epoch: 0 Loss: 2.773904936654227
04-12 21:56 INFO     Client: 6 Epoch: 1 Loss: 2.1111323492867604
04-12 21:56 INFO     Client: 6 Epoch: 2 Loss: 1.9343839372907365
04-12 21:56 INFO     Client: 6 Epoch: 3 Loss: 1.818106276648385
04-12 21:56 INFO     Client: 6 Epoch: 4 Loss: 1.7851639134543282
04-12 21:56 INFO      ** Client: 6 Training complete **
04-12 21:56 INFO     Training network 7 n_training: 500
04-12 21:56 INFO     Training network 7
04-12 21:56 INFO     Client: 7 Epoch: 0 Loss: 2.5974793434143066
04-12 21:56 INFO     Client: 7 Epoch: 1 Loss: 2.043778657913208
04-12 21:56 INFO     Client: 7 Epoch: 2 Loss: 1.9379717111587524
04-12 21:56 INFO     Client: 7 Epoch: 3 Loss: 1.8252269199916296
04-12 21:56 INFO     Client: 7 Epoch: 4 Loss: 1.7562327895845686
04-12 21:56 INFO      ** Client: 7 Training complete **
04-12 21:56 INFO     Training network 8 n_training: 500
04-12 21:56 INFO     Training network 8
04-12 21:56 INFO     Client: 8 Epoch: 0 Loss: 2.6268625599997386
04-12 21:56 INFO     Client: 8 Epoch: 1 Loss: 2.1766693592071533
04-12 21:56 INFO     Client: 8 Epoch: 2 Loss: 1.9749681268419539
04-12 21:56 INFO     Client: 8 Epoch: 3 Loss: 1.9231398786817278
04-12 21:56 INFO     Client: 8 Epoch: 4 Loss: 1.8748699596949987
04-12 21:56 INFO      ** Client: 8 Training complete **
04-12 21:56 INFO     Training network 9 n_training: 500
04-12 21:56 INFO     Training network 9
04-12 21:56 INFO     Client: 9 Epoch: 0 Loss: 2.633526563644409
04-12 21:56 INFO     Client: 9 Epoch: 1 Loss: 2.1093824080058505
04-12 21:56 INFO     Client: 9 Epoch: 2 Loss: 1.9116759640829903
04-12 21:56 INFO     Client: 9 Epoch: 3 Loss: 1.8484433889389038
04-12 21:56 INFO     Client: 9 Epoch: 4 Loss: 1.7062867368970598
04-12 21:56 INFO      ** Client: 9 Training complete **
04-12 21:56 INFO     Training network 10 n_training: 500
04-12 21:56 INFO     Training network 10
04-12 21:56 INFO     Client: 10 Epoch: 0 Loss: 2.675725664411272
04-12 21:56 INFO     Client: 10 Epoch: 1 Loss: 2.118178827422006
04-12 21:56 INFO     Client: 10 Epoch: 2 Loss: 2.0161281653812955
04-12 21:56 INFO     Client: 10 Epoch: 3 Loss: 1.92421555519104
04-12 21:56 INFO     Client: 10 Epoch: 4 Loss: 1.774512529373169
04-12 21:56 INFO      ** Client: 10 Training complete **
04-12 21:56 INFO     Training network 11 n_training: 500
04-12 21:56 INFO     Training network 11
04-12 21:56 INFO     Client: 11 Epoch: 0 Loss: 2.6633956091744557
04-12 21:56 INFO     Client: 11 Epoch: 1 Loss: 2.169530051095145
04-12 21:56 INFO     Client: 11 Epoch: 2 Loss: 2.0106123856135776
04-12 21:56 INFO     Client: 11 Epoch: 3 Loss: 1.8356951815741402
04-12 21:56 INFO     Client: 11 Epoch: 4 Loss: 1.7527478763035365
04-12 21:56 INFO      ** Client: 11 Training complete **
04-12 21:56 INFO     Training network 12 n_training: 500
04-12 21:56 INFO     Training network 12
04-12 21:56 INFO     Client: 12 Epoch: 0 Loss: 2.7008794035230363
04-12 21:56 INFO     Client: 12 Epoch: 1 Loss: 2.146223885672433
04-12 21:56 INFO     Client: 12 Epoch: 2 Loss: 1.9586590017591203
04-12 21:56 INFO     Client: 12 Epoch: 3 Loss: 1.8542344399860926
04-12 21:56 INFO     Client: 12 Epoch: 4 Loss: 1.7775807891573225
04-12 21:56 INFO      ** Client: 12 Training complete **
04-12 21:56 INFO     Training network 13 n_training: 500
04-12 21:56 INFO     Training network 13
04-12 21:56 INFO     Client: 13 Epoch: 0 Loss: 2.651796783719744
04-12 21:56 INFO     Client: 13 Epoch: 1 Loss: 2.0462237937109813
04-12 21:56 INFO     Client: 13 Epoch: 2 Loss: 1.9327420336859567
04-12 21:56 INFO     Client: 13 Epoch: 3 Loss: 1.8130174704960413
04-12 21:56 INFO     Client: 13 Epoch: 4 Loss: 1.7442909649440221
04-12 21:56 INFO      ** Client: 13 Training complete **
04-12 21:56 INFO     Training network 14 n_training: 500
04-12 21:56 INFO     Training network 14
04-12 21:56 INFO     Client: 14 Epoch: 0 Loss: 2.6634049074990407
04-12 21:56 INFO     Client: 14 Epoch: 1 Loss: 2.110719782965524
04-12 21:56 INFO     Client: 14 Epoch: 2 Loss: 1.9354543345315116
04-12 21:56 INFO     Client: 14 Epoch: 3 Loss: 1.855486444064549
04-12 21:56 INFO     Client: 14 Epoch: 4 Loss: 1.715843575341361
04-12 21:56 INFO      ** Client: 14 Training complete **
04-12 21:56 INFO     Training network 15 n_training: 500
04-12 21:56 INFO     Training network 15
04-12 21:56 INFO     Client: 15 Epoch: 0 Loss: 2.7828101430620467
04-12 21:56 INFO     Client: 15 Epoch: 1 Loss: 2.120719756398882
04-12 21:56 INFO     Client: 15 Epoch: 2 Loss: 1.919372252055577
04-12 21:57 INFO     Client: 15 Epoch: 3 Loss: 1.7757244450705392
04-12 21:57 INFO     Client: 15 Epoch: 4 Loss: 1.7172255856650216
04-12 21:57 INFO      ** Client: 15 Training complete **
04-12 21:57 INFO     Training network 16 n_training: 500
04-12 21:57 INFO     Training network 16
04-12 21:57 INFO     Client: 16 Epoch: 0 Loss: 2.6825626577649797
04-12 21:57 INFO     Client: 16 Epoch: 1 Loss: 2.143249068941389
04-12 21:57 INFO     Client: 16 Epoch: 2 Loss: 1.9732410056250436
04-12 21:57 INFO     Client: 16 Epoch: 3 Loss: 1.8802859272275652
04-12 21:57 INFO     Client: 16 Epoch: 4 Loss: 1.8127025195530482
04-12 21:57 INFO      ** Client: 16 Training complete **
04-12 21:57 INFO     Training network 17 n_training: 500
04-12 21:57 INFO     Training network 17
04-12 21:57 INFO     Client: 17 Epoch: 0 Loss: 2.709083182471139
04-12 21:57 INFO     Client: 17 Epoch: 1 Loss: 2.0739564384732927
04-12 21:57 INFO     Client: 17 Epoch: 2 Loss: 1.9329040902001517
04-12 21:57 INFO     Client: 17 Epoch: 3 Loss: 1.7858675888606481
04-12 21:57 INFO     Client: 17 Epoch: 4 Loss: 1.6844736167362757
04-12 21:57 INFO      ** Client: 17 Training complete **
04-12 21:57 INFO     Training network 18 n_training: 500
04-12 21:57 INFO     Training network 18
04-12 21:57 INFO     Client: 18 Epoch: 0 Loss: 2.5177995477403914
04-12 21:57 INFO     Client: 18 Epoch: 1 Loss: 2.063876356397356
04-12 21:57 INFO     Client: 18 Epoch: 2 Loss: 2.013171076774597
04-12 21:57 INFO     Client: 18 Epoch: 3 Loss: 1.876316956111363
04-12 21:57 INFO     Client: 18 Epoch: 4 Loss: 1.7976463522229875
04-12 21:57 INFO      ** Client: 18 Training complete **
04-12 21:57 INFO     Training network 19 n_training: 500
04-12 21:57 INFO     Training network 19
04-12 21:57 INFO     Client: 19 Epoch: 0 Loss: 2.4443245274680003
04-12 21:57 INFO     Client: 19 Epoch: 1 Loss: 1.9989219563347953
04-12 21:57 INFO     Client: 19 Epoch: 2 Loss: 1.912344523838588
04-12 21:57 INFO     Client: 19 Epoch: 3 Loss: 1.751783319881984
04-12 21:57 INFO     Client: 19 Epoch: 4 Loss: 1.6147044045584542
04-12 21:57 INFO      ** Client: 19 Training complete **
04-12 21:57 INFO     Training network 20 n_training: 500
04-12 21:57 INFO     Training network 20
04-12 21:57 INFO     Client: 20 Epoch: 0 Loss: 2.7075961317334856
04-12 21:57 INFO     Client: 20 Epoch: 1 Loss: 2.2179446050098965
04-12 21:57 INFO     Client: 20 Epoch: 2 Loss: 1.9946356671197074
04-12 21:57 INFO     Client: 20 Epoch: 3 Loss: 1.8565972362245833
04-12 21:57 INFO     Client: 20 Epoch: 4 Loss: 1.734469669205802
04-12 21:57 INFO      ** Client: 20 Training complete **
04-12 21:57 INFO     Training network 21 n_training: 500
04-12 21:57 INFO     Training network 21
04-12 21:57 INFO     Client: 21 Epoch: 0 Loss: 2.6635203702109203
04-12 21:57 INFO     Client: 21 Epoch: 1 Loss: 2.158170223236084
04-12 21:57 INFO     Client: 21 Epoch: 2 Loss: 1.953402314867292
04-12 21:57 INFO     Client: 21 Epoch: 3 Loss: 1.8012667213167464
04-12 21:57 INFO     Client: 21 Epoch: 4 Loss: 1.7714745487485613
04-12 21:57 INFO      ** Client: 21 Training complete **
04-12 21:57 INFO     Training network 22 n_training: 500
04-12 21:57 INFO     Training network 22
04-12 21:57 INFO     Client: 22 Epoch: 0 Loss: 2.670822790690831
04-12 21:57 INFO     Client: 22 Epoch: 1 Loss: 2.0472377027784074
04-12 21:57 INFO     Client: 22 Epoch: 2 Loss: 1.8973284278597151
04-12 21:57 INFO     Client: 22 Epoch: 3 Loss: 1.7516194922583443
04-12 21:57 INFO     Client: 22 Epoch: 4 Loss: 1.6443316425595964
04-12 21:57 INFO      ** Client: 22 Training complete **
04-12 21:57 INFO     Training network 23 n_training: 500
04-12 21:57 INFO     Training network 23
04-12 21:57 INFO     Client: 23 Epoch: 0 Loss: 2.8479256289345876
04-12 21:57 INFO     Client: 23 Epoch: 1 Loss: 2.1292919601712907
04-12 21:57 INFO     Client: 23 Epoch: 2 Loss: 1.8986570494515556
04-12 21:57 INFO     Client: 23 Epoch: 3 Loss: 1.8451673303331648
04-12 21:57 INFO     Client: 23 Epoch: 4 Loss: 1.7204221997942244
04-12 21:57 INFO      ** Client: 23 Training complete **
04-12 21:57 INFO     Training network 24 n_training: 500
04-12 21:57 INFO     Training network 24
04-12 21:57 INFO     Client: 24 Epoch: 0 Loss: 2.7351598058428084
04-12 21:57 INFO     Client: 24 Epoch: 1 Loss: 2.248081718172346
04-12 21:57 INFO     Client: 24 Epoch: 2 Loss: 2.010109339441572
04-12 21:57 INFO     Client: 24 Epoch: 3 Loss: 1.915037717138018
04-12 21:57 INFO     Client: 24 Epoch: 4 Loss: 1.8458804062434606
04-12 21:57 INFO      ** Client: 24 Training complete **
04-12 21:57 INFO     Training network 25 n_training: 500
04-12 21:57 INFO     Training network 25
04-12 21:57 INFO     Client: 25 Epoch: 0 Loss: 2.6426335402897427
04-12 21:57 INFO     Client: 25 Epoch: 1 Loss: 2.163479668753488
04-12 21:57 INFO     Client: 25 Epoch: 2 Loss: 1.9494977848870414
04-12 21:57 INFO     Client: 25 Epoch: 3 Loss: 1.8442501340593611
04-12 21:57 INFO     Client: 25 Epoch: 4 Loss: 1.7481509617396764
04-12 21:57 INFO      ** Client: 25 Training complete **
04-12 21:57 INFO     Training network 26 n_training: 500
04-12 21:57 INFO     Training network 26
04-12 21:57 INFO     Client: 26 Epoch: 0 Loss: 2.6841800212860107
04-12 21:57 INFO     Client: 26 Epoch: 1 Loss: 2.0777036803109303
04-12 21:57 INFO     Client: 26 Epoch: 2 Loss: 1.8537128823144096
04-12 21:57 INFO     Client: 26 Epoch: 3 Loss: 1.7376198768615723
04-12 21:57 INFO     Client: 26 Epoch: 4 Loss: 1.732020275933402
04-12 21:57 INFO      ** Client: 26 Training complete **
04-12 21:57 INFO     Training network 27 n_training: 500
04-12 21:57 INFO     Training network 27
04-12 21:57 INFO     Client: 27 Epoch: 0 Loss: 2.7936626161847795
04-12 21:57 INFO     Client: 27 Epoch: 1 Loss: 2.010734643254961
04-12 21:57 INFO     Client: 27 Epoch: 2 Loss: 1.9231538772583008
04-12 21:57 INFO     Client: 27 Epoch: 3 Loss: 1.7991453068596976
04-12 21:57 INFO     Client: 27 Epoch: 4 Loss: 1.6997206551688058
04-12 21:57 INFO      ** Client: 27 Training complete **
04-12 21:57 INFO     Training network 28 n_training: 500
04-12 21:57 INFO     Training network 28
04-12 21:57 INFO     Client: 28 Epoch: 0 Loss: 2.5067967687334334
04-12 21:57 INFO     Client: 28 Epoch: 1 Loss: 2.096818838800703
04-12 21:57 INFO     Client: 28 Epoch: 2 Loss: 1.910883937563215
04-12 21:57 INFO     Client: 28 Epoch: 3 Loss: 1.7723562036241804
04-12 21:57 INFO     Client: 28 Epoch: 4 Loss: 1.716567771775382
04-12 21:57 INFO      ** Client: 28 Training complete **
04-12 21:57 INFO     Training network 29 n_training: 500
04-12 21:57 INFO     Training network 29
04-12 21:57 INFO     Client: 29 Epoch: 0 Loss: 2.5742645944867815
04-12 21:57 INFO     Client: 29 Epoch: 1 Loss: 2.156395196914673
04-12 21:57 INFO     Client: 29 Epoch: 2 Loss: 1.9196969441005163
04-12 21:57 INFO     Client: 29 Epoch: 3 Loss: 1.8052529096603394
04-12 21:57 INFO     Client: 29 Epoch: 4 Loss: 1.7490808793476649
04-12 21:57 INFO      ** Client: 29 Training complete **
04-12 21:57 INFO     Training network 30 n_training: 500
04-12 21:57 INFO     Training network 30
04-12 21:57 INFO     Client: 30 Epoch: 0 Loss: 2.6621829101017545
04-12 21:57 INFO     Client: 30 Epoch: 1 Loss: 2.1376534700393677
04-12 21:57 INFO     Client: 30 Epoch: 2 Loss: 1.9287453208650862
04-12 21:57 INFO     Client: 30 Epoch: 3 Loss: 1.8218509129115514
04-12 21:57 INFO     Client: 30 Epoch: 4 Loss: 1.8435343163354057
04-12 21:57 INFO      ** Client: 30 Training complete **
04-12 21:57 INFO     Training network 31 n_training: 500
04-12 21:57 INFO     Training network 31
04-12 21:57 INFO     Client: 31 Epoch: 0 Loss: 2.832942179271153
04-12 21:57 INFO     Client: 31 Epoch: 1 Loss: 2.217028720038278
04-12 21:57 INFO     Client: 31 Epoch: 2 Loss: 2.019473842212132
04-12 21:57 INFO     Client: 31 Epoch: 3 Loss: 1.8835166522434779
04-12 21:57 INFO     Client: 31 Epoch: 4 Loss: 1.8564156123570033
04-12 21:57 INFO      ** Client: 31 Training complete **
04-12 21:57 INFO     Training network 32 n_training: 500
04-12 21:57 INFO     Training network 32
04-12 21:57 INFO     Client: 32 Epoch: 0 Loss: 2.5760063103267123
04-12 21:57 INFO     Client: 32 Epoch: 1 Loss: 2.089342645236424
04-12 21:57 INFO     Client: 32 Epoch: 2 Loss: 1.917209335735866
04-12 21:57 INFO     Client: 32 Epoch: 3 Loss: 1.7533882686070033
04-12 21:57 INFO     Client: 32 Epoch: 4 Loss: 1.6044600009918213
04-12 21:57 INFO      ** Client: 32 Training complete **
04-12 21:57 INFO     Training network 33 n_training: 500
04-12 21:57 INFO     Training network 33
04-12 21:57 INFO     Client: 33 Epoch: 0 Loss: 2.7732478209904263
04-12 21:57 INFO     Client: 33 Epoch: 1 Loss: 2.2548340388706754
04-12 21:57 INFO     Client: 33 Epoch: 2 Loss: 2.0722380025046214
04-12 21:57 INFO     Client: 33 Epoch: 3 Loss: 1.9537987538746424
04-12 21:57 INFO     Client: 33 Epoch: 4 Loss: 1.8172938312802995
04-12 21:57 INFO      ** Client: 33 Training complete **
04-12 21:57 INFO     Training network 34 n_training: 500
04-12 21:57 INFO     Training network 34
04-12 21:57 INFO     Client: 34 Epoch: 0 Loss: 2.6801211833953857
04-12 21:57 INFO     Client: 34 Epoch: 1 Loss: 2.11332939352308
04-12 21:57 INFO     Client: 34 Epoch: 2 Loss: 1.9307475260325841
04-12 21:57 INFO     Client: 34 Epoch: 3 Loss: 1.855730516569955
04-12 21:57 INFO     Client: 34 Epoch: 4 Loss: 1.8366580179759435
04-12 21:57 INFO      ** Client: 34 Training complete **
04-12 21:57 INFO     Training network 35 n_training: 500
04-12 21:57 INFO     Training network 35
04-12 21:57 INFO     Client: 35 Epoch: 0 Loss: 2.6996617317199707
04-12 21:57 INFO     Client: 35 Epoch: 1 Loss: 2.102440357208252
04-12 21:57 INFO     Client: 35 Epoch: 2 Loss: 1.9359342881611414
04-12 21:57 INFO     Client: 35 Epoch: 3 Loss: 1.8273264850888933
04-12 21:57 INFO     Client: 35 Epoch: 4 Loss: 1.7402124915804182
04-12 21:57 INFO      ** Client: 35 Training complete **
04-12 21:57 INFO     Training network 36 n_training: 500
04-12 21:57 INFO     Training network 36
04-12 21:57 INFO     Client: 36 Epoch: 0 Loss: 2.6729279245649065
04-12 21:57 INFO     Client: 36 Epoch: 1 Loss: 2.0899832248687744
04-12 21:57 INFO     Client: 36 Epoch: 2 Loss: 1.8778026785169328
04-12 21:57 INFO     Client: 36 Epoch: 3 Loss: 1.7922379119055611
04-12 21:57 INFO     Client: 36 Epoch: 4 Loss: 1.8063109431947981
04-12 21:57 INFO      ** Client: 36 Training complete **
04-12 21:57 INFO     Training network 37 n_training: 500
04-12 21:57 INFO     Training network 37
04-12 21:57 INFO     Client: 37 Epoch: 0 Loss: 2.790864876338414
04-12 21:57 INFO     Client: 37 Epoch: 1 Loss: 2.180104834692819
04-12 21:57 INFO     Client: 37 Epoch: 2 Loss: 1.98185476234981
04-12 21:57 INFO     Client: 37 Epoch: 3 Loss: 1.86853746005467
04-12 21:57 INFO     Client: 37 Epoch: 4 Loss: 1.8445898975644792
04-12 21:57 INFO      ** Client: 37 Training complete **
04-12 21:57 INFO     Training network 38 n_training: 500
04-12 21:57 INFO     Training network 38
04-12 21:57 INFO     Client: 38 Epoch: 0 Loss: 2.694002526147025
04-12 21:57 INFO     Client: 38 Epoch: 1 Loss: 2.1629611424037387
04-12 21:57 INFO     Client: 38 Epoch: 2 Loss: 1.9567457267216273
04-12 21:57 INFO     Client: 38 Epoch: 3 Loss: 1.8389969893864222
04-12 21:57 INFO     Client: 38 Epoch: 4 Loss: 1.7493400744029455
04-12 21:57 INFO      ** Client: 38 Training complete **
04-12 21:57 INFO     Training network 39 n_training: 500
04-12 21:57 INFO     Training network 39
04-12 21:57 INFO     Client: 39 Epoch: 0 Loss: 2.695594685418265
04-12 21:57 INFO     Client: 39 Epoch: 1 Loss: 2.0156830889838084
04-12 21:57 INFO     Client: 39 Epoch: 2 Loss: 1.9117519344602312
04-12 21:57 INFO     Client: 39 Epoch: 3 Loss: 1.8425089802060808
04-12 21:57 INFO     Client: 39 Epoch: 4 Loss: 1.7117214713777815
04-12 21:57 INFO      ** Client: 39 Training complete **
04-12 21:57 INFO     Training network 40 n_training: 500
04-12 21:57 INFO     Training network 40
04-12 21:57 INFO     Client: 40 Epoch: 0 Loss: 2.753338200705392
04-12 21:57 INFO     Client: 40 Epoch: 1 Loss: 2.199937786374773
04-12 21:57 INFO     Client: 40 Epoch: 2 Loss: 1.9816394533429826
04-12 21:57 INFO     Client: 40 Epoch: 3 Loss: 1.8594732625143868
04-12 21:57 INFO     Client: 40 Epoch: 4 Loss: 1.7120928934642248
04-12 21:57 INFO      ** Client: 40 Training complete **
04-12 21:57 INFO     Training network 41 n_training: 500
04-12 21:57 INFO     Training network 41
04-12 21:57 INFO     Client: 41 Epoch: 0 Loss: 2.6956787109375
04-12 21:57 INFO     Client: 41 Epoch: 1 Loss: 2.1535208225250244
04-12 21:57 INFO     Client: 41 Epoch: 2 Loss: 2.0380245787756786
04-12 21:57 INFO     Client: 41 Epoch: 3 Loss: 1.9005610942840576
04-12 21:57 INFO     Client: 41 Epoch: 4 Loss: 1.7994037185396468
04-12 21:57 INFO      ** Client: 41 Training complete **
04-12 21:57 INFO     Training network 42 n_training: 500
04-12 21:57 INFO     Training network 42
04-12 21:57 INFO     Client: 42 Epoch: 0 Loss: 2.7698007992335727
04-12 21:57 INFO     Client: 42 Epoch: 1 Loss: 2.127664736339024
04-12 21:57 INFO     Client: 42 Epoch: 2 Loss: 1.9664285693849837
04-12 21:57 INFO     Client: 42 Epoch: 3 Loss: 1.8296212468828474
04-12 21:57 INFO     Client: 42 Epoch: 4 Loss: 1.8061445099966866
04-12 21:57 INFO      ** Client: 42 Training complete **
04-12 21:57 INFO     Training network 43 n_training: 500
04-12 21:57 INFO     Training network 43
04-12 21:57 INFO     Client: 43 Epoch: 0 Loss: 2.73359557560512
04-12 21:57 INFO     Client: 43 Epoch: 1 Loss: 2.146867718015398
04-12 21:57 INFO     Client: 43 Epoch: 2 Loss: 1.9402693680354528
04-12 21:57 INFO     Client: 43 Epoch: 3 Loss: 1.8208166531154089
04-12 21:57 INFO     Client: 43 Epoch: 4 Loss: 1.7748982906341553
04-12 21:57 INFO      ** Client: 43 Training complete **
04-12 21:57 INFO     Training network 44 n_training: 500
04-12 21:57 INFO     Training network 44
04-12 21:57 INFO     Client: 44 Epoch: 0 Loss: 2.737008435385568
04-12 21:57 INFO     Client: 44 Epoch: 1 Loss: 2.211979491370065
04-12 21:57 INFO     Client: 44 Epoch: 2 Loss: 1.9735053096498762
04-12 21:57 INFO     Client: 44 Epoch: 3 Loss: 1.8370254380362374
04-12 21:57 INFO     Client: 44 Epoch: 4 Loss: 1.7882831607546126
04-12 21:57 INFO      ** Client: 44 Training complete **
04-12 21:57 INFO     Training network 45 n_training: 500
04-12 21:57 INFO     Training network 45
04-12 21:57 INFO     Client: 45 Epoch: 0 Loss: 2.6247884205409457
04-12 21:57 INFO     Client: 45 Epoch: 1 Loss: 2.069190297807966
04-12 21:57 INFO     Client: 45 Epoch: 2 Loss: 1.9277224029813493
04-12 21:57 INFO     Client: 45 Epoch: 3 Loss: 1.7674978119986398
04-12 21:57 INFO     Client: 45 Epoch: 4 Loss: 1.7417165381567818
04-12 21:57 INFO      ** Client: 45 Training complete **
04-12 21:57 INFO     Training network 46 n_training: 500
04-12 21:57 INFO     Training network 46
04-12 21:57 INFO     Client: 46 Epoch: 0 Loss: 2.6713340282440186
04-12 21:57 INFO     Client: 46 Epoch: 1 Loss: 2.113036411149161
04-12 21:57 INFO     Client: 46 Epoch: 2 Loss: 1.998198390007019
04-12 21:57 INFO     Client: 46 Epoch: 3 Loss: 1.8447758299963815
04-12 21:57 INFO     Client: 46 Epoch: 4 Loss: 1.8132714203425817
04-12 21:57 INFO      ** Client: 46 Training complete **
04-12 21:57 INFO     Training network 47 n_training: 500
04-12 21:57 INFO     Training network 47
04-12 21:57 INFO     Client: 47 Epoch: 0 Loss: 2.561805418559483
04-12 21:57 INFO     Client: 47 Epoch: 1 Loss: 2.070737395967756
04-12 21:57 INFO     Client: 47 Epoch: 2 Loss: 2.0065958329609463
04-12 21:57 INFO     Client: 47 Epoch: 3 Loss: 1.8682320969445365
04-12 21:57 INFO     Client: 47 Epoch: 4 Loss: 1.680102757045201
04-12 21:57 INFO      ** Client: 47 Training complete **
04-12 21:57 INFO     Training network 48 n_training: 500
04-12 21:57 INFO     Training network 48
04-12 21:57 INFO     Client: 48 Epoch: 0 Loss: 2.742293017251151
04-12 21:57 INFO     Client: 48 Epoch: 1 Loss: 2.2732037816728865
04-12 21:57 INFO     Client: 48 Epoch: 2 Loss: 2.0198946510042464
04-12 21:57 INFO     Client: 48 Epoch: 3 Loss: 1.8567661217280798
04-12 21:57 INFO     Client: 48 Epoch: 4 Loss: 1.7714226586478097
04-12 21:57 INFO      ** Client: 48 Training complete **
04-12 21:57 INFO     Training network 49 n_training: 500
04-12 21:57 INFO     Training network 49
04-12 21:57 INFO     Client: 49 Epoch: 0 Loss: 2.6346511159624373
04-12 21:58 INFO     Client: 49 Epoch: 1 Loss: 2.053083896636963
04-12 21:58 INFO     Client: 49 Epoch: 2 Loss: 1.8574588469096593
04-12 21:58 INFO     Client: 49 Epoch: 3 Loss: 1.7632372549601965
04-12 21:58 INFO     Client: 49 Epoch: 4 Loss: 1.7018414224897112
04-12 21:58 INFO      ** Client: 49 Training complete **
04-12 21:58 INFO     Training network 50 n_training: 500
04-12 21:58 INFO     Training network 50
04-12 21:58 INFO     Client: 50 Epoch: 0 Loss: 2.7210535321916853
04-12 21:58 INFO     Client: 50 Epoch: 1 Loss: 2.263427359717233
04-12 21:58 INFO     Client: 50 Epoch: 2 Loss: 1.98646913255964
04-12 21:58 INFO     Client: 50 Epoch: 3 Loss: 1.9090228591646468
04-12 21:58 INFO     Client: 50 Epoch: 4 Loss: 1.8170646258762904
04-12 21:58 INFO      ** Client: 50 Training complete **
04-12 21:58 INFO     Training network 51 n_training: 500
04-12 21:58 INFO     Training network 51
04-12 21:58 INFO     Client: 51 Epoch: 0 Loss: 2.6624017783573697
04-12 21:58 INFO     Client: 51 Epoch: 1 Loss: 2.198184217725481
04-12 21:58 INFO     Client: 51 Epoch: 2 Loss: 1.9885316065379552
04-12 21:58 INFO     Client: 51 Epoch: 3 Loss: 1.9210598468780518
04-12 21:58 INFO     Client: 51 Epoch: 4 Loss: 1.7913698298590524
04-12 21:58 INFO      ** Client: 51 Training complete **
04-12 21:58 INFO     Training network 52 n_training: 500
04-12 21:58 INFO     Training network 52
04-12 21:58 INFO     Client: 52 Epoch: 0 Loss: 2.751070601599557
04-12 21:58 INFO     Client: 52 Epoch: 1 Loss: 2.019819515092032
04-12 21:58 INFO     Client: 52 Epoch: 2 Loss: 1.788679736001151
04-12 21:58 INFO     Client: 52 Epoch: 3 Loss: 1.7299251215798515
04-12 21:58 INFO     Client: 52 Epoch: 4 Loss: 1.6156904356820243
04-12 21:58 INFO      ** Client: 52 Training complete **
04-12 21:58 INFO     Training network 53 n_training: 500
04-12 21:58 INFO     Training network 53
04-12 21:58 INFO     Client: 53 Epoch: 0 Loss: 2.6597179685320174
04-12 21:58 INFO     Client: 53 Epoch: 1 Loss: 2.1065227474485124
04-12 21:58 INFO     Client: 53 Epoch: 2 Loss: 1.923560721533639
04-12 21:58 INFO     Client: 53 Epoch: 3 Loss: 1.7806273698806763
04-12 21:58 INFO     Client: 53 Epoch: 4 Loss: 1.726180842944554
04-12 21:58 INFO      ** Client: 53 Training complete **
04-12 21:58 INFO     Training network 54 n_training: 500
04-12 21:58 INFO     Training network 54
04-12 21:58 INFO     Client: 54 Epoch: 0 Loss: 2.7429671628134593
04-12 21:58 INFO     Client: 54 Epoch: 1 Loss: 2.0440701246261597
04-12 21:58 INFO     Client: 54 Epoch: 2 Loss: 1.9007463966097151
04-12 21:58 INFO     Client: 54 Epoch: 3 Loss: 1.880715319088527
04-12 21:58 INFO     Client: 54 Epoch: 4 Loss: 1.7696131808417184
04-12 21:58 INFO      ** Client: 54 Training complete **
04-12 21:58 INFO     Training network 55 n_training: 500
04-12 21:58 INFO     Training network 55
04-12 21:58 INFO     Client: 55 Epoch: 0 Loss: 2.6330768721444264
04-12 21:58 INFO     Client: 55 Epoch: 1 Loss: 2.2478574173791066
04-12 21:58 INFO     Client: 55 Epoch: 2 Loss: 1.997548988887242
04-12 21:58 INFO     Client: 55 Epoch: 3 Loss: 1.8708456243787492
04-12 21:58 INFO     Client: 55 Epoch: 4 Loss: 1.8178457192012243
04-12 21:58 INFO      ** Client: 55 Training complete **
04-12 21:58 INFO     Training network 56 n_training: 500
04-12 21:58 INFO     Training network 56
04-12 21:58 INFO     Client: 56 Epoch: 0 Loss: 2.586457831518991
04-12 21:58 INFO     Client: 56 Epoch: 1 Loss: 2.257702793393816
04-12 21:58 INFO     Client: 56 Epoch: 2 Loss: 2.061125704220363
04-12 21:58 INFO     Client: 56 Epoch: 3 Loss: 1.8370798996516637
04-12 21:58 INFO     Client: 56 Epoch: 4 Loss: 1.7934304646083288
04-12 21:58 INFO      ** Client: 56 Training complete **
04-12 21:58 INFO     Training network 57 n_training: 500
04-12 21:58 INFO     Training network 57
04-12 21:58 INFO     Client: 57 Epoch: 0 Loss: 2.768583297729492
04-12 21:58 INFO     Client: 57 Epoch: 1 Loss: 2.1705427169799805
04-12 21:58 INFO     Client: 57 Epoch: 2 Loss: 1.964803968157087
04-12 21:58 INFO     Client: 57 Epoch: 3 Loss: 1.915529387337821
04-12 21:58 INFO     Client: 57 Epoch: 4 Loss: 1.8407600777489799
04-12 21:58 INFO      ** Client: 57 Training complete **
04-12 21:58 INFO     Training network 58 n_training: 500
04-12 21:58 INFO     Training network 58
04-12 21:58 INFO     Client: 58 Epoch: 0 Loss: 2.640531131199428
04-12 21:58 INFO     Client: 58 Epoch: 1 Loss: 2.1385230166571483
04-12 21:58 INFO     Client: 58 Epoch: 2 Loss: 1.9465114048549108
04-12 21:58 INFO     Client: 58 Epoch: 3 Loss: 1.8984829017094202
04-12 21:58 INFO     Client: 58 Epoch: 4 Loss: 1.8295492615018571
04-12 21:58 INFO      ** Client: 58 Training complete **
04-12 21:58 INFO     Training network 59 n_training: 500
04-12 21:58 INFO     Training network 59
04-12 21:58 INFO     Client: 59 Epoch: 0 Loss: 2.7352684225354875
04-12 21:58 INFO     Client: 59 Epoch: 1 Loss: 2.1688435077667236
04-12 21:58 INFO     Client: 59 Epoch: 2 Loss: 1.9427677733557565
04-12 21:58 INFO     Client: 59 Epoch: 3 Loss: 1.83873222555433
04-12 21:58 INFO     Client: 59 Epoch: 4 Loss: 1.805814470563616
04-12 21:58 INFO      ** Client: 59 Training complete **
04-12 21:58 INFO     Training network 60 n_training: 500
04-12 21:58 INFO     Training network 60
04-12 21:58 INFO     Client: 60 Epoch: 0 Loss: 2.6263951574053084
04-12 21:58 INFO     Client: 60 Epoch: 1 Loss: 2.2201391628810336
04-12 21:58 INFO     Client: 60 Epoch: 2 Loss: 2.031610982758658
04-12 21:58 INFO     Client: 60 Epoch: 3 Loss: 1.9008103609085083
04-12 21:58 INFO     Client: 60 Epoch: 4 Loss: 1.8601465225219727
04-12 21:58 INFO      ** Client: 60 Training complete **
04-12 21:58 INFO     Training network 61 n_training: 500
04-12 21:58 INFO     Training network 61
04-12 21:58 INFO     Client: 61 Epoch: 0 Loss: 2.5801956994192943
04-12 21:58 INFO     Client: 61 Epoch: 1 Loss: 2.1664899247033254
04-12 21:58 INFO     Client: 61 Epoch: 2 Loss: 1.935198392186846
04-12 21:58 INFO     Client: 61 Epoch: 3 Loss: 1.83956698008946
04-12 21:58 INFO     Client: 61 Epoch: 4 Loss: 1.7657630273274012
04-12 21:58 INFO      ** Client: 61 Training complete **
04-12 21:58 INFO     Training network 62 n_training: 500
04-12 21:58 INFO     Training network 62
04-12 21:58 INFO     Client: 62 Epoch: 0 Loss: 2.685131549835205
04-12 21:58 INFO     Client: 62 Epoch: 1 Loss: 2.067316804613386
04-12 21:58 INFO     Client: 62 Epoch: 2 Loss: 1.9624483244759696
04-12 21:58 INFO     Client: 62 Epoch: 3 Loss: 1.9224671806607927
04-12 21:58 INFO     Client: 62 Epoch: 4 Loss: 1.7381785426821028
04-12 21:58 INFO      ** Client: 62 Training complete **
04-12 21:58 INFO     Training network 63 n_training: 500
04-12 21:58 INFO     Training network 63
04-12 21:58 INFO     Client: 63 Epoch: 0 Loss: 2.7289251259395053
04-12 21:58 INFO     Client: 63 Epoch: 1 Loss: 2.1194304057529996
04-12 21:58 INFO     Client: 63 Epoch: 2 Loss: 1.9365352392196655
04-12 21:58 INFO     Client: 63 Epoch: 3 Loss: 1.871438707624163
04-12 21:58 INFO     Client: 63 Epoch: 4 Loss: 1.847966960498265
04-12 21:58 INFO      ** Client: 63 Training complete **
04-12 21:58 INFO     Training network 64 n_training: 500
04-12 21:58 INFO     Training network 64
04-12 21:58 INFO     Client: 64 Epoch: 0 Loss: 2.6401686327798024
04-12 21:58 INFO     Client: 64 Epoch: 1 Loss: 2.1731945957456316
04-12 21:58 INFO     Client: 64 Epoch: 2 Loss: 1.9889673335211617
04-12 21:58 INFO     Client: 64 Epoch: 3 Loss: 1.850340519632612
04-12 21:58 INFO     Client: 64 Epoch: 4 Loss: 1.822105118206569
04-12 21:58 INFO      ** Client: 64 Training complete **
04-12 21:58 INFO     Training network 65 n_training: 500
04-12 21:58 INFO     Training network 65
04-12 21:58 INFO     Client: 65 Epoch: 0 Loss: 2.6149652344839915
04-12 21:58 INFO     Client: 65 Epoch: 1 Loss: 2.2050039768218994
04-12 21:58 INFO     Client: 65 Epoch: 2 Loss: 1.9997705221176147
04-12 21:58 INFO     Client: 65 Epoch: 3 Loss: 1.912882583481925
04-12 21:58 INFO     Client: 65 Epoch: 4 Loss: 1.7524228947503226
04-12 21:58 INFO      ** Client: 65 Training complete **
04-12 21:58 INFO     Training network 66 n_training: 500
04-12 21:58 INFO     Training network 66
04-12 21:58 INFO     Client: 66 Epoch: 0 Loss: 2.620858362742833
04-12 21:58 INFO     Client: 66 Epoch: 1 Loss: 2.162066970552717
04-12 21:58 INFO     Client: 66 Epoch: 2 Loss: 1.9684211015701294
04-12 21:58 INFO     Client: 66 Epoch: 3 Loss: 1.907846518925258
04-12 21:58 INFO     Client: 66 Epoch: 4 Loss: 1.8862832273755754
04-12 21:58 INFO      ** Client: 66 Training complete **
04-12 21:58 INFO     Training network 67 n_training: 500
04-12 21:58 INFO     Training network 67
04-12 21:58 INFO     Client: 67 Epoch: 0 Loss: 2.6889121532440186
04-12 21:58 INFO     Client: 67 Epoch: 1 Loss: 2.037575364112854
04-12 21:58 INFO     Client: 67 Epoch: 2 Loss: 1.8864787476403373
04-12 21:58 INFO     Client: 67 Epoch: 3 Loss: 1.8021252495901925
04-12 21:58 INFO     Client: 67 Epoch: 4 Loss: 1.739955953189305
04-12 21:58 INFO      ** Client: 67 Training complete **
04-12 21:58 INFO     Training network 68 n_training: 500
04-12 21:58 INFO     Training network 68
04-12 21:58 INFO     Client: 68 Epoch: 0 Loss: 2.7249205112457275
04-12 21:58 INFO     Client: 68 Epoch: 1 Loss: 2.20740761075701
04-12 21:58 INFO     Client: 68 Epoch: 2 Loss: 1.944784368787493
04-12 21:58 INFO     Client: 68 Epoch: 3 Loss: 1.791647127696446
04-12 21:58 INFO     Client: 68 Epoch: 4 Loss: 1.7876460552215576
04-12 21:58 INFO      ** Client: 68 Training complete **
04-12 21:58 INFO     Training network 69 n_training: 500
04-12 21:58 INFO     Training network 69
04-12 21:58 INFO     Client: 69 Epoch: 0 Loss: 2.7679134096418108
04-12 21:58 INFO     Client: 69 Epoch: 1 Loss: 2.13063497202737
04-12 21:58 INFO     Client: 69 Epoch: 2 Loss: 1.9576467786516463
04-12 21:58 INFO     Client: 69 Epoch: 3 Loss: 1.8387304203850883
04-12 21:58 INFO     Client: 69 Epoch: 4 Loss: 1.753146835735866
04-12 21:58 INFO      ** Client: 69 Training complete **
04-12 21:58 INFO     Training network 70 n_training: 500
04-12 21:58 INFO     Training network 70
04-12 21:58 INFO     Client: 70 Epoch: 0 Loss: 2.7448976039886475
04-12 21:58 INFO     Client: 70 Epoch: 1 Loss: 2.0628869363239835
04-12 21:58 INFO     Client: 70 Epoch: 2 Loss: 1.9578567743301392
04-12 21:58 INFO     Client: 70 Epoch: 3 Loss: 1.8631365128925867
04-12 21:58 INFO     Client: 70 Epoch: 4 Loss: 1.7215810332979475
04-12 21:58 INFO      ** Client: 70 Training complete **
04-12 21:58 INFO     Training network 71 n_training: 500
04-12 21:58 INFO     Training network 71
04-12 21:58 INFO     Client: 71 Epoch: 0 Loss: 2.6093338217054094
04-12 21:58 INFO     Client: 71 Epoch: 1 Loss: 2.076801759856088
04-12 21:58 INFO     Client: 71 Epoch: 2 Loss: 1.9213283572878157
04-12 21:58 INFO     Client: 71 Epoch: 3 Loss: 1.8610396214893885
04-12 21:58 INFO     Client: 71 Epoch: 4 Loss: 1.7675923279353551
04-12 21:58 INFO      ** Client: 71 Training complete **
04-12 21:58 INFO     Training network 72 n_training: 500
04-12 21:58 INFO     Training network 72
04-12 21:58 INFO     Client: 72 Epoch: 0 Loss: 2.7344586168016707
04-12 21:58 INFO     Client: 72 Epoch: 1 Loss: 2.1042895317077637
04-12 21:58 INFO     Client: 72 Epoch: 2 Loss: 1.9011650426047189
04-12 21:58 INFO     Client: 72 Epoch: 3 Loss: 1.8910601479666573
04-12 21:58 INFO     Client: 72 Epoch: 4 Loss: 1.7529096943991525
04-12 21:58 INFO      ** Client: 72 Training complete **
04-12 21:58 INFO     Training network 73 n_training: 500
04-12 21:58 INFO     Training network 73
04-12 21:58 INFO     Client: 73 Epoch: 0 Loss: 2.627964871270316
04-12 21:58 INFO     Client: 73 Epoch: 1 Loss: 2.1599594865526472
04-12 21:58 INFO     Client: 73 Epoch: 2 Loss: 1.9633893966674805
04-12 21:58 INFO     Client: 73 Epoch: 3 Loss: 1.8312469039644514
04-12 21:58 INFO     Client: 73 Epoch: 4 Loss: 1.7862927573067802
04-12 21:58 INFO      ** Client: 73 Training complete **
04-12 21:58 INFO     Training network 74 n_training: 500
04-12 21:58 INFO     Training network 74
04-12 21:58 INFO     Client: 74 Epoch: 0 Loss: 2.629701171602522
04-12 21:58 INFO     Client: 74 Epoch: 1 Loss: 2.007294246128627
04-12 21:58 INFO     Client: 74 Epoch: 2 Loss: 1.8399816070284163
04-12 21:58 INFO     Client: 74 Epoch: 3 Loss: 1.7162116255078996
04-12 21:58 INFO     Client: 74 Epoch: 4 Loss: 1.6703599861689977
04-12 21:58 INFO      ** Client: 74 Training complete **
04-12 21:58 INFO     Training network 75 n_training: 500
04-12 21:58 INFO     Training network 75
04-12 21:58 INFO     Client: 75 Epoch: 0 Loss: 2.9080163751329695
04-12 21:58 INFO     Client: 75 Epoch: 1 Loss: 2.1623773915427074
04-12 21:58 INFO     Client: 75 Epoch: 2 Loss: 1.9302756445748466
04-12 21:58 INFO     Client: 75 Epoch: 3 Loss: 1.8227916955947876
04-12 21:58 INFO     Client: 75 Epoch: 4 Loss: 1.7835428714752197
04-12 21:58 INFO      ** Client: 75 Training complete **
04-12 21:58 INFO     Training network 76 n_training: 500
04-12 21:58 INFO     Training network 76
04-12 21:58 INFO     Client: 76 Epoch: 0 Loss: 2.5874247210366383
04-12 21:58 INFO     Client: 76 Epoch: 1 Loss: 2.1608316898345947
04-12 21:58 INFO     Client: 76 Epoch: 2 Loss: 1.9561111756733485
04-12 21:58 INFO     Client: 76 Epoch: 3 Loss: 1.8976181064333235
04-12 21:58 INFO     Client: 76 Epoch: 4 Loss: 1.7686060496738978
04-12 21:58 INFO      ** Client: 76 Training complete **
04-12 21:58 INFO     Training network 77 n_training: 500
04-12 21:58 INFO     Training network 77
04-12 21:58 INFO     Client: 77 Epoch: 0 Loss: 2.647941453116281
04-12 21:58 INFO     Client: 77 Epoch: 1 Loss: 2.0130614042282104
04-12 21:58 INFO     Client: 77 Epoch: 2 Loss: 1.8020231212888445
04-12 21:58 INFO     Client: 77 Epoch: 3 Loss: 1.7741114412035262
04-12 21:58 INFO     Client: 77 Epoch: 4 Loss: 1.6337931837354387
04-12 21:58 INFO      ** Client: 77 Training complete **
04-12 21:58 INFO     Training network 78 n_training: 500
04-12 21:58 INFO     Training network 78
04-12 21:58 INFO     Client: 78 Epoch: 0 Loss: 2.736640998295375
04-12 21:58 INFO     Client: 78 Epoch: 1 Loss: 2.165721995489938
04-12 21:58 INFO     Client: 78 Epoch: 2 Loss: 1.9617657831736974
04-12 21:58 INFO     Client: 78 Epoch: 3 Loss: 1.945411034992763
04-12 21:58 INFO     Client: 78 Epoch: 4 Loss: 1.8534556456974574
04-12 21:58 INFO      ** Client: 78 Training complete **
04-12 21:58 INFO     Training network 79 n_training: 500
04-12 21:58 INFO     Training network 79
04-12 21:58 INFO     Client: 79 Epoch: 0 Loss: 2.795959268297468
04-12 21:58 INFO     Client: 79 Epoch: 1 Loss: 2.221712129456656
04-12 21:58 INFO     Client: 79 Epoch: 2 Loss: 1.9762406178883143
04-12 21:58 INFO     Client: 79 Epoch: 3 Loss: 1.8595082248960222
04-12 21:58 INFO     Client: 79 Epoch: 4 Loss: 1.8228384256362915
04-12 21:58 INFO      ** Client: 79 Training complete **
04-12 21:58 INFO     Training network 80 n_training: 500
04-12 21:58 INFO     Training network 80
04-12 21:58 INFO     Client: 80 Epoch: 0 Loss: 2.6114549977438792
04-12 21:58 INFO     Client: 80 Epoch: 1 Loss: 2.102583612714495
04-12 21:58 INFO     Client: 80 Epoch: 2 Loss: 1.911242161478315
04-12 21:58 INFO     Client: 80 Epoch: 3 Loss: 1.7774275541305542
04-12 21:58 INFO     Client: 80 Epoch: 4 Loss: 1.6819326196398054
04-12 21:58 INFO      ** Client: 80 Training complete **
04-12 21:58 INFO     Training network 81 n_training: 500
04-12 21:58 INFO     Training network 81
04-12 21:58 INFO     Client: 81 Epoch: 0 Loss: 2.538256747382028
04-12 21:58 INFO     Client: 81 Epoch: 1 Loss: 2.1137315034866333
04-12 21:58 INFO     Client: 81 Epoch: 2 Loss: 1.8904059273856026
04-12 21:58 INFO     Client: 81 Epoch: 3 Loss: 1.808830942426409
04-12 21:58 INFO     Client: 81 Epoch: 4 Loss: 1.8090832233428955
04-12 21:58 INFO      ** Client: 81 Training complete **
04-12 21:58 INFO     Training network 82 n_training: 500
04-12 21:58 INFO     Training network 82
04-12 21:58 INFO     Client: 82 Epoch: 0 Loss: 2.6094742843082974
04-12 21:58 INFO     Client: 82 Epoch: 1 Loss: 2.1041878972734724
04-12 21:58 INFO     Client: 82 Epoch: 2 Loss: 1.9322967869894845
04-12 21:58 INFO     Client: 82 Epoch: 3 Loss: 1.8001127924237932
04-12 21:58 INFO     Client: 82 Epoch: 4 Loss: 1.7265043939862932
04-12 21:58 INFO      ** Client: 82 Training complete **
04-12 21:58 INFO     Training network 83 n_training: 500
04-12 21:58 INFO     Training network 83
04-12 21:58 INFO     Client: 83 Epoch: 0 Loss: 2.6144401005336215
04-12 21:58 INFO     Client: 83 Epoch: 1 Loss: 2.1155738149370467
04-12 21:58 INFO     Client: 83 Epoch: 2 Loss: 1.9417089564459664
04-12 21:58 INFO     Client: 83 Epoch: 3 Loss: 1.7980066197259086
04-12 21:58 INFO     Client: 83 Epoch: 4 Loss: 1.7336219378880091
04-12 21:58 INFO      ** Client: 83 Training complete **
04-12 21:58 INFO     Training network 84 n_training: 500
04-12 21:58 INFO     Training network 84
04-12 21:58 INFO     Client: 84 Epoch: 0 Loss: 2.64162700516837
04-12 21:58 INFO     Client: 84 Epoch: 1 Loss: 2.019772904259818
04-12 21:58 INFO     Client: 84 Epoch: 2 Loss: 1.9254706076213293
04-12 21:58 INFO     Client: 84 Epoch: 3 Loss: 1.909096700804574
04-12 21:58 INFO     Client: 84 Epoch: 4 Loss: 1.7884908063071114
04-12 21:58 INFO      ** Client: 84 Training complete **
04-12 21:58 INFO     Training network 85 n_training: 500
04-12 21:58 INFO     Training network 85
04-12 21:58 INFO     Client: 85 Epoch: 0 Loss: 2.548199789864676
04-12 21:58 INFO     Client: 85 Epoch: 1 Loss: 2.1593524387904575
04-12 21:58 INFO     Client: 85 Epoch: 2 Loss: 1.9962620224271501
04-12 21:58 INFO     Client: 85 Epoch: 3 Loss: 1.8482615947723389
04-12 21:58 INFO     Client: 85 Epoch: 4 Loss: 1.771332093647548
04-12 21:58 INFO      ** Client: 85 Training complete **
04-12 21:58 INFO     Training network 86 n_training: 500
04-12 21:58 INFO     Training network 86
04-12 21:58 INFO     Client: 86 Epoch: 0 Loss: 2.5989573001861572
04-12 21:58 INFO     Client: 86 Epoch: 1 Loss: 2.126995359148298
04-12 21:58 INFO     Client: 86 Epoch: 2 Loss: 1.9621306317193168
04-12 21:58 INFO     Client: 86 Epoch: 3 Loss: 1.8200469527925764
04-12 21:58 INFO     Client: 86 Epoch: 4 Loss: 1.781612413270133
04-12 21:58 INFO      ** Client: 86 Training complete **
04-12 21:58 INFO     Training network 87 n_training: 500
04-12 21:58 INFO     Training network 87
04-12 21:59 INFO     Client: 87 Epoch: 0 Loss: 2.5803496837615967
04-12 21:59 INFO     Client: 87 Epoch: 1 Loss: 2.213423865182059
04-12 21:59 INFO     Client: 87 Epoch: 2 Loss: 1.9880648170198714
04-12 21:59 INFO     Client: 87 Epoch: 3 Loss: 1.8029416799545288
04-12 21:59 INFO     Client: 87 Epoch: 4 Loss: 1.751109004020691
04-12 21:59 INFO      ** Client: 87 Training complete **
04-12 21:59 INFO     Training network 88 n_training: 500
04-12 21:59 INFO     Training network 88
04-12 21:59 INFO     Client: 88 Epoch: 0 Loss: 2.5775090285709927
04-12 21:59 INFO     Client: 88 Epoch: 1 Loss: 2.146773968424116
04-12 21:59 INFO     Client: 88 Epoch: 2 Loss: 1.921316385269165
04-12 21:59 INFO     Client: 88 Epoch: 3 Loss: 1.835214376449585
04-12 21:59 INFO     Client: 88 Epoch: 4 Loss: 1.8315220049449377
04-12 21:59 INFO      ** Client: 88 Training complete **
04-12 21:59 INFO     Training network 89 n_training: 500
04-12 21:59 INFO     Training network 89
04-12 21:59 INFO     Client: 89 Epoch: 0 Loss: 2.5291124071393694
04-12 21:59 INFO     Client: 89 Epoch: 1 Loss: 2.1921697514397755
04-12 21:59 INFO     Client: 89 Epoch: 2 Loss: 1.96263211114066
04-12 21:59 INFO     Client: 89 Epoch: 3 Loss: 1.8889128821236747
04-12 21:59 INFO     Client: 89 Epoch: 4 Loss: 1.8418810878481184
04-12 21:59 INFO      ** Client: 89 Training complete **
04-12 21:59 INFO     Training network 90 n_training: 500
04-12 21:59 INFO     Training network 90
04-12 21:59 INFO     Client: 90 Epoch: 0 Loss: 2.680158853530884
04-12 21:59 INFO     Client: 90 Epoch: 1 Loss: 2.155559812273298
04-12 21:59 INFO     Client: 90 Epoch: 2 Loss: 1.9663081680025374
04-12 21:59 INFO     Client: 90 Epoch: 3 Loss: 1.8482534374509538
04-12 21:59 INFO     Client: 90 Epoch: 4 Loss: 1.7058875731059484
04-12 21:59 INFO      ** Client: 90 Training complete **
04-12 21:59 INFO     Training network 91 n_training: 500
04-12 21:59 INFO     Training network 91
04-12 21:59 INFO     Client: 91 Epoch: 0 Loss: 2.658618450164795
04-12 21:59 INFO     Client: 91 Epoch: 1 Loss: 2.1090205226625716
04-12 21:59 INFO     Client: 91 Epoch: 2 Loss: 1.8970138004847936
04-12 21:59 INFO     Client: 91 Epoch: 3 Loss: 1.860219989504133
04-12 21:59 INFO     Client: 91 Epoch: 4 Loss: 1.7717950173786707
04-12 21:59 INFO      ** Client: 91 Training complete **
04-12 21:59 INFO     Training network 92 n_training: 500
04-12 21:59 INFO     Training network 92
04-12 21:59 INFO     Client: 92 Epoch: 0 Loss: 2.690615109034947
04-12 21:59 INFO     Client: 92 Epoch: 1 Loss: 2.197195087160383
04-12 21:59 INFO     Client: 92 Epoch: 2 Loss: 1.9898936918803625
04-12 21:59 INFO     Client: 92 Epoch: 3 Loss: 1.8872763429369246
04-12 21:59 INFO     Client: 92 Epoch: 4 Loss: 1.8148275102887834
04-12 21:59 INFO      ** Client: 92 Training complete **
04-12 21:59 INFO     Training network 93 n_training: 500
04-12 21:59 INFO     Training network 93
04-12 21:59 INFO     Client: 93 Epoch: 0 Loss: 2.7282989706311906
04-12 21:59 INFO     Client: 93 Epoch: 1 Loss: 2.1698996339525496
04-12 21:59 INFO     Client: 93 Epoch: 2 Loss: 2.0069942474365234
04-12 21:59 INFO     Client: 93 Epoch: 3 Loss: 1.8448935917445592
04-12 21:59 INFO     Client: 93 Epoch: 4 Loss: 1.8089056015014648
04-12 21:59 INFO      ** Client: 93 Training complete **
04-12 21:59 INFO     Training network 94 n_training: 500
04-12 21:59 INFO     Training network 94
