03-13 16:37 INFO     cuda
03-13 16:37 INFO     Command Line Arguments: 
{
    "epochs": 5,
    "comm_round": 8,
    "sample_fraction": 1.0,
    "alpha": 0.1,
    "dataset": "cifar10",
    "datadir": "../data/",
    "partition": "iid",
    "alg": "sflv2",
    "model": "resnet-18",
    "n_parties": 5,
    "lr": 0.01,
    "mu": 1,
    "std_coeff": 2.5,
    "unif_coeff": 0.5,
    "batch_size": 128,
    "load_first_net": 1,
    "pool_option": "FIFO",
    "model_buffer_size": 1,
    "optimizer": "sgd",
    "simp_width": 1,
    "out_dim": 256,
    "reg": 0.0005,
    "temperature": 0.5,
    "logdir": "./",
    "log_file_name": "logs/experiment_log-alg=sflv2_partition=iid_lr=0.01_epochs=5_num_users=5_beta=0.1_batch_size=128_opt=sgd_dataset=cifar10_2024-03-13-1637-36",
    "seed": 42,
    "device": "cuda",
    "multiprocessing": 0
}
03-13 16:37 INFO     Data statistics: {0: {0: 973, 1: 979, 2: 1030, 3: 1023, 4: 933, 5: 1015, 6: 996, 7: 994, 8: 1017, 9: 1040}, 1: {0: 1000, 1: 1000, 2: 979, 3: 1018, 4: 1011, 5: 1018, 6: 944, 7: 999, 8: 1028, 9: 1003}, 2: {0: 981, 1: 1048, 2: 1007, 3: 991, 4: 999, 5: 998, 6: 1026, 7: 986, 8: 968, 9: 996}, 3: {0: 1036, 1: 984, 2: 991, 3: 1001, 4: 1046, 5: 965, 6: 1001, 7: 975, 8: 983, 9: 1018}, 4: {0: 1010, 1: 989, 2: 993, 3: 967, 4: 1011, 5: 1004, 6: 1033, 7: 1046, 8: 1004, 9: 943}}
03-13 16:37 INFO     in comm round:0
03-13 16:37 INFO     Training network 0 n_training: 10000
03-13 16:37 INFO     Training network 0
03-13 16:37 INFO     n_training: 78
03-13 16:37 INFO     Client: 0 Epoch: 0 Loss: 1.9028156506709564
03-13 16:37 INFO     Client: 0 Epoch: 1 Loss: 1.5349747905364404
03-13 16:37 INFO     Client: 0 Epoch: 2 Loss: 1.3672893612812727
03-13 16:37 INFO     Client: 0 Epoch: 3 Loss: 1.2157062116341713
03-13 16:37 INFO     Client: 0 Epoch: 4 Loss: 1.1227470644009419
03-13 16:38 INFO      ** Client: 0 Training complete **
03-13 16:38 INFO     Training network 1 n_training: 10000
03-13 16:38 INFO     Training network 1
03-13 16:38 INFO     n_training: 78
03-13 16:38 INFO     Client: 1 Epoch: 0 Loss: 1.809175492861332
03-13 16:38 INFO     Client: 1 Epoch: 1 Loss: 1.5209874312082927
03-13 16:38 INFO     Client: 1 Epoch: 2 Loss: 1.3356220065019069
03-13 16:38 INFO     Client: 1 Epoch: 3 Loss: 1.2078830981865907
03-13 16:38 INFO     Client: 1 Epoch: 4 Loss: 1.1046770734664721
03-13 16:38 INFO      ** Client: 1 Training complete **
03-13 16:38 INFO     Training network 2 n_training: 10000
03-13 16:38 INFO     Training network 2
03-13 16:38 INFO     n_training: 78
03-13 16:38 INFO     Client: 2 Epoch: 0 Loss: 1.8273397806363227
03-13 16:38 INFO     Client: 2 Epoch: 1 Loss: 1.477920645322555
03-13 16:38 INFO     Client: 2 Epoch: 2 Loss: 1.341775738275968
03-13 16:38 INFO     Client: 2 Epoch: 3 Loss: 1.203066954245934
03-13 16:38 INFO     Client: 2 Epoch: 4 Loss: 1.1063267160684636
03-13 16:38 INFO      ** Client: 2 Training complete **
03-13 16:38 INFO     Training network 3 n_training: 10000
03-13 16:38 INFO     Training network 3
03-13 16:38 INFO     n_training: 78
03-13 16:38 INFO     Client: 3 Epoch: 0 Loss: 1.825827623024965
03-13 16:38 INFO     Client: 3 Epoch: 1 Loss: 1.503991418924087
03-13 16:38 INFO     Client: 3 Epoch: 2 Loss: 1.3442279329666724
03-13 16:38 INFO     Client: 3 Epoch: 3 Loss: 1.2092991020434942
03-13 16:38 INFO     Client: 3 Epoch: 4 Loss: 1.0959840944180121
03-13 16:38 INFO      ** Client: 3 Training complete **
03-13 16:38 INFO     Training network 4 n_training: 10000
03-13 16:38 INFO     Training network 4
03-13 16:38 INFO     n_training: 78
03-13 16:38 INFO     Client: 4 Epoch: 0 Loss: 1.7985912439150689
03-13 16:38 INFO     Client: 4 Epoch: 1 Loss: 1.481934986053369
