11-08 18:25 INFO     cuda
11-08 18:25 INFO     Command Line Arguments: 
{
    "epochs": 5,
    "comm_round": 300,
    "sample_fraction": 1.0,
    "alpha": 0.01,
    "dataset": "tinyimagenet",
    "datadir": "../data/",
    "partition": "iid",
    "alg": "centralized",
    "model": "resnet-50",
    "split_layer": 1,
    "n_parties": 1,
    "lr": 0.001,
    "mu": 1,
    "std_coeff": 2.5,
    "unif_coeff": 0.5,
    "batch_size": 64,
    "load_first_net": 1,
    "pool_option": "FIFO",
    "model_buffer_size": 1,
    "optimizer": "adam",
    "simp_width": 1,
    "out_dim": 256,
    "reg": 0.0005,
    "temperature": 0.5,
    "logdir": "./",
    "log_file_name": "logs/experiment_log-alg=centralized_partition=iid_lr=0.001_epochs=5_num_users=1_beta=0.01_batch_size=64_opt=adam_dataset=tinyimagenet_2024-11-08-1825-36",
    "seed": 12,
    "device": "cuda:5",
    "accuracies_file": "logs/centralized.csv",
    "dont_skip": false,
    "n_train_workers": 1,
    "n_test_workers": 1,
    "arch": "mobilenet_v3_large",
    "multiprocessing": 0
}
11-08 18:25 INFO     Data statistics: {0: {0: 500, 1: 500, 2: 500, 3: 500, 4: 500, 5: 500, 6: 500, 7: 500, 8: 500, 9: 500, 10: 500, 11: 500, 12: 500, 13: 500, 14: 500, 15: 500, 16: 500, 17: 500, 18: 500, 19: 500, 20: 500, 21: 500, 22: 500, 23: 500, 24: 500, 25: 500, 26: 500, 27: 500, 28: 500, 29: 500, 30: 500, 31: 500, 32: 500, 33: 500, 34: 500, 35: 500, 36: 500, 37: 500, 38: 500, 39: 500, 40: 500, 41: 500, 42: 500, 43: 500, 44: 500, 45: 500, 46: 500, 47: 500, 48: 500, 49: 500, 50: 500, 51: 500, 52: 500, 53: 500, 54: 500, 55: 500, 56: 500, 57: 500, 58: 500, 59: 500, 60: 500, 61: 500, 62: 500, 63: 500, 64: 500, 65: 500, 66: 500, 67: 500, 68: 500, 69: 500, 70: 500, 71: 500, 72: 500, 73: 500, 74: 500, 75: 500, 76: 500, 77: 500, 78: 500, 79: 500, 80: 500, 81: 500, 82: 500, 83: 500, 84: 500, 85: 500, 86: 500, 87: 500, 88: 500, 89: 500, 90: 500, 91: 500, 92: 500, 93: 500, 94: 500, 95: 500, 96: 500, 97: 500, 98: 500, 99: 500, 100: 500, 101: 500, 102: 500, 103: 500, 104: 500, 105: 500, 106: 500, 107: 500, 108: 500, 109: 500, 110: 500, 111: 500, 112: 500, 113: 500, 114: 500, 115: 500, 116: 500, 117: 500, 118: 500, 119: 500, 120: 500, 121: 500, 122: 500, 123: 500, 124: 500, 125: 500, 126: 500, 127: 500, 128: 500, 129: 500, 130: 500, 131: 500, 132: 500, 133: 500, 134: 500, 135: 500, 136: 500, 137: 500, 138: 500, 139: 500, 140: 500, 141: 500, 142: 500, 143: 500, 144: 500, 145: 500, 146: 500, 147: 500, 148: 500, 149: 500, 150: 500, 151: 500, 152: 500, 153: 500, 154: 500, 155: 500, 156: 500, 157: 500, 158: 500, 159: 500, 160: 500, 161: 500, 162: 500, 163: 500, 164: 500, 165: 500, 166: 500, 167: 500, 168: 500, 169: 500, 170: 500, 171: 500, 172: 500, 173: 500, 174: 500, 175: 500, 176: 500, 177: 500, 178: 500, 179: 500, 180: 500, 181: 500, 182: 500, 183: 500, 184: 500, 185: 500, 186: 500, 187: 500, 188: 500, 189: 500, 190: 500, 191: 500, 192: 500, 193: 500, 194: 500, 195: 500, 196: 500, 197: 500, 198: 500, 199: 500}}
11-08 18:27 INFO     in comm round:1 >> Global Model Test accuracy: 0.0533
11-08 18:29 INFO     in comm round:2 >> Global Model Test accuracy: 0.0872
11-08 18:30 INFO     in comm round:3 >> Global Model Test accuracy: 0.1467
11-08 18:32 INFO     in comm round:4 >> Global Model Test accuracy: 0.1810
11-08 18:34 INFO     in comm round:5 >> Global Model Test accuracy: 0.2239
11-08 18:36 INFO     in comm round:6 >> Global Model Test accuracy: 0.2278
11-08 18:37 INFO     in comm round:7 >> Global Model Test accuracy: 0.2698
11-08 18:39 INFO     in comm round:8 >> Global Model Test accuracy: 0.2815
11-08 18:41 INFO     in comm round:9 >> Global Model Test accuracy: 0.2961
11-08 18:42 INFO     in comm round:10 >> Global Model Test accuracy: 0.3050
11-08 18:44 INFO     in comm round:11 >> Global Model Test accuracy: 0.3290
11-08 18:46 INFO     in comm round:12 >> Global Model Test accuracy: 0.3236
11-08 18:48 INFO     in comm round:13 >> Global Model Test accuracy: 0.3365
11-08 18:49 INFO     in comm round:14 >> Global Model Test accuracy: 0.3432
11-08 18:51 INFO     in comm round:15 >> Global Model Test accuracy: 0.3482
11-08 18:53 INFO     in comm round:16 >> Global Model Test accuracy: 0.3510
11-08 18:54 INFO     in comm round:17 >> Global Model Test accuracy: 0.3615
11-08 18:56 INFO     in comm round:18 >> Global Model Test accuracy: 0.3550
11-08 18:58 INFO     in comm round:19 >> Global Model Test accuracy: 0.3713
11-08 18:59 INFO     in comm round:20 >> Global Model Test accuracy: 0.3737
11-08 19:01 INFO     in comm round:21 >> Global Model Test accuracy: 0.3705
11-08 19:03 INFO     in comm round:22 >> Global Model Test accuracy: 0.3869
11-08 19:05 INFO     in comm round:23 >> Global Model Test accuracy: 0.3844
11-08 19:06 INFO     in comm round:24 >> Global Model Test accuracy: 0.3811
11-08 19:08 INFO     in comm round:25 >> Global Model Test accuracy: 0.3896
11-08 19:10 INFO     in comm round:26 >> Global Model Test accuracy: 0.3949
11-08 19:11 INFO     in comm round:27 >> Global Model Test accuracy: 0.3981
11-08 19:13 INFO     in comm round:28 >> Global Model Test accuracy: 0.3879
11-08 19:15 INFO     in comm round:29 >> Global Model Test accuracy: 0.4049
11-08 19:17 INFO     in comm round:30 >> Global Model Test accuracy: 0.3962
11-08 19:18 INFO     in comm round:31 >> Global Model Test accuracy: 0.3950
11-08 19:20 INFO     in comm round:32 >> Global Model Test accuracy: 0.4063
11-08 19:22 INFO     in comm round:33 >> Global Model Test accuracy: 0.4013
11-08 19:24 INFO     in comm round:34 >> Global Model Test accuracy: 0.4034
11-08 19:25 INFO     in comm round:35 >> Global Model Test accuracy: 0.3922
11-08 19:27 INFO     in comm round:36 >> Global Model Test accuracy: 0.4117
11-08 19:29 INFO     in comm round:37 >> Global Model Test accuracy: 0.4179
11-08 19:31 INFO     in comm round:38 >> Global Model Test accuracy: 0.4089
11-08 19:32 INFO     in comm round:39 >> Global Model Test accuracy: 0.4153
11-08 19:34 INFO     in comm round:40 >> Global Model Test accuracy: 0.4066
11-08 19:36 INFO     in comm round:41 >> Global Model Test accuracy: 0.4151
11-08 19:37 INFO     in comm round:42 >> Global Model Test accuracy: 0.4176
11-08 19:39 INFO     in comm round:43 >> Global Model Test accuracy: 0.4171
11-08 19:41 INFO     in comm round:44 >> Global Model Test accuracy: 0.4119
11-08 19:43 INFO     in comm round:45 >> Global Model Test accuracy: 0.4115
11-08 19:44 INFO     in comm round:46 >> Global Model Test accuracy: 0.4192
11-08 19:46 INFO     in comm round:47 >> Global Model Test accuracy: 0.4271
11-08 19:48 INFO     in comm round:48 >> Global Model Test accuracy: 0.4209
11-08 19:49 INFO     in comm round:49 >> Global Model Test accuracy: 0.4212
11-08 19:51 INFO     in comm round:50 >> Global Model Test accuracy: 0.4179
11-08 19:53 INFO     in comm round:51 >> Global Model Test accuracy: 0.4153
11-08 19:55 INFO     in comm round:52 >> Global Model Test accuracy: 0.4355
11-08 19:56 INFO     in comm round:53 >> Global Model Test accuracy: 0.4195
11-08 19:58 INFO     in comm round:54 >> Global Model Test accuracy: 0.4270
11-08 20:00 INFO     in comm round:55 >> Global Model Test accuracy: 0.4207
11-08 20:02 INFO     in comm round:56 >> Global Model Test accuracy: 0.4285
11-08 20:03 INFO     in comm round:57 >> Global Model Test accuracy: 0.4210
11-08 20:05 INFO     in comm round:58 >> Global Model Test accuracy: 0.4356
11-08 20:07 INFO     in comm round:59 >> Global Model Test accuracy: 0.4230
11-08 20:09 INFO     in comm round:60 >> Global Model Test accuracy: 0.4240
11-08 20:10 INFO     in comm round:61 >> Global Model Test accuracy: 0.4364
11-08 20:12 INFO     in comm round:62 >> Global Model Test accuracy: 0.4208
11-08 20:14 INFO     in comm round:63 >> Global Model Test accuracy: 0.4269
11-08 20:15 INFO     in comm round:64 >> Global Model Test accuracy: 0.4194
11-08 20:17 INFO     in comm round:65 >> Global Model Test accuracy: 0.4346
11-08 20:19 INFO     in comm round:66 >> Global Model Test accuracy: 0.4357
11-08 20:21 INFO     in comm round:67 >> Global Model Test accuracy: 0.4233
11-08 20:22 INFO     in comm round:68 >> Global Model Test accuracy: 0.4277
11-08 20:24 INFO     in comm round:69 >> Global Model Test accuracy: 0.4321
11-08 20:26 INFO     in comm round:70 >> Global Model Test accuracy: 0.4320
11-08 20:27 INFO     in comm round:71 >> Global Model Test accuracy: 0.4301
11-08 20:29 INFO     in comm round:72 >> Global Model Test accuracy: 0.4433
11-08 20:31 INFO     in comm round:73 >> Global Model Test accuracy: 0.4338
11-08 20:33 INFO     in comm round:74 >> Global Model Test accuracy: 0.4280
11-08 20:34 INFO     in comm round:75 >> Global Model Test accuracy: 0.4342
11-08 20:36 INFO     in comm round:76 >> Global Model Test accuracy: 0.4332
11-08 20:38 INFO     in comm round:77 >> Global Model Test accuracy: 0.4337
11-08 20:39 INFO     in comm round:78 >> Global Model Test accuracy: 0.4434
11-08 20:41 INFO     in comm round:79 >> Global Model Test accuracy: 0.4358
11-08 20:43 INFO     in comm round:80 >> Global Model Test accuracy: 0.4346
11-08 20:45 INFO     in comm round:81 >> Global Model Test accuracy: 0.4220
11-08 20:46 INFO     in comm round:82 >> Global Model Test accuracy: 0.4371
11-08 20:48 INFO     in comm round:83 >> Global Model Test accuracy: 0.4457
11-08 20:50 INFO     in comm round:84 >> Global Model Test accuracy: 0.4305
11-08 20:52 INFO     in comm round:85 >> Global Model Test accuracy: 0.4357
11-08 20:53 INFO     in comm round:86 >> Global Model Test accuracy: 0.4386
11-08 20:55 INFO     in comm round:87 >> Global Model Test accuracy: 0.4332
11-08 20:57 INFO     in comm round:88 >> Global Model Test accuracy: 0.4382
11-08 20:58 INFO     in comm round:89 >> Global Model Test accuracy: 0.4321
11-08 21:00 INFO     in comm round:90 >> Global Model Test accuracy: 0.4446
11-08 21:02 INFO     in comm round:91 >> Global Model Test accuracy: 0.4355
11-08 21:04 INFO     in comm round:92 >> Global Model Test accuracy: 0.4262
11-08 21:05 INFO     in comm round:93 >> Global Model Test accuracy: 0.4356
11-08 21:07 INFO     in comm round:94 >> Global Model Test accuracy: 0.4413
11-08 21:09 INFO     in comm round:95 >> Global Model Test accuracy: 0.4444
11-08 21:10 INFO     in comm round:96 >> Global Model Test accuracy: 0.4376
11-08 21:12 INFO     in comm round:97 >> Global Model Test accuracy: 0.4401
11-08 21:14 INFO     in comm round:98 >> Global Model Test accuracy: 0.4370
11-08 21:16 INFO     in comm round:99 >> Global Model Test accuracy: 0.4376
11-08 21:17 INFO     in comm round:100 >> Global Model Test accuracy: 0.4241
11-08 21:19 INFO     in comm round:101 >> Global Model Test accuracy: 0.4380
11-08 21:21 INFO     in comm round:102 >> Global Model Test accuracy: 0.4514
11-08 21:23 INFO     in comm round:103 >> Global Model Test accuracy: 0.4365
11-08 21:24 INFO     in comm round:104 >> Global Model Test accuracy: 0.4478
11-08 21:26 INFO     in comm round:105 >> Global Model Test accuracy: 0.4499
11-08 21:28 INFO     in comm round:106 >> Global Model Test accuracy: 0.4512
11-08 21:29 INFO     in comm round:107 >> Global Model Test accuracy: 0.4511
11-08 21:31 INFO     in comm round:108 >> Global Model Test accuracy: 0.4308
11-08 21:33 INFO     in comm round:109 >> Global Model Test accuracy: 0.4312
11-08 21:35 INFO     in comm round:110 >> Global Model Test accuracy: 0.4384
11-08 21:36 INFO     in comm round:111 >> Global Model Test accuracy: 0.4361
11-08 21:38 INFO     in comm round:112 >> Global Model Test accuracy: 0.4444
11-08 21:40 INFO     in comm round:113 >> Global Model Test accuracy: 0.4483
11-08 21:41 INFO     in comm round:114 >> Global Model Test accuracy: 0.4298
11-08 21:43 INFO     in comm round:115 >> Global Model Test accuracy: 0.4510
11-08 21:45 INFO     in comm round:116 >> Global Model Test accuracy: 0.4542
11-08 21:47 INFO     in comm round:117 >> Global Model Test accuracy: 0.4312
11-08 21:48 INFO     in comm round:118 >> Global Model Test accuracy: 0.4462
11-08 21:50 INFO     in comm round:119 >> Global Model Test accuracy: 0.4436
11-08 21:52 INFO     in comm round:120 >> Global Model Test accuracy: 0.4388
11-08 21:53 INFO     in comm round:121 >> Global Model Test accuracy: 0.4553
11-08 21:55 INFO     in comm round:122 >> Global Model Test accuracy: 0.4346
11-08 21:57 INFO     in comm round:123 >> Global Model Test accuracy: 0.4289
11-08 21:59 INFO     in comm round:124 >> Global Model Test accuracy: 0.4361
11-08 22:00 INFO     in comm round:125 >> Global Model Test accuracy: 0.4581
11-08 22:02 INFO     in comm round:126 >> Global Model Test accuracy: 0.4427
11-08 22:04 INFO     in comm round:127 >> Global Model Test accuracy: 0.4452
11-08 22:05 INFO     in comm round:128 >> Global Model Test accuracy: 0.4415
11-08 22:07 INFO     in comm round:129 >> Global Model Test accuracy: 0.4488
11-08 22:09 INFO     in comm round:130 >> Global Model Test accuracy: 0.4309
11-08 22:11 INFO     in comm round:131 >> Global Model Test accuracy: 0.4391
11-08 22:12 INFO     in comm round:132 >> Global Model Test accuracy: 0.4475
11-08 22:14 INFO     in comm round:133 >> Global Model Test accuracy: 0.4500
11-08 22:16 INFO     in comm round:134 >> Global Model Test accuracy: 0.4455
11-08 22:17 INFO     in comm round:135 >> Global Model Test accuracy: 0.4577
11-08 22:19 INFO     in comm round:136 >> Global Model Test accuracy: 0.4485
11-08 22:21 INFO     in comm round:137 >> Global Model Test accuracy: 0.4501
11-08 22:23 INFO     in comm round:138 >> Global Model Test accuracy: 0.4337
11-08 22:24 INFO     in comm round:139 >> Global Model Test accuracy: 0.4554
11-08 22:26 INFO     in comm round:140 >> Global Model Test accuracy: 0.4505
11-08 22:28 INFO     in comm round:141 >> Global Model Test accuracy: 0.4466
11-08 22:29 INFO     in comm round:142 >> Global Model Test accuracy: 0.4389
11-08 22:31 INFO     in comm round:143 >> Global Model Test accuracy: 0.4352
11-08 22:33 INFO     in comm round:144 >> Global Model Test accuracy: 0.4359
11-08 22:35 INFO     in comm round:145 >> Global Model Test accuracy: 0.4509
11-08 22:36 INFO     in comm round:146 >> Global Model Test accuracy: 0.4535
11-08 22:38 INFO     in comm round:147 >> Global Model Test accuracy: 0.4592
11-08 22:40 INFO     in comm round:148 >> Global Model Test accuracy: 0.4561
11-08 22:41 INFO     in comm round:149 >> Global Model Test accuracy: 0.4520
11-08 22:43 INFO     in comm round:150 >> Global Model Test accuracy: 0.4564
11-08 22:45 INFO     in comm round:151 >> Global Model Test accuracy: 0.4453
11-08 22:47 INFO     in comm round:152 >> Global Model Test accuracy: 0.4569
11-08 22:48 INFO     in comm round:153 >> Global Model Test accuracy: 0.4464
11-08 22:50 INFO     in comm round:154 >> Global Model Test accuracy: 0.4435
11-08 22:52 INFO     in comm round:155 >> Global Model Test accuracy: 0.4565
11-08 22:53 INFO     in comm round:156 >> Global Model Test accuracy: 0.4493
11-08 22:55 INFO     in comm round:157 >> Global Model Test accuracy: 0.4509
11-08 22:57 INFO     in comm round:158 >> Global Model Test accuracy: 0.4385
11-08 22:59 INFO     in comm round:159 >> Global Model Test accuracy: 0.4499
11-08 23:00 INFO     in comm round:160 >> Global Model Test accuracy: 0.4582
11-08 23:02 INFO     in comm round:161 >> Global Model Test accuracy: 0.4532
11-08 23:04 INFO     in comm round:162 >> Global Model Test accuracy: 0.4544
11-08 23:05 INFO     in comm round:163 >> Global Model Test accuracy: 0.4410
11-08 23:07 INFO     in comm round:164 >> Global Model Test accuracy: 0.4553
11-08 23:09 INFO     in comm round:165 >> Global Model Test accuracy: 0.4594
11-08 23:10 INFO     in comm round:166 >> Global Model Test accuracy: 0.4496
11-08 23:12 INFO     in comm round:167 >> Global Model Test accuracy: 0.4528
11-08 23:14 INFO     in comm round:168 >> Global Model Test accuracy: 0.4494
11-08 23:16 INFO     in comm round:169 >> Global Model Test accuracy: 0.4568
11-08 23:17 INFO     in comm round:170 >> Global Model Test accuracy: 0.4457
11-08 23:19 INFO     in comm round:171 >> Global Model Test accuracy: 0.4456
11-08 23:21 INFO     in comm round:172 >> Global Model Test accuracy: 0.4393
11-08 23:23 INFO     in comm round:173 >> Global Model Test accuracy: 0.4480
11-08 23:24 INFO     in comm round:174 >> Global Model Test accuracy: 0.4353
11-08 23:26 INFO     in comm round:175 >> Global Model Test accuracy: 0.4485
11-08 23:28 INFO     in comm round:176 >> Global Model Test accuracy: 0.4502
11-08 23:29 INFO     in comm round:177 >> Global Model Test accuracy: 0.4501
11-08 23:31 INFO     in comm round:178 >> Global Model Test accuracy: 0.4474
11-08 23:33 INFO     in comm round:179 >> Global Model Test accuracy: 0.4532
11-08 23:34 INFO     in comm round:180 >> Global Model Test accuracy: 0.4584
11-08 23:36 INFO     in comm round:181 >> Global Model Test accuracy: 0.4410
11-08 23:38 INFO     in comm round:182 >> Global Model Test accuracy: 0.4479
11-08 23:40 INFO     in comm round:183 >> Global Model Test accuracy: 0.4343
11-08 23:41 INFO     in comm round:184 >> Global Model Test accuracy: 0.4299
11-08 23:43 INFO     in comm round:185 >> Global Model Test accuracy: 0.4495
11-08 23:45 INFO     in comm round:186 >> Global Model Test accuracy: 0.4450
11-08 23:46 INFO     in comm round:187 >> Global Model Test accuracy: 0.4528
11-08 23:48 INFO     in comm round:188 >> Global Model Test accuracy: 0.4491
11-08 23:50 INFO     in comm round:189 >> Global Model Test accuracy: 0.4500
11-08 23:52 INFO     in comm round:190 >> Global Model Test accuracy: 0.4578
11-08 23:53 INFO     in comm round:191 >> Global Model Test accuracy: 0.4605
11-08 23:55 INFO     in comm round:192 >> Global Model Test accuracy: 0.4616
11-08 23:57 INFO     in comm round:193 >> Global Model Test accuracy: 0.4487
11-08 23:58 INFO     in comm round:194 >> Global Model Test accuracy: 0.4414
11-09 00:00 INFO     in comm round:195 >> Global Model Test accuracy: 0.4457
11-09 00:02 INFO     in comm round:196 >> Global Model Test accuracy: 0.4554
11-09 00:04 INFO     in comm round:197 >> Global Model Test accuracy: 0.4586
11-09 00:05 INFO     in comm round:198 >> Global Model Test accuracy: 0.4535
11-09 00:07 INFO     in comm round:199 >> Global Model Test accuracy: 0.4605
11-09 00:09 INFO     in comm round:200 >> Global Model Test accuracy: 0.4452
11-09 00:11 INFO     in comm round:201 >> Global Model Test accuracy: 0.4391
11-09 00:12 INFO     in comm round:202 >> Global Model Test accuracy: 0.4480
11-09 00:14 INFO     in comm round:203 >> Global Model Test accuracy: 0.4414
11-09 00:16 INFO     in comm round:204 >> Global Model Test accuracy: 0.4528
11-09 00:17 INFO     in comm round:205 >> Global Model Test accuracy: 0.4590
11-09 00:19 INFO     in comm round:206 >> Global Model Test accuracy: 0.4618
11-09 00:21 INFO     in comm round:207 >> Global Model Test accuracy: 0.4545
11-09 00:23 INFO     in comm round:208 >> Global Model Test accuracy: 0.4426
11-09 00:24 INFO     in comm round:209 >> Global Model Test accuracy: 0.4649
11-09 00:26 INFO     in comm round:210 >> Global Model Test accuracy: 0.4673
11-09 00:28 INFO     in comm round:211 >> Global Model Test accuracy: 0.4434
11-09 00:29 INFO     in comm round:212 >> Global Model Test accuracy: 0.4574
11-09 00:31 INFO     in comm round:213 >> Global Model Test accuracy: 0.4396
11-09 00:33 INFO     in comm round:214 >> Global Model Test accuracy: 0.4514
11-09 00:35 INFO     in comm round:215 >> Global Model Test accuracy: 0.4354
11-09 00:36 INFO     in comm round:216 >> Global Model Test accuracy: 0.4603
11-09 00:38 INFO     in comm round:217 >> Global Model Test accuracy: 0.4486
11-09 00:40 INFO     in comm round:218 >> Global Model Test accuracy: 0.4539
11-09 00:41 INFO     in comm round:219 >> Global Model Test accuracy: 0.4551
11-09 00:43 INFO     in comm round:220 >> Global Model Test accuracy: 0.4507
11-09 00:45 INFO     in comm round:221 >> Global Model Test accuracy: 0.4503
11-09 00:47 INFO     in comm round:222 >> Global Model Test accuracy: 0.4516
11-09 00:48 INFO     in comm round:223 >> Global Model Test accuracy: 0.4349
11-09 00:50 INFO     in comm round:224 >> Global Model Test accuracy: 0.4568
11-09 00:52 INFO     in comm round:225 >> Global Model Test accuracy: 0.4642
11-09 00:53 INFO     in comm round:226 >> Global Model Test accuracy: 0.4532
11-09 00:55 INFO     in comm round:227 >> Global Model Test accuracy: 0.4445
11-09 00:57 INFO     in comm round:228 >> Global Model Test accuracy: 0.4512
11-09 00:59 INFO     in comm round:229 >> Global Model Test accuracy: 0.4451
11-09 01:00 INFO     in comm round:230 >> Global Model Test accuracy: 0.4537
11-09 01:02 INFO     in comm round:231 >> Global Model Test accuracy: 0.4662
11-09 01:04 INFO     in comm round:232 >> Global Model Test accuracy: 0.4552
11-09 01:06 INFO     in comm round:233 >> Global Model Test accuracy: 0.4518
11-09 01:07 INFO     in comm round:234 >> Global Model Test accuracy: 0.4581
11-09 01:09 INFO     in comm round:235 >> Global Model Test accuracy: 0.4556
11-09 01:11 INFO     in comm round:236 >> Global Model Test accuracy: 0.4527
11-09 01:12 INFO     in comm round:237 >> Global Model Test accuracy: 0.4485
11-09 01:14 INFO     in comm round:238 >> Global Model Test accuracy: 0.4516
11-09 01:16 INFO     in comm round:239 >> Global Model Test accuracy: 0.4529
11-09 01:18 INFO     in comm round:240 >> Global Model Test accuracy: 0.4444
11-09 01:19 INFO     in comm round:241 >> Global Model Test accuracy: 0.4448
11-09 01:21 INFO     in comm round:242 >> Global Model Test accuracy: 0.4554
11-09 01:23 INFO     in comm round:243 >> Global Model Test accuracy: 0.4435
11-09 01:25 INFO     in comm round:244 >> Global Model Test accuracy: 0.4511
11-09 01:26 INFO     in comm round:245 >> Global Model Test accuracy: 0.4478
11-09 01:28 INFO     in comm round:246 >> Global Model Test accuracy: 0.4488
11-09 01:30 INFO     in comm round:247 >> Global Model Test accuracy: 0.4510
11-09 01:31 INFO     in comm round:248 >> Global Model Test accuracy: 0.4345
11-09 01:33 INFO     in comm round:249 >> Global Model Test accuracy: 0.4543
11-09 01:35 INFO     in comm round:250 >> Global Model Test accuracy: 0.4525
11-09 01:37 INFO     in comm round:251 >> Global Model Test accuracy: 0.4601
11-09 01:38 INFO     in comm round:252 >> Global Model Test accuracy: 0.4468
11-09 01:40 INFO     in comm round:253 >> Global Model Test accuracy: 0.4468
11-09 01:42 INFO     in comm round:254 >> Global Model Test accuracy: 0.4481
11-09 01:44 INFO     in comm round:255 >> Global Model Test accuracy: 0.4287
11-09 01:45 INFO     in comm round:256 >> Global Model Test accuracy: 0.4493
11-09 01:47 INFO     in comm round:257 >> Global Model Test accuracy: 0.4521
11-09 01:49 INFO     in comm round:258 >> Global Model Test accuracy: 0.4460
11-09 01:50 INFO     in comm round:259 >> Global Model Test accuracy: 0.4500
11-09 01:52 INFO     in comm round:260 >> Global Model Test accuracy: 0.4568
11-09 01:54 INFO     in comm round:261 >> Global Model Test accuracy: 0.4525
11-09 01:56 INFO     in comm round:262 >> Global Model Test accuracy: 0.4573
11-09 01:57 INFO     in comm round:263 >> Global Model Test accuracy: 0.4604
11-09 01:59 INFO     in comm round:264 >> Global Model Test accuracy: 0.4514
11-09 02:01 INFO     in comm round:265 >> Global Model Test accuracy: 0.4600
11-09 02:03 INFO     in comm round:266 >> Global Model Test accuracy: 0.4513
11-09 02:04 INFO     in comm round:267 >> Global Model Test accuracy: 0.4610
11-09 02:06 INFO     in comm round:268 >> Global Model Test accuracy: 0.4643
11-09 02:08 INFO     in comm round:269 >> Global Model Test accuracy: 0.4548
11-09 02:09 INFO     in comm round:270 >> Global Model Test accuracy: 0.4531
11-09 02:11 INFO     in comm round:271 >> Global Model Test accuracy: 0.4518
11-09 02:13 INFO     in comm round:272 >> Global Model Test accuracy: 0.4542
11-09 02:15 INFO     in comm round:273 >> Global Model Test accuracy: 0.4533
11-09 02:16 INFO     in comm round:274 >> Global Model Test accuracy: 0.4560
11-09 02:18 INFO     in comm round:275 >> Global Model Test accuracy: 0.4559
11-09 02:20 INFO     in comm round:276 >> Global Model Test accuracy: 0.4533
11-09 02:22 INFO     in comm round:277 >> Global Model Test accuracy: 0.4610
11-09 02:23 INFO     in comm round:278 >> Global Model Test accuracy: 0.4393
11-09 02:25 INFO     in comm round:279 >> Global Model Test accuracy: 0.4546
11-09 02:27 INFO     in comm round:280 >> Global Model Test accuracy: 0.4620
11-09 02:28 INFO     in comm round:281 >> Global Model Test accuracy: 0.4565
11-09 02:30 INFO     in comm round:282 >> Global Model Test accuracy: 0.4489
11-09 02:32 INFO     in comm round:283 >> Global Model Test accuracy: 0.4616
11-09 02:34 INFO     in comm round:284 >> Global Model Test accuracy: 0.4505
11-09 02:35 INFO     in comm round:285 >> Global Model Test accuracy: 0.4629
11-09 02:37 INFO     in comm round:286 >> Global Model Test accuracy: 0.4491
11-09 02:39 INFO     in comm round:287 >> Global Model Test accuracy: 0.4626
11-09 02:41 INFO     in comm round:288 >> Global Model Test accuracy: 0.4642
11-09 02:42 INFO     in comm round:289 >> Global Model Test accuracy: 0.4345
11-09 02:44 INFO     in comm round:290 >> Global Model Test accuracy: 0.4512
11-09 02:46 INFO     in comm round:291 >> Global Model Test accuracy: 0.4564
11-09 02:48 INFO     in comm round:292 >> Global Model Test accuracy: 0.4630
11-09 02:49 INFO     in comm round:293 >> Global Model Test accuracy: 0.4587
11-09 02:51 INFO     in comm round:294 >> Global Model Test accuracy: 0.4649
11-09 02:53 INFO     in comm round:295 >> Global Model Test accuracy: 0.4545
11-09 02:54 INFO     in comm round:296 >> Global Model Test accuracy: 0.4563
11-09 02:56 INFO     in comm round:297 >> Global Model Test accuracy: 0.4560
11-09 02:58 INFO     in comm round:298 >> Global Model Test accuracy: 0.4494
11-09 03:00 INFO     in comm round:299 >> Global Model Test accuracy: 0.4468
11-09 03:01 INFO     in comm round:300 >> Global Model Test accuracy: 0.4400
11-09 03:01 INFO     Starting Fine Tuning...
