03-17 16:16 INFO     cuda:1
03-17 16:16 INFO     Command Line Arguments: 
{
    "epochs": 5,
    "comm_round": 50,
    "sample_fraction": 1.0,
    "alpha": 1.0,
    "dataset": "cifar10",
    "datadir": "../data/",
    "partition": "subsample",
    "alg": "sflv2",
    "model": "resnet-18",
    "n_parties": 2,
    "lr": 0.01,
    "mu": 1,
    "std_coeff": 2.5,
    "unif_coeff": 0.5,
    "batch_size": 128,
    "load_first_net": 1,
    "pool_option": "FIFO",
    "model_buffer_size": 1,
    "optimizer": "sgd",
    "simp_width": 1,
    "out_dim": 256,
    "reg": 0.0005,
    "temperature": 0.5,
    "logdir": "./",
    "log_file_name": "logs/experiment_log-alg=sflv2_partition=subsample_lr=0.01_epochs=5_num_users=2_beta=1.0_batch_size=128_opt=sgd_dataset=cifar10_2024-03-17-1616-16",
    "seed": 123,
    "device": "cuda:1"
}
03-17 16:16 INFO     Data statistics: {0: {0: 855, 1: 30, 2: 943, 3: 393, 4: 598, 5: 299, 6: 231, 7: 486, 8: 95, 9: 1070}, 1: {0: 273, 1: 1533, 2: 87, 3: 910, 4: 569, 5: 1147, 6: 1247, 7: 811, 8: 1423}}
03-17 16:16 INFO     in comm round:0
03-17 16:16 INFO     Training network 0 n_training: 5000
03-17 16:16 INFO     Training network 0
03-17 16:16 INFO     n_training: 39
03-17 16:16 INFO     Client: 0 Epoch: 0 Loss: 1.7964588801066081
03-17 16:16 INFO     Client: 0 Epoch: 1 Loss: 1.4973696898191402
03-17 16:16 INFO     Client: 0 Epoch: 2 Loss: 1.4033837226720958
03-17 16:16 INFO     Client: 0 Epoch: 3 Loss: 1.2880855890420766
03-17 16:16 INFO     Client: 0 Epoch: 4 Loss: 1.2175194300138032
03-17 16:16 INFO      ** Client: 0 Training complete **
03-17 16:16 INFO     Training network 1 n_training: 8000
03-17 16:16 INFO     Training network 1
03-17 16:16 INFO     n_training: 62
03-17 16:16 INFO     Client: 1 Epoch: 0 Loss: 1.6895602922285757
03-17 16:16 INFO     Client: 1 Epoch: 1 Loss: 1.2172694561942932
03-17 16:16 INFO     Client: 1 Epoch: 2 Loss: 1.0981972919356437
03-17 16:16 INFO     Client: 1 Epoch: 3 Loss: 1.0029849515807243
03-17 16:16 INFO     Client: 1 Epoch: 4 Loss: 0.903754441007491
03-17 16:16 INFO      ** Client: 1 Training complete **
03-17 16:16 INFO     global n_training: 390
03-17 16:16 INFO     global n_test: 79
03-17 16:16 INFO     >> Global Model Train accuracy: 0.2835, Train accuracy top-5: 0.8074
03-17 16:16 INFO     >> Global Model Test accuracy: 0.3309, Test accuracy top-5: 0.8230
03-17 16:16 INFO     >> Global Model Train loss: 2.7964
03-17 16:16 INFO     in comm round:1
03-17 16:16 INFO     Training network 0 n_training: 5000
03-17 16:16 INFO     Training network 0
03-17 16:16 INFO     n_training: 39
03-17 16:16 INFO     Client: 0 Epoch: 0 Loss: 1.7405125819719756
03-17 16:17 INFO     Client: 0 Epoch: 1 Loss: 1.1646762536122248
03-17 16:17 INFO     Client: 0 Epoch: 2 Loss: 1.087527898641733
03-17 16:17 INFO     Client: 0 Epoch: 3 Loss: 1.0128295941230578
03-17 16:17 INFO     Client: 0 Epoch: 4 Loss: 0.958293216350751
03-17 16:17 INFO      ** Client: 0 Training complete **
03-17 16:17 INFO     Training network 1 n_training: 8000
03-17 16:17 INFO     Training network 1
03-17 16:17 INFO     n_training: 62
03-17 16:17 INFO     Client: 1 Epoch: 0 Loss: 1.0927354385775905
03-17 16:17 INFO     Client: 1 Epoch: 1 Loss: 0.896840811737122
03-17 16:17 INFO     Client: 1 Epoch: 2 Loss: 0.8160400611739005
03-17 16:17 INFO     Client: 1 Epoch: 3 Loss: 0.7503328909797053
03-17 16:17 INFO     Client: 1 Epoch: 4 Loss: 0.6955705804209555
03-17 16:17 INFO      ** Client: 1 Training complete **
03-17 16:17 INFO     global n_training: 390
03-17 16:17 INFO     global n_test: 79
03-17 16:17 INFO     >> Global Model Train accuracy: 0.4855, Train accuracy top-5: 0.8425
03-17 16:17 INFO     >> Global Model Test accuracy: 0.4761, Test accuracy top-5: 0.8469
03-17 16:17 INFO     >> Global Model Train loss: 2.5243
03-17 16:17 INFO     in comm round:2
03-17 16:17 INFO     Training network 0 n_training: 5000
03-17 16:17 INFO     Training network 0
03-17 16:17 INFO     n_training: 39
03-17 16:17 INFO     Client: 0 Epoch: 0 Loss: 1.4944100517493029
03-17 16:17 INFO     Client: 0 Epoch: 1 Loss: 0.9400851604266044
03-17 16:17 INFO     Client: 0 Epoch: 2 Loss: 0.8674294581780067
03-17 16:17 INFO     Client: 0 Epoch: 3 Loss: 0.7996521454591018
03-17 16:17 INFO     Client: 0 Epoch: 4 Loss: 0.7834824782151443
03-17 16:17 INFO      ** Client: 0 Training complete **
03-17 16:17 INFO     Training network 1 n_training: 8000
03-17 16:17 INFO     Training network 1
03-17 16:17 INFO     n_training: 62
03-17 16:17 INFO     Client: 1 Epoch: 0 Loss: 0.845584854964287
03-17 16:17 INFO     Client: 1 Epoch: 1 Loss: 0.6888435982888744
03-17 16:17 INFO     Client: 1 Epoch: 2 Loss: 0.6269425793040183
03-17 16:17 INFO     Client: 1 Epoch: 3 Loss: 0.5807755829826478
03-17 16:17 INFO     Client: 1 Epoch: 4 Loss: 0.550731185463167
03-17 16:17 INFO      ** Client: 1 Training complete **
03-17 16:17 INFO     global n_training: 390
03-17 16:17 INFO     global n_test: 79
03-17 16:18 INFO     >> Global Model Train accuracy: 0.5899, Train accuracy top-5: 0.9139
03-17 16:18 INFO     >> Global Model Test accuracy: 0.5869, Test accuracy top-5: 0.9195
03-17 16:18 INFO     >> Global Model Train loss: 1.4829
03-17 16:18 INFO     in comm round:3
03-17 16:18 INFO     Training network 0 n_training: 5000
03-17 16:18 INFO     Training network 0
03-17 16:18 INFO     n_training: 39
03-17 16:18 INFO     Client: 0 Epoch: 0 Loss: 1.005764942902785
03-17 16:18 INFO     Client: 0 Epoch: 1 Loss: 0.7411117110496912
03-17 16:18 INFO     Client: 0 Epoch: 2 Loss: 0.6679934247946128
03-17 16:18 INFO     Client: 0 Epoch: 3 Loss: 0.62193541878309
03-17 16:18 INFO     Client: 0 Epoch: 4 Loss: 0.6030122286234146
03-17 16:18 INFO      ** Client: 0 Training complete **
03-17 16:18 INFO     Training network 1 n_training: 8000
03-17 16:18 INFO     Training network 1
03-17 16:18 INFO     n_training: 62
03-17 16:18 INFO     Client: 1 Epoch: 0 Loss: 0.6654593108161804
03-17 16:18 INFO     Client: 1 Epoch: 1 Loss: 0.5691681004339649
03-17 16:18 INFO     Client: 1 Epoch: 2 Loss: 0.5047221472186427
03-17 16:18 INFO     Client: 1 Epoch: 3 Loss: 0.47949240236513074
03-17 16:18 INFO     Client: 1 Epoch: 4 Loss: 0.45385646916204886
03-17 16:18 INFO      ** Client: 1 Training complete **
03-17 16:18 INFO     global n_training: 390
03-17 16:18 INFO     global n_test: 79
03-17 16:18 INFO     >> Global Model Train accuracy: 0.6411, Train accuracy top-5: 0.9125
03-17 16:18 INFO     >> Global Model Test accuracy: 0.6324, Test accuracy top-5: 0.9098
03-17 16:18 INFO     >> Global Model Train loss: 1.5466
03-17 16:18 INFO     in comm round:4
03-17 16:18 INFO     Training network 0 n_training: 5000
03-17 16:18 INFO     Training network 0
03-17 16:18 INFO     n_training: 39
03-17 16:18 INFO     Client: 0 Epoch: 0 Loss: 0.9026811978755853
03-17 16:18 INFO     Client: 0 Epoch: 1 Loss: 0.617264924905239
03-17 16:18 INFO     Client: 0 Epoch: 2 Loss: 0.5353548549688779
03-17 16:18 INFO     Client: 0 Epoch: 3 Loss: 0.5276960134506226
03-17 16:18 INFO     Client: 0 Epoch: 4 Loss: 0.4574510967120146
03-17 16:18 INFO      ** Client: 0 Training complete **
03-17 16:18 INFO     Training network 1 n_training: 8000
03-17 16:18 INFO     Training network 1
03-17 16:18 INFO     n_training: 62
03-17 16:18 INFO     Client: 1 Epoch: 0 Loss: 0.5537143325613391
03-17 16:18 INFO     Client: 1 Epoch: 1 Loss: 0.4550529502091869
03-17 16:19 INFO     Client: 1 Epoch: 2 Loss: 0.40540995328657087
03-17 16:19 INFO     Client: 1 Epoch: 3 Loss: 0.39065554834181265
03-17 16:19 INFO     Client: 1 Epoch: 4 Loss: 0.3679323621815251
03-17 16:19 INFO      ** Client: 1 Training complete **
03-17 16:19 INFO     global n_training: 390
03-17 16:19 INFO     global n_test: 79
03-17 16:19 INFO     >> Global Model Train accuracy: 0.6773, Train accuracy top-5: 0.9511
03-17 16:19 INFO     >> Global Model Test accuracy: 0.6683, Test accuracy top-5: 0.9559
03-17 16:19 INFO     >> Global Model Train loss: 1.0910
03-17 16:19 INFO     in comm round:5
03-17 16:19 INFO     Training network 0 n_training: 5000
03-17 16:19 INFO     Training network 0
03-17 16:19 INFO     n_training: 39
03-17 16:19 INFO     Client: 0 Epoch: 0 Loss: 0.6851910245724213
03-17 16:19 INFO     Client: 0 Epoch: 1 Loss: 0.4836262678488707
03-17 16:19 INFO     Client: 0 Epoch: 2 Loss: 0.4395778156243838
03-17 16:19 INFO     Client: 0 Epoch: 3 Loss: 0.39312472480994004
03-17 16:19 INFO     Client: 0 Epoch: 4 Loss: 0.3954850488748306
03-17 16:19 INFO      ** Client: 0 Training complete **
03-17 16:19 INFO     Training network 1 n_training: 8000
03-17 16:19 INFO     Training network 1
03-17 16:19 INFO     n_training: 62
03-17 16:19 INFO     Client: 1 Epoch: 0 Loss: 0.4711065181801396
03-17 16:19 INFO     Client: 1 Epoch: 1 Loss: 0.37385634477100066
03-17 16:19 INFO     Client: 1 Epoch: 2 Loss: 0.36045862325737554
03-17 16:19 INFO     Client: 1 Epoch: 3 Loss: 0.32151778162487094
03-17 16:19 INFO     Client: 1 Epoch: 4 Loss: 0.3102491084606417
03-17 16:19 INFO      ** Client: 1 Training complete **
03-17 16:19 INFO     global n_training: 390
03-17 16:19 INFO     global n_test: 79
03-17 16:19 INFO     >> Global Model Train accuracy: 0.6773, Train accuracy top-5: 0.9437
03-17 16:19 INFO     >> Global Model Test accuracy: 0.6641, Test accuracy top-5: 0.9449
03-17 16:19 INFO     >> Global Model Train loss: 1.4794
03-17 16:19 INFO     in comm round:6
03-17 16:19 INFO     Training network 0 n_training: 5000
03-17 16:19 INFO     Training network 0
03-17 16:19 INFO     n_training: 39
03-17 16:19 INFO     Client: 0 Epoch: 0 Loss: 0.7537096746456928
03-17 16:19 INFO     Client: 0 Epoch: 1 Loss: 0.45196218750415706
03-17 16:19 INFO     Client: 0 Epoch: 2 Loss: 0.368344104442841
03-17 16:19 INFO     Client: 0 Epoch: 3 Loss: 0.33643682835957944
03-17 16:20 INFO     Client: 0 Epoch: 4 Loss: 0.31620592299180156
03-17 16:20 INFO      ** Client: 0 Training complete **
03-17 16:20 INFO     Training network 1 n_training: 8000
03-17 16:20 INFO     Training network 1
03-17 16:20 INFO     n_training: 62
03-17 16:20 INFO     Client: 1 Epoch: 0 Loss: 0.3954142548384205
03-17 16:20 INFO     Client: 1 Epoch: 1 Loss: 0.3147405152839999
03-17 16:20 INFO     Client: 1 Epoch: 2 Loss: 0.2808796736982561
03-17 16:20 INFO     Client: 1 Epoch: 3 Loss: 0.27598845057429805
03-17 16:20 INFO     Client: 1 Epoch: 4 Loss: 0.25539587630379584
03-17 16:20 INFO      ** Client: 1 Training complete **
03-17 16:20 INFO     global n_training: 390
03-17 16:20 INFO     global n_test: 79
03-17 16:20 INFO     >> Global Model Train accuracy: 0.7288, Train accuracy top-5: 0.9763
03-17 16:20 INFO     >> Global Model Test accuracy: 0.7146, Test accuracy top-5: 0.9772
03-17 16:20 INFO     >> Global Model Train loss: 0.9372
03-17 16:20 INFO     in comm round:7
03-17 16:20 INFO     Training network 0 n_training: 5000
03-17 16:20 INFO     Training network 0
03-17 16:20 INFO     n_training: 39
03-17 16:20 INFO     Client: 0 Epoch: 0 Loss: 0.49352260124989045
03-17 16:20 INFO     Client: 0 Epoch: 1 Loss: 0.3218116481334735
03-17 16:20 INFO     Client: 0 Epoch: 2 Loss: 0.318362411398154
03-17 16:20 INFO     Client: 0 Epoch: 3 Loss: 0.2793678545799011
03-17 16:20 INFO     Client: 0 Epoch: 4 Loss: 0.22904253139709815
03-17 16:20 INFO      ** Client: 0 Training complete **
03-17 16:20 INFO     Training network 1 n_training: 8000
03-17 16:20 INFO     Training network 1
03-17 16:20 INFO     n_training: 62
03-17 16:20 INFO     Client: 1 Epoch: 0 Loss: 0.3814044474594055
03-17 16:20 INFO     Client: 1 Epoch: 1 Loss: 0.2713369866532664
03-17 16:20 INFO     Client: 1 Epoch: 2 Loss: 0.23524494060585577
03-17 16:20 INFO     Client: 1 Epoch: 3 Loss: 0.2379246155821508
03-17 16:20 INFO     Client: 1 Epoch: 4 Loss: 0.2206646818066797
03-17 16:20 INFO      ** Client: 1 Training complete **
03-17 16:20 INFO     global n_training: 390
03-17 16:20 INFO     global n_test: 79
03-17 16:20 INFO     >> Global Model Train accuracy: 0.7061, Train accuracy top-5: 0.9655
03-17 16:20 INFO     >> Global Model Test accuracy: 0.6915, Test accuracy top-5: 0.9693
03-17 16:20 INFO     >> Global Model Train loss: 1.1699
03-17 16:20 INFO     in comm round:8
03-17 16:20 INFO     Training network 0 n_training: 5000
03-17 16:20 INFO     Training network 0
03-17 16:20 INFO     n_training: 39
03-17 16:21 INFO     Client: 0 Epoch: 0 Loss: 0.5107818738772318
03-17 16:21 INFO     Client: 0 Epoch: 1 Loss: 0.2998259182159717
03-17 16:21 INFO     Client: 0 Epoch: 2 Loss: 0.24234929298743224
03-17 16:21 INFO     Client: 0 Epoch: 3 Loss: 0.2109493063046382
03-17 16:21 INFO     Client: 0 Epoch: 4 Loss: 0.19559286343745697
03-17 16:21 INFO      ** Client: 0 Training complete **
03-17 16:21 INFO     Training network 1 n_training: 8000
03-17 16:21 INFO     Training network 1
03-17 16:21 INFO     n_training: 62
03-17 16:21 INFO     Client: 1 Epoch: 0 Loss: 0.2823858422137076
03-17 16:21 INFO     Client: 1 Epoch: 1 Loss: 0.21485060837961012
03-17 16:21 INFO     Client: 1 Epoch: 2 Loss: 0.21591969939970201
03-17 16:21 INFO     Client: 1 Epoch: 3 Loss: 0.1939730405086471
03-17 16:21 INFO     Client: 1 Epoch: 4 Loss: 0.17760647046229533
03-17 16:21 INFO      ** Client: 1 Training complete **
03-17 16:21 INFO     global n_training: 390
03-17 16:21 INFO     global n_test: 79
03-17 16:21 INFO     >> Global Model Train accuracy: 0.7683, Train accuracy top-5: 0.9856
03-17 16:21 INFO     >> Global Model Test accuracy: 0.7547, Test accuracy top-5: 0.9879
03-17 16:21 INFO     >> Global Model Train loss: 0.7697
03-17 16:21 INFO     in comm round:9
03-17 16:21 INFO     Training network 0 n_training: 5000
03-17 16:21 INFO     Training network 0
03-17 16:21 INFO     n_training: 39
03-17 16:21 INFO     Client: 0 Epoch: 0 Loss: 0.34887848259546816
03-17 16:21 INFO     Client: 0 Epoch: 1 Loss: 0.276039108251914
03-17 16:21 INFO     Client: 0 Epoch: 2 Loss: 0.21567230155834785
03-17 16:21 INFO     Client: 0 Epoch: 3 Loss: 0.18407608091067046
03-17 16:21 INFO     Client: 0 Epoch: 4 Loss: 0.17499580826514807
03-17 16:21 INFO      ** Client: 0 Training complete **
03-17 16:21 INFO     Training network 1 n_training: 8000
03-17 16:21 INFO     Training network 1
03-17 16:21 INFO     n_training: 62
03-17 16:21 INFO     Client: 1 Epoch: 0 Loss: 0.27321140996871457
03-17 16:21 INFO     Client: 1 Epoch: 1 Loss: 0.17340811786632385
03-17 16:21 INFO     Client: 1 Epoch: 2 Loss: 0.16088511446310627
03-17 16:21 INFO     Client: 1 Epoch: 3 Loss: 0.16934333994023262
03-17 16:22 INFO     Client: 1 Epoch: 4 Loss: 0.15547193875235896
03-17 16:22 INFO      ** Client: 1 Training complete **
03-17 16:22 INFO     global n_training: 390
03-17 16:22 INFO     global n_test: 79
03-17 16:22 INFO     >> Global Model Train accuracy: 0.7498, Train accuracy top-5: 0.9828
03-17 16:22 INFO     >> Global Model Test accuracy: 0.7377, Test accuracy top-5: 0.9847
03-17 16:22 INFO     >> Global Model Train loss: 0.9236
03-17 16:22 INFO     in comm round:10
03-17 16:22 INFO     Training network 0 n_training: 5000
03-17 16:22 INFO     Training network 0
03-17 16:22 INFO     n_training: 39
03-17 16:22 INFO     Client: 0 Epoch: 0 Loss: 0.36208648826831424
03-17 16:22 INFO     Client: 0 Epoch: 1 Loss: 0.2315211907411233
03-17 16:22 INFO     Client: 0 Epoch: 2 Loss: 0.17244388449650544
03-17 16:22 INFO     Client: 0 Epoch: 3 Loss: 0.14694236505490083
03-17 16:22 INFO     Client: 0 Epoch: 4 Loss: 0.11970077626980268
03-17 16:22 INFO      ** Client: 0 Training complete **
03-17 16:22 INFO     Training network 1 n_training: 8000
03-17 16:22 INFO     Training network 1
03-17 16:22 INFO     n_training: 62
03-17 16:22 INFO     Client: 1 Epoch: 0 Loss: 0.20749672370091563
03-17 16:22 INFO     Client: 1 Epoch: 1 Loss: 0.1747165976032134
03-17 16:22 INFO     Client: 1 Epoch: 2 Loss: 0.15449258745197328
03-17 16:22 INFO     Client: 1 Epoch: 3 Loss: 0.13889055789238022
03-17 16:22 INFO     Client: 1 Epoch: 4 Loss: 0.12558698924558778
03-17 16:22 INFO      ** Client: 1 Training complete **
03-17 16:22 INFO     global n_training: 390
03-17 16:22 INFO     global n_test: 79
03-17 16:22 INFO     >> Global Model Train accuracy: 0.8104, Train accuracy top-5: 0.9888
03-17 16:22 INFO     >> Global Model Test accuracy: 0.7917, Test accuracy top-5: 0.9893
03-17 16:22 INFO     >> Global Model Train loss: 0.6601
03-17 16:22 INFO     in comm round:11
03-17 16:22 INFO     Training network 0 n_training: 5000
03-17 16:22 INFO     Training network 0
03-17 16:22 INFO     n_training: 39
03-17 16:22 INFO     Client: 0 Epoch: 0 Loss: 0.2904572404730014
03-17 16:22 INFO     Client: 0 Epoch: 1 Loss: 0.19186350741447547
03-17 16:22 INFO     Client: 0 Epoch: 2 Loss: 0.14763854587307343
03-17 16:22 INFO     Client: 0 Epoch: 3 Loss: 0.12909560526410738
03-17 16:22 INFO     Client: 0 Epoch: 4 Loss: 0.10968444859370208
03-17 16:22 INFO      ** Client: 0 Training complete **
03-17 16:22 INFO     Training network 1 n_training: 8000
03-17 16:22 INFO     Training network 1
03-17 16:22 INFO     n_training: 62
03-17 16:22 INFO     Client: 1 Epoch: 0 Loss: 0.190910680940555
03-17 16:23 INFO     Client: 1 Epoch: 1 Loss: 0.14229483067268325
03-17 16:23 INFO     Client: 1 Epoch: 2 Loss: 0.11499493016350654
03-17 16:23 INFO     Client: 1 Epoch: 3 Loss: 0.11454003412396677
03-17 16:23 INFO     Client: 1 Epoch: 4 Loss: 0.11579011086254351
03-17 16:23 INFO      ** Client: 1 Training complete **
03-17 16:23 INFO     global n_training: 390
03-17 16:23 INFO     global n_test: 79
03-17 16:23 INFO     >> Global Model Train accuracy: 0.7745, Train accuracy top-5: 0.9882
03-17 16:23 INFO     >> Global Model Test accuracy: 0.7491, Test accuracy top-5: 0.9878
03-17 16:23 INFO     >> Global Model Train loss: 0.8496
03-17 16:23 INFO     in comm round:12
03-17 16:23 INFO     Training network 0 n_training: 5000
03-17 16:23 INFO     Training network 0
03-17 16:23 INFO     n_training: 39
03-17 16:23 INFO     Client: 0 Epoch: 0 Loss: 0.24199398645223716
03-17 16:23 INFO     Client: 0 Epoch: 1 Loss: 0.14047415134234306
03-17 16:23 INFO     Client: 0 Epoch: 2 Loss: 0.09967398261412597
03-17 16:23 INFO     Client: 0 Epoch: 3 Loss: 0.10615361185792165
03-17 16:23 INFO     Client: 0 Epoch: 4 Loss: 0.1075233925993626
03-17 16:23 INFO      ** Client: 0 Training complete **
03-17 16:23 INFO     Training network 1 n_training: 8000
03-17 16:23 INFO     Training network 1
03-17 16:23 INFO     n_training: 62
03-17 16:23 INFO     Client: 1 Epoch: 0 Loss: 0.16427579618269397
03-17 16:23 INFO     Client: 1 Epoch: 1 Loss: 0.10825475539651609
03-17 16:23 INFO     Client: 1 Epoch: 2 Loss: 0.10292484379944301
03-17 16:23 INFO     Client: 1 Epoch: 3 Loss: 0.09555283278947876
03-17 16:23 INFO     Client: 1 Epoch: 4 Loss: 0.09570708666597644
03-17 16:23 INFO      ** Client: 1 Training complete **
03-17 16:23 INFO     global n_training: 390
03-17 16:23 INFO     global n_test: 79
03-17 16:23 INFO     >> Global Model Train accuracy: 0.8073, Train accuracy top-5: 0.9889
03-17 16:23 INFO     >> Global Model Test accuracy: 0.7868, Test accuracy top-5: 0.9888
03-17 16:23 INFO     >> Global Model Train loss: 0.7180
03-17 16:23 INFO     in comm round:13
03-17 16:23 INFO     Training network 0 n_training: 5000
03-17 16:23 INFO     Training network 0
03-17 16:23 INFO     n_training: 39
03-17 16:23 INFO     Client: 0 Epoch: 0 Loss: 0.1794780521438672
03-17 16:23 INFO     Client: 0 Epoch: 1 Loss: 0.1268428080739119
03-17 16:24 INFO     Client: 0 Epoch: 2 Loss: 0.11376821636580504
03-17 16:24 INFO     Client: 0 Epoch: 3 Loss: 0.09442740182081859
03-17 16:24 INFO     Client: 0 Epoch: 4 Loss: 0.08556646409516151
03-17 16:24 INFO      ** Client: 0 Training complete **
03-17 16:24 INFO     Training network 1 n_training: 8000
03-17 16:24 INFO     Training network 1
03-17 16:24 INFO     n_training: 62
03-17 16:24 INFO     Client: 1 Epoch: 0 Loss: 0.13426706465261598
03-17 16:24 INFO     Client: 1 Epoch: 1 Loss: 0.10177991911768913
03-17 16:24 INFO     Client: 1 Epoch: 2 Loss: 0.09138809123467054
03-17 16:24 INFO     Client: 1 Epoch: 3 Loss: 0.06945651982940974
03-17 16:24 INFO     Client: 1 Epoch: 4 Loss: 0.09237527844285773
03-17 16:24 INFO      ** Client: 1 Training complete **
03-17 16:24 INFO     global n_training: 390
03-17 16:24 INFO     global n_test: 79
03-17 16:24 INFO     >> Global Model Train accuracy: 0.8107, Train accuracy top-5: 0.9906
03-17 16:24 INFO     >> Global Model Test accuracy: 0.7824, Test accuracy top-5: 0.9917
03-17 16:24 INFO     >> Global Model Train loss: 0.6975
03-17 16:24 INFO     in comm round:14
03-17 16:24 INFO     Training network 0 n_training: 5000
03-17 16:24 INFO     Training network 0
03-17 16:24 INFO     n_training: 39
03-17 16:24 INFO     Client: 0 Epoch: 0 Loss: 0.18795891392689484
03-17 16:24 INFO     Client: 0 Epoch: 1 Loss: 0.1047081265789576
03-17 16:24 INFO     Client: 0 Epoch: 2 Loss: 0.08771294250320165
03-17 16:24 INFO     Client: 0 Epoch: 3 Loss: 0.06999972715782814
03-17 16:24 INFO     Client: 0 Epoch: 4 Loss: 0.07400683225251925
03-17 16:24 INFO      ** Client: 0 Training complete **
03-17 16:24 INFO     Training network 1 n_training: 8000
03-17 16:24 INFO     Training network 1
03-17 16:24 INFO     n_training: 62
03-17 16:24 INFO     Client: 1 Epoch: 0 Loss: 0.11149628033801433
03-17 16:24 INFO     Client: 1 Epoch: 1 Loss: 0.0857310660423771
03-17 16:24 INFO     Client: 1 Epoch: 2 Loss: 0.06671510420499309
03-17 16:24 INFO     Client: 1 Epoch: 3 Loss: 0.058770270988104806
03-17 16:24 INFO     Client: 1 Epoch: 4 Loss: 0.0531021966148288
03-17 16:24 INFO      ** Client: 1 Training complete **
03-17 16:24 INFO     global n_training: 390
03-17 16:24 INFO     global n_test: 79
03-17 16:25 INFO     >> Global Model Train accuracy: 0.8221, Train accuracy top-5: 0.9898
03-17 16:25 INFO     >> Global Model Test accuracy: 0.7918, Test accuracy top-5: 0.9902
03-17 16:25 INFO     >> Global Model Train loss: 0.6763
03-17 16:25 INFO     in comm round:15
03-17 16:25 INFO     Training network 0 n_training: 5000
03-17 16:25 INFO     Training network 0
03-17 16:25 INFO     n_training: 39
03-17 16:25 INFO     Client: 0 Epoch: 0 Loss: 0.1234391984076072
03-17 16:25 INFO     Client: 0 Epoch: 1 Loss: 0.07548633724068984
03-17 16:25 INFO     Client: 0 Epoch: 2 Loss: 0.049992997103776686
03-17 16:25 INFO     Client: 0 Epoch: 3 Loss: 0.05283394100096745
03-17 16:25 INFO     Client: 0 Epoch: 4 Loss: 0.04607551716841184
03-17 16:25 INFO      ** Client: 0 Training complete **
03-17 16:25 INFO     Training network 1 n_training: 8000
03-17 16:25 INFO     Training network 1
03-17 16:25 INFO     n_training: 62
03-17 16:25 INFO     Client: 1 Epoch: 0 Loss: 0.1118902278643462
03-17 16:25 INFO     Client: 1 Epoch: 1 Loss: 0.07481392319764822
03-17 16:25 INFO     Client: 1 Epoch: 2 Loss: 0.06004310549507218
03-17 16:25 INFO     Client: 1 Epoch: 3 Loss: 0.04927564338750897
03-17 16:25 INFO     Client: 1 Epoch: 4 Loss: 0.053381993255067255
03-17 16:25 INFO      ** Client: 1 Training complete **
03-17 16:25 INFO     global n_training: 390
03-17 16:25 INFO     global n_test: 79
03-17 16:25 INFO     >> Global Model Train accuracy: 0.8233, Train accuracy top-5: 0.9910
03-17 16:25 INFO     >> Global Model Test accuracy: 0.8007, Test accuracy top-5: 0.9911
03-17 16:25 INFO     >> Global Model Train loss: 0.6849
03-17 16:25 INFO     in comm round:16
03-17 16:25 INFO     Training network 0 n_training: 5000
03-17 16:25 INFO     Training network 0
03-17 16:25 INFO     n_training: 39
03-17 16:25 INFO     Client: 0 Epoch: 0 Loss: 0.12070532315052472
03-17 16:25 INFO     Client: 0 Epoch: 1 Loss: 0.07192114492257436
03-17 16:25 INFO     Client: 0 Epoch: 2 Loss: 0.06581083123978132
03-17 16:25 INFO     Client: 0 Epoch: 3 Loss: 0.059884531901050836
03-17 16:25 INFO     Client: 0 Epoch: 4 Loss: 0.05266155125812078
03-17 16:25 INFO      ** Client: 0 Training complete **
03-17 16:25 INFO     Training network 1 n_training: 8000
03-17 16:25 INFO     Training network 1
03-17 16:25 INFO     n_training: 62
03-17 16:25 INFO     Client: 1 Epoch: 0 Loss: 0.07351882054260181
03-17 16:25 INFO     Client: 1 Epoch: 1 Loss: 0.06308288716020123
03-17 16:25 INFO     Client: 1 Epoch: 2 Loss: 0.05807962581034629
03-17 16:26 INFO     Client: 1 Epoch: 3 Loss: 0.05550277230119513
03-17 16:26 INFO     Client: 1 Epoch: 4 Loss: 0.04986782218780248
03-17 16:26 INFO      ** Client: 1 Training complete **
03-17 16:26 INFO     global n_training: 390
03-17 16:26 INFO     global n_test: 79
03-17 16:26 INFO     >> Global Model Train accuracy: 0.8296, Train accuracy top-5: 0.9897
03-17 16:26 INFO     >> Global Model Test accuracy: 0.8032, Test accuracy top-5: 0.9887
03-17 16:26 INFO     >> Global Model Train loss: 0.6677
03-17 16:26 INFO     in comm round:17
03-17 16:26 INFO     Training network 0 n_training: 5000
03-17 16:26 INFO     Training network 0
03-17 16:26 INFO     n_training: 39
03-17 16:26 INFO     Client: 0 Epoch: 0 Loss: 0.10126787271255101
03-17 16:26 INFO     Client: 0 Epoch: 1 Loss: 0.05885416068709814
03-17 16:26 INFO     Client: 0 Epoch: 2 Loss: 0.035105434795602776
03-17 16:26 INFO     Client: 0 Epoch: 3 Loss: 0.029353171061628904
03-17 16:26 INFO     Client: 0 Epoch: 4 Loss: 0.027447029828834228
03-17 16:26 INFO      ** Client: 0 Training complete **
03-17 16:26 INFO     Training network 1 n_training: 8000
03-17 16:26 INFO     Training network 1
03-17 16:26 INFO     n_training: 62
03-17 16:26 INFO     Client: 1 Epoch: 0 Loss: 0.06576239189974242
03-17 16:26 INFO     Client: 1 Epoch: 1 Loss: 0.044682848417470535
03-17 16:26 INFO     Client: 1 Epoch: 2 Loss: 0.03047879489754597
03-17 16:26 INFO     Client: 1 Epoch: 3 Loss: 0.030942292463394902
03-17 16:26 INFO     Client: 1 Epoch: 4 Loss: 0.033738735387282025
03-17 16:26 INFO      ** Client: 1 Training complete **
03-17 16:26 INFO     global n_training: 390
03-17 16:26 INFO     global n_test: 79
03-17 16:26 INFO     >> Global Model Train accuracy: 0.8479, Train accuracy top-5: 0.9924
03-17 16:26 INFO     >> Global Model Test accuracy: 0.8198, Test accuracy top-5: 0.9914
03-17 16:26 INFO     >> Global Model Train loss: 0.6018
03-17 16:26 INFO     in comm round:18
03-17 16:26 INFO     Training network 0 n_training: 5000
03-17 16:26 INFO     Training network 0
03-17 16:26 INFO     n_training: 39
03-17 16:26 INFO     Client: 0 Epoch: 0 Loss: 0.08184114896143094
03-17 16:26 INFO     Client: 0 Epoch: 1 Loss: 0.04291666757601958
03-17 16:26 INFO     Client: 0 Epoch: 2 Loss: 0.03834552279649637
03-17 16:26 INFO     Client: 0 Epoch: 3 Loss: 0.03377590199502615
03-17 16:26 INFO     Client: 0 Epoch: 4 Loss: 0.0399148948251819
03-17 16:26 INFO      ** Client: 0 Training complete **
03-17 16:26 INFO     Training network 1 n_training: 8000
03-17 16:26 INFO     Training network 1
03-17 16:26 INFO     n_training: 62
03-17 16:27 INFO     Client: 1 Epoch: 0 Loss: 0.053716016813151295
03-17 16:27 INFO     Client: 1 Epoch: 1 Loss: 0.0437695968054956
03-17 16:27 INFO     Client: 1 Epoch: 2 Loss: 0.04170658478453275
03-17 16:27 INFO     Client: 1 Epoch: 3 Loss: 0.02885189704266527
03-17 16:27 INFO     Client: 1 Epoch: 4 Loss: 0.030643255690172795
03-17 16:27 INFO      ** Client: 1 Training complete **
03-17 16:27 INFO     global n_training: 390
03-17 16:27 INFO     global n_test: 79
03-17 16:27 INFO     >> Global Model Train accuracy: 0.8504, Train accuracy top-5: 0.9914
03-17 16:27 INFO     >> Global Model Test accuracy: 0.8176, Test accuracy top-5: 0.9919
03-17 16:27 INFO     >> Global Model Train loss: 0.6031
03-17 16:27 INFO     in comm round:19
03-17 16:27 INFO     Training network 0 n_training: 5000
03-17 16:27 INFO     Training network 0
03-17 16:27 INFO     n_training: 39
03-17 16:27 INFO     Client: 0 Epoch: 0 Loss: 0.08563097590246262
03-17 16:27 INFO     Client: 0 Epoch: 1 Loss: 0.04421822129724882
03-17 16:27 INFO     Client: 0 Epoch: 2 Loss: 0.033205185658656634
03-17 16:27 INFO     Client: 0 Epoch: 3 Loss: 0.02147582681992879
03-17 16:27 INFO     Client: 0 Epoch: 4 Loss: 0.02054585908085872
03-17 16:27 INFO      ** Client: 0 Training complete **
03-17 16:27 INFO     Training network 1 n_training: 8000
03-17 16:27 INFO     Training network 1
03-17 16:27 INFO     n_training: 62
03-17 16:27 INFO     Client: 1 Epoch: 0 Loss: 0.04377837896707558
03-17 16:27 INFO     Client: 1 Epoch: 1 Loss: 0.029865176349337542
03-17 16:27 INFO     Client: 1 Epoch: 2 Loss: 0.033836182890339725
03-17 16:27 INFO     Client: 1 Epoch: 3 Loss: 0.027874991846000476
03-17 16:27 INFO     Client: 1 Epoch: 4 Loss: 0.028759934098249482
03-17 16:27 INFO      ** Client: 1 Training complete **
03-17 16:27 INFO     global n_training: 390
03-17 16:27 INFO     global n_test: 79
03-17 16:27 INFO     >> Global Model Train accuracy: 0.8517, Train accuracy top-5: 0.9914
03-17 16:27 INFO     >> Global Model Test accuracy: 0.8239, Test accuracy top-5: 0.9897
03-17 16:27 INFO     >> Global Model Train loss: 0.5950
03-17 16:27 INFO     in comm round:20
03-17 16:27 INFO     Training network 0 n_training: 5000
03-17 16:27 INFO     Training network 0
03-17 16:27 INFO     n_training: 39
03-17 16:27 INFO     Client: 0 Epoch: 0 Loss: 0.05603579087899281
03-17 16:27 INFO     Client: 0 Epoch: 1 Loss: 0.026518222553512223
03-17 16:28 INFO     Client: 0 Epoch: 2 Loss: 0.01842147026521464
03-17 16:28 INFO     Client: 0 Epoch: 3 Loss: 0.02363699487147805
03-17 16:28 INFO     Client: 0 Epoch: 4 Loss: 0.016037660603148814
03-17 16:28 INFO      ** Client: 0 Training complete **
03-17 16:28 INFO     Training network 1 n_training: 8000
03-17 16:28 INFO     Training network 1
03-17 16:28 INFO     n_training: 62
03-17 16:28 INFO     Client: 1 Epoch: 0 Loss: 0.03587548539883668
03-17 16:28 INFO     Client: 1 Epoch: 1 Loss: 0.0189818702149956
03-17 16:28 INFO     Client: 1 Epoch: 2 Loss: 0.025067372848429987
03-17 16:28 INFO     Client: 1 Epoch: 3 Loss: 0.025171468165823288
03-17 16:28 INFO     Client: 1 Epoch: 4 Loss: 0.020686382360215628
03-17 16:28 INFO      ** Client: 1 Training complete **
03-17 16:28 INFO     global n_training: 390
03-17 16:28 INFO     global n_test: 79
03-17 16:28 INFO     >> Global Model Train accuracy: 0.8579, Train accuracy top-5: 0.9921
03-17 16:28 INFO     >> Global Model Test accuracy: 0.8294, Test accuracy top-5: 0.9909
03-17 16:28 INFO     >> Global Model Train loss: 0.5792
03-17 16:28 INFO     in comm round:21
03-17 16:28 INFO     Training network 0 n_training: 5000
03-17 16:28 INFO     Training network 0
03-17 16:28 INFO     n_training: 39
03-17 16:28 INFO     Client: 0 Epoch: 0 Loss: 0.06735463546684538
03-17 16:28 INFO     Client: 0 Epoch: 1 Loss: 0.025208602647464246
03-17 16:28 INFO     Client: 0 Epoch: 2 Loss: 0.02210592498214772
03-17 16:28 INFO     Client: 0 Epoch: 3 Loss: 0.017291761284025434
03-17 16:28 INFO     Client: 0 Epoch: 4 Loss: 0.012815901842445899
03-17 16:28 INFO      ** Client: 0 Training complete **
03-17 16:28 INFO     Training network 1 n_training: 8000
03-17 16:28 INFO     Training network 1
03-17 16:28 INFO     n_training: 62
03-17 16:28 INFO     Client: 1 Epoch: 0 Loss: 0.024076166281086064
03-17 16:28 INFO     Client: 1 Epoch: 1 Loss: 0.015477259797344526
03-17 16:28 INFO     Client: 1 Epoch: 2 Loss: 0.015734496413760127
03-17 16:28 INFO     Client: 1 Epoch: 3 Loss: 0.011448878586487543
03-17 16:28 INFO     Client: 1 Epoch: 4 Loss: 0.012526237216192268
03-17 16:28 INFO      ** Client: 1 Training complete **
03-17 16:28 INFO     global n_training: 390
03-17 16:28 INFO     global n_test: 79
03-17 16:29 INFO     >> Global Model Train accuracy: 0.8635, Train accuracy top-5: 0.9930
03-17 16:29 INFO     >> Global Model Test accuracy: 0.8307, Test accuracy top-5: 0.9906
03-17 16:29 INFO     >> Global Model Train loss: 0.5663
03-17 16:29 INFO     in comm round:22
03-17 16:29 INFO     Training network 0 n_training: 5000
03-17 16:29 INFO     Training network 0
03-17 16:29 INFO     n_training: 39
03-17 16:29 INFO     Client: 0 Epoch: 0 Loss: 0.042053880396848306
03-17 16:29 INFO     Client: 0 Epoch: 1 Loss: 0.01288500846697925
03-17 16:29 INFO     Client: 0 Epoch: 2 Loss: 0.010011337524375472
03-17 16:29 INFO     Client: 0 Epoch: 3 Loss: 0.008492303824123856
03-17 16:29 INFO     Client: 0 Epoch: 4 Loss: 0.008549714374403732
03-17 16:29 INFO      ** Client: 0 Training complete **
03-17 16:29 INFO     Training network 1 n_training: 8000
03-17 16:29 INFO     Training network 1
03-17 16:29 INFO     n_training: 62
03-17 16:29 INFO     Client: 1 Epoch: 0 Loss: 0.022761844770772564
03-17 16:29 INFO     Client: 1 Epoch: 1 Loss: 0.013680950218376012
03-17 16:29 INFO     Client: 1 Epoch: 2 Loss: 0.008246768418053586
03-17 16:29 INFO     Client: 1 Epoch: 3 Loss: 0.00795441604737613
03-17 16:29 INFO     Client: 1 Epoch: 4 Loss: 0.007239284785276639
03-17 16:29 INFO      ** Client: 1 Training complete **
03-17 16:29 INFO     global n_training: 390
03-17 16:29 INFO     global n_test: 79
03-17 16:29 INFO     >> Global Model Train accuracy: 0.8561, Train accuracy top-5: 0.9926
03-17 16:29 INFO     >> Global Model Test accuracy: 0.8242, Test accuracy top-5: 0.9925
03-17 16:29 INFO     >> Global Model Train loss: 0.5923
03-17 16:29 INFO     in comm round:23
03-17 16:29 INFO     Training network 0 n_training: 5000
03-17 16:29 INFO     Training network 0
03-17 16:29 INFO     n_training: 39
03-17 16:29 INFO     Client: 0 Epoch: 0 Loss: 0.03779771600443965
03-17 16:29 INFO     Client: 0 Epoch: 1 Loss: 0.014457024818954941
03-17 16:29 INFO     Client: 0 Epoch: 2 Loss: 0.011302252550824331
03-17 16:29 INFO     Client: 0 Epoch: 3 Loss: 0.007277985497449453
03-17 16:29 INFO     Client: 0 Epoch: 4 Loss: 0.006061927067677084
03-17 16:29 INFO      ** Client: 0 Training complete **
03-17 16:29 INFO     Training network 1 n_training: 8000
03-17 16:29 INFO     Training network 1
03-17 16:29 INFO     n_training: 62
03-17 16:29 INFO     Client: 1 Epoch: 0 Loss: 0.017686683361628843
03-17 16:29 INFO     Client: 1 Epoch: 1 Loss: 0.0094180274679656
03-17 16:29 INFO     Client: 1 Epoch: 2 Loss: 0.004255839455459687
03-17 16:30 INFO     Client: 1 Epoch: 3 Loss: 0.003981914943940337
03-17 16:30 INFO     Client: 1 Epoch: 4 Loss: 0.004079893643539699
03-17 16:30 INFO      ** Client: 1 Training complete **
03-17 16:30 INFO     global n_training: 390
03-17 16:30 INFO     global n_test: 79
03-17 16:30 INFO     >> Global Model Train accuracy: 0.8721, Train accuracy top-5: 0.9922
03-17 16:30 INFO     >> Global Model Test accuracy: 0.8444, Test accuracy top-5: 0.9915
03-17 16:30 INFO     >> Global Model Train loss: 0.5430
03-17 16:30 INFO     in comm round:24
03-17 16:30 INFO     Training network 0 n_training: 5000
03-17 16:30 INFO     Training network 0
03-17 16:30 INFO     n_training: 39
03-17 16:30 INFO     Client: 0 Epoch: 0 Loss: 0.023956249635189008
03-17 16:30 INFO     Client: 0 Epoch: 1 Loss: 0.008941028052224563
03-17 16:30 INFO     Client: 0 Epoch: 2 Loss: 0.006310543117041771
03-17 16:30 INFO     Client: 0 Epoch: 3 Loss: 0.004864262270693405
03-17 16:30 INFO     Client: 0 Epoch: 4 Loss: 0.00500036351597653
03-17 16:30 INFO      ** Client: 0 Training complete **
03-17 16:30 INFO     Training network 1 n_training: 8000
03-17 16:30 INFO     Training network 1
03-17 16:30 INFO     n_training: 62
03-17 16:30 INFO     Client: 1 Epoch: 0 Loss: 0.01753902960110516
03-17 16:30 INFO     Client: 1 Epoch: 1 Loss: 0.0054420486445568746
03-17 16:30 INFO     Client: 1 Epoch: 2 Loss: 0.008160712555118447
03-17 16:30 INFO     Client: 1 Epoch: 3 Loss: 0.007114502812562991
03-17 16:30 INFO     Client: 1 Epoch: 4 Loss: 0.006370322757227827
03-17 16:30 INFO      ** Client: 1 Training complete **
03-17 16:30 INFO     global n_training: 390
03-17 16:30 INFO     global n_test: 79
03-17 16:30 INFO     >> Global Model Train accuracy: 0.8694, Train accuracy top-5: 0.9923
03-17 16:30 INFO     >> Global Model Test accuracy: 0.8407, Test accuracy top-5: 0.9910
03-17 16:30 INFO     >> Global Model Train loss: 0.5411
03-17 16:30 INFO     in comm round:25
03-17 16:30 INFO     Training network 0 n_training: 5000
03-17 16:30 INFO     Training network 0
03-17 16:30 INFO     n_training: 39
03-17 16:30 INFO     Client: 0 Epoch: 0 Loss: 0.02281316937520527
03-17 16:30 INFO     Client: 0 Epoch: 1 Loss: 0.006235572115446513
03-17 16:30 INFO     Client: 0 Epoch: 2 Loss: 0.005549340055156977
03-17 16:30 INFO     Client: 0 Epoch: 3 Loss: 0.003900687865471133
03-17 16:30 INFO     Client: 0 Epoch: 4 Loss: 0.00430532814696049
03-17 16:30 INFO      ** Client: 0 Training complete **
03-17 16:30 INFO     Training network 1 n_training: 8000
03-17 16:30 INFO     Training network 1
03-17 16:30 INFO     n_training: 62
03-17 16:31 INFO     Client: 1 Epoch: 0 Loss: 0.017639134066074244
03-17 16:31 INFO     Client: 1 Epoch: 1 Loss: 0.007481560704388445
03-17 16:31 INFO     Client: 1 Epoch: 2 Loss: 0.006766448265895428
03-17 16:31 INFO     Client: 1 Epoch: 3 Loss: 0.00576475864152364
03-17 16:31 INFO     Client: 1 Epoch: 4 Loss: 0.0037599485132828233
03-17 16:31 INFO      ** Client: 1 Training complete **
03-17 16:31 INFO     global n_training: 390
03-17 16:31 INFO     global n_test: 79
03-17 16:31 INFO     >> Global Model Train accuracy: 0.8740, Train accuracy top-5: 0.9932
03-17 16:31 INFO     >> Global Model Test accuracy: 0.8457, Test accuracy top-5: 0.9925
03-17 16:31 INFO     >> Global Model Train loss: 0.5237
03-17 16:31 INFO     in comm round:26
03-17 16:31 INFO     Training network 0 n_training: 5000
03-17 16:31 INFO     Training network 0
03-17 16:31 INFO     n_training: 39
03-17 16:31 INFO     Client: 0 Epoch: 0 Loss: 0.022295174923223946
03-17 16:31 INFO     Client: 0 Epoch: 1 Loss: 0.007527668052949967
03-17 16:31 INFO     Client: 0 Epoch: 2 Loss: 0.004538365903919419
03-17 16:31 INFO     Client: 0 Epoch: 3 Loss: 0.003520114210028297
03-17 16:31 INFO     Client: 0 Epoch: 4 Loss: 0.0035755675038298927
03-17 16:31 INFO      ** Client: 0 Training complete **
03-17 16:31 INFO     Training network 1 n_training: 8000
03-17 16:31 INFO     Training network 1
03-17 16:31 INFO     n_training: 62
03-17 16:31 INFO     Client: 1 Epoch: 0 Loss: 0.012846615993522948
03-17 16:31 INFO     Client: 1 Epoch: 1 Loss: 0.007221088842338612
03-17 16:31 INFO     Client: 1 Epoch: 2 Loss: 0.0035355406909084487
03-17 16:31 INFO     Client: 1 Epoch: 3 Loss: 0.0035985068675325883
03-17 16:31 INFO     Client: 1 Epoch: 4 Loss: 0.0017619792723111928
03-17 16:31 INFO      ** Client: 1 Training complete **
03-17 16:31 INFO     global n_training: 390
03-17 16:31 INFO     global n_test: 79
03-17 16:31 INFO     >> Global Model Train accuracy: 0.8727, Train accuracy top-5: 0.9923
03-17 16:31 INFO     >> Global Model Test accuracy: 0.8428, Test accuracy top-5: 0.9910
03-17 16:31 INFO     >> Global Model Train loss: 0.5344
03-17 16:31 INFO     in comm round:27
03-17 16:31 INFO     Training network 0 n_training: 5000
03-17 16:31 INFO     Training network 0
03-17 16:31 INFO     n_training: 39
03-17 16:32 INFO     Client: 0 Epoch: 0 Loss: 0.018325888575651705
03-17 16:32 INFO     Client: 0 Epoch: 1 Loss: 0.007049879280086129
03-17 16:32 INFO     Client: 0 Epoch: 2 Loss: 0.00744117663289683
03-17 16:32 INFO     Client: 0 Epoch: 3 Loss: 0.004849142753160917
03-17 16:32 INFO     Client: 0 Epoch: 4 Loss: 0.004072880761948629
03-17 16:32 INFO      ** Client: 0 Training complete **
03-17 16:32 INFO     Training network 1 n_training: 8000
03-17 16:32 INFO     Training network 1
03-17 16:32 INFO     n_training: 62
03-17 16:32 INFO     Client: 1 Epoch: 0 Loss: 0.010192022560307035
03-17 16:32 INFO     Client: 1 Epoch: 1 Loss: 0.0032920609847942907
03-17 16:32 INFO     Client: 1 Epoch: 2 Loss: 0.003490309444098403
03-17 16:32 INFO     Client: 1 Epoch: 3 Loss: 0.00213406142129022
03-17 16:32 INFO     Client: 1 Epoch: 4 Loss: 0.0022946104187623506
03-17 16:32 INFO      ** Client: 1 Training complete **
03-17 16:32 INFO     global n_training: 390
03-17 16:32 INFO     global n_test: 79
03-17 16:32 INFO     >> Global Model Train accuracy: 0.8768, Train accuracy top-5: 0.9933
03-17 16:32 INFO     >> Global Model Test accuracy: 0.8416, Test accuracy top-5: 0.9917
03-17 16:32 INFO     >> Global Model Train loss: 0.5237
03-17 16:32 INFO     in comm round:28
03-17 16:32 INFO     Training network 0 n_training: 5000
03-17 16:32 INFO     Training network 0
03-17 16:32 INFO     n_training: 39
03-17 16:32 INFO     Client: 0 Epoch: 0 Loss: 0.015121942645726869
03-17 16:32 INFO     Client: 0 Epoch: 1 Loss: 0.005098119264659591
03-17 16:32 INFO     Client: 0 Epoch: 2 Loss: 0.003227138784355842
03-17 16:32 INFO     Client: 0 Epoch: 3 Loss: 0.0022155632285807184
03-17 16:32 INFO     Client: 0 Epoch: 4 Loss: 0.002141128937439181
03-17 16:32 INFO      ** Client: 0 Training complete **
03-17 16:32 INFO     Training network 1 n_training: 8000
03-17 16:32 INFO     Training network 1
03-17 16:32 INFO     n_training: 62
03-17 16:32 INFO     Client: 1 Epoch: 0 Loss: 0.009770077983698538
03-17 16:32 INFO     Client: 1 Epoch: 1 Loss: 0.0029042680529997715
03-17 16:32 INFO     Client: 1 Epoch: 2 Loss: 0.0021699401737761592
03-17 16:32 INFO     Client: 1 Epoch: 3 Loss: 0.0024964269429009647
03-17 16:33 INFO     Client: 1 Epoch: 4 Loss: 0.0018146515729078542
03-17 16:33 INFO      ** Client: 1 Training complete **
03-17 16:33 INFO     global n_training: 390
03-17 16:33 INFO     global n_test: 79
03-17 16:33 INFO     >> Global Model Train accuracy: 0.8781, Train accuracy top-5: 0.9929
03-17 16:33 INFO     >> Global Model Test accuracy: 0.8494, Test accuracy top-5: 0.9915
03-17 16:33 INFO     >> Global Model Train loss: 0.5122
03-17 16:33 INFO     in comm round:29
03-17 16:33 INFO     Training network 0 n_training: 5000
03-17 16:33 INFO     Training network 0
03-17 16:33 INFO     n_training: 39
03-17 16:33 INFO     Client: 0 Epoch: 0 Loss: 0.012817727951094126
03-17 16:33 INFO     Client: 0 Epoch: 1 Loss: 0.002896543444456676
03-17 16:33 INFO     Client: 0 Epoch: 2 Loss: 0.0026251631221757867
03-17 16:33 INFO     Client: 0 Epoch: 3 Loss: 0.0026824730314099444
03-17 16:33 INFO     Client: 0 Epoch: 4 Loss: 0.001786600870008652
03-17 16:33 INFO      ** Client: 0 Training complete **
03-17 16:33 INFO     Training network 1 n_training: 8000
03-17 16:33 INFO     Training network 1
03-17 16:33 INFO     n_training: 62
03-17 16:33 INFO     Client: 1 Epoch: 0 Loss: 0.009106250769916861
03-17 16:33 INFO     Client: 1 Epoch: 1 Loss: 0.002355928835552937
03-17 16:33 INFO     Client: 1 Epoch: 2 Loss: 0.0017432819600329704
03-17 16:33 INFO     Client: 1 Epoch: 3 Loss: 0.0017486324298173009
03-17 16:33 INFO     Client: 1 Epoch: 4 Loss: 0.0015965807561447182
03-17 16:33 INFO      ** Client: 1 Training complete **
03-17 16:33 INFO     global n_training: 390
03-17 16:33 INFO     global n_test: 79
03-17 16:33 INFO     >> Global Model Train accuracy: 0.8763, Train accuracy top-5: 0.9928
03-17 16:33 INFO     >> Global Model Test accuracy: 0.8491, Test accuracy top-5: 0.9912
03-17 16:33 INFO     >> Global Model Train loss: 0.5218
03-17 16:33 INFO     in comm round:30
03-17 16:33 INFO     Training network 0 n_training: 5000
03-17 16:33 INFO     Training network 0
03-17 16:33 INFO     n_training: 39
03-17 16:33 INFO     Client: 0 Epoch: 0 Loss: 0.010964441005713664
03-17 16:33 INFO     Client: 0 Epoch: 1 Loss: 0.0025083788130312967
03-17 16:33 INFO     Client: 0 Epoch: 2 Loss: 0.002627418507845738
03-17 16:33 INFO     Client: 0 Epoch: 3 Loss: 0.0020888742486325405
03-17 16:33 INFO     Client: 0 Epoch: 4 Loss: 0.0019917917670682073
03-17 16:33 INFO      ** Client: 0 Training complete **
03-17 16:33 INFO     Training network 1 n_training: 8000
03-17 16:33 INFO     Training network 1
03-17 16:33 INFO     n_training: 62
03-17 16:33 INFO     Client: 1 Epoch: 0 Loss: 0.0067887070237643895
03-17 16:34 INFO     Client: 1 Epoch: 1 Loss: 0.0017991165270007427
03-17 16:34 INFO     Client: 1 Epoch: 2 Loss: 0.0013644370713248668
03-17 16:34 INFO     Client: 1 Epoch: 3 Loss: 0.001491406766299699
03-17 16:34 INFO     Client: 1 Epoch: 4 Loss: 0.0013721131202351722
03-17 16:34 INFO      ** Client: 1 Training complete **
03-17 16:34 INFO     global n_training: 390
03-17 16:34 INFO     global n_test: 79
03-17 16:34 INFO     >> Global Model Train accuracy: 0.8765, Train accuracy top-5: 0.9929
03-17 16:34 INFO     >> Global Model Test accuracy: 0.8490, Test accuracy top-5: 0.9909
03-17 16:34 INFO     >> Global Model Train loss: 0.5168
03-17 16:34 INFO     in comm round:31
03-17 16:34 INFO     Training network 0 n_training: 5000
03-17 16:34 INFO     Training network 0
03-17 16:34 INFO     n_training: 39
03-17 16:34 INFO     Client: 0 Epoch: 0 Loss: 0.012458251266835783
03-17 16:34 INFO     Client: 0 Epoch: 1 Loss: 0.0032869204490755997
03-17 16:34 INFO     Client: 0 Epoch: 2 Loss: 0.002488395546933111
03-17 16:34 INFO     Client: 0 Epoch: 3 Loss: 0.0018799460794513996
03-17 16:34 INFO     Client: 0 Epoch: 4 Loss: 0.001616995853300278
03-17 16:34 INFO      ** Client: 0 Training complete **
03-17 16:34 INFO     Training network 1 n_training: 8000
03-17 16:34 INFO     Training network 1
03-17 16:34 INFO     n_training: 62
03-17 16:34 INFO     Client: 1 Epoch: 0 Loss: 0.006179194879575422
03-17 16:34 INFO     Client: 1 Epoch: 1 Loss: 0.002384703260407062
03-17 16:34 INFO     Client: 1 Epoch: 2 Loss: 0.0018162468233288477
03-17 16:34 INFO     Client: 1 Epoch: 3 Loss: 0.0015941788104452913
03-17 16:34 INFO     Client: 1 Epoch: 4 Loss: 0.0012742678809445351
03-17 16:34 INFO      ** Client: 1 Training complete **
03-17 16:34 INFO     global n_training: 390
03-17 16:34 INFO     global n_test: 79
03-17 16:34 INFO     >> Global Model Train accuracy: 0.8816, Train accuracy top-5: 0.9925
03-17 16:34 INFO     >> Global Model Test accuracy: 0.8534, Test accuracy top-5: 0.9905
03-17 16:34 INFO     >> Global Model Train loss: 0.5009
03-17 16:34 INFO     in comm round:32
03-17 16:34 INFO     Training network 0 n_training: 5000
03-17 16:34 INFO     Training network 0
03-17 16:34 INFO     n_training: 39
03-17 16:34 INFO     Client: 0 Epoch: 0 Loss: 0.00957196989419082
03-17 16:34 INFO     Client: 0 Epoch: 1 Loss: 0.002781763938494409
03-17 16:34 INFO     Client: 0 Epoch: 2 Loss: 0.0018405568747160335
03-17 16:35 INFO     Client: 0 Epoch: 3 Loss: 0.0016364534258639489
03-17 16:35 INFO     Client: 0 Epoch: 4 Loss: 0.0015989089196619506
03-17 16:35 INFO      ** Client: 0 Training complete **
03-17 16:35 INFO     Training network 1 n_training: 8000
03-17 16:35 INFO     Training network 1
03-17 16:35 INFO     n_training: 62
03-17 16:35 INFO     Client: 1 Epoch: 0 Loss: 0.007133150974573988
03-17 16:35 INFO     Client: 1 Epoch: 1 Loss: 0.002331383602840135
03-17 16:35 INFO     Client: 1 Epoch: 2 Loss: 0.0016453422051140919
03-17 16:35 INFO     Client: 1 Epoch: 3 Loss: 0.0013971252361267444
03-17 16:35 INFO     Client: 1 Epoch: 4 Loss: 0.0013796850060668563
03-17 16:35 INFO      ** Client: 1 Training complete **
03-17 16:35 INFO     global n_training: 390
03-17 16:35 INFO     global n_test: 79
03-17 16:35 INFO     >> Global Model Train accuracy: 0.8785, Train accuracy top-5: 0.9922
03-17 16:35 INFO     >> Global Model Test accuracy: 0.8518, Test accuracy top-5: 0.9913
03-17 16:35 INFO     >> Global Model Train loss: 0.5157
03-17 16:35 INFO     in comm round:33
03-17 16:35 INFO     Training network 0 n_training: 5000
03-17 16:35 INFO     Training network 0
03-17 16:35 INFO     n_training: 39
03-17 16:35 INFO     Client: 0 Epoch: 0 Loss: 0.012768147387900032
03-17 16:35 INFO     Client: 0 Epoch: 1 Loss: 0.0027906211385598932
03-17 16:35 INFO     Client: 0 Epoch: 2 Loss: 0.0022587442385534253
03-17 16:35 INFO     Client: 0 Epoch: 3 Loss: 0.0016306535182640147
03-17 16:35 INFO     Client: 0 Epoch: 4 Loss: 0.0018445515120103478
03-17 16:35 INFO      ** Client: 0 Training complete **
03-17 16:35 INFO     Training network 1 n_training: 8000
03-17 16:35 INFO     Training network 1
03-17 16:35 INFO     n_training: 62
03-17 16:35 INFO     Client: 1 Epoch: 0 Loss: 0.005420188721825158
03-17 16:35 INFO     Client: 1 Epoch: 1 Loss: 0.0017178161623662399
03-17 16:35 INFO     Client: 1 Epoch: 2 Loss: 0.0017861524444719357
03-17 16:35 INFO     Client: 1 Epoch: 3 Loss: 0.0012076311578576064
03-17 16:35 INFO     Client: 1 Epoch: 4 Loss: 0.0010866375195027719
03-17 16:35 INFO      ** Client: 1 Training complete **
03-17 16:35 INFO     global n_training: 390
03-17 16:35 INFO     global n_test: 79
03-17 16:36 INFO     >> Global Model Train accuracy: 0.8819, Train accuracy top-5: 0.9924
03-17 16:36 INFO     >> Global Model Test accuracy: 0.8514, Test accuracy top-5: 0.9914
03-17 16:36 INFO     >> Global Model Train loss: 0.4989
03-17 16:36 INFO     in comm round:34
03-17 16:36 INFO     Training network 0 n_training: 5000
03-17 16:36 INFO     Training network 0
03-17 16:36 INFO     n_training: 39
03-17 16:36 INFO     Client: 0 Epoch: 0 Loss: 0.007905354869599717
03-17 16:36 INFO     Client: 0 Epoch: 1 Loss: 0.0025070405502517065
03-17 16:36 INFO     Client: 0 Epoch: 2 Loss: 0.0018102069480870015
03-17 16:36 INFO     Client: 0 Epoch: 3 Loss: 0.0015886814545434064
03-17 16:36 INFO     Client: 0 Epoch: 4 Loss: 0.0015597332251043273
03-17 16:36 INFO      ** Client: 0 Training complete **
03-17 16:36 INFO     Training network 1 n_training: 8000
03-17 16:36 INFO     Training network 1
03-17 16:36 INFO     n_training: 62
03-17 16:36 INFO     Client: 1 Epoch: 0 Loss: 0.0067830632577815485
03-17 16:36 INFO     Client: 1 Epoch: 1 Loss: 0.0018139822800989232
03-17 16:36 INFO     Client: 1 Epoch: 2 Loss: 0.0013384644102658176
03-17 16:36 INFO     Client: 1 Epoch: 3 Loss: 0.0013494713019744883
03-17 16:36 INFO     Client: 1 Epoch: 4 Loss: 0.0018652904728960788
03-17 16:36 INFO      ** Client: 1 Training complete **
03-17 16:36 INFO     global n_training: 390
03-17 16:36 INFO     global n_test: 79
03-17 16:36 INFO     >> Global Model Train accuracy: 0.8826, Train accuracy top-5: 0.9927
03-17 16:36 INFO     >> Global Model Test accuracy: 0.8512, Test accuracy top-5: 0.9908
03-17 16:36 INFO     >> Global Model Train loss: 0.4978
03-17 16:36 INFO     in comm round:35
03-17 16:36 INFO     Training network 0 n_training: 5000
03-17 16:36 INFO     Training network 0
03-17 16:36 INFO     n_training: 39
03-17 16:36 INFO     Client: 0 Epoch: 0 Loss: 0.009685778265030911
03-17 16:36 INFO     Client: 0 Epoch: 1 Loss: 0.002065330813937367
03-17 16:36 INFO     Client: 0 Epoch: 2 Loss: 0.0018570490438156785
03-17 16:36 INFO     Client: 0 Epoch: 3 Loss: 0.0022960329907408985
03-17 16:36 INFO     Client: 0 Epoch: 4 Loss: 0.0015516132086467666
03-17 16:36 INFO      ** Client: 0 Training complete **
03-17 16:36 INFO     Training network 1 n_training: 8000
03-17 16:36 INFO     Training network 1
03-17 16:36 INFO     n_training: 62
03-17 16:36 INFO     Client: 1 Epoch: 0 Loss: 0.005188091610175287
03-17 16:36 INFO     Client: 1 Epoch: 1 Loss: 0.0014764737101241707
03-17 16:36 INFO     Client: 1 Epoch: 2 Loss: 0.0011848826055234718
03-17 16:37 INFO     Client: 1 Epoch: 3 Loss: 0.0014725730659612905
03-17 16:37 INFO     Client: 1 Epoch: 4 Loss: 0.0009603371384606186
03-17 16:37 INFO      ** Client: 1 Training complete **
03-17 16:37 INFO     global n_training: 390
03-17 16:37 INFO     global n_test: 79
03-17 16:37 INFO     >> Global Model Train accuracy: 0.8835, Train accuracy top-5: 0.9929
03-17 16:37 INFO     >> Global Model Test accuracy: 0.8542, Test accuracy top-5: 0.9917
03-17 16:37 INFO     >> Global Model Train loss: 0.4917
03-17 16:37 INFO     in comm round:36
03-17 16:37 INFO     Training network 0 n_training: 5000
03-17 16:37 INFO     Training network 0
03-17 16:37 INFO     n_training: 39
03-17 16:37 INFO     Client: 0 Epoch: 0 Loss: 0.01041119461073182
03-17 16:37 INFO     Client: 0 Epoch: 1 Loss: 0.0019258851549612023
03-17 16:37 INFO     Client: 0 Epoch: 2 Loss: 0.0017918504517859756
03-17 16:37 INFO     Client: 0 Epoch: 3 Loss: 0.0017024762973260994
03-17 16:37 INFO     Client: 0 Epoch: 4 Loss: 0.0015840946445957972
03-17 16:37 INFO      ** Client: 0 Training complete **
03-17 16:37 INFO     Training network 1 n_training: 8000
03-17 16:37 INFO     Training network 1
03-17 16:37 INFO     n_training: 62
03-17 16:37 INFO     Client: 1 Epoch: 0 Loss: 0.004940751273909794
03-17 16:37 INFO     Client: 1 Epoch: 1 Loss: 0.0017592831915657547
03-17 16:37 INFO     Client: 1 Epoch: 2 Loss: 0.001630712925801955
03-17 16:37 INFO     Client: 1 Epoch: 3 Loss: 0.0012489998945027529
03-17 16:37 INFO     Client: 1 Epoch: 4 Loss: 0.0008294663958593212
03-17 16:37 INFO      ** Client: 1 Training complete **
03-17 16:37 INFO     global n_training: 390
03-17 16:37 INFO     global n_test: 79
03-17 16:37 INFO     >> Global Model Train accuracy: 0.8829, Train accuracy top-5: 0.9928
03-17 16:37 INFO     >> Global Model Test accuracy: 0.8529, Test accuracy top-5: 0.9919
03-17 16:37 INFO     >> Global Model Train loss: 0.4949
03-17 16:37 INFO     in comm round:37
03-17 16:37 INFO     Training network 0 n_training: 5000
03-17 16:37 INFO     Training network 0
03-17 16:37 INFO     n_training: 39
03-17 16:37 INFO     Client: 0 Epoch: 0 Loss: 0.00913658977832454
03-17 16:37 INFO     Client: 0 Epoch: 1 Loss: 0.0020231171749914303
03-17 16:37 INFO     Client: 0 Epoch: 2 Loss: 0.0015033353866340641
03-17 16:37 INFO     Client: 0 Epoch: 3 Loss: 0.0017158880423849975
03-17 16:37 INFO     Client: 0 Epoch: 4 Loss: 0.0012122865449875975
03-17 16:37 INFO      ** Client: 0 Training complete **
03-17 16:37 INFO     Training network 1 n_training: 8000
03-17 16:37 INFO     Training network 1
03-17 16:37 INFO     n_training: 62
03-17 16:38 INFO     Client: 1 Epoch: 0 Loss: 0.005553673923714086
03-17 16:38 INFO     Client: 1 Epoch: 1 Loss: 0.001521990318583595
03-17 16:38 INFO     Client: 1 Epoch: 2 Loss: 0.0015924496655051986
03-17 16:38 INFO     Client: 1 Epoch: 3 Loss: 0.0012581059643472995
03-17 16:38 INFO     Client: 1 Epoch: 4 Loss: 0.0015109919082944192
03-17 16:38 INFO      ** Client: 1 Training complete **
03-17 16:38 INFO     global n_training: 390
03-17 16:38 INFO     global n_test: 79
03-17 16:38 INFO     >> Global Model Train accuracy: 0.8859, Train accuracy top-5: 0.9924
03-17 16:38 INFO     >> Global Model Test accuracy: 0.8550, Test accuracy top-5: 0.9913
03-17 16:38 INFO     >> Global Model Train loss: 0.4862
03-17 16:38 INFO     in comm round:38
03-17 16:38 INFO     Training network 0 n_training: 5000
03-17 16:38 INFO     Training network 0
03-17 16:38 INFO     n_training: 39
03-17 16:38 INFO     Client: 0 Epoch: 0 Loss: 0.009460832093818447
03-17 16:38 INFO     Client: 0 Epoch: 1 Loss: 0.0021273559257865716
03-17 16:38 INFO     Client: 0 Epoch: 2 Loss: 0.0016446551606536675
03-17 16:38 INFO     Client: 0 Epoch: 3 Loss: 0.0016154004484773255
03-17 16:38 INFO     Client: 0 Epoch: 4 Loss: 0.0016016127058089925
03-17 16:38 INFO      ** Client: 0 Training complete **
03-17 16:38 INFO     Training network 1 n_training: 8000
03-17 16:38 INFO     Training network 1
03-17 16:38 INFO     n_training: 62
03-17 16:38 INFO     Client: 1 Epoch: 0 Loss: 0.005886000782934829
03-17 16:38 INFO     Client: 1 Epoch: 1 Loss: 0.001486913554535638
03-17 16:38 INFO     Client: 1 Epoch: 2 Loss: 0.001416723625527905
03-17 16:38 INFO     Client: 1 Epoch: 3 Loss: 0.0010562465073645957
03-17 16:38 INFO     Client: 1 Epoch: 4 Loss: 0.0011414132679947802
03-17 16:38 INFO      ** Client: 1 Training complete **
03-17 16:38 INFO     global n_training: 390
03-17 16:38 INFO     global n_test: 79
03-17 16:38 INFO     >> Global Model Train accuracy: 0.8859, Train accuracy top-5: 0.9922
03-17 16:38 INFO     >> Global Model Test accuracy: 0.8528, Test accuracy top-5: 0.9904
03-17 16:38 INFO     >> Global Model Train loss: 0.4857
03-17 16:38 INFO     in comm round:39
03-17 16:38 INFO     Training network 0 n_training: 5000
03-17 16:38 INFO     Training network 0
03-17 16:38 INFO     n_training: 39
03-17 16:38 INFO     Client: 0 Epoch: 0 Loss: 0.009271152723485079
03-17 16:39 INFO     Client: 0 Epoch: 1 Loss: 0.0028834658859966276
03-17 16:39 INFO     Client: 0 Epoch: 2 Loss: 0.0015639860096435326
03-17 16:39 INFO     Client: 0 Epoch: 3 Loss: 0.0016044657125185507
03-17 16:39 INFO     Client: 0 Epoch: 4 Loss: 0.001774600878632508
03-17 16:39 INFO      ** Client: 0 Training complete **
03-17 16:39 INFO     Training network 1 n_training: 8000
03-17 16:39 INFO     Training network 1
03-17 16:39 INFO     n_training: 62
03-17 16:39 INFO     Client: 1 Epoch: 0 Loss: 0.0058913477912410014
03-17 16:39 INFO     Client: 1 Epoch: 1 Loss: 0.0017935203617408632
03-17 16:39 INFO     Client: 1 Epoch: 2 Loss: 0.001728100529421241
03-17 16:39 INFO     Client: 1 Epoch: 3 Loss: 0.001347975375416178
03-17 16:39 INFO     Client: 1 Epoch: 4 Loss: 0.001128738997184912
03-17 16:39 INFO      ** Client: 1 Training complete **
03-17 16:39 INFO     global n_training: 390
03-17 16:39 INFO     global n_test: 79
03-17 16:39 INFO     >> Global Model Train accuracy: 0.8847, Train accuracy top-5: 0.9925
03-17 16:39 INFO     >> Global Model Test accuracy: 0.8530, Test accuracy top-5: 0.9914
03-17 16:39 INFO     >> Global Model Train loss: 0.4907
03-17 16:39 INFO     in comm round:40
03-17 16:39 INFO     Training network 0 n_training: 5000
03-17 16:39 INFO     Training network 0
03-17 16:39 INFO     n_training: 39
03-17 16:39 INFO     Client: 0 Epoch: 0 Loss: 0.009539530319997516
03-17 16:39 INFO     Client: 0 Epoch: 1 Loss: 0.0026454137509855894
03-17 16:39 INFO     Client: 0 Epoch: 2 Loss: 0.003002697863102628
03-17 16:39 INFO     Client: 0 Epoch: 3 Loss: 0.002269365668046073
03-17 16:39 INFO     Client: 0 Epoch: 4 Loss: 0.0016979823435226886
03-17 16:39 INFO      ** Client: 0 Training complete **
03-17 16:39 INFO     Training network 1 n_training: 8000
03-17 16:39 INFO     Training network 1
03-17 16:39 INFO     n_training: 62
03-17 16:39 INFO     Client: 1 Epoch: 0 Loss: 0.005957385918478512
03-17 16:39 INFO     Client: 1 Epoch: 1 Loss: 0.0018045499858882039
03-17 16:39 INFO     Client: 1 Epoch: 2 Loss: 0.0014573967233563081
03-17 16:39 INFO     Client: 1 Epoch: 3 Loss: 0.0014245471116268046
03-17 16:40 INFO     Client: 1 Epoch: 4 Loss: 0.0011513699437566702
03-17 16:40 INFO      ** Client: 1 Training complete **
03-17 16:40 INFO     global n_training: 390
03-17 16:40 INFO     global n_test: 79
03-17 16:40 INFO     >> Global Model Train accuracy: 0.8859, Train accuracy top-5: 0.9924
03-17 16:40 INFO     >> Global Model Test accuracy: 0.8548, Test accuracy top-5: 0.9911
03-17 16:40 INFO     >> Global Model Train loss: 0.4856
03-17 16:40 INFO     in comm round:41
03-17 16:40 INFO     Training network 0 n_training: 5000
03-17 16:40 INFO     Training network 0
03-17 16:40 INFO     n_training: 39
03-17 16:40 INFO     Client: 0 Epoch: 0 Loss: 0.009850531016500333
03-17 16:40 INFO     Client: 0 Epoch: 1 Loss: 0.0032429950377450157
03-17 16:40 INFO     Client: 0 Epoch: 2 Loss: 0.0020485736850577477
03-17 16:40 INFO     Client: 0 Epoch: 3 Loss: 0.0022600246369480514
03-17 16:40 INFO     Client: 0 Epoch: 4 Loss: 0.0018401651431281024
03-17 16:40 INFO      ** Client: 0 Training complete **
03-17 16:40 INFO     Training network 1 n_training: 8000
03-17 16:40 INFO     Training network 1
03-17 16:40 INFO     n_training: 62
03-17 16:40 INFO     Client: 1 Epoch: 0 Loss: 0.0064987808319499655
03-17 16:40 INFO     Client: 1 Epoch: 1 Loss: 0.0019029386462681296
03-17 16:40 INFO     Client: 1 Epoch: 2 Loss: 0.001591019480744557
03-17 16:40 INFO     Client: 1 Epoch: 3 Loss: 0.0013646373793768185
03-17 16:40 INFO     Client: 1 Epoch: 4 Loss: 0.0010794332892175825
03-17 16:40 INFO      ** Client: 1 Training complete **
03-17 16:40 INFO     global n_training: 390
03-17 16:40 INFO     global n_test: 79
03-17 16:40 INFO     >> Global Model Train accuracy: 0.8863, Train accuracy top-5: 0.9920
03-17 16:40 INFO     >> Global Model Test accuracy: 0.8556, Test accuracy top-5: 0.9914
03-17 16:40 INFO     >> Global Model Train loss: 0.4900
03-17 16:40 INFO     in comm round:42
03-17 16:40 INFO     Training network 0 n_training: 5000
03-17 16:40 INFO     Training network 0
03-17 16:40 INFO     n_training: 39
03-17 16:40 INFO     Client: 0 Epoch: 0 Loss: 0.009668850471289495
03-17 16:40 INFO     Client: 0 Epoch: 1 Loss: 0.00291174375720752
03-17 16:40 INFO     Client: 0 Epoch: 2 Loss: 0.0023855841673838976
03-17 16:40 INFO     Client: 0 Epoch: 3 Loss: 0.00212129004425011
03-17 16:40 INFO     Client: 0 Epoch: 4 Loss: 0.0018434954257920766
03-17 16:40 INFO      ** Client: 0 Training complete **
03-17 16:40 INFO     Training network 1 n_training: 8000
03-17 16:40 INFO     Training network 1
03-17 16:40 INFO     n_training: 62
03-17 16:40 INFO     Client: 1 Epoch: 0 Loss: 0.00647473159610414
03-17 16:40 INFO     Client: 1 Epoch: 1 Loss: 0.002827866613158896
03-17 16:41 INFO     Client: 1 Epoch: 2 Loss: 0.0015185057948861691
03-17 16:41 INFO     Client: 1 Epoch: 3 Loss: 0.0019732196261400296
03-17 16:41 INFO     Client: 1 Epoch: 4 Loss: 0.0014224962909675895
03-17 16:41 INFO      ** Client: 1 Training complete **
03-17 16:41 INFO     global n_training: 390
03-17 16:41 INFO     global n_test: 79
03-17 16:41 INFO     >> Global Model Train accuracy: 0.8865, Train accuracy top-5: 0.9925
03-17 16:41 INFO     >> Global Model Test accuracy: 0.8547, Test accuracy top-5: 0.9907
03-17 16:41 INFO     >> Global Model Train loss: 0.4881
03-17 16:41 INFO     in comm round:43
03-17 16:41 INFO     Training network 0 n_training: 5000
03-17 16:41 INFO     Training network 0
03-17 16:41 INFO     n_training: 39
03-17 16:41 INFO     Client: 0 Epoch: 0 Loss: 0.011043863042663688
03-17 16:41 INFO     Client: 0 Epoch: 1 Loss: 0.004460328145143695
03-17 16:41 INFO     Client: 0 Epoch: 2 Loss: 0.0031614703042671466
03-17 16:41 INFO     Client: 0 Epoch: 3 Loss: 0.0022602870340984412
03-17 16:41 INFO     Client: 0 Epoch: 4 Loss: 0.0019194755586795509
03-17 16:41 INFO      ** Client: 0 Training complete **
03-17 16:41 INFO     Training network 1 n_training: 8000
03-17 16:41 INFO     Training network 1
03-17 16:41 INFO     n_training: 62
03-17 16:41 INFO     Client: 1 Epoch: 0 Loss: 0.006714947502909889
03-17 16:41 INFO     Client: 1 Epoch: 1 Loss: 0.0022065373918702526
03-17 16:41 INFO     Client: 1 Epoch: 2 Loss: 0.001914968885924487
03-17 16:41 INFO     Client: 1 Epoch: 3 Loss: 0.0016333967477323548
03-17 16:41 INFO     Client: 1 Epoch: 4 Loss: 0.0018248077324261108
03-17 16:41 INFO      ** Client: 1 Training complete **
03-17 16:41 INFO     global n_training: 390
03-17 16:41 INFO     global n_test: 79
03-17 16:41 INFO     >> Global Model Train accuracy: 0.8860, Train accuracy top-5: 0.9925
03-17 16:41 INFO     >> Global Model Test accuracy: 0.8570, Test accuracy top-5: 0.9910
03-17 16:41 INFO     >> Global Model Train loss: 0.4805
03-17 16:41 INFO     in comm round:44
03-17 16:41 INFO     Training network 0 n_training: 5000
03-17 16:41 INFO     Training network 0
03-17 16:41 INFO     n_training: 39
03-17 16:41 INFO     Client: 0 Epoch: 0 Loss: 0.011137342008833703
03-17 16:41 INFO     Client: 0 Epoch: 1 Loss: 0.0037935450971604157
03-17 16:41 INFO     Client: 0 Epoch: 2 Loss: 0.0035876412965500583
03-17 16:42 INFO     Client: 0 Epoch: 3 Loss: 0.0023886824402814875
03-17 16:42 INFO     Client: 0 Epoch: 4 Loss: 0.0027193949298145105
03-17 16:42 INFO      ** Client: 0 Training complete **
03-17 16:42 INFO     Training network 1 n_training: 8000
03-17 16:42 INFO     Training network 1
03-17 16:42 INFO     n_training: 62
03-17 16:42 INFO     Client: 1 Epoch: 0 Loss: 0.007605518096111595
03-17 16:42 INFO     Client: 1 Epoch: 1 Loss: 0.0028319424628505422
03-17 16:42 INFO     Client: 1 Epoch: 2 Loss: 0.002414293347805318
03-17 16:42 INFO     Client: 1 Epoch: 3 Loss: 0.0015705974796982182
03-17 16:42 INFO     Client: 1 Epoch: 4 Loss: 0.0015325403402394226
03-17 16:42 INFO      ** Client: 1 Training complete **
03-17 16:42 INFO     global n_training: 390
03-17 16:42 INFO     global n_test: 79
03-17 16:42 INFO     >> Global Model Train accuracy: 0.8854, Train accuracy top-5: 0.9922
03-17 16:42 INFO     >> Global Model Test accuracy: 0.8541, Test accuracy top-5: 0.9908
03-17 16:42 INFO     >> Global Model Train loss: 0.4913
03-17 16:42 INFO     in comm round:45
03-17 16:42 INFO     Training network 0 n_training: 5000
03-17 16:42 INFO     Training network 0
03-17 16:42 INFO     n_training: 39
03-17 16:42 INFO     Client: 0 Epoch: 0 Loss: 0.01318283818471126
03-17 16:42 INFO     Client: 0 Epoch: 1 Loss: 0.005811993972971463
03-17 16:42 INFO     Client: 0 Epoch: 2 Loss: 0.0036185233262725747
03-17 16:42 INFO     Client: 0 Epoch: 3 Loss: 0.004149394888932316
03-17 16:42 INFO     Client: 0 Epoch: 4 Loss: 0.002492425193150456
03-17 16:42 INFO      ** Client: 0 Training complete **
03-17 16:42 INFO     Training network 1 n_training: 8000
03-17 16:42 INFO     Training network 1
03-17 16:42 INFO     n_training: 62
03-17 16:42 INFO     Client: 1 Epoch: 0 Loss: 0.00795483611704361
03-17 16:42 INFO     Client: 1 Epoch: 1 Loss: 0.0031567471901765994
03-17 16:42 INFO     Client: 1 Epoch: 2 Loss: 0.0027573734095635554
03-17 16:42 INFO     Client: 1 Epoch: 3 Loss: 0.0019073170279302904
03-17 16:42 INFO     Client: 1 Epoch: 4 Loss: 0.0018847611039922003
03-17 16:42 INFO      ** Client: 1 Training complete **
03-17 16:42 INFO     global n_training: 390
03-17 16:42 INFO     global n_test: 79
03-17 16:43 INFO     >> Global Model Train accuracy: 0.8871, Train accuracy top-5: 0.9923
03-17 16:43 INFO     >> Global Model Test accuracy: 0.8555, Test accuracy top-5: 0.9902
03-17 16:43 INFO     >> Global Model Train loss: 0.4871
03-17 16:43 INFO     in comm round:46
03-17 16:43 INFO     Training network 0 n_training: 5000
03-17 16:43 INFO     Training network 0
03-17 16:43 INFO     n_training: 39
03-17 16:43 INFO     Client: 0 Epoch: 0 Loss: 0.01361694535574852
03-17 16:43 INFO     Client: 0 Epoch: 1 Loss: 0.006758537791215648
03-17 16:43 INFO     Client: 0 Epoch: 2 Loss: 0.0044848252631103
03-17 16:43 INFO     Client: 0 Epoch: 3 Loss: 0.0038176829813239286
03-17 16:43 INFO     Client: 0 Epoch: 4 Loss: 0.003792880568653345
03-17 16:43 INFO      ** Client: 0 Training complete **
03-17 16:43 INFO     Training network 1 n_training: 8000
03-17 16:43 INFO     Training network 1
03-17 16:43 INFO     n_training: 62
03-17 16:43 INFO     Client: 1 Epoch: 0 Loss: 0.008246468704929876
03-17 16:43 INFO     Client: 1 Epoch: 1 Loss: 0.003902366243100034
03-17 16:43 INFO     Client: 1 Epoch: 2 Loss: 0.0034524063868898777
03-17 16:43 INFO     Client: 1 Epoch: 3 Loss: 0.0028030164492872335
03-17 16:43 INFO     Client: 1 Epoch: 4 Loss: 0.0022703233961721943
03-17 16:43 INFO      ** Client: 1 Training complete **
03-17 16:43 INFO     global n_training: 390
03-17 16:43 INFO     global n_test: 79
03-17 16:43 INFO     >> Global Model Train accuracy: 0.8859, Train accuracy top-5: 0.9920
03-17 16:43 INFO     >> Global Model Test accuracy: 0.8561, Test accuracy top-5: 0.9898
03-17 16:43 INFO     >> Global Model Train loss: 0.4918
03-17 16:43 INFO     in comm round:47
03-17 16:43 INFO     Training network 0 n_training: 5000
03-17 16:43 INFO     Training network 0
03-17 16:43 INFO     n_training: 39
03-17 16:43 INFO     Client: 0 Epoch: 0 Loss: 0.016615392950673897
03-17 16:43 INFO     Client: 0 Epoch: 1 Loss: 0.008499365341730224
03-17 16:43 INFO     Client: 0 Epoch: 2 Loss: 0.0070827811693724915
03-17 16:43 INFO     Client: 0 Epoch: 3 Loss: 0.005951209963920216
03-17 16:43 INFO     Client: 0 Epoch: 4 Loss: 0.005006321013355866
03-17 16:43 INFO      ** Client: 0 Training complete **
03-17 16:43 INFO     Training network 1 n_training: 8000
03-17 16:43 INFO     Training network 1
03-17 16:43 INFO     n_training: 62
03-17 16:43 INFO     Client: 1 Epoch: 0 Loss: 0.010621758557165102
03-17 16:43 INFO     Client: 1 Epoch: 1 Loss: 0.005254082693417947
03-17 16:43 INFO     Client: 1 Epoch: 2 Loss: 0.004268360207788646
03-17 16:44 INFO     Client: 1 Epoch: 3 Loss: 0.0031087252925405457
03-17 16:44 INFO     Client: 1 Epoch: 4 Loss: 0.002798404448830913
03-17 16:44 INFO      ** Client: 1 Training complete **
03-17 16:44 INFO     global n_training: 390
03-17 16:44 INFO     global n_test: 79
03-17 16:44 INFO     >> Global Model Train accuracy: 0.8871, Train accuracy top-5: 0.9920
03-17 16:44 INFO     >> Global Model Test accuracy: 0.8560, Test accuracy top-5: 0.9899
03-17 16:44 INFO     >> Global Model Train loss: 0.4923
03-17 16:44 INFO     in comm round:48
03-17 16:44 INFO     Training network 0 n_training: 5000
03-17 16:44 INFO     Training network 0
03-17 16:44 INFO     n_training: 39
03-17 16:44 INFO     Client: 0 Epoch: 0 Loss: 0.016128353296946257
03-17 16:44 INFO     Client: 0 Epoch: 1 Loss: 0.0118904428389401
03-17 16:44 INFO     Client: 0 Epoch: 2 Loss: 0.010020269218306893
03-17 16:44 INFO     Client: 0 Epoch: 3 Loss: 0.008035484116333418
03-17 16:44 INFO     Client: 0 Epoch: 4 Loss: 0.007455645839516551
03-17 16:44 INFO      ** Client: 0 Training complete **
03-17 16:44 INFO     Training network 1 n_training: 8000
03-17 16:44 INFO     Training network 1
03-17 16:44 INFO     n_training: 62
03-17 16:44 INFO     Client: 1 Epoch: 0 Loss: 0.010925538428578406
03-17 16:44 INFO     Client: 1 Epoch: 1 Loss: 0.008228919592746083
03-17 16:44 INFO     Client: 1 Epoch: 2 Loss: 0.006565537645421442
03-17 16:44 INFO     Client: 1 Epoch: 3 Loss: 0.005816834379783681
03-17 16:44 INFO     Client: 1 Epoch: 4 Loss: 0.005069892966158448
03-17 16:44 INFO      ** Client: 1 Training complete **
03-17 16:44 INFO     global n_training: 390
03-17 16:44 INFO     global n_test: 79
03-17 16:44 INFO     >> Global Model Train accuracy: 0.8868, Train accuracy top-5: 0.9921
03-17 16:44 INFO     >> Global Model Test accuracy: 0.8548, Test accuracy top-5: 0.9899
03-17 16:44 INFO     >> Global Model Train loss: 0.4926
03-17 16:44 INFO     in comm round:49
03-17 16:44 INFO     Training network 0 n_training: 5000
03-17 16:44 INFO     Training network 0
03-17 16:44 INFO     n_training: 39
03-17 16:44 INFO     Client: 0 Epoch: 0 Loss: 0.019538831932900045
03-17 16:44 INFO     Client: 0 Epoch: 1 Loss: 0.020070547321572516
03-17 16:44 INFO     Client: 0 Epoch: 2 Loss: 0.01649440697227151
03-17 16:44 INFO     Client: 0 Epoch: 3 Loss: 0.01589849748266622
03-17 16:44 INFO     Client: 0 Epoch: 4 Loss: 0.012041326576414017
03-17 16:44 INFO      ** Client: 0 Training complete **
03-17 16:44 INFO     Training network 1 n_training: 8000
03-17 16:44 INFO     Training network 1
03-17 16:44 INFO     n_training: 62
03-17 16:45 INFO     Client: 1 Epoch: 0 Loss: 0.011171908245512074
03-17 16:45 INFO     Client: 1 Epoch: 1 Loss: 0.009911865014733085
03-17 16:45 INFO     Client: 1 Epoch: 2 Loss: 0.009239251175219374
03-17 16:45 INFO     Client: 1 Epoch: 3 Loss: 0.008575453156334978
03-17 16:45 INFO     Client: 1 Epoch: 4 Loss: 0.007714707389353744
03-17 16:45 INFO      ** Client: 1 Training complete **
03-17 16:45 INFO     global n_training: 390
03-17 16:45 INFO     global n_test: 79
03-17 16:45 INFO     >> Global Model Train accuracy: 0.8878, Train accuracy top-5: 0.9918
03-17 16:45 INFO     >> Global Model Test accuracy: 0.8551, Test accuracy top-5: 0.9900
03-17 16:45 INFO     >> Global Model Train loss: 0.4929
03-17 16:45 INFO     Starting Fine Tuning...
03-17 16:45 INFO     Training network 0
03-17 16:45 INFO     n_training: 39
03-17 16:45 INFO     Client: 0 Epoch: 0 Loss: 0.012548469914457737
03-17 16:45 INFO     Client: 0 Epoch: 1 Loss: 0.011466369713441683
03-17 16:45 INFO     Client: 0 Epoch: 2 Loss: 0.011608429384441713
03-17 16:45 INFO     Client: 0 Epoch: 3 Loss: 0.010398503512335129
03-17 16:45 INFO     Client: 0 Epoch: 4 Loss: 0.009082766261715919
03-17 16:45 INFO      ** Client: 0 Training complete **
03-17 16:45 INFO     Training network 0
03-17 16:45 INFO     n_training: 39
03-17 16:45 INFO     Client: 0 Epoch: 0 Loss: 0.008898116898937868
03-17 16:45 INFO     Client: 0 Epoch: 1 Loss: 0.009602049556680215
03-17 16:45 INFO     Client: 0 Epoch: 2 Loss: 0.008037111709992856
03-17 16:45 INFO     Client: 0 Epoch: 3 Loss: 0.00740042201971683
03-17 16:45 INFO     Client: 0 Epoch: 4 Loss: 0.009221303646858687
03-17 16:45 INFO      ** Client: 0 Training complete **
03-17 16:45 INFO     Training network 0
03-17 16:45 INFO     n_training: 39
03-17 16:45 INFO     Client: 0 Epoch: 0 Loss: 0.00781650128416144
03-17 16:45 INFO     Client: 0 Epoch: 1 Loss: 0.009087186470890466
03-17 16:45 INFO     Client: 0 Epoch: 2 Loss: 0.008190994759878287
03-17 16:45 INFO     Client: 0 Epoch: 3 Loss: 0.007885956289007878
03-17 16:45 INFO     Client: 0 Epoch: 4 Loss: 0.007073500402606068
03-17 16:45 INFO      ** Client: 0 Training complete **
03-17 16:45 INFO     Training network 0
03-17 16:45 INFO     n_training: 39
03-17 16:46 INFO     Client: 0 Epoch: 0 Loss: 0.006722397803782652
03-17 16:46 INFO     Client: 0 Epoch: 1 Loss: 0.007340877030331355
03-17 16:46 INFO     Client: 0 Epoch: 2 Loss: 0.007136697743613369
03-17 16:46 INFO     Client: 0 Epoch: 3 Loss: 0.00706065077191362
03-17 16:46 INFO     Client: 0 Epoch: 4 Loss: 0.007097643441878832
03-17 16:46 INFO      ** Client: 0 Training complete **
03-17 16:46 INFO     Training network 0
03-17 16:46 INFO     n_training: 39
03-17 16:46 INFO     Client: 0 Epoch: 0 Loss: 0.006695335975680978
03-17 16:46 INFO     Client: 0 Epoch: 1 Loss: 0.00656160069271349
03-17 16:46 INFO     Client: 0 Epoch: 2 Loss: 0.006197667250839563
03-17 16:46 INFO     Client: 0 Epoch: 3 Loss: 0.0064067381780403545
03-17 16:46 INFO     Client: 0 Epoch: 4 Loss: 0.006336755268514538
03-17 16:46 INFO      ** Client: 0 Training complete **
03-17 16:46 INFO     Training network 0
03-17 16:46 INFO     n_training: 39
03-17 16:46 INFO     Client: 0 Epoch: 0 Loss: 0.005894317202126751
03-17 16:46 INFO     Client: 0 Epoch: 1 Loss: 0.005685693288866717
03-17 16:46 INFO     Client: 0 Epoch: 2 Loss: 0.005425620877828736
03-17 16:46 INFO     Client: 0 Epoch: 3 Loss: 0.005569776293272391
03-17 16:46 INFO     Client: 0 Epoch: 4 Loss: 0.005084595642983913
03-17 16:46 INFO      ** Client: 0 Training complete **
03-17 16:46 INFO     Training network 0
03-17 16:46 INFO     n_training: 39
03-17 16:46 INFO     Client: 0 Epoch: 0 Loss: 0.005855462212378207
03-17 16:46 INFO     Client: 0 Epoch: 1 Loss: 0.0060912142507731915
03-17 16:46 INFO     Client: 0 Epoch: 2 Loss: 0.005379434922733941
03-17 16:46 INFO     Client: 0 Epoch: 3 Loss: 0.005319414294671076
03-17 16:46 INFO     Client: 0 Epoch: 4 Loss: 0.004975701374813723
03-17 16:46 INFO      ** Client: 0 Training complete **
03-17 16:46 INFO     Training network 0
03-17 16:46 INFO     n_training: 39
03-17 16:46 INFO     Client: 0 Epoch: 0 Loss: 0.0054149270200958615
03-17 16:46 INFO     Client: 0 Epoch: 1 Loss: 0.004910108227378283
03-17 16:46 INFO     Client: 0 Epoch: 2 Loss: 0.004969660840474834
03-17 16:46 INFO     Client: 0 Epoch: 3 Loss: 0.004693690484437423
03-17 16:46 INFO     Client: 0 Epoch: 4 Loss: 0.006101079816476275
03-17 16:46 INFO      ** Client: 0 Training complete **
03-17 16:46 INFO     Training network 0
03-17 16:46 INFO     n_training: 39
03-17 16:47 INFO     Client: 0 Epoch: 0 Loss: 0.005486350554304245
03-17 16:47 INFO     Client: 0 Epoch: 1 Loss: 0.004753373085688322
03-17 16:47 INFO     Client: 0 Epoch: 2 Loss: 0.005010807955374894
03-17 16:47 INFO     Client: 0 Epoch: 3 Loss: 0.0043247278946905564
03-17 16:47 INFO     Client: 0 Epoch: 4 Loss: 0.004197788702395673
03-17 16:47 INFO      ** Client: 0 Training complete **
03-17 16:47 INFO     Training network 0
03-17 16:47 INFO     n_training: 39
03-17 16:47 INFO     Client: 0 Epoch: 0 Loss: 0.00534401738192313
03-17 16:47 INFO     Client: 0 Epoch: 1 Loss: 0.004253314145339223
03-17 16:47 INFO     Client: 0 Epoch: 2 Loss: 0.004289816629189329
03-17 16:47 INFO     Client: 0 Epoch: 3 Loss: 0.004357222670641465
03-17 16:47 INFO     Client: 0 Epoch: 4 Loss: 0.004328243368758987
03-17 16:47 INFO      ** Client: 0 Training complete **
03-17 16:47 INFO     Training network 0
03-17 16:47 INFO     n_training: 39
03-17 16:47 INFO     Client: 0 Epoch: 0 Loss: 0.004023318387902318
03-17 16:47 INFO     Client: 0 Epoch: 1 Loss: 0.004384379284695173
03-17 16:47 INFO     Client: 0 Epoch: 2 Loss: 0.004338718998508575
03-17 16:47 INFO     Client: 0 Epoch: 3 Loss: 0.0035881354288460733
03-17 16:47 INFO     Client: 0 Epoch: 4 Loss: 0.004524423979604855
03-17 16:47 INFO      ** Client: 0 Training complete **
03-17 16:47 INFO     Training network 0
03-17 16:47 INFO     n_training: 39
03-17 16:47 INFO     Client: 0 Epoch: 0 Loss: 0.003922698105900333
03-17 16:47 INFO     Client: 0 Epoch: 1 Loss: 0.005056624232122722
03-17 16:47 INFO     Client: 0 Epoch: 2 Loss: 0.003795068899097924
03-17 16:47 INFO     Client: 0 Epoch: 3 Loss: 0.0040697530658247
03-17 16:47 INFO     Client: 0 Epoch: 4 Loss: 0.004683528749200587
03-17 16:47 INFO      ** Client: 0 Training complete **
03-17 16:47 INFO     Training network 0
03-17 16:47 INFO     n_training: 39
03-17 16:47 INFO     Client: 0 Epoch: 0 Loss: 0.0035072916712707435
03-17 16:47 INFO     Client: 0 Epoch: 1 Loss: 0.003979929233304201
03-17 16:47 INFO     Client: 0 Epoch: 2 Loss: 0.004067279404411331
03-17 16:47 INFO     Client: 0 Epoch: 3 Loss: 0.003932183462147338
03-17 16:47 INFO     Client: 0 Epoch: 4 Loss: 0.004610411142213986
03-17 16:47 INFO      ** Client: 0 Training complete **
03-17 16:47 INFO     Training network 1
03-17 16:47 INFO     n_training: 62
03-17 16:48 INFO     Client: 1 Epoch: 0 Loss: 0.007863192473568262
03-17 16:48 INFO     Client: 1 Epoch: 1 Loss: 0.007350712366807725
03-17 16:48 INFO     Client: 1 Epoch: 2 Loss: 0.007388054733089502
03-17 16:48 INFO     Client: 1 Epoch: 3 Loss: 0.006402636605930785
03-17 16:48 INFO     Client: 1 Epoch: 4 Loss: 0.005687510844455251
03-17 16:48 INFO      ** Client: 1 Training complete **
03-17 16:48 INFO     Training network 1
03-17 16:48 INFO     n_training: 62
03-17 16:48 INFO     Client: 1 Epoch: 0 Loss: 0.0063659027087382015
03-17 16:48 INFO     Client: 1 Epoch: 1 Loss: 0.0057879862668473395
03-17 16:48 INFO     Client: 1 Epoch: 2 Loss: 0.0056614579403803
03-17 16:48 INFO     Client: 1 Epoch: 3 Loss: 0.005562511421064095
03-17 16:48 INFO     Client: 1 Epoch: 4 Loss: 0.004967067431988975
03-17 16:48 INFO      ** Client: 1 Training complete **
03-17 16:48 INFO     Training network 1
03-17 16:48 INFO     n_training: 62
03-17 16:48 INFO     Client: 1 Epoch: 0 Loss: 0.004738491984279526
03-17 16:48 INFO     Client: 1 Epoch: 1 Loss: 0.004683197896567083
03-17 16:48 INFO     Client: 1 Epoch: 2 Loss: 0.005085985769607847
03-17 16:48 INFO     Client: 1 Epoch: 3 Loss: 0.005622283459806274
03-17 16:48 INFO     Client: 1 Epoch: 4 Loss: 0.004678860492628788
03-17 16:48 INFO      ** Client: 1 Training complete **
03-17 16:48 INFO     Training network 1
03-17 16:48 INFO     n_training: 62
03-17 16:48 INFO     Client: 1 Epoch: 0 Loss: 0.0053781037286464725
03-17 16:49 INFO     Client: 1 Epoch: 1 Loss: 0.004504169540239438
03-17 16:49 INFO     Client: 1 Epoch: 2 Loss: 0.0044558374004648816
03-17 16:49 INFO     Client: 1 Epoch: 3 Loss: 0.004118751084822561
03-17 16:49 INFO     Client: 1 Epoch: 4 Loss: 0.004202897149708963
03-17 16:49 INFO      ** Client: 1 Training complete **
03-17 16:49 INFO     Training network 1
03-17 16:49 INFO     n_training: 62
03-17 16:49 INFO     Client: 1 Epoch: 0 Loss: 0.0039845571304941855
03-17 16:49 INFO     Client: 1 Epoch: 1 Loss: 0.0036750672997215824
03-17 16:49 INFO     Client: 1 Epoch: 2 Loss: 0.0038760890733570822
03-17 16:49 INFO     Client: 1 Epoch: 3 Loss: 0.004104382782844046
03-17 16:49 INFO     Client: 1 Epoch: 4 Loss: 0.004293536058544452
03-17 16:49 INFO      ** Client: 1 Training complete **
03-17 16:49 INFO     Training network 1
03-17 16:49 INFO     n_training: 62
03-17 16:49 INFO     Client: 1 Epoch: 0 Loss: 0.00382542607258074
03-17 16:49 INFO     Client: 1 Epoch: 1 Loss: 0.0033913378710783417
03-17 16:49 INFO     Client: 1 Epoch: 2 Loss: 0.003416593670995245
03-17 16:49 INFO     Client: 1 Epoch: 3 Loss: 0.0036263018433425214
03-17 16:49 INFO     Client: 1 Epoch: 4 Loss: 0.0034370893685733
03-17 16:49 INFO      ** Client: 1 Training complete **
03-17 16:49 INFO     Training network 1
03-17 16:49 INFO     n_training: 62
03-17 16:49 INFO     Client: 1 Epoch: 0 Loss: 0.0031796414320612505
03-17 16:49 INFO     Client: 1 Epoch: 1 Loss: 0.0032315097219731297
03-17 16:49 INFO     Client: 1 Epoch: 2 Loss: 0.0030633699024028536
03-17 16:50 INFO     Client: 1 Epoch: 3 Loss: 0.003670715696869358
03-17 16:50 INFO     Client: 1 Epoch: 4 Loss: 0.003752651164353254
03-17 16:50 INFO      ** Client: 1 Training complete **
03-17 16:50 INFO     Training network 1
03-17 16:50 INFO     n_training: 62
03-17 16:50 INFO     Client: 1 Epoch: 0 Loss: 0.002695137665854887
03-17 16:50 INFO     Client: 1 Epoch: 1 Loss: 0.0032472885101132334
03-17 16:50 INFO     Client: 1 Epoch: 2 Loss: 0.0031077411934553136
03-17 16:50 INFO     Client: 1 Epoch: 3 Loss: 0.0033156510964486626
03-17 16:50 INFO     Client: 1 Epoch: 4 Loss: 0.003303635234553968
03-17 16:50 INFO      ** Client: 1 Training complete **
