03-13 16:39 INFO     cuda
03-13 16:39 INFO     Command Line Arguments: 
{
    "epochs": 5,
    "comm_round": 8,
    "sample_fraction": 1.0,
    "alpha": 0.1,
    "dataset": "cifar10",
    "datadir": "../data/",
    "partition": "iid",
    "alg": "sflv2",
    "model": "resnet-18",
    "n_parties": 5,
    "lr": 0.01,
    "mu": 1,
    "std_coeff": 2.5,
    "unif_coeff": 0.5,
    "batch_size": 128,
    "load_first_net": 1,
    "pool_option": "FIFO",
    "model_buffer_size": 1,
    "optimizer": "sgd",
    "simp_width": 1,
    "out_dim": 256,
    "reg": 0.0005,
    "temperature": 0.5,
    "logdir": "./",
    "log_file_name": "logs/experiment_log-alg=sflv2_partition=iid_lr=0.01_epochs=5_num_users=5_beta=0.1_batch_size=128_opt=sgd_dataset=cifar10_2024-03-13-1639-02",
    "seed": 42,
    "device": "cuda",
    "multiprocessing": 0
}
03-13 16:39 INFO     Data statistics: {0: {0: 973, 1: 979, 2: 1030, 3: 1023, 4: 933, 5: 1015, 6: 996, 7: 994, 8: 1017, 9: 1040}, 1: {0: 1000, 1: 1000, 2: 979, 3: 1018, 4: 1011, 5: 1018, 6: 944, 7: 999, 8: 1028, 9: 1003}, 2: {0: 981, 1: 1048, 2: 1007, 3: 991, 4: 999, 5: 998, 6: 1026, 7: 986, 8: 968, 9: 996}, 3: {0: 1036, 1: 984, 2: 991, 3: 1001, 4: 1046, 5: 965, 6: 1001, 7: 975, 8: 983, 9: 1018}, 4: {0: 1010, 1: 989, 2: 993, 3: 967, 4: 1011, 5: 1004, 6: 1033, 7: 1046, 8: 1004, 9: 943}}
03-13 16:39 INFO     in comm round:0
03-13 16:39 INFO     Training network 0 n_training: 10000
03-13 16:39 INFO     Training network 0
03-13 16:39 INFO     n_training: 78
03-13 16:39 INFO     Client: 0 Epoch: 0 Loss: 1.8993833676362648
03-13 16:39 INFO     Client: 0 Epoch: 1 Loss: 1.5444098924979186
03-13 16:39 INFO     Client: 0 Epoch: 2 Loss: 1.4022655853858361
03-13 16:39 INFO     Client: 0 Epoch: 3 Loss: 1.2377554972966511
03-13 16:39 INFO     Client: 0 Epoch: 4 Loss: 1.1608633215610797
03-13 16:39 INFO      ** Client: 0 Training complete **
03-13 16:39 INFO     Training network 1 n_training: 10000
03-13 16:39 INFO     Training network 1
03-13 16:39 INFO     n_training: 78
03-13 16:39 INFO     Client: 1 Epoch: 0 Loss: 1.8308049486233637
03-13 16:39 INFO     Client: 1 Epoch: 1 Loss: 1.5188983250886967
03-13 16:39 INFO     Client: 1 Epoch: 2 Loss: 1.345667690802843
03-13 16:39 INFO     Client: 1 Epoch: 3 Loss: 1.2162878933625343
03-13 16:39 INFO     Client: 1 Epoch: 4 Loss: 1.1115782841657982
03-13 16:39 INFO      ** Client: 1 Training complete **
03-13 16:39 INFO     Training network 2 n_training: 10000
03-13 16:39 INFO     Training network 2
03-13 16:39 INFO     n_training: 78
03-13 16:39 INFO     Client: 2 Epoch: 0 Loss: 1.8312180928694897
03-13 16:39 INFO     Client: 2 Epoch: 1 Loss: 1.4967522942102873
03-13 16:39 INFO     Client: 2 Epoch: 2 Loss: 1.356760093799004
03-13 16:39 INFO     Client: 2 Epoch: 3 Loss: 1.2022527884214351
03-13 16:39 INFO     Client: 2 Epoch: 4 Loss: 1.1013867388933132
03-13 16:39 INFO      ** Client: 2 Training complete **
03-13 16:39 INFO     Training network 3 n_training: 10000
03-13 16:39 INFO     Training network 3
03-13 16:39 INFO     n_training: 78
03-13 16:40 INFO     Client: 3 Epoch: 0 Loss: 1.828410559739822
03-13 16:40 INFO     Client: 3 Epoch: 1 Loss: 1.4943032967738616
03-13 16:40 INFO     Client: 3 Epoch: 2 Loss: 1.356443906441713
03-13 16:40 INFO     Client: 3 Epoch: 3 Loss: 1.2318274493400867
03-13 16:40 INFO     Client: 3 Epoch: 4 Loss: 1.1120606806033697
03-13 16:40 INFO      ** Client: 3 Training complete **
03-13 16:40 INFO     Training network 4 n_training: 10000
03-13 16:40 INFO     Training network 4
03-13 16:40 INFO     n_training: 78
03-13 16:40 INFO     Client: 4 Epoch: 0 Loss: 1.799052018385667
03-13 16:40 INFO     Client: 4 Epoch: 1 Loss: 1.4823848314774342
03-13 16:40 INFO     Client: 4 Epoch: 2 Loss: 1.3265051627770448
03-13 16:40 INFO     Client: 4 Epoch: 3 Loss: 1.2302012657507873
03-13 16:40 INFO     Client: 4 Epoch: 4 Loss: 1.1213419001836042
03-13 16:40 INFO      ** Client: 4 Training complete **
03-13 16:40 INFO     global n_training: 390
03-13 16:40 INFO     global n_test: 79
03-13 16:40 INFO     >> Global Model Train accuracy: 0.153446
03-13 16:40 INFO     >> Global Model Test accuracy: 0.177900
03-13 16:40 INFO     >> Global Model Train loss: 2.707424
03-13 16:40 INFO     in comm round:1
03-13 16:40 INFO     Training network 0 n_training: 10000
03-13 16:40 INFO     Training network 0
03-13 16:40 INFO     n_training: 78
03-13 16:40 INFO     Client: 0 Epoch: 0 Loss: 1.2693581932630293
03-13 16:40 INFO     Client: 0 Epoch: 1 Loss: 1.0974488923182855
03-13 16:40 INFO     Client: 0 Epoch: 2 Loss: 0.9546391597160926
03-13 16:40 INFO     Client: 0 Epoch: 3 Loss: 0.8766397245419331
03-13 16:40 INFO     Client: 0 Epoch: 4 Loss: 0.7985481337094918
03-13 16:40 INFO      ** Client: 0 Training complete **
03-13 16:40 INFO     Training network 1 n_training: 10000
03-13 16:40 INFO     Training network 1
03-13 16:40 INFO     n_training: 78
03-13 16:40 INFO     Client: 1 Epoch: 0 Loss: 1.304984844647921
03-13 16:41 INFO     Client: 1 Epoch: 1 Loss: 1.1390393170026631
03-13 16:41 INFO     Client: 1 Epoch: 2 Loss: 0.9581034290484893
03-13 16:41 INFO     Client: 1 Epoch: 3 Loss: 0.890915450377342
03-13 16:41 INFO     Client: 1 Epoch: 4 Loss: 0.8013370296893976
03-13 16:41 INFO      ** Client: 1 Training complete **
03-13 16:41 INFO     Training network 2 n_training: 10000
03-13 16:41 INFO     Training network 2
03-13 16:41 INFO     n_training: 78
03-13 16:41 INFO     Client: 2 Epoch: 0 Loss: 1.3058475026717553
03-13 16:41 INFO     Client: 2 Epoch: 1 Loss: 1.091036571142001
03-13 16:41 INFO     Client: 2 Epoch: 2 Loss: 0.9827114710441003
03-13 16:41 INFO     Client: 2 Epoch: 3 Loss: 0.88448321666473
03-13 16:41 INFO     Client: 2 Epoch: 4 Loss: 0.814412670257764
03-13 16:41 INFO      ** Client: 2 Training complete **
03-13 16:41 INFO     Training network 3 n_training: 10000
03-13 16:41 INFO     Training network 3
03-13 16:41 INFO     n_training: 78
03-13 16:41 INFO     Client: 3 Epoch: 0 Loss: 1.30552465793414
03-13 16:41 INFO     Client: 3 Epoch: 1 Loss: 1.110169944090721
03-13 16:41 INFO     Client: 3 Epoch: 2 Loss: 0.9328092833360037
03-13 16:41 INFO     Client: 3 Epoch: 3 Loss: 0.8603216486099439
03-13 16:41 INFO     Client: 3 Epoch: 4 Loss: 0.7928647085642203
03-13 16:41 INFO      ** Client: 3 Training complete **
03-13 16:41 INFO     Training network 4 n_training: 10000
03-13 16:41 INFO     Training network 4
03-13 16:41 INFO     n_training: 78
03-13 16:41 INFO     Client: 4 Epoch: 0 Loss: 1.305426869636927
03-13 16:41 INFO     Client: 4 Epoch: 1 Loss: 1.100551969729937
03-13 16:41 INFO     Client: 4 Epoch: 2 Loss: 0.9736402974678919
03-13 16:41 INFO     Client: 4 Epoch: 3 Loss: 0.882577732587472
03-13 16:42 INFO     Client: 4 Epoch: 4 Loss: 0.8105762333442004
03-13 16:42 INFO      ** Client: 4 Training complete **
03-13 16:42 INFO     global n_training: 390
03-13 16:42 INFO     global n_test: 79
03-13 16:42 INFO     >> Global Model Train accuracy: 0.690885
03-13 16:42 INFO     >> Global Model Test accuracy: 0.701900
03-13 16:42 INFO     >> Global Model Train loss: 0.870002
03-13 16:42 INFO     in comm round:2
03-13 16:42 INFO     Training network 0 n_training: 10000
03-13 16:42 INFO     Training network 0
03-13 16:42 INFO     n_training: 78
03-13 16:42 INFO     Client: 0 Epoch: 0 Loss: 0.805201367690013
03-13 16:42 INFO     Client: 0 Epoch: 1 Loss: 0.7446977465580671
03-13 16:42 INFO     Client: 0 Epoch: 2 Loss: 0.6953428979867544
03-13 16:42 INFO     Client: 0 Epoch: 3 Loss: 0.645670989767099
03-13 16:42 INFO     Client: 0 Epoch: 4 Loss: 0.5906969037575599
03-13 16:42 INFO      ** Client: 0 Training complete **
03-13 16:42 INFO     Training network 1 n_training: 10000
03-13 16:42 INFO     Training network 1
03-13 16:42 INFO     n_training: 78
03-13 16:42 INFO     Client: 1 Epoch: 0 Loss: 0.7990772120463543
03-13 16:42 INFO     Client: 1 Epoch: 1 Loss: 0.7433263078714029
03-13 16:42 INFO     Client: 1 Epoch: 2 Loss: 0.6856332757534125
03-13 16:42 INFO     Client: 1 Epoch: 3 Loss: 0.6349297975882505
03-13 16:42 INFO     Client: 1 Epoch: 4 Loss: 0.5992515813081692
03-13 16:42 INFO      ** Client: 1 Training complete **
03-13 16:42 INFO     Training network 2 n_training: 10000
03-13 16:42 INFO     Training network 2
03-13 16:42 INFO     n_training: 78
03-13 16:42 INFO     Client: 2 Epoch: 0 Loss: 0.8074249785680038
03-13 16:42 INFO     Client: 2 Epoch: 1 Loss: 0.7515770770036257
03-13 16:42 INFO     Client: 2 Epoch: 2 Loss: 0.6821616796346811
03-13 16:42 INFO     Client: 2 Epoch: 3 Loss: 0.639191950743015
03-13 16:42 INFO     Client: 2 Epoch: 4 Loss: 0.5876833785038728
03-13 16:42 INFO      ** Client: 2 Training complete **
03-13 16:42 INFO     Training network 3 n_training: 10000
03-13 16:42 INFO     Training network 3
03-13 16:42 INFO     n_training: 78
03-13 16:42 INFO     Client: 3 Epoch: 0 Loss: 0.8034494985372592
03-13 16:43 INFO     Client: 3 Epoch: 1 Loss: 0.7490600775449704
03-13 16:43 INFO     Client: 3 Epoch: 2 Loss: 0.6722347186161921
03-13 16:43 INFO     Client: 3 Epoch: 3 Loss: 0.6165792120572848
03-13 16:43 INFO     Client: 3 Epoch: 4 Loss: 0.5760236130310938
03-13 16:43 INFO      ** Client: 3 Training complete **
03-13 16:43 INFO     Training network 4 n_training: 10000
03-13 16:43 INFO     Training network 4
03-13 16:43 INFO     n_training: 78
03-13 16:43 INFO     Client: 4 Epoch: 0 Loss: 0.8122979188576723
03-13 16:43 INFO     Client: 4 Epoch: 1 Loss: 0.7548480286048009
03-13 16:43 INFO     Client: 4 Epoch: 2 Loss: 0.7026033940223547
03-13 16:43 INFO     Client: 4 Epoch: 3 Loss: 0.6393959373235703
03-13 16:43 INFO     Client: 4 Epoch: 4 Loss: 0.5780137655062553
03-13 16:43 INFO      ** Client: 4 Training complete **
03-13 16:43 INFO     global n_training: 390
03-13 16:43 INFO     global n_test: 79
03-13 16:43 INFO     >> Global Model Train accuracy: 0.809635
03-13 16:43 INFO     >> Global Model Test accuracy: 0.806100
03-13 16:43 INFO     >> Global Model Train loss: 0.542670
03-13 16:43 INFO     in comm round:3
03-13 16:43 INFO     Training network 0 n_training: 10000
03-13 16:43 INFO     Training network 0
03-13 16:43 INFO     n_training: 78
03-13 16:43 INFO     Client: 0 Epoch: 0 Loss: 0.6298358123271893
03-13 16:43 INFO     Client: 0 Epoch: 1 Loss: 0.5627510864765216
03-13 16:43 INFO     Client: 0 Epoch: 2 Loss: 0.5461875097109721
03-13 16:43 INFO     Client: 0 Epoch: 3 Loss: 0.4949014695026936
03-13 16:43 INFO     Client: 0 Epoch: 4 Loss: 0.48015911686114776
03-13 16:43 INFO      ** Client: 0 Training complete **
03-13 16:43 INFO     Training network 1 n_training: 10000
03-13 16:43 INFO     Training network 1
03-13 16:43 INFO     n_training: 78
03-13 16:43 INFO     Client: 1 Epoch: 0 Loss: 0.6410493384569119
03-13 16:43 INFO     Client: 1 Epoch: 1 Loss: 0.5968217834448203
03-13 16:44 INFO     Client: 1 Epoch: 2 Loss: 0.557324190552418
03-13 16:44 INFO     Client: 1 Epoch: 3 Loss: 0.495286830724814
03-13 16:44 INFO     Client: 1 Epoch: 4 Loss: 0.46615729958583146
03-13 16:44 INFO      ** Client: 1 Training complete **
03-13 16:44 INFO     Training network 2 n_training: 10000
03-13 16:44 INFO     Training network 2
03-13 16:44 INFO     n_training: 78
03-13 16:44 INFO     Client: 2 Epoch: 0 Loss: 0.6216536664809936
03-13 16:44 INFO     Client: 2 Epoch: 1 Loss: 0.5888248643813989
03-13 16:44 INFO     Client: 2 Epoch: 2 Loss: 0.5510972107832248
03-13 16:44 INFO     Client: 2 Epoch: 3 Loss: 0.4984250756410452
03-13 16:44 INFO     Client: 2 Epoch: 4 Loss: 0.4658436610912665
03-13 16:44 INFO      ** Client: 2 Training complete **
03-13 16:44 INFO     Training network 3 n_training: 10000
03-13 16:44 INFO     Training network 3
03-13 16:44 INFO     n_training: 78
03-13 16:44 INFO     Client: 3 Epoch: 0 Loss: 0.60535528529913
03-13 16:44 INFO     Client: 3 Epoch: 1 Loss: 0.5615339817909094
03-13 16:44 INFO     Client: 3 Epoch: 2 Loss: 0.5307055975382144
03-13 16:44 INFO     Client: 3 Epoch: 3 Loss: 0.5150486429532369
03-13 16:44 INFO     Client: 3 Epoch: 4 Loss: 0.4590323070685069
03-13 16:44 INFO      ** Client: 3 Training complete **
03-13 16:44 INFO     Training network 4 n_training: 10000
03-13 16:44 INFO     Training network 4
03-13 16:44 INFO     n_training: 78
03-13 16:44 INFO     Client: 4 Epoch: 0 Loss: 0.6323373134319599
03-13 16:44 INFO     Client: 4 Epoch: 1 Loss: 0.5804718354573617
03-13 16:44 INFO     Client: 4 Epoch: 2 Loss: 0.5511193699561633
03-13 16:44 INFO     Client: 4 Epoch: 3 Loss: 0.5274797047560031
03-13 16:44 INFO     Client: 4 Epoch: 4 Loss: 0.47376182140448153
03-13 16:44 INFO      ** Client: 4 Training complete **
03-13 16:44 INFO     global n_training: 390
03-13 16:44 INFO     global n_test: 79
03-13 16:45 INFO     >> Global Model Train accuracy: 0.845813
03-13 16:45 INFO     >> Global Model Test accuracy: 0.833700
03-13 16:45 INFO     >> Global Model Train loss: 0.442111
03-13 16:45 INFO     in comm round:4
03-13 16:45 INFO     Training network 0 n_training: 10000
03-13 16:45 INFO     Training network 0
03-13 16:45 INFO     n_training: 78
03-13 16:45 INFO     Client: 0 Epoch: 0 Loss: 0.5092051804829867
03-13 16:45 INFO     Client: 0 Epoch: 1 Loss: 0.47951068519017637
03-13 16:45 INFO     Client: 0 Epoch: 2 Loss: 0.44333652960948455
03-13 16:45 INFO     Client: 0 Epoch: 3 Loss: 0.4141916456894997
03-13 16:45 INFO     Client: 0 Epoch: 4 Loss: 0.38810620991847455
03-13 16:45 INFO      ** Client: 0 Training complete **
03-13 16:45 INFO     Training network 1 n_training: 10000
03-13 16:45 INFO     Training network 1
03-13 16:45 INFO     n_training: 78
03-13 16:45 INFO     Client: 1 Epoch: 0 Loss: 0.516807422423974
03-13 16:45 INFO     Client: 1 Epoch: 1 Loss: 0.4876145884776727
03-13 16:45 INFO     Client: 1 Epoch: 2 Loss: 0.45335406867357403
03-13 16:45 INFO     Client: 1 Epoch: 3 Loss: 0.413648593884248
03-13 16:45 INFO     Client: 1 Epoch: 4 Loss: 0.4066727719245813
03-13 16:45 INFO      ** Client: 1 Training complete **
03-13 16:45 INFO     Training network 2 n_training: 10000
03-13 16:45 INFO     Training network 2
03-13 16:45 INFO     n_training: 78
03-13 16:45 INFO     Client: 2 Epoch: 0 Loss: 0.5166730445164901
03-13 16:45 INFO     Client: 2 Epoch: 1 Loss: 0.4737815444286053
03-13 16:45 INFO     Client: 2 Epoch: 2 Loss: 0.44633644819259644
03-13 16:45 INFO     Client: 2 Epoch: 3 Loss: 0.4213085407629991
03-13 16:45 INFO     Client: 2 Epoch: 4 Loss: 0.3918471865547009
03-13 16:45 INFO      ** Client: 2 Training complete **
03-13 16:45 INFO     Training network 3 n_training: 10000
03-13 16:45 INFO     Training network 3
03-13 16:45 INFO     n_training: 78
03-13 16:45 INFO     Client: 3 Epoch: 0 Loss: 0.5192838026544987
03-13 16:45 INFO     Client: 3 Epoch: 1 Loss: 0.47843195001284283
03-13 16:46 INFO     Client: 3 Epoch: 2 Loss: 0.42702257766937596
03-13 16:46 INFO     Client: 3 Epoch: 3 Loss: 0.41271885541769177
03-13 16:46 INFO     Client: 3 Epoch: 4 Loss: 0.37935506399625385
03-13 16:46 INFO      ** Client: 3 Training complete **
03-13 16:46 INFO     Training network 4 n_training: 10000
03-13 16:46 INFO     Training network 4
03-13 16:46 INFO     n_training: 78
03-13 16:46 INFO     Client: 4 Epoch: 0 Loss: 0.5337018983868452
03-13 16:46 INFO     Client: 4 Epoch: 1 Loss: 0.47274963634136397
03-13 16:46 INFO     Client: 4 Epoch: 2 Loss: 0.4598776556742497
03-13 16:46 INFO     Client: 4 Epoch: 3 Loss: 0.4261159573992093
03-13 16:46 INFO     Client: 4 Epoch: 4 Loss: 0.3952709587338643
03-13 16:46 INFO      ** Client: 4 Training complete **
03-13 16:46 INFO     global n_training: 390
03-13 16:46 INFO     global n_test: 79
03-13 16:46 INFO     >> Global Model Train accuracy: 0.872937
03-13 16:46 INFO     >> Global Model Test accuracy: 0.855800
03-13 16:46 INFO     >> Global Model Train loss: 0.367250
03-13 16:46 INFO     in comm round:5
03-13 16:46 INFO     Training network 0 n_training: 10000
03-13 16:46 INFO     Training network 0
03-13 16:46 INFO     n_training: 78
03-13 16:46 INFO     Client: 0 Epoch: 0 Loss: 0.43391666465844864
03-13 16:46 INFO     Client: 0 Epoch: 1 Loss: 0.4151324343222838
03-13 16:46 INFO     Client: 0 Epoch: 2 Loss: 0.3720996700800382
03-13 16:46 INFO     Client: 0 Epoch: 3 Loss: 0.353385400504638
03-13 16:46 INFO     Client: 0 Epoch: 4 Loss: 0.3287683945053663
03-13 16:46 INFO      ** Client: 0 Training complete **
03-13 16:46 INFO     Training network 1 n_training: 10000
03-13 16:46 INFO     Training network 1
03-13 16:46 INFO     n_training: 78
03-13 16:46 INFO     Client: 1 Epoch: 0 Loss: 0.4391235468479303
03-13 16:46 INFO     Client: 1 Epoch: 1 Loss: 0.40704985956350964
03-13 16:46 INFO     Client: 1 Epoch: 2 Loss: 0.382972514973237
03-13 16:46 INFO     Client: 1 Epoch: 3 Loss: 0.35689045087649274
03-13 16:47 INFO     Client: 1 Epoch: 4 Loss: 0.33612406502167386
03-13 16:47 INFO      ** Client: 1 Training complete **
03-13 16:47 INFO     Training network 2 n_training: 10000
03-13 16:47 INFO     Training network 2
03-13 16:47 INFO     n_training: 78
03-13 16:47 INFO     Client: 2 Epoch: 0 Loss: 0.4518069747166756
03-13 16:47 INFO     Client: 2 Epoch: 1 Loss: 0.4035560125723863
03-13 16:47 INFO     Client: 2 Epoch: 2 Loss: 0.3681511294383269
03-13 16:47 INFO     Client: 2 Epoch: 3 Loss: 0.36588929211482024
03-13 16:47 INFO     Client: 2 Epoch: 4 Loss: 0.32439823868947154
03-13 16:47 INFO      ** Client: 2 Training complete **
03-13 16:47 INFO     Training network 3 n_training: 10000
03-13 16:47 INFO     Training network 3
03-13 16:47 INFO     n_training: 78
03-13 16:47 INFO     Client: 3 Epoch: 0 Loss: 0.43168299320416575
03-13 16:47 INFO     Client: 3 Epoch: 1 Loss: 0.4112719836143347
03-13 16:47 INFO     Client: 3 Epoch: 2 Loss: 0.36685906770901805
03-13 16:47 INFO     Client: 3 Epoch: 3 Loss: 0.3601385740897594
03-13 16:47 INFO     Client: 3 Epoch: 4 Loss: 0.3124297933700757
03-13 16:47 INFO      ** Client: 3 Training complete **
03-13 16:47 INFO     Training network 4 n_training: 10000
03-13 16:47 INFO     Training network 4
03-13 16:47 INFO     n_training: 78
03-13 16:47 INFO     Client: 4 Epoch: 0 Loss: 0.4456081080895204
03-13 16:47 INFO     Client: 4 Epoch: 1 Loss: 0.40352662881979573
03-13 16:47 INFO     Client: 4 Epoch: 2 Loss: 0.3751157827866383
03-13 16:47 INFO     Client: 4 Epoch: 3 Loss: 0.366022367699024
03-13 16:47 INFO     Client: 4 Epoch: 4 Loss: 0.33725126259602034
03-13 16:47 INFO      ** Client: 4 Training complete **
03-13 16:47 INFO     global n_training: 390
03-13 16:47 INFO     global n_test: 79
03-13 16:47 INFO     >> Global Model Train accuracy: 0.890304
03-13 16:47 INFO     >> Global Model Test accuracy: 0.869500
03-13 16:47 INFO     >> Global Model Train loss: 0.318232
03-13 16:47 INFO     in comm round:6
03-13 16:47 INFO     Training network 0 n_training: 10000
03-13 16:47 INFO     Training network 0
03-13 16:47 INFO     n_training: 78
03-13 16:48 INFO     Client: 0 Epoch: 0 Loss: 0.38121365851316696
03-13 16:48 INFO     Client: 0 Epoch: 1 Loss: 0.36480817924707365
03-13 16:48 INFO     Client: 0 Epoch: 2 Loss: 0.321034098473879
03-13 16:48 INFO     Client: 0 Epoch: 3 Loss: 0.2993462207989815
03-13 16:48 INFO     Client: 0 Epoch: 4 Loss: 0.2837843935077007
03-13 16:48 INFO      ** Client: 0 Training complete **
03-13 16:48 INFO     Training network 1 n_training: 10000
03-13 16:48 INFO     Training network 1
03-13 16:48 INFO     n_training: 78
03-13 16:48 INFO     Client: 1 Epoch: 0 Loss: 0.3767054631159856
03-13 16:48 INFO     Client: 1 Epoch: 1 Loss: 0.37322670278640896
03-13 16:48 INFO     Client: 1 Epoch: 2 Loss: 0.34566862193437725
03-13 16:48 INFO     Client: 1 Epoch: 3 Loss: 0.3039669963793877
03-13 16:48 INFO     Client: 1 Epoch: 4 Loss: 0.2925505437530004
03-13 16:48 INFO      ** Client: 1 Training complete **
03-13 16:48 INFO     Training network 2 n_training: 10000
03-13 16:48 INFO     Training network 2
03-13 16:48 INFO     n_training: 78
03-13 16:48 INFO     Client: 2 Epoch: 0 Loss: 0.3707256372540425
03-13 16:48 INFO     Client: 2 Epoch: 1 Loss: 0.3581091853288504
03-13 16:48 INFO     Client: 2 Epoch: 2 Loss: 0.34219839977912414
03-13 16:48 INFO     Client: 2 Epoch: 3 Loss: 0.3110020691767717
03-13 16:48 INFO     Client: 2 Epoch: 4 Loss: 0.2912462655550394
03-13 16:48 INFO      ** Client: 2 Training complete **
03-13 16:48 INFO     Training network 3 n_training: 10000
03-13 16:48 INFO     Training network 3
03-13 16:48 INFO     n_training: 78
03-13 16:48 INFO     Client: 3 Epoch: 0 Loss: 0.3885383080595579
03-13 16:48 INFO     Client: 3 Epoch: 1 Loss: 0.35675771840107745
03-13 16:48 INFO     Client: 3 Epoch: 2 Loss: 0.31014407578951275
03-13 16:48 INFO     Client: 3 Epoch: 3 Loss: 0.30559681814450484
03-13 16:49 INFO     Client: 3 Epoch: 4 Loss: 0.28286707878876954
03-13 16:49 INFO      ** Client: 3 Training complete **
03-13 16:49 INFO     Training network 4 n_training: 10000
03-13 16:49 INFO     Training network 4
03-13 16:49 INFO     n_training: 78
03-13 16:49 INFO     Client: 4 Epoch: 0 Loss: 0.38055291332495517
03-13 16:49 INFO     Client: 4 Epoch: 1 Loss: 0.3593134438762298
03-13 16:49 INFO     Client: 4 Epoch: 2 Loss: 0.32537154929760176
03-13 16:49 INFO     Client: 4 Epoch: 3 Loss: 0.29743098544004637
03-13 16:49 INFO     Client: 4 Epoch: 4 Loss: 0.28553461703734523
03-13 16:49 INFO      ** Client: 4 Training complete **
03-13 16:49 INFO     global n_training: 390
03-13 16:49 INFO     global n_test: 79
03-13 16:49 INFO     >> Global Model Train accuracy: 0.905369
03-13 16:49 INFO     >> Global Model Test accuracy: 0.879600
03-13 16:49 INFO     >> Global Model Train loss: 0.275819
03-13 16:49 INFO     in comm round:7
03-13 16:49 INFO     Training network 0 n_training: 10000
03-13 16:49 INFO     Training network 0
03-13 16:49 INFO     n_training: 78
03-13 16:49 INFO     Client: 0 Epoch: 0 Loss: 0.3408989369487151
03-13 16:49 INFO     Client: 0 Epoch: 1 Loss: 0.3131036422191522
03-13 16:49 INFO     Client: 0 Epoch: 2 Loss: 0.29602456169250685
03-13 16:49 INFO     Client: 0 Epoch: 3 Loss: 0.27527170800245726
03-13 16:49 INFO     Client: 0 Epoch: 4 Loss: 0.25800533095995587
03-13 16:49 INFO      ** Client: 0 Training complete **
03-13 16:49 INFO     Training network 1 n_training: 10000
03-13 16:49 INFO     Training network 1
03-13 16:49 INFO     n_training: 78
03-13 16:49 INFO     Client: 1 Epoch: 0 Loss: 0.33798979681271774
03-13 16:49 INFO     Client: 1 Epoch: 1 Loss: 0.3129270074841304
03-13 16:49 INFO     Client: 1 Epoch: 2 Loss: 0.28623132293040937
03-13 16:49 INFO     Client: 1 Epoch: 3 Loss: 0.25801412780315447
03-13 16:49 INFO     Client: 1 Epoch: 4 Loss: 0.26181649703245896
03-13 16:49 INFO      ** Client: 1 Training complete **
03-13 16:49 INFO     Training network 2 n_training: 10000
03-13 16:49 INFO     Training network 2
03-13 16:49 INFO     n_training: 78
03-13 16:50 INFO     Client: 2 Epoch: 0 Loss: 0.34165894221036863
03-13 16:50 INFO     Client: 2 Epoch: 1 Loss: 0.3159311451973059
03-13 16:50 INFO     Client: 2 Epoch: 2 Loss: 0.2872805591577139
03-13 16:50 INFO     Client: 2 Epoch: 3 Loss: 0.27176414258204973
03-13 16:50 INFO     Client: 2 Epoch: 4 Loss: 0.2594708252029541
03-13 16:50 INFO      ** Client: 2 Training complete **
03-13 16:50 INFO     Training network 3 n_training: 10000
03-13 16:50 INFO     Training network 3
03-13 16:50 INFO     n_training: 78
03-13 16:50 INFO     Client: 3 Epoch: 0 Loss: 0.34421540548404056
03-13 16:50 INFO     Client: 3 Epoch: 1 Loss: 0.3091811906450834
03-13 16:50 INFO     Client: 3 Epoch: 2 Loss: 0.27686535051235783
03-13 16:50 INFO     Client: 3 Epoch: 3 Loss: 0.26363773739490753
03-13 16:50 INFO     Client: 3 Epoch: 4 Loss: 0.2578210442876204
03-13 16:50 INFO      ** Client: 3 Training complete **
03-13 16:50 INFO     Training network 4 n_training: 10000
03-13 16:50 INFO     Training network 4
03-13 16:50 INFO     n_training: 78
03-13 16:50 INFO     Client: 4 Epoch: 0 Loss: 0.35079147953253526
03-13 16:50 INFO     Client: 4 Epoch: 1 Loss: 0.314918767565336
03-13 16:50 INFO     Client: 4 Epoch: 2 Loss: 0.2994706153105467
03-13 16:50 INFO     Client: 4 Epoch: 3 Loss: 0.27107716351747513
03-13 16:50 INFO     Client: 4 Epoch: 4 Loss: 0.24299291368478385
03-13 16:50 INFO      ** Client: 4 Training complete **
03-13 16:50 INFO     global n_training: 390
03-13 16:50 INFO     global n_test: 79
03-13 16:50 INFO     >> Global Model Train accuracy: 0.917648
03-13 16:50 INFO     >> Global Model Test accuracy: 0.892400
03-13 16:50 INFO     >> Global Model Train loss: 0.236001
03-13 16:50 INFO     Starting Fine Tuning...
03-13 16:50 INFO     Training network 0
03-13 16:50 INFO     n_training: 78
03-13 16:50 INFO     Client: 0 Epoch: 0 Loss: 0.2102052512077185
03-13 16:50 INFO     Client: 0 Epoch: 1 Loss: 0.22476986795663834
03-13 16:51 INFO     Client: 0 Epoch: 2 Loss: 0.21025084159695184
03-13 16:51 INFO     Client: 0 Epoch: 3 Loss: 0.18862497071043038
03-13 16:51 INFO     Client: 0 Epoch: 4 Loss: 0.17864434354198286
03-13 16:51 INFO      ** Client: 0 Training complete **
