05-16 16:27 INFO     cuda
05-16 16:27 INFO     Command Line Arguments: 
{
    "epochs": 5,
    "comm_round": 100,
    "sample_fraction": 1.0,
    "alpha": 0.01,
    "dataset": "cifar10",
    "datadir": "../data/",
    "partition": "iid",
    "alg": "centralized",
    "model": "resnet-18",
    "split_layer": 1,
    "n_parties": 1,
    "lr": 0.001,
    "mu": 1,
    "std_coeff": 2.5,
    "unif_coeff": 0.5,
    "batch_size": 128,
    "load_first_net": 1,
    "pool_option": "FIFO",
    "model_buffer_size": 1,
    "optimizer": "adam",
    "simp_width": 1,
    "out_dim": 256,
    "reg": 0.0005,
    "temperature": 0.5,
    "logdir": "./",
    "log_file_name": "logs/experiment_log-alg=centralized_partition=iid_lr=0.001_epochs=5_num_users=1_beta=0.01_batch_size=128_opt=adam_dataset=cifar10_2024-05-16-1627-44",
    "seed": 12,
    "device": "cuda:5",
    "accuracies_file": "logs/resnet_18_100_users.csv",
    "dont_skip": false,
    "n_train_workers": 1,
    "n_test_workers": 1,
    "arch": "mobilenet_v3_large",
    "multiprocessing": 0
}
05-16 16:27 INFO     Data statistics: {0: {0: 5000, 1: 5000, 2: 5000, 3: 5000, 4: 5000, 5: 5000, 6: 5000, 7: 5000, 8: 5000, 9: 5000}}
05-16 16:28 INFO     in comm round:1 >> Global Model Test accuracy: 0.5512
05-16 16:28 INFO     in comm round:2 >> Global Model Test accuracy: 0.5996
05-16 16:28 INFO     in comm round:3 >> Global Model Test accuracy: 0.6164
05-16 16:29 INFO     in comm round:4 >> Global Model Test accuracy: 0.7508
05-16 16:29 INFO     in comm round:5 >> Global Model Test accuracy: 0.7807
05-16 16:29 INFO     in comm round:6 >> Global Model Test accuracy: 0.7755
05-16 16:30 INFO     in comm round:7 >> Global Model Test accuracy: 0.7829
05-16 16:30 INFO     in comm round:8 >> Global Model Test accuracy: 0.7623
05-16 16:30 INFO     in comm round:9 >> Global Model Test accuracy: 0.8240
05-16 16:31 INFO     in comm round:10 >> Global Model Test accuracy: 0.8197
05-16 16:31 INFO     in comm round:11 >> Global Model Test accuracy: 0.7900
05-16 16:31 INFO     in comm round:12 >> Global Model Test accuracy: 0.7978
05-16 16:32 INFO     in comm round:13 >> Global Model Test accuracy: 0.8349
05-16 16:32 INFO     in comm round:14 >> Global Model Test accuracy: 0.8220
05-16 16:32 INFO     in comm round:15 >> Global Model Test accuracy: 0.8393
05-16 16:33 INFO     in comm round:16 >> Global Model Test accuracy: 0.8456
05-16 16:33 INFO     in comm round:17 >> Global Model Test accuracy: 0.8349
05-16 16:33 INFO     in comm round:18 >> Global Model Test accuracy: 0.8434
05-16 16:34 INFO     in comm round:19 >> Global Model Test accuracy: 0.8452
05-16 16:34 INFO     in comm round:20 >> Global Model Test accuracy: 0.8470
05-16 16:34 INFO     in comm round:21 >> Global Model Test accuracy: 0.8538
05-16 16:35 INFO     in comm round:22 >> Global Model Test accuracy: 0.8545
05-16 16:35 INFO     in comm round:23 >> Global Model Test accuracy: 0.8639
05-16 16:35 INFO     in comm round:24 >> Global Model Test accuracy: 0.8646
05-16 16:35 INFO     in comm round:25 >> Global Model Test accuracy: 0.8717
05-16 16:36 INFO     in comm round:26 >> Global Model Test accuracy: 0.8650
05-16 16:36 INFO     in comm round:27 >> Global Model Test accuracy: 0.8439
05-16 16:36 INFO     in comm round:28 >> Global Model Test accuracy: 0.8683
05-16 16:37 INFO     in comm round:29 >> Global Model Test accuracy: 0.8527
05-16 16:37 INFO     in comm round:30 >> Global Model Test accuracy: 0.8765
05-16 16:37 INFO     in comm round:31 >> Global Model Test accuracy: 0.8644
05-16 16:38 INFO     in comm round:32 >> Global Model Test accuracy: 0.8687
05-16 16:38 INFO     in comm round:33 >> Global Model Test accuracy: 0.8632
05-16 16:38 INFO     in comm round:34 >> Global Model Test accuracy: 0.8555
05-16 16:39 INFO     in comm round:35 >> Global Model Test accuracy: 0.8662
05-16 16:39 INFO     in comm round:36 >> Global Model Test accuracy: 0.8732
05-16 16:39 INFO     in comm round:37 >> Global Model Test accuracy: 0.8691
05-16 16:40 INFO     in comm round:38 >> Global Model Test accuracy: 0.8647
05-16 16:40 INFO     in comm round:39 >> Global Model Test accuracy: 0.8678
05-16 16:40 INFO     in comm round:40 >> Global Model Test accuracy: 0.8616
05-16 16:41 INFO     in comm round:41 >> Global Model Test accuracy: 0.8655
05-16 16:41 INFO     in comm round:42 >> Global Model Test accuracy: 0.8655
05-16 16:41 INFO     in comm round:43 >> Global Model Test accuracy: 0.8750
05-16 16:42 INFO     in comm round:44 >> Global Model Test accuracy: 0.8709
05-16 16:42 INFO     in comm round:45 >> Global Model Test accuracy: 0.8746
05-16 16:42 INFO     in comm round:46 >> Global Model Test accuracy: 0.8801
05-16 16:43 INFO     in comm round:47 >> Global Model Test accuracy: 0.8701
05-16 16:43 INFO     in comm round:48 >> Global Model Test accuracy: 0.8652
05-16 16:43 INFO     in comm round:49 >> Global Model Test accuracy: 0.8667
05-16 16:44 INFO     in comm round:50 >> Global Model Test accuracy: 0.8804
05-16 16:44 INFO     in comm round:51 >> Global Model Test accuracy: 0.8724
05-16 16:44 INFO     in comm round:52 >> Global Model Test accuracy: 0.8730
05-16 16:45 INFO     in comm round:53 >> Global Model Test accuracy: 0.8845
05-16 16:45 INFO     in comm round:54 >> Global Model Test accuracy: 0.8693
05-16 16:45 INFO     in comm round:55 >> Global Model Test accuracy: 0.8655
05-16 16:46 INFO     in comm round:56 >> Global Model Test accuracy: 0.8782
05-16 16:46 INFO     in comm round:57 >> Global Model Test accuracy: 0.8545
05-16 16:46 INFO     in comm round:58 >> Global Model Test accuracy: 0.8761
05-16 16:47 INFO     in comm round:59 >> Global Model Test accuracy: 0.8788
05-16 16:47 INFO     in comm round:60 >> Global Model Test accuracy: 0.8776
05-16 16:47 INFO     in comm round:61 >> Global Model Test accuracy: 0.8779
05-16 16:48 INFO     in comm round:62 >> Global Model Test accuracy: 0.8703
05-16 16:48 INFO     in comm round:63 >> Global Model Test accuracy: 0.8553
05-16 16:48 INFO     in comm round:64 >> Global Model Test accuracy: 0.8724
05-16 16:49 INFO     in comm round:65 >> Global Model Test accuracy: 0.8732
05-16 16:49 INFO     in comm round:66 >> Global Model Test accuracy: 0.8762
05-16 16:49 INFO     in comm round:67 >> Global Model Test accuracy: 0.8854
05-16 16:50 INFO     in comm round:68 >> Global Model Test accuracy: 0.8866
05-16 16:50 INFO     in comm round:69 >> Global Model Test accuracy: 0.8744
05-16 16:50 INFO     in comm round:70 >> Global Model Test accuracy: 0.8700
05-16 16:51 INFO     in comm round:71 >> Global Model Test accuracy: 0.8469
05-16 16:51 INFO     in comm round:72 >> Global Model Test accuracy: 0.8538
05-16 16:51 INFO     in comm round:73 >> Global Model Test accuracy: 0.8749
05-16 16:52 INFO     in comm round:74 >> Global Model Test accuracy: 0.8648
05-16 16:52 INFO     in comm round:75 >> Global Model Test accuracy: 0.8678
05-16 16:52 INFO     in comm round:76 >> Global Model Test accuracy: 0.8721
05-16 16:53 INFO     in comm round:77 >> Global Model Test accuracy: 0.8727
05-16 16:53 INFO     in comm round:78 >> Global Model Test accuracy: 0.8800
05-16 16:53 INFO     in comm round:79 >> Global Model Test accuracy: 0.8722
05-16 16:54 INFO     in comm round:80 >> Global Model Test accuracy: 0.8791
05-16 16:54 INFO     in comm round:81 >> Global Model Test accuracy: 0.8840
05-16 16:54 INFO     in comm round:82 >> Global Model Test accuracy: 0.8738
05-16 16:55 INFO     in comm round:83 >> Global Model Test accuracy: 0.8672
05-16 16:55 INFO     in comm round:84 >> Global Model Test accuracy: 0.8726
05-16 16:55 INFO     in comm round:85 >> Global Model Test accuracy: 0.8795
05-16 16:56 INFO     in comm round:86 >> Global Model Test accuracy: 0.8802
05-16 16:56 INFO     in comm round:87 >> Global Model Test accuracy: 0.8726
05-16 16:56 INFO     in comm round:88 >> Global Model Test accuracy: 0.8721
05-16 16:57 INFO     in comm round:89 >> Global Model Test accuracy: 0.8842
05-16 16:57 INFO     in comm round:90 >> Global Model Test accuracy: 0.8795
05-16 16:57 INFO     in comm round:91 >> Global Model Test accuracy: 0.8712
05-16 16:58 INFO     in comm round:92 >> Global Model Test accuracy: 0.8822
05-16 16:58 INFO     in comm round:93 >> Global Model Test accuracy: 0.8746
05-16 16:58 INFO     in comm round:94 >> Global Model Test accuracy: 0.8778
05-16 16:59 INFO     in comm round:95 >> Global Model Test accuracy: 0.8748
05-16 16:59 INFO     in comm round:96 >> Global Model Test accuracy: 0.8726
05-16 16:59 INFO     in comm round:97 >> Global Model Test accuracy: 0.8705
05-16 17:00 INFO     in comm round:98 >> Global Model Test accuracy: 0.8624
05-16 17:00 INFO     in comm round:99 >> Global Model Test accuracy: 0.8832
05-16 17:00 INFO     in comm round:100 >> Global Model Test accuracy: 0.8888
05-16 17:00 INFO     Starting Fine Tuning...
