03-17 15:33 INFO     cuda:4
03-17 15:33 INFO     Command Line Arguments: 
{
    "epochs": 5,
    "comm_round": 50,
    "sample_fraction": 1.0,
    "alpha": 1.0,
    "dataset": "cifar10",
    "datadir": "../data/",
    "partition": "subsample",
    "alg": "sflv1",
    "model": "resnet-18",
    "n_parties": 2,
    "lr": 0.01,
    "mu": 1,
    "std_coeff": 2.5,
    "unif_coeff": 0.5,
    "batch_size": 128,
    "load_first_net": 1,
    "pool_option": "FIFO",
    "model_buffer_size": 1,
    "optimizer": "sgd",
    "simp_width": 1,
    "out_dim": 256,
    "reg": 0.0005,
    "temperature": 0.5,
    "logdir": "./",
    "log_file_name": "logs/experiment_log-alg=sflv1_partition=subsample_lr=0.01_epochs=5_num_users=2_beta=1.0_batch_size=128_opt=sgd_dataset=cifar10_2024-03-17-1533-25",
    "seed": 12,
    "device": "cuda:4"
}
03-17 15:33 INFO     Data statistics: {0: {0: 415, 1: 849, 2: 405, 3: 755, 4: 354, 5: 279, 6: 970, 7: 973}, 1: {0: 921, 1: 156, 2: 969, 3: 343, 4: 1099, 5: 1203, 6: 4, 7: 20, 8: 1623, 9: 1662}}
03-17 15:33 INFO     in comm round:0
03-17 15:33 INFO     Training network 0 n_training: 5000
03-17 15:33 INFO     Training network 0
03-17 15:33 INFO     Client: 0 Epoch: 0 Loss: 1.724359964713072
03-17 15:33 INFO     Client: 0 Epoch: 1 Loss: 1.3823670729612694
03-17 15:33 INFO     Client: 0 Epoch: 2 Loss: 1.2679611016542485
03-17 15:33 INFO     Client: 0 Epoch: 3 Loss: 1.1563120224536994
03-17 15:33 INFO     Client: 0 Epoch: 4 Loss: 1.0774696133075616
03-17 15:33 INFO      ** Client: 0 Training complete **
03-17 15:33 INFO     Training network 1 n_training: 8000
03-17 15:33 INFO     Training network 1
03-17 15:33 INFO     Client: 1 Epoch: 0 Loss: 1.5832381748384046
03-17 15:33 INFO     Client: 1 Epoch: 1 Loss: 1.2758587714164489
03-17 15:33 INFO     Client: 1 Epoch: 2 Loss: 1.1424443491043583
03-17 15:33 INFO     Client: 1 Epoch: 3 Loss: 1.0583243744988595
03-17 15:33 INFO     Client: 1 Epoch: 4 Loss: 0.9344510926354316
03-17 15:33 INFO      ** Client: 1 Training complete **
03-17 15:33 INFO     global n_training: 390
03-17 15:33 INFO     global n_test: 79
03-17 15:34 INFO     >> Global Model Train accuracy: 0.1191, Train accuracy top-5: 0.5974
03-17 15:34 INFO     >> Global Model Test accuracy: 0.1175, Test accuracy top-5: 0.6083
03-17 15:34 INFO     >> Global Model Train loss: 3.1538
03-17 15:34 INFO     in comm round:1
03-17 15:34 INFO     Training network 0 n_training: 5000
03-17 15:34 INFO     Training network 0
03-17 15:34 INFO     Client: 0 Epoch: 0 Loss: 1.1533028850188622
03-17 15:34 INFO     Client: 0 Epoch: 1 Loss: 1.0544233444409492
03-17 15:34 INFO     Client: 0 Epoch: 2 Loss: 1.0051089143141723
03-17 15:34 INFO     Client: 0 Epoch: 3 Loss: 0.9056344230969747
03-17 15:34 INFO     Client: 0 Epoch: 4 Loss: 0.8767407215558566
03-17 15:34 INFO      ** Client: 0 Training complete **
03-17 15:34 INFO     Training network 1 n_training: 8000
03-17 15:34 INFO     Training network 1
03-17 15:34 INFO     Client: 1 Epoch: 0 Loss: 1.0447698062466038
03-17 15:34 INFO     Client: 1 Epoch: 1 Loss: 0.9179715475728435
03-17 15:34 INFO     Client: 1 Epoch: 2 Loss: 0.8033998339406906
03-17 15:34 INFO     Client: 1 Epoch: 3 Loss: 0.7493280306939156
03-17 15:34 INFO     Client: 1 Epoch: 4 Loss: 0.679049289034259
03-17 15:34 INFO      ** Client: 1 Training complete **
03-17 15:34 INFO     global n_training: 390
03-17 15:34 INFO     global n_test: 79
03-17 15:34 INFO     >> Global Model Train accuracy: 0.2655, Train accuracy top-5: 0.7008
03-17 15:34 INFO     >> Global Model Test accuracy: 0.2802, Test accuracy top-5: 0.7123
03-17 15:34 INFO     >> Global Model Train loss: 2.4864
03-17 15:34 INFO     in comm round:2
03-17 15:34 INFO     Training network 0 n_training: 5000
03-17 15:34 INFO     Training network 0
03-17 15:34 INFO     Client: 0 Epoch: 0 Loss: 0.8990820203071985
03-17 15:34 INFO     Client: 0 Epoch: 1 Loss: 0.8567031805331891
03-17 15:34 INFO     Client: 0 Epoch: 2 Loss: 0.7793199909039032
03-17 15:34 INFO     Client: 0 Epoch: 3 Loss: 0.7024197555505313
03-17 15:34 INFO     Client: 0 Epoch: 4 Loss: 0.6924435847844833
03-17 15:34 INFO      ** Client: 0 Training complete **
03-17 15:34 INFO     Training network 1 n_training: 8000
03-17 15:34 INFO     Training network 1
03-17 15:34 INFO     Client: 1 Epoch: 0 Loss: 0.7451140726766279
03-17 15:34 INFO     Client: 1 Epoch: 1 Loss: 0.6988689553353095
03-17 15:34 INFO     Client: 1 Epoch: 2 Loss: 0.6505844660343663
03-17 15:34 INFO     Client: 1 Epoch: 3 Loss: 0.5725065979265398
03-17 15:34 INFO     Client: 1 Epoch: 4 Loss: 0.5436478858032534
03-17 15:34 INFO      ** Client: 1 Training complete **
03-17 15:34 INFO     global n_training: 390
03-17 15:34 INFO     global n_test: 79
03-17 15:34 INFO     >> Global Model Train accuracy: 0.4338, Train accuracy top-5: 0.8440
03-17 15:34 INFO     >> Global Model Test accuracy: 0.4389, Test accuracy top-5: 0.8506
03-17 15:34 INFO     >> Global Model Train loss: 1.9528
03-17 15:34 INFO     in comm round:3
03-17 15:34 INFO     Training network 0 n_training: 5000
03-17 15:34 INFO     Training network 0
03-17 15:34 INFO     Client: 0 Epoch: 0 Loss: 0.7195471616891714
03-17 15:34 INFO     Client: 0 Epoch: 1 Loss: 0.6742751605999775
03-17 15:35 INFO     Client: 0 Epoch: 2 Loss: 0.6456646032822437
03-17 15:35 INFO     Client: 0 Epoch: 3 Loss: 0.5881094183677282
03-17 15:35 INFO     Client: 0 Epoch: 4 Loss: 0.5375471650025784
03-17 15:35 INFO      ** Client: 0 Training complete **
03-17 15:35 INFO     Training network 1 n_training: 8000
03-17 15:35 INFO     Training network 1
03-17 15:35 INFO     Client: 1 Epoch: 0 Loss: 0.5995974881995109
03-17 15:35 INFO     Client: 1 Epoch: 1 Loss: 0.5481636774155402
03-17 15:35 INFO     Client: 1 Epoch: 2 Loss: 0.49458913889623457
03-17 15:35 INFO     Client: 1 Epoch: 3 Loss: 0.4539294170756494
03-17 15:35 INFO     Client: 1 Epoch: 4 Loss: 0.43207031151940745
03-17 15:35 INFO      ** Client: 1 Training complete **
03-17 15:35 INFO     global n_training: 390
03-17 15:35 INFO     global n_test: 79
03-17 15:35 INFO     >> Global Model Train accuracy: 0.4685, Train accuracy top-5: 0.8694
03-17 15:35 INFO     >> Global Model Test accuracy: 0.4700, Test accuracy top-5: 0.8683
03-17 15:35 INFO     >> Global Model Train loss: 2.0966
03-17 15:35 INFO     in comm round:4
03-17 15:35 INFO     Training network 0 n_training: 5000
03-17 15:35 INFO     Training network 0
03-17 15:35 INFO     Client: 0 Epoch: 0 Loss: 0.5348634139085428
03-17 15:35 INFO     Client: 0 Epoch: 1 Loss: 0.5387681638583158
03-17 15:35 INFO     Client: 0 Epoch: 2 Loss: 0.5101130574177473
03-17 15:35 INFO     Client: 0 Epoch: 3 Loss: 0.4466764942193643
03-17 15:35 INFO     Client: 0 Epoch: 4 Loss: 0.42148837447166443
03-17 15:35 INFO      ** Client: 0 Training complete **
03-17 15:35 INFO     Training network 1 n_training: 8000
03-17 15:35 INFO     Training network 1
03-17 15:35 INFO     Client: 1 Epoch: 0 Loss: 0.4576194569949181
03-17 15:35 INFO     Client: 1 Epoch: 1 Loss: 0.4385417973802936
03-17 15:35 INFO     Client: 1 Epoch: 2 Loss: 0.3993146602184542
03-17 15:35 INFO     Client: 1 Epoch: 3 Loss: 0.3714697827254572
03-17 15:35 INFO     Client: 1 Epoch: 4 Loss: 0.35493096589080747
03-17 15:35 INFO      ** Client: 1 Training complete **
03-17 15:35 INFO     global n_training: 390
03-17 15:35 INFO     global n_test: 79
03-17 15:35 INFO     >> Global Model Train accuracy: 0.4899, Train accuracy top-5: 0.9209
03-17 15:35 INFO     >> Global Model Test accuracy: 0.4891, Test accuracy top-5: 0.9239
03-17 15:35 INFO     >> Global Model Train loss: 1.9435
03-17 15:35 INFO     in comm round:5
03-17 15:35 INFO     Training network 0 n_training: 5000
03-17 15:35 INFO     Training network 0
03-17 15:35 INFO     Client: 0 Epoch: 0 Loss: 0.42564864915150863
03-17 15:35 INFO     Client: 0 Epoch: 1 Loss: 0.4122338600647755
03-17 15:35 INFO     Client: 0 Epoch: 2 Loss: 0.4063529754296327
03-17 15:35 INFO     Client: 0 Epoch: 3 Loss: 0.3676423247043903
03-17 15:35 INFO     Client: 0 Epoch: 4 Loss: 0.36250537633895874
03-17 15:35 INFO      ** Client: 0 Training complete **
03-17 15:35 INFO     Training network 1 n_training: 8000
03-17 15:35 INFO     Training network 1
03-17 15:36 INFO     Client: 1 Epoch: 0 Loss: 0.3637881649117316
03-17 15:36 INFO     Client: 1 Epoch: 1 Loss: 0.3741510000921065
03-17 15:36 INFO     Client: 1 Epoch: 2 Loss: 0.3491450918297614
03-17 15:36 INFO     Client: 1 Epoch: 3 Loss: 0.30373563208887655
03-17 15:36 INFO     Client: 1 Epoch: 4 Loss: 0.2894050481338655
03-17 15:36 INFO      ** Client: 1 Training complete **
03-17 15:36 INFO     global n_training: 390
03-17 15:36 INFO     global n_test: 79
03-17 15:36 INFO     >> Global Model Train accuracy: 0.5605, Train accuracy top-5: 0.9402
03-17 15:36 INFO     >> Global Model Test accuracy: 0.5551, Test accuracy top-5: 0.9365
03-17 15:36 INFO     >> Global Model Train loss: 1.8967
03-17 15:36 INFO     in comm round:6
03-17 15:36 INFO     Training network 0 n_training: 5000
03-17 15:36 INFO     Training network 0
03-17 15:36 INFO     Client: 0 Epoch: 0 Loss: 0.350432962561265
03-17 15:36 INFO     Client: 0 Epoch: 1 Loss: 0.3638493903936484
03-17 15:36 INFO     Client: 0 Epoch: 2 Loss: 0.3332630288906587
03-17 15:36 INFO     Client: 0 Epoch: 3 Loss: 0.3011901114995663
03-17 15:36 INFO     Client: 0 Epoch: 4 Loss: 0.27623832072967136
03-17 15:36 INFO      ** Client: 0 Training complete **
03-17 15:36 INFO     Training network 1 n_training: 8000
03-17 15:36 INFO     Training network 1
03-17 15:36 INFO     Client: 1 Epoch: 0 Loss: 0.2871192313971058
03-17 15:36 INFO     Client: 1 Epoch: 1 Loss: 0.29394483133669824
03-17 15:36 INFO     Client: 1 Epoch: 2 Loss: 0.3055233719848817
03-17 15:36 INFO     Client: 1 Epoch: 3 Loss: 0.2664751713314364
03-17 15:36 INFO     Client: 1 Epoch: 4 Loss: 0.23184741396577127
03-17 15:36 INFO      ** Client: 1 Training complete **
03-17 15:36 INFO     global n_training: 390
03-17 15:36 INFO     global n_test: 79
03-17 15:36 INFO     >> Global Model Train accuracy: 0.5625, Train accuracy top-5: 0.9514
03-17 15:36 INFO     >> Global Model Test accuracy: 0.5563, Test accuracy top-5: 0.9467
03-17 15:36 INFO     >> Global Model Train loss: 1.7059
03-17 15:36 INFO     in comm round:7
03-17 15:36 INFO     Training network 0 n_training: 5000
03-17 15:36 INFO     Training network 0
03-17 15:36 INFO     Client: 0 Epoch: 0 Loss: 0.2755471624625035
03-17 15:36 INFO     Client: 0 Epoch: 1 Loss: 0.2815020386225138
03-17 15:36 INFO     Client: 0 Epoch: 2 Loss: 0.2691001364817986
03-17 15:36 INFO     Client: 0 Epoch: 3 Loss: 0.27234713580363834
03-17 15:36 INFO     Client: 0 Epoch: 4 Loss: 0.24236910962141478
03-17 15:36 INFO      ** Client: 0 Training complete **
03-17 15:36 INFO     Training network 1 n_training: 8000
03-17 15:36 INFO     Training network 1
03-17 15:36 INFO     Client: 1 Epoch: 0 Loss: 0.24013923625311545
03-17 15:36 INFO     Client: 1 Epoch: 1 Loss: 0.266713201759323
03-17 15:37 INFO     Client: 1 Epoch: 2 Loss: 0.22204739360078687
03-17 15:37 INFO     Client: 1 Epoch: 3 Loss: 0.2129296683255703
03-17 15:37 INFO     Client: 1 Epoch: 4 Loss: 0.18706213610787545
03-17 15:37 INFO      ** Client: 1 Training complete **
03-17 15:37 INFO     global n_training: 390
03-17 15:37 INFO     global n_test: 79
03-17 15:37 INFO     >> Global Model Train accuracy: 0.5916, Train accuracy top-5: 0.9642
03-17 15:37 INFO     >> Global Model Test accuracy: 0.5807, Test accuracy top-5: 0.9633
03-17 15:37 INFO     >> Global Model Train loss: 1.4539
03-17 15:37 INFO     in comm round:8
03-17 15:37 INFO     Training network 0 n_training: 5000
03-17 15:37 INFO     Training network 0
03-17 15:37 INFO     Client: 0 Epoch: 0 Loss: 0.23772392632105413
03-17 15:37 INFO     Client: 0 Epoch: 1 Loss: 0.2114979773759842
03-17 15:37 INFO     Client: 0 Epoch: 2 Loss: 0.19359207936586478
03-17 15:37 INFO     Client: 0 Epoch: 3 Loss: 0.20162447026142707
03-17 15:37 INFO     Client: 0 Epoch: 4 Loss: 0.17403574211475176
03-17 15:37 INFO      ** Client: 0 Training complete **
03-17 15:37 INFO     Training network 1 n_training: 8000
03-17 15:37 INFO     Training network 1
03-17 15:37 INFO     Client: 1 Epoch: 0 Loss: 0.19258957380248654
03-17 15:37 INFO     Client: 1 Epoch: 1 Loss: 0.2064887960591624
03-17 15:37 INFO     Client: 1 Epoch: 2 Loss: 0.1802042997892826
03-17 15:37 INFO     Client: 1 Epoch: 3 Loss: 0.19722563977683744
03-17 15:37 INFO     Client: 1 Epoch: 4 Loss: 0.17828431208768197
03-17 15:37 INFO      ** Client: 1 Training complete **
03-17 15:37 INFO     global n_training: 390
03-17 15:37 INFO     global n_test: 79
03-17 15:37 INFO     >> Global Model Train accuracy: 0.6122, Train accuracy top-5: 0.9763
03-17 15:37 INFO     >> Global Model Test accuracy: 0.5950, Test accuracy top-5: 0.9726
03-17 15:37 INFO     >> Global Model Train loss: 1.4587
03-17 15:37 INFO     in comm round:9
03-17 15:37 INFO     Training network 0 n_training: 5000
03-17 15:37 INFO     Training network 0
03-17 15:37 INFO     Client: 0 Epoch: 0 Loss: 0.1684580324934079
03-17 15:37 INFO     Client: 0 Epoch: 1 Loss: 0.18720982873286957
03-17 15:37 INFO     Client: 0 Epoch: 2 Loss: 0.1957000230367367
03-17 15:37 INFO     Client: 0 Epoch: 3 Loss: 0.21690640579431486
03-17 15:37 INFO     Client: 0 Epoch: 4 Loss: 0.17661246294394517
03-17 15:37 INFO      ** Client: 0 Training complete **
03-17 15:37 INFO     Training network 1 n_training: 8000
03-17 15:37 INFO     Training network 1
03-17 15:37 INFO     Client: 1 Epoch: 0 Loss: 0.16077188330311928
03-17 15:37 INFO     Client: 1 Epoch: 1 Loss: 0.17072662194409677
03-17 15:37 INFO     Client: 1 Epoch: 2 Loss: 0.147055939681107
03-17 15:37 INFO     Client: 1 Epoch: 3 Loss: 0.15052633149729622
03-17 15:38 INFO     Client: 1 Epoch: 4 Loss: 0.1394782518186877
03-17 15:38 INFO      ** Client: 1 Training complete **
03-17 15:38 INFO     global n_training: 390
03-17 15:38 INFO     global n_test: 79
03-17 15:38 INFO     >> Global Model Train accuracy: 0.6213, Train accuracy top-5: 0.9787
03-17 15:38 INFO     >> Global Model Test accuracy: 0.6027, Test accuracy top-5: 0.9753
03-17 15:38 INFO     >> Global Model Train loss: 1.5903
03-17 15:38 INFO     in comm round:10
03-17 15:38 INFO     Training network 0 n_training: 5000
03-17 15:38 INFO     Training network 0
03-17 15:38 INFO     Client: 0 Epoch: 0 Loss: 0.16474675826537302
03-17 15:38 INFO     Client: 0 Epoch: 1 Loss: 0.1644899613964252
03-17 15:38 INFO     Client: 0 Epoch: 2 Loss: 0.14630862038869125
03-17 15:38 INFO     Client: 0 Epoch: 3 Loss: 0.14083152264356613
03-17 15:38 INFO     Client: 0 Epoch: 4 Loss: 0.11255187999743682
03-17 15:38 INFO      ** Client: 0 Training complete **
03-17 15:38 INFO     Training network 1 n_training: 8000
03-17 15:38 INFO     Training network 1
03-17 15:38 INFO     Client: 1 Epoch: 0 Loss: 0.12059894354353028
03-17 15:38 INFO     Client: 1 Epoch: 1 Loss: 0.12954414689973479
03-17 15:38 INFO     Client: 1 Epoch: 2 Loss: 0.12307455066230989
03-17 15:38 INFO     Client: 1 Epoch: 3 Loss: 0.13755298165544386
03-17 15:38 INFO     Client: 1 Epoch: 4 Loss: 0.11603966950168533
03-17 15:38 INFO      ** Client: 1 Training complete **
03-17 15:38 INFO     global n_training: 390
03-17 15:38 INFO     global n_test: 79
03-17 15:38 INFO     >> Global Model Train accuracy: 0.6492, Train accuracy top-5: 0.9809
03-17 15:38 INFO     >> Global Model Test accuracy: 0.6256, Test accuracy top-5: 0.9754
03-17 15:38 INFO     >> Global Model Train loss: 1.3078
03-17 15:38 INFO     in comm round:11
03-17 15:38 INFO     Training network 0 n_training: 5000
03-17 15:38 INFO     Training network 0
03-17 15:38 INFO     Client: 0 Epoch: 0 Loss: 0.10793930970323391
03-17 15:38 INFO     Client: 0 Epoch: 1 Loss: 0.13222135794468415
03-17 15:38 INFO     Client: 0 Epoch: 2 Loss: 0.1332820234581446
03-17 15:38 INFO     Client: 0 Epoch: 3 Loss: 0.12398560383380988
03-17 15:38 INFO     Client: 0 Epoch: 4 Loss: 0.13039857235092384
03-17 15:38 INFO      ** Client: 0 Training complete **
03-17 15:38 INFO     Training network 1 n_training: 8000
03-17 15:38 INFO     Training network 1
03-17 15:38 INFO     Client: 1 Epoch: 0 Loss: 0.1068228300540678
03-17 15:38 INFO     Client: 1 Epoch: 1 Loss: 0.11535904808871207
03-17 15:38 INFO     Client: 1 Epoch: 2 Loss: 0.11350942222822097
03-17 15:38 INFO     Client: 1 Epoch: 3 Loss: 0.10451485571121016
03-17 15:38 INFO     Client: 1 Epoch: 4 Loss: 0.08792700774727329
03-17 15:38 INFO      ** Client: 1 Training complete **
03-17 15:38 INFO     global n_training: 390
03-17 15:38 INFO     global n_test: 79
03-17 15:39 INFO     >> Global Model Train accuracy: 0.6691, Train accuracy top-5: 0.9862
03-17 15:39 INFO     >> Global Model Test accuracy: 0.6461, Test accuracy top-5: 0.9829
03-17 15:39 INFO     >> Global Model Train loss: 1.1626
03-17 15:39 INFO     in comm round:12
03-17 15:39 INFO     Training network 0 n_training: 5000
03-17 15:39 INFO     Training network 0
03-17 15:39 INFO     Client: 0 Epoch: 0 Loss: 0.09000129902209991
03-17 15:39 INFO     Client: 0 Epoch: 1 Loss: 0.10611091621029071
03-17 15:39 INFO     Client: 0 Epoch: 2 Loss: 0.10979047685097425
03-17 15:39 INFO     Client: 0 Epoch: 3 Loss: 0.09546097778739074
03-17 15:39 INFO     Client: 0 Epoch: 4 Loss: 0.10791276872922213
03-17 15:39 INFO      ** Client: 0 Training complete **
03-17 15:39 INFO     Training network 1 n_training: 8000
03-17 15:39 INFO     Training network 1
03-17 15:39 INFO     Client: 1 Epoch: 0 Loss: 0.07730389653795189
03-17 15:39 INFO     Client: 1 Epoch: 1 Loss: 0.08404673437678045
03-17 15:39 INFO     Client: 1 Epoch: 2 Loss: 0.08356223688010246
03-17 15:39 INFO     Client: 1 Epoch: 3 Loss: 0.098519392491829
03-17 15:39 INFO     Client: 1 Epoch: 4 Loss: 0.08159515231607421
03-17 15:39 INFO      ** Client: 1 Training complete **
03-17 15:39 INFO     global n_training: 390
03-17 15:39 INFO     global n_test: 79
03-17 15:39 INFO     >> Global Model Train accuracy: 0.6949, Train accuracy top-5: 0.9856
03-17 15:39 INFO     >> Global Model Test accuracy: 0.6736, Test accuracy top-5: 0.9822
03-17 15:39 INFO     >> Global Model Train loss: 1.0789
03-17 15:39 INFO     in comm round:13
03-17 15:39 INFO     Training network 0 n_training: 5000
03-17 15:39 INFO     Training network 0
03-17 15:39 INFO     Client: 0 Epoch: 0 Loss: 0.0614540264583551
03-17 15:39 INFO     Client: 0 Epoch: 1 Loss: 0.06138054295801199
03-17 15:39 INFO     Client: 0 Epoch: 2 Loss: 0.09055745515685815
03-17 15:39 INFO     Client: 0 Epoch: 3 Loss: 0.1292158349011189
03-17 15:39 INFO     Client: 0 Epoch: 4 Loss: 0.10959462687755242
03-17 15:39 INFO      ** Client: 0 Training complete **
03-17 15:39 INFO     Training network 1 n_training: 8000
03-17 15:39 INFO     Training network 1
03-17 15:39 INFO     Client: 1 Epoch: 0 Loss: 0.062299260058470314
03-17 15:39 INFO     Client: 1 Epoch: 1 Loss: 0.060293112701225664
03-17 15:39 INFO     Client: 1 Epoch: 2 Loss: 0.08403446291002535
03-17 15:39 INFO     Client: 1 Epoch: 3 Loss: 0.07422201200238158
03-17 15:39 INFO     Client: 1 Epoch: 4 Loss: 0.07595728971664945
03-17 15:39 INFO      ** Client: 1 Training complete **
03-17 15:39 INFO     global n_training: 390
03-17 15:39 INFO     global n_test: 79
03-17 15:39 INFO     >> Global Model Train accuracy: 0.6755, Train accuracy top-5: 0.9901
03-17 15:39 INFO     >> Global Model Test accuracy: 0.6592, Test accuracy top-5: 0.9876
03-17 15:39 INFO     >> Global Model Train loss: 1.1564
03-17 15:39 INFO     in comm round:14
03-17 15:39 INFO     Training network 0 n_training: 5000
03-17 15:39 INFO     Training network 0
03-17 15:39 INFO     Client: 0 Epoch: 0 Loss: 0.059765935803835206
03-17 15:40 INFO     Client: 0 Epoch: 1 Loss: 0.054633135811831705
03-17 15:40 INFO     Client: 0 Epoch: 2 Loss: 0.06534222962382512
03-17 15:40 INFO     Client: 0 Epoch: 3 Loss: 0.08592947190388656
03-17 15:40 INFO     Client: 0 Epoch: 4 Loss: 0.06710179045032232
03-17 15:40 INFO      ** Client: 0 Training complete **
03-17 15:40 INFO     Training network 1 n_training: 8000
03-17 15:40 INFO     Training network 1
03-17 15:40 INFO     Client: 1 Epoch: 0 Loss: 0.05195025269002203
03-17 15:40 INFO     Client: 1 Epoch: 1 Loss: 0.056253012239692674
03-17 15:40 INFO     Client: 1 Epoch: 2 Loss: 0.06929685115333527
03-17 15:40 INFO     Client: 1 Epoch: 3 Loss: 0.06849288105243637
03-17 15:40 INFO     Client: 1 Epoch: 4 Loss: 0.06378465150332739
03-17 15:40 INFO      ** Client: 1 Training complete **
03-17 15:40 INFO     global n_training: 390
03-17 15:40 INFO     global n_test: 79
03-17 15:40 INFO     >> Global Model Train accuracy: 0.6830, Train accuracy top-5: 0.9873
03-17 15:40 INFO     >> Global Model Test accuracy: 0.6548, Test accuracy top-5: 0.9847
03-17 15:40 INFO     >> Global Model Train loss: 1.2488
03-17 15:40 INFO     in comm round:15
03-17 15:40 INFO     Training network 0 n_training: 5000
03-17 15:40 INFO     Training network 0
03-17 15:40 INFO     Client: 0 Epoch: 0 Loss: 0.042123205601595916
03-17 15:40 INFO     Client: 0 Epoch: 1 Loss: 0.041789234090500914
03-17 15:40 INFO     Client: 0 Epoch: 2 Loss: 0.050652279088703484
03-17 15:40 INFO     Client: 0 Epoch: 3 Loss: 0.0539799567598563
03-17 15:40 INFO     Client: 0 Epoch: 4 Loss: 0.057659648024500944
03-17 15:40 INFO      ** Client: 0 Training complete **
03-17 15:40 INFO     Training network 1 n_training: 8000
03-17 15:40 INFO     Training network 1
03-17 15:40 INFO     Client: 1 Epoch: 0 Loss: 0.04561798134818673
03-17 15:40 INFO     Client: 1 Epoch: 1 Loss: 0.05065270959429683
03-17 15:40 INFO     Client: 1 Epoch: 2 Loss: 0.052756926119928396
03-17 15:40 INFO     Client: 1 Epoch: 3 Loss: 0.05422122782516864
03-17 15:40 INFO     Client: 1 Epoch: 4 Loss: 0.057267644848193855
03-17 15:40 INFO      ** Client: 1 Training complete **
03-17 15:40 INFO     global n_training: 390
03-17 15:40 INFO     global n_test: 79
03-17 15:40 INFO     >> Global Model Train accuracy: 0.7098, Train accuracy top-5: 0.9906
03-17 15:40 INFO     >> Global Model Test accuracy: 0.6728, Test accuracy top-5: 0.9869
03-17 15:40 INFO     >> Global Model Train loss: 1.0798
03-17 15:40 INFO     in comm round:16
03-17 15:40 INFO     Training network 0 n_training: 5000
03-17 15:40 INFO     Training network 0
03-17 15:40 INFO     Client: 0 Epoch: 0 Loss: 0.038848611167990245
03-17 15:40 INFO     Client: 0 Epoch: 1 Loss: 0.0481418109475038
03-17 15:40 INFO     Client: 0 Epoch: 2 Loss: 0.044196413949323006
03-17 15:40 INFO     Client: 0 Epoch: 3 Loss: 0.04328393143339035
03-17 15:40 INFO     Client: 0 Epoch: 4 Loss: 0.03503937282575629
03-17 15:40 INFO      ** Client: 0 Training complete **
03-17 15:40 INFO     Training network 1 n_training: 8000
03-17 15:40 INFO     Training network 1
03-17 15:41 INFO     Client: 1 Epoch: 0 Loss: 0.028740541821706198
03-17 15:41 INFO     Client: 1 Epoch: 1 Loss: 0.03430032241909254
03-17 15:41 INFO     Client: 1 Epoch: 2 Loss: 0.03484700023827533
03-17 15:41 INFO     Client: 1 Epoch: 3 Loss: 0.05350218427878234
03-17 15:41 INFO     Client: 1 Epoch: 4 Loss: 0.052936467447228006
03-17 15:41 INFO      ** Client: 1 Training complete **
03-17 15:41 INFO     global n_training: 390
03-17 15:41 INFO     global n_test: 79
03-17 15:41 INFO     >> Global Model Train accuracy: 0.7299, Train accuracy top-5: 0.9908
03-17 15:41 INFO     >> Global Model Test accuracy: 0.6959, Test accuracy top-5: 0.9887
03-17 15:41 INFO     >> Global Model Train loss: 1.0010
03-17 15:41 INFO     in comm round:17
03-17 15:41 INFO     Training network 0 n_training: 5000
03-17 15:41 INFO     Training network 0
03-17 15:41 INFO     Client: 0 Epoch: 0 Loss: 0.03528902528043359
03-17 15:41 INFO     Client: 0 Epoch: 1 Loss: 0.029794435733212873
03-17 15:41 INFO     Client: 0 Epoch: 2 Loss: 0.026681641260018714
03-17 15:41 INFO     Client: 0 Epoch: 3 Loss: 0.0257373897311015
03-17 15:41 INFO     Client: 0 Epoch: 4 Loss: 0.02695355035412388
03-17 15:41 INFO      ** Client: 0 Training complete **
03-17 15:41 INFO     Training network 1 n_training: 8000
03-17 15:41 INFO     Training network 1
03-17 15:41 INFO     Client: 1 Epoch: 0 Loss: 0.018681805986430374
03-17 15:41 INFO     Client: 1 Epoch: 1 Loss: 0.016042132257303644
03-17 15:41 INFO     Client: 1 Epoch: 2 Loss: 0.020741596438681648
03-17 15:41 INFO     Client: 1 Epoch: 3 Loss: 0.02422337294856627
03-17 15:41 INFO     Client: 1 Epoch: 4 Loss: 0.03176761188003565
03-17 15:41 INFO      ** Client: 1 Training complete **
03-17 15:41 INFO     global n_training: 390
03-17 15:41 INFO     global n_test: 79
03-17 15:41 INFO     >> Global Model Train accuracy: 0.7419, Train accuracy top-5: 0.9895
03-17 15:41 INFO     >> Global Model Test accuracy: 0.7083, Test accuracy top-5: 0.9875
03-17 15:41 INFO     >> Global Model Train loss: 0.9593
03-17 15:41 INFO     in comm round:18
03-17 15:41 INFO     Training network 0 n_training: 5000
03-17 15:41 INFO     Training network 0
03-17 15:41 INFO     Client: 0 Epoch: 0 Loss: 0.019697197653257694
03-17 15:41 INFO     Client: 0 Epoch: 1 Loss: 0.024937700002621382
03-17 15:41 INFO     Client: 0 Epoch: 2 Loss: 0.021750894578125995
03-17 15:41 INFO     Client: 0 Epoch: 3 Loss: 0.02061968483030796
03-17 15:41 INFO     Client: 0 Epoch: 4 Loss: 0.0220512786689095
03-17 15:41 INFO      ** Client: 0 Training complete **
03-17 15:41 INFO     Training network 1 n_training: 8000
03-17 15:41 INFO     Training network 1
03-17 15:41 INFO     Client: 1 Epoch: 0 Loss: 0.01986188389315841
03-17 15:41 INFO     Client: 1 Epoch: 1 Loss: 0.018296304372920385
03-17 15:42 INFO     Client: 1 Epoch: 2 Loss: 0.028343152472629182
03-17 15:42 INFO     Client: 1 Epoch: 3 Loss: 0.03182520203652882
03-17 15:42 INFO     Client: 1 Epoch: 4 Loss: 0.03046778390454429
03-17 15:42 INFO      ** Client: 1 Training complete **
03-17 15:42 INFO     global n_training: 390
03-17 15:42 INFO     global n_test: 79
03-17 15:42 INFO     >> Global Model Train accuracy: 0.7217, Train accuracy top-5: 0.9898
03-17 15:42 INFO     >> Global Model Test accuracy: 0.6914, Test accuracy top-5: 0.9856
03-17 15:42 INFO     >> Global Model Train loss: 1.0773
03-17 15:42 INFO     in comm round:19
03-17 15:42 INFO     Training network 0 n_training: 5000
03-17 15:42 INFO     Training network 0
03-17 15:42 INFO     Client: 0 Epoch: 0 Loss: 0.01657341190207845
03-17 15:42 INFO     Client: 0 Epoch: 1 Loss: 0.01730482458160856
03-17 15:42 INFO     Client: 0 Epoch: 2 Loss: 0.015038045899321636
03-17 15:42 INFO     Client: 0 Epoch: 3 Loss: 0.0176991306615468
03-17 15:42 INFO     Client: 0 Epoch: 4 Loss: 0.020400110309800275
03-17 15:42 INFO      ** Client: 0 Training complete **
03-17 15:42 INFO     Training network 1 n_training: 8000
03-17 15:42 INFO     Training network 1
03-17 15:42 INFO     Client: 1 Epoch: 0 Loss: 0.010470792696240449
03-17 15:42 INFO     Client: 1 Epoch: 1 Loss: 0.010022733255379623
03-17 15:42 INFO     Client: 1 Epoch: 2 Loss: 0.010120227824025337
03-17 15:42 INFO     Client: 1 Epoch: 3 Loss: 0.013711000105456238
03-17 15:42 INFO     Client: 1 Epoch: 4 Loss: 0.02400110770324846
03-17 15:42 INFO      ** Client: 1 Training complete **
03-17 15:42 INFO     global n_training: 390
03-17 15:42 INFO     global n_test: 79
03-17 15:42 INFO     >> Global Model Train accuracy: 0.7398, Train accuracy top-5: 0.9913
03-17 15:42 INFO     >> Global Model Test accuracy: 0.7158, Test accuracy top-5: 0.9878
03-17 15:42 INFO     >> Global Model Train loss: 0.9846
03-17 15:42 INFO     in comm round:20
03-17 15:42 INFO     Training network 0 n_training: 5000
03-17 15:42 INFO     Training network 0
03-17 15:42 INFO     Client: 0 Epoch: 0 Loss: 0.013772165749031
03-17 15:42 INFO     Client: 0 Epoch: 1 Loss: 0.009995147696314141
03-17 15:42 INFO     Client: 0 Epoch: 2 Loss: 0.00812634823915477
03-17 15:42 INFO     Client: 0 Epoch: 3 Loss: 0.008323526117377557
03-17 15:42 INFO     Client: 0 Epoch: 4 Loss: 0.007343486899163765
03-17 15:42 INFO      ** Client: 0 Training complete **
03-17 15:42 INFO     Training network 1 n_training: 8000
03-17 15:42 INFO     Training network 1
03-17 15:42 INFO     Client: 1 Epoch: 0 Loss: 0.00955951037711554
03-17 15:42 INFO     Client: 1 Epoch: 1 Loss: 0.008557832118258961
03-17 15:42 INFO     Client: 1 Epoch: 2 Loss: 0.007352068757397994
03-17 15:42 INFO     Client: 1 Epoch: 3 Loss: 0.010291797813073161
03-17 15:43 INFO     Client: 1 Epoch: 4 Loss: 0.015307471805792902
03-17 15:43 INFO      ** Client: 1 Training complete **
03-17 15:43 INFO     global n_training: 390
03-17 15:43 INFO     global n_test: 79
03-17 15:43 INFO     >> Global Model Train accuracy: 0.7531, Train accuracy top-5: 0.9915
03-17 15:43 INFO     >> Global Model Test accuracy: 0.7233, Test accuracy top-5: 0.9888
03-17 15:43 INFO     >> Global Model Train loss: 0.9191
03-17 15:43 INFO     in comm round:21
03-17 15:43 INFO     Training network 0 n_training: 5000
03-17 15:43 INFO     Training network 0
03-17 15:43 INFO     Client: 0 Epoch: 0 Loss: 0.008655042456200298
03-17 15:43 INFO     Client: 0 Epoch: 1 Loss: 0.0075323701080961675
03-17 15:43 INFO     Client: 0 Epoch: 2 Loss: 0.006260897859763832
03-17 15:43 INFO     Client: 0 Epoch: 3 Loss: 0.008375614320333952
03-17 15:43 INFO     Client: 0 Epoch: 4 Loss: 0.008997705147171823
03-17 15:43 INFO      ** Client: 0 Training complete **
03-17 15:43 INFO     Training network 1 n_training: 8000
03-17 15:43 INFO     Training network 1
03-17 15:43 INFO     Client: 1 Epoch: 0 Loss: 0.006874594745421482
03-17 15:43 INFO     Client: 1 Epoch: 1 Loss: 0.004375343691677817
03-17 15:43 INFO     Client: 1 Epoch: 2 Loss: 0.005668663634775927
03-17 15:43 INFO     Client: 1 Epoch: 3 Loss: 0.0044991681155102745
03-17 15:43 INFO     Client: 1 Epoch: 4 Loss: 0.006406160270524842
03-17 15:43 INFO      ** Client: 1 Training complete **
03-17 15:43 INFO     global n_training: 390
03-17 15:43 INFO     global n_test: 79
03-17 15:43 INFO     >> Global Model Train accuracy: 0.7653, Train accuracy top-5: 0.9917
03-17 15:43 INFO     >> Global Model Test accuracy: 0.7336, Test accuracy top-5: 0.9906
03-17 15:43 INFO     >> Global Model Train loss: 0.8629
03-17 15:43 INFO     in comm round:22
03-17 15:43 INFO     Training network 0 n_training: 5000
03-17 15:43 INFO     Training network 0
03-17 15:43 INFO     Client: 0 Epoch: 0 Loss: 0.00677282858090714
03-17 15:43 INFO     Client: 0 Epoch: 1 Loss: 0.005753727601423191
03-17 15:43 INFO     Client: 0 Epoch: 2 Loss: 0.004230333265299216
03-17 15:43 INFO     Client: 0 Epoch: 3 Loss: 0.0032386986810403564
03-17 15:43 INFO     Client: 0 Epoch: 4 Loss: 0.003427160008308979
03-17 15:43 INFO      ** Client: 0 Training complete **
03-17 15:43 INFO     Training network 1 n_training: 8000
03-17 15:43 INFO     Training network 1
03-17 15:43 INFO     Client: 1 Epoch: 0 Loss: 0.006367243740016655
03-17 15:43 INFO     Client: 1 Epoch: 1 Loss: 0.004794744229237098
03-17 15:43 INFO     Client: 1 Epoch: 2 Loss: 0.0041547558315458795
03-17 15:43 INFO     Client: 1 Epoch: 3 Loss: 0.0031332596413595902
03-17 15:43 INFO     Client: 1 Epoch: 4 Loss: 0.005057314907448486
03-17 15:43 INFO      ** Client: 1 Training complete **
03-17 15:43 INFO     global n_training: 390
03-17 15:43 INFO     global n_test: 79
03-17 15:44 INFO     >> Global Model Train accuracy: 0.7844, Train accuracy top-5: 0.9921
03-17 15:44 INFO     >> Global Model Test accuracy: 0.7581, Test accuracy top-5: 0.9894
03-17 15:44 INFO     >> Global Model Train loss: 0.7890
03-17 15:44 INFO     in comm round:23
03-17 15:44 INFO     Training network 0 n_training: 5000
03-17 15:44 INFO     Training network 0
03-17 15:44 INFO     Client: 0 Epoch: 0 Loss: 0.005224665249279963
03-17 15:44 INFO     Client: 0 Epoch: 1 Loss: 0.005289604150069256
03-17 15:44 INFO     Client: 0 Epoch: 2 Loss: 0.00362531997066421
03-17 15:44 INFO     Client: 0 Epoch: 3 Loss: 0.0030484321625688328
03-17 15:44 INFO     Client: 0 Epoch: 4 Loss: 0.0022506930235510645
03-17 15:44 INFO      ** Client: 0 Training complete **
03-17 15:44 INFO     Training network 1 n_training: 8000
03-17 15:44 INFO     Training network 1
03-17 15:44 INFO     Client: 1 Epoch: 0 Loss: 0.004645787356909545
03-17 15:44 INFO     Client: 1 Epoch: 1 Loss: 0.0028349865104011713
03-17 15:44 INFO     Client: 1 Epoch: 2 Loss: 0.0028772572202855843
03-17 15:44 INFO     Client: 1 Epoch: 3 Loss: 0.0034535157272682316
03-17 15:44 INFO     Client: 1 Epoch: 4 Loss: 0.003173098262895139
03-17 15:44 INFO      ** Client: 1 Training complete **
03-17 15:44 INFO     global n_training: 390
03-17 15:44 INFO     global n_test: 79
03-17 15:44 INFO     >> Global Model Train accuracy: 0.7903, Train accuracy top-5: 0.9920
03-17 15:44 INFO     >> Global Model Test accuracy: 0.7577, Test accuracy top-5: 0.9901
03-17 15:44 INFO     >> Global Model Train loss: 0.7726
03-17 15:44 INFO     in comm round:24
03-17 15:44 INFO     Training network 0 n_training: 5000
03-17 15:44 INFO     Training network 0
03-17 15:44 INFO     Client: 0 Epoch: 0 Loss: 0.003622551665056306
03-17 15:44 INFO     Client: 0 Epoch: 1 Loss: 0.00259115279186517
03-17 15:44 INFO     Client: 0 Epoch: 2 Loss: 0.0025401723209935692
03-17 15:44 INFO     Client: 0 Epoch: 3 Loss: 0.0033923233001051135
03-17 15:44 INFO     Client: 0 Epoch: 4 Loss: 0.0030701080492387214
03-17 15:44 INFO      ** Client: 0 Training complete **
03-17 15:44 INFO     Training network 1 n_training: 8000
03-17 15:44 INFO     Training network 1
03-17 15:44 INFO     Client: 1 Epoch: 0 Loss: 0.0026563111272069717
03-17 15:44 INFO     Client: 1 Epoch: 1 Loss: 0.0027739243641037555
03-17 15:44 INFO     Client: 1 Epoch: 2 Loss: 0.0026143677166527916
03-17 15:44 INFO     Client: 1 Epoch: 3 Loss: 0.0019556397559016103
03-17 15:44 INFO     Client: 1 Epoch: 4 Loss: 0.0015104683439975844
03-17 15:44 INFO      ** Client: 1 Training complete **
03-17 15:44 INFO     global n_training: 390
03-17 15:44 INFO     global n_test: 79
03-17 15:44 INFO     >> Global Model Train accuracy: 0.7952, Train accuracy top-5: 0.9928
03-17 15:44 INFO     >> Global Model Test accuracy: 0.7626, Test accuracy top-5: 0.9904
03-17 15:44 INFO     >> Global Model Train loss: 0.7491
03-17 15:44 INFO     in comm round:25
03-17 15:44 INFO     Training network 0 n_training: 5000
03-17 15:44 INFO     Training network 0
03-17 15:44 INFO     Client: 0 Epoch: 0 Loss: 0.0034364142085019597
03-17 15:45 INFO     Client: 0 Epoch: 1 Loss: 0.0018966557407297958
03-17 15:45 INFO     Client: 0 Epoch: 2 Loss: 0.0019204382275720723
03-17 15:45 INFO     Client: 0 Epoch: 3 Loss: 0.0019803980487780883
03-17 15:45 INFO     Client: 0 Epoch: 4 Loss: 0.0024866978130422723
03-17 15:45 INFO      ** Client: 0 Training complete **
03-17 15:45 INFO     Training network 1 n_training: 8000
03-17 15:45 INFO     Training network 1
03-17 15:45 INFO     Client: 1 Epoch: 0 Loss: 0.002464596367996907
03-17 15:45 INFO     Client: 1 Epoch: 1 Loss: 0.0017512608188084296
03-17 15:45 INFO     Client: 1 Epoch: 2 Loss: 0.0020451588084876176
03-17 15:45 INFO     Client: 1 Epoch: 3 Loss: 0.002608976423582663
03-17 15:45 INFO     Client: 1 Epoch: 4 Loss: 0.0017371767852079844
03-17 15:45 INFO      ** Client: 1 Training complete **
03-17 15:45 INFO     global n_training: 390
03-17 15:45 INFO     global n_test: 79
03-17 15:45 INFO     >> Global Model Train accuracy: 0.8061, Train accuracy top-5: 0.9926
03-17 15:45 INFO     >> Global Model Test accuracy: 0.7723, Test accuracy top-5: 0.9902
03-17 15:45 INFO     >> Global Model Train loss: 0.7020
03-17 15:45 INFO     in comm round:26
03-17 15:45 INFO     Training network 0 n_training: 5000
03-17 15:45 INFO     Training network 0
03-17 15:45 INFO     Client: 0 Epoch: 0 Loss: 0.00239477726445796
03-17 15:45 INFO     Client: 0 Epoch: 1 Loss: 0.0017575738438142415
03-17 15:45 INFO     Client: 0 Epoch: 2 Loss: 0.0015962372283236338
03-17 15:45 INFO     Client: 0 Epoch: 3 Loss: 0.0015352484262667787
03-17 15:45 INFO     Client: 0 Epoch: 4 Loss: 0.001686189790817503
03-17 15:45 INFO      ** Client: 0 Training complete **
03-17 15:45 INFO     Training network 1 n_training: 8000
03-17 15:45 INFO     Training network 1
03-17 15:45 INFO     Client: 1 Epoch: 0 Loss: 0.0029818403615330855
03-17 15:45 INFO     Client: 1 Epoch: 1 Loss: 0.0018832620450167827
03-17 15:45 INFO     Client: 1 Epoch: 2 Loss: 0.0015654270457396765
03-17 15:45 INFO     Client: 1 Epoch: 3 Loss: 0.0017347355831354376
03-17 15:45 INFO     Client: 1 Epoch: 4 Loss: 0.0019526122355713479
03-17 15:45 INFO      ** Client: 1 Training complete **
03-17 15:45 INFO     global n_training: 390
03-17 15:45 INFO     global n_test: 79
03-17 15:45 INFO     >> Global Model Train accuracy: 0.7996, Train accuracy top-5: 0.9925
03-17 15:45 INFO     >> Global Model Test accuracy: 0.7676, Test accuracy top-5: 0.9900
03-17 15:45 INFO     >> Global Model Train loss: 0.7381
03-17 15:45 INFO     in comm round:27
03-17 15:45 INFO     Training network 0 n_training: 5000
03-17 15:45 INFO     Training network 0
03-17 15:45 INFO     Client: 0 Epoch: 0 Loss: 0.0029052063786926176
03-17 15:45 INFO     Client: 0 Epoch: 1 Loss: 0.0018318953270164246
03-17 15:45 INFO     Client: 0 Epoch: 2 Loss: 0.001990364868946087
03-17 15:45 INFO     Client: 0 Epoch: 3 Loss: 0.001764802878591208
03-17 15:46 INFO     Client: 0 Epoch: 4 Loss: 0.0015576816274402423
03-17 15:46 INFO      ** Client: 0 Training complete **
03-17 15:46 INFO     Training network 1 n_training: 8000
03-17 15:46 INFO     Training network 1
03-17 15:46 INFO     Client: 1 Epoch: 0 Loss: 0.0032116420193380045
03-17 15:46 INFO     Client: 1 Epoch: 1 Loss: 0.0022732892825696317
03-17 15:46 INFO     Client: 1 Epoch: 2 Loss: 0.0013844980524980552
03-17 15:46 INFO     Client: 1 Epoch: 3 Loss: 0.0011582827127929176
03-17 15:46 INFO     Client: 1 Epoch: 4 Loss: 0.0011809388956715984
03-17 15:46 INFO      ** Client: 1 Training complete **
03-17 15:46 INFO     global n_training: 390
03-17 15:46 INFO     global n_test: 79
03-17 15:46 INFO     >> Global Model Train accuracy: 0.8009, Train accuracy top-5: 0.9928
03-17 15:46 INFO     >> Global Model Test accuracy: 0.7664, Test accuracy top-5: 0.9905
03-17 15:46 INFO     >> Global Model Train loss: 0.7313
03-17 15:46 INFO     in comm round:28
03-17 15:46 INFO     Training network 0 n_training: 5000
03-17 15:46 INFO     Training network 0
03-17 15:46 INFO     Client: 0 Epoch: 0 Loss: 0.0023578370903403712
03-17 15:46 INFO     Client: 0 Epoch: 1 Loss: 0.0019223990951640867
03-17 15:46 INFO     Client: 0 Epoch: 2 Loss: 0.0024249729378005634
03-17 15:46 INFO     Client: 0 Epoch: 3 Loss: 0.0022620441636834773
03-17 15:46 INFO     Client: 0 Epoch: 4 Loss: 0.0021556974448359166
03-17 15:46 INFO      ** Client: 0 Training complete **
03-17 15:46 INFO     Training network 1 n_training: 8000
03-17 15:46 INFO     Training network 1
03-17 15:46 INFO     Client: 1 Epoch: 0 Loss: 0.0014453365982908214
03-17 15:46 INFO     Client: 1 Epoch: 1 Loss: 0.0015085042626108794
03-17 15:46 INFO     Client: 1 Epoch: 2 Loss: 0.0014751806795116394
03-17 15:46 INFO     Client: 1 Epoch: 3 Loss: 0.0011359804005722605
03-17 15:46 INFO     Client: 1 Epoch: 4 Loss: 0.0014271795732765308
03-17 15:46 INFO      ** Client: 1 Training complete **
03-17 15:46 INFO     global n_training: 390
03-17 15:46 INFO     global n_test: 79
03-17 15:46 INFO     >> Global Model Train accuracy: 0.8013, Train accuracy top-5: 0.9930
03-17 15:46 INFO     >> Global Model Test accuracy: 0.7689, Test accuracy top-5: 0.9898
03-17 15:46 INFO     >> Global Model Train loss: 0.7240
03-17 15:46 INFO     in comm round:29
03-17 15:46 INFO     Training network 0 n_training: 5000
03-17 15:46 INFO     Training network 0
03-17 15:46 INFO     Client: 0 Epoch: 0 Loss: 0.0019978168793619634
03-17 15:46 INFO     Client: 0 Epoch: 1 Loss: 0.0016438866411753667
03-17 15:46 INFO     Client: 0 Epoch: 2 Loss: 0.002596368638571734
03-17 15:46 INFO     Client: 0 Epoch: 3 Loss: 0.0015334968226782691
03-17 15:46 INFO     Client: 0 Epoch: 4 Loss: 0.0014526574650051023
03-17 15:46 INFO      ** Client: 0 Training complete **
03-17 15:46 INFO     Training network 1 n_training: 8000
03-17 15:46 INFO     Training network 1
03-17 15:46 INFO     Client: 1 Epoch: 0 Loss: 0.002015220860841744
03-17 15:47 INFO     Client: 1 Epoch: 1 Loss: 0.001752597456816734
03-17 15:47 INFO     Client: 1 Epoch: 2 Loss: 0.0011873317346344852
03-17 15:47 INFO     Client: 1 Epoch: 3 Loss: 0.0011060185549262491
03-17 15:47 INFO     Client: 1 Epoch: 4 Loss: 0.0009606975293154978
03-17 15:47 INFO      ** Client: 1 Training complete **
03-17 15:47 INFO     global n_training: 390
03-17 15:47 INFO     global n_test: 79
03-17 15:47 INFO     >> Global Model Train accuracy: 0.8086, Train accuracy top-5: 0.9930
03-17 15:47 INFO     >> Global Model Test accuracy: 0.7777, Test accuracy top-5: 0.9900
03-17 15:47 INFO     >> Global Model Train loss: 0.7012
03-17 15:47 INFO     in comm round:30
03-17 15:47 INFO     Training network 0 n_training: 5000
03-17 15:47 INFO     Training network 0
03-17 15:47 INFO     Client: 0 Epoch: 0 Loss: 0.001915837530619823
03-17 15:47 INFO     Client: 0 Epoch: 1 Loss: 0.0015826469051460617
03-17 15:47 INFO     Client: 0 Epoch: 2 Loss: 0.001872467789022873
03-17 15:47 INFO     Client: 0 Epoch: 3 Loss: 0.001555596390225662
03-17 15:47 INFO     Client: 0 Epoch: 4 Loss: 0.0015264417676147646
03-17 15:47 INFO      ** Client: 0 Training complete **
03-17 15:47 INFO     Training network 1 n_training: 8000
03-17 15:47 INFO     Training network 1
03-17 15:47 INFO     Client: 1 Epoch: 0 Loss: 0.0020066248506472838
03-17 15:47 INFO     Client: 1 Epoch: 1 Loss: 0.0014957241233318082
03-17 15:47 INFO     Client: 1 Epoch: 2 Loss: 0.0016123957461639938
03-17 15:47 INFO     Client: 1 Epoch: 3 Loss: 0.0014936679935706179
03-17 15:47 INFO     Client: 1 Epoch: 4 Loss: 0.0011719533246040584
03-17 15:47 INFO      ** Client: 1 Training complete **
03-17 15:47 INFO     global n_training: 390
03-17 15:47 INFO     global n_test: 79
03-17 15:47 INFO     >> Global Model Train accuracy: 0.8100, Train accuracy top-5: 0.9929
03-17 15:47 INFO     >> Global Model Test accuracy: 0.7789, Test accuracy top-5: 0.9897
03-17 15:47 INFO     >> Global Model Train loss: 0.6910
03-17 15:47 INFO     in comm round:31
03-17 15:47 INFO     Training network 0 n_training: 5000
03-17 15:47 INFO     Training network 0
03-17 15:47 INFO     Client: 0 Epoch: 0 Loss: 0.0018325927876270353
03-17 15:47 INFO     Client: 0 Epoch: 1 Loss: 0.0017000443588655728
03-17 15:47 INFO     Client: 0 Epoch: 2 Loss: 0.0021856498235884383
03-17 15:47 INFO     Client: 0 Epoch: 3 Loss: 0.0017222354855710785
03-17 15:47 INFO     Client: 0 Epoch: 4 Loss: 0.0014489144019675083
03-17 15:47 INFO      ** Client: 0 Training complete **
03-17 15:47 INFO     Training network 1 n_training: 8000
03-17 15:47 INFO     Training network 1
03-17 15:47 INFO     Client: 1 Epoch: 0 Loss: 0.0017123915810859011
03-17 15:47 INFO     Client: 1 Epoch: 1 Loss: 0.001378010980965149
03-17 15:47 INFO     Client: 1 Epoch: 2 Loss: 0.0014224181199566492
03-17 15:48 INFO     Client: 1 Epoch: 3 Loss: 0.0012826249651205276
03-17 15:48 INFO     Client: 1 Epoch: 4 Loss: 0.00114681537642384
03-17 15:48 INFO      ** Client: 1 Training complete **
03-17 15:48 INFO     global n_training: 390
03-17 15:48 INFO     global n_test: 79
03-17 15:48 INFO     >> Global Model Train accuracy: 0.8143, Train accuracy top-5: 0.9929
03-17 15:48 INFO     >> Global Model Test accuracy: 0.7821, Test accuracy top-5: 0.9902
03-17 15:48 INFO     >> Global Model Train loss: 0.6780
03-17 15:48 INFO     in comm round:32
03-17 15:48 INFO     Training network 0 n_training: 5000
03-17 15:48 INFO     Training network 0
03-17 15:48 INFO     Client: 0 Epoch: 0 Loss: 0.0024042236409747065
03-17 15:48 INFO     Client: 0 Epoch: 1 Loss: 0.0012963672567051477
03-17 15:48 INFO     Client: 0 Epoch: 2 Loss: 0.001416977391226026
03-17 15:48 INFO     Client: 0 Epoch: 3 Loss: 0.001432732903571704
03-17 15:48 INFO     Client: 0 Epoch: 4 Loss: 0.0010857879906558455
03-17 15:48 INFO      ** Client: 0 Training complete **
03-17 15:48 INFO     Training network 1 n_training: 8000
03-17 15:48 INFO     Training network 1
03-17 15:48 INFO     Client: 1 Epoch: 0 Loss: 0.0014542768978806693
03-17 15:48 INFO     Client: 1 Epoch: 1 Loss: 0.0012586262328700432
03-17 15:48 INFO     Client: 1 Epoch: 2 Loss: 0.0014216686728515573
03-17 15:48 INFO     Client: 1 Epoch: 3 Loss: 0.0010134708061213455
03-17 15:48 INFO     Client: 1 Epoch: 4 Loss: 0.0011825928710506208
03-17 15:48 INFO      ** Client: 1 Training complete **
03-17 15:48 INFO     global n_training: 390
03-17 15:48 INFO     global n_test: 79
03-17 15:48 INFO     >> Global Model Train accuracy: 0.8151, Train accuracy top-5: 0.9928
03-17 15:48 INFO     >> Global Model Test accuracy: 0.7832, Test accuracy top-5: 0.9902
03-17 15:48 INFO     >> Global Model Train loss: 0.6689
03-17 15:48 INFO     in comm round:33
03-17 15:48 INFO     Training network 0 n_training: 5000
03-17 15:48 INFO     Training network 0
03-17 15:48 INFO     Client: 0 Epoch: 0 Loss: 0.0019013213728053065
03-17 15:48 INFO     Client: 0 Epoch: 1 Loss: 0.0018233876423134159
03-17 15:48 INFO     Client: 0 Epoch: 2 Loss: 0.0013398168196615118
03-17 15:48 INFO     Client: 0 Epoch: 3 Loss: 0.001070401950691564
03-17 15:48 INFO     Client: 0 Epoch: 4 Loss: 0.0010738239007202
03-17 15:48 INFO      ** Client: 0 Training complete **
03-17 15:48 INFO     Training network 1 n_training: 8000
03-17 15:48 INFO     Training network 1
03-17 15:48 INFO     Client: 1 Epoch: 0 Loss: 0.0019566028978818305
03-17 15:48 INFO     Client: 1 Epoch: 1 Loss: 0.0014910502241916894
03-17 15:48 INFO     Client: 1 Epoch: 2 Loss: 0.0018204201525452758
03-17 15:48 INFO     Client: 1 Epoch: 3 Loss: 0.0018841244699057912
03-17 15:48 INFO     Client: 1 Epoch: 4 Loss: 0.0013389380577380858
03-17 15:48 INFO      ** Client: 1 Training complete **
03-17 15:48 INFO     global n_training: 390
03-17 15:48 INFO     global n_test: 79
03-17 15:49 INFO     >> Global Model Train accuracy: 0.8184, Train accuracy top-5: 0.9930
03-17 15:49 INFO     >> Global Model Test accuracy: 0.7866, Test accuracy top-5: 0.9901
03-17 15:49 INFO     >> Global Model Train loss: 0.6542
03-17 15:49 INFO     in comm round:34
03-17 15:49 INFO     Training network 0 n_training: 5000
03-17 15:49 INFO     Training network 0
03-17 15:49 INFO     Client: 0 Epoch: 0 Loss: 0.0019045053669311202
03-17 15:49 INFO     Client: 0 Epoch: 1 Loss: 0.0016372674271667327
03-17 15:49 INFO     Client: 0 Epoch: 2 Loss: 0.0014307063568431216
03-17 15:49 INFO     Client: 0 Epoch: 3 Loss: 0.001547654425779071
03-17 15:49 INFO     Client: 0 Epoch: 4 Loss: 0.0013210283963976859
03-17 15:49 INFO      ** Client: 0 Training complete **
03-17 15:49 INFO     Training network 1 n_training: 8000
03-17 15:49 INFO     Training network 1
03-17 15:49 INFO     Client: 1 Epoch: 0 Loss: 0.0019164365390503418
03-17 15:49 INFO     Client: 1 Epoch: 1 Loss: 0.0014909312965521108
03-17 15:49 INFO     Client: 1 Epoch: 2 Loss: 0.0010406777010141541
03-17 15:49 INFO     Client: 1 Epoch: 3 Loss: 0.0009849485429567135
03-17 15:49 INFO     Client: 1 Epoch: 4 Loss: 0.001184922325210796
03-17 15:49 INFO      ** Client: 1 Training complete **
03-17 15:49 INFO     global n_training: 390
03-17 15:49 INFO     global n_test: 79
03-17 15:49 INFO     >> Global Model Train accuracy: 0.8200, Train accuracy top-5: 0.9928
03-17 15:49 INFO     >> Global Model Test accuracy: 0.7868, Test accuracy top-5: 0.9905
03-17 15:49 INFO     >> Global Model Train loss: 0.6597
03-17 15:49 INFO     in comm round:35
03-17 15:49 INFO     Training network 0 n_training: 5000
03-17 15:49 INFO     Training network 0
03-17 15:49 INFO     Client: 0 Epoch: 0 Loss: 0.0020856476741102645
03-17 15:49 INFO     Client: 0 Epoch: 1 Loss: 0.0016397694797398378
03-17 15:49 INFO     Client: 0 Epoch: 2 Loss: 0.0016412545004501366
03-17 15:49 INFO     Client: 0 Epoch: 3 Loss: 0.0010467379231555148
03-17 15:49 INFO     Client: 0 Epoch: 4 Loss: 0.0010279009733587885
03-17 15:49 INFO      ** Client: 0 Training complete **
03-17 15:49 INFO     Training network 1 n_training: 8000
03-17 15:49 INFO     Training network 1
03-17 15:49 INFO     Client: 1 Epoch: 0 Loss: 0.001352795010579059
03-17 15:49 INFO     Client: 1 Epoch: 1 Loss: 0.0013009381284298856
03-17 15:49 INFO     Client: 1 Epoch: 2 Loss: 0.0014510578006475925
03-17 15:49 INFO     Client: 1 Epoch: 3 Loss: 0.0009822934479152242
03-17 15:49 INFO     Client: 1 Epoch: 4 Loss: 0.0011148297635372728
03-17 15:49 INFO      ** Client: 1 Training complete **
03-17 15:49 INFO     global n_training: 390
03-17 15:49 INFO     global n_test: 79
03-17 15:49 INFO     >> Global Model Train accuracy: 0.8219, Train accuracy top-5: 0.9922
03-17 15:49 INFO     >> Global Model Test accuracy: 0.7900, Test accuracy top-5: 0.9905
03-17 15:49 INFO     >> Global Model Train loss: 0.6468
03-17 15:49 INFO     in comm round:36
03-17 15:49 INFO     Training network 0 n_training: 5000
03-17 15:49 INFO     Training network 0
03-17 15:50 INFO     Client: 0 Epoch: 0 Loss: 0.0017629767012877916
03-17 15:50 INFO     Client: 0 Epoch: 1 Loss: 0.00151820982603404
03-17 15:50 INFO     Client: 0 Epoch: 2 Loss: 0.0012759897016132106
03-17 15:50 INFO     Client: 0 Epoch: 3 Loss: 0.001231355001576818
03-17 15:50 INFO     Client: 0 Epoch: 4 Loss: 0.0013423618623234618
03-17 15:50 INFO      ** Client: 0 Training complete **
03-17 15:50 INFO     Training network 1 n_training: 8000
03-17 15:50 INFO     Training network 1
03-17 15:50 INFO     Client: 1 Epoch: 0 Loss: 0.00133515294451612
03-17 15:50 INFO     Client: 1 Epoch: 1 Loss: 0.0012434509046743774
03-17 15:50 INFO     Client: 1 Epoch: 2 Loss: 0.001238987380225632
03-17 15:50 INFO     Client: 1 Epoch: 3 Loss: 0.0011337962402443913
03-17 15:50 INFO     Client: 1 Epoch: 4 Loss: 0.0013891860092577013
03-17 15:50 INFO      ** Client: 1 Training complete **
03-17 15:50 INFO     global n_training: 390
03-17 15:50 INFO     global n_test: 79
03-17 15:50 INFO     >> Global Model Train accuracy: 0.8214, Train accuracy top-5: 0.9925
03-17 15:50 INFO     >> Global Model Test accuracy: 0.7881, Test accuracy top-5: 0.9905
03-17 15:50 INFO     >> Global Model Train loss: 0.6529
03-17 15:50 INFO     in comm round:37
03-17 15:50 INFO     Training network 0 n_training: 5000
03-17 15:50 INFO     Training network 0
03-17 15:50 INFO     Client: 0 Epoch: 0 Loss: 0.0017877732581184364
03-17 15:50 INFO     Client: 0 Epoch: 1 Loss: 0.001488287668997565
03-17 15:50 INFO     Client: 0 Epoch: 2 Loss: 0.001582922048281687
03-17 15:50 INFO     Client: 0 Epoch: 3 Loss: 0.0014439518227635955
03-17 15:50 INFO     Client: 0 Epoch: 4 Loss: 0.0010692381728380823
03-17 15:50 INFO      ** Client: 0 Training complete **
03-17 15:50 INFO     Training network 1 n_training: 8000
03-17 15:50 INFO     Training network 1
03-17 15:50 INFO     Client: 1 Epoch: 0 Loss: 0.0014606831490152304
03-17 15:50 INFO     Client: 1 Epoch: 1 Loss: 0.0013207310987655224
03-17 15:50 INFO     Client: 1 Epoch: 2 Loss: 0.0015426621605236564
03-17 15:50 INFO     Client: 1 Epoch: 3 Loss: 0.0010499451253112525
03-17 15:50 INFO     Client: 1 Epoch: 4 Loss: 0.0010645597649272531
03-17 15:50 INFO      ** Client: 1 Training complete **
03-17 15:50 INFO     global n_training: 390
03-17 15:50 INFO     global n_test: 79
03-17 15:50 INFO     >> Global Model Train accuracy: 0.8199, Train accuracy top-5: 0.9926
03-17 15:50 INFO     >> Global Model Test accuracy: 0.7880, Test accuracy top-5: 0.9904
03-17 15:50 INFO     >> Global Model Train loss: 0.6505
03-17 15:50 INFO     in comm round:38
03-17 15:50 INFO     Training network 0 n_training: 5000
03-17 15:50 INFO     Training network 0
03-17 15:50 INFO     Client: 0 Epoch: 0 Loss: 0.0017516990266859722
03-17 15:50 INFO     Client: 0 Epoch: 1 Loss: 0.0014712323489873551
03-17 15:50 INFO     Client: 0 Epoch: 2 Loss: 0.001477270609496209
03-17 15:51 INFO     Client: 0 Epoch: 3 Loss: 0.0011425970677429666
03-17 15:51 INFO     Client: 0 Epoch: 4 Loss: 0.0012327593904979622
03-17 15:51 INFO      ** Client: 0 Training complete **
03-17 15:51 INFO     Training network 1 n_training: 8000
03-17 15:51 INFO     Training network 1
03-17 15:51 INFO     Client: 1 Epoch: 0 Loss: 0.0012448089027818623
03-17 15:51 INFO     Client: 1 Epoch: 1 Loss: 0.001318978436756879
03-17 15:51 INFO     Client: 1 Epoch: 2 Loss: 0.0010948901852375016
03-17 15:51 INFO     Client: 1 Epoch: 3 Loss: 0.001008796836099317
03-17 15:51 INFO     Client: 1 Epoch: 4 Loss: 0.0012537699045834974
03-17 15:51 INFO      ** Client: 1 Training complete **
03-17 15:51 INFO     global n_training: 390
03-17 15:51 INFO     global n_test: 79
03-17 15:51 INFO     >> Global Model Train accuracy: 0.8221, Train accuracy top-5: 0.9932
03-17 15:51 INFO     >> Global Model Test accuracy: 0.7887, Test accuracy top-5: 0.9902
03-17 15:51 INFO     >> Global Model Train loss: 0.6466
03-17 15:51 INFO     in comm round:39
03-17 15:51 INFO     Training network 0 n_training: 5000
03-17 15:51 INFO     Training network 0
03-17 15:51 INFO     Client: 0 Epoch: 0 Loss: 0.0015164127898736834
03-17 15:51 INFO     Client: 0 Epoch: 1 Loss: 0.0015634376554188724
03-17 15:51 INFO     Client: 0 Epoch: 2 Loss: 0.0013694960589651973
03-17 15:51 INFO     Client: 0 Epoch: 3 Loss: 0.001051202783575998
03-17 15:51 INFO     Client: 0 Epoch: 4 Loss: 0.0013389301610191185
03-17 15:51 INFO      ** Client: 0 Training complete **
03-17 15:51 INFO     Training network 1 n_training: 8000
03-17 15:51 INFO     Training network 1
03-17 15:51 INFO     Client: 1 Epoch: 0 Loss: 0.0012798229515958097
03-17 15:51 INFO     Client: 1 Epoch: 1 Loss: 0.0013694487772168472
03-17 15:51 INFO     Client: 1 Epoch: 2 Loss: 0.0010839801614037565
03-17 15:51 INFO     Client: 1 Epoch: 3 Loss: 0.0011374113190310796
03-17 15:51 INFO     Client: 1 Epoch: 4 Loss: 0.0013705552109674881
03-17 15:51 INFO      ** Client: 1 Training complete **
03-17 15:51 INFO     global n_training: 390
03-17 15:51 INFO     global n_test: 79
03-17 15:51 INFO     >> Global Model Train accuracy: 0.8262, Train accuracy top-5: 0.9929
03-17 15:51 INFO     >> Global Model Test accuracy: 0.7940, Test accuracy top-5: 0.9903
03-17 15:51 INFO     >> Global Model Train loss: 0.6251
03-17 15:51 INFO     in comm round:40
03-17 15:51 INFO     Training network 0 n_training: 5000
03-17 15:51 INFO     Training network 0
03-17 15:51 INFO     Client: 0 Epoch: 0 Loss: 0.0014469801621416058
03-17 15:51 INFO     Client: 0 Epoch: 1 Loss: 0.0015935820672147644
03-17 15:51 INFO     Client: 0 Epoch: 2 Loss: 0.0012737632466432375
03-17 15:51 INFO     Client: 0 Epoch: 3 Loss: 0.0013066288322592394
03-17 15:51 INFO     Client: 0 Epoch: 4 Loss: 0.0014739627897655831
03-17 15:51 INFO      ** Client: 0 Training complete **
03-17 15:51 INFO     Training network 1 n_training: 8000
03-17 15:51 INFO     Training network 1
03-17 15:51 INFO     Client: 1 Epoch: 0 Loss: 0.0014691554599501673
03-17 15:52 INFO     Client: 1 Epoch: 1 Loss: 0.0011305483949986556
03-17 15:52 INFO     Client: 1 Epoch: 2 Loss: 0.0011235610441109466
03-17 15:52 INFO     Client: 1 Epoch: 3 Loss: 0.001195141697779388
03-17 15:52 INFO     Client: 1 Epoch: 4 Loss: 0.001331201420285769
03-17 15:52 INFO      ** Client: 1 Training complete **
03-17 15:52 INFO     global n_training: 390
03-17 15:52 INFO     global n_test: 79
03-17 15:52 INFO     >> Global Model Train accuracy: 0.8243, Train accuracy top-5: 0.9920
03-17 15:52 INFO     >> Global Model Test accuracy: 0.7905, Test accuracy top-5: 0.9902
03-17 15:52 INFO     >> Global Model Train loss: 0.6373
03-17 15:52 INFO     in comm round:41
03-17 15:52 INFO     Training network 0 n_training: 5000
03-17 15:52 INFO     Training network 0
03-17 15:52 INFO     Client: 0 Epoch: 0 Loss: 0.001667326037139178
03-17 15:52 INFO     Client: 0 Epoch: 1 Loss: 0.001372394422128892
03-17 15:52 INFO     Client: 0 Epoch: 2 Loss: 0.0013108914732956924
03-17 15:52 INFO     Client: 0 Epoch: 3 Loss: 0.0013849533122713463
03-17 15:52 INFO     Client: 0 Epoch: 4 Loss: 0.0015509178479894614
03-17 15:52 INFO      ** Client: 0 Training complete **
03-17 15:52 INFO     Training network 1 n_training: 8000
03-17 15:52 INFO     Training network 1
03-17 15:52 INFO     Client: 1 Epoch: 0 Loss: 0.001405399014812804
03-17 15:52 INFO     Client: 1 Epoch: 1 Loss: 0.0013858075939013712
03-17 15:52 INFO     Client: 1 Epoch: 2 Loss: 0.0012505663922169215
03-17 15:52 INFO     Client: 1 Epoch: 3 Loss: 0.0012292149406294489
03-17 15:52 INFO     Client: 1 Epoch: 4 Loss: 0.001265332384425546
03-17 15:52 INFO      ** Client: 1 Training complete **
03-17 15:52 INFO     global n_training: 390
03-17 15:52 INFO     global n_test: 79
03-17 15:52 INFO     >> Global Model Train accuracy: 0.8259, Train accuracy top-5: 0.9927
03-17 15:52 INFO     >> Global Model Test accuracy: 0.7918, Test accuracy top-5: 0.9905
03-17 15:52 INFO     >> Global Model Train loss: 0.6329
03-17 15:52 INFO     in comm round:42
03-17 15:52 INFO     Training network 0 n_training: 5000
03-17 15:52 INFO     Training network 0
03-17 15:52 INFO     Client: 0 Epoch: 0 Loss: 0.0015782176693065618
03-17 15:52 INFO     Client: 0 Epoch: 1 Loss: 0.001288594604911617
03-17 15:52 INFO     Client: 0 Epoch: 2 Loss: 0.0013788959536796962
03-17 15:52 INFO     Client: 0 Epoch: 3 Loss: 0.0014043197614881091
03-17 15:52 INFO     Client: 0 Epoch: 4 Loss: 0.00150667841379077
03-17 15:52 INFO      ** Client: 0 Training complete **
03-17 15:52 INFO     Training network 1 n_training: 8000
03-17 15:52 INFO     Training network 1
03-17 15:52 INFO     Client: 1 Epoch: 0 Loss: 0.0013393308205019321
03-17 15:52 INFO     Client: 1 Epoch: 1 Loss: 0.0014018055733158103
03-17 15:52 INFO     Client: 1 Epoch: 2 Loss: 0.0012482872163321103
03-17 15:53 INFO     Client: 1 Epoch: 3 Loss: 0.0011834772327171277
03-17 15:53 INFO     Client: 1 Epoch: 4 Loss: 0.0011114734511319248
03-17 15:53 INFO      ** Client: 1 Training complete **
03-17 15:53 INFO     global n_training: 390
03-17 15:53 INFO     global n_test: 79
03-17 15:53 INFO     >> Global Model Train accuracy: 0.8286, Train accuracy top-5: 0.9930
03-17 15:53 INFO     >> Global Model Test accuracy: 0.7951, Test accuracy top-5: 0.9903
03-17 15:53 INFO     >> Global Model Train loss: 0.6223
03-17 15:53 INFO     in comm round:43
03-17 15:53 INFO     Training network 0 n_training: 5000
03-17 15:53 INFO     Training network 0
03-17 15:53 INFO     Client: 0 Epoch: 0 Loss: 0.0016534906268740694
03-17 15:53 INFO     Client: 0 Epoch: 1 Loss: 0.0013199657252512109
03-17 15:53 INFO     Client: 0 Epoch: 2 Loss: 0.0013813570571633486
03-17 15:53 INFO     Client: 0 Epoch: 3 Loss: 0.0014482893778058963
03-17 15:53 INFO     Client: 0 Epoch: 4 Loss: 0.0015365813309565568
03-17 15:53 INFO      ** Client: 0 Training complete **
03-17 15:53 INFO     Training network 1 n_training: 8000
03-17 15:53 INFO     Training network 1
03-17 15:53 INFO     Client: 1 Epoch: 0 Loss: 0.0012172067851474089
03-17 15:53 INFO     Client: 1 Epoch: 1 Loss: 0.001385398354144737
03-17 15:53 INFO     Client: 1 Epoch: 2 Loss: 0.001269625435534474
03-17 15:53 INFO     Client: 1 Epoch: 3 Loss: 0.0013053598654110946
03-17 15:53 INFO     Client: 1 Epoch: 4 Loss: 0.0011360214266460389
03-17 15:53 INFO      ** Client: 1 Training complete **
03-17 15:53 INFO     global n_training: 390
03-17 15:53 INFO     global n_test: 79
03-17 15:53 INFO     >> Global Model Train accuracy: 0.8285, Train accuracy top-5: 0.9928
03-17 15:53 INFO     >> Global Model Test accuracy: 0.7963, Test accuracy top-5: 0.9906
03-17 15:53 INFO     >> Global Model Train loss: 0.6169
03-17 15:53 INFO     in comm round:44
03-17 15:53 INFO     Training network 0 n_training: 5000
03-17 15:53 INFO     Training network 0
03-17 15:53 INFO     Client: 0 Epoch: 0 Loss: 0.0016062850929581774
03-17 15:53 INFO     Client: 0 Epoch: 1 Loss: 0.0021103307282408844
03-17 15:53 INFO     Client: 0 Epoch: 2 Loss: 0.0013881773681929095
03-17 15:53 INFO     Client: 0 Epoch: 3 Loss: 0.001376424701167987
03-17 15:53 INFO     Client: 0 Epoch: 4 Loss: 0.001534859625956951
03-17 15:53 INFO      ** Client: 0 Training complete **
03-17 15:53 INFO     Training network 1 n_training: 8000
03-17 15:53 INFO     Training network 1
03-17 15:53 INFO     Client: 1 Epoch: 0 Loss: 0.0012627721293791828
03-17 15:53 INFO     Client: 1 Epoch: 1 Loss: 0.0012627099931705743
03-17 15:53 INFO     Client: 1 Epoch: 2 Loss: 0.0015053545606450267
03-17 15:53 INFO     Client: 1 Epoch: 3 Loss: 0.0011629289994391824
03-17 15:53 INFO     Client: 1 Epoch: 4 Loss: 0.0010502691410722272
03-17 15:53 INFO      ** Client: 1 Training complete **
03-17 15:53 INFO     global n_training: 390
03-17 15:53 INFO     global n_test: 79
03-17 15:54 INFO     >> Global Model Train accuracy: 0.8261, Train accuracy top-5: 0.9923
03-17 15:54 INFO     >> Global Model Test accuracy: 0.7938, Test accuracy top-5: 0.9903
03-17 15:54 INFO     >> Global Model Train loss: 0.6221
03-17 15:54 INFO     in comm round:45
03-17 15:54 INFO     Training network 0 n_training: 5000
03-17 15:54 INFO     Training network 0
03-17 15:54 INFO     Client: 0 Epoch: 0 Loss: 0.0013934925007514465
03-17 15:54 INFO     Client: 0 Epoch: 1 Loss: 0.0015128140355675267
03-17 15:54 INFO     Client: 0 Epoch: 2 Loss: 0.0015659988111553665
03-17 15:54 INFO     Client: 0 Epoch: 3 Loss: 0.001681964671334777
03-17 15:54 INFO     Client: 0 Epoch: 4 Loss: 0.0016623841238936458
03-17 15:54 INFO      ** Client: 0 Training complete **
03-17 15:54 INFO     Training network 1 n_training: 8000
03-17 15:54 INFO     Training network 1
03-17 15:54 INFO     Client: 1 Epoch: 0 Loss: 0.0013650891036846705
03-17 15:54 INFO     Client: 1 Epoch: 1 Loss: 0.001253954471453213
03-17 15:54 INFO     Client: 1 Epoch: 2 Loss: 0.0015224792497916027
03-17 15:54 INFO     Client: 1 Epoch: 3 Loss: 0.0013647510270182524
03-17 15:54 INFO     Client: 1 Epoch: 4 Loss: 0.0013850990015329913
03-17 15:54 INFO      ** Client: 1 Training complete **
03-17 15:54 INFO     global n_training: 390
03-17 15:54 INFO     global n_test: 79
03-17 15:54 INFO     >> Global Model Train accuracy: 0.8293, Train accuracy top-5: 0.9929
03-17 15:54 INFO     >> Global Model Test accuracy: 0.7965, Test accuracy top-5: 0.9903
03-17 15:54 INFO     >> Global Model Train loss: 0.6155
03-17 15:54 INFO     in comm round:46
03-17 15:54 INFO     Training network 0 n_training: 5000
03-17 15:54 INFO     Training network 0
03-17 15:54 INFO     Client: 0 Epoch: 0 Loss: 0.0012514262657182722
03-17 15:54 INFO     Client: 0 Epoch: 1 Loss: 0.0016574114755106468
03-17 15:54 INFO     Client: 0 Epoch: 2 Loss: 0.001639130335742942
03-17 15:54 INFO     Client: 0 Epoch: 3 Loss: 0.0014892876034793563
03-17 15:54 INFO     Client: 0 Epoch: 4 Loss: 0.0014704880259859448
03-17 15:54 INFO      ** Client: 0 Training complete **
03-17 15:54 INFO     Training network 1 n_training: 8000
03-17 15:54 INFO     Training network 1
03-17 15:54 INFO     Client: 1 Epoch: 0 Loss: 0.001344757168197013
03-17 15:54 INFO     Client: 1 Epoch: 1 Loss: 0.0015415267576651286
03-17 15:54 INFO     Client: 1 Epoch: 2 Loss: 0.001280841338748653
03-17 15:54 INFO     Client: 1 Epoch: 3 Loss: 0.0013216458276973195
03-17 15:54 INFO     Client: 1 Epoch: 4 Loss: 0.001262990886912561
03-17 15:54 INFO      ** Client: 1 Training complete **
03-17 15:54 INFO     global n_training: 390
03-17 15:54 INFO     global n_test: 79
03-17 15:55 INFO     >> Global Model Train accuracy: 0.8299, Train accuracy top-5: 0.9927
03-17 15:55 INFO     >> Global Model Test accuracy: 0.7968, Test accuracy top-5: 0.9902
03-17 15:55 INFO     >> Global Model Train loss: 0.6109
03-17 15:55 INFO     in comm round:47
03-17 15:55 INFO     Training network 0 n_training: 5000
03-17 15:55 INFO     Training network 0
03-17 15:55 INFO     Client: 0 Epoch: 0 Loss: 0.0014042781042054486
03-17 15:55 INFO     Client: 0 Epoch: 1 Loss: 0.0013346308782601203
03-17 15:55 INFO     Client: 0 Epoch: 2 Loss: 0.0013723630287971061
03-17 15:55 INFO     Client: 0 Epoch: 3 Loss: 0.0017914554471364962
03-17 15:55 INFO     Client: 0 Epoch: 4 Loss: 0.001352617473084814
03-17 15:55 INFO      ** Client: 0 Training complete **
03-17 15:55 INFO     Training network 1 n_training: 8000
03-17 15:55 INFO     Training network 1
03-17 15:55 INFO     Client: 1 Epoch: 0 Loss: 0.0013247474210314272
03-17 15:55 INFO     Client: 1 Epoch: 1 Loss: 0.001448167773853657
03-17 15:55 INFO     Client: 1 Epoch: 2 Loss: 0.0013803203248478953
03-17 15:55 INFO     Client: 1 Epoch: 3 Loss: 0.001269777969648731
03-17 15:55 INFO     Client: 1 Epoch: 4 Loss: 0.0013090163246811098
03-17 15:55 INFO      ** Client: 1 Training complete **
03-17 15:55 INFO     global n_training: 390
03-17 15:55 INFO     global n_test: 79
03-17 15:55 INFO     >> Global Model Train accuracy: 0.8306, Train accuracy top-5: 0.9925
03-17 15:55 INFO     >> Global Model Test accuracy: 0.7973, Test accuracy top-5: 0.9902
03-17 15:55 INFO     >> Global Model Train loss: 0.6105
03-17 15:55 INFO     in comm round:48
03-17 15:55 INFO     Training network 0 n_training: 5000
03-17 15:55 INFO     Training network 0
03-17 15:55 INFO     Client: 0 Epoch: 0 Loss: 0.001403258308971253
03-17 15:55 INFO     Client: 0 Epoch: 1 Loss: 0.001963658847858031
03-17 15:55 INFO     Client: 0 Epoch: 2 Loss: 0.0016624092360218174
03-17 15:55 INFO     Client: 0 Epoch: 3 Loss: 0.001678246616696318
03-17 15:55 INFO     Client: 0 Epoch: 4 Loss: 0.0013368926234901524
03-17 15:55 INFO      ** Client: 0 Training complete **
03-17 15:55 INFO     Training network 1 n_training: 8000
03-17 15:55 INFO     Training network 1
03-17 15:55 INFO     Client: 1 Epoch: 0 Loss: 0.0015279654513916843
03-17 15:55 INFO     Client: 1 Epoch: 1 Loss: 0.0015254189896832912
03-17 15:55 INFO     Client: 1 Epoch: 2 Loss: 0.0013260507529916903
03-17 15:55 INFO     Client: 1 Epoch: 3 Loss: 0.0013816164568960366
03-17 15:55 INFO     Client: 1 Epoch: 4 Loss: 0.001471319944680398
03-17 15:55 INFO      ** Client: 1 Training complete **
03-17 15:55 INFO     global n_training: 390
03-17 15:55 INFO     global n_test: 79
03-17 15:55 INFO     >> Global Model Train accuracy: 0.8335, Train accuracy top-5: 0.9921
03-17 15:55 INFO     >> Global Model Test accuracy: 0.8003, Test accuracy top-5: 0.9904
03-17 15:55 INFO     >> Global Model Train loss: 0.6012
03-17 15:55 INFO     in comm round:49
03-17 15:55 INFO     Training network 0 n_training: 5000
03-17 15:55 INFO     Training network 0
03-17 15:55 INFO     Client: 0 Epoch: 0 Loss: 0.0013952876660578812
03-17 15:55 INFO     Client: 0 Epoch: 1 Loss: 0.00155820727843839
03-17 15:56 INFO     Client: 0 Epoch: 2 Loss: 0.0016630189329123076
03-17 15:56 INFO     Client: 0 Epoch: 3 Loss: 0.001371020921326887
03-17 15:56 INFO     Client: 0 Epoch: 4 Loss: 0.0015540209342128574
03-17 15:56 INFO      ** Client: 0 Training complete **
03-17 15:56 INFO     Training network 1 n_training: 8000
03-17 15:56 INFO     Training network 1
03-17 15:56 INFO     Client: 1 Epoch: 0 Loss: 0.0015159714629032438
03-17 15:56 INFO     Client: 1 Epoch: 1 Loss: 0.0015116910203247362
03-17 15:56 INFO     Client: 1 Epoch: 2 Loss: 0.0014476226182699565
03-17 15:56 INFO     Client: 1 Epoch: 3 Loss: 0.0013468467467088973
03-17 15:56 INFO     Client: 1 Epoch: 4 Loss: 0.0013179120264061157
03-17 15:56 INFO      ** Client: 1 Training complete **
03-17 15:56 INFO     global n_training: 390
03-17 15:56 INFO     global n_test: 79
03-17 15:56 INFO     >> Global Model Train accuracy: 0.8323, Train accuracy top-5: 0.9925
03-17 15:56 INFO     >> Global Model Test accuracy: 0.7992, Test accuracy top-5: 0.9901
03-17 15:56 INFO     >> Global Model Train loss: 0.6032
03-17 15:56 INFO     Starting Fine Tuning...
03-17 15:56 INFO     Training network 0
03-17 15:56 INFO     Client: 0 Epoch: 0 Loss: 0.0018941546426130794
03-17 15:56 INFO     Client: 0 Epoch: 1 Loss: 0.0016196746929871063
03-17 15:56 INFO     Client: 0 Epoch: 2 Loss: 0.0014648832924043138
03-17 15:56 INFO     Client: 0 Epoch: 3 Loss: 0.001409452055574944
03-17 15:56 INFO     Client: 0 Epoch: 4 Loss: 0.0014098649777364559
03-17 15:56 INFO      ** Client: 0 Training complete **
03-17 15:56 INFO     Training network 0
03-17 15:56 INFO     Client: 0 Epoch: 0 Loss: 0.001563520919239053
03-17 15:56 INFO     Client: 0 Epoch: 1 Loss: 0.0015631259280221106
03-17 15:56 INFO     Client: 0 Epoch: 2 Loss: 0.0015424558771953273
03-17 15:56 INFO     Client: 0 Epoch: 3 Loss: 0.0016512263831921304
03-17 15:56 INFO     Client: 0 Epoch: 4 Loss: 0.001647646907561769
03-17 15:56 INFO      ** Client: 0 Training complete **
03-17 15:56 INFO     Training network 0
03-17 15:56 INFO     Client: 0 Epoch: 0 Loss: 0.0015226261233552718
03-17 15:56 INFO     Client: 0 Epoch: 1 Loss: 0.0017545731471051485
03-17 15:56 INFO     Client: 0 Epoch: 2 Loss: 0.0015386200602500676
03-17 15:56 INFO     Client: 0 Epoch: 3 Loss: 0.0015895138628995763
03-17 15:56 INFO     Client: 0 Epoch: 4 Loss: 0.0011691581442928277
03-17 15:56 INFO      ** Client: 0 Training complete **
03-17 15:56 INFO     Training network 0
03-17 15:56 INFO     Client: 0 Epoch: 0 Loss: 0.0012502125210654086
03-17 15:56 INFO     Client: 0 Epoch: 1 Loss: 0.0016562404134907783
03-17 15:56 INFO     Client: 0 Epoch: 2 Loss: 0.0014889676643248934
03-17 15:56 INFO     Client: 0 Epoch: 3 Loss: 0.0015849133711666442
03-17 15:56 INFO     Client: 0 Epoch: 4 Loss: 0.00131252769064397
03-17 15:56 INFO      ** Client: 0 Training complete **
03-17 15:57 INFO     Training network 0
03-17 15:57 INFO     Client: 0 Epoch: 0 Loss: 0.0014837246876245795
03-17 15:57 INFO     Client: 0 Epoch: 1 Loss: 0.0013196594156444264
03-17 15:57 INFO     Client: 0 Epoch: 2 Loss: 0.0016267807267677898
03-17 15:57 INFO     Client: 0 Epoch: 3 Loss: 0.001596767991148413
03-17 15:57 INFO     Client: 0 Epoch: 4 Loss: 0.001377725396126222
03-17 15:57 INFO      ** Client: 0 Training complete **
03-17 15:57 INFO     Training network 1
03-17 15:57 INFO     Client: 1 Epoch: 0 Loss: 0.0014074583361375957
03-17 15:57 INFO     Client: 1 Epoch: 1 Loss: 0.0012004079758152065
03-17 15:57 INFO     Client: 1 Epoch: 2 Loss: 0.0013066371301970175
03-17 15:57 INFO     Client: 1 Epoch: 3 Loss: 0.00120416056785372
03-17 15:57 INFO     Client: 1 Epoch: 4 Loss: 0.0013213786831681406
03-17 15:57 INFO      ** Client: 1 Training complete **
03-17 15:57 INFO     Training network 1
03-17 15:57 INFO     Client: 1 Epoch: 0 Loss: 0.0013156299122079696
03-17 15:57 INFO     Client: 1 Epoch: 1 Loss: 0.001215873914207482
03-17 15:57 INFO     Client: 1 Epoch: 2 Loss: 0.0015220573165401396
03-17 15:57 INFO     Client: 1 Epoch: 3 Loss: 0.0012529888232576572
03-17 15:57 INFO     Client: 1 Epoch: 4 Loss: 0.0015374380971244987
03-17 15:57 INFO      ** Client: 1 Training complete **
03-17 15:57 INFO     Training network 1
03-17 15:57 INFO     Client: 1 Epoch: 0 Loss: 0.0014144215693381885
03-17 15:57 INFO     Client: 1 Epoch: 1 Loss: 0.001468741600664573
03-17 15:57 INFO     Client: 1 Epoch: 2 Loss: 0.0016210277991053918
03-17 15:57 INFO     Client: 1 Epoch: 3 Loss: 0.0012606937689856896
03-17 15:57 INFO     Client: 1 Epoch: 4 Loss: 0.001426342375306112
03-17 15:57 INFO      ** Client: 1 Training complete **
03-17 15:57 INFO     Training network 1
03-17 15:57 INFO     Client: 1 Epoch: 0 Loss: 0.0011658786294696433
03-17 15:57 INFO     Client: 1 Epoch: 1 Loss: 0.0014186981462708285
03-17 15:58 INFO     Client: 1 Epoch: 2 Loss: 0.001586308292556374
03-17 15:58 INFO     Client: 1 Epoch: 3 Loss: 0.001671251772824044
03-17 15:58 INFO     Client: 1 Epoch: 4 Loss: 0.0014734026053995495
03-17 15:58 INFO      ** Client: 1 Training complete **
