05-16 17:00 INFO     cuda
05-16 17:00 INFO     Command Line Arguments: 
{
    "epochs": 5,
    "comm_round": 300,
    "sample_fraction": 1.0,
    "alpha": 0.01,
    "dataset": "tinyimagenet",
    "datadir": "../data/",
    "partition": "iid",
    "alg": "centralized",
    "model": "resnet-50",
    "split_layer": 1,
    "n_parties": 1,
    "lr": 0.01,
    "mu": 1,
    "std_coeff": 2.5,
    "unif_coeff": 0.5,
    "batch_size": 128,
    "load_first_net": 1,
    "pool_option": "FIFO",
    "model_buffer_size": 1,
    "optimizer": "sgd",
    "simp_width": 1,
    "out_dim": 256,
    "reg": 0.0005,
    "temperature": 0.5,
    "logdir": "./",
    "log_file_name": "logs/experiment_log-alg=centralized_partition=iid_lr=0.01_epochs=5_num_users=1_beta=0.01_batch_size=128_opt=sgd_dataset=tinyimagenet_2024-05-16-1700-11",
    "seed": 1,
    "device": "cuda:7",
    "accuracies_file": "logs/centralized.csv",
    "dont_skip": false,
    "n_train_workers": 1,
    "n_test_workers": 1,
    "arch": "mobilenet_v3_large",
    "multiprocessing": 0
}
05-16 17:00 INFO     Data statistics: {0: {0: 500, 1: 500, 2: 500, 3: 500, 4: 500, 5: 500, 6: 500, 7: 500, 8: 500, 9: 500, 10: 500, 11: 500, 12: 500, 13: 500, 14: 500, 15: 500, 16: 500, 17: 500, 18: 500, 19: 500, 20: 500, 21: 500, 22: 500, 23: 500, 24: 500, 25: 500, 26: 500, 27: 500, 28: 500, 29: 500, 30: 500, 31: 500, 32: 500, 33: 500, 34: 500, 35: 500, 36: 500, 37: 500, 38: 500, 39: 500, 40: 500, 41: 500, 42: 500, 43: 500, 44: 500, 45: 500, 46: 500, 47: 500, 48: 500, 49: 500, 50: 500, 51: 500, 52: 500, 53: 500, 54: 500, 55: 500, 56: 500, 57: 500, 58: 500, 59: 500, 60: 500, 61: 500, 62: 500, 63: 500, 64: 500, 65: 500, 66: 500, 67: 500, 68: 500, 69: 500, 70: 500, 71: 500, 72: 500, 73: 500, 74: 500, 75: 500, 76: 500, 77: 500, 78: 500, 79: 500, 80: 500, 81: 500, 82: 500, 83: 500, 84: 500, 85: 500, 86: 500, 87: 500, 88: 500, 89: 500, 90: 500, 91: 500, 92: 500, 93: 500, 94: 500, 95: 500, 96: 500, 97: 500, 98: 500, 99: 500, 100: 500, 101: 500, 102: 500, 103: 500, 104: 500, 105: 500, 106: 500, 107: 500, 108: 500, 109: 500, 110: 500, 111: 500, 112: 500, 113: 500, 114: 500, 115: 500, 116: 500, 117: 500, 118: 500, 119: 500, 120: 500, 121: 500, 122: 500, 123: 500, 124: 500, 125: 500, 126: 500, 127: 500, 128: 500, 129: 500, 130: 500, 131: 500, 132: 500, 133: 500, 134: 500, 135: 500, 136: 500, 137: 500, 138: 500, 139: 500, 140: 500, 141: 500, 142: 500, 143: 500, 144: 500, 145: 500, 146: 500, 147: 500, 148: 500, 149: 500, 150: 500, 151: 500, 152: 500, 153: 500, 154: 500, 155: 500, 156: 500, 157: 500, 158: 500, 159: 500, 160: 500, 161: 500, 162: 500, 163: 500, 164: 500, 165: 500, 166: 500, 167: 500, 168: 500, 169: 500, 170: 500, 171: 500, 172: 500, 173: 500, 174: 500, 175: 500, 176: 500, 177: 500, 178: 500, 179: 500, 180: 500, 181: 500, 182: 500, 183: 500, 184: 500, 185: 500, 186: 500, 187: 500, 188: 500, 189: 500, 190: 500, 191: 500, 192: 500, 193: 500, 194: 500, 195: 500, 196: 500, 197: 500, 198: 500, 199: 500}}
05-16 17:04 INFO     in comm round:1 >> Global Model Test accuracy: 0.0714
05-16 17:07 INFO     in comm round:2 >> Global Model Test accuracy: 0.1273
05-16 17:09 INFO     in comm round:3 >> Global Model Test accuracy: 0.1805
05-16 17:12 INFO     in comm round:4 >> Global Model Test accuracy: 0.2171
05-16 17:14 INFO     in comm round:5 >> Global Model Test accuracy: 0.2737
05-16 17:16 INFO     in comm round:6 >> Global Model Test accuracy: 0.3166
05-16 17:19 INFO     in comm round:7 >> Global Model Test accuracy: 0.3321
05-16 17:21 INFO     in comm round:8 >> Global Model Test accuracy: 0.3594
05-16 17:24 INFO     in comm round:9 >> Global Model Test accuracy: 0.3346
05-16 17:26 INFO     in comm round:10 >> Global Model Test accuracy: 0.3878
05-16 17:29 INFO     in comm round:11 >> Global Model Test accuracy: 0.3850
05-16 17:31 INFO     in comm round:12 >> Global Model Test accuracy: 0.4077
05-16 17:34 INFO     in comm round:13 >> Global Model Test accuracy: 0.4187
05-16 17:36 INFO     in comm round:14 >> Global Model Test accuracy: 0.4261
05-16 17:39 INFO     in comm round:15 >> Global Model Test accuracy: 0.4287
05-16 17:41 INFO     in comm round:16 >> Global Model Test accuracy: 0.4496
05-16 17:43 INFO     in comm round:17 >> Global Model Test accuracy: 0.4447
05-16 17:46 INFO     in comm round:18 >> Global Model Test accuracy: 0.4525
05-16 17:48 INFO     in comm round:19 >> Global Model Test accuracy: 0.4556
05-16 17:51 INFO     in comm round:20 >> Global Model Test accuracy: 0.4702
05-16 17:53 INFO     in comm round:21 >> Global Model Test accuracy: 0.4732
05-16 17:56 INFO     in comm round:22 >> Global Model Test accuracy: 0.4728
05-16 18:01 INFO     in comm round:23 >> Global Model Test accuracy: 0.4883
05-16 18:06 INFO     in comm round:24 >> Global Model Test accuracy: 0.4641
05-16 18:11 INFO     in comm round:25 >> Global Model Test accuracy: 0.4691
05-16 18:16 INFO     in comm round:26 >> Global Model Test accuracy: 0.4724
05-16 18:21 INFO     in comm round:27 >> Global Model Test accuracy: 0.4846
05-16 18:25 INFO     in comm round:28 >> Global Model Test accuracy: 0.4812
05-16 18:30 INFO     in comm round:29 >> Global Model Test accuracy: 0.4854
05-16 18:35 INFO     in comm round:30 >> Global Model Test accuracy: 0.4772
05-16 18:40 INFO     in comm round:31 >> Global Model Test accuracy: 0.4925
05-16 18:43 INFO     in comm round:32 >> Global Model Test accuracy: 0.4888
05-16 18:48 INFO     in comm round:33 >> Global Model Test accuracy: 0.4930
05-16 18:53 INFO     in comm round:34 >> Global Model Test accuracy: 0.4918
05-16 18:58 INFO     in comm round:35 >> Global Model Test accuracy: 0.4928
05-16 19:03 INFO     in comm round:36 >> Global Model Test accuracy: 0.4931
05-16 19:07 INFO     in comm round:37 >> Global Model Test accuracy: 0.4877
05-16 19:12 INFO     in comm round:38 >> Global Model Test accuracy: 0.4864
05-16 19:17 INFO     in comm round:39 >> Global Model Test accuracy: 0.4963
05-16 19:22 INFO     in comm round:40 >> Global Model Test accuracy: 0.4881
05-16 19:27 INFO     in comm round:41 >> Global Model Test accuracy: 0.5007
05-16 19:31 INFO     in comm round:42 >> Global Model Test accuracy: 0.4931
05-16 19:35 INFO     in comm round:43 >> Global Model Test accuracy: 0.4958
05-16 19:40 INFO     in comm round:44 >> Global Model Test accuracy: 0.5052
05-16 19:44 INFO     in comm round:45 >> Global Model Test accuracy: 0.5050
05-16 19:49 INFO     in comm round:46 >> Global Model Test accuracy: 0.4992
05-16 19:54 INFO     in comm round:47 >> Global Model Test accuracy: 0.5018
05-16 19:59 INFO     in comm round:48 >> Global Model Test accuracy: 0.5022
05-16 20:04 INFO     in comm round:49 >> Global Model Test accuracy: 0.4775
05-16 20:09 INFO     in comm round:50 >> Global Model Test accuracy: 0.5016
05-16 20:14 INFO     in comm round:51 >> Global Model Test accuracy: 0.4926
05-16 20:18 INFO     in comm round:52 >> Global Model Test accuracy: 0.4966
05-16 20:21 INFO     in comm round:53 >> Global Model Test accuracy: 0.4910
05-16 20:24 INFO     in comm round:54 >> Global Model Test accuracy: 0.4953
05-16 20:26 INFO     in comm round:55 >> Global Model Test accuracy: 0.4952
05-16 20:29 INFO     in comm round:56 >> Global Model Test accuracy: 0.4982
05-16 20:31 INFO     in comm round:57 >> Global Model Test accuracy: 0.4958
05-16 20:34 INFO     in comm round:58 >> Global Model Test accuracy: 0.5011
05-16 20:36 INFO     in comm round:59 >> Global Model Test accuracy: 0.5065
05-16 20:38 INFO     in comm round:60 >> Global Model Test accuracy: 0.4986
05-16 20:41 INFO     in comm round:61 >> Global Model Test accuracy: 0.4847
05-16 20:43 INFO     in comm round:62 >> Global Model Test accuracy: 0.5022
05-16 20:46 INFO     in comm round:63 >> Global Model Test accuracy: 0.5038
05-16 20:48 INFO     in comm round:64 >> Global Model Test accuracy: 0.4971
05-16 20:51 INFO     in comm round:65 >> Global Model Test accuracy: 0.4884
05-16 20:53 INFO     in comm round:66 >> Global Model Test accuracy: 0.4920
05-16 20:56 INFO     in comm round:67 >> Global Model Test accuracy: 0.4992
05-16 20:58 INFO     in comm round:68 >> Global Model Test accuracy: 0.5047
05-16 21:01 INFO     in comm round:69 >> Global Model Test accuracy: 0.4993
05-16 21:03 INFO     in comm round:70 >> Global Model Test accuracy: 0.5003
05-16 21:05 INFO     in comm round:71 >> Global Model Test accuracy: 0.4918
05-16 21:08 INFO     in comm round:72 >> Global Model Test accuracy: 0.5033
05-16 21:10 INFO     in comm round:73 >> Global Model Test accuracy: 0.4996
05-16 21:13 INFO     in comm round:74 >> Global Model Test accuracy: 0.4874
05-16 21:15 INFO     in comm round:75 >> Global Model Test accuracy: 0.5021
05-16 21:18 INFO     in comm round:76 >> Global Model Test accuracy: 0.5046
05-16 21:20 INFO     in comm round:77 >> Global Model Test accuracy: 0.5011
05-16 21:23 INFO     in comm round:78 >> Global Model Test accuracy: 0.4778
05-16 21:25 INFO     in comm round:79 >> Global Model Test accuracy: 0.5043
05-16 21:28 INFO     in comm round:80 >> Global Model Test accuracy: 0.5050
05-16 21:30 INFO     in comm round:81 >> Global Model Test accuracy: 0.4948
05-16 21:32 INFO     in comm round:82 >> Global Model Test accuracy: 0.4932
05-16 21:35 INFO     in comm round:83 >> Global Model Test accuracy: 0.4964
05-16 21:37 INFO     in comm round:84 >> Global Model Test accuracy: 0.5050
05-16 21:40 INFO     in comm round:85 >> Global Model Test accuracy: 0.5005
05-16 21:42 INFO     in comm round:86 >> Global Model Test accuracy: 0.5002
05-16 21:45 INFO     in comm round:87 >> Global Model Test accuracy: 0.4919
05-16 21:47 INFO     in comm round:88 >> Global Model Test accuracy: 0.4939
05-16 21:50 INFO     in comm round:89 >> Global Model Test accuracy: 0.5036
05-16 21:52 INFO     in comm round:90 >> Global Model Test accuracy: 0.5011
05-16 21:55 INFO     in comm round:91 >> Global Model Test accuracy: 0.4994
05-16 21:57 INFO     in comm round:92 >> Global Model Test accuracy: 0.5003
05-16 21:59 INFO     in comm round:93 >> Global Model Test accuracy: 0.4980
05-16 22:02 INFO     in comm round:94 >> Global Model Test accuracy: 0.4991
05-16 22:04 INFO     in comm round:95 >> Global Model Test accuracy: 0.5041
05-16 22:07 INFO     in comm round:96 >> Global Model Test accuracy: 0.5095
05-16 22:09 INFO     in comm round:97 >> Global Model Test accuracy: 0.4872
05-16 22:12 INFO     in comm round:98 >> Global Model Test accuracy: 0.4894
05-16 22:14 INFO     in comm round:99 >> Global Model Test accuracy: 0.4944
05-16 22:17 INFO     in comm round:100 >> Global Model Test accuracy: 0.4932
05-16 22:19 INFO     in comm round:101 >> Global Model Test accuracy: 0.4981
05-16 22:24 INFO     in comm round:102 >> Global Model Test accuracy: 0.5000
05-16 22:29 INFO     in comm round:103 >> Global Model Test accuracy: 0.4862
05-16 22:34 INFO     in comm round:104 >> Global Model Test accuracy: 0.4947
05-16 22:39 INFO     in comm round:105 >> Global Model Test accuracy: 0.5059
05-16 22:43 INFO     in comm round:106 >> Global Model Test accuracy: 0.4895
05-16 22:48 INFO     in comm round:107 >> Global Model Test accuracy: 0.5053
05-16 22:53 INFO     in comm round:108 >> Global Model Test accuracy: 0.5014
05-16 22:58 INFO     in comm round:109 >> Global Model Test accuracy: 0.4976
05-16 23:03 INFO     in comm round:110 >> Global Model Test accuracy: 0.5068
05-16 23:07 INFO     in comm round:111 >> Global Model Test accuracy: 0.5062
05-16 23:11 INFO     in comm round:112 >> Global Model Test accuracy: 0.4912
05-16 23:15 INFO     in comm round:113 >> Global Model Test accuracy: 0.5025
05-16 23:20 INFO     in comm round:114 >> Global Model Test accuracy: 0.4894
05-16 23:25 INFO     in comm round:115 >> Global Model Test accuracy: 0.4961
05-16 23:30 INFO     in comm round:116 >> Global Model Test accuracy: 0.4970
05-16 23:35 INFO     in comm round:117 >> Global Model Test accuracy: 0.5037
05-16 23:40 INFO     in comm round:118 >> Global Model Test accuracy: 0.4934
05-16 23:45 INFO     in comm round:119 >> Global Model Test accuracy: 0.5054
05-16 23:49 INFO     in comm round:120 >> Global Model Test accuracy: 0.4979
05-16 23:54 INFO     in comm round:121 >> Global Model Test accuracy: 0.4967
05-16 23:57 INFO     in comm round:122 >> Global Model Test accuracy: 0.5006
05-17 00:02 INFO     in comm round:123 >> Global Model Test accuracy: 0.5107
05-17 00:07 INFO     in comm round:124 >> Global Model Test accuracy: 0.5085
05-17 00:12 INFO     in comm round:125 >> Global Model Test accuracy: 0.5005
05-17 00:17 INFO     in comm round:126 >> Global Model Test accuracy: 0.5040
05-17 00:21 INFO     in comm round:127 >> Global Model Test accuracy: 0.4964
05-17 00:26 INFO     in comm round:128 >> Global Model Test accuracy: 0.4945
05-17 00:31 INFO     in comm round:129 >> Global Model Test accuracy: 0.5095
05-17 00:36 INFO     in comm round:130 >> Global Model Test accuracy: 0.5027
05-17 00:41 INFO     in comm round:131 >> Global Model Test accuracy: 0.5002
05-17 00:44 INFO     in comm round:132 >> Global Model Test accuracy: 0.5039
05-17 00:47 INFO     in comm round:133 >> Global Model Test accuracy: 0.5010
05-17 00:49 INFO     in comm round:134 >> Global Model Test accuracy: 0.4997
05-17 00:52 INFO     in comm round:135 >> Global Model Test accuracy: 0.4979
05-17 00:54 INFO     in comm round:136 >> Global Model Test accuracy: 0.4969
05-17 00:57 INFO     in comm round:137 >> Global Model Test accuracy: 0.4953
05-17 00:59 INFO     in comm round:138 >> Global Model Test accuracy: 0.5000
05-17 01:02 INFO     in comm round:139 >> Global Model Test accuracy: 0.5021
05-17 01:04 INFO     in comm round:140 >> Global Model Test accuracy: 0.5043
05-17 01:06 INFO     in comm round:141 >> Global Model Test accuracy: 0.5034
05-17 01:09 INFO     in comm round:142 >> Global Model Test accuracy: 0.5129
05-17 01:11 INFO     in comm round:143 >> Global Model Test accuracy: 0.5036
05-17 01:14 INFO     in comm round:144 >> Global Model Test accuracy: 0.5016
05-17 01:16 INFO     in comm round:145 >> Global Model Test accuracy: 0.5052
05-17 01:19 INFO     in comm round:146 >> Global Model Test accuracy: 0.5027
05-17 01:21 INFO     in comm round:147 >> Global Model Test accuracy: 0.5050
05-17 01:24 INFO     in comm round:148 >> Global Model Test accuracy: 0.4993
05-17 01:26 INFO     in comm round:149 >> Global Model Test accuracy: 0.5022
05-17 01:29 INFO     in comm round:150 >> Global Model Test accuracy: 0.5021
05-17 01:31 INFO     in comm round:151 >> Global Model Test accuracy: 0.5154
05-17 01:33 INFO     in comm round:152 >> Global Model Test accuracy: 0.5058
05-17 01:36 INFO     in comm round:153 >> Global Model Test accuracy: 0.5024
05-17 01:38 INFO     in comm round:154 >> Global Model Test accuracy: 0.5076
05-17 01:41 INFO     in comm round:155 >> Global Model Test accuracy: 0.4889
05-17 01:43 INFO     in comm round:156 >> Global Model Test accuracy: 0.5153
05-17 01:46 INFO     in comm round:157 >> Global Model Test accuracy: 0.5179
05-17 01:48 INFO     in comm round:158 >> Global Model Test accuracy: 0.5138
05-17 01:51 INFO     in comm round:159 >> Global Model Test accuracy: 0.5055
05-17 01:53 INFO     in comm round:160 >> Global Model Test accuracy: 0.5012
05-17 01:56 INFO     in comm round:161 >> Global Model Test accuracy: 0.5001
05-17 01:58 INFO     in comm round:162 >> Global Model Test accuracy: 0.5050
05-17 02:01 INFO     in comm round:163 >> Global Model Test accuracy: 0.4910
05-17 02:03 INFO     in comm round:164 >> Global Model Test accuracy: 0.5077
05-17 02:05 INFO     in comm round:165 >> Global Model Test accuracy: 0.5017
05-17 02:08 INFO     in comm round:166 >> Global Model Test accuracy: 0.5104
05-17 02:10 INFO     in comm round:167 >> Global Model Test accuracy: 0.5031
05-17 02:13 INFO     in comm round:168 >> Global Model Test accuracy: 0.5046
05-17 02:15 INFO     in comm round:169 >> Global Model Test accuracy: 0.4984
05-17 02:18 INFO     in comm round:170 >> Global Model Test accuracy: 0.5071
05-17 02:20 INFO     in comm round:171 >> Global Model Test accuracy: 0.5138
05-17 02:23 INFO     in comm round:172 >> Global Model Test accuracy: 0.4963
05-17 02:25 INFO     in comm round:173 >> Global Model Test accuracy: 0.5041
05-17 02:28 INFO     in comm round:174 >> Global Model Test accuracy: 0.5045
05-17 02:30 INFO     in comm round:175 >> Global Model Test accuracy: 0.4950
05-17 02:32 INFO     in comm round:176 >> Global Model Test accuracy: 0.5026
05-17 02:35 INFO     in comm round:177 >> Global Model Test accuracy: 0.5082
05-17 02:37 INFO     in comm round:178 >> Global Model Test accuracy: 0.5055
05-17 02:40 INFO     in comm round:179 >> Global Model Test accuracy: 0.5116
05-17 02:42 INFO     in comm round:180 >> Global Model Test accuracy: 0.5142
05-17 02:45 INFO     in comm round:181 >> Global Model Test accuracy: 0.5010
05-17 02:47 INFO     in comm round:182 >> Global Model Test accuracy: 0.5056
05-17 02:50 INFO     in comm round:183 >> Global Model Test accuracy: 0.5088
05-17 02:52 INFO     in comm round:184 >> Global Model Test accuracy: 0.5036
05-17 02:55 INFO     in comm round:185 >> Global Model Test accuracy: 0.4959
05-17 02:57 INFO     in comm round:186 >> Global Model Test accuracy: 0.5106
05-17 02:59 INFO     in comm round:187 >> Global Model Test accuracy: 0.4993
05-17 03:02 INFO     in comm round:188 >> Global Model Test accuracy: 0.5011
05-17 03:04 INFO     in comm round:189 >> Global Model Test accuracy: 0.4975
05-17 03:07 INFO     in comm round:190 >> Global Model Test accuracy: 0.5058
05-17 03:09 INFO     in comm round:191 >> Global Model Test accuracy: 0.5103
05-17 03:12 INFO     in comm round:192 >> Global Model Test accuracy: 0.4977
05-17 03:14 INFO     in comm round:193 >> Global Model Test accuracy: 0.5081
05-17 03:16 INFO     in comm round:194 >> Global Model Test accuracy: 0.5052
05-17 03:19 INFO     in comm round:195 >> Global Model Test accuracy: 0.5104
05-17 03:21 INFO     in comm round:196 >> Global Model Test accuracy: 0.5054
05-17 03:24 INFO     in comm round:197 >> Global Model Test accuracy: 0.5024
05-17 03:26 INFO     in comm round:198 >> Global Model Test accuracy: 0.5011
05-17 03:29 INFO     in comm round:199 >> Global Model Test accuracy: 0.5053
05-17 03:31 INFO     in comm round:200 >> Global Model Test accuracy: 0.5052
05-17 03:34 INFO     in comm round:201 >> Global Model Test accuracy: 0.5122
05-17 03:36 INFO     in comm round:202 >> Global Model Test accuracy: 0.5037
05-17 03:38 INFO     in comm round:203 >> Global Model Test accuracy: 0.5125
05-17 03:41 INFO     in comm round:204 >> Global Model Test accuracy: 0.5084
05-17 03:43 INFO     in comm round:205 >> Global Model Test accuracy: 0.5088
05-17 03:46 INFO     in comm round:206 >> Global Model Test accuracy: 0.5011
05-17 03:48 INFO     in comm round:207 >> Global Model Test accuracy: 0.5097
05-17 03:51 INFO     in comm round:208 >> Global Model Test accuracy: 0.5092
05-17 03:53 INFO     in comm round:209 >> Global Model Test accuracy: 0.5047
05-17 03:56 INFO     in comm round:210 >> Global Model Test accuracy: 0.4974
05-17 03:58 INFO     in comm round:211 >> Global Model Test accuracy: 0.5020
05-17 04:00 INFO     in comm round:212 >> Global Model Test accuracy: 0.5055
05-17 04:03 INFO     in comm round:213 >> Global Model Test accuracy: 0.4875
05-17 04:05 INFO     in comm round:214 >> Global Model Test accuracy: 0.5017
05-17 04:08 INFO     in comm round:215 >> Global Model Test accuracy: 0.4963
05-17 04:10 INFO     in comm round:216 >> Global Model Test accuracy: 0.5015
05-17 04:13 INFO     in comm round:217 >> Global Model Test accuracy: 0.5029
05-17 04:15 INFO     in comm round:218 >> Global Model Test accuracy: 0.4957
05-17 04:18 INFO     in comm round:219 >> Global Model Test accuracy: 0.4947
05-17 04:20 INFO     in comm round:220 >> Global Model Test accuracy: 0.4924
05-17 04:22 INFO     in comm round:221 >> Global Model Test accuracy: 0.5010
05-17 04:25 INFO     in comm round:222 >> Global Model Test accuracy: 0.5039
05-17 04:27 INFO     in comm round:223 >> Global Model Test accuracy: 0.5084
05-17 04:30 INFO     in comm round:224 >> Global Model Test accuracy: 0.5140
05-17 04:32 INFO     in comm round:225 >> Global Model Test accuracy: 0.5090
05-17 04:35 INFO     in comm round:226 >> Global Model Test accuracy: 0.4984
05-17 04:37 INFO     in comm round:227 >> Global Model Test accuracy: 0.5047
05-17 04:40 INFO     in comm round:228 >> Global Model Test accuracy: 0.5044
05-17 04:42 INFO     in comm round:229 >> Global Model Test accuracy: 0.4949
05-17 04:44 INFO     in comm round:230 >> Global Model Test accuracy: 0.5007
05-17 04:47 INFO     in comm round:231 >> Global Model Test accuracy: 0.5048
05-17 04:49 INFO     in comm round:232 >> Global Model Test accuracy: 0.5055
05-17 04:52 INFO     in comm round:233 >> Global Model Test accuracy: 0.5097
05-17 04:54 INFO     in comm round:234 >> Global Model Test accuracy: 0.5052
05-17 04:57 INFO     in comm round:235 >> Global Model Test accuracy: 0.5009
05-17 04:59 INFO     in comm round:236 >> Global Model Test accuracy: 0.5021
05-17 05:02 INFO     in comm round:237 >> Global Model Test accuracy: 0.5028
05-17 05:04 INFO     in comm round:238 >> Global Model Test accuracy: 0.5008
05-17 05:06 INFO     in comm round:239 >> Global Model Test accuracy: 0.5065
05-17 05:09 INFO     in comm round:240 >> Global Model Test accuracy: 0.5065
05-17 05:11 INFO     in comm round:241 >> Global Model Test accuracy: 0.5088
05-17 05:14 INFO     in comm round:242 >> Global Model Test accuracy: 0.5031
05-17 05:16 INFO     in comm round:243 >> Global Model Test accuracy: 0.5013
05-17 05:19 INFO     in comm round:244 >> Global Model Test accuracy: 0.5055
05-17 05:21 INFO     in comm round:245 >> Global Model Test accuracy: 0.4896
05-17 05:23 INFO     in comm round:246 >> Global Model Test accuracy: 0.5029
05-17 05:26 INFO     in comm round:247 >> Global Model Test accuracy: 0.4860
05-17 05:28 INFO     in comm round:248 >> Global Model Test accuracy: 0.5045
05-17 05:31 INFO     in comm round:249 >> Global Model Test accuracy: 0.5116
05-17 05:33 INFO     in comm round:250 >> Global Model Test accuracy: 0.4962
05-17 05:36 INFO     in comm round:251 >> Global Model Test accuracy: 0.5056
05-17 05:38 INFO     in comm round:252 >> Global Model Test accuracy: 0.4947
05-17 05:40 INFO     in comm round:253 >> Global Model Test accuracy: 0.5098
05-17 05:43 INFO     in comm round:254 >> Global Model Test accuracy: 0.5040
05-17 05:45 INFO     in comm round:255 >> Global Model Test accuracy: 0.5018
05-17 05:48 INFO     in comm round:256 >> Global Model Test accuracy: 0.5002
05-17 05:50 INFO     in comm round:257 >> Global Model Test accuracy: 0.5091
05-17 05:53 INFO     in comm round:258 >> Global Model Test accuracy: 0.5001
05-17 05:55 INFO     in comm round:259 >> Global Model Test accuracy: 0.5057
05-17 05:57 INFO     in comm round:260 >> Global Model Test accuracy: 0.4996
05-17 06:00 INFO     in comm round:261 >> Global Model Test accuracy: 0.5000
05-17 06:02 INFO     in comm round:262 >> Global Model Test accuracy: 0.4984
05-17 06:05 INFO     in comm round:263 >> Global Model Test accuracy: 0.4968
05-17 06:07 INFO     in comm round:264 >> Global Model Test accuracy: 0.4966
05-17 06:10 INFO     in comm round:265 >> Global Model Test accuracy: 0.5019
05-17 06:12 INFO     in comm round:266 >> Global Model Test accuracy: 0.5114
05-17 06:14 INFO     in comm round:267 >> Global Model Test accuracy: 0.5020
05-17 06:17 INFO     in comm round:268 >> Global Model Test accuracy: 0.4818
05-17 06:19 INFO     in comm round:269 >> Global Model Test accuracy: 0.5065
05-17 06:22 INFO     in comm round:270 >> Global Model Test accuracy: 0.5068
05-17 06:24 INFO     in comm round:271 >> Global Model Test accuracy: 0.5004
05-17 06:27 INFO     in comm round:272 >> Global Model Test accuracy: 0.4969
05-17 06:29 INFO     in comm round:273 >> Global Model Test accuracy: 0.5057
05-17 06:32 INFO     in comm round:274 >> Global Model Test accuracy: 0.5070
05-17 06:34 INFO     in comm round:275 >> Global Model Test accuracy: 0.5041
05-17 06:36 INFO     in comm round:276 >> Global Model Test accuracy: 0.5118
05-17 06:39 INFO     in comm round:277 >> Global Model Test accuracy: 0.4986
05-17 06:41 INFO     in comm round:278 >> Global Model Test accuracy: 0.5074
05-17 06:44 INFO     in comm round:279 >> Global Model Test accuracy: 0.5028
05-17 06:46 INFO     in comm round:280 >> Global Model Test accuracy: 0.5098
05-17 06:49 INFO     in comm round:281 >> Global Model Test accuracy: 0.5095
05-17 06:51 INFO     in comm round:282 >> Global Model Test accuracy: 0.5081
05-17 06:54 INFO     in comm round:283 >> Global Model Test accuracy: 0.5069
05-17 06:56 INFO     in comm round:284 >> Global Model Test accuracy: 0.5020
05-17 06:58 INFO     in comm round:285 >> Global Model Test accuracy: 0.4796
05-17 07:01 INFO     in comm round:286 >> Global Model Test accuracy: 0.4985
05-17 07:03 INFO     in comm round:287 >> Global Model Test accuracy: 0.4950
05-17 07:06 INFO     in comm round:288 >> Global Model Test accuracy: 0.5028
05-17 07:08 INFO     in comm round:289 >> Global Model Test accuracy: 0.5046
05-17 07:11 INFO     in comm round:290 >> Global Model Test accuracy: 0.5184
05-17 07:13 INFO     in comm round:291 >> Global Model Test accuracy: 0.5018
05-17 07:16 INFO     in comm round:292 >> Global Model Test accuracy: 0.5088
05-17 07:18 INFO     in comm round:293 >> Global Model Test accuracy: 0.4972
05-17 07:20 INFO     in comm round:294 >> Global Model Test accuracy: 0.5015
05-17 07:23 INFO     in comm round:295 >> Global Model Test accuracy: 0.5042
05-17 07:25 INFO     in comm round:296 >> Global Model Test accuracy: 0.5159
05-17 07:28 INFO     in comm round:297 >> Global Model Test accuracy: 0.5020
05-17 07:30 INFO     in comm round:298 >> Global Model Test accuracy: 0.5131
05-17 07:33 INFO     in comm round:299 >> Global Model Test accuracy: 0.5025
05-17 07:35 INFO     in comm round:300 >> Global Model Test accuracy: 0.5001
05-17 07:35 INFO     Starting Fine Tuning...
