04-09 13:05 INFO     cuda
04-09 13:05 INFO     Command Line Arguments: 
{
    "epochs": 5,
    "comm_round": 100,
    "sample_fraction": 1.0,
    "alpha": 0.01,
    "dataset": "cifar10",
    "datadir": "../data/",
    "partition": "iid",
    "alg": "sflv1",
    "model": "resnet-18",
    "split_layer": 4,
    "n_parties": 5,
    "lr": 0.001,
    "mu": 1,
    "std_coeff": 2.5,
    "unif_coeff": 0.5,
    "batch_size": 512,
    "load_first_net": 1,
    "pool_option": "FIFO",
    "model_buffer_size": 1,
    "optimizer": "adam",
    "simp_width": 1,
    "out_dim": 256,
    "reg": 0.0005,
    "temperature": 0.5,
    "logdir": "./",
    "log_file_name": "logs/experiment_log-alg=sflv1_partition=iid_lr=0.001_epochs=5_num_users=5_beta=0.01_batch_size=512_opt=adam_dataset=cifar10_2024-04-09-1305-02",
    "seed": 123,
    "device": "cuda:2",
    "accuracies_file": "logs/split_resnet_18.csv",
    "dont_skip": false,
    "multiprocessing": 0
}
04-09 13:05 INFO     Data statistics: {0: {0: 1036, 1: 971, 2: 979, 3: 1017, 4: 1046, 5: 993, 6: 970, 7: 950, 8: 1022, 9: 1016}, 1: {0: 944, 1: 1049, 2: 1037, 3: 989, 4: 975, 5: 960, 6: 1017, 7: 1014, 8: 1025, 9: 990}, 2: {0: 983, 1: 986, 2: 985, 3: 984, 4: 990, 5: 1040, 6: 994, 7: 1041, 8: 990, 9: 1007}, 3: {0: 1029, 1: 1012, 2: 963, 3: 1001, 4: 1000, 5: 1001, 6: 988, 7: 999, 8: 987, 9: 1020}, 4: {0: 1008, 1: 982, 2: 1036, 3: 1009, 4: 989, 5: 1006, 6: 1031, 7: 996, 8: 976, 9: 967}}
