05-16 15:54 INFO     cuda
05-16 15:54 INFO     Command Line Arguments: 
{
    "epochs": 5,
    "comm_round": 100,
    "sample_fraction": 1.0,
    "alpha": 0.01,
    "dataset": "cifar10",
    "datadir": "../data/",
    "partition": "iid",
    "alg": "centralized",
    "model": "resnet-18",
    "split_layer": 1,
    "n_parties": 1,
    "lr": 0.01,
    "mu": 1,
    "std_coeff": 2.5,
    "unif_coeff": 0.5,
    "batch_size": 128,
    "load_first_net": 1,
    "pool_option": "FIFO",
    "model_buffer_size": 1,
    "optimizer": "sgd",
    "simp_width": 1,
    "out_dim": 256,
    "reg": 0.0005,
    "temperature": 0.5,
    "logdir": "./",
    "log_file_name": "logs/experiment_log-alg=centralized_partition=iid_lr=0.01_epochs=5_num_users=1_beta=0.01_batch_size=128_opt=sgd_dataset=cifar10_2024-05-16-1554-34",
    "seed": 1,
    "device": "cuda:7",
    "accuracies_file": "logs/centralized.csv",
    "dont_skip": false,
    "n_train_workers": 1,
    "n_test_workers": 1,
    "arch": "mobilenet_v3_large",
    "multiprocessing": 0
}
05-16 15:54 INFO     Data statistics: {0: {0: 5000, 1: 5000, 2: 5000, 3: 5000, 4: 5000, 5: 5000, 6: 5000, 7: 5000, 8: 5000, 9: 5000}}
05-16 15:54 INFO     in comm round:1 >> Global Model Test accuracy: 0.5395
05-16 15:55 INFO     in comm round:2 >> Global Model Test accuracy: 0.6144
05-16 15:55 INFO     in comm round:3 >> Global Model Test accuracy: 0.6918
05-16 15:55 INFO     in comm round:4 >> Global Model Test accuracy: 0.7168
05-16 15:55 INFO     in comm round:5 >> Global Model Test accuracy: 0.7617
05-16 15:56 INFO     in comm round:6 >> Global Model Test accuracy: 0.7816
05-16 15:56 INFO     in comm round:7 >> Global Model Test accuracy: 0.7755
05-16 15:56 INFO     in comm round:8 >> Global Model Test accuracy: 0.8154
05-16 15:56 INFO     in comm round:9 >> Global Model Test accuracy: 0.8250
05-16 15:57 INFO     in comm round:10 >> Global Model Test accuracy: 0.8240
05-16 15:57 INFO     in comm round:11 >> Global Model Test accuracy: 0.8285
05-16 15:57 INFO     in comm round:12 >> Global Model Test accuracy: 0.8334
05-16 15:57 INFO     in comm round:13 >> Global Model Test accuracy: 0.8391
05-16 15:57 INFO     in comm round:14 >> Global Model Test accuracy: 0.8347
05-16 15:58 INFO     in comm round:15 >> Global Model Test accuracy: 0.8458
05-16 15:58 INFO     in comm round:16 >> Global Model Test accuracy: 0.8570
05-16 15:58 INFO     in comm round:17 >> Global Model Test accuracy: 0.8533
05-16 15:58 INFO     in comm round:18 >> Global Model Test accuracy: 0.8574
05-16 15:59 INFO     in comm round:19 >> Global Model Test accuracy: 0.8284
05-16 15:59 INFO     in comm round:20 >> Global Model Test accuracy: 0.8585
05-16 15:59 INFO     in comm round:21 >> Global Model Test accuracy: 0.8569
05-16 15:59 INFO     in comm round:22 >> Global Model Test accuracy: 0.8656
05-16 15:59 INFO     in comm round:23 >> Global Model Test accuracy: 0.8662
05-16 16:00 INFO     in comm round:24 >> Global Model Test accuracy: 0.8641
05-16 16:00 INFO     in comm round:25 >> Global Model Test accuracy: 0.8653
05-16 16:00 INFO     in comm round:26 >> Global Model Test accuracy: 0.8665
05-16 16:00 INFO     in comm round:27 >> Global Model Test accuracy: 0.8757
05-16 16:01 INFO     in comm round:28 >> Global Model Test accuracy: 0.8766
05-16 16:01 INFO     in comm round:29 >> Global Model Test accuracy: 0.8787
05-16 16:01 INFO     in comm round:30 >> Global Model Test accuracy: 0.8709
05-16 16:01 INFO     in comm round:31 >> Global Model Test accuracy: 0.8733
05-16 16:01 INFO     in comm round:32 >> Global Model Test accuracy: 0.8749
05-16 16:02 INFO     in comm round:33 >> Global Model Test accuracy: 0.8702
05-16 16:02 INFO     in comm round:34 >> Global Model Test accuracy: 0.8794
05-16 16:02 INFO     in comm round:35 >> Global Model Test accuracy: 0.8755
05-16 16:02 INFO     in comm round:36 >> Global Model Test accuracy: 0.8837
05-16 16:03 INFO     in comm round:37 >> Global Model Test accuracy: 0.8788
05-16 16:03 INFO     in comm round:38 >> Global Model Test accuracy: 0.8657
05-16 16:03 INFO     in comm round:39 >> Global Model Test accuracy: 0.8823
05-16 16:03 INFO     in comm round:40 >> Global Model Test accuracy: 0.8851
05-16 16:04 INFO     in comm round:41 >> Global Model Test accuracy: 0.8736
05-16 16:04 INFO     in comm round:42 >> Global Model Test accuracy: 0.8902
05-16 16:04 INFO     in comm round:43 >> Global Model Test accuracy: 0.8788
05-16 16:04 INFO     in comm round:44 >> Global Model Test accuracy: 0.8777
05-16 16:04 INFO     in comm round:45 >> Global Model Test accuracy: 0.8805
05-16 16:05 INFO     in comm round:46 >> Global Model Test accuracy: 0.8855
05-16 16:05 INFO     in comm round:47 >> Global Model Test accuracy: 0.8800
05-16 16:05 INFO     in comm round:48 >> Global Model Test accuracy: 0.8862
05-16 16:05 INFO     in comm round:49 >> Global Model Test accuracy: 0.8826
05-16 16:06 INFO     in comm round:50 >> Global Model Test accuracy: 0.8877
05-16 16:06 INFO     in comm round:51 >> Global Model Test accuracy: 0.8848
05-16 16:06 INFO     in comm round:52 >> Global Model Test accuracy: 0.8838
05-16 16:06 INFO     in comm round:53 >> Global Model Test accuracy: 0.8662
05-16 16:06 INFO     in comm round:54 >> Global Model Test accuracy: 0.8934
05-16 16:07 INFO     in comm round:55 >> Global Model Test accuracy: 0.8907
05-16 16:07 INFO     in comm round:56 >> Global Model Test accuracy: 0.8853
05-16 16:07 INFO     in comm round:57 >> Global Model Test accuracy: 0.8814
05-16 16:07 INFO     in comm round:58 >> Global Model Test accuracy: 0.8859
05-16 16:08 INFO     in comm round:59 >> Global Model Test accuracy: 0.8916
05-16 16:08 INFO     in comm round:60 >> Global Model Test accuracy: 0.8829
05-16 16:08 INFO     in comm round:61 >> Global Model Test accuracy: 0.8829
05-16 16:08 INFO     in comm round:62 >> Global Model Test accuracy: 0.8908
05-16 16:09 INFO     in comm round:63 >> Global Model Test accuracy: 0.8921
05-16 16:09 INFO     in comm round:64 >> Global Model Test accuracy: 0.8825
05-16 16:09 INFO     in comm round:65 >> Global Model Test accuracy: 0.8818
05-16 16:09 INFO     in comm round:66 >> Global Model Test accuracy: 0.8895
05-16 16:10 INFO     in comm round:67 >> Global Model Test accuracy: 0.8889
05-16 16:10 INFO     in comm round:68 >> Global Model Test accuracy: 0.8895
05-16 16:10 INFO     in comm round:69 >> Global Model Test accuracy: 0.8897
05-16 16:10 INFO     in comm round:70 >> Global Model Test accuracy: 0.8851
05-16 16:10 INFO     in comm round:71 >> Global Model Test accuracy: 0.8859
05-16 16:11 INFO     in comm round:72 >> Global Model Test accuracy: 0.8958
05-16 16:11 INFO     in comm round:73 >> Global Model Test accuracy: 0.8724
05-16 16:11 INFO     in comm round:74 >> Global Model Test accuracy: 0.8940
05-16 16:11 INFO     in comm round:75 >> Global Model Test accuracy: 0.8822
05-16 16:11 INFO     in comm round:76 >> Global Model Test accuracy: 0.8922
05-16 16:12 INFO     in comm round:77 >> Global Model Test accuracy: 0.8958
05-16 16:12 INFO     in comm round:78 >> Global Model Test accuracy: 0.8919
05-16 16:12 INFO     in comm round:79 >> Global Model Test accuracy: 0.8892
05-16 16:12 INFO     in comm round:80 >> Global Model Test accuracy: 0.8942
05-16 16:13 INFO     in comm round:81 >> Global Model Test accuracy: 0.8840
05-16 16:13 INFO     in comm round:82 >> Global Model Test accuracy: 0.8917
05-16 16:13 INFO     in comm round:83 >> Global Model Test accuracy: 0.8927
05-16 16:13 INFO     in comm round:84 >> Global Model Test accuracy: 0.8968
05-16 16:14 INFO     in comm round:85 >> Global Model Test accuracy: 0.8906
05-16 16:14 INFO     in comm round:86 >> Global Model Test accuracy: 0.8943
05-16 16:14 INFO     in comm round:87 >> Global Model Test accuracy: 0.8940
05-16 16:14 INFO     in comm round:88 >> Global Model Test accuracy: 0.8932
05-16 16:14 INFO     in comm round:89 >> Global Model Test accuracy: 0.8874
05-16 16:15 INFO     in comm round:90 >> Global Model Test accuracy: 0.8896
05-16 16:15 INFO     in comm round:91 >> Global Model Test accuracy: 0.8882
05-16 16:15 INFO     in comm round:92 >> Global Model Test accuracy: 0.8824
05-16 16:15 INFO     in comm round:93 >> Global Model Test accuracy: 0.8854
05-16 16:16 INFO     in comm round:94 >> Global Model Test accuracy: 0.8918
05-16 16:16 INFO     in comm round:95 >> Global Model Test accuracy: 0.8905
05-16 16:16 INFO     in comm round:96 >> Global Model Test accuracy: 0.8910
05-16 16:16 INFO     in comm round:97 >> Global Model Test accuracy: 0.8962
05-16 16:17 INFO     in comm round:98 >> Global Model Test accuracy: 0.8823
05-16 16:17 INFO     in comm round:99 >> Global Model Test accuracy: 0.8866
05-16 16:17 INFO     in comm round:100 >> Global Model Test accuracy: 0.8885
05-16 16:17 INFO     Starting Fine Tuning...
