06-07 02:00 INFO     cuda
06-07 02:00 INFO     Command Line Arguments: 
{
    "epochs": 5,
    "comm_round": 300,
    "sample_fraction": 1.0,
    "alpha": 0.01,
    "dataset": "cifar100",
    "datadir": "../data/",
    "partition": "noniid-labeldir",
    "alg": "centralized",
    "model": "resnet-50",
    "split_layer": 1,
    "n_parties": 1,
    "lr": 0.01,
    "mu": 1,
    "std_coeff": 2.5,
    "unif_coeff": 0.5,
    "batch_size": 64,
    "load_first_net": 1,
    "pool_option": "FIFO",
    "model_buffer_size": 1,
    "optimizer": "sgd",
    "simp_width": 1,
    "out_dim": 256,
    "reg": 0.0005,
    "temperature": 0.5,
    "logdir": "./",
    "log_file_name": "logs/experiment_log-alg=centralized_partition=noniid-labeldir_lr=0.01_epochs=5_num_users=1_beta=0.01_batch_size=64_opt=sgd_dataset=cifar100_2024-06-07-0200-55",
    "seed": 1,
    "device": "cuda:7",
    "accuracies_file": "logs/centralized.csv",
    "dont_skip": false,
    "n_train_workers": 1,
    "n_test_workers": 1,
    "arch": "mobilenet_v3_large",
    "multiprocessing": 0
}
06-07 02:00 INFO     Data statistics: {0: {0: 500, 1: 500, 2: 500, 3: 500, 4: 500, 5: 500, 6: 500, 7: 500, 8: 500, 9: 500, 10: 500, 11: 500, 12: 500, 13: 500, 14: 500, 15: 500, 16: 500, 17: 500, 18: 500, 19: 500, 20: 500, 21: 500, 22: 500, 23: 500, 24: 500, 25: 500, 26: 500, 27: 500, 28: 500, 29: 500, 30: 500, 31: 500, 32: 500, 33: 500, 34: 500, 35: 500, 36: 500, 37: 500, 38: 500, 39: 500, 40: 500, 41: 500, 42: 500, 43: 500, 44: 500, 45: 500, 46: 500, 47: 500, 48: 500, 49: 500, 50: 500, 51: 500, 52: 500, 53: 500, 54: 500, 55: 500, 56: 500, 57: 500, 58: 500, 59: 500, 60: 500, 61: 500, 62: 500, 63: 500, 64: 500, 65: 500, 66: 500, 67: 500, 68: 500, 69: 500, 70: 500, 71: 500, 72: 500, 73: 500, 74: 500, 75: 500, 76: 500, 77: 500, 78: 500, 79: 500, 80: 500, 81: 500, 82: 500, 83: 500, 84: 500, 85: 500, 86: 500, 87: 500, 88: 500, 89: 500, 90: 500, 91: 500, 92: 500, 93: 500, 94: 500, 95: 500, 96: 500, 97: 500, 98: 500, 99: 500}}
06-07 02:01 INFO     in comm round:1 >> Global Model Test accuracy: 0.1045
06-07 02:01 INFO     in comm round:2 >> Global Model Test accuracy: 0.1662
06-07 02:02 INFO     in comm round:3 >> Global Model Test accuracy: 0.2131
06-07 02:02 INFO     in comm round:4 >> Global Model Test accuracy: 0.2540
06-07 02:02 INFO     in comm round:5 >> Global Model Test accuracy: 0.2808
06-07 02:03 INFO     in comm round:6 >> Global Model Test accuracy: 0.3104
06-07 02:03 INFO     in comm round:7 >> Global Model Test accuracy: 0.3519
06-07 02:03 INFO     in comm round:8 >> Global Model Test accuracy: 0.3796
06-07 02:04 INFO     in comm round:9 >> Global Model Test accuracy: 0.4056
06-07 02:04 INFO     in comm round:10 >> Global Model Test accuracy: 0.4208
06-07 02:05 INFO     in comm round:11 >> Global Model Test accuracy: 0.4426
06-07 02:05 INFO     in comm round:12 >> Global Model Test accuracy: 0.4590
06-07 02:05 INFO     in comm round:13 >> Global Model Test accuracy: 0.4745
06-07 02:06 INFO     in comm round:14 >> Global Model Test accuracy: 0.4857
06-07 02:06 INFO     in comm round:15 >> Global Model Test accuracy: 0.4977
06-07 02:06 INFO     in comm round:16 >> Global Model Test accuracy: 0.5129
06-07 02:07 INFO     in comm round:17 >> Global Model Test accuracy: 0.5113
06-07 02:07 INFO     in comm round:18 >> Global Model Test accuracy: 0.5279
06-07 02:07 INFO     in comm round:19 >> Global Model Test accuracy: 0.5349
06-07 02:08 INFO     in comm round:20 >> Global Model Test accuracy: 0.5493
06-07 02:08 INFO     in comm round:21 >> Global Model Test accuracy: 0.5605
06-07 02:09 INFO     in comm round:22 >> Global Model Test accuracy: 0.5449
06-07 02:09 INFO     in comm round:23 >> Global Model Test accuracy: 0.5630
06-07 02:09 INFO     in comm round:24 >> Global Model Test accuracy: 0.5721
06-07 02:10 INFO     in comm round:25 >> Global Model Test accuracy: 0.5680
06-07 02:10 INFO     in comm round:26 >> Global Model Test accuracy: 0.5776
06-07 02:10 INFO     in comm round:27 >> Global Model Test accuracy: 0.5755
06-07 02:11 INFO     in comm round:28 >> Global Model Test accuracy: 0.5776
06-07 02:11 INFO     in comm round:29 >> Global Model Test accuracy: 0.5738
06-07 02:12 INFO     in comm round:30 >> Global Model Test accuracy: 0.5862
06-07 02:12 INFO     in comm round:31 >> Global Model Test accuracy: 0.5789
06-07 02:12 INFO     in comm round:32 >> Global Model Test accuracy: 0.5823
06-07 02:13 INFO     in comm round:33 >> Global Model Test accuracy: 0.5923
06-07 02:13 INFO     in comm round:34 >> Global Model Test accuracy: 0.5876
06-07 02:13 INFO     in comm round:35 >> Global Model Test accuracy: 0.5829
06-07 02:14 INFO     in comm round:36 >> Global Model Test accuracy: 0.5948
06-07 02:14 INFO     in comm round:37 >> Global Model Test accuracy: 0.6038
06-07 02:15 INFO     in comm round:38 >> Global Model Test accuracy: 0.5871
06-07 02:15 INFO     in comm round:39 >> Global Model Test accuracy: 0.6055
06-07 02:15 INFO     in comm round:40 >> Global Model Test accuracy: 0.6041
06-07 02:16 INFO     in comm round:41 >> Global Model Test accuracy: 0.5942
06-07 02:16 INFO     in comm round:42 >> Global Model Test accuracy: 0.6091
06-07 02:16 INFO     in comm round:43 >> Global Model Test accuracy: 0.5999
06-07 02:17 INFO     in comm round:44 >> Global Model Test accuracy: 0.6047
06-07 02:17 INFO     in comm round:45 >> Global Model Test accuracy: 0.5946
06-07 02:17 INFO     in comm round:46 >> Global Model Test accuracy: 0.6091
06-07 02:18 INFO     in comm round:47 >> Global Model Test accuracy: 0.6096
06-07 02:18 INFO     in comm round:48 >> Global Model Test accuracy: 0.5967
06-07 02:19 INFO     in comm round:49 >> Global Model Test accuracy: 0.6166
06-07 02:19 INFO     in comm round:50 >> Global Model Test accuracy: 0.6055
06-07 02:19 INFO     in comm round:51 >> Global Model Test accuracy: 0.6061
06-07 02:20 INFO     in comm round:52 >> Global Model Test accuracy: 0.6129
06-07 02:20 INFO     in comm round:53 >> Global Model Test accuracy: 0.6087
06-07 02:20 INFO     in comm round:54 >> Global Model Test accuracy: 0.6160
06-07 02:21 INFO     in comm round:55 >> Global Model Test accuracy: 0.6186
06-07 02:21 INFO     in comm round:56 >> Global Model Test accuracy: 0.6107
06-07 02:22 INFO     in comm round:57 >> Global Model Test accuracy: 0.6052
06-07 02:22 INFO     in comm round:58 >> Global Model Test accuracy: 0.6140
06-07 02:22 INFO     in comm round:59 >> Global Model Test accuracy: 0.6075
06-07 02:23 INFO     in comm round:60 >> Global Model Test accuracy: 0.6151
06-07 02:23 INFO     in comm round:61 >> Global Model Test accuracy: 0.6046
06-07 02:23 INFO     in comm round:62 >> Global Model Test accuracy: 0.6054
06-07 02:24 INFO     in comm round:63 >> Global Model Test accuracy: 0.6056
06-07 02:24 INFO     in comm round:64 >> Global Model Test accuracy: 0.6083
06-07 02:24 INFO     in comm round:65 >> Global Model Test accuracy: 0.6077
06-07 02:25 INFO     in comm round:66 >> Global Model Test accuracy: 0.6116
06-07 02:25 INFO     in comm round:67 >> Global Model Test accuracy: 0.6152
06-07 02:26 INFO     in comm round:68 >> Global Model Test accuracy: 0.6209
06-07 02:26 INFO     in comm round:69 >> Global Model Test accuracy: 0.6162
06-07 02:26 INFO     in comm round:70 >> Global Model Test accuracy: 0.6183
06-07 02:27 INFO     in comm round:71 >> Global Model Test accuracy: 0.6043
06-07 02:27 INFO     in comm round:72 >> Global Model Test accuracy: 0.6190
06-07 02:27 INFO     in comm round:73 >> Global Model Test accuracy: 0.6241
06-07 02:28 INFO     in comm round:74 >> Global Model Test accuracy: 0.6148
06-07 02:28 INFO     in comm round:75 >> Global Model Test accuracy: 0.6092
06-07 02:29 INFO     in comm round:76 >> Global Model Test accuracy: 0.6067
06-07 02:29 INFO     in comm round:77 >> Global Model Test accuracy: 0.6203
06-07 02:29 INFO     in comm round:78 >> Global Model Test accuracy: 0.6177
06-07 02:30 INFO     in comm round:79 >> Global Model Test accuracy: 0.6169
06-07 02:30 INFO     in comm round:80 >> Global Model Test accuracy: 0.6100
06-07 02:30 INFO     in comm round:81 >> Global Model Test accuracy: 0.6149
06-07 02:31 INFO     in comm round:82 >> Global Model Test accuracy: 0.6243
06-07 02:31 INFO     in comm round:83 >> Global Model Test accuracy: 0.6177
06-07 02:31 INFO     in comm round:84 >> Global Model Test accuracy: 0.6193
06-07 02:32 INFO     in comm round:85 >> Global Model Test accuracy: 0.6226
06-07 02:32 INFO     in comm round:86 >> Global Model Test accuracy: 0.6191
06-07 02:33 INFO     in comm round:87 >> Global Model Test accuracy: 0.6068
06-07 02:33 INFO     in comm round:88 >> Global Model Test accuracy: 0.6211
06-07 02:33 INFO     in comm round:89 >> Global Model Test accuracy: 0.6072
06-07 02:34 INFO     in comm round:90 >> Global Model Test accuracy: 0.6164
06-07 02:34 INFO     in comm round:91 >> Global Model Test accuracy: 0.6165
06-07 02:34 INFO     in comm round:92 >> Global Model Test accuracy: 0.6218
06-07 02:35 INFO     in comm round:93 >> Global Model Test accuracy: 0.6009
06-07 02:35 INFO     in comm round:94 >> Global Model Test accuracy: 0.6201
06-07 02:35 INFO     in comm round:95 >> Global Model Test accuracy: 0.6162
06-07 02:36 INFO     in comm round:96 >> Global Model Test accuracy: 0.6172
06-07 02:36 INFO     in comm round:97 >> Global Model Test accuracy: 0.6238
06-07 02:37 INFO     in comm round:98 >> Global Model Test accuracy: 0.6159
06-07 02:37 INFO     in comm round:99 >> Global Model Test accuracy: 0.6145
06-07 02:37 INFO     in comm round:100 >> Global Model Test accuracy: 0.6212
06-07 02:38 INFO     in comm round:101 >> Global Model Test accuracy: 0.6157
06-07 02:38 INFO     in comm round:102 >> Global Model Test accuracy: 0.6158
06-07 02:38 INFO     in comm round:103 >> Global Model Test accuracy: 0.6093
06-07 02:39 INFO     in comm round:104 >> Global Model Test accuracy: 0.6237
06-07 02:39 INFO     in comm round:105 >> Global Model Test accuracy: 0.6083
06-07 02:40 INFO     in comm round:106 >> Global Model Test accuracy: 0.6154
06-07 02:40 INFO     in comm round:107 >> Global Model Test accuracy: 0.6232
06-07 02:40 INFO     in comm round:108 >> Global Model Test accuracy: 0.6147
06-07 02:41 INFO     in comm round:109 >> Global Model Test accuracy: 0.6227
06-07 02:41 INFO     in comm round:110 >> Global Model Test accuracy: 0.6148
06-07 02:41 INFO     in comm round:111 >> Global Model Test accuracy: 0.6211
06-07 02:42 INFO     in comm round:112 >> Global Model Test accuracy: 0.6187
06-07 02:42 INFO     in comm round:113 >> Global Model Test accuracy: 0.6209
06-07 02:42 INFO     in comm round:114 >> Global Model Test accuracy: 0.6202
06-07 02:43 INFO     in comm round:115 >> Global Model Test accuracy: 0.6053
06-07 02:43 INFO     in comm round:116 >> Global Model Test accuracy: 0.6071
06-07 02:44 INFO     in comm round:117 >> Global Model Test accuracy: 0.6181
06-07 02:44 INFO     in comm round:118 >> Global Model Test accuracy: 0.6227
06-07 02:44 INFO     in comm round:119 >> Global Model Test accuracy: 0.6182
06-07 02:45 INFO     in comm round:120 >> Global Model Test accuracy: 0.6136
06-07 02:45 INFO     in comm round:121 >> Global Model Test accuracy: 0.6163
06-07 02:45 INFO     in comm round:122 >> Global Model Test accuracy: 0.6061
06-07 02:46 INFO     in comm round:123 >> Global Model Test accuracy: 0.6051
06-07 02:46 INFO     in comm round:124 >> Global Model Test accuracy: 0.6110
06-07 02:46 INFO     in comm round:125 >> Global Model Test accuracy: 0.6250
06-07 02:47 INFO     in comm round:126 >> Global Model Test accuracy: 0.6216
06-07 02:47 INFO     in comm round:127 >> Global Model Test accuracy: 0.6207
06-07 02:48 INFO     in comm round:128 >> Global Model Test accuracy: 0.6118
06-07 02:48 INFO     in comm round:129 >> Global Model Test accuracy: 0.6268
06-07 02:48 INFO     in comm round:130 >> Global Model Test accuracy: 0.6198
06-07 02:49 INFO     in comm round:131 >> Global Model Test accuracy: 0.6259
06-07 02:49 INFO     in comm round:132 >> Global Model Test accuracy: 0.6207
06-07 02:49 INFO     in comm round:133 >> Global Model Test accuracy: 0.6234
06-07 02:50 INFO     in comm round:134 >> Global Model Test accuracy: 0.6169
06-07 02:50 INFO     in comm round:135 >> Global Model Test accuracy: 0.6284
06-07 02:51 INFO     in comm round:136 >> Global Model Test accuracy: 0.6184
06-07 02:51 INFO     in comm round:137 >> Global Model Test accuracy: 0.6248
06-07 02:51 INFO     in comm round:138 >> Global Model Test accuracy: 0.6128
06-07 02:52 INFO     in comm round:139 >> Global Model Test accuracy: 0.6165
06-07 02:52 INFO     in comm round:140 >> Global Model Test accuracy: 0.6187
06-07 02:52 INFO     in comm round:141 >> Global Model Test accuracy: 0.6179
06-07 02:53 INFO     in comm round:142 >> Global Model Test accuracy: 0.6221
06-07 02:53 INFO     in comm round:143 >> Global Model Test accuracy: 0.6334
06-07 02:53 INFO     in comm round:144 >> Global Model Test accuracy: 0.6166
06-07 02:54 INFO     in comm round:145 >> Global Model Test accuracy: 0.6158
06-07 02:54 INFO     in comm round:146 >> Global Model Test accuracy: 0.6205
06-07 02:55 INFO     in comm round:147 >> Global Model Test accuracy: 0.6266
06-07 02:55 INFO     in comm round:148 >> Global Model Test accuracy: 0.6166
06-07 02:55 INFO     in comm round:149 >> Global Model Test accuracy: 0.6206
06-07 02:56 INFO     in comm round:150 >> Global Model Test accuracy: 0.6330
06-07 02:56 INFO     in comm round:151 >> Global Model Test accuracy: 0.6162
06-07 02:56 INFO     in comm round:152 >> Global Model Test accuracy: 0.6188
06-07 02:57 INFO     in comm round:153 >> Global Model Test accuracy: 0.6221
06-07 02:57 INFO     in comm round:154 >> Global Model Test accuracy: 0.6163
06-07 02:58 INFO     in comm round:155 >> Global Model Test accuracy: 0.6107
06-07 02:58 INFO     in comm round:156 >> Global Model Test accuracy: 0.6164
06-07 02:58 INFO     in comm round:157 >> Global Model Test accuracy: 0.6164
06-07 02:59 INFO     in comm round:158 >> Global Model Test accuracy: 0.6123
06-07 02:59 INFO     in comm round:159 >> Global Model Test accuracy: 0.6083
06-07 02:59 INFO     in comm round:160 >> Global Model Test accuracy: 0.6206
06-07 03:00 INFO     in comm round:161 >> Global Model Test accuracy: 0.6148
06-07 03:00 INFO     in comm round:162 >> Global Model Test accuracy: 0.6124
06-07 03:00 INFO     in comm round:163 >> Global Model Test accuracy: 0.6196
06-07 03:01 INFO     in comm round:164 >> Global Model Test accuracy: 0.6135
06-07 03:01 INFO     in comm round:165 >> Global Model Test accuracy: 0.6175
06-07 03:02 INFO     in comm round:166 >> Global Model Test accuracy: 0.6214
06-07 03:02 INFO     in comm round:167 >> Global Model Test accuracy: 0.6196
06-07 03:02 INFO     in comm round:168 >> Global Model Test accuracy: 0.6151
06-07 03:03 INFO     in comm round:169 >> Global Model Test accuracy: 0.6188
06-07 03:03 INFO     in comm round:170 >> Global Model Test accuracy: 0.6202
06-07 03:03 INFO     in comm round:171 >> Global Model Test accuracy: 0.6124
06-07 03:04 INFO     in comm round:172 >> Global Model Test accuracy: 0.6203
06-07 03:04 INFO     in comm round:173 >> Global Model Test accuracy: 0.6228
06-07 03:04 INFO     in comm round:174 >> Global Model Test accuracy: 0.6163
06-07 03:05 INFO     in comm round:175 >> Global Model Test accuracy: 0.6221
06-07 03:05 INFO     in comm round:176 >> Global Model Test accuracy: 0.6078
06-07 03:06 INFO     in comm round:177 >> Global Model Test accuracy: 0.6122
06-07 03:06 INFO     in comm round:178 >> Global Model Test accuracy: 0.6167
06-07 03:06 INFO     in comm round:179 >> Global Model Test accuracy: 0.6221
06-07 03:07 INFO     in comm round:180 >> Global Model Test accuracy: 0.6147
06-07 03:07 INFO     in comm round:181 >> Global Model Test accuracy: 0.6251
06-07 03:07 INFO     in comm round:182 >> Global Model Test accuracy: 0.6164
06-07 03:08 INFO     in comm round:183 >> Global Model Test accuracy: 0.6236
06-07 03:08 INFO     in comm round:184 >> Global Model Test accuracy: 0.6231
06-07 03:08 INFO     in comm round:185 >> Global Model Test accuracy: 0.6186
06-07 03:09 INFO     in comm round:186 >> Global Model Test accuracy: 0.6220
06-07 03:09 INFO     in comm round:187 >> Global Model Test accuracy: 0.6103
06-07 03:10 INFO     in comm round:188 >> Global Model Test accuracy: 0.6231
06-07 03:10 INFO     in comm round:189 >> Global Model Test accuracy: 0.6269
06-07 03:10 INFO     in comm round:190 >> Global Model Test accuracy: 0.6160
06-07 03:11 INFO     in comm round:191 >> Global Model Test accuracy: 0.6237
06-07 03:11 INFO     in comm round:192 >> Global Model Test accuracy: 0.6089
06-07 03:11 INFO     in comm round:193 >> Global Model Test accuracy: 0.6157
06-07 03:12 INFO     in comm round:194 >> Global Model Test accuracy: 0.6246
06-07 03:12 INFO     in comm round:195 >> Global Model Test accuracy: 0.6081
06-07 03:13 INFO     in comm round:196 >> Global Model Test accuracy: 0.6082
06-07 03:13 INFO     in comm round:197 >> Global Model Test accuracy: 0.6300
06-07 03:13 INFO     in comm round:198 >> Global Model Test accuracy: 0.6190
06-07 03:14 INFO     in comm round:199 >> Global Model Test accuracy: 0.6184
06-07 03:14 INFO     in comm round:200 >> Global Model Test accuracy: 0.6261
06-07 03:14 INFO     in comm round:201 >> Global Model Test accuracy: 0.6132
06-07 03:15 INFO     in comm round:202 >> Global Model Test accuracy: 0.6212
06-07 03:15 INFO     in comm round:203 >> Global Model Test accuracy: 0.6282
06-07 03:16 INFO     in comm round:204 >> Global Model Test accuracy: 0.6080
06-07 03:16 INFO     in comm round:205 >> Global Model Test accuracy: 0.6123
06-07 03:16 INFO     in comm round:206 >> Global Model Test accuracy: 0.6185
06-07 03:17 INFO     in comm round:207 >> Global Model Test accuracy: 0.6217
06-07 03:17 INFO     in comm round:208 >> Global Model Test accuracy: 0.6223
06-07 03:17 INFO     in comm round:209 >> Global Model Test accuracy: 0.6093
06-07 03:18 INFO     in comm round:210 >> Global Model Test accuracy: 0.6134
06-07 03:18 INFO     in comm round:211 >> Global Model Test accuracy: 0.6175
06-07 03:18 INFO     in comm round:212 >> Global Model Test accuracy: 0.6044
06-07 03:19 INFO     in comm round:213 >> Global Model Test accuracy: 0.6148
06-07 03:19 INFO     in comm round:214 >> Global Model Test accuracy: 0.6181
06-07 03:20 INFO     in comm round:215 >> Global Model Test accuracy: 0.6187
06-07 03:20 INFO     in comm round:216 >> Global Model Test accuracy: 0.6072
06-07 03:20 INFO     in comm round:217 >> Global Model Test accuracy: 0.6123
06-07 03:21 INFO     in comm round:218 >> Global Model Test accuracy: 0.6119
06-07 03:21 INFO     in comm round:219 >> Global Model Test accuracy: 0.6157
06-07 03:21 INFO     in comm round:220 >> Global Model Test accuracy: 0.6129
06-07 03:22 INFO     in comm round:221 >> Global Model Test accuracy: 0.6129
06-07 03:22 INFO     in comm round:222 >> Global Model Test accuracy: 0.6224
06-07 03:23 INFO     in comm round:223 >> Global Model Test accuracy: 0.6234
06-07 03:23 INFO     in comm round:224 >> Global Model Test accuracy: 0.6119
06-07 03:23 INFO     in comm round:225 >> Global Model Test accuracy: 0.6302
06-07 03:24 INFO     in comm round:226 >> Global Model Test accuracy: 0.6051
06-07 03:24 INFO     in comm round:227 >> Global Model Test accuracy: 0.6169
06-07 03:24 INFO     in comm round:228 >> Global Model Test accuracy: 0.6264
06-07 03:25 INFO     in comm round:229 >> Global Model Test accuracy: 0.6129
06-07 03:25 INFO     in comm round:230 >> Global Model Test accuracy: 0.6227
06-07 03:25 INFO     in comm round:231 >> Global Model Test accuracy: 0.6232
06-07 03:26 INFO     in comm round:232 >> Global Model Test accuracy: 0.6226
06-07 03:26 INFO     in comm round:233 >> Global Model Test accuracy: 0.6134
06-07 03:27 INFO     in comm round:234 >> Global Model Test accuracy: 0.6123
06-07 03:27 INFO     in comm round:235 >> Global Model Test accuracy: 0.6185
06-07 03:27 INFO     in comm round:236 >> Global Model Test accuracy: 0.6179
06-07 03:28 INFO     in comm round:237 >> Global Model Test accuracy: 0.6227
06-07 03:28 INFO     in comm round:238 >> Global Model Test accuracy: 0.6078
06-07 03:28 INFO     in comm round:239 >> Global Model Test accuracy: 0.6228
06-07 03:29 INFO     in comm round:240 >> Global Model Test accuracy: 0.6081
06-07 03:29 INFO     in comm round:241 >> Global Model Test accuracy: 0.6100
06-07 03:29 INFO     in comm round:242 >> Global Model Test accuracy: 0.6199
06-07 03:30 INFO     in comm round:243 >> Global Model Test accuracy: 0.6110
06-07 03:30 INFO     in comm round:244 >> Global Model Test accuracy: 0.6058
06-07 03:31 INFO     in comm round:245 >> Global Model Test accuracy: 0.6131
06-07 03:31 INFO     in comm round:246 >> Global Model Test accuracy: 0.6086
06-07 03:31 INFO     in comm round:247 >> Global Model Test accuracy: 0.6219
06-07 03:32 INFO     in comm round:248 >> Global Model Test accuracy: 0.6259
06-07 03:32 INFO     in comm round:249 >> Global Model Test accuracy: 0.6129
06-07 03:32 INFO     in comm round:250 >> Global Model Test accuracy: 0.6239
06-07 03:33 INFO     in comm round:251 >> Global Model Test accuracy: 0.6154
06-07 03:33 INFO     in comm round:252 >> Global Model Test accuracy: 0.5947
06-07 03:34 INFO     in comm round:253 >> Global Model Test accuracy: 0.6131
06-07 03:34 INFO     in comm round:254 >> Global Model Test accuracy: 0.6162
06-07 03:34 INFO     in comm round:255 >> Global Model Test accuracy: 0.6149
06-07 03:35 INFO     in comm round:256 >> Global Model Test accuracy: 0.6090
06-07 03:35 INFO     in comm round:257 >> Global Model Test accuracy: 0.6262
06-07 03:35 INFO     in comm round:258 >> Global Model Test accuracy: 0.6135
06-07 03:36 INFO     in comm round:259 >> Global Model Test accuracy: 0.6136
06-07 03:36 INFO     in comm round:260 >> Global Model Test accuracy: 0.6167
06-07 03:36 INFO     in comm round:261 >> Global Model Test accuracy: 0.6175
06-07 03:37 INFO     in comm round:262 >> Global Model Test accuracy: 0.6196
06-07 03:37 INFO     in comm round:263 >> Global Model Test accuracy: 0.6179
06-07 03:38 INFO     in comm round:264 >> Global Model Test accuracy: 0.6173
06-07 03:38 INFO     in comm round:265 >> Global Model Test accuracy: 0.6110
06-07 03:38 INFO     in comm round:266 >> Global Model Test accuracy: 0.6167
06-07 03:39 INFO     in comm round:267 >> Global Model Test accuracy: 0.6162
06-07 03:39 INFO     in comm round:268 >> Global Model Test accuracy: 0.6049
06-07 03:39 INFO     in comm round:269 >> Global Model Test accuracy: 0.6149
06-07 03:40 INFO     in comm round:270 >> Global Model Test accuracy: 0.6076
06-07 03:40 INFO     in comm round:271 >> Global Model Test accuracy: 0.6225
06-07 03:40 INFO     in comm round:272 >> Global Model Test accuracy: 0.6116
06-07 03:41 INFO     in comm round:273 >> Global Model Test accuracy: 0.6069
06-07 03:41 INFO     in comm round:274 >> Global Model Test accuracy: 0.6132
06-07 03:42 INFO     in comm round:275 >> Global Model Test accuracy: 0.6200
06-07 03:42 INFO     in comm round:276 >> Global Model Test accuracy: 0.6108
06-07 03:42 INFO     in comm round:277 >> Global Model Test accuracy: 0.6029
06-07 03:43 INFO     in comm round:278 >> Global Model Test accuracy: 0.6034
06-07 03:43 INFO     in comm round:279 >> Global Model Test accuracy: 0.6128
06-07 03:43 INFO     in comm round:280 >> Global Model Test accuracy: 0.6189
06-07 03:44 INFO     in comm round:281 >> Global Model Test accuracy: 0.6103
06-07 03:44 INFO     in comm round:282 >> Global Model Test accuracy: 0.6155
06-07 03:45 INFO     in comm round:283 >> Global Model Test accuracy: 0.6144
06-07 03:45 INFO     in comm round:284 >> Global Model Test accuracy: 0.6141
06-07 03:45 INFO     in comm round:285 >> Global Model Test accuracy: 0.6155
06-07 03:46 INFO     in comm round:286 >> Global Model Test accuracy: 0.6242
06-07 03:46 INFO     in comm round:287 >> Global Model Test accuracy: 0.6188
06-07 03:46 INFO     in comm round:288 >> Global Model Test accuracy: 0.6125
06-07 03:47 INFO     in comm round:289 >> Global Model Test accuracy: 0.6047
06-07 03:47 INFO     in comm round:290 >> Global Model Test accuracy: 0.6082
06-07 03:47 INFO     in comm round:291 >> Global Model Test accuracy: 0.6106
06-07 03:48 INFO     in comm round:292 >> Global Model Test accuracy: 0.5923
06-07 03:48 INFO     in comm round:293 >> Global Model Test accuracy: 0.6056
06-07 03:49 INFO     in comm round:294 >> Global Model Test accuracy: 0.6248
06-07 03:49 INFO     in comm round:295 >> Global Model Test accuracy: 0.6154
06-07 03:49 INFO     in comm round:296 >> Global Model Test accuracy: 0.6108
06-07 03:50 INFO     in comm round:297 >> Global Model Test accuracy: 0.6092
06-07 03:50 INFO     in comm round:298 >> Global Model Test accuracy: 0.6160
06-07 03:50 INFO     in comm round:299 >> Global Model Test accuracy: 0.6186
06-07 03:51 INFO     in comm round:300 >> Global Model Test accuracy: 0.6223
06-07 03:51 INFO     Starting Fine Tuning...
