03-17 14:26 INFO     cuda
03-17 14:26 INFO     Command Line Arguments: 
{
    "epochs": 1,
    "comm_round": 1,
    "sample_fraction": 1.0,
    "alpha": 1e+200,
    "dataset": "ham10000",
    "datadir": "../data/",
    "partition": "subsample",
    "alg": "sflv2",
    "model": "resnet-18",
    "n_parties": 2,
    "lr": 0.01,
    "mu": 1,
    "std_coeff": 2.5,
    "unif_coeff": 0.5,
    "batch_size": 128,
    "load_first_net": 1,
    "pool_option": "FIFO",
    "model_buffer_size": 1,
    "optimizer": "sgd",
    "simp_width": 1,
    "out_dim": 256,
    "reg": 0.0005,
    "temperature": 0.5,
    "logdir": "./",
    "log_file_name": "logs/experiment_log-alg=sflv2_partition=subsample_lr=0.01_epochs=1_num_users=2_beta=1e+200_batch_size=128_opt=sgd_dataset=ham10000_2024-03-17-1426-17",
    "seed": 42,
    "device": "cuda",
    "multiprocessing": 0
}
