04-11 15:42 INFO     cuda
04-11 15:42 INFO     Command Line Arguments: 
{
    "epochs": 5,
    "comm_round": 70,
    "sample_fraction": 1.0,
    "alpha": 0.01,
    "dataset": "cifar10",
    "datadir": "../data/",
    "partition": "iid",
    "alg": "sflv1",
    "model": "resnet-18",
    "split_layer": 2,
    "n_parties": 5,
    "lr": 0.001,
    "mu": 1,
    "std_coeff": 2.5,
    "unif_coeff": 0.5,
    "batch_size": 128,
    "load_first_net": 1,
    "pool_option": "FIFO",
    "model_buffer_size": 1,
    "optimizer": "adam",
    "simp_width": 1,
    "out_dim": 256,
    "reg": 0.0005,
    "temperature": 0.5,
    "logdir": "./",
    "log_file_name": "logs/experiment_log-alg=sflv1_partition=iid_lr=0.001_epochs=5_num_users=5_beta=0.01_batch_size=128_opt=adam_dataset=cifar10_2024-04-11-1542-01",
    "seed": 123,
    "device": "cuda:7",
    "accuracies_file": "logs/resnet_18_100_users.csv",
    "dont_skip": false,
    "multiprocessing": 0
}
04-11 15:42 INFO     Data statistics: {0: {0: 1036, 1: 971, 2: 979, 3: 1017, 4: 1046, 5: 993, 6: 970, 7: 950, 8: 1022, 9: 1016}, 1: {0: 944, 1: 1049, 2: 1037, 3: 989, 4: 975, 5: 960, 6: 1017, 7: 1014, 8: 1025, 9: 990}, 2: {0: 983, 1: 986, 2: 985, 3: 984, 4: 990, 5: 1040, 6: 994, 7: 1041, 8: 990, 9: 1007}, 3: {0: 1029, 1: 1012, 2: 963, 3: 1001, 4: 1000, 5: 1001, 6: 988, 7: 999, 8: 987, 9: 1020}, 4: {0: 1008, 1: 982, 2: 1036, 3: 1009, 4: 989, 5: 1006, 6: 1031, 7: 996, 8: 976, 9: 967}}
04-11 15:42 INFO     in comm round:0
04-11 15:42 INFO     Training network 0 n_training: 10000
04-11 15:42 INFO     Training network 0
04-11 15:42 INFO     Client: 0 Epoch: 0 Loss: 1.8674069184523363
04-11 15:42 INFO     Client: 0 Epoch: 1 Loss: 1.5932030188731658
04-11 15:42 INFO     Client: 0 Epoch: 2 Loss: 1.4690179901245313
04-11 15:42 INFO     Client: 0 Epoch: 3 Loss: 1.3239933985930223
04-11 15:42 INFO     Client: 0 Epoch: 4 Loss: 1.2166034563993797
04-11 15:42 INFO      ** Client: 0 Training complete **
04-11 15:42 INFO     Training network 1 n_training: 10000
04-11 15:42 INFO     Training network 1
04-11 15:42 INFO     Client: 1 Epoch: 0 Loss: 1.8953607403315031
04-11 15:43 INFO     Client: 1 Epoch: 1 Loss: 1.591514486532945
04-11 15:43 INFO     Client: 1 Epoch: 2 Loss: 1.46929424848312
04-11 15:43 INFO     Client: 1 Epoch: 3 Loss: 1.318469687914237
04-11 15:43 INFO     Client: 1 Epoch: 4 Loss: 1.2067765211447692
04-11 15:43 INFO      ** Client: 1 Training complete **
04-11 15:43 INFO     Training network 2 n_training: 10000
04-11 15:43 INFO     Training network 2
04-11 15:43 INFO     Client: 2 Epoch: 0 Loss: 1.83626004977104
04-11 15:43 INFO     Client: 2 Epoch: 1 Loss: 1.5277822415033977
04-11 15:43 INFO     Client: 2 Epoch: 2 Loss: 1.3600228444123879
04-11 15:43 INFO     Client: 2 Epoch: 3 Loss: 1.2202660066959186
04-11 15:43 INFO     Client: 2 Epoch: 4 Loss: 1.1216441522806118
04-11 15:43 INFO      ** Client: 2 Training complete **
04-11 15:43 INFO     Training network 3 n_training: 10000
04-11 15:43 INFO     Training network 3
04-11 15:44 INFO     Client: 3 Epoch: 0 Loss: 1.852808273755587
04-11 15:44 INFO     Client: 3 Epoch: 1 Loss: 1.5637333148565047
04-11 15:44 INFO     Client: 3 Epoch: 2 Loss: 1.4042226763871999
04-11 15:44 INFO     Client: 3 Epoch: 3 Loss: 1.2713547883889613
04-11 15:44 INFO     Client: 3 Epoch: 4 Loss: 1.1483509227251396
04-11 15:44 INFO      ** Client: 3 Training complete **
04-11 15:44 INFO     Training network 4 n_training: 10000
04-11 15:44 INFO     Training network 4
04-11 15:44 INFO     Client: 4 Epoch: 0 Loss: 1.9231742085554662
