05-16 16:38 INFO     cuda
05-16 16:38 INFO     Command Line Arguments: 
{
    "epochs": 5,
    "comm_round": 100,
    "sample_fraction": 1.0,
    "alpha": 0.01,
    "dataset": "cifar10",
    "datadir": "../data/",
    "partition": "iid",
    "alg": "centralized",
    "model": "resnet-18",
    "split_layer": 1,
    "n_parties": 1,
    "lr": 0.001,
    "mu": 1,
    "std_coeff": 2.5,
    "unif_coeff": 0.5,
    "batch_size": 128,
    "load_first_net": 1,
    "pool_option": "FIFO",
    "model_buffer_size": 1,
    "optimizer": "sgd",
    "simp_width": 1,
    "out_dim": 256,
    "reg": 0.0005,
    "temperature": 0.5,
    "logdir": "./",
    "log_file_name": "logs/experiment_log-alg=centralized_partition=iid_lr=0.001_epochs=5_num_users=1_beta=0.01_batch_size=128_opt=sgd_dataset=cifar10_2024-05-16-1638-20",
    "seed": 123,
    "device": "cuda:6",
    "accuracies_file": "logs/centralized.csv",
    "dont_skip": false,
    "n_train_workers": 1,
    "n_test_workers": 1,
    "arch": "mobilenet_v3_large",
    "multiprocessing": 0
}
05-16 16:38 INFO     Data statistics: {0: {0: 5000, 1: 5000, 2: 5000, 3: 5000, 4: 5000, 5: 5000, 6: 5000, 7: 5000, 8: 5000, 9: 5000}}
05-16 16:38 INFO     in comm round:1 >> Global Model Test accuracy: 0.4909
05-16 16:38 INFO     in comm round:2 >> Global Model Test accuracy: 0.5589
05-16 16:39 INFO     in comm round:3 >> Global Model Test accuracy: 0.6126
05-16 16:39 INFO     in comm round:4 >> Global Model Test accuracy: 0.6561
05-16 16:39 INFO     in comm round:5 >> Global Model Test accuracy: 0.6657
05-16 16:39 INFO     in comm round:6 >> Global Model Test accuracy: 0.6915
05-16 16:39 INFO     in comm round:7 >> Global Model Test accuracy: 0.7051
05-16 16:40 INFO     in comm round:8 >> Global Model Test accuracy: 0.7038
05-16 16:40 INFO     in comm round:9 >> Global Model Test accuracy: 0.7378
05-16 16:40 INFO     in comm round:10 >> Global Model Test accuracy: 0.7488
05-16 16:40 INFO     in comm round:11 >> Global Model Test accuracy: 0.7652
05-16 16:41 INFO     in comm round:12 >> Global Model Test accuracy: 0.7689
05-16 16:41 INFO     in comm round:13 >> Global Model Test accuracy: 0.7780
05-16 16:41 INFO     in comm round:14 >> Global Model Test accuracy: 0.7798
05-16 16:41 INFO     in comm round:15 >> Global Model Test accuracy: 0.7858
05-16 16:41 INFO     in comm round:16 >> Global Model Test accuracy: 0.8020
05-16 16:42 INFO     in comm round:17 >> Global Model Test accuracy: 0.8048
05-16 16:42 INFO     in comm round:18 >> Global Model Test accuracy: 0.8092
05-16 16:42 INFO     in comm round:19 >> Global Model Test accuracy: 0.8096
05-16 16:42 INFO     in comm round:20 >> Global Model Test accuracy: 0.8133
05-16 16:42 INFO     in comm round:21 >> Global Model Test accuracy: 0.8074
05-16 16:43 INFO     in comm round:22 >> Global Model Test accuracy: 0.8211
05-16 16:43 INFO     in comm round:23 >> Global Model Test accuracy: 0.8230
05-16 16:43 INFO     in comm round:24 >> Global Model Test accuracy: 0.8350
05-16 16:43 INFO     in comm round:25 >> Global Model Test accuracy: 0.8316
05-16 16:44 INFO     in comm round:26 >> Global Model Test accuracy: 0.8329
05-16 16:44 INFO     in comm round:27 >> Global Model Test accuracy: 0.8278
05-16 16:44 INFO     in comm round:28 >> Global Model Test accuracy: 0.8320
05-16 16:44 INFO     in comm round:29 >> Global Model Test accuracy: 0.8288
05-16 16:44 INFO     in comm round:30 >> Global Model Test accuracy: 0.8410
05-16 16:45 INFO     in comm round:31 >> Global Model Test accuracy: 0.8404
05-16 16:45 INFO     in comm round:32 >> Global Model Test accuracy: 0.8388
05-16 16:45 INFO     in comm round:33 >> Global Model Test accuracy: 0.8462
05-16 16:45 INFO     in comm round:34 >> Global Model Test accuracy: 0.8390
05-16 16:46 INFO     in comm round:35 >> Global Model Test accuracy: 0.8416
05-16 16:46 INFO     in comm round:36 >> Global Model Test accuracy: 0.8440
05-16 16:46 INFO     in comm round:37 >> Global Model Test accuracy: 0.8540
05-16 16:46 INFO     in comm round:38 >> Global Model Test accuracy: 0.8435
05-16 16:46 INFO     in comm round:39 >> Global Model Test accuracy: 0.8431
05-16 16:47 INFO     in comm round:40 >> Global Model Test accuracy: 0.8531
05-16 16:47 INFO     in comm round:41 >> Global Model Test accuracy: 0.8426
05-16 16:47 INFO     in comm round:42 >> Global Model Test accuracy: 0.8502
05-16 16:47 INFO     in comm round:43 >> Global Model Test accuracy: 0.8501
05-16 16:47 INFO     in comm round:44 >> Global Model Test accuracy: 0.8491
05-16 16:48 INFO     in comm round:45 >> Global Model Test accuracy: 0.8523
05-16 16:48 INFO     in comm round:46 >> Global Model Test accuracy: 0.8542
05-16 16:48 INFO     in comm round:47 >> Global Model Test accuracy: 0.8531
05-16 16:48 INFO     in comm round:48 >> Global Model Test accuracy: 0.8460
05-16 16:49 INFO     in comm round:49 >> Global Model Test accuracy: 0.8525
05-16 16:49 INFO     in comm round:50 >> Global Model Test accuracy: 0.8506
05-16 16:49 INFO     in comm round:51 >> Global Model Test accuracy: 0.8573
05-16 16:49 INFO     in comm round:52 >> Global Model Test accuracy: 0.8536
05-16 16:49 INFO     in comm round:53 >> Global Model Test accuracy: 0.8600
05-16 16:50 INFO     in comm round:54 >> Global Model Test accuracy: 0.8596
05-16 16:50 INFO     in comm round:55 >> Global Model Test accuracy: 0.8595
05-16 16:50 INFO     in comm round:56 >> Global Model Test accuracy: 0.8617
05-16 16:50 INFO     in comm round:57 >> Global Model Test accuracy: 0.8581
05-16 16:51 INFO     in comm round:58 >> Global Model Test accuracy: 0.8589
05-16 16:51 INFO     in comm round:59 >> Global Model Test accuracy: 0.8567
05-16 16:51 INFO     in comm round:60 >> Global Model Test accuracy: 0.8608
05-16 16:51 INFO     in comm round:61 >> Global Model Test accuracy: 0.8465
05-16 16:51 INFO     in comm round:62 >> Global Model Test accuracy: 0.8587
05-16 16:52 INFO     in comm round:63 >> Global Model Test accuracy: 0.8617
05-16 16:52 INFO     in comm round:64 >> Global Model Test accuracy: 0.8650
05-16 16:52 INFO     in comm round:65 >> Global Model Test accuracy: 0.8637
05-16 16:52 INFO     in comm round:66 >> Global Model Test accuracy: 0.8651
05-16 16:52 INFO     in comm round:67 >> Global Model Test accuracy: 0.8640
05-16 16:53 INFO     in comm round:68 >> Global Model Test accuracy: 0.8618
05-16 16:53 INFO     in comm round:69 >> Global Model Test accuracy: 0.8644
05-16 16:53 INFO     in comm round:70 >> Global Model Test accuracy: 0.8674
05-16 16:53 INFO     in comm round:71 >> Global Model Test accuracy: 0.8642
05-16 16:54 INFO     in comm round:72 >> Global Model Test accuracy: 0.8592
05-16 16:54 INFO     in comm round:73 >> Global Model Test accuracy: 0.8693
05-16 16:54 INFO     in comm round:74 >> Global Model Test accuracy: 0.8648
05-16 16:54 INFO     in comm round:75 >> Global Model Test accuracy: 0.8647
05-16 16:54 INFO     in comm round:76 >> Global Model Test accuracy: 0.8672
05-16 16:55 INFO     in comm round:77 >> Global Model Test accuracy: 0.8694
05-16 16:55 INFO     in comm round:78 >> Global Model Test accuracy: 0.8665
05-16 16:55 INFO     in comm round:79 >> Global Model Test accuracy: 0.8705
05-16 16:55 INFO     in comm round:80 >> Global Model Test accuracy: 0.8674
05-16 16:55 INFO     in comm round:81 >> Global Model Test accuracy: 0.8693
05-16 16:56 INFO     in comm round:82 >> Global Model Test accuracy: 0.8721
05-16 16:56 INFO     in comm round:83 >> Global Model Test accuracy: 0.8677
05-16 16:56 INFO     in comm round:84 >> Global Model Test accuracy: 0.8710
05-16 16:56 INFO     in comm round:85 >> Global Model Test accuracy: 0.8673
05-16 16:57 INFO     in comm round:86 >> Global Model Test accuracy: 0.8691
05-16 16:57 INFO     in comm round:87 >> Global Model Test accuracy: 0.8706
05-16 16:57 INFO     in comm round:88 >> Global Model Test accuracy: 0.8684
05-16 16:57 INFO     in comm round:89 >> Global Model Test accuracy: 0.8706
05-16 16:57 INFO     in comm round:90 >> Global Model Test accuracy: 0.8705
05-16 16:58 INFO     in comm round:91 >> Global Model Test accuracy: 0.8666
05-16 16:58 INFO     in comm round:92 >> Global Model Test accuracy: 0.8772
05-16 16:58 INFO     in comm round:93 >> Global Model Test accuracy: 0.8683
05-16 16:58 INFO     in comm round:94 >> Global Model Test accuracy: 0.8754
05-16 16:59 INFO     in comm round:95 >> Global Model Test accuracy: 0.8648
05-16 16:59 INFO     in comm round:96 >> Global Model Test accuracy: 0.8728
05-16 16:59 INFO     in comm round:97 >> Global Model Test accuracy: 0.8690
05-16 16:59 INFO     in comm round:98 >> Global Model Test accuracy: 0.8711
05-16 16:59 INFO     in comm round:99 >> Global Model Test accuracy: 0.8651
05-16 17:00 INFO     in comm round:100 >> Global Model Test accuracy: 0.8719
05-16 17:00 INFO     Starting Fine Tuning...
