05-07 16:42 INFO     cuda
05-07 16:42 INFO     Command Line Arguments: 
{
    "epochs": 5,
    "comm_round": 300,
    "sample_fraction": 1.0,
    "alpha": 0.01,
    "dataset": "tinyimagenet",
    "datadir": "../data/",
    "partition": "noniid-labeldir",
    "alg": "sflv2",
    "model": "resnet-50",
    "split_layer": 4,
    "n_parties": 100,
    "lr": 0.001,
    "mu": 1,
    "std_coeff": 2.5,
    "unif_coeff": 0.5,
    "batch_size": 64,
    "load_first_net": 1,
    "pool_option": "FIFO",
    "model_buffer_size": 1,
    "optimizer": "adam",
    "simp_width": 1,
    "out_dim": 256,
    "reg": 0.0005,
    "temperature": 0.5,
    "logdir": "./",
    "log_file_name": "logs/experiment_log-alg=sflv2_partition=noniid-labeldir_lr=0.001_epochs=5_num_users=100_beta=0.01_batch_size=64_opt=adam_dataset=tinyimagenet_2024-05-07-1642-42",
    "seed": 1,
    "device": "cuda:7",
    "accuracies_file": "logs/resnet_50_tinyimagenet.csv",
    "dont_skip": false,
    "n_train_workers": 1,
    "n_test_workers": 1,
    "arch": "mobilenet_v3_large",
    "multiprocessing": 0
}
05-07 16:42 INFO     Data statistics: {0: {13: 2, 37: 194, 41: 264, 55: 82, 77: 272, 80: 1, 83: 50, 91: 1, 95: 176}, 1: {1: 268, 3: 295, 14: 1, 29: 1, 32: 1, 33: 280, 38: 16, 46: 7, 54: 123, 60: 448}, 2: {74: 5, 88: 2, 101: 22, 135: 7, 141: 20, 142: 331, 152: 122, 158: 423, 164: 343}, 3: {11: 3, 22: 98, 28: 47, 36: 7, 73: 12, 92: 105, 99: 40, 103: 141, 107: 6, 109: 47, 110: 2, 132: 52, 147: 66, 169: 84, 190: 4, 198: 62}, 4: {10: 28, 21: 465, 36: 193, 39: 382}, 5: {55: 13, 86: 2, 91: 76, 93: 338, 107: 1, 108: 2, 113: 1, 115: 85, 119: 4, 186: 498}, 6: {20: 4, 31: 10, 40: 1, 58: 72, 92: 119, 100: 13, 116: 24, 173: 374, 177: 1, 187: 38}, 7: {54: 347, 67: 365, 75: 95, 92: 49, 93: 150}, 8: {3: 198, 26: 154, 44: 22, 72: 97, 89: 1, 103: 3, 133: 29, 167: 2, 168: 384, 175: 299}, 9: {13: 3, 44: 192, 49: 228, 63: 9, 88: 301, 131: 460}, 10: {2: 2, 35: 460, 55: 12, 65: 230, 76: 395}, 11: {2: 3, 9: 401, 18: 11, 29: 155, 53: 5, 66: 92, 73: 345}, 12: {2: 2, 28: 1, 36: 11, 47: 37, 51: 389, 58: 1, 88: 1, 96: 419, 107: 157}, 13: {7: 440, 32: 25, 33: 4, 42: 124, 47: 407}, 14: {31: 28, 56: 444, 57: 111, 73: 10, 75: 5, 95: 75, 121: 419}, 15: {13: 1, 42: 11, 69: 338, 80: 117, 86: 446, 113: 451}, 16: {2: 9, 9: 11, 48: 6, 60: 1, 62: 348, 63: 16, 86: 20, 114: 30, 115: 188, 123: 12, 142: 21, 145: 140, 147: 8, 148: 277}, 17: {2: 47, 22: 369, 32: 9, 42: 10, 75: 34, 95: 88, 112: 40, 116: 45, 119: 1, 145: 2, 150: 98, 163: 5, 179: 42, 196: 3}, 18: {30: 1, 46: 3, 50: 304, 63: 329, 73: 3, 117: 26, 145: 294, 163: 6, 167: 1, 181: 294}, 19: {8: 20, 24: 1, 33: 1, 39: 42, 55: 2, 75: 360, 93: 1, 126: 137, 128: 3, 145: 56, 150: 1, 164: 38, 166: 363}, 20: {14: 143, 39: 59, 58: 2, 60: 2, 65: 157, 110: 1, 125: 3, 136: 11, 142: 147, 167: 55, 168: 1, 172: 250, 174: 5}, 21: {9: 36, 21: 1, 30: 4, 66: 1, 109: 1, 127: 259, 152: 3, 164: 63}, 22: {26: 121, 28: 139, 68: 11, 96: 2, 109: 97, 112: 169, 114: 13, 127: 40, 148: 1, 150: 23, 156: 88}, 23: {8: 2, 14: 11, 32: 1, 38: 69, 62: 150, 78: 13, 80: 19, 104: 498, 110: 299}, 24: {7: 5, 17: 6, 24: 1, 30: 1, 76: 13, 86: 12, 88: 11, 109: 106, 123: 4, 130: 299, 133: 1, 138: 5, 148: 53, 152: 1, 158: 76, 163: 320, 176: 63}, 25: {11: 91, 16: 432, 24: 6, 33: 15, 36: 107, 54: 5, 82: 165, 96: 24, 106: 12, 114: 9, 116: 2, 156: 2, 167: 2, 169: 5, 174: 284}, 26: {4: 2, 26: 131, 38: 198, 44: 139, 68: 1, 69: 3, 91: 2, 106: 1, 113: 8, 156: 342, 157: 48, 160: 43, 161: 65, 188: 4, 197: 499}, 27: {2: 2, 17: 9, 40: 53, 83: 163, 90: 2, 91: 49, 102: 10, 119: 4, 147: 10, 157: 102, 180: 477, 193: 148}, 28: {1: 203, 13: 11, 27: 5, 33: 3, 67: 25, 91: 9, 113: 1, 117: 289, 122: 1, 129: 20, 137: 48, 148: 37, 179: 418}, 29: {21: 24, 22: 1, 38: 5, 65: 32, 85: 10, 87: 2, 107: 1, 123: 471, 129: 11, 137: 4, 138: 26, 150: 106, 175: 2, 196: 3}, 30: {17: 445, 42: 1, 46: 35, 55: 385, 72: 1, 88: 1, 95: 101, 97: 2, 101: 7, 115: 16, 120: 3, 171: 482}, 31: {5: 2, 15: 3, 24: 11, 36: 41, 38: 1, 56: 1, 78: 8, 87: 1, 101: 462, 114: 69, 132: 264, 137: 325}, 32: {1: 1, 31: 2, 49: 58, 51: 1, 59: 71, 60: 31, 94: 1, 98: 78, 111: 8, 116: 164, 136: 1, 152: 344, 159: 21, 165: 10, 171: 15, 182: 94, 188: 486}, 33: {22: 7, 45: 66, 61: 33, 68: 1, 79: 4, 83: 137, 103: 301, 115: 106, 125: 2, 136: 41, 141: 14, 144: 1, 150: 1, 162: 7, 168: 12, 177: 35, 187: 3, 188: 9, 189: 466}, 34: {4: 169, 17: 26, 24: 6, 25: 11, 48: 37, 58: 1, 66: 15, 79: 54, 95: 56, 112: 6, 115: 13, 138: 192, 146: 2, 153: 13, 169: 408}, 35: {13: 1, 42: 17, 96: 4, 120: 54, 123: 8, 129: 170, 150: 213, 156: 2, 196: 383}, 36: {7: 1, 28: 252, 29: 44, 43: 2, 82: 16, 90: 116, 98: 7, 112: 5, 150: 2, 185: 5}, 37: {13: 223, 23: 79, 32: 367, 66: 112, 99: 4, 126: 1, 127: 147, 132: 39, 136: 422}, 38: {34: 428, 60: 9, 64: 42, 94: 182, 97: 40, 108: 20, 129: 284}, 39: {5: 1, 19: 76, 27: 1, 28: 14, 40: 323, 46: 1, 65: 5, 83: 22, 90: 1, 94: 166, 100: 1, 118: 494}, 40: {7: 52, 36: 4, 43: 73, 64: 5, 66: 1, 92: 210, 101: 1, 109: 242, 110: 80, 111: 301, 119: 1, 152: 28, 163: 42}, 41: {0: 458, 4: 2, 16: 11, 18: 5, 74: 2, 75: 1, 93: 1, 123: 2, 153: 408, 174: 90}, 42: {6: 25, 17: 8, 33: 13, 38: 210, 57: 34, 95: 1, 102: 296, 103: 1, 106: 1, 122: 67, 124: 6, 126: 15, 149: 1, 159: 1, 176: 404}, 43: {12: 1, 23: 411, 39: 10, 72: 156, 79: 4, 89: 1, 102: 2, 121: 1, 153: 33, 154: 427}, 44: {59: 4, 67: 1, 74: 16, 76: 1, 79: 2, 98: 7, 105: 107, 106: 25, 131: 16, 134: 19, 174: 3, 175: 52, 183: 429, 193: 345}, 45: {32: 8, 54: 24, 79: 334, 83: 1, 89: 363, 122: 1, 130: 3, 168: 1, 177: 39, 181: 191, 187: 83}, 46: {14: 16, 15: 1, 42: 42, 69: 5, 97: 45, 107: 8, 114: 6, 116: 108, 124: 69, 126: 116, 147: 371, 164: 44}, 47: {37: 92, 60: 2, 85: 47, 86: 1, 96: 3, 97: 45, 102: 167, 106: 234, 109: 1, 118: 3, 143: 7, 148: 4, 162: 467}, 48: {6: 87, 12: 335, 15: 1, 27: 1, 44: 2, 47: 9, 74: 1, 75: 4, 77: 99, 79: 7, 80: 159, 96: 42, 130: 22, 131: 23, 160: 453}, 49: {69: 5, 80: 28, 96: 2, 98: 49, 105: 338, 110: 3, 135: 483, 141: 224}, 50: {35: 36, 40: 7, 41: 37, 47: 1, 48: 431, 51: 3, 59: 2, 66: 24, 69: 7, 80: 3, 103: 47, 110: 34, 122: 423}, 51: {2: 88, 3: 6, 37: 31, 45: 2, 65: 4, 74: 465, 110: 32, 125: 1, 130: 49, 139: 1, 151: 471}, 52: {33: 101, 36: 3, 86: 2, 120: 3, 141: 1, 159: 5, 176: 27, 180: 15, 193: 6, 194: 494, 195: 437}, 53: {2: 19, 37: 14, 41: 29, 42: 17, 60: 4, 91: 50, 97: 321, 120: 439, 125: 1, 139: 1, 141: 1, 150: 55, 151: 7, 166: 136}, 54: {12: 1, 18: 14, 21: 1, 31: 459, 52: 382, 57: 18, 70: 1, 145: 1, 154: 33, 159: 3, 163: 95}, 55: {5: 356, 15: 321, 20: 1, 30: 93, 44: 30, 52: 117, 86: 7, 98: 358}, 56: {9: 3, 16: 30, 37: 12, 64: 226, 69: 50, 81: 113, 82: 2, 85: 306, 112: 10, 123: 2, 126: 186, 140: 42, 164: 1, 172: 2, 191: 499}, 57: {4: 2, 7: 1, 29: 1, 30: 370, 81: 18, 88: 86, 111: 19, 116: 5, 134: 57, 141: 2, 155: 13, 163: 30, 198: 8}, 58: {10: 1, 30: 3, 43: 279, 82: 23, 85: 56, 115: 2, 117: 11, 124: 1, 125: 1, 126: 44, 129: 2, 136: 1, 148: 17, 153: 4, 159: 99, 162: 17, 185: 492}, 59: {33: 73, 41: 2, 57: 1, 94: 1, 118: 2, 121: 3, 130: 6, 132: 143, 159: 2, 178: 499, 189: 32}, 60: {5: 2, 14: 212, 40: 11, 49: 7, 50: 1, 53: 486, 56: 39, 57: 26, 68: 23, 69: 1, 91: 21, 94: 1, 95: 2, 134: 34, 143: 41, 155: 399}, 61: {8: 442, 40: 1, 41: 1, 86: 4, 104: 1, 121: 6, 154: 7, 165: 233}, 62: {2: 37, 8: 1, 11: 4, 28: 46, 33: 9, 80: 2, 108: 25, 111: 12, 149: 136, 161: 411, 167: 439}, 63: {0: 1, 19: 4, 53: 2, 65: 45, 76: 54, 99: 134, 101: 2, 168: 1, 169: 2, 195: 57}, 64: {21: 1, 26: 88, 44: 114, 51: 1, 60: 1, 71: 7, 127: 2, 133: 8, 138: 1, 139: 47, 141: 1, 172: 247, 195: 5, 198: 2}, 65: {8: 34, 18: 22, 20: 1, 42: 274, 48: 14, 56: 9, 58: 244, 77: 1, 105: 50, 117: 5, 129: 12, 139: 112, 146: 216, 149: 306}, 66: {16: 5, 20: 109, 25: 486, 47: 7, 66: 8, 71: 1, 87: 495}, 67: {24: 34, 67: 23, 99: 297, 139: 36, 140: 74, 157: 312, 168: 10, 173: 125, 182: 2, 187: 56, 190: 495}, 68: {24: 433, 32: 7, 70: 334, 79: 1, 88: 1, 102: 23, 121: 45, 154: 30, 170: 454}, 69: {13: 42, 40: 103, 64: 182, 83: 65, 85: 54, 93: 8, 146: 116, 152: 1, 159: 242, 168: 53, 184: 110}, 70: {1: 1, 12: 158, 21: 4, 55: 4, 56: 6, 66: 49, 68: 1, 73: 24, 84: 426, 102: 1, 113: 38, 119: 2, 121: 6, 137: 122, 141: 7, 146: 165}, 71: {1: 25, 42: 2, 47: 1, 114: 34, 144: 357, 170: 1, 185: 1}, 72: {5: 98, 12: 3, 37: 47, 48: 1, 92: 2, 112: 194, 115: 1, 134: 300, 138: 247, 140: 383}, 73: {2: 286, 10: 66, 15: 160, 17: 5, 21: 3, 26: 5, 47: 4, 49: 206, 76: 23, 105: 4, 121: 3, 134: 89, 143: 441}, 74: {0: 9, 9: 48, 10: 327, 50: 147, 58: 179, 72: 217, 79: 17, 88: 96}, 75: {41: 7, 66: 197, 69: 33, 72: 26, 73: 105, 78: 300, 80: 170, 82: 293}, 76: {4: 2, 5: 40, 24: 1, 64: 33, 74: 1, 109: 1, 116: 151, 124: 422, 127: 4, 139: 302, 176: 5, 179: 6, 180: 1}, 77: {22: 24, 29: 1, 50: 16, 60: 1, 67: 85, 70: 105, 84: 68, 91: 14, 100: 219, 106: 24, 145: 3, 157: 37, 165: 180}, 78: {16: 21, 18: 88, 45: 420, 61: 231, 78: 79, 79: 76, 89: 57, 127: 18, 144: 78}, 79: {32: 7, 41: 150, 45: 7, 46: 1, 90: 124, 117: 7, 125: 245, 133: 461}, 80: {0: 14, 13: 12, 19: 20, 43: 4, 64: 10, 84: 4, 86: 2, 92: 14, 110: 48, 159: 12, 181: 2, 186: 1}, 81: {37: 1, 70: 1, 71: 103, 85: 18, 86: 3, 91: 156, 97: 46, 99: 17, 106: 40, 107: 129, 115: 54, 125: 246, 128: 18, 143: 8, 148: 15, 182: 403}, 82: {32: 48, 57: 309, 89: 77, 112: 75, 119: 7, 128: 478, 165: 76}, 83: {15: 12, 37: 1, 65: 12, 68: 271, 84: 1, 85: 8, 111: 159, 122: 7, 130: 120, 144: 63, 162: 1, 163: 1, 170: 35, 174: 117, 175: 146}, 84: {4: 322, 14: 116, 35: 3, 36: 122, 62: 1, 77: 93, 135: 1, 143: 2, 145: 3, 155: 87, 185: 1, 192: 499}, 85: {15: 1, 36: 7, 59: 2, 61: 190, 70: 7, 94: 58, 109: 4, 121: 12, 184: 323}, 86: {6: 278, 11: 401, 20: 384}, 87: {46: 405, 53: 6, 76: 13, 108: 452, 121: 3, 127: 29, 151: 1, 159: 114}, 88: {39: 6, 47: 15, 50: 2, 59: 112, 70: 51, 71: 9, 77: 34, 83: 61, 106: 162, 117: 146, 135: 4, 138: 28, 143: 1, 147: 44, 148: 95, 160: 3, 161: 1, 178: 1}, 89: {23: 9, 27: 378, 46: 47, 71: 373, 115: 34, 117: 15, 128: 1, 180: 6, 194: 6}, 90: {23: 1, 29: 298, 36: 4, 43: 141, 61: 45, 64: 1, 93: 1, 108: 1, 114: 338, 119: 364}, 91: {10: 18, 19: 399, 69: 55, 74: 9, 78: 1, 103: 6, 162: 7, 196: 7, 199: 499}, 92: {18: 322, 32: 6, 34: 70, 48: 3, 68: 191, 72: 2, 74: 1, 101: 6, 107: 37, 137: 1, 141: 40, 156: 65, 164: 10}, 93: {0: 17, 6: 109, 10: 59, 13: 2, 27: 115, 32: 20, 56: 1, 69: 2, 87: 1, 90: 256, 91: 36, 115: 1, 117: 1, 135: 4, 154: 2, 171: 2, 185: 1, 197: 1, 198: 36}, 94: {5: 1, 24: 6, 34: 1, 41: 9, 42: 1, 45: 2, 47: 18, 48: 7, 50: 29, 55: 1, 93: 1, 94: 91, 114: 1, 136: 23, 138: 1, 149: 56, 154: 1, 171: 1, 181: 3, 183: 70, 184: 26, 189: 1}, 95: {57: 1, 85: 1, 91: 83, 99: 7, 113: 1, 119: 116, 121: 1, 130: 1, 141: 189, 163: 1, 181: 1}, 96: {25: 2, 30: 27, 33: 1, 47: 1, 59: 308, 65: 14, 68: 1, 80: 1, 102: 1, 119: 1, 124: 1, 129: 1, 152: 1, 156: 1, 160: 1, 168: 37, 170: 9, 177: 424, 179: 33, 180: 1, 181: 9, 184: 41, 188: 1, 198: 391}, 97: {0: 1, 1: 1, 7: 1, 16: 1, 37: 107, 67: 1, 72: 1, 75: 1, 77: 1, 78: 99, 82: 1, 83: 1, 97: 1, 109: 1, 118: 1, 121: 1, 123: 1, 125: 1, 132: 2, 148: 1, 151: 21, 153: 41, 159: 1, 165: 1, 166: 1, 179: 1, 186: 1, 187: 320, 190: 1, 191: 1, 196: 104}, 98: {4: 1, 13: 202, 14: 1, 21: 1, 22: 1, 30: 1, 31: 1, 45: 3, 46: 1, 49: 1, 59: 1, 63: 145, 65: 1, 70: 1, 71: 7, 79: 1, 81: 368, 84: 1, 90: 1, 91: 2, 96: 3, 100: 267}, 99: {1: 1, 2: 5, 3: 1, 6: 1, 8: 1, 9: 1, 10: 1, 11: 1, 12: 2, 13: 1, 15: 1, 17: 1, 18: 38, 19: 1, 20: 1, 24: 1, 25: 1, 26: 1, 28: 1, 32: 1, 34: 1, 35: 1, 36: 1, 37: 1, 38: 1, 39: 1, 40: 1, 41: 1, 42: 1, 43: 1, 44: 1, 48: 1, 50: 1, 51: 106, 52: 1, 53: 1, 54: 1, 55: 1, 58: 1, 60: 1, 61: 1, 62: 1, 63: 1, 64: 1, 66: 1, 69: 1, 73: 1, 76: 1, 81: 1, 86: 1, 87: 1, 88: 1, 89: 1, 91: 1, 92: 1, 95: 1, 96: 1, 98: 1, 99: 1, 103: 1, 104: 1, 105: 1, 106: 1, 107: 161, 110: 1, 111: 1, 112: 1, 116: 1, 120: 1, 122: 1, 124: 1, 126: 1, 127: 1, 131: 1, 133: 1, 134: 1, 135: 1, 136: 1, 139: 1, 140: 1, 141: 1, 142: 1, 144: 1, 145: 1, 146: 1, 147: 1, 149: 1, 150: 1, 153: 1, 155: 1, 157: 1, 158: 1, 161: 23, 162: 1, 164: 1, 167: 1, 168: 1, 169: 1, 170: 1, 172: 1, 173: 1, 174: 1, 175: 1, 176: 1, 177: 1, 182: 1, 183: 1, 189: 1, 192: 1, 193: 1, 195: 1, 198: 1, 199: 1}}
05-07 16:43 INFO     in comm round:0
05-07 16:43 INFO     Training network 0 n_training: 1042
05-07 16:43 INFO     Training network 0
05-07 16:43 INFO     n_training: 17
05-07 16:43 INFO     Client: 0 Epoch: 0 Loss: 5.088503893683939
05-07 16:43 INFO     Client: 0 Epoch: 1 Loss: 3.9634015560150146
05-07 16:43 INFO     Client: 0 Epoch: 2 Loss: 2.795728234683766
05-07 16:43 INFO     Client: 0 Epoch: 3 Loss: 2.165104767855476
05-07 16:43 INFO     Client: 0 Epoch: 4 Loss: 1.8109341789694393
05-07 16:43 INFO      ** Client: 0 Training complete **
05-07 16:43 INFO     Training network 1 n_training: 1440
05-07 16:43 INFO     Training network 1
05-07 16:43 INFO     n_training: 23
05-07 16:43 INFO     Client: 1 Epoch: 0 Loss: 4.889784149501635
05-07 16:43 INFO     Client: 1 Epoch: 1 Loss: 2.986797115077143
05-07 16:43 INFO     Client: 1 Epoch: 2 Loss: 2.0452969437060147
05-07 16:43 INFO     Client: 1 Epoch: 3 Loss: 1.5468863456145576
05-07 16:43 INFO     Client: 1 Epoch: 4 Loss: 1.2907724043597346
05-07 16:43 INFO      ** Client: 1 Training complete **
05-07 16:43 INFO     Training network 2 n_training: 1275
05-07 16:43 INFO     Training network 2
05-07 16:43 INFO     n_training: 20
05-07 16:43 INFO     Client: 2 Epoch: 0 Loss: 5.294839191436767
05-07 16:43 INFO     Client: 2 Epoch: 1 Loss: 3.6631401419639587
05-07 16:43 INFO     Client: 2 Epoch: 2 Loss: 2.371853905916214
05-07 16:43 INFO     Client: 2 Epoch: 3 Loss: 1.837430363893509
05-07 16:43 INFO     Client: 2 Epoch: 4 Loss: 1.476233446598053
05-07 16:43 INFO      ** Client: 2 Training complete **
05-07 16:43 INFO     Training network 3 n_training: 776
05-07 16:43 INFO     Training network 3
05-07 16:43 INFO     n_training: 13
05-07 16:43 INFO     Client: 3 Epoch: 0 Loss: 5.866533866295447
05-07 16:43 INFO     Client: 3 Epoch: 1 Loss: 5.344692523662861
05-07 16:43 INFO     Client: 3 Epoch: 2 Loss: 4.908717302175669
05-07 16:43 INFO     Client: 3 Epoch: 3 Loss: 4.264278008387639
05-07 16:43 INFO     Client: 3 Epoch: 4 Loss: 3.846360500042255
05-07 16:43 INFO      ** Client: 3 Training complete **
05-07 16:43 INFO     Training network 4 n_training: 1068
05-07 16:43 INFO     Training network 4
05-07 16:43 INFO     n_training: 17
05-07 16:43 INFO     Client: 4 Epoch: 0 Loss: 5.2395423720864684
05-07 16:43 INFO     Client: 4 Epoch: 1 Loss: 3.412269157521865
05-07 16:43 INFO     Client: 4 Epoch: 2 Loss: 1.8255523302975822
05-07 16:43 INFO     Client: 4 Epoch: 3 Loss: 1.3206860563334297
05-07 16:43 INFO     Client: 4 Epoch: 4 Loss: 1.0488429490257711
05-07 16:43 INFO      ** Client: 4 Training complete **
05-07 16:43 INFO     Training network 5 n_training: 1020
05-07 16:43 INFO     Training network 5
05-07 16:43 INFO     n_training: 16
05-07 16:44 INFO     Client: 5 Epoch: 0 Loss: 5.355038523674011
05-07 16:44 INFO     Client: 5 Epoch: 1 Loss: 3.1700768172740936
05-07 16:44 INFO     Client: 5 Epoch: 2 Loss: 1.7340920269489288
05-07 16:44 INFO     Client: 5 Epoch: 3 Loss: 1.2876192443072796
05-07 16:44 INFO     Client: 5 Epoch: 4 Loss: 1.0218522809445858
05-07 16:44 INFO      ** Client: 5 Training complete **
05-07 16:44 INFO     Training network 6 n_training: 656
05-07 16:44 INFO     Training network 6
05-07 16:44 INFO     n_training: 11
05-07 16:44 INFO     Client: 6 Epoch: 0 Loss: 5.274131774902344
05-07 16:44 INFO     Client: 6 Epoch: 1 Loss: 3.954314015128396
05-07 16:44 INFO     Client: 6 Epoch: 2 Loss: 2.689780517057939
05-07 16:44 INFO     Client: 6 Epoch: 3 Loss: 2.094193447719921
05-07 16:44 INFO     Client: 6 Epoch: 4 Loss: 1.6121852831407026
05-07 16:44 INFO      ** Client: 6 Training complete **
05-07 16:44 INFO     Training network 7 n_training: 1006
05-07 16:44 INFO     Training network 7
05-07 16:44 INFO     n_training: 16
05-07 16:44 INFO     Client: 7 Epoch: 0 Loss: 4.798894762992859
05-07 16:44 INFO     Client: 7 Epoch: 1 Loss: 3.6653054505586624
05-07 16:44 INFO     Client: 7 Epoch: 2 Loss: 2.550828270614147
05-07 16:44 INFO     Client: 7 Epoch: 3 Loss: 1.8446893393993378
05-07 16:44 INFO     Client: 7 Epoch: 4 Loss: 1.5210641473531723
05-07 16:44 INFO      ** Client: 7 Training complete **
05-07 16:44 INFO     Training network 8 n_training: 1189
05-07 16:44 INFO     Training network 8
05-07 16:44 INFO     n_training: 19
05-07 16:44 INFO     Client: 8 Epoch: 0 Loss: 5.609766382920115
05-07 16:44 INFO     Client: 8 Epoch: 1 Loss: 4.505691816932277
05-07 16:44 INFO     Client: 8 Epoch: 2 Loss: 3.364714271143863
05-07 16:44 INFO     Client: 8 Epoch: 3 Loss: 2.655585715645238
05-07 16:44 INFO     Client: 8 Epoch: 4 Loss: 2.186415590737995
05-07 16:44 INFO      ** Client: 8 Training complete **
05-07 16:44 INFO     Training network 9 n_training: 1193
05-07 16:44 INFO     Training network 9
05-07 16:44 INFO     n_training: 19
05-07 16:44 INFO     Client: 9 Epoch: 0 Loss: 5.698867145337556
05-07 16:44 INFO     Client: 9 Epoch: 1 Loss: 4.654205999876323
05-07 16:44 INFO     Client: 9 Epoch: 2 Loss: 3.349789908057765
05-07 16:44 INFO     Client: 9 Epoch: 3 Loss: 2.2477196517743563
05-07 16:44 INFO     Client: 9 Epoch: 4 Loss: 1.6640879856912714
05-07 16:44 INFO      ** Client: 9 Training complete **
05-07 16:44 INFO     Training network 10 n_training: 1099
05-07 16:44 INFO     Training network 10
05-07 16:44 INFO     n_training: 18
05-07 16:44 INFO     Client: 10 Epoch: 0 Loss: 5.757520808113946
05-07 16:44 INFO     Client: 10 Epoch: 1 Loss: 4.4851713048087225
05-07 16:44 INFO     Client: 10 Epoch: 2 Loss: 2.9024661448266773
05-07 16:44 INFO     Client: 10 Epoch: 3 Loss: 1.8582146896256342
05-07 16:44 INFO     Client: 10 Epoch: 4 Loss: 1.424564689397812
05-07 16:44 INFO      ** Client: 10 Training complete **
05-07 16:44 INFO     Training network 11 n_training: 1012
05-07 16:44 INFO     Training network 11
05-07 16:44 INFO     n_training: 16
05-07 16:44 INFO     Client: 11 Epoch: 0 Loss: 5.908746659755707
05-07 16:44 INFO     Client: 11 Epoch: 1 Loss: 4.81170317530632
05-07 16:44 INFO     Client: 11 Epoch: 2 Loss: 3.688277557492256
05-07 16:44 INFO     Client: 11 Epoch: 3 Loss: 2.7317516803741455
05-07 16:44 INFO     Client: 11 Epoch: 4 Loss: 2.219135634601116
05-07 16:44 INFO      ** Client: 11 Training complete **
05-07 16:44 INFO     Training network 12 n_training: 1018
05-07 16:44 INFO     Training network 12
05-07 16:44 INFO     n_training: 16
05-07 16:44 INFO     Client: 12 Epoch: 0 Loss: 5.734001040458679
05-07 16:44 INFO     Client: 12 Epoch: 1 Loss: 4.678254544734955
05-07 16:44 INFO     Client: 12 Epoch: 2 Loss: 3.2883937060832977
05-07 16:44 INFO     Client: 12 Epoch: 3 Loss: 2.316994681954384
05-07 16:44 INFO     Client: 12 Epoch: 4 Loss: 1.7847113385796547
05-07 16:44 INFO      ** Client: 12 Training complete **
05-07 16:44 INFO     Training network 13 n_training: 1000
05-07 16:44 INFO     Training network 13
05-07 16:44 INFO     n_training: 16
05-07 16:44 INFO     Client: 13 Epoch: 0 Loss: 5.683727502822876
05-07 16:44 INFO     Client: 13 Epoch: 1 Loss: 4.820210337638855
05-07 16:44 INFO     Client: 13 Epoch: 2 Loss: 3.462240844964981
05-07 16:44 INFO     Client: 13 Epoch: 3 Loss: 2.281567521393299
05-07 16:44 INFO     Client: 13 Epoch: 4 Loss: 1.6960363239049911
05-07 16:44 INFO      ** Client: 13 Training complete **
05-07 16:44 INFO     Training network 14 n_training: 1092
05-07 16:44 INFO     Training network 14
05-07 16:44 INFO     n_training: 18
05-07 16:44 INFO     Client: 14 Epoch: 0 Loss: 5.842290269003974
05-07 16:44 INFO     Client: 14 Epoch: 1 Loss: 4.252636432647705
05-07 16:44 INFO     Client: 14 Epoch: 2 Loss: 2.6967367397414312
05-07 16:44 INFO     Client: 14 Epoch: 3 Loss: 1.7344626833995183
05-07 16:44 INFO     Client: 14 Epoch: 4 Loss: 1.5703854031032987
05-07 16:44 INFO      ** Client: 14 Training complete **
05-07 16:44 INFO     Training network 15 n_training: 1364
05-07 16:44 INFO     Training network 15
05-07 16:44 INFO     n_training: 22
05-07 16:44 INFO     Client: 15 Epoch: 0 Loss: 5.56046876040372
05-07 16:44 INFO     Client: 15 Epoch: 1 Loss: 4.162495949051597
05-07 16:44 INFO     Client: 15 Epoch: 2 Loss: 2.755024097182534
05-07 16:44 INFO     Client: 15 Epoch: 3 Loss: 1.9778887033462524
05-07 16:44 INFO     Client: 15 Epoch: 4 Loss: 1.522086425261064
05-07 16:44 INFO      ** Client: 15 Training complete **
05-07 16:44 INFO     Training network 16 n_training: 1087
05-07 16:44 INFO     Training network 16
05-07 16:44 INFO     n_training: 17
05-07 16:44 INFO     Client: 16 Epoch: 0 Loss: 5.723612308502197
05-07 16:44 INFO     Client: 16 Epoch: 1 Loss: 4.7742899445926446
05-07 16:44 INFO     Client: 16 Epoch: 2 Loss: 3.628978827420403
05-07 16:44 INFO     Client: 16 Epoch: 3 Loss: 2.6689337491989136
05-07 16:44 INFO     Client: 16 Epoch: 4 Loss: 2.1023266736198876
05-07 16:44 INFO      ** Client: 16 Training complete **
05-07 16:44 INFO     Training network 17 n_training: 793
05-07 16:44 INFO     Training network 17
05-07 16:44 INFO     n_training: 13
05-07 16:44 INFO     Client: 17 Epoch: 0 Loss: 5.254431981306809
05-07 16:44 INFO     Client: 17 Epoch: 1 Loss: 4.246832682536199
05-07 16:44 INFO     Client: 17 Epoch: 2 Loss: 3.4332865384908824
05-07 16:44 INFO     Client: 17 Epoch: 3 Loss: 3.0280823707580566
05-07 16:44 INFO     Client: 17 Epoch: 4 Loss: 2.8565722428835354
05-07 16:44 INFO      ** Client: 17 Training complete **
05-07 16:44 INFO     Training network 18 n_training: 1261
05-07 16:44 INFO     Training network 18
05-07 16:44 INFO     n_training: 20
05-07 16:45 INFO     Client: 18 Epoch: 0 Loss: 5.248526573181152
05-07 16:45 INFO     Client: 18 Epoch: 1 Loss: 3.752886950969696
05-07 16:45 INFO     Client: 18 Epoch: 2 Loss: 2.27697936296463
05-07 16:45 INFO     Client: 18 Epoch: 3 Loss: 1.581582510471344
05-07 16:45 INFO     Client: 18 Epoch: 4 Loss: 1.337445893883705
05-07 16:45 INFO      ** Client: 18 Training complete **
05-07 16:45 INFO     Training network 19 n_training: 1025
05-07 16:45 INFO     Training network 19
05-07 16:45 INFO     n_training: 17
