05-16 17:05 INFO     cuda
05-16 17:05 INFO     Command Line Arguments: 
{
    "epochs": 5,
    "comm_round": 300,
    "sample_fraction": 1.0,
    "alpha": 0.01,
    "dataset": "tinyimagenet",
    "datadir": "../data/",
    "partition": "iid",
    "alg": "centralized",
    "model": "resnet-50",
    "split_layer": 1,
    "n_parties": 1,
    "lr": 0.01,
    "mu": 1,
    "std_coeff": 2.5,
    "unif_coeff": 0.5,
    "batch_size": 128,
    "load_first_net": 1,
    "pool_option": "FIFO",
    "model_buffer_size": 1,
    "optimizer": "adam",
    "simp_width": 1,
    "out_dim": 256,
    "reg": 0.0005,
    "temperature": 0.5,
    "logdir": "./",
    "log_file_name": "logs/experiment_log-alg=centralized_partition=iid_lr=0.01_epochs=5_num_users=1_beta=0.01_batch_size=128_opt=adam_dataset=tinyimagenet_2024-05-16-1705-16",
    "seed": 1,
    "device": "cuda:5",
    "accuracies_file": "logs/centralized.csv",
    "dont_skip": false,
    "n_train_workers": 1,
    "n_test_workers": 1,
    "arch": "mobilenet_v3_large",
    "multiprocessing": 0
}
05-16 17:05 INFO     Data statistics: {0: {0: 500, 1: 500, 2: 500, 3: 500, 4: 500, 5: 500, 6: 500, 7: 500, 8: 500, 9: 500, 10: 500, 11: 500, 12: 500, 13: 500, 14: 500, 15: 500, 16: 500, 17: 500, 18: 500, 19: 500, 20: 500, 21: 500, 22: 500, 23: 500, 24: 500, 25: 500, 26: 500, 27: 500, 28: 500, 29: 500, 30: 500, 31: 500, 32: 500, 33: 500, 34: 500, 35: 500, 36: 500, 37: 500, 38: 500, 39: 500, 40: 500, 41: 500, 42: 500, 43: 500, 44: 500, 45: 500, 46: 500, 47: 500, 48: 500, 49: 500, 50: 500, 51: 500, 52: 500, 53: 500, 54: 500, 55: 500, 56: 500, 57: 500, 58: 500, 59: 500, 60: 500, 61: 500, 62: 500, 63: 500, 64: 500, 65: 500, 66: 500, 67: 500, 68: 500, 69: 500, 70: 500, 71: 500, 72: 500, 73: 500, 74: 500, 75: 500, 76: 500, 77: 500, 78: 500, 79: 500, 80: 500, 81: 500, 82: 500, 83: 500, 84: 500, 85: 500, 86: 500, 87: 500, 88: 500, 89: 500, 90: 500, 91: 500, 92: 500, 93: 500, 94: 500, 95: 500, 96: 500, 97: 500, 98: 500, 99: 500, 100: 500, 101: 500, 102: 500, 103: 500, 104: 500, 105: 500, 106: 500, 107: 500, 108: 500, 109: 500, 110: 500, 111: 500, 112: 500, 113: 500, 114: 500, 115: 500, 116: 500, 117: 500, 118: 500, 119: 500, 120: 500, 121: 500, 122: 500, 123: 500, 124: 500, 125: 500, 126: 500, 127: 500, 128: 500, 129: 500, 130: 500, 131: 500, 132: 500, 133: 500, 134: 500, 135: 500, 136: 500, 137: 500, 138: 500, 139: 500, 140: 500, 141: 500, 142: 500, 143: 500, 144: 500, 145: 500, 146: 500, 147: 500, 148: 500, 149: 500, 150: 500, 151: 500, 152: 500, 153: 500, 154: 500, 155: 500, 156: 500, 157: 500, 158: 500, 159: 500, 160: 500, 161: 500, 162: 500, 163: 500, 164: 500, 165: 500, 166: 500, 167: 500, 168: 500, 169: 500, 170: 500, 171: 500, 172: 500, 173: 500, 174: 500, 175: 500, 176: 500, 177: 500, 178: 500, 179: 500, 180: 500, 181: 500, 182: 500, 183: 500, 184: 500, 185: 500, 186: 500, 187: 500, 188: 500, 189: 500, 190: 500, 191: 500, 192: 500, 193: 500, 194: 500, 195: 500, 196: 500, 197: 500, 198: 500, 199: 500}}
05-16 17:11 INFO     in comm round:1 >> Global Model Test accuracy: 0.0234
05-16 17:18 INFO     in comm round:2 >> Global Model Test accuracy: 0.0332
05-16 17:24 INFO     in comm round:3 >> Global Model Test accuracy: 0.0403
05-16 17:30 INFO     in comm round:4 >> Global Model Test accuracy: 0.0339
05-16 17:37 INFO     in comm round:5 >> Global Model Test accuracy: 0.0717
05-16 17:43 INFO     in comm round:6 >> Global Model Test accuracy: 0.0475
05-16 17:50 INFO     in comm round:7 >> Global Model Test accuracy: 0.0639
05-16 17:53 INFO     in comm round:8 >> Global Model Test accuracy: 0.0933
05-16 17:55 INFO     in comm round:9 >> Global Model Test accuracy: 0.0339
05-16 17:57 INFO     in comm round:10 >> Global Model Test accuracy: 0.0360
05-16 18:00 INFO     in comm round:11 >> Global Model Test accuracy: 0.0635
05-16 18:02 INFO     in comm round:12 >> Global Model Test accuracy: 0.0695
05-16 18:05 INFO     in comm round:13 >> Global Model Test accuracy: 0.0803
05-16 18:07 INFO     in comm round:14 >> Global Model Test accuracy: 0.0672
05-16 18:09 INFO     in comm round:15 >> Global Model Test accuracy: 0.0587
05-16 18:12 INFO     in comm round:16 >> Global Model Test accuracy: 0.0649
05-16 18:14 INFO     in comm round:17 >> Global Model Test accuracy: 0.0269
05-16 18:17 INFO     in comm round:18 >> Global Model Test accuracy: 0.0638
05-16 18:19 INFO     in comm round:19 >> Global Model Test accuracy: 0.0674
05-16 18:21 INFO     in comm round:20 >> Global Model Test accuracy: 0.0822
05-16 18:24 INFO     in comm round:21 >> Global Model Test accuracy: 0.0883
05-16 18:26 INFO     in comm round:22 >> Global Model Test accuracy: 0.0609
05-16 18:29 INFO     in comm round:23 >> Global Model Test accuracy: 0.0790
05-16 18:31 INFO     in comm round:24 >> Global Model Test accuracy: 0.0655
05-16 18:33 INFO     in comm round:25 >> Global Model Test accuracy: 0.0642
05-16 18:36 INFO     in comm round:26 >> Global Model Test accuracy: 0.0689
05-16 18:38 INFO     in comm round:27 >> Global Model Test accuracy: 0.0937
05-16 18:41 INFO     in comm round:28 >> Global Model Test accuracy: 0.0919
05-16 18:43 INFO     in comm round:29 >> Global Model Test accuracy: 0.0717
05-16 18:45 INFO     in comm round:30 >> Global Model Test accuracy: 0.0534
05-16 18:48 INFO     in comm round:31 >> Global Model Test accuracy: 0.0446
05-16 18:50 INFO     in comm round:32 >> Global Model Test accuracy: 0.0344
05-16 18:53 INFO     in comm round:33 >> Global Model Test accuracy: 0.0692
05-16 18:55 INFO     in comm round:34 >> Global Model Test accuracy: 0.0943
05-16 18:57 INFO     in comm round:35 >> Global Model Test accuracy: 0.1020
05-16 19:00 INFO     in comm round:36 >> Global Model Test accuracy: 0.0606
05-16 19:02 INFO     in comm round:37 >> Global Model Test accuracy: 0.1116
05-16 19:09 INFO     in comm round:38 >> Global Model Test accuracy: 0.1065
05-16 19:15 INFO     in comm round:39 >> Global Model Test accuracy: 0.0444
05-16 19:22 INFO     in comm round:40 >> Global Model Test accuracy: 0.0837
05-16 19:29 INFO     in comm round:41 >> Global Model Test accuracy: 0.0504
05-16 19:36 INFO     in comm round:42 >> Global Model Test accuracy: 0.0579
05-16 19:43 INFO     in comm round:43 >> Global Model Test accuracy: 0.0499
05-16 19:50 INFO     in comm round:44 >> Global Model Test accuracy: 0.0958
05-16 19:56 INFO     in comm round:45 >> Global Model Test accuracy: 0.0303
05-16 20:03 INFO     in comm round:46 >> Global Model Test accuracy: 0.0680
05-16 20:09 INFO     in comm round:47 >> Global Model Test accuracy: 0.0742
05-16 20:15 INFO     in comm round:48 >> Global Model Test accuracy: 0.0924
05-16 20:22 INFO     in comm round:49 >> Global Model Test accuracy: 0.0665
05-16 20:29 INFO     in comm round:50 >> Global Model Test accuracy: 0.0573
05-16 20:35 INFO     in comm round:51 >> Global Model Test accuracy: 0.0965
05-16 20:42 INFO     in comm round:52 >> Global Model Test accuracy: 0.0453
05-16 20:49 INFO     in comm round:53 >> Global Model Test accuracy: 0.0888
05-16 20:56 INFO     in comm round:54 >> Global Model Test accuracy: 0.0407
05-16 21:03 INFO     in comm round:55 >> Global Model Test accuracy: 0.0988
05-16 21:10 INFO     in comm round:56 >> Global Model Test accuracy: 0.0353
05-16 21:15 INFO     in comm round:57 >> Global Model Test accuracy: 0.1097
05-16 21:22 INFO     in comm round:58 >> Global Model Test accuracy: 0.0820
05-16 21:28 INFO     in comm round:59 >> Global Model Test accuracy: 0.0697
05-16 21:35 INFO     in comm round:60 >> Global Model Test accuracy: 0.0656
05-16 21:42 INFO     in comm round:61 >> Global Model Test accuracy: 0.0664
05-16 21:49 INFO     in comm round:62 >> Global Model Test accuracy: 0.0837
05-16 21:56 INFO     in comm round:63 >> Global Model Test accuracy: 0.0419
05-16 22:02 INFO     in comm round:64 >> Global Model Test accuracy: 0.1149
05-16 22:09 INFO     in comm round:65 >> Global Model Test accuracy: 0.1139
05-16 22:16 INFO     in comm round:66 >> Global Model Test accuracy: 0.0623
05-16 22:21 INFO     in comm round:67 >> Global Model Test accuracy: 0.0997
05-16 22:25 INFO     in comm round:68 >> Global Model Test accuracy: 0.0771
05-16 22:30 INFO     in comm round:69 >> Global Model Test accuracy: 0.0594
05-16 22:33 INFO     in comm round:70 >> Global Model Test accuracy: 0.1145
05-16 22:36 INFO     in comm round:71 >> Global Model Test accuracy: 0.0554
05-16 22:38 INFO     in comm round:72 >> Global Model Test accuracy: 0.0756
05-16 22:41 INFO     in comm round:73 >> Global Model Test accuracy: 0.0958
05-16 22:43 INFO     in comm round:74 >> Global Model Test accuracy: 0.0883
05-16 22:45 INFO     in comm round:75 >> Global Model Test accuracy: 0.0651
05-16 22:48 INFO     in comm round:76 >> Global Model Test accuracy: 0.1187
05-16 22:50 INFO     in comm round:77 >> Global Model Test accuracy: 0.0639
05-16 22:53 INFO     in comm round:78 >> Global Model Test accuracy: 0.0620
05-16 22:55 INFO     in comm round:79 >> Global Model Test accuracy: 0.1003
05-16 22:57 INFO     in comm round:80 >> Global Model Test accuracy: 0.0603
05-16 23:00 INFO     in comm round:81 >> Global Model Test accuracy: 0.0752
05-16 23:02 INFO     in comm round:82 >> Global Model Test accuracy: 0.0645
05-16 23:05 INFO     in comm round:83 >> Global Model Test accuracy: 0.0589
05-16 23:07 INFO     in comm round:84 >> Global Model Test accuracy: 0.0580
05-16 23:09 INFO     in comm round:85 >> Global Model Test accuracy: 0.0560
05-16 23:12 INFO     in comm round:86 >> Global Model Test accuracy: 0.0957
05-16 23:14 INFO     in comm round:87 >> Global Model Test accuracy: 0.0827
05-16 23:17 INFO     in comm round:88 >> Global Model Test accuracy: 0.0572
05-16 23:19 INFO     in comm round:89 >> Global Model Test accuracy: 0.0645
05-16 23:22 INFO     in comm round:90 >> Global Model Test accuracy: 0.0770
05-16 23:24 INFO     in comm round:91 >> Global Model Test accuracy: 0.0744
05-16 23:26 INFO     in comm round:92 >> Global Model Test accuracy: 0.0484
05-16 23:29 INFO     in comm round:93 >> Global Model Test accuracy: 0.0625
05-16 23:31 INFO     in comm round:94 >> Global Model Test accuracy: 0.1052
05-16 23:34 INFO     in comm round:95 >> Global Model Test accuracy: 0.1045
05-16 23:36 INFO     in comm round:96 >> Global Model Test accuracy: 0.0811
05-16 23:38 INFO     in comm round:97 >> Global Model Test accuracy: 0.0860
05-16 23:41 INFO     in comm round:98 >> Global Model Test accuracy: 0.0948
05-16 23:43 INFO     in comm round:99 >> Global Model Test accuracy: 0.0495
05-16 23:46 INFO     in comm round:100 >> Global Model Test accuracy: 0.0500
05-16 23:48 INFO     in comm round:101 >> Global Model Test accuracy: 0.0781
05-16 23:50 INFO     in comm round:102 >> Global Model Test accuracy: 0.0850
05-16 23:53 INFO     in comm round:103 >> Global Model Test accuracy: 0.0436
05-16 23:55 INFO     in comm round:104 >> Global Model Test accuracy: 0.1133
05-16 23:58 INFO     in comm round:105 >> Global Model Test accuracy: 0.0696
05-17 00:00 INFO     in comm round:106 >> Global Model Test accuracy: 0.0656
05-17 00:02 INFO     in comm round:107 >> Global Model Test accuracy: 0.1116
05-17 00:05 INFO     in comm round:108 >> Global Model Test accuracy: 0.0496
05-17 00:07 INFO     in comm round:109 >> Global Model Test accuracy: 0.1199
05-17 00:10 INFO     in comm round:110 >> Global Model Test accuracy: 0.0940
05-17 00:12 INFO     in comm round:111 >> Global Model Test accuracy: 0.0739
05-17 00:14 INFO     in comm round:112 >> Global Model Test accuracy: 0.0149
05-17 00:17 INFO     in comm round:113 >> Global Model Test accuracy: 0.0681
05-17 00:19 INFO     in comm round:114 >> Global Model Test accuracy: 0.0561
05-17 00:22 INFO     in comm round:115 >> Global Model Test accuracy: 0.0880
05-17 00:24 INFO     in comm round:116 >> Global Model Test accuracy: 0.0593
05-17 00:26 INFO     in comm round:117 >> Global Model Test accuracy: 0.1078
05-17 00:29 INFO     in comm round:118 >> Global Model Test accuracy: 0.0833
05-17 00:31 INFO     in comm round:119 >> Global Model Test accuracy: 0.0681
05-17 00:34 INFO     in comm round:120 >> Global Model Test accuracy: 0.1221
05-17 00:36 INFO     in comm round:121 >> Global Model Test accuracy: 0.0807
05-17 00:38 INFO     in comm round:122 >> Global Model Test accuracy: 0.0854
05-17 00:41 INFO     in comm round:123 >> Global Model Test accuracy: 0.0680
05-17 00:43 INFO     in comm round:124 >> Global Model Test accuracy: 0.0733
05-17 00:46 INFO     in comm round:125 >> Global Model Test accuracy: 0.0306
05-17 00:48 INFO     in comm round:126 >> Global Model Test accuracy: 0.0731
05-17 00:50 INFO     in comm round:127 >> Global Model Test accuracy: 0.0584
05-17 00:53 INFO     in comm round:128 >> Global Model Test accuracy: 0.0843
05-17 00:55 INFO     in comm round:129 >> Global Model Test accuracy: 0.0840
05-17 00:58 INFO     in comm round:130 >> Global Model Test accuracy: 0.0873
05-17 01:00 INFO     in comm round:131 >> Global Model Test accuracy: 0.0490
05-17 01:02 INFO     in comm round:132 >> Global Model Test accuracy: 0.0706
05-17 01:05 INFO     in comm round:133 >> Global Model Test accuracy: 0.0676
05-17 01:07 INFO     in comm round:134 >> Global Model Test accuracy: 0.0386
05-17 01:10 INFO     in comm round:135 >> Global Model Test accuracy: 0.0627
05-17 01:12 INFO     in comm round:136 >> Global Model Test accuracy: 0.0710
05-17 01:14 INFO     in comm round:137 >> Global Model Test accuracy: 0.0781
05-17 01:17 INFO     in comm round:138 >> Global Model Test accuracy: 0.0988
05-17 01:19 INFO     in comm round:139 >> Global Model Test accuracy: 0.0795
05-17 01:22 INFO     in comm round:140 >> Global Model Test accuracy: 0.0697
05-17 01:24 INFO     in comm round:141 >> Global Model Test accuracy: 0.0696
05-17 01:26 INFO     in comm round:142 >> Global Model Test accuracy: 0.0330
05-17 01:29 INFO     in comm round:143 >> Global Model Test accuracy: 0.0594
05-17 01:31 INFO     in comm round:144 >> Global Model Test accuracy: 0.0831
05-17 01:34 INFO     in comm round:145 >> Global Model Test accuracy: 0.0561
05-17 01:36 INFO     in comm round:146 >> Global Model Test accuracy: 0.1198
05-17 01:38 INFO     in comm round:147 >> Global Model Test accuracy: 0.0988
05-17 01:41 INFO     in comm round:148 >> Global Model Test accuracy: 0.0317
05-17 01:43 INFO     in comm round:149 >> Global Model Test accuracy: 0.0852
05-17 01:45 INFO     in comm round:150 >> Global Model Test accuracy: 0.0752
05-17 01:48 INFO     in comm round:151 >> Global Model Test accuracy: 0.0644
05-17 01:50 INFO     in comm round:152 >> Global Model Test accuracy: 0.0143
05-17 01:53 INFO     in comm round:153 >> Global Model Test accuracy: 0.0766
05-17 01:55 INFO     in comm round:154 >> Global Model Test accuracy: 0.1055
05-17 01:58 INFO     in comm round:155 >> Global Model Test accuracy: 0.0491
05-17 02:00 INFO     in comm round:156 >> Global Model Test accuracy: 0.1086
05-17 02:02 INFO     in comm round:157 >> Global Model Test accuracy: 0.0833
05-17 02:05 INFO     in comm round:158 >> Global Model Test accuracy: 0.0248
05-17 02:07 INFO     in comm round:159 >> Global Model Test accuracy: 0.0394
05-17 02:10 INFO     in comm round:160 >> Global Model Test accuracy: 0.0626
05-17 02:12 INFO     in comm round:161 >> Global Model Test accuracy: 0.0772
05-17 02:14 INFO     in comm round:162 >> Global Model Test accuracy: 0.0534
05-17 02:17 INFO     in comm round:163 >> Global Model Test accuracy: 0.0909
05-17 02:19 INFO     in comm round:164 >> Global Model Test accuracy: 0.0750
05-17 02:22 INFO     in comm round:165 >> Global Model Test accuracy: 0.0847
05-17 02:24 INFO     in comm round:166 >> Global Model Test accuracy: 0.0688
05-17 02:26 INFO     in comm round:167 >> Global Model Test accuracy: 0.1034
05-17 02:29 INFO     in comm round:168 >> Global Model Test accuracy: 0.0362
05-17 02:31 INFO     in comm round:169 >> Global Model Test accuracy: 0.0931
05-17 02:34 INFO     in comm round:170 >> Global Model Test accuracy: 0.0452
05-17 02:36 INFO     in comm round:171 >> Global Model Test accuracy: 0.0569
05-17 02:38 INFO     in comm round:172 >> Global Model Test accuracy: 0.0951
05-17 02:41 INFO     in comm round:173 >> Global Model Test accuracy: 0.0710
05-17 02:43 INFO     in comm round:174 >> Global Model Test accuracy: 0.0839
05-17 02:45 INFO     in comm round:175 >> Global Model Test accuracy: 0.1333
05-17 02:48 INFO     in comm round:176 >> Global Model Test accuracy: 0.0221
05-17 02:50 INFO     in comm round:177 >> Global Model Test accuracy: 0.0756
05-17 02:53 INFO     in comm round:178 >> Global Model Test accuracy: 0.0336
05-17 02:55 INFO     in comm round:179 >> Global Model Test accuracy: 0.1072
05-17 02:57 INFO     in comm round:180 >> Global Model Test accuracy: 0.0698
05-17 03:00 INFO     in comm round:181 >> Global Model Test accuracy: 0.1127
05-17 03:02 INFO     in comm round:182 >> Global Model Test accuracy: 0.1305
05-17 03:05 INFO     in comm round:183 >> Global Model Test accuracy: 0.0307
05-17 03:07 INFO     in comm round:184 >> Global Model Test accuracy: 0.0428
05-17 03:09 INFO     in comm round:185 >> Global Model Test accuracy: 0.0790
05-17 03:12 INFO     in comm round:186 >> Global Model Test accuracy: 0.0777
05-17 03:14 INFO     in comm round:187 >> Global Model Test accuracy: 0.0785
05-17 03:17 INFO     in comm round:188 >> Global Model Test accuracy: 0.0231
05-17 03:19 INFO     in comm round:189 >> Global Model Test accuracy: 0.0273
05-17 03:21 INFO     in comm round:190 >> Global Model Test accuracy: 0.0804
05-17 03:24 INFO     in comm round:191 >> Global Model Test accuracy: 0.0493
05-17 03:26 INFO     in comm round:192 >> Global Model Test accuracy: 0.0249
05-17 03:29 INFO     in comm round:193 >> Global Model Test accuracy: 0.1171
05-17 03:31 INFO     in comm round:194 >> Global Model Test accuracy: 0.0589
05-17 03:33 INFO     in comm round:195 >> Global Model Test accuracy: 0.0641
05-17 03:36 INFO     in comm round:196 >> Global Model Test accuracy: 0.0374
05-17 03:38 INFO     in comm round:197 >> Global Model Test accuracy: 0.0799
05-17 03:41 INFO     in comm round:198 >> Global Model Test accuracy: 0.0693
05-17 03:43 INFO     in comm round:199 >> Global Model Test accuracy: 0.0699
05-17 03:45 INFO     in comm round:200 >> Global Model Test accuracy: 0.0803
05-17 03:48 INFO     in comm round:201 >> Global Model Test accuracy: 0.0969
05-17 03:50 INFO     in comm round:202 >> Global Model Test accuracy: 0.0376
05-17 03:53 INFO     in comm round:203 >> Global Model Test accuracy: 0.1011
05-17 03:55 INFO     in comm round:204 >> Global Model Test accuracy: 0.1053
05-17 03:57 INFO     in comm round:205 >> Global Model Test accuracy: 0.0728
05-17 04:00 INFO     in comm round:206 >> Global Model Test accuracy: 0.0851
05-17 04:02 INFO     in comm round:207 >> Global Model Test accuracy: 0.0625
05-17 04:05 INFO     in comm round:208 >> Global Model Test accuracy: 0.1217
05-17 04:07 INFO     in comm round:209 >> Global Model Test accuracy: 0.0737
05-17 04:09 INFO     in comm round:210 >> Global Model Test accuracy: 0.1108
05-17 04:12 INFO     in comm round:211 >> Global Model Test accuracy: 0.0791
05-17 04:14 INFO     in comm round:212 >> Global Model Test accuracy: 0.0773
05-17 04:17 INFO     in comm round:213 >> Global Model Test accuracy: 0.1295
05-17 04:19 INFO     in comm round:214 >> Global Model Test accuracy: 0.0623
05-17 04:21 INFO     in comm round:215 >> Global Model Test accuracy: 0.0908
05-17 04:24 INFO     in comm round:216 >> Global Model Test accuracy: 0.1043
05-17 04:26 INFO     in comm round:217 >> Global Model Test accuracy: 0.1068
05-17 04:28 INFO     in comm round:218 >> Global Model Test accuracy: 0.0773
05-17 04:31 INFO     in comm round:219 >> Global Model Test accuracy: 0.0461
05-17 04:33 INFO     in comm round:220 >> Global Model Test accuracy: 0.0541
05-17 04:36 INFO     in comm round:221 >> Global Model Test accuracy: 0.0944
05-17 04:38 INFO     in comm round:222 >> Global Model Test accuracy: 0.1003
05-17 04:40 INFO     in comm round:223 >> Global Model Test accuracy: 0.0475
05-17 04:43 INFO     in comm round:224 >> Global Model Test accuracy: 0.0302
05-17 04:45 INFO     in comm round:225 >> Global Model Test accuracy: 0.0775
05-17 04:48 INFO     in comm round:226 >> Global Model Test accuracy: 0.0689
05-17 04:50 INFO     in comm round:227 >> Global Model Test accuracy: 0.1040
05-17 04:52 INFO     in comm round:228 >> Global Model Test accuracy: 0.0913
05-17 04:55 INFO     in comm round:229 >> Global Model Test accuracy: 0.0494
05-17 04:57 INFO     in comm round:230 >> Global Model Test accuracy: 0.1009
05-17 05:00 INFO     in comm round:231 >> Global Model Test accuracy: 0.0561
05-17 05:02 INFO     in comm round:232 >> Global Model Test accuracy: 0.0789
05-17 05:04 INFO     in comm round:233 >> Global Model Test accuracy: 0.0348
05-17 05:07 INFO     in comm round:234 >> Global Model Test accuracy: 0.0812
05-17 05:09 INFO     in comm round:235 >> Global Model Test accuracy: 0.1079
05-17 05:12 INFO     in comm round:236 >> Global Model Test accuracy: 0.0837
05-17 05:14 INFO     in comm round:237 >> Global Model Test accuracy: 0.0641
05-17 05:16 INFO     in comm round:238 >> Global Model Test accuracy: 0.1269
05-17 05:19 INFO     in comm round:239 >> Global Model Test accuracy: 0.0404
05-17 05:21 INFO     in comm round:240 >> Global Model Test accuracy: 0.0514
05-17 05:24 INFO     in comm round:241 >> Global Model Test accuracy: 0.0360
05-17 05:26 INFO     in comm round:242 >> Global Model Test accuracy: 0.0975
05-17 05:28 INFO     in comm round:243 >> Global Model Test accuracy: 0.0761
05-17 05:31 INFO     in comm round:244 >> Global Model Test accuracy: 0.1442
05-17 05:33 INFO     in comm round:245 >> Global Model Test accuracy: 0.0871
05-17 05:36 INFO     in comm round:246 >> Global Model Test accuracy: 0.0688
05-17 05:38 INFO     in comm round:247 >> Global Model Test accuracy: 0.0922
05-17 05:40 INFO     in comm round:248 >> Global Model Test accuracy: 0.0308
05-17 05:43 INFO     in comm round:249 >> Global Model Test accuracy: 0.0636
05-17 05:45 INFO     in comm round:250 >> Global Model Test accuracy: 0.0741
05-17 05:47 INFO     in comm round:251 >> Global Model Test accuracy: 0.0855
05-17 05:50 INFO     in comm round:252 >> Global Model Test accuracy: 0.1186
05-17 05:52 INFO     in comm round:253 >> Global Model Test accuracy: 0.1172
05-17 05:55 INFO     in comm round:254 >> Global Model Test accuracy: 0.0228
05-17 05:57 INFO     in comm round:255 >> Global Model Test accuracy: 0.0427
05-17 05:59 INFO     in comm round:256 >> Global Model Test accuracy: 0.1101
05-17 06:02 INFO     in comm round:257 >> Global Model Test accuracy: 0.0385
05-17 06:04 INFO     in comm round:258 >> Global Model Test accuracy: 0.1114
05-17 06:07 INFO     in comm round:259 >> Global Model Test accuracy: 0.0172
05-17 06:09 INFO     in comm round:260 >> Global Model Test accuracy: 0.0765
05-17 06:11 INFO     in comm round:261 >> Global Model Test accuracy: 0.1139
05-17 06:14 INFO     in comm round:262 >> Global Model Test accuracy: 0.0725
05-17 06:16 INFO     in comm round:263 >> Global Model Test accuracy: 0.0553
05-17 06:19 INFO     in comm round:264 >> Global Model Test accuracy: 0.0994
05-17 06:21 INFO     in comm round:265 >> Global Model Test accuracy: 0.0582
05-17 06:23 INFO     in comm round:266 >> Global Model Test accuracy: 0.0736
05-17 06:26 INFO     in comm round:267 >> Global Model Test accuracy: 0.0478
05-17 06:28 INFO     in comm round:268 >> Global Model Test accuracy: 0.1104
05-17 06:31 INFO     in comm round:269 >> Global Model Test accuracy: 0.0898
05-17 06:33 INFO     in comm round:270 >> Global Model Test accuracy: 0.0784
05-17 06:35 INFO     in comm round:271 >> Global Model Test accuracy: 0.0842
05-17 06:38 INFO     in comm round:272 >> Global Model Test accuracy: 0.1251
05-17 06:40 INFO     in comm round:273 >> Global Model Test accuracy: 0.0494
05-17 06:43 INFO     in comm round:274 >> Global Model Test accuracy: 0.0043
05-17 06:45 INFO     in comm round:275 >> Global Model Test accuracy: 0.1123
05-17 06:47 INFO     in comm round:276 >> Global Model Test accuracy: 0.0942
05-17 06:50 INFO     in comm round:277 >> Global Model Test accuracy: 0.1126
05-17 06:52 INFO     in comm round:278 >> Global Model Test accuracy: 0.0771
05-17 06:55 INFO     in comm round:279 >> Global Model Test accuracy: 0.0828
05-17 06:57 INFO     in comm round:280 >> Global Model Test accuracy: 0.1203
05-17 06:59 INFO     in comm round:281 >> Global Model Test accuracy: 0.0840
05-17 07:02 INFO     in comm round:282 >> Global Model Test accuracy: 0.0220
05-17 07:04 INFO     in comm round:283 >> Global Model Test accuracy: 0.0558
05-17 07:07 INFO     in comm round:284 >> Global Model Test accuracy: 0.0730
05-17 07:09 INFO     in comm round:285 >> Global Model Test accuracy: 0.0811
05-17 07:11 INFO     in comm round:286 >> Global Model Test accuracy: 0.0760
05-17 07:14 INFO     in comm round:287 >> Global Model Test accuracy: 0.1000
05-17 07:16 INFO     in comm round:288 >> Global Model Test accuracy: 0.1237
05-17 07:19 INFO     in comm round:289 >> Global Model Test accuracy: 0.1264
05-17 07:21 INFO     in comm round:290 >> Global Model Test accuracy: 0.0751
05-17 07:23 INFO     in comm round:291 >> Global Model Test accuracy: 0.0782
05-17 07:26 INFO     in comm round:292 >> Global Model Test accuracy: 0.1282
05-17 07:28 INFO     in comm round:293 >> Global Model Test accuracy: 0.0473
05-17 07:31 INFO     in comm round:294 >> Global Model Test accuracy: 0.0861
05-17 07:33 INFO     in comm round:295 >> Global Model Test accuracy: 0.0389
05-17 07:35 INFO     in comm round:296 >> Global Model Test accuracy: 0.0976
05-17 07:38 INFO     in comm round:297 >> Global Model Test accuracy: 0.0641
05-17 07:40 INFO     in comm round:298 >> Global Model Test accuracy: 0.0575
05-17 07:42 INFO     in comm round:299 >> Global Model Test accuracy: 0.0960
05-17 07:45 INFO     in comm round:300 >> Global Model Test accuracy: 0.0383
05-17 07:45 INFO     Starting Fine Tuning...
