04-11 17:19 INFO     cuda
04-11 17:19 INFO     Command Line Arguments: 
{
    "epochs": 5,
    "comm_round": 70,
    "sample_fraction": 1.0,
    "alpha": 0.1,
    "dataset": "cifar10",
    "datadir": "../data/",
    "partition": "noniid-labeldir",
    "alg": "sflv1",
    "model": "resnet-18",
    "split_layer": 4,
    "n_parties": 100,
    "lr": 0.001,
    "mu": 1,
    "std_coeff": 2.5,
    "unif_coeff": 0.5,
    "batch_size": 64,
    "load_first_net": 1,
    "pool_option": "FIFO",
    "model_buffer_size": 1,
    "optimizer": "adam",
    "simp_width": 1,
    "out_dim": 256,
    "reg": 0.0005,
    "temperature": 0.5,
    "logdir": "./",
    "log_file_name": "logs/experiment_log-alg=sflv1_partition=noniid-labeldir_lr=0.001_epochs=5_num_users=100_beta=0.1_batch_size=64_opt=adam_dataset=cifar10_2024-04-11-1719-48",
    "seed": 1,
    "device": "cuda:6",
    "accuracies_file": "logs/resnet_18_100_users.csv",
    "dont_skip": false,
    "multiprocessing": 0
}
04-11 17:19 INFO     Data statistics: {0: {9: 171}, 1: {0: 12, 1: 2, 5: 4, 7: 34}, 2: {0: 171, 1: 7, 4: 237, 5: 5, 6: 3, 7: 7, 9: 27}, 3: {3: 13, 4: 43}, 4: {0: 103, 1: 11, 2: 5, 3: 19, 6: 13, 9: 5}, 5: {4: 14, 8: 58, 9: 407}, 6: {1: 43, 4: 5, 5: 9, 6: 481}, 7: {4: 109, 7: 1}, 8: {0: 139, 1: 123, 8: 797}, 9: {2: 21, 4: 56, 5: 2, 6: 23, 7: 18}, 10: {1: 170, 2: 277, 6: 66}, 11: {2: 60, 4: 1, 5: 86, 6: 61, 7: 2, 8: 29, 9: 1}, 12: {5: 27, 8: 19, 9: 2}, 13: {3: 168, 4: 84, 6: 201}, 14: {0: 24, 2: 1, 3: 4, 5: 15, 6: 227, 7: 83}, 15: {1: 1, 4: 212}, 16: {0: 830}, 17: {0: 182, 2: 2, 4: 4, 7: 355}, 18: {1: 391, 3: 67, 4: 28, 5: 40}, 19: {0: 4, 2: 30, 3: 354, 4: 97, 5: 39}, 20: {2: 9, 3: 4, 7: 8, 8: 16}, 21: {3: 39, 4: 235, 6: 1, 7: 2}, 22: {1: 138, 5: 7, 7: 20, 8: 45, 9: 508}, 23: {1: 7, 2: 37, 5: 15, 6: 9, 9: 2}, 24: {0: 15, 2: 2, 3: 2, 7: 1065}, 25: {2: 3, 3: 51, 5: 82, 6: 5, 7: 12, 8: 331}, 26: {7: 14, 9: 58}, 27: {4: 3, 5: 23, 6: 1, 8: 5, 9: 237}, 28: {0: 225, 3: 1, 4: 36, 5: 159, 6: 1, 7: 10, 8: 519}, 29: {1: 845}, 30: {0: 1, 2: 56, 3: 191, 7: 6, 8: 2, 9: 1}, 31: {0: 3, 1: 154, 3: 1, 4: 41, 5: 1, 6: 11}, 32: {4: 1, 6: 191, 7: 57, 8: 8}, 33: {0: 305, 1: 46, 2: 1, 4: 7, 7: 128, 8: 59}, 34: {1: 14, 2: 127, 4: 276, 5: 13, 8: 933}, 35: {0: 240, 1: 2, 3: 3, 5: 17, 9: 1}, 36: {0: 28, 2: 1, 4: 136, 5: 6, 6: 1, 7: 3, 8: 804}, 37: {2: 36, 3: 27, 4: 33, 5: 34, 6: 4, 9: 5}, 38: {0: 18, 5: 221}, 39: {1: 428, 7: 855}, 40: {5: 119, 7: 71, 8: 147}, 41: {0: 502}, 42: {0: 32, 2: 3, 3: 38, 5: 6, 7: 68}, 43: {0: 27, 1: 3, 2: 9, 3: 23, 4: 27, 8: 1, 9: 282}, 44: {0: 2, 3: 43, 4: 180, 6: 76, 7: 165, 8: 202}, 45: {1: 3, 3: 8, 4: 84, 6: 26, 8: 1}, 46: {0: 1, 1: 137, 2: 10, 4: 22, 5: 145, 7: 215}, 47: {0: 689}, 48: {0: 7, 2: 1, 3: 11, 6: 70, 7: 2, 8: 187, 9: 31}, 49: {0: 71, 1: 262, 2: 1, 3: 361}, 50: {3: 16, 7: 2, 9: 100}, 51: {0: 252, 1: 27, 3: 40, 5: 63, 6: 26, 8: 9, 9: 345}, 52: {0: 8, 1: 297, 2: 773}, 53: {1: 19, 2: 40, 6: 71, 8: 132}, 54: {0: 1, 1: 1, 2: 41, 3: 56, 4: 214, 5: 8, 7: 2}, 55: {0: 1, 2: 1, 5: 2013}, 56: {2: 12, 3: 864}, 57: {0: 278, 1: 196, 2: 1, 3: 180}, 58: {0: 2, 1: 785}, 59: {2: 119, 6: 4, 8: 8}, 60: {0: 1, 4: 1, 5: 3, 7: 3, 8: 5, 9: 2}, 61: {1: 19, 2: 1, 6: 306, 7: 126, 8: 259}, 62: {4: 2, 5: 353, 8: 4}, 63: {2: 302, 3: 1, 4: 3, 5: 133, 6: 143}, 64: {5: 19, 6: 62, 7: 218}, 65: {0: 105, 1: 1, 7: 4, 8: 246}, 66: {0: 132, 1: 94, 2: 1, 4: 64, 5: 7, 7: 1, 8: 46, 9: 7}, 67: {0: 29, 2: 20, 4: 494}, 68: {1: 1, 2: 992}, 69: {1: 108, 4: 133, 5: 343}, 70: {2: 1, 4: 11, 6: 78}, 71: {1: 148, 4: 6, 5: 2, 8: 3}, 72: {2: 7, 7: 199}, 73: {1: 12, 3: 8, 4: 2, 5: 26, 8: 13, 9: 56}, 74: {2: 1, 3: 266, 7: 42}, 75: {3: 2, 4: 21, 6: 2418}, 76: {0: 75, 4: 203, 8: 7, 9: 2563}, 77: {2: 18, 5: 675}, 78: {0: 122, 1: 1, 4: 123, 8: 31}, 79: {0: 227, 1: 2, 3: 36, 4: 1, 5: 8}, 80: {1: 64, 2: 1, 3: 211, 5: 4, 6: 1, 7: 38}, 81: {3: 1152}, 82: {1: 1, 2: 84, 3: 1, 6: 4, 8: 1, 9: 20}, 83: {0: 2, 4: 1, 5: 85, 7: 279, 9: 5}, 84: {3: 17, 4: 21, 6: 233}, 85: {1: 58, 2: 132, 7: 21, 8: 27}, 86: {0: 1, 2: 137, 4: 291, 8: 8}, 87: {1: 2, 2: 2, 3: 1, 4: 2, 5: 4, 6: 25, 7: 24, 8: 3, 9: 30}, 88: {3: 59, 7: 75, 8: 2, 9: 74}, 89: {0: 45, 1: 15, 2: 336, 3: 6, 4: 54, 5: 10, 9: 57}, 90: {2: 800}, 91: {2: 452, 3: 3, 5: 2, 7: 742}, 92: {0: 26, 2: 6, 3: 366, 5: 2}, 93: {1: 256, 4: 171, 5: 68, 7: 21}, 94: {4: 1, 5: 4, 6: 118, 8: 2}, 95: {2: 12, 8: 20}, 96: {1: 97, 2: 15, 4: 1209}, 97: {6: 37, 8: 2, 9: 1}, 98: {1: 8, 5: 92, 6: 2, 7: 1, 8: 7}, 99: {0: 62, 1: 1, 2: 1, 3: 287, 4: 1, 5: 1, 6: 1, 7: 1, 8: 2, 9: 2}}
04-11 17:20 INFO     in comm round:0
04-11 17:20 INFO     Training network 0 n_training: 171
04-11 17:20 INFO     Training network 0
04-11 17:20 INFO     Client: 0 Epoch: 0 Loss: 1.7564547061920166
04-11 17:20 INFO     Client: 0 Epoch: 1 Loss: 0.05014601070433855
04-11 17:20 INFO     Client: 0 Epoch: 2 Loss: 0.006203014403581619
04-11 17:20 INFO     Client: 0 Epoch: 3 Loss: 0.0020017733331769705
04-11 17:20 INFO     Client: 0 Epoch: 4 Loss: 0.0008856029598973691
04-11 17:20 INFO      ** Client: 0 Training complete **
04-11 17:20 INFO     Training network 1 n_training: 52
04-11 17:20 INFO     Training network 1
04-11 17:20 INFO     Client 1 has no data. Skipping training.
04-11 17:20 INFO     Training network 2 n_training: 457
04-11 17:20 INFO     Training network 2
04-11 17:20 INFO     Client: 2 Epoch: 0 Loss: 1.661998186792646
04-11 17:20 INFO     Client: 2 Epoch: 1 Loss: 0.9850788201604571
04-11 17:20 INFO     Client: 2 Epoch: 2 Loss: 0.8370873332023621
04-11 17:20 INFO     Client: 2 Epoch: 3 Loss: 0.7761802162442889
04-11 17:20 INFO     Client: 2 Epoch: 4 Loss: 0.7526624117578778
04-11 17:20 INFO      ** Client: 2 Training complete **
04-11 17:20 INFO     Training network 3 n_training: 56
04-11 17:20 INFO     Training network 3
04-11 17:20 INFO     Client 3 has no data. Skipping training.
04-11 17:20 INFO     Training network 4 n_training: 156
04-11 17:20 INFO     Training network 4
04-11 17:20 INFO     Client: 4 Epoch: 0 Loss: 1.599432647228241
04-11 17:20 INFO     Client: 4 Epoch: 1 Loss: 2.476787269115448
04-11 17:20 INFO     Client: 4 Epoch: 2 Loss: 1.1167727708816528
04-11 17:20 INFO     Client: 4 Epoch: 3 Loss: 0.9441941380500793
04-11 17:20 INFO     Client: 4 Epoch: 4 Loss: 0.7667365074157715
04-11 17:20 INFO      ** Client: 4 Training complete **
04-11 17:20 INFO     Training network 5 n_training: 479
04-11 17:20 INFO     Training network 5
04-11 17:20 INFO     Client: 5 Epoch: 0 Loss: 1.0263785038675581
04-11 17:20 INFO     Client: 5 Epoch: 1 Loss: 0.43725970813206266
04-11 17:20 INFO     Client: 5 Epoch: 2 Loss: 0.40066241792270113
04-11 17:20 INFO     Client: 5 Epoch: 3 Loss: 0.39241972991398405
04-11 17:20 INFO     Client: 5 Epoch: 4 Loss: 0.3249634632042476
04-11 17:20 INFO      ** Client: 5 Training complete **
04-11 17:20 INFO     Training network 6 n_training: 538
04-11 17:20 INFO     Training network 6
04-11 17:20 INFO     Client: 6 Epoch: 0 Loss: 0.9650239646434784
04-11 17:20 INFO     Client: 6 Epoch: 1 Loss: 0.3627134636044502
04-11 17:20 INFO     Client: 6 Epoch: 2 Loss: 0.3185934890061617
04-11 17:20 INFO     Client: 6 Epoch: 3 Loss: 0.2907335925847292
04-11 17:20 INFO     Client: 6 Epoch: 4 Loss: 0.3090354297310114
04-11 17:20 INFO      ** Client: 6 Training complete **
04-11 17:20 INFO     Training network 7 n_training: 110
04-11 17:20 INFO     Training network 7
04-11 17:20 INFO     Client: 7 Epoch: 0 Loss: 2.5197718143463135
04-11 17:20 INFO     Client: 7 Epoch: 1 Loss: 1.4091663360595703
04-11 17:20 INFO     Client: 7 Epoch: 2 Loss: 0.30029404163360596
04-11 17:20 INFO     Client: 7 Epoch: 3 Loss: 0.12475326657295227
04-11 17:20 INFO     Client: 7 Epoch: 4 Loss: 0.023968592286109924
04-11 17:20 INFO      ** Client: 7 Training complete **
04-11 17:20 INFO     Training network 8 n_training: 1059
04-11 17:20 INFO     Training network 8
04-11 17:20 INFO     Client: 8 Epoch: 0 Loss: 1.1229294911026955
04-11 17:20 INFO     Client: 8 Epoch: 1 Loss: 0.714247165247798
04-11 17:20 INFO     Client: 8 Epoch: 2 Loss: 0.6621075496077538
04-11 17:20 INFO     Client: 8 Epoch: 3 Loss: 0.6112320553511381
04-11 17:20 INFO     Client: 8 Epoch: 4 Loss: 0.5963000319898129
04-11 17:20 INFO      ** Client: 8 Training complete **
04-11 17:20 INFO     Training network 9 n_training: 120
04-11 17:20 INFO     Training network 9
04-11 17:20 INFO     Client: 9 Epoch: 0 Loss: 2.4675960540771484
04-11 17:20 INFO     Client: 9 Epoch: 1 Loss: 2.21047043800354
04-11 17:20 INFO     Client: 9 Epoch: 2 Loss: 2.668853998184204
04-11 17:20 INFO     Client: 9 Epoch: 3 Loss: 1.8885422945022583
04-11 17:20 INFO     Client: 9 Epoch: 4 Loss: 1.6603331565856934
04-11 17:20 INFO      ** Client: 9 Training complete **
04-11 17:20 INFO     Training network 10 n_training: 513
04-11 17:20 INFO     Training network 10
04-11 17:20 INFO     Client: 10 Epoch: 0 Loss: 1.64570814371109
04-11 17:20 INFO     Client: 10 Epoch: 1 Loss: 0.7927327677607536
04-11 17:20 INFO     Client: 10 Epoch: 2 Loss: 0.6621069461107254
04-11 17:20 INFO     Client: 10 Epoch: 3 Loss: 0.5921070612967014
04-11 17:20 INFO     Client: 10 Epoch: 4 Loss: 0.527337446808815
04-11 17:20 INFO      ** Client: 10 Training complete **
04-11 17:20 INFO     Training network 11 n_training: 240
04-11 17:20 INFO     Training network 11
04-11 17:20 INFO     Client: 11 Epoch: 0 Loss: 2.470768610636393
04-11 17:20 INFO     Client: 11 Epoch: 1 Loss: 2.1180278062820435
04-11 17:20 INFO     Client: 11 Epoch: 2 Loss: 1.3365627527236938
04-11 17:20 INFO     Client: 11 Epoch: 3 Loss: 1.2744380235671997
04-11 17:20 INFO     Client: 11 Epoch: 4 Loss: 1.1364540656407673
04-11 17:20 INFO      ** Client: 11 Training complete **
04-11 17:20 INFO     Training network 12 n_training: 48
04-11 17:20 INFO     Training network 12
04-11 17:20 INFO     Client 12 has no data. Skipping training.
04-11 17:20 INFO     Training network 13 n_training: 453
04-11 17:20 INFO     Training network 13
04-11 17:20 INFO     Client: 13 Epoch: 0 Loss: 1.7455016715185983
04-11 17:20 INFO     Client: 13 Epoch: 1 Loss: 1.0252522230148315
04-11 17:20 INFO     Client: 13 Epoch: 2 Loss: 0.8916464533124652
04-11 17:20 INFO     Client: 13 Epoch: 3 Loss: 0.8586336203983852
04-11 17:20 INFO     Client: 13 Epoch: 4 Loss: 0.8081929343087333
04-11 17:20 INFO      ** Client: 13 Training complete **
04-11 17:20 INFO     Training network 14 n_training: 354
04-11 17:20 INFO     Training network 14
04-11 17:20 INFO     Client: 14 Epoch: 0 Loss: 2.304907035827637
04-11 17:20 INFO     Client: 14 Epoch: 1 Loss: 1.0283799409866332
04-11 17:20 INFO     Client: 14 Epoch: 2 Loss: 0.845232617855072
04-11 17:20 INFO     Client: 14 Epoch: 3 Loss: 0.7455155491828919
04-11 17:20 INFO     Client: 14 Epoch: 4 Loss: 0.7413052558898926
04-11 17:20 INFO      ** Client: 14 Training complete **
04-11 17:20 INFO     Training network 15 n_training: 213
04-11 17:20 INFO     Training network 15
04-11 17:20 INFO     Client: 15 Epoch: 0 Loss: 1.367820789416631
04-11 17:20 INFO     Client: 15 Epoch: 1 Loss: 0.04736896216248473
04-11 17:20 INFO     Client: 15 Epoch: 2 Loss: 0.04058615560643375
04-11 17:20 INFO     Client: 15 Epoch: 3 Loss: 0.03999850010344138
04-11 17:20 INFO     Client: 15 Epoch: 4 Loss: 0.03268869031065454
04-11 17:20 INFO      ** Client: 15 Training complete **
04-11 17:20 INFO     Training network 16 n_training: 830
04-11 17:20 INFO     Training network 16
04-11 17:20 INFO     Client: 16 Epoch: 0 Loss: 0.1786925880187482
04-11 17:20 INFO     Client: 16 Epoch: 1 Loss: 7.950882415267795e-05
04-11 17:20 INFO     Client: 16 Epoch: 2 Loss: 2.8416368877515197e-05
04-11 17:20 INFO     Client: 16 Epoch: 3 Loss: 2.2548748953947022e-05
04-11 17:20 INFO     Client: 16 Epoch: 4 Loss: 2.2767293861155242e-05
04-11 17:20 INFO      ** Client: 16 Training complete **
04-11 17:20 INFO     Training network 17 n_training: 543
04-11 17:20 INFO     Training network 17
04-11 17:20 INFO     Client: 17 Epoch: 0 Loss: 1.245019793510437
04-11 17:20 INFO     Client: 17 Epoch: 1 Loss: 0.45280421152710915
04-11 17:20 INFO     Client: 17 Epoch: 2 Loss: 0.41110725700855255
04-11 17:20 INFO     Client: 17 Epoch: 3 Loss: 0.3628806248307228
04-11 17:20 INFO     Client: 17 Epoch: 4 Loss: 0.3054341096431017
04-11 17:20 INFO      ** Client: 17 Training complete **
04-11 17:20 INFO     Training network 18 n_training: 526
04-11 17:20 INFO     Training network 18
04-11 17:20 INFO     Client: 18 Epoch: 0 Loss: 1.5929454565048218
04-11 17:20 INFO     Client: 18 Epoch: 1 Loss: 0.6142283342778683
04-11 17:20 INFO     Client: 18 Epoch: 2 Loss: 0.5439635813236237
04-11 17:20 INFO     Client: 18 Epoch: 3 Loss: 0.4684700183570385
04-11 17:20 INFO     Client: 18 Epoch: 4 Loss: 0.41960713639855385
04-11 17:20 INFO      ** Client: 18 Training complete **
04-11 17:20 INFO     Training network 19 n_training: 524
04-11 17:20 INFO     Training network 19
04-11 17:20 INFO     Client: 19 Epoch: 0 Loss: 1.772650957107544
04-11 17:20 INFO     Client: 19 Epoch: 1 Loss: 1.0073337256908417
04-11 17:20 INFO     Client: 19 Epoch: 2 Loss: 0.9422873631119728
04-11 17:20 INFO     Client: 19 Epoch: 3 Loss: 0.9086652770638466
04-11 17:20 INFO     Client: 19 Epoch: 4 Loss: 0.8731696382164955
04-11 17:20 INFO      ** Client: 19 Training complete **
04-11 17:20 INFO     Training network 20 n_training: 37
04-11 17:20 INFO     Training network 20
04-11 17:20 INFO     Client 20 has no data. Skipping training.
04-11 17:20 INFO     Training network 21 n_training: 277
04-11 17:20 INFO     Training network 21
04-11 17:20 INFO     Client: 21 Epoch: 0 Loss: 1.9439866989850998
04-11 17:20 INFO     Client: 21 Epoch: 1 Loss: 0.6207354590296745
04-11 17:20 INFO     Client: 21 Epoch: 2 Loss: 0.4909731596708298
04-11 17:20 INFO     Client: 21 Epoch: 3 Loss: 0.45128754526376724
04-11 17:20 INFO     Client: 21 Epoch: 4 Loss: 0.40967048704624176
04-11 17:20 INFO      ** Client: 21 Training complete **
04-11 17:20 INFO     Training network 22 n_training: 718
04-11 17:20 INFO     Training network 22
04-11 17:20 INFO     Client: 22 Epoch: 0 Loss: 1.2969820445234126
04-11 17:20 INFO     Client: 22 Epoch: 1 Loss: 0.8854443593458696
04-11 17:20 INFO     Client: 22 Epoch: 2 Loss: 0.8075870763171803
04-11 17:20 INFO     Client: 22 Epoch: 3 Loss: 0.7732871770858765
04-11 17:20 INFO     Client: 22 Epoch: 4 Loss: 0.7351565523581072
04-11 17:20 INFO      ** Client: 22 Training complete **
04-11 17:20 INFO     Training network 23 n_training: 70
04-11 17:20 INFO     Training network 23
04-11 17:20 INFO     Client: 23 Epoch: 0 Loss: 2.491000175476074
04-11 17:20 INFO     Client: 23 Epoch: 1 Loss: 2.3503761291503906
04-11 17:20 INFO     Client: 23 Epoch: 2 Loss: 2.3003671169281006
04-11 17:20 INFO     Client: 23 Epoch: 3 Loss: 1.679811954498291
04-11 17:20 INFO     Client: 23 Epoch: 4 Loss: 1.255013346672058
04-11 17:20 INFO      ** Client: 23 Training complete **
04-11 17:20 INFO     Training network 24 n_training: 1084
04-11 17:20 INFO     Training network 24
04-11 17:21 INFO     Client: 24 Epoch: 0 Loss: 0.44977181355352513
04-11 17:21 INFO     Client: 24 Epoch: 1 Loss: 0.09167143853846937
04-11 17:21 INFO     Client: 24 Epoch: 2 Loss: 0.1012864301155787
04-11 17:21 INFO     Client: 24 Epoch: 3 Loss: 0.07207331288373098
04-11 17:21 INFO     Client: 24 Epoch: 4 Loss: 0.08198872639331967
04-11 17:21 INFO      ** Client: 24 Training complete **
04-11 17:21 INFO     Training network 25 n_training: 484
04-11 17:21 INFO     Training network 25
04-11 17:21 INFO     Client: 25 Epoch: 0 Loss: 1.7627983944756644
04-11 17:21 INFO     Client: 25 Epoch: 1 Loss: 0.7072337695530483
04-11 17:21 INFO     Client: 25 Epoch: 2 Loss: 0.666680361543383
04-11 17:21 INFO     Client: 25 Epoch: 3 Loss: 0.6321649721690586
04-11 17:21 INFO     Client: 25 Epoch: 4 Loss: 0.603772486959185
04-11 17:21 INFO      ** Client: 25 Training complete **
04-11 17:21 INFO     Training network 26 n_training: 72
04-11 17:21 INFO     Training network 26
04-11 17:21 INFO     Client: 26 Epoch: 0 Loss: 2.5231544971466064
04-11 17:21 INFO     Client: 26 Epoch: 1 Loss: 1.9641143083572388
04-11 17:21 INFO     Client: 26 Epoch: 2 Loss: 1.5319104194641113
04-11 17:21 INFO     Client: 26 Epoch: 3 Loss: 0.5711915493011475
04-11 17:21 INFO     Client: 26 Epoch: 4 Loss: 0.5384988784790039
04-11 17:21 INFO      ** Client: 26 Training complete **
04-11 17:21 INFO     Training network 27 n_training: 269
04-11 17:21 INFO     Training network 27
04-11 17:21 INFO     Client: 27 Epoch: 0 Loss: 1.3638472706079483
04-11 17:21 INFO     Client: 27 Epoch: 1 Loss: 0.7017733380198479
04-11 17:21 INFO     Client: 27 Epoch: 2 Loss: 0.4931161403656006
04-11 17:21 INFO     Client: 27 Epoch: 3 Loss: 0.44859393686056137
04-11 17:21 INFO     Client: 27 Epoch: 4 Loss: 0.3535578325390816
04-11 17:21 INFO      ** Client: 27 Training complete **
04-11 17:21 INFO     Training network 28 n_training: 951
04-11 17:21 INFO     Training network 28
04-11 17:21 INFO     Client: 28 Epoch: 0 Loss: 1.4418929091521673
04-11 17:21 INFO     Client: 28 Epoch: 1 Loss: 0.9078171168054853
04-11 17:21 INFO     Client: 28 Epoch: 2 Loss: 0.8390753950391497
04-11 17:21 INFO     Client: 28 Epoch: 3 Loss: 0.7886634426457542
04-11 17:21 INFO     Client: 28 Epoch: 4 Loss: 0.7548007667064667
04-11 17:21 INFO      ** Client: 28 Training complete **
04-11 17:21 INFO     Training network 29 n_training: 845
04-11 17:21 INFO     Training network 29
04-11 17:21 INFO     Client: 29 Epoch: 0 Loss: 0.34731785193434916
04-11 17:21 INFO     Client: 29 Epoch: 1 Loss: 0.00010060576012340159
04-11 17:21 INFO     Client: 29 Epoch: 2 Loss: 3.321420542936092e-05
04-11 17:21 INFO     Client: 29 Epoch: 3 Loss: 2.648527067951643e-05
04-11 17:21 INFO     Client: 29 Epoch: 4 Loss: 2.6556053853710182e-05
04-11 17:21 INFO      ** Client: 29 Training complete **
04-11 17:21 INFO     Training network 30 n_training: 257
04-11 17:21 INFO     Training network 30
04-11 17:21 INFO     Client: 30 Epoch: 0 Loss: 1.6750624179840088
04-11 17:21 INFO     Client: 30 Epoch: 1 Loss: 1.0813973993062973
04-11 17:21 INFO     Client: 30 Epoch: 2 Loss: 0.7264054715633392
04-11 17:21 INFO     Client: 30 Epoch: 3 Loss: 0.6751812547445297
04-11 17:21 INFO     Client: 30 Epoch: 4 Loss: 0.6134634017944336
04-11 17:21 INFO      ** Client: 30 Training complete **
04-11 17:21 INFO     Training network 31 n_training: 211
04-11 17:21 INFO     Training network 31
04-11 17:21 INFO     Client: 31 Epoch: 0 Loss: 1.7137686411539714
04-11 17:21 INFO     Client: 31 Epoch: 1 Loss: 0.9671350121498108
04-11 17:21 INFO     Client: 31 Epoch: 2 Loss: 0.6394771138827006
04-11 17:21 INFO     Client: 31 Epoch: 3 Loss: 0.6113798220952352
04-11 17:21 INFO     Client: 31 Epoch: 4 Loss: 0.5472721060117086
04-11 17:21 INFO      ** Client: 31 Training complete **
04-11 17:21 INFO     Training network 32 n_training: 257
04-11 17:21 INFO     Training network 32
04-11 17:21 INFO     Client: 32 Epoch: 0 Loss: 1.5707009732723236
04-11 17:21 INFO     Client: 32 Epoch: 1 Loss: 0.6875272691249847
04-11 17:21 INFO     Client: 32 Epoch: 2 Loss: 0.5113395974040031
04-11 17:21 INFO     Client: 32 Epoch: 3 Loss: 0.5201271995902061
04-11 17:21 INFO     Client: 32 Epoch: 4 Loss: 0.37720871716737747
04-11 17:21 INFO      ** Client: 32 Training complete **
04-11 17:21 INFO     Training network 33 n_training: 546
04-11 17:21 INFO     Training network 33
04-11 17:21 INFO     Client: 33 Epoch: 0 Loss: 1.6433665081858635
04-11 17:21 INFO     Client: 33 Epoch: 1 Loss: 0.9630614817142487
04-11 17:21 INFO     Client: 33 Epoch: 2 Loss: 0.9118235856294632
04-11 17:21 INFO     Client: 33 Epoch: 3 Loss: 0.8356712982058525
04-11 17:21 INFO     Client: 33 Epoch: 4 Loss: 0.820085197687149
04-11 17:21 INFO      ** Client: 33 Training complete **
04-11 17:21 INFO     Training network 34 n_training: 1363
04-11 17:21 INFO     Training network 34
04-11 17:21 INFO     Client: 34 Epoch: 0 Loss: 1.0261097153027852
04-11 17:21 INFO     Client: 34 Epoch: 1 Loss: 0.6209442814191183
04-11 17:21 INFO     Client: 34 Epoch: 2 Loss: 0.5462064913340977
04-11 17:21 INFO     Client: 34 Epoch: 3 Loss: 0.5322894014063335
04-11 17:21 INFO     Client: 34 Epoch: 4 Loss: 0.508860109817414
04-11 17:21 INFO      ** Client: 34 Training complete **
04-11 17:21 INFO     Training network 35 n_training: 263
04-11 17:21 INFO     Training network 35
04-11 17:21 INFO     Client: 35 Epoch: 0 Loss: 1.0266742408275604
04-11 17:21 INFO     Client: 35 Epoch: 1 Loss: 0.4424736052751541
04-11 17:21 INFO     Client: 35 Epoch: 2 Loss: 0.44674281030893326
04-11 17:21 INFO     Client: 35 Epoch: 3 Loss: 0.34762678295373917
04-11 17:21 INFO     Client: 35 Epoch: 4 Loss: 0.3015129677951336
04-11 17:21 INFO      ** Client: 35 Training complete **
04-11 17:21 INFO     Training network 36 n_training: 979
04-11 17:21 INFO     Training network 36
04-11 17:21 INFO     Client: 36 Epoch: 0 Loss: 0.8913835763931275
04-11 17:21 INFO     Client: 36 Epoch: 1 Loss: 0.4324429293473562
04-11 17:21 INFO     Client: 36 Epoch: 2 Loss: 0.3943080286184947
04-11 17:21 INFO     Client: 36 Epoch: 3 Loss: 0.38214452465375265
04-11 17:21 INFO     Client: 36 Epoch: 4 Loss: 0.3713209162155787
04-11 17:21 INFO      ** Client: 36 Training complete **
04-11 17:21 INFO     Training network 37 n_training: 139
04-11 17:21 INFO     Training network 37
04-11 17:21 INFO     Client: 37 Epoch: 0 Loss: 2.531477212905884
04-11 17:21 INFO     Client: 37 Epoch: 1 Loss: 2.5762686729431152
04-11 17:21 INFO     Client: 37 Epoch: 2 Loss: 2.0126675367355347
04-11 17:21 INFO     Client: 37 Epoch: 3 Loss: 1.596789300441742
04-11 17:21 INFO     Client: 37 Epoch: 4 Loss: 1.4893296957015991
04-11 17:21 INFO      ** Client: 37 Training complete **
04-11 17:21 INFO     Training network 38 n_training: 239
04-11 17:21 INFO     Training network 38
04-11 17:21 INFO     Client: 38 Epoch: 0 Loss: 2.1147526502609253
04-11 17:21 INFO     Client: 38 Epoch: 1 Loss: 0.37670056025187176
04-11 17:21 INFO     Client: 38 Epoch: 2 Loss: 0.3135301371415456
04-11 17:21 INFO     Client: 38 Epoch: 3 Loss: 0.1735590398311615
04-11 17:21 INFO     Client: 38 Epoch: 4 Loss: 0.09788852681716283
04-11 17:21 INFO      ** Client: 38 Training complete **
04-11 17:21 INFO     Training network 39 n_training: 1283
04-11 17:21 INFO     Training network 39
04-11 17:21 INFO     Client: 39 Epoch: 0 Loss: 0.7520719990134239
04-11 17:21 INFO     Client: 39 Epoch: 1 Loss: 0.2730946891009808
04-11 17:21 INFO     Client: 39 Epoch: 2 Loss: 0.2512571793049574
04-11 17:21 INFO     Client: 39 Epoch: 3 Loss: 0.21855793744325638
04-11 17:21 INFO     Client: 39 Epoch: 4 Loss: 0.21356723010540007
04-11 17:21 INFO      ** Client: 39 Training complete **
04-11 17:21 INFO     Training network 40 n_training: 337
04-11 17:21 INFO     Training network 40
04-11 17:21 INFO     Client: 40 Epoch: 0 Loss: 2.419494104385376
04-11 17:21 INFO     Client: 40 Epoch: 1 Loss: 0.8320485711097717
04-11 17:21 INFO     Client: 40 Epoch: 2 Loss: 0.6708139538764953
04-11 17:21 INFO     Client: 40 Epoch: 3 Loss: 0.5786883473396301
04-11 17:21 INFO     Client: 40 Epoch: 4 Loss: 0.5628289878368378
04-11 17:21 INFO      ** Client: 40 Training complete **
04-11 17:21 INFO     Training network 41 n_training: 502
04-11 17:21 INFO     Training network 41
04-11 17:21 INFO     Client: 41 Epoch: 0 Loss: 0.30328698166912155
04-11 17:21 INFO     Client: 41 Epoch: 1 Loss: 0.0004108498978894204
04-11 17:21 INFO     Client: 41 Epoch: 2 Loss: 8.42591336030247e-05
04-11 17:21 INFO     Client: 41 Epoch: 3 Loss: 4.074945900356397e-05
04-11 17:21 INFO     Client: 41 Epoch: 4 Loss: 2.8877995126614614e-05
04-11 17:21 INFO      ** Client: 41 Training complete **
04-11 17:21 INFO     Training network 42 n_training: 147
04-11 17:21 INFO     Training network 42
04-11 17:21 INFO     Client: 42 Epoch: 0 Loss: 2.2130943536758423
04-11 17:21 INFO     Client: 42 Epoch: 1 Loss: 2.75689160823822
04-11 17:21 INFO     Client: 42 Epoch: 2 Loss: 1.0935589373111725
04-11 17:21 INFO     Client: 42 Epoch: 3 Loss: 0.9459907412528992
04-11 17:21 INFO     Client: 42 Epoch: 4 Loss: 0.9226984679698944
04-11 17:21 INFO      ** Client: 42 Training complete **
04-11 17:21 INFO     Training network 43 n_training: 372
04-11 17:21 INFO     Training network 43
04-11 17:21 INFO     Client: 43 Epoch: 0 Loss: 1.5340876221656798
04-11 17:21 INFO     Client: 43 Epoch: 1 Loss: 0.9015016317367553
04-11 17:21 INFO     Client: 43 Epoch: 2 Loss: 0.7112461686134338
04-11 17:21 INFO     Client: 43 Epoch: 3 Loss: 0.6012675523757934
04-11 17:21 INFO     Client: 43 Epoch: 4 Loss: 0.5720591008663177
04-11 17:21 INFO      ** Client: 43 Training complete **
04-11 17:21 INFO     Training network 44 n_training: 668
04-11 17:21 INFO     Training network 44
04-11 17:21 INFO     Client: 44 Epoch: 0 Loss: 2.038706588745117
04-11 17:21 INFO     Client: 44 Epoch: 1 Loss: 1.1715813040733338
04-11 17:21 INFO     Client: 44 Epoch: 2 Loss: 1.1457334458827972
04-11 17:22 INFO     Client: 44 Epoch: 3 Loss: 1.0512981057167052
04-11 17:22 INFO     Client: 44 Epoch: 4 Loss: 1.0301431596279145
04-11 17:22 INFO      ** Client: 44 Training complete **
04-11 17:22 INFO     Training network 45 n_training: 122
04-11 17:22 INFO     Training network 45
04-11 17:22 INFO     Client: 45 Epoch: 0 Loss: 2.380772590637207
04-11 17:22 INFO     Client: 45 Epoch: 1 Loss: 2.133352518081665
04-11 17:22 INFO     Client: 45 Epoch: 2 Loss: 2.13366436958313
04-11 17:22 INFO     Client: 45 Epoch: 3 Loss: 0.8970439434051514
04-11 17:22 INFO     Client: 45 Epoch: 4 Loss: 1.1194894313812256
04-11 17:22 INFO      ** Client: 45 Training complete **
04-11 17:22 INFO     Training network 46 n_training: 530
04-11 17:22 INFO     Training network 46
04-11 17:22 INFO     Client: 46 Epoch: 0 Loss: 1.766252338886261
04-11 17:22 INFO     Client: 46 Epoch: 1 Loss: 1.0563682988286018
04-11 17:22 INFO     Client: 46 Epoch: 2 Loss: 0.9674943313002586
04-11 17:22 INFO     Client: 46 Epoch: 3 Loss: 0.8834672048687935
04-11 17:22 INFO     Client: 46 Epoch: 4 Loss: 0.8604478612542152
04-11 17:22 INFO      ** Client: 46 Training complete **
04-11 17:22 INFO     Training network 47 n_training: 689
04-11 17:22 INFO     Training network 47
04-11 17:22 INFO     Client: 47 Epoch: 0 Loss: 0.21392737679707352
04-11 17:22 INFO     Client: 47 Epoch: 1 Loss: 0.00015721428499091417
04-11 17:22 INFO     Client: 47 Epoch: 2 Loss: 4.266805008228403e-05
04-11 17:22 INFO     Client: 47 Epoch: 3 Loss: 2.8047604064340704e-05
04-11 17:22 INFO     Client: 47 Epoch: 4 Loss: 2.5193393776135052e-05
04-11 17:22 INFO      ** Client: 47 Training complete **
04-11 17:22 INFO     Training network 48 n_training: 309
04-11 17:22 INFO     Training network 48
04-11 17:22 INFO     Client: 48 Epoch: 0 Loss: 1.8585296869277954
04-11 17:22 INFO     Client: 48 Epoch: 1 Loss: 1.1885414272546768
04-11 17:22 INFO     Client: 48 Epoch: 2 Loss: 0.8775529712438583
04-11 17:22 INFO     Client: 48 Epoch: 3 Loss: 0.8076921850442886
04-11 17:22 INFO     Client: 48 Epoch: 4 Loss: 0.7256003767251968
04-11 17:22 INFO      ** Client: 48 Training complete **
04-11 17:22 INFO     Training network 49 n_training: 695
04-11 17:22 INFO     Training network 49
04-11 17:22 INFO     Client: 49 Epoch: 0 Loss: 1.4404983043670654
04-11 17:22 INFO     Client: 49 Epoch: 1 Loss: 0.6401127457618714
04-11 17:22 INFO     Client: 49 Epoch: 2 Loss: 0.48250776827335357
04-11 17:22 INFO     Client: 49 Epoch: 3 Loss: 0.4906327873468399
04-11 17:22 INFO     Client: 49 Epoch: 4 Loss: 0.4230967938899994
04-11 17:22 INFO      ** Client: 49 Training complete **
04-11 17:22 INFO     Training network 50 n_training: 118
04-11 17:22 INFO     Training network 50
04-11 17:22 INFO     Client: 50 Epoch: 0 Loss: 2.450316905975342
04-11 17:22 INFO     Client: 50 Epoch: 1 Loss: 1.4751476049423218
04-11 17:22 INFO     Client: 50 Epoch: 2 Loss: 1.2762703895568848
04-11 17:22 INFO     Client: 50 Epoch: 3 Loss: 0.7661308646202087
04-11 17:22 INFO     Client: 50 Epoch: 4 Loss: 0.572982907295227
04-11 17:22 INFO      ** Client: 50 Training complete **
04-11 17:22 INFO     Training network 51 n_training: 762
04-11 17:22 INFO     Training network 51
04-11 17:22 INFO     Client: 51 Epoch: 0 Loss: 1.6661249615929343
04-11 17:22 INFO     Client: 51 Epoch: 1 Loss: 1.2007194432345303
04-11 17:22 INFO     Client: 51 Epoch: 2 Loss: 1.0883866440166126
04-11 17:22 INFO     Client: 51 Epoch: 3 Loss: 1.0248854377053
04-11 17:22 INFO     Client: 51 Epoch: 4 Loss: 0.9705016883936796
04-11 17:22 INFO      ** Client: 51 Training complete **
04-11 17:22 INFO     Training network 52 n_training: 1078
04-11 17:22 INFO     Training network 52
04-11 17:22 INFO     Client: 52 Epoch: 0 Loss: 0.6957487091422081
04-11 17:22 INFO     Client: 52 Epoch: 1 Loss: 0.3229769477620721
04-11 17:22 INFO     Client: 52 Epoch: 2 Loss: 0.26589804142713547
04-11 17:22 INFO     Client: 52 Epoch: 3 Loss: 0.2634392948821187
04-11 17:22 INFO     Client: 52 Epoch: 4 Loss: 0.242325646802783
04-11 17:22 INFO      ** Client: 52 Training complete **
04-11 17:22 INFO     Training network 53 n_training: 262
04-11 17:22 INFO     Training network 53
04-11 17:22 INFO     Client: 53 Epoch: 0 Loss: 2.566280782222748
04-11 17:22 INFO     Client: 53 Epoch: 1 Loss: 1.2063801884651184
04-11 17:22 INFO     Client: 53 Epoch: 2 Loss: 0.8691401332616806
04-11 17:22 INFO     Client: 53 Epoch: 3 Loss: 0.7470279932022095
04-11 17:22 INFO     Client: 53 Epoch: 4 Loss: 0.8231413811445236
04-11 17:22 INFO      ** Client: 53 Training complete **
04-11 17:22 INFO     Training network 54 n_training: 323
04-11 17:22 INFO     Training network 54
04-11 17:22 INFO     Client: 54 Epoch: 0 Loss: 2.1381842851638795
04-11 17:22 INFO     Client: 54 Epoch: 1 Loss: 1.0433417081832885
04-11 17:22 INFO     Client: 54 Epoch: 2 Loss: 0.8922327518463135
04-11 17:22 INFO     Client: 54 Epoch: 3 Loss: 0.884953248500824
04-11 17:22 INFO     Client: 54 Epoch: 4 Loss: 0.8439884066581727
04-11 17:22 INFO      ** Client: 54 Training complete **
04-11 17:22 INFO     Training network 55 n_training: 2015
04-11 17:22 INFO     Training network 55
04-11 17:22 INFO     Client: 55 Epoch: 0 Loss: 0.1573527853676839
04-11 17:22 INFO     Client: 55 Epoch: 1 Loss: 0.009371143418848664
04-11 17:22 INFO     Client: 55 Epoch: 2 Loss: 0.008294895377701087
04-11 17:22 INFO     Client: 55 Epoch: 3 Loss: 0.008129398298596272
04-11 17:22 INFO     Client: 55 Epoch: 4 Loss: 0.009803651598274647
04-11 17:22 INFO      ** Client: 55 Training complete **
04-11 17:22 INFO     Training network 56 n_training: 876
04-11 17:22 INFO     Training network 56
04-11 17:22 INFO     Client: 56 Epoch: 0 Loss: 0.3093498625720923
04-11 17:22 INFO     Client: 56 Epoch: 1 Loss: 0.08926368232529897
04-11 17:22 INFO     Client: 56 Epoch: 2 Loss: 0.07334416241456683
04-11 17:22 INFO     Client: 56 Epoch: 3 Loss: 0.08114656856140265
04-11 17:22 INFO     Client: 56 Epoch: 4 Loss: 0.08073363392255627
04-11 17:22 INFO      ** Client: 56 Training complete **
04-11 17:22 INFO     Training network 57 n_training: 655
04-11 17:22 INFO     Training network 57
04-11 17:22 INFO     Client: 57 Epoch: 0 Loss: 1.3201407134532928
04-11 17:22 INFO     Client: 57 Epoch: 1 Loss: 0.8040431916713715
04-11 17:22 INFO     Client: 57 Epoch: 2 Loss: 0.6735005706548691
04-11 17:22 INFO     Client: 57 Epoch: 3 Loss: 0.5894073635339737
04-11 17:22 INFO     Client: 57 Epoch: 4 Loss: 0.522769746184349
04-11 17:22 INFO      ** Client: 57 Training complete **
04-11 17:22 INFO     Training network 58 n_training: 787
04-11 17:22 INFO     Training network 58
04-11 17:22 INFO     Client: 58 Epoch: 0 Loss: 0.36077998438850045
04-11 17:22 INFO     Client: 58 Epoch: 1 Loss: 0.022832496967263676
04-11 17:22 INFO     Client: 58 Epoch: 2 Loss: 0.010068778744122634
04-11 17:22 INFO     Client: 58 Epoch: 3 Loss: 0.015231750493209498
04-11 17:22 INFO     Client: 58 Epoch: 4 Loss: 0.022766641069514055
04-11 17:22 INFO      ** Client: 58 Training complete **
04-11 17:22 INFO     Training network 59 n_training: 131
04-11 17:22 INFO     Training network 59
04-11 17:22 INFO     Client: 59 Epoch: 0 Loss: 1.9139037132263184
04-11 17:22 INFO     Client: 59 Epoch: 1 Loss: 0.9025427252054214
04-11 17:22 INFO     Client: 59 Epoch: 2 Loss: 0.5023960620164871
04-11 17:22 INFO     Client: 59 Epoch: 3 Loss: 0.49765247106552124
04-11 17:22 INFO     Client: 59 Epoch: 4 Loss: 0.39659084379673004
04-11 17:22 INFO      ** Client: 59 Training complete **
04-11 17:22 INFO     Training network 60 n_training: 15
04-11 17:22 INFO     Training network 60
04-11 17:22 INFO     Client 60 has no data. Skipping training.
04-11 17:22 INFO     Training network 61 n_training: 711
04-11 17:22 INFO     Training network 61
04-11 17:22 INFO     Client: 61 Epoch: 0 Loss: 1.3005460609089246
04-11 17:22 INFO     Client: 61 Epoch: 1 Loss: 0.7681508281014182
04-11 17:22 INFO     Client: 61 Epoch: 2 Loss: 0.6899378408085216
04-11 17:22 INFO     Client: 61 Epoch: 3 Loss: 0.6551282189109109
04-11 17:22 INFO     Client: 61 Epoch: 4 Loss: 0.5843098136511716
04-11 17:22 INFO      ** Client: 61 Training complete **
04-11 17:22 INFO     Training network 62 n_training: 359
04-11 17:22 INFO     Training network 62
04-11 17:22 INFO     Client: 62 Epoch: 0 Loss: 1.052527317404747
04-11 17:22 INFO     Client: 62 Epoch: 1 Loss: 0.14887405410408974
04-11 17:22 INFO     Client: 62 Epoch: 2 Loss: 0.10165136959403753
04-11 17:22 INFO     Client: 62 Epoch: 3 Loss: 0.08835432101041078
04-11 17:22 INFO     Client: 62 Epoch: 4 Loss: 0.03957891725003719
04-11 17:22 INFO      ** Client: 62 Training complete **
04-11 17:22 INFO     Training network 63 n_training: 582
04-11 17:22 INFO     Training network 63
