04-11 17:25 INFO     cuda
04-11 17:25 INFO     Command Line Arguments: 
{
    "epochs": 5,
    "comm_round": 70,
    "sample_fraction": 1.0,
    "alpha": 0.1,
    "dataset": "cifar10",
    "datadir": "../data/",
    "partition": "noniid-labeldir",
    "alg": "sflv1",
    "model": "resnet-18",
    "split_layer": 4,
    "n_parties": 100,
    "lr": 0.001,
    "mu": 1,
    "std_coeff": 2.5,
    "unif_coeff": 0.5,
    "batch_size": 64,
    "load_first_net": 1,
    "pool_option": "FIFO",
    "model_buffer_size": 1,
    "optimizer": "adam",
    "simp_width": 1,
    "out_dim": 256,
    "reg": 0.0005,
    "temperature": 0.5,
    "logdir": "./",
    "log_file_name": "logs/experiment_log-alg=sflv1_partition=noniid-labeldir_lr=0.001_epochs=5_num_users=100_beta=0.1_batch_size=64_opt=adam_dataset=cifar10_2024-04-11-1725-50",
    "seed": 1,
    "device": "cuda:6",
    "accuracies_file": "logs/resnet_18_100_users.csv",
    "dont_skip": false,
    "multiprocessing": 0
}
04-11 17:25 INFO     Data statistics: {0: {9: 171}, 1: {0: 12, 1: 2, 5: 4, 7: 34}, 2: {0: 171, 1: 7, 4: 237, 5: 5, 6: 3, 7: 7, 9: 27}, 3: {3: 13, 4: 43}, 4: {0: 103, 1: 11, 2: 5, 3: 19, 6: 13, 9: 5}, 5: {4: 14, 8: 58, 9: 407}, 6: {1: 43, 4: 5, 5: 9, 6: 481}, 7: {4: 109, 7: 1}, 8: {0: 139, 1: 123, 8: 797}, 9: {2: 21, 4: 56, 5: 2, 6: 23, 7: 18}, 10: {1: 170, 2: 277, 6: 66}, 11: {2: 60, 4: 1, 5: 86, 6: 61, 7: 2, 8: 29, 9: 1}, 12: {5: 27, 8: 19, 9: 2}, 13: {3: 168, 4: 84, 6: 201}, 14: {0: 24, 2: 1, 3: 4, 5: 15, 6: 227, 7: 83}, 15: {1: 1, 4: 212}, 16: {0: 830}, 17: {0: 182, 2: 2, 4: 4, 7: 355}, 18: {1: 391, 3: 67, 4: 28, 5: 40}, 19: {0: 4, 2: 30, 3: 354, 4: 97, 5: 39}, 20: {2: 9, 3: 4, 7: 8, 8: 16}, 21: {3: 39, 4: 235, 6: 1, 7: 2}, 22: {1: 138, 5: 7, 7: 20, 8: 45, 9: 508}, 23: {1: 7, 2: 37, 5: 15, 6: 9, 9: 2}, 24: {0: 15, 2: 2, 3: 2, 7: 1065}, 25: {2: 3, 3: 51, 5: 82, 6: 5, 7: 12, 8: 331}, 26: {7: 14, 9: 58}, 27: {4: 3, 5: 23, 6: 1, 8: 5, 9: 237}, 28: {0: 225, 3: 1, 4: 36, 5: 159, 6: 1, 7: 10, 8: 519}, 29: {1: 845}, 30: {0: 1, 2: 56, 3: 191, 7: 6, 8: 2, 9: 1}, 31: {0: 3, 1: 154, 3: 1, 4: 41, 5: 1, 6: 11}, 32: {4: 1, 6: 191, 7: 57, 8: 8}, 33: {0: 305, 1: 46, 2: 1, 4: 7, 7: 128, 8: 59}, 34: {1: 14, 2: 127, 4: 276, 5: 13, 8: 933}, 35: {0: 240, 1: 2, 3: 3, 5: 17, 9: 1}, 36: {0: 28, 2: 1, 4: 136, 5: 6, 6: 1, 7: 3, 8: 804}, 37: {2: 36, 3: 27, 4: 33, 5: 34, 6: 4, 9: 5}, 38: {0: 18, 5: 221}, 39: {1: 428, 7: 855}, 40: {5: 119, 7: 71, 8: 147}, 41: {0: 502}, 42: {0: 32, 2: 3, 3: 38, 5: 6, 7: 68}, 43: {0: 27, 1: 3, 2: 9, 3: 23, 4: 27, 8: 1, 9: 282}, 44: {0: 2, 3: 43, 4: 180, 6: 76, 7: 165, 8: 202}, 45: {1: 3, 3: 8, 4: 84, 6: 26, 8: 1}, 46: {0: 1, 1: 137, 2: 10, 4: 22, 5: 145, 7: 215}, 47: {0: 689}, 48: {0: 7, 2: 1, 3: 11, 6: 70, 7: 2, 8: 187, 9: 31}, 49: {0: 71, 1: 262, 2: 1, 3: 361}, 50: {3: 16, 7: 2, 9: 100}, 51: {0: 252, 1: 27, 3: 40, 5: 63, 6: 26, 8: 9, 9: 345}, 52: {0: 8, 1: 297, 2: 773}, 53: {1: 19, 2: 40, 6: 71, 8: 132}, 54: {0: 1, 1: 1, 2: 41, 3: 56, 4: 214, 5: 8, 7: 2}, 55: {0: 1, 2: 1, 5: 2013}, 56: {2: 12, 3: 864}, 57: {0: 278, 1: 196, 2: 1, 3: 180}, 58: {0: 2, 1: 785}, 59: {2: 119, 6: 4, 8: 8}, 60: {0: 1, 4: 1, 5: 3, 7: 3, 8: 5, 9: 2}, 61: {1: 19, 2: 1, 6: 306, 7: 126, 8: 259}, 62: {4: 2, 5: 353, 8: 4}, 63: {2: 302, 3: 1, 4: 3, 5: 133, 6: 143}, 64: {5: 19, 6: 62, 7: 218}, 65: {0: 105, 1: 1, 7: 4, 8: 246}, 66: {0: 132, 1: 94, 2: 1, 4: 64, 5: 7, 7: 1, 8: 46, 9: 7}, 67: {0: 29, 2: 20, 4: 494}, 68: {1: 1, 2: 992}, 69: {1: 108, 4: 133, 5: 343}, 70: {2: 1, 4: 11, 6: 78}, 71: {1: 148, 4: 6, 5: 2, 8: 3}, 72: {2: 7, 7: 199}, 73: {1: 12, 3: 8, 4: 2, 5: 26, 8: 13, 9: 56}, 74: {2: 1, 3: 266, 7: 42}, 75: {3: 2, 4: 21, 6: 2418}, 76: {0: 75, 4: 203, 8: 7, 9: 2563}, 77: {2: 18, 5: 675}, 78: {0: 122, 1: 1, 4: 123, 8: 31}, 79: {0: 227, 1: 2, 3: 36, 4: 1, 5: 8}, 80: {1: 64, 2: 1, 3: 211, 5: 4, 6: 1, 7: 38}, 81: {3: 1152}, 82: {1: 1, 2: 84, 3: 1, 6: 4, 8: 1, 9: 20}, 83: {0: 2, 4: 1, 5: 85, 7: 279, 9: 5}, 84: {3: 17, 4: 21, 6: 233}, 85: {1: 58, 2: 132, 7: 21, 8: 27}, 86: {0: 1, 2: 137, 4: 291, 8: 8}, 87: {1: 2, 2: 2, 3: 1, 4: 2, 5: 4, 6: 25, 7: 24, 8: 3, 9: 30}, 88: {3: 59, 7: 75, 8: 2, 9: 74}, 89: {0: 45, 1: 15, 2: 336, 3: 6, 4: 54, 5: 10, 9: 57}, 90: {2: 800}, 91: {2: 452, 3: 3, 5: 2, 7: 742}, 92: {0: 26, 2: 6, 3: 366, 5: 2}, 93: {1: 256, 4: 171, 5: 68, 7: 21}, 94: {4: 1, 5: 4, 6: 118, 8: 2}, 95: {2: 12, 8: 20}, 96: {1: 97, 2: 15, 4: 1209}, 97: {6: 37, 8: 2, 9: 1}, 98: {1: 8, 5: 92, 6: 2, 7: 1, 8: 7}, 99: {0: 62, 1: 1, 2: 1, 3: 287, 4: 1, 5: 1, 6: 1, 7: 1, 8: 2, 9: 2}}
04-11 17:26 INFO     in comm round:0
04-11 17:26 INFO     Training network 0 n_training: 171
04-11 17:26 INFO     Training network 0
04-11 17:26 INFO     Client: 0 Epoch: 0 Loss: 1.7564533352851868
04-11 17:26 INFO     Client: 0 Epoch: 1 Loss: 0.05017432011663914
04-11 17:26 INFO     Client: 0 Epoch: 2 Loss: 0.0062061212956905365
04-11 17:26 INFO     Client: 0 Epoch: 3 Loss: 0.002002774563152343
04-11 17:26 INFO     Client: 0 Epoch: 4 Loss: 0.0008859335212036967
04-11 17:26 INFO      ** Client: 0 Training complete **
04-11 17:26 INFO     Training network 1 n_training: 52
04-11 17:26 INFO     Training network 1
04-11 17:26 INFO     Client 1 has no data. Skipping training.
04-11 17:26 INFO     Training network 2 n_training: 457
04-11 17:26 INFO     Training network 2
04-11 17:26 INFO     Client: 2 Epoch: 0 Loss: 1.6596520457948958
04-11 17:26 INFO     Client: 2 Epoch: 1 Loss: 0.9825980918748038
04-11 17:26 INFO     Client: 2 Epoch: 2 Loss: 0.8376210587365287
04-11 17:26 INFO     Client: 2 Epoch: 3 Loss: 0.7768202338899884
04-11 17:26 INFO     Client: 2 Epoch: 4 Loss: 0.7482956562723432
04-11 17:26 INFO      ** Client: 2 Training complete **
04-11 17:26 INFO     Training network 3 n_training: 56
04-11 17:26 INFO     Training network 3
04-11 17:26 INFO     Client 3 has no data. Skipping training.
04-11 17:26 INFO     Training network 4 n_training: 156
04-11 17:26 INFO     Training network 4
04-11 17:26 INFO     Client: 4 Epoch: 0 Loss: 1.5994389653205872
04-11 17:26 INFO     Client: 4 Epoch: 1 Loss: 2.475228726863861
04-11 17:26 INFO     Client: 4 Epoch: 2 Loss: 1.115083396434784
04-11 17:26 INFO     Client: 4 Epoch: 3 Loss: 0.9534841179847717
04-11 17:26 INFO     Client: 4 Epoch: 4 Loss: 0.7679904401302338
04-11 17:26 INFO      ** Client: 4 Training complete **
04-11 17:26 INFO     Training network 5 n_training: 479
04-11 17:26 INFO     Training network 5
04-11 17:26 INFO     Client: 5 Epoch: 0 Loss: 1.0269499208245958
04-11 17:26 INFO     Client: 5 Epoch: 1 Loss: 0.43779404035636355
04-11 17:26 INFO     Client: 5 Epoch: 2 Loss: 0.397164340530123
04-11 17:26 INFO     Client: 5 Epoch: 3 Loss: 0.3950404609952654
04-11 17:26 INFO     Client: 5 Epoch: 4 Loss: 0.32328646523611887
04-11 17:26 INFO      ** Client: 5 Training complete **
04-11 17:26 INFO     Training network 6 n_training: 538
04-11 17:26 INFO     Training network 6
04-11 17:26 INFO     Client: 6 Epoch: 0 Loss: 0.9689283818006516
04-11 17:26 INFO     Client: 6 Epoch: 1 Loss: 0.36564644798636436
04-11 17:26 INFO     Client: 6 Epoch: 2 Loss: 0.3269186168909073
04-11 17:26 INFO     Client: 6 Epoch: 3 Loss: 0.2897939756512642
04-11 17:26 INFO     Client: 6 Epoch: 4 Loss: 0.3121674619615078
04-11 17:26 INFO      ** Client: 6 Training complete **
04-11 17:26 INFO     Training network 7 n_training: 110
04-11 17:26 INFO     Training network 7
04-11 17:26 INFO     Client: 7 Epoch: 0 Loss: 2.5197718143463135
04-11 17:26 INFO     Client: 7 Epoch: 1 Loss: 1.4091525077819824
04-11 17:26 INFO     Client: 7 Epoch: 2 Loss: 0.29992467164993286
04-11 17:26 INFO     Client: 7 Epoch: 3 Loss: 0.12479814141988754
04-11 17:26 INFO     Client: 7 Epoch: 4 Loss: 0.02406017668545246
04-11 17:26 INFO      ** Client: 7 Training complete **
04-11 17:26 INFO     Training network 8 n_training: 1059
04-11 17:26 INFO     Training network 8
04-11 17:26 INFO     Client: 8 Epoch: 0 Loss: 1.1242179572582245
04-11 17:26 INFO     Client: 8 Epoch: 1 Loss: 0.7228722553700209
04-11 17:26 INFO     Client: 8 Epoch: 2 Loss: 0.6526776179671288
04-11 17:26 INFO     Client: 8 Epoch: 3 Loss: 0.6076503321528435
04-11 17:26 INFO     Client: 8 Epoch: 4 Loss: 0.6059602499008179
04-11 17:26 INFO      ** Client: 8 Training complete **
04-11 17:26 INFO     Training network 9 n_training: 120
04-11 17:26 INFO     Training network 9
04-11 17:26 INFO     Client: 9 Epoch: 0 Loss: 2.4675960540771484
04-11 17:26 INFO     Client: 9 Epoch: 1 Loss: 2.2104833126068115
04-11 17:26 INFO     Client: 9 Epoch: 2 Loss: 2.6693813800811768
04-11 17:26 INFO     Client: 9 Epoch: 3 Loss: 1.8924256563186646
04-11 17:26 INFO     Client: 9 Epoch: 4 Loss: 1.6626615524291992
04-11 17:26 INFO      ** Client: 9 Training complete **
04-11 17:26 INFO     Training network 10 n_training: 513
04-11 17:26 INFO     Training network 10
04-11 17:26 INFO     Client: 10 Epoch: 0 Loss: 1.643312744796276
04-11 17:26 INFO     Client: 10 Epoch: 1 Loss: 0.7837316393852234
04-11 17:26 INFO     Client: 10 Epoch: 2 Loss: 0.6524857431650162
04-11 17:26 INFO     Client: 10 Epoch: 3 Loss: 0.5641600452363491
04-11 17:26 INFO     Client: 10 Epoch: 4 Loss: 0.5079418681561947
04-11 17:26 INFO      ** Client: 10 Training complete **
04-11 17:26 INFO     Training network 11 n_training: 240
04-11 17:26 INFO     Training network 11
04-11 17:26 INFO     Client: 11 Epoch: 0 Loss: 2.471973737080892
04-11 17:26 INFO     Client: 11 Epoch: 1 Loss: 2.110514521598816
04-11 17:26 INFO     Client: 11 Epoch: 2 Loss: 1.331825057665507
04-11 17:26 INFO     Client: 11 Epoch: 3 Loss: 1.270394206047058
04-11 17:26 INFO     Client: 11 Epoch: 4 Loss: 1.1358548005421956
04-11 17:26 INFO      ** Client: 11 Training complete **
04-11 17:26 INFO     Training network 12 n_training: 48
04-11 17:26 INFO     Training network 12
04-11 17:26 INFO     Client 12 has no data. Skipping training.
04-11 17:26 INFO     Training network 13 n_training: 453
04-11 17:26 INFO     Training network 13
04-11 17:26 INFO     Client: 13 Epoch: 0 Loss: 1.7433313471930367
04-11 17:26 INFO     Client: 13 Epoch: 1 Loss: 1.028297015598842
04-11 17:26 INFO     Client: 13 Epoch: 2 Loss: 0.8980900730405535
04-11 17:26 INFO     Client: 13 Epoch: 3 Loss: 0.8623346941811698
04-11 17:26 INFO     Client: 13 Epoch: 4 Loss: 0.8215135080473763
04-11 17:26 INFO      ** Client: 13 Training complete **
04-11 17:26 INFO     Training network 14 n_training: 354
04-11 17:26 INFO     Training network 14
04-11 17:26 INFO     Client: 14 Epoch: 0 Loss: 2.3057068824768066
04-11 17:26 INFO     Client: 14 Epoch: 1 Loss: 1.0292201042175293
04-11 17:26 INFO     Client: 14 Epoch: 2 Loss: 0.8406754970550537
04-11 17:26 INFO     Client: 14 Epoch: 3 Loss: 0.7517593026161193
04-11 17:26 INFO     Client: 14 Epoch: 4 Loss: 0.7547528266906738
04-11 17:26 INFO      ** Client: 14 Training complete **
04-11 17:26 INFO     Training network 15 n_training: 213
04-11 17:26 INFO     Training network 15
04-11 17:26 INFO     Client: 15 Epoch: 0 Loss: 1.3677544047435124
04-11 17:26 INFO     Client: 15 Epoch: 1 Loss: 0.047361952252686024
04-11 17:26 INFO     Client: 15 Epoch: 2 Loss: 0.0406109137305369
04-11 17:26 INFO     Client: 15 Epoch: 3 Loss: 0.03986278525553644
04-11 17:26 INFO     Client: 15 Epoch: 4 Loss: 0.032540833907357104
04-11 17:26 INFO      ** Client: 15 Training complete **
04-11 17:26 INFO     Training network 16 n_training: 830
04-11 17:26 INFO     Training network 16
04-11 17:26 INFO     Client: 16 Epoch: 0 Loss: 0.17869439890030966
04-11 17:26 INFO     Client: 16 Epoch: 1 Loss: 7.947235644678585e-05
04-11 17:26 INFO     Client: 16 Epoch: 2 Loss: 2.8391380207419086e-05
04-11 17:26 INFO     Client: 16 Epoch: 3 Loss: 2.252826016047038e-05
04-11 17:26 INFO     Client: 16 Epoch: 4 Loss: 2.2746029723445343e-05
04-11 17:26 INFO      ** Client: 16 Training complete **
04-11 17:26 INFO     Training network 17 n_training: 543
04-11 17:26 INFO     Training network 17
04-11 17:26 INFO     Client: 17 Epoch: 0 Loss: 1.2499047815799713
04-11 17:26 INFO     Client: 17 Epoch: 1 Loss: 0.4551296532154083
04-11 17:26 INFO     Client: 17 Epoch: 2 Loss: 0.41575758904218674
04-11 17:26 INFO     Client: 17 Epoch: 3 Loss: 0.3597914855927229
04-11 17:26 INFO     Client: 17 Epoch: 4 Loss: 0.3015816602855921
04-11 17:26 INFO      ** Client: 17 Training complete **
04-11 17:26 INFO     Training network 18 n_training: 526
04-11 17:26 INFO     Training network 18
04-11 17:26 INFO     Client: 18 Epoch: 0 Loss: 1.5953197479248047
04-11 17:26 INFO     Client: 18 Epoch: 1 Loss: 0.6241192892193794
04-11 17:26 INFO     Client: 18 Epoch: 2 Loss: 0.5312091112136841
04-11 17:26 INFO     Client: 18 Epoch: 3 Loss: 0.4963500611484051
04-11 17:26 INFO     Client: 18 Epoch: 4 Loss: 0.43720630183815956
04-11 17:26 INFO      ** Client: 18 Training complete **
04-11 17:26 INFO     Training network 19 n_training: 524
04-11 17:26 INFO     Training network 19
04-11 17:26 INFO     Client: 19 Epoch: 0 Loss: 1.768570438027382
04-11 17:26 INFO     Client: 19 Epoch: 1 Loss: 1.007796235382557
04-11 17:26 INFO     Client: 19 Epoch: 2 Loss: 0.9307350218296051
04-11 17:26 INFO     Client: 19 Epoch: 3 Loss: 0.8985503017902374
04-11 17:26 INFO     Client: 19 Epoch: 4 Loss: 0.869040347635746
04-11 17:26 INFO      ** Client: 19 Training complete **
04-11 17:26 INFO     Training network 20 n_training: 37
04-11 17:26 INFO     Training network 20
04-11 17:26 INFO     Client 20 has no data. Skipping training.
04-11 17:26 INFO     Training network 21 n_training: 277
04-11 17:26 INFO     Training network 21
04-11 17:26 INFO     Client: 21 Epoch: 0 Loss: 1.9440068453550339
04-11 17:26 INFO     Client: 21 Epoch: 1 Loss: 0.6205529272556305
04-11 17:26 INFO     Client: 21 Epoch: 2 Loss: 0.4897008612751961
04-11 17:26 INFO     Client: 21 Epoch: 3 Loss: 0.4490126594901085
04-11 17:26 INFO     Client: 21 Epoch: 4 Loss: 0.4145570695400238
04-11 17:26 INFO      ** Client: 21 Training complete **
04-11 17:26 INFO     Training network 22 n_training: 718
04-11 17:26 INFO     Training network 22
04-11 17:26 INFO     Client: 22 Epoch: 0 Loss: 1.2963032885031267
04-11 17:26 INFO     Client: 22 Epoch: 1 Loss: 0.885590217330239
04-11 17:26 INFO     Client: 22 Epoch: 2 Loss: 0.8132039362734015
04-11 17:26 INFO     Client: 22 Epoch: 3 Loss: 0.7741233272985979
04-11 17:26 INFO     Client: 22 Epoch: 4 Loss: 0.7410264340313998
04-11 17:26 INFO      ** Client: 22 Training complete **
04-11 17:26 INFO     Training network 23 n_training: 70
04-11 17:26 INFO     Training network 23
04-11 17:26 INFO     Client: 23 Epoch: 0 Loss: 2.491000175476074
04-11 17:26 INFO     Client: 23 Epoch: 1 Loss: 2.350470781326294
04-11 17:26 INFO     Client: 23 Epoch: 2 Loss: 2.299492359161377
04-11 17:26 INFO     Client: 23 Epoch: 3 Loss: 1.6668355464935303
04-11 17:26 INFO     Client: 23 Epoch: 4 Loss: 1.25850248336792
04-11 17:26 INFO      ** Client: 23 Training complete **
04-11 17:26 INFO     Training network 24 n_training: 1084
04-11 17:26 INFO     Training network 24
04-11 17:26 INFO     Client: 24 Epoch: 0 Loss: 0.45000531239202246
04-11 17:26 INFO     Client: 24 Epoch: 1 Loss: 0.09180768558871932
04-11 17:26 INFO     Client: 24 Epoch: 2 Loss: 0.10184550209669396
04-11 17:26 INFO     Client: 24 Epoch: 3 Loss: 0.07076304033398628
04-11 17:26 INFO     Client: 24 Epoch: 4 Loss: 0.07959376700455323
04-11 17:26 INFO      ** Client: 24 Training complete **
04-11 17:26 INFO     Training network 25 n_training: 484
04-11 17:26 INFO     Training network 25
04-11 17:27 INFO     Client: 25 Epoch: 0 Loss: 1.7629500116620744
04-11 17:27 INFO     Client: 25 Epoch: 1 Loss: 0.7076877270426069
04-11 17:27 INFO     Client: 25 Epoch: 2 Loss: 0.6605405126299176
04-11 17:27 INFO     Client: 25 Epoch: 3 Loss: 0.6348450269017901
04-11 17:27 INFO     Client: 25 Epoch: 4 Loss: 0.6163772344589233
04-11 17:27 INFO      ** Client: 25 Training complete **
04-11 17:27 INFO     Training network 26 n_training: 72
04-11 17:27 INFO     Training network 26
04-11 17:27 INFO     Client: 26 Epoch: 0 Loss: 2.5231544971466064
04-11 17:27 INFO     Client: 26 Epoch: 1 Loss: 1.9641245603561401
04-11 17:27 INFO     Client: 26 Epoch: 2 Loss: 1.532877802848816
04-11 17:27 INFO     Client: 26 Epoch: 3 Loss: 0.5707222819328308
04-11 17:27 INFO     Client: 26 Epoch: 4 Loss: 0.537523627281189
04-11 17:27 INFO      ** Client: 26 Training complete **
04-11 17:27 INFO     Training network 27 n_training: 269
04-11 17:27 INFO     Training network 27
04-11 17:27 INFO     Client: 27 Epoch: 0 Loss: 1.3639240264892578
04-11 17:27 INFO     Client: 27 Epoch: 1 Loss: 0.6977320164442062
04-11 17:27 INFO     Client: 27 Epoch: 2 Loss: 0.485637903213501
04-11 17:27 INFO     Client: 27 Epoch: 3 Loss: 0.4464532807469368
04-11 17:27 INFO     Client: 27 Epoch: 4 Loss: 0.3477407693862915
04-11 17:27 INFO      ** Client: 27 Training complete **
04-11 17:27 INFO     Training network 28 n_training: 951
04-11 17:27 INFO     Training network 28
04-11 17:27 INFO     Client: 28 Epoch: 0 Loss: 1.4439910735402788
04-11 17:27 INFO     Client: 28 Epoch: 1 Loss: 0.9089326517922538
04-11 17:27 INFO     Client: 28 Epoch: 2 Loss: 0.8406318255833217
04-11 17:27 INFO     Client: 28 Epoch: 3 Loss: 0.7927960796015603
04-11 17:27 INFO     Client: 28 Epoch: 4 Loss: 0.8057866735117776
04-11 17:27 INFO      ** Client: 28 Training complete **
04-11 17:27 INFO     Training network 29 n_training: 845
04-11 17:27 INFO     Training network 29
04-11 17:27 INFO     Client: 29 Epoch: 0 Loss: 0.34731833188337846
04-11 17:27 INFO     Client: 29 Epoch: 1 Loss: 0.00010064388698083349
04-11 17:27 INFO     Client: 29 Epoch: 2 Loss: 3.3245154274761895e-05
04-11 17:27 INFO     Client: 29 Epoch: 3 Loss: 2.6502608726821982e-05
04-11 17:27 INFO     Client: 29 Epoch: 4 Loss: 2.6595742943195197e-05
04-11 17:27 INFO      ** Client: 29 Training complete **
04-11 17:27 INFO     Training network 30 n_training: 257
04-11 17:27 INFO     Training network 30
04-11 17:27 INFO     Client: 30 Epoch: 0 Loss: 1.6668308079242706
04-11 17:27 INFO     Client: 30 Epoch: 1 Loss: 1.0714584738016129
04-11 17:27 INFO     Client: 30 Epoch: 2 Loss: 0.7296729385852814
04-11 17:27 INFO     Client: 30 Epoch: 3 Loss: 0.6743268668651581
04-11 17:27 INFO     Client: 30 Epoch: 4 Loss: 0.6087290123105049
04-11 17:27 INFO      ** Client: 30 Training complete **
04-11 17:27 INFO     Training network 31 n_training: 211
04-11 17:27 INFO     Training network 31
04-11 17:27 INFO     Client: 31 Epoch: 0 Loss: 1.7143853108088176
04-11 17:27 INFO     Client: 31 Epoch: 1 Loss: 0.9698271552721659
04-11 17:27 INFO     Client: 31 Epoch: 2 Loss: 0.6411321560541788
04-11 17:27 INFO     Client: 31 Epoch: 3 Loss: 0.5993804335594177
04-11 17:27 INFO     Client: 31 Epoch: 4 Loss: 0.5406161348025004
04-11 17:27 INFO      ** Client: 31 Training complete **
04-11 17:27 INFO     Training network 32 n_training: 257
04-11 17:27 INFO     Training network 32
04-11 17:27 INFO     Client: 32 Epoch: 0 Loss: 1.5698751211166382
04-11 17:27 INFO     Client: 32 Epoch: 1 Loss: 0.6883239448070526
04-11 17:27 INFO     Client: 32 Epoch: 2 Loss: 0.515674039721489
04-11 17:27 INFO     Client: 32 Epoch: 3 Loss: 0.5235047563910484
04-11 17:27 INFO     Client: 32 Epoch: 4 Loss: 0.3806622326374054
04-11 17:27 INFO      ** Client: 32 Training complete **
04-11 17:27 INFO     Training network 33 n_training: 546
04-11 17:27 INFO     Training network 33
04-11 17:27 INFO     Client: 33 Epoch: 0 Loss: 1.644136242568493
04-11 17:27 INFO     Client: 33 Epoch: 1 Loss: 0.9615439772605896
04-11 17:27 INFO     Client: 33 Epoch: 2 Loss: 0.9153337329626083
04-11 17:27 INFO     Client: 33 Epoch: 3 Loss: 0.8279451355338097
04-11 17:27 INFO     Client: 33 Epoch: 4 Loss: 0.7977293282747269
04-11 17:27 INFO      ** Client: 33 Training complete **
04-11 17:27 INFO     Training network 34 n_training: 1363
04-11 17:27 INFO     Training network 34
04-11 17:27 INFO     Client: 34 Epoch: 0 Loss: 1.0245458710761297
04-11 17:27 INFO     Client: 34 Epoch: 1 Loss: 0.6179008086522421
04-11 17:27 INFO     Client: 34 Epoch: 2 Loss: 0.5471907399949574
04-11 17:27 INFO     Client: 34 Epoch: 3 Loss: 0.538170942238399
04-11 17:27 INFO     Client: 34 Epoch: 4 Loss: 0.5163537036804926
04-11 17:27 INFO      ** Client: 34 Training complete **
04-11 17:27 INFO     Training network 35 n_training: 263
04-11 17:27 INFO     Training network 35
04-11 17:27 INFO     Client: 35 Epoch: 0 Loss: 1.0262540131807327
04-11 17:27 INFO     Client: 35 Epoch: 1 Loss: 0.4445009157061577
04-11 17:27 INFO     Client: 35 Epoch: 2 Loss: 0.436361663043499
04-11 17:27 INFO     Client: 35 Epoch: 3 Loss: 0.3435497023165226
04-11 17:27 INFO     Client: 35 Epoch: 4 Loss: 0.2966757118701935
04-11 17:27 INFO      ** Client: 35 Training complete **
04-11 17:27 INFO     Training network 36 n_training: 979
04-11 17:27 INFO     Training network 36
04-11 17:27 INFO     Client: 36 Epoch: 0 Loss: 0.891233499844869
04-11 17:27 INFO     Client: 36 Epoch: 1 Loss: 0.43124045530954996
04-11 17:27 INFO     Client: 36 Epoch: 2 Loss: 0.39419545233249664
04-11 17:27 INFO     Client: 36 Epoch: 3 Loss: 0.38118744393189746
04-11 17:27 INFO     Client: 36 Epoch: 4 Loss: 0.3694493840138117
04-11 17:27 INFO      ** Client: 36 Training complete **
04-11 17:27 INFO     Training network 37 n_training: 139
04-11 17:27 INFO     Training network 37
04-11 17:27 INFO     Client: 37 Epoch: 0 Loss: 2.5314807891845703
04-11 17:27 INFO     Client: 37 Epoch: 1 Loss: 2.5810670852661133
04-11 17:27 INFO     Client: 37 Epoch: 2 Loss: 2.010365605354309
04-11 17:27 INFO     Client: 37 Epoch: 3 Loss: 1.5933019518852234
04-11 17:27 INFO     Client: 37 Epoch: 4 Loss: 1.489319622516632
04-11 17:27 INFO      ** Client: 37 Training complete **
04-11 17:27 INFO     Training network 38 n_training: 239
04-11 17:27 INFO     Training network 38
04-11 17:27 INFO     Client: 38 Epoch: 0 Loss: 2.114704728126526
04-11 17:27 INFO     Client: 38 Epoch: 1 Loss: 0.37795822819073993
04-11 17:27 INFO     Client: 38 Epoch: 2 Loss: 0.31209611147642136
04-11 17:27 INFO     Client: 38 Epoch: 3 Loss: 0.16918212175369263
04-11 17:27 INFO     Client: 38 Epoch: 4 Loss: 0.0921248272061348
04-11 17:27 INFO      ** Client: 38 Training complete **
04-11 17:27 INFO     Training network 39 n_training: 1283
04-11 17:27 INFO     Training network 39
04-11 17:27 INFO     Client: 39 Epoch: 0 Loss: 0.7531492009758949
04-11 17:27 INFO     Client: 39 Epoch: 1 Loss: 0.2817467100918293
04-11 17:27 INFO     Client: 39 Epoch: 2 Loss: 0.2528360620141029
04-11 17:27 INFO     Client: 39 Epoch: 3 Loss: 0.20863845013082027
04-11 17:27 INFO     Client: 39 Epoch: 4 Loss: 0.20567613318562508
04-11 17:27 INFO      ** Client: 39 Training complete **
04-11 17:27 INFO     Training network 40 n_training: 337
04-11 17:27 INFO     Training network 40
04-11 17:27 INFO     Client: 40 Epoch: 0 Loss: 2.416509675979614
04-11 17:27 INFO     Client: 40 Epoch: 1 Loss: 0.8332209706306457
04-11 17:27 INFO     Client: 40 Epoch: 2 Loss: 0.669735336303711
04-11 17:27 INFO     Client: 40 Epoch: 3 Loss: 0.5771929025650024
04-11 17:27 INFO     Client: 40 Epoch: 4 Loss: 0.5602192938327789
04-11 17:27 INFO      ** Client: 40 Training complete **
04-11 17:27 INFO     Training network 41 n_training: 502
04-11 17:27 INFO     Training network 41
04-11 17:27 INFO     Client: 41 Epoch: 0 Loss: 0.30328298521427705
04-11 17:27 INFO     Client: 41 Epoch: 1 Loss: 0.0004110120644327253
04-11 17:27 INFO     Client: 41 Epoch: 2 Loss: 8.449167372808526e-05
04-11 17:27 INFO     Client: 41 Epoch: 3 Loss: 4.0851636315762464e-05
04-11 17:27 INFO     Client: 41 Epoch: 4 Loss: 2.896686575175928e-05
04-11 17:27 INFO      ** Client: 41 Training complete **
04-11 17:27 INFO     Training network 42 n_training: 147
04-11 17:27 INFO     Training network 42
04-11 17:27 INFO     Client: 42 Epoch: 0 Loss: 2.2130990028381348
04-11 17:27 INFO     Client: 42 Epoch: 1 Loss: 2.754600167274475
04-11 17:27 INFO     Client: 42 Epoch: 2 Loss: 1.1007158756256104
04-11 17:27 INFO     Client: 42 Epoch: 3 Loss: 0.9490859508514404
04-11 17:27 INFO     Client: 42 Epoch: 4 Loss: 0.9139154255390167
04-11 17:27 INFO      ** Client: 42 Training complete **
04-11 17:27 INFO     Training network 43 n_training: 372
04-11 17:27 INFO     Training network 43
04-11 17:27 INFO     Client: 43 Epoch: 0 Loss: 1.5339800477027894
04-11 17:27 INFO     Client: 43 Epoch: 1 Loss: 0.903508973121643
04-11 17:27 INFO     Client: 43 Epoch: 2 Loss: 0.7063026666641236
04-11 17:27 INFO     Client: 43 Epoch: 3 Loss: 0.6020646929740906
04-11 17:27 INFO     Client: 43 Epoch: 4 Loss: 0.5631035387516021
04-11 17:27 INFO      ** Client: 43 Training complete **
04-11 17:27 INFO     Training network 44 n_training: 668
04-11 17:27 INFO     Training network 44
04-11 17:27 INFO     Client: 44 Epoch: 0 Loss: 2.0382508635520935
04-11 17:27 INFO     Client: 44 Epoch: 1 Loss: 1.1622299551963806
04-11 17:27 INFO     Client: 44 Epoch: 2 Loss: 1.1618812918663024
04-11 17:27 INFO     Client: 44 Epoch: 3 Loss: 1.0547461569309236
04-11 17:27 INFO     Client: 44 Epoch: 4 Loss: 1.0323983311653138
04-11 17:27 INFO      ** Client: 44 Training complete **
04-11 17:27 INFO     Training network 45 n_training: 122
04-11 17:27 INFO     Training network 45
04-11 17:27 INFO     Client: 45 Epoch: 0 Loss: 2.380772590637207
04-11 17:27 INFO     Client: 45 Epoch: 1 Loss: 2.133335828781128
04-11 17:27 INFO     Client: 45 Epoch: 2 Loss: 2.1351499557495117
04-11 17:27 INFO     Client: 45 Epoch: 3 Loss: 0.8992540240287781
04-11 17:27 INFO     Client: 45 Epoch: 4 Loss: 1.1248365640640259
04-11 17:27 INFO      ** Client: 45 Training complete **
04-11 17:27 INFO     Training network 46 n_training: 530
04-11 17:27 INFO     Training network 46
04-11 17:27 INFO     Client: 46 Epoch: 0 Loss: 1.7661808133125305
04-11 17:27 INFO     Client: 46 Epoch: 1 Loss: 1.0599071383476257
04-11 17:27 INFO     Client: 46 Epoch: 2 Loss: 0.9564727395772934
04-11 17:27 INFO     Client: 46 Epoch: 3 Loss: 0.8911273404955864
04-11 17:27 INFO     Client: 46 Epoch: 4 Loss: 0.8929082751274109
04-11 17:27 INFO      ** Client: 46 Training complete **
04-11 17:27 INFO     Training network 47 n_training: 689
04-11 17:27 INFO     Training network 47
04-11 17:27 INFO     Client: 47 Epoch: 0 Loss: 0.21392490643775092
04-11 17:27 INFO     Client: 47 Epoch: 1 Loss: 0.00015711960586486384
04-11 17:27 INFO     Client: 47 Epoch: 2 Loss: 4.266507348802406e-05
04-11 17:27 INFO     Client: 47 Epoch: 3 Loss: 2.8050399669155014e-05
04-11 17:27 INFO     Client: 47 Epoch: 4 Loss: 2.519991303415736e-05
04-11 17:27 INFO      ** Client: 47 Training complete **
04-11 17:27 INFO     Training network 48 n_training: 309
04-11 17:27 INFO     Training network 48
04-11 17:28 INFO     Client: 48 Epoch: 0 Loss: 1.8582333028316498
04-11 17:28 INFO     Client: 48 Epoch: 1 Loss: 1.186006337404251
04-11 17:28 INFO     Client: 48 Epoch: 2 Loss: 0.8720880299806595
04-11 17:28 INFO     Client: 48 Epoch: 3 Loss: 0.8113339394330978
04-11 17:28 INFO     Client: 48 Epoch: 4 Loss: 0.7246304154396057
04-11 17:28 INFO      ** Client: 48 Training complete **
04-11 17:28 INFO     Training network 49 n_training: 695
04-11 17:28 INFO     Training network 49
04-11 17:28 INFO     Client: 49 Epoch: 0 Loss: 1.4530896365642547
04-11 17:28 INFO     Client: 49 Epoch: 1 Loss: 0.6487548500299454
04-11 17:28 INFO     Client: 49 Epoch: 2 Loss: 0.5033246606588364
04-11 17:28 INFO     Client: 49 Epoch: 3 Loss: 0.48625001311302185
04-11 17:28 INFO     Client: 49 Epoch: 4 Loss: 0.41955279409885404
04-11 17:28 INFO      ** Client: 49 Training complete **
04-11 17:28 INFO     Training network 50 n_training: 118
04-11 17:28 INFO     Training network 50
04-11 17:28 INFO     Client: 50 Epoch: 0 Loss: 2.450316905975342
04-11 17:28 INFO     Client: 50 Epoch: 1 Loss: 1.4751343727111816
04-11 17:28 INFO     Client: 50 Epoch: 2 Loss: 1.2758876085281372
04-11 17:28 INFO     Client: 50 Epoch: 3 Loss: 0.7652587294578552
04-11 17:28 INFO     Client: 50 Epoch: 4 Loss: 0.5727509260177612
04-11 17:28 INFO      ** Client: 50 Training complete **
04-11 17:28 INFO     Training network 51 n_training: 762
04-11 17:28 INFO     Training network 51
04-11 17:28 INFO     Client: 51 Epoch: 0 Loss: 1.6669946908950806
04-11 17:28 INFO     Client: 51 Epoch: 1 Loss: 1.2007633989507502
04-11 17:28 INFO     Client: 51 Epoch: 2 Loss: 1.0943877371874722
04-11 17:28 INFO     Client: 51 Epoch: 3 Loss: 1.031323709271171
04-11 17:28 INFO     Client: 51 Epoch: 4 Loss: 0.9718627604571256
04-11 17:28 INFO      ** Client: 51 Training complete **
04-11 17:28 INFO     Training network 52 n_training: 1078
04-11 17:28 INFO     Training network 52
04-11 17:28 INFO     Client: 52 Epoch: 0 Loss: 0.6963449297472835
04-11 17:28 INFO     Client: 52 Epoch: 1 Loss: 0.32540968898683786
04-11 17:28 INFO     Client: 52 Epoch: 2 Loss: 0.25549101270735264
04-11 17:28 INFO     Client: 52 Epoch: 3 Loss: 0.25449461163952947
04-11 17:28 INFO     Client: 52 Epoch: 4 Loss: 0.22347841830924153
04-11 17:28 INFO      ** Client: 52 Training complete **
04-11 17:28 INFO     Training network 53 n_training: 262
04-11 17:28 INFO     Training network 53
04-11 17:28 INFO     Client: 53 Epoch: 0 Loss: 2.564171463251114
04-11 17:28 INFO     Client: 53 Epoch: 1 Loss: 1.1941700726747513
04-11 17:28 INFO     Client: 53 Epoch: 2 Loss: 0.8634648025035858
04-11 17:28 INFO     Client: 53 Epoch: 3 Loss: 0.7481825053691864
04-11 17:28 INFO     Client: 53 Epoch: 4 Loss: 0.8342227190732956
04-11 17:28 INFO      ** Client: 53 Training complete **
04-11 17:28 INFO     Training network 54 n_training: 323
04-11 17:28 INFO     Training network 54
04-11 17:28 INFO     Client: 54 Epoch: 0 Loss: 2.1383437156677245
04-11 17:28 INFO     Client: 54 Epoch: 1 Loss: 1.043910551071167
04-11 17:28 INFO     Client: 54 Epoch: 2 Loss: 0.8885400176048279
04-11 17:28 INFO     Client: 54 Epoch: 3 Loss: 0.8822184681892395
04-11 17:28 INFO     Client: 54 Epoch: 4 Loss: 0.8450622677803039
04-11 17:28 INFO      ** Client: 54 Training complete **
04-11 17:28 INFO     Training network 55 n_training: 2015
04-11 17:28 INFO     Training network 55
04-11 17:28 INFO     Client: 55 Epoch: 0 Loss: 0.1573609128968054
04-11 17:28 INFO     Client: 55 Epoch: 1 Loss: 0.009409019931486146
04-11 17:28 INFO     Client: 55 Epoch: 2 Loss: 0.008266313422110773
04-11 17:28 INFO     Client: 55 Epoch: 3 Loss: 0.008072031781569334
04-11 17:28 INFO     Client: 55 Epoch: 4 Loss: 0.010263415254162429
04-11 17:28 INFO      ** Client: 55 Training complete **
04-11 17:28 INFO     Training network 56 n_training: 876
04-11 17:28 INFO     Training network 56
04-11 17:28 INFO     Client: 56 Epoch: 0 Loss: 0.309380509908526
04-11 17:28 INFO     Client: 56 Epoch: 1 Loss: 0.08984384657098697
04-11 17:28 INFO     Client: 56 Epoch: 2 Loss: 0.07355243479833007
04-11 17:28 INFO     Client: 56 Epoch: 3 Loss: 0.08037792475750813
04-11 17:28 INFO     Client: 56 Epoch: 4 Loss: 0.08149066581749
04-11 17:28 INFO      ** Client: 56 Training complete **
04-11 17:28 INFO     Training network 57 n_training: 655
04-11 17:28 INFO     Training network 57
04-11 17:28 INFO     Client: 57 Epoch: 0 Loss: 1.3215828478336333
04-11 17:28 INFO     Client: 57 Epoch: 1 Loss: 0.8085999131202698
04-11 17:28 INFO     Client: 57 Epoch: 2 Loss: 0.6762743860483169
04-11 17:28 INFO     Client: 57 Epoch: 3 Loss: 0.5725570917129517
04-11 17:28 INFO     Client: 57 Epoch: 4 Loss: 0.5202503710985183
04-11 17:28 INFO      ** Client: 57 Training complete **
04-11 17:28 INFO     Training network 58 n_training: 787
04-11 17:28 INFO     Training network 58
04-11 17:28 INFO     Client: 58 Epoch: 0 Loss: 0.36078807745313196
04-11 17:28 INFO     Client: 58 Epoch: 1 Loss: 0.022862953274549607
04-11 17:28 INFO     Client: 58 Epoch: 2 Loss: 0.010195887274070023
04-11 17:28 INFO     Client: 58 Epoch: 3 Loss: 0.015547667586361058
04-11 17:28 INFO     Client: 58 Epoch: 4 Loss: 0.013045474867491672
04-11 17:28 INFO      ** Client: 58 Training complete **
04-11 17:28 INFO     Training network 59 n_training: 131
04-11 17:28 INFO     Training network 59
04-11 17:28 INFO     Client: 59 Epoch: 0 Loss: 1.9138954281806946
04-11 17:28 INFO     Client: 59 Epoch: 1 Loss: 0.9029443264007568
04-11 17:28 INFO     Client: 59 Epoch: 2 Loss: 0.5021571218967438
04-11 17:28 INFO     Client: 59 Epoch: 3 Loss: 0.49604344367980957
04-11 17:28 INFO     Client: 59 Epoch: 4 Loss: 0.3924429714679718
04-11 17:28 INFO      ** Client: 59 Training complete **
04-11 17:28 INFO     Training network 60 n_training: 15
04-11 17:28 INFO     Training network 60
04-11 17:28 INFO     Client 60 has no data. Skipping training.
04-11 17:28 INFO     Training network 61 n_training: 711
04-11 17:28 INFO     Training network 61
04-11 17:28 INFO     Client: 61 Epoch: 0 Loss: 1.3021643486889927
04-11 17:28 INFO     Client: 61 Epoch: 1 Loss: 0.7709473804994063
04-11 17:28 INFO     Client: 61 Epoch: 2 Loss: 0.6875979656522925
04-11 17:28 INFO     Client: 61 Epoch: 3 Loss: 0.6544760248877786
04-11 17:28 INFO     Client: 61 Epoch: 4 Loss: 0.5872048925269734
04-11 17:28 INFO      ** Client: 61 Training complete **
04-11 17:28 INFO     Training network 62 n_training: 359
04-11 17:28 INFO     Training network 62
04-11 17:28 INFO     Client: 62 Epoch: 0 Loss: 1.0525793075561523
04-11 17:28 INFO     Client: 62 Epoch: 1 Loss: 0.14864949081093073
04-11 17:28 INFO     Client: 62 Epoch: 2 Loss: 0.10214785076677799
04-11 17:28 INFO     Client: 62 Epoch: 3 Loss: 0.08921493217349052
04-11 17:28 INFO     Client: 62 Epoch: 4 Loss: 0.03935159370303154
04-11 17:28 INFO      ** Client: 62 Training complete **
04-11 17:28 INFO     Training network 63 n_training: 582
04-11 17:28 INFO     Training network 63
