02-08 18:13 INFO     cuda
02-08 18:13 INFO     Command Line Arguments: 
{
    "epochs": 5,
    "comm_round": 50,
    "sample_fraction": 1.0,
    "alpha": 0.01,
    "dataset": "cifar10",
    "datadir": "../data/",
    "partition": "iid",
    "alg": "fedavg",
    "model": "resnet-18",
    "n_parties": 10,
    "lr": 0.01,
    "mu": 1,
    "std_coeff": 2.5,
    "unif_coeff": 0.5,
    "batch_size": 128,
    "load_first_net": 1,
    "pool_option": "FIFO",
    "model_buffer_size": 1,
    "optimizer": "sgd",
    "simp_width": 1,
    "out_dim": 256,
    "reg": 0.0005,
    "temperature": 0.5,
    "logdir": "./",
    "log_file_name": "logs/experiment_log-alg=fedavg_partition=iid_lr=0.01_epochs=5_num_users=10_beta=0.01_batch_size=128_opt=sgd_dataset=cifar10_2024-02-08-1813-00",
    "seed": 42,
    "device": "cuda",
    "multiprocessing": 0
}
02-08 18:13 INFO     Data statistics: {0: {0: 476, 1: 487, 2: 527, 3: 523, 4: 486, 5: 504, 6: 485, 7: 509, 8: 503, 9: 500}, 1: {0: 497, 1: 492, 2: 503, 3: 500, 4: 447, 5: 511, 6: 511, 7: 485, 8: 514, 9: 540}, 2: {0: 500, 1: 498, 2: 470, 3: 519, 4: 504, 5: 530, 6: 469, 7: 497, 8: 529, 9: 484}, 3: {0: 500, 1: 502, 2: 509, 3: 499, 4: 507, 5: 488, 6: 475, 7: 502, 8: 499, 9: 519}, 4: {0: 476, 1: 530, 2: 505, 3: 495, 4: 470, 5: 511, 6: 507, 7: 493, 8: 496, 9: 517}, 5: {0: 505, 1: 518, 2: 502, 3: 496, 4: 529, 5: 487, 6: 519, 7: 493, 8: 472, 9: 479}, 6: {0: 531, 1: 505, 2: 502, 3: 498, 4: 513, 5: 478, 6: 532, 7: 481, 8: 472, 9: 488}, 7: {0: 505, 1: 479, 2: 489, 3: 503, 4: 533, 5: 487, 6: 469, 7: 494, 8: 511, 9: 530}, 8: {0: 500, 1: 502, 2: 491, 3: 493, 4: 487, 5: 501, 6: 528, 7: 512, 8: 505, 9: 481}, 9: {0: 510, 1: 487, 2: 502, 3: 474, 4: 524, 5: 503, 6: 505, 7: 534, 8: 499, 9: 462}}
02-08 18:13 INFO     in comm round:0
02-08 18:13 INFO     Training network 0 n_training: 5000
02-08 18:13 INFO     Training network 0
02-08 18:13 INFO     n_training: 39
02-08 18:13 INFO     n_test: 79
02-08 18:13 INFO     Client: 0 Epoch: 0 Loss: 1.955353 Loss1: 0.000000 Loss2: 0.000000
02-08 18:13 INFO     Client: 0 Epoch: 1 Loss: 1.507864 Loss1: 0.000000 Loss2: 0.000000
02-08 18:13 INFO     Client: 0 Epoch: 2 Loss: 1.215508 Loss1: 0.000000 Loss2: 0.000000
02-08 18:13 INFO     Client: 0 Epoch: 3 Loss: 0.916430 Loss1: 0.000000 Loss2: 0.000000
02-08 18:13 INFO     Client: 0 Epoch: 4 Loss: 0.670823 Loss1: 0.000000 Loss2: 0.000000
02-08 18:13 INFO      ** Client: 0 Training complete **
02-08 18:13 INFO     Training network 1 n_training: 5000
02-08 18:13 INFO     Training network 1
02-08 18:13 INFO     n_training: 39
02-08 18:13 INFO     n_test: 79
02-08 18:14 INFO     Client: 1 Epoch: 0 Loss: 1.934421 Loss1: 0.000000 Loss2: 0.000000
02-08 18:14 INFO     Client: 1 Epoch: 1 Loss: 1.468007 Loss1: 0.000000 Loss2: 0.000000
02-08 18:14 INFO     Client: 1 Epoch: 2 Loss: 1.173045 Loss1: 0.000000 Loss2: 0.000000
02-08 18:14 INFO     Client: 1 Epoch: 3 Loss: 0.924579 Loss1: 0.000000 Loss2: 0.000000
02-08 18:14 INFO     Client: 1 Epoch: 4 Loss: 0.647028 Loss1: 0.000000 Loss2: 0.000000
02-08 18:14 INFO      ** Client: 1 Training complete **
02-08 18:14 INFO     Training network 2 n_training: 5000
02-08 18:14 INFO     Training network 2
02-08 18:14 INFO     n_training: 39
02-08 18:14 INFO     n_test: 79
02-08 18:14 INFO     Client: 2 Epoch: 0 Loss: 1.946157 Loss1: 0.000000 Loss2: 0.000000
02-08 18:14 INFO     Client: 2 Epoch: 1 Loss: 1.533113 Loss1: 0.000000 Loss2: 0.000000
02-08 18:14 INFO     Client: 2 Epoch: 2 Loss: 1.238091 Loss1: 0.000000 Loss2: 0.000000
02-08 18:14 INFO     Client: 2 Epoch: 3 Loss: 0.951790 Loss1: 0.000000 Loss2: 0.000000
02-08 18:14 INFO     Client: 2 Epoch: 4 Loss: 0.722424 Loss1: 0.000000 Loss2: 0.000000
02-08 18:14 INFO      ** Client: 2 Training complete **
02-08 18:14 INFO     Training network 3 n_training: 5000
02-08 18:14 INFO     Training network 3
02-08 18:14 INFO     n_training: 39
02-08 18:14 INFO     n_test: 79
02-08 18:15 INFO     Client: 3 Epoch: 0 Loss: 1.951635 Loss1: 0.000000 Loss2: 0.000000
02-08 18:15 INFO     Client: 3 Epoch: 1 Loss: 1.529154 Loss1: 0.000000 Loss2: 0.000000
02-08 18:15 INFO     Client: 3 Epoch: 2 Loss: 1.243359 Loss1: 0.000000 Loss2: 0.000000
02-08 18:15 INFO     Client: 3 Epoch: 3 Loss: 0.991931 Loss1: 0.000000 Loss2: 0.000000
02-08 18:15 INFO     Client: 3 Epoch: 4 Loss: 0.759920 Loss1: 0.000000 Loss2: 0.000000
02-08 18:15 INFO      ** Client: 3 Training complete **
02-08 18:15 INFO     Training network 4 n_training: 5000
02-08 18:15 INFO     Training network 4
02-08 18:15 INFO     n_training: 39
02-08 18:15 INFO     n_test: 79
02-08 18:15 INFO     Client: 4 Epoch: 0 Loss: 1.954620 Loss1: 0.000000 Loss2: 0.000000
02-08 18:15 INFO     Client: 4 Epoch: 1 Loss: 1.493625 Loss1: 0.000000 Loss2: 0.000000
02-08 18:15 INFO     Client: 4 Epoch: 2 Loss: 1.195696 Loss1: 0.000000 Loss2: 0.000000
02-08 18:15 INFO     Client: 4 Epoch: 3 Loss: 0.899838 Loss1: 0.000000 Loss2: 0.000000
02-08 18:15 INFO     Client: 4 Epoch: 4 Loss: 0.673011 Loss1: 0.000000 Loss2: 0.000000
02-08 18:15 INFO      ** Client: 4 Training complete **
02-08 18:15 INFO     Training network 5 n_training: 5000
02-08 18:15 INFO     Training network 5
02-08 18:15 INFO     n_training: 39
02-08 18:15 INFO     n_test: 79
02-08 18:16 INFO     Client: 5 Epoch: 0 Loss: 1.990661 Loss1: 0.000000 Loss2: 0.000000
02-08 18:16 INFO     Client: 5 Epoch: 1 Loss: 1.579687 Loss1: 0.000000 Loss2: 0.000000
02-08 18:16 INFO     Client: 5 Epoch: 2 Loss: 1.302819 Loss1: 0.000000 Loss2: 0.000000
02-08 18:16 INFO     Client: 5 Epoch: 3 Loss: 1.028881 Loss1: 0.000000 Loss2: 0.000000
02-08 18:16 INFO     Client: 5 Epoch: 4 Loss: 0.759677 Loss1: 0.000000 Loss2: 0.000000
02-08 18:16 INFO      ** Client: 5 Training complete **
02-08 18:16 INFO     Training network 6 n_training: 5000
02-08 18:16 INFO     Training network 6
02-08 18:16 INFO     n_training: 39
02-08 18:16 INFO     n_test: 79
02-08 18:16 INFO     Client: 6 Epoch: 0 Loss: 1.981122 Loss1: 0.000000 Loss2: 0.000000
02-08 18:16 INFO     Client: 6 Epoch: 1 Loss: 1.514454 Loss1: 0.000000 Loss2: 0.000000
02-08 18:16 INFO     Client: 6 Epoch: 2 Loss: 1.161541 Loss1: 0.000000 Loss2: 0.000000
02-08 18:16 INFO     Client: 6 Epoch: 3 Loss: 0.909572 Loss1: 0.000000 Loss2: 0.000000
02-08 18:16 INFO     Client: 6 Epoch: 4 Loss: 0.650180 Loss1: 0.000000 Loss2: 0.000000
02-08 18:16 INFO      ** Client: 6 Training complete **
02-08 18:16 INFO     Training network 7 n_training: 5000
02-08 18:16 INFO     Training network 7
02-08 18:16 INFO     n_training: 39
02-08 18:16 INFO     n_test: 79
02-08 18:17 INFO     Client: 7 Epoch: 0 Loss: 1.938451 Loss1: 0.000000 Loss2: 0.000000
02-08 18:17 INFO     Client: 7 Epoch: 1 Loss: 1.478092 Loss1: 0.000000 Loss2: 0.000000
02-08 18:17 INFO     Client: 7 Epoch: 2 Loss: 1.190012 Loss1: 0.000000 Loss2: 0.000000
02-08 18:17 INFO     Client: 7 Epoch: 3 Loss: 0.901344 Loss1: 0.000000 Loss2: 0.000000
02-08 18:17 INFO     Client: 7 Epoch: 4 Loss: 0.660426 Loss1: 0.000000 Loss2: 0.000000
02-08 18:17 INFO      ** Client: 7 Training complete **
02-08 18:17 INFO     Training network 8 n_training: 5000
02-08 18:17 INFO     Training network 8
02-08 18:17 INFO     n_training: 39
02-08 18:17 INFO     n_test: 79
02-08 18:17 INFO     Client: 8 Epoch: 0 Loss: 1.950136 Loss1: 0.000000 Loss2: 0.000000
02-08 18:17 INFO     Client: 8 Epoch: 1 Loss: 1.497474 Loss1: 0.000000 Loss2: 0.000000
02-08 18:17 INFO     Client: 8 Epoch: 2 Loss: 1.209744 Loss1: 0.000000 Loss2: 0.000000
02-08 18:17 INFO     Client: 8 Epoch: 3 Loss: 0.904766 Loss1: 0.000000 Loss2: 0.000000
02-08 18:17 INFO     Client: 8 Epoch: 4 Loss: 0.717656 Loss1: 0.000000 Loss2: 0.000000
02-08 18:17 INFO      ** Client: 8 Training complete **
02-08 18:17 INFO     Training network 9 n_training: 5000
02-08 18:17 INFO     Training network 9
02-08 18:17 INFO     n_training: 39
02-08 18:17 INFO     n_test: 79
02-08 18:18 INFO     Client: 9 Epoch: 0 Loss: 1.939659 Loss1: 0.000000 Loss2: 0.000000
02-08 18:18 INFO     Client: 9 Epoch: 1 Loss: 1.519920 Loss1: 0.000000 Loss2: 0.000000
02-08 18:18 INFO     Client: 9 Epoch: 2 Loss: 1.253232 Loss1: 0.000000 Loss2: 0.000000
02-08 18:18 INFO     Client: 9 Epoch: 3 Loss: 0.974191 Loss1: 0.000000 Loss2: 0.000000
02-08 18:18 INFO     Client: 9 Epoch: 4 Loss: 0.719622 Loss1: 0.000000 Loss2: 0.000000
02-08 18:18 INFO      ** Client: 9 Training complete **
02-08 18:18 INFO     global n_training: 390
02-08 18:18 INFO     global n_test: 79
