04-11 15:13 INFO     cuda
04-11 15:13 INFO     Command Line Arguments: 
{
    "epochs": 5,
    "comm_round": 70,
    "sample_fraction": 1.0,
    "alpha": 0.01,
    "dataset": "cifar10",
    "datadir": "../data/",
    "partition": "iid",
    "alg": "sflv1",
    "model": "resnet-18",
    "split_layer": 4,
    "n_parties": 5,
    "lr": 0.001,
    "mu": 1,
    "std_coeff": 2.5,
    "unif_coeff": 0.5,
    "batch_size": 128,
    "load_first_net": 1,
    "pool_option": "FIFO",
    "model_buffer_size": 1,
    "optimizer": "adam",
    "simp_width": 1,
    "out_dim": 256,
    "reg": 0.0005,
    "temperature": 0.5,
    "logdir": "./",
    "log_file_name": "logs/experiment_log-alg=sflv1_partition=iid_lr=0.001_epochs=5_num_users=5_beta=0.01_batch_size=128_opt=adam_dataset=cifar10_2024-04-11-1513-37",
    "seed": 123,
    "device": "cuda:7",
    "accuracies_file": "logs/resnet_18_100_users.csv",
    "dont_skip": false,
    "multiprocessing": 0
}
04-11 15:13 INFO     Data statistics: {0: {0: 1036, 1: 971, 2: 979, 3: 1017, 4: 1046, 5: 993, 6: 970, 7: 950, 8: 1022, 9: 1016}, 1: {0: 944, 1: 1049, 2: 1037, 3: 989, 4: 975, 5: 960, 6: 1017, 7: 1014, 8: 1025, 9: 990}, 2: {0: 983, 1: 986, 2: 985, 3: 984, 4: 990, 5: 1040, 6: 994, 7: 1041, 8: 990, 9: 1007}, 3: {0: 1029, 1: 1012, 2: 963, 3: 1001, 4: 1000, 5: 1001, 6: 988, 7: 999, 8: 987, 9: 1020}, 4: {0: 1008, 1: 982, 2: 1036, 3: 1009, 4: 989, 5: 1006, 6: 1031, 7: 996, 8: 976, 9: 967}}
04-11 15:13 INFO     in comm round:0
04-11 15:13 INFO     Training network 0 n_training: 10000
04-11 15:13 INFO     Training network 0
04-11 15:13 INFO     Client: 0 Epoch: 0 Loss: 1.860590473199502
04-11 15:13 INFO     Client: 0 Epoch: 1 Loss: 1.5804825639113402
04-11 15:13 INFO     Client: 0 Epoch: 2 Loss: 1.435971969213241
04-11 15:13 INFO     Client: 0 Epoch: 3 Loss: 1.303443220945505
04-11 15:14 INFO     Client: 0 Epoch: 4 Loss: 1.19886897618954
04-11 15:14 INFO      ** Client: 0 Training complete **
04-11 15:14 INFO     Training network 1 n_training: 10000
04-11 15:14 INFO     Training network 1
04-11 15:14 INFO     Client: 1 Epoch: 0 Loss: 1.8869806084877405
04-11 15:14 INFO     Client: 1 Epoch: 1 Loss: 1.604476204285255
04-11 15:14 INFO     Client: 1 Epoch: 2 Loss: 1.439085637911772
04-11 15:14 INFO     Client: 1 Epoch: 3 Loss: 1.2924221081611438
04-11 15:14 INFO     Client: 1 Epoch: 4 Loss: 1.1771211012815819
04-11 15:14 INFO      ** Client: 1 Training complete **
04-11 15:14 INFO     Training network 2 n_training: 10000
04-11 15:14 INFO     Training network 2
04-11 15:14 INFO     Client: 2 Epoch: 0 Loss: 1.899161343391125
04-11 15:14 INFO     Client: 2 Epoch: 1 Loss: 1.5897053556564527
04-11 15:14 INFO     Client: 2 Epoch: 2 Loss: 1.42691524212177
04-11 15:14 INFO     Client: 2 Epoch: 3 Loss: 1.3049084330216432
04-11 15:14 INFO     Client: 2 Epoch: 4 Loss: 1.1961197081284645
04-11 15:14 INFO      ** Client: 2 Training complete **
04-11 15:14 INFO     Training network 3 n_training: 10000
04-11 15:14 INFO     Training network 3
04-11 15:14 INFO     Client: 3 Epoch: 0 Loss: 1.8865352486952758
04-11 15:14 INFO     Client: 3 Epoch: 1 Loss: 1.5833694063700163
04-11 15:14 INFO     Client: 3 Epoch: 2 Loss: 1.4090022475291522
04-11 15:14 INFO     Client: 3 Epoch: 3 Loss: 1.2741789053647945
04-11 15:14 INFO     Client: 3 Epoch: 4 Loss: 1.181194462073155
04-11 15:14 INFO      ** Client: 3 Training complete **
04-11 15:14 INFO     Training network 4 n_training: 10000
04-11 15:14 INFO     Training network 4
04-11 15:14 INFO     Client: 4 Epoch: 0 Loss: 1.912395790601388
04-11 15:15 INFO     Client: 4 Epoch: 1 Loss: 1.5943495401969323
04-11 15:15 INFO     Client: 4 Epoch: 2 Loss: 1.4139441756101756
04-11 15:15 INFO     Client: 4 Epoch: 3 Loss: 1.2971435219813616
04-11 15:15 INFO     Client: 4 Epoch: 4 Loss: 1.1926501821248958
04-11 15:15 INFO      ** Client: 4 Training complete **
04-11 15:15 INFO     global n_training: 390
04-11 15:15 INFO     global n_test: 79
04-11 15:15 INFO     >> Global Model Train accuracy: 0.1000, Train accuracy top-5: 0.5050
04-11 15:15 INFO     >> Global Model Test accuracy: 0.1000, Test accuracy top-5: 0.5117
04-11 15:15 INFO     >> Global Model Train loss: 2.3184
04-11 15:15 INFO     in comm round:1
04-11 15:15 INFO     Training network 0 n_training: 10000
04-11 15:15 INFO     Training network 0
04-11 15:15 INFO     Client: 0 Epoch: 0 Loss: 1.5387192933987348
04-11 15:15 INFO     Client: 0 Epoch: 1 Loss: 1.2556642668369489
04-11 15:15 INFO     Client: 0 Epoch: 2 Loss: 1.1516731167450929
04-11 15:15 INFO     Client: 0 Epoch: 3 Loss: 1.0531435158008184
04-11 15:15 INFO     Client: 0 Epoch: 4 Loss: 0.9870489904513726
04-11 15:15 INFO      ** Client: 0 Training complete **
04-11 15:15 INFO     Training network 1 n_training: 10000
04-11 15:15 INFO     Training network 1
04-11 15:15 INFO     Client: 1 Epoch: 0 Loss: 1.4151232089751806
04-11 15:15 INFO     Client: 1 Epoch: 1 Loss: 1.1771559073374822
04-11 15:15 INFO     Client: 1 Epoch: 2 Loss: 1.0842684278121362
04-11 15:15 INFO     Client: 1 Epoch: 3 Loss: 1.0141399923043373
04-11 15:15 INFO     Client: 1 Epoch: 4 Loss: 0.9605865822388575
04-11 15:15 INFO      ** Client: 1 Training complete **
04-11 15:15 INFO     Training network 2 n_training: 10000
04-11 15:15 INFO     Training network 2
04-11 15:15 INFO     Client: 2 Epoch: 0 Loss: 1.4671210203415308
04-11 15:16 INFO     Client: 2 Epoch: 1 Loss: 1.22132385464815
04-11 15:16 INFO     Client: 2 Epoch: 2 Loss: 1.1227755493078477
04-11 15:16 INFO     Client: 2 Epoch: 3 Loss: 1.0477413183603532
04-11 15:16 INFO     Client: 2 Epoch: 4 Loss: 0.9715181566201724
04-11 15:16 INFO      ** Client: 2 Training complete **
04-11 15:16 INFO     Training network 3 n_training: 10000
04-11 15:16 INFO     Training network 3
04-11 15:16 INFO     Client: 3 Epoch: 0 Loss: 1.5429369104214203
04-11 15:16 INFO     Client: 3 Epoch: 1 Loss: 1.249794744528257
04-11 15:16 INFO     Client: 3 Epoch: 2 Loss: 1.1101071391350184
04-11 15:16 INFO     Client: 3 Epoch: 3 Loss: 1.038190565812282
04-11 15:16 INFO     Client: 3 Epoch: 4 Loss: 0.9800292108303461
04-11 15:16 INFO      ** Client: 3 Training complete **
04-11 15:16 INFO     Training network 4 n_training: 10000
04-11 15:16 INFO     Training network 4
04-11 15:16 INFO     Client: 4 Epoch: 0 Loss: 1.5183984209329655
04-11 15:16 INFO     Client: 4 Epoch: 1 Loss: 1.2291000989767222
04-11 15:16 INFO     Client: 4 Epoch: 2 Loss: 1.1115525785164955
04-11 15:16 INFO     Client: 4 Epoch: 3 Loss: 1.0389109230958498
04-11 15:16 INFO     Client: 4 Epoch: 4 Loss: 0.9953091022295829
04-11 15:16 INFO      ** Client: 4 Training complete **
04-11 15:16 INFO     global n_training: 390
04-11 15:16 INFO     global n_test: 79
04-11 15:16 INFO     >> Global Model Train accuracy: 0.1310, Train accuracy top-5: 0.5832
04-11 15:16 INFO     >> Global Model Test accuracy: 0.1530, Test accuracy top-5: 0.6295
04-11 15:16 INFO     >> Global Model Train loss: 2.2151
04-11 15:16 INFO     in comm round:2
04-11 15:16 INFO     Training network 0 n_training: 10000
04-11 15:16 INFO     Training network 0
04-11 15:16 INFO     Client: 0 Epoch: 0 Loss: 1.1346424764547594
04-11 15:16 INFO     Client: 0 Epoch: 1 Loss: 0.9824812756134913
04-11 15:17 INFO     Client: 0 Epoch: 2 Loss: 0.9172600821042672
