05-16 17:00 INFO     cuda
05-16 17:00 INFO     Command Line Arguments: 
{
    "epochs": 5,
    "comm_round": 100,
    "sample_fraction": 1.0,
    "alpha": 0.01,
    "dataset": "cifar10",
    "datadir": "../data/",
    "partition": "iid",
    "alg": "centralized",
    "model": "resnet-18",
    "split_layer": 1,
    "n_parties": 1,
    "lr": 0.01,
    "mu": 1,
    "std_coeff": 2.5,
    "unif_coeff": 0.5,
    "batch_size": 128,
    "load_first_net": 1,
    "pool_option": "FIFO",
    "model_buffer_size": 1,
    "optimizer": "adam",
    "simp_width": 1,
    "out_dim": 256,
    "reg": 0.0005,
    "temperature": 0.5,
    "logdir": "./",
    "log_file_name": "logs/experiment_log-alg=centralized_partition=iid_lr=0.01_epochs=5_num_users=1_beta=0.01_batch_size=128_opt=adam_dataset=cifar10_2024-05-16-1700-34",
    "seed": 123,
    "device": "cuda:5",
    "accuracies_file": "logs/centralized.csv",
    "dont_skip": false,
    "n_train_workers": 1,
    "n_test_workers": 1,
    "arch": "mobilenet_v3_large",
    "multiprocessing": 0
}
05-16 17:00 INFO     Data statistics: {0: {0: 5000, 1: 5000, 2: 5000, 3: 5000, 4: 5000, 5: 5000, 6: 5000, 7: 5000, 8: 5000, 9: 5000}}
05-16 17:00 INFO     in comm round:1 >> Global Model Test accuracy: 0.2742
05-16 17:01 INFO     in comm round:2 >> Global Model Test accuracy: 0.4276
05-16 17:01 INFO     in comm round:3 >> Global Model Test accuracy: 0.4499
05-16 17:01 INFO     in comm round:4 >> Global Model Test accuracy: 0.4759
05-16 17:02 INFO     in comm round:5 >> Global Model Test accuracy: 0.4854
05-16 17:02 INFO     in comm round:6 >> Global Model Test accuracy: 0.5434
05-16 17:02 INFO     in comm round:7 >> Global Model Test accuracy: 0.5867
05-16 17:03 INFO     in comm round:8 >> Global Model Test accuracy: 0.5793
05-16 17:03 INFO     in comm round:9 >> Global Model Test accuracy: 0.6107
05-16 17:03 INFO     in comm round:10 >> Global Model Test accuracy: 0.6313
05-16 17:04 INFO     in comm round:11 >> Global Model Test accuracy: 0.6255
05-16 17:04 INFO     in comm round:12 >> Global Model Test accuracy: 0.5991
05-16 17:04 INFO     in comm round:13 >> Global Model Test accuracy: 0.5816
05-16 17:05 INFO     in comm round:14 >> Global Model Test accuracy: 0.5334
05-16 17:05 INFO     in comm round:15 >> Global Model Test accuracy: 0.5696
05-16 17:06 INFO     in comm round:16 >> Global Model Test accuracy: 0.6653
05-16 17:06 INFO     in comm round:17 >> Global Model Test accuracy: 0.5402
05-16 17:07 INFO     in comm round:18 >> Global Model Test accuracy: 0.6158
05-16 17:07 INFO     in comm round:19 >> Global Model Test accuracy: 0.4671
05-16 17:08 INFO     in comm round:20 >> Global Model Test accuracy: 0.5663
05-16 17:08 INFO     in comm round:21 >> Global Model Test accuracy: 0.6242
05-16 17:09 INFO     in comm round:22 >> Global Model Test accuracy: 0.6025
05-16 17:09 INFO     in comm round:23 >> Global Model Test accuracy: 0.4940
05-16 17:10 INFO     in comm round:24 >> Global Model Test accuracy: 0.5505
05-16 17:10 INFO     in comm round:25 >> Global Model Test accuracy: 0.5129
05-16 17:11 INFO     in comm round:26 >> Global Model Test accuracy: 0.6087
05-16 17:11 INFO     in comm round:27 >> Global Model Test accuracy: 0.6216
05-16 17:12 INFO     in comm round:28 >> Global Model Test accuracy: 0.6397
05-16 17:12 INFO     in comm round:29 >> Global Model Test accuracy: 0.3180
05-16 17:13 INFO     in comm round:30 >> Global Model Test accuracy: 0.6040
05-16 17:14 INFO     in comm round:31 >> Global Model Test accuracy: 0.5724
05-16 17:14 INFO     in comm round:32 >> Global Model Test accuracy: 0.5559
05-16 17:15 INFO     in comm round:33 >> Global Model Test accuracy: 0.5552
05-16 17:15 INFO     in comm round:34 >> Global Model Test accuracy: 0.5311
05-16 17:16 INFO     in comm round:35 >> Global Model Test accuracy: 0.6210
05-16 17:16 INFO     in comm round:36 >> Global Model Test accuracy: 0.5912
05-16 17:17 INFO     in comm round:37 >> Global Model Test accuracy: 0.5548
05-16 17:17 INFO     in comm round:38 >> Global Model Test accuracy: 0.6831
05-16 17:18 INFO     in comm round:39 >> Global Model Test accuracy: 0.4608
05-16 17:18 INFO     in comm round:40 >> Global Model Test accuracy: 0.4630
05-16 17:19 INFO     in comm round:41 >> Global Model Test accuracy: 0.6348
05-16 17:19 INFO     in comm round:42 >> Global Model Test accuracy: 0.5454
05-16 17:20 INFO     in comm round:43 >> Global Model Test accuracy: 0.5951
05-16 17:20 INFO     in comm round:44 >> Global Model Test accuracy: 0.5089
05-16 17:21 INFO     in comm round:45 >> Global Model Test accuracy: 0.5155
05-16 17:22 INFO     in comm round:46 >> Global Model Test accuracy: 0.5926
05-16 17:22 INFO     in comm round:47 >> Global Model Test accuracy: 0.5776
05-16 17:23 INFO     in comm round:48 >> Global Model Test accuracy: 0.6262
05-16 17:23 INFO     in comm round:49 >> Global Model Test accuracy: 0.6007
05-16 17:24 INFO     in comm round:50 >> Global Model Test accuracy: 0.6512
05-16 17:24 INFO     in comm round:51 >> Global Model Test accuracy: 0.6290
05-16 17:25 INFO     in comm round:52 >> Global Model Test accuracy: 0.5913
05-16 17:25 INFO     in comm round:53 >> Global Model Test accuracy: 0.6563
05-16 17:26 INFO     in comm round:54 >> Global Model Test accuracy: 0.5611
05-16 17:26 INFO     in comm round:55 >> Global Model Test accuracy: 0.6025
05-16 17:27 INFO     in comm round:56 >> Global Model Test accuracy: 0.6070
05-16 17:28 INFO     in comm round:57 >> Global Model Test accuracy: 0.6253
05-16 17:28 INFO     in comm round:58 >> Global Model Test accuracy: 0.6271
05-16 17:29 INFO     in comm round:59 >> Global Model Test accuracy: 0.6005
05-16 17:29 INFO     in comm round:60 >> Global Model Test accuracy: 0.5332
05-16 17:30 INFO     in comm round:61 >> Global Model Test accuracy: 0.6478
05-16 17:30 INFO     in comm round:62 >> Global Model Test accuracy: 0.5850
05-16 17:31 INFO     in comm round:63 >> Global Model Test accuracy: 0.6863
05-16 17:31 INFO     in comm round:64 >> Global Model Test accuracy: 0.4203
05-16 17:32 INFO     in comm round:65 >> Global Model Test accuracy: 0.5945
05-16 17:32 INFO     in comm round:66 >> Global Model Test accuracy: 0.5822
05-16 17:33 INFO     in comm round:67 >> Global Model Test accuracy: 0.4446
05-16 17:33 INFO     in comm round:68 >> Global Model Test accuracy: 0.5870
05-16 17:34 INFO     in comm round:69 >> Global Model Test accuracy: 0.6449
05-16 17:35 INFO     in comm round:70 >> Global Model Test accuracy: 0.6481
05-16 17:35 INFO     in comm round:71 >> Global Model Test accuracy: 0.5438
05-16 17:36 INFO     in comm round:72 >> Global Model Test accuracy: 0.5720
05-16 17:36 INFO     in comm round:73 >> Global Model Test accuracy: 0.6627
05-16 17:37 INFO     in comm round:74 >> Global Model Test accuracy: 0.6141
05-16 17:37 INFO     in comm round:75 >> Global Model Test accuracy: 0.6464
05-16 17:38 INFO     in comm round:76 >> Global Model Test accuracy: 0.5514
05-16 17:38 INFO     in comm round:77 >> Global Model Test accuracy: 0.6818
05-16 17:39 INFO     in comm round:78 >> Global Model Test accuracy: 0.6138
05-16 17:39 INFO     in comm round:79 >> Global Model Test accuracy: 0.5351
05-16 17:40 INFO     in comm round:80 >> Global Model Test accuracy: 0.6795
05-16 17:40 INFO     in comm round:81 >> Global Model Test accuracy: 0.5776
05-16 17:41 INFO     in comm round:82 >> Global Model Test accuracy: 0.5493
05-16 17:41 INFO     in comm round:83 >> Global Model Test accuracy: 0.5661
05-16 17:42 INFO     in comm round:84 >> Global Model Test accuracy: 0.6692
05-16 17:42 INFO     in comm round:85 >> Global Model Test accuracy: 0.4892
05-16 17:43 INFO     in comm round:86 >> Global Model Test accuracy: 0.6243
05-16 17:44 INFO     in comm round:87 >> Global Model Test accuracy: 0.6450
05-16 17:44 INFO     in comm round:88 >> Global Model Test accuracy: 0.6691
05-16 17:45 INFO     in comm round:89 >> Global Model Test accuracy: 0.4670
05-16 17:45 INFO     in comm round:90 >> Global Model Test accuracy: 0.5708
05-16 17:46 INFO     in comm round:91 >> Global Model Test accuracy: 0.5879
05-16 17:46 INFO     in comm round:92 >> Global Model Test accuracy: 0.5301
05-16 17:47 INFO     in comm round:93 >> Global Model Test accuracy: 0.6367
05-16 17:47 INFO     in comm round:94 >> Global Model Test accuracy: 0.6150
05-16 17:48 INFO     in comm round:95 >> Global Model Test accuracy: 0.5363
05-16 17:48 INFO     in comm round:96 >> Global Model Test accuracy: 0.5142
05-16 17:49 INFO     in comm round:97 >> Global Model Test accuracy: 0.4283
05-16 17:49 INFO     in comm round:98 >> Global Model Test accuracy: 0.5867
05-16 17:50 INFO     in comm round:99 >> Global Model Test accuracy: 0.6767
05-16 17:50 INFO     in comm round:100 >> Global Model Test accuracy: 0.5732
05-16 17:50 INFO     Starting Fine Tuning...
