04-09 13:19 INFO     cuda
04-09 13:19 INFO     Command Line Arguments: 
{
    "epochs": 5,
    "comm_round": 70,
    "sample_fraction": 1.0,
    "alpha": 0.01,
    "dataset": "cifar10",
    "datadir": "../data/",
    "partition": "iid",
    "alg": "sflv1",
    "model": "resnet-18",
    "split_layer": 4,
    "n_parties": 100,
    "lr": 0.001,
    "mu": 1,
    "std_coeff": 2.5,
    "unif_coeff": 0.5,
    "batch_size": 64,
    "load_first_net": 1,
    "pool_option": "FIFO",
    "model_buffer_size": 1,
    "optimizer": "adam",
    "simp_width": 1,
    "out_dim": 256,
    "reg": 0.0005,
    "temperature": 0.5,
    "logdir": "./",
    "log_file_name": "logs/experiment_log-alg=sflv1_partition=iid_lr=0.001_epochs=5_num_users=100_beta=0.01_batch_size=64_opt=adam_dataset=cifar10_2024-04-09-1319-44",
    "seed": 1,
    "device": "cuda:4",
    "accuracies_file": "logs/resnet_18_100_users.csv",
    "dont_skip": false,
    "multiprocessing": 0
}
04-09 13:19 INFO     Data statistics: {0: {0: 36, 1: 54, 2: 52, 3: 55, 4: 46, 5: 45, 6: 60, 7: 58, 8: 37, 9: 57}, 1: {0: 45, 1: 34, 2: 53, 3: 59, 4: 45, 5: 46, 6: 50, 7: 48, 8: 72, 9: 48}, 2: {0: 57, 1: 48, 2: 49, 3: 45, 4: 56, 5: 50, 6: 44, 7: 49, 8: 40, 9: 62}, 3: {0: 48, 1: 47, 2: 58, 3: 40, 4: 66, 5: 54, 6: 46, 7: 44, 8: 58, 9: 39}, 4: {0: 61, 1: 43, 2: 53, 3: 47, 4: 51, 5: 58, 6: 43, 7: 57, 8: 42, 9: 45}, 5: {0: 53, 1: 64, 2: 48, 3: 35, 4: 53, 5: 46, 6: 52, 7: 46, 8: 53, 9: 50}, 6: {0: 44, 1: 69, 2: 40, 3: 48, 4: 51, 5: 56, 6: 48, 7: 48, 8: 42, 9: 54}, 7: {0: 55, 1: 53, 2: 60, 3: 44, 4: 49, 5: 42, 6: 50, 7: 54, 8: 45, 9: 48}, 8: {0: 52, 1: 44, 2: 48, 3: 58, 4: 59, 5: 43, 6: 51, 7: 41, 8: 48, 9: 56}, 9: {0: 59, 1: 36, 2: 54, 3: 43, 4: 54, 5: 58, 6: 57, 7: 44, 8: 44, 9: 51}, 10: {0: 48, 1: 44, 2: 53, 3: 55, 4: 36, 5: 54, 6: 44, 7: 48, 8: 50, 9: 68}, 11: {0: 50, 1: 46, 2: 55, 3: 52, 4: 58, 5: 42, 6: 50, 7: 46, 8: 49, 9: 52}, 12: {0: 52, 1: 47, 2: 47, 3: 58, 4: 41, 5: 56, 6: 47, 7: 40, 8: 61, 9: 51}, 13: {0: 47, 1: 52, 2: 47, 3: 51, 4: 57, 5: 45, 6: 48, 7: 58, 8: 43, 9: 52}, 14: {0: 54, 1: 47, 2: 47, 3: 41, 4: 49, 5: 57, 6: 55, 7: 53, 8: 55, 9: 42}, 15: {0: 42, 1: 59, 2: 56, 3: 43, 4: 53, 5: 51, 6: 48, 7: 55, 8: 51, 9: 42}, 16: {0: 43, 1: 47, 2: 62, 3: 50, 4: 51, 5: 42, 6: 52, 7: 45, 8: 52, 9: 56}, 17: {0: 51, 1: 55, 2: 46, 3: 63, 4: 48, 5: 50, 6: 39, 7: 55, 8: 49, 9: 44}, 18: {0: 39, 1: 45, 2: 59, 3: 52, 4: 43, 5: 47, 6: 56, 7: 53, 8: 48, 9: 58}, 19: {0: 50, 1: 52, 2: 51, 3: 50, 4: 41, 5: 53, 6: 47, 7: 70, 8: 39, 9: 47}, 20: {0: 45, 1: 52, 2: 49, 3: 56, 4: 53, 5: 44, 6: 40, 7: 59, 8: 59, 9: 43}, 21: {0: 54, 1: 56, 2: 48, 3: 36, 4: 57, 5: 42, 6: 63, 7: 47, 8: 51, 9: 46}, 22: {0: 50, 1: 47, 2: 64, 3: 49, 4: 48, 5: 50, 6: 42, 7: 44, 8: 50, 9: 56}, 23: {0: 47, 1: 43, 2: 54, 3: 67, 4: 43, 5: 50, 6: 54, 7: 42, 8: 58, 9: 42}, 24: {0: 55, 1: 62, 2: 39, 3: 56, 4: 41, 5: 52, 6: 57, 7: 52, 8: 39, 9: 47}, 25: {0: 52, 1: 67, 2: 40, 3: 52, 4: 43, 5: 47, 6: 57, 7: 50, 8: 39, 9: 53}, 26: {0: 61, 1: 40, 2: 44, 3: 51, 4: 46, 5: 63, 6: 47, 7: 56, 8: 50, 9: 42}, 27: {0: 48, 1: 57, 2: 47, 3: 46, 4: 46, 5: 55, 6: 57, 7: 44, 8: 47, 9: 53}, 28: {0: 48, 1: 41, 2: 51, 3: 55, 4: 49, 5: 54, 6: 58, 7: 61, 8: 41, 9: 42}, 29: {0: 43, 1: 59, 2: 65, 3: 58, 4: 45, 5: 40, 6: 63, 7: 44, 8: 48, 9: 35}, 30: {0: 43, 1: 53, 2: 49, 3: 56, 4: 47, 5: 53, 6: 50, 7: 46, 8: 56, 9: 47}, 31: {0: 44, 1: 54, 2: 52, 3: 44, 4: 49, 5: 70, 6: 47, 7: 40, 8: 56, 9: 44}, 32: {0: 50, 1: 58, 2: 34, 3: 51, 4: 55, 5: 44, 6: 60, 7: 57, 8: 39, 9: 52}, 33: {0: 49, 1: 31, 2: 53, 3: 64, 4: 52, 5: 54, 6: 45, 7: 45, 8: 50, 9: 57}, 34: {0: 55, 1: 55, 2: 50, 3: 45, 4: 42, 5: 55, 6: 53, 7: 50, 8: 42, 9: 53}, 35: {0: 34, 1: 54, 2: 52, 3: 46, 4: 54, 5: 49, 6: 58, 7: 52, 8: 48, 9: 53}, 36: {0: 56, 1: 45, 2: 50, 3: 39, 4: 56, 5: 51, 6: 46, 7: 54, 8: 56, 9: 47}, 37: {0: 51, 1: 56, 2: 55, 3: 55, 4: 47, 5: 46, 6: 48, 7: 59, 8: 35, 9: 48}, 38: {0: 55, 1: 54, 2: 61, 3: 34, 4: 43, 5: 49, 6: 56, 7: 47, 8: 46, 9: 55}, 39: {0: 47, 1: 41, 2: 58, 3: 46, 4: 42, 5: 42, 6: 66, 7: 51, 8: 52, 9: 55}, 40: {0: 45, 1: 59, 2: 42, 3: 51, 4: 54, 5: 56, 6: 50, 7: 44, 8: 53, 9: 46}, 41: {0: 55, 1: 54, 2: 53, 3: 53, 4: 52, 5: 44, 6: 46, 7: 55, 8: 41, 9: 47}, 42: {0: 41, 1: 53, 2: 36, 3: 45, 4: 49, 5: 45, 6: 65, 7: 57, 8: 58, 9: 51}, 43: {0: 54, 1: 38, 2: 40, 3: 57, 4: 48, 5: 56, 6: 54, 7: 55, 8: 44, 9: 54}, 44: {0: 55, 1: 53, 2: 51, 3: 46, 4: 40, 5: 57, 6: 48, 7: 35, 8: 55, 9: 60}, 45: {0: 59, 1: 51, 2: 54, 3: 40, 4: 47, 5: 47, 6: 57, 7: 55, 8: 44, 9: 46}, 46: {0: 56, 1: 51, 2: 58, 3: 44, 4: 57, 5: 46, 6: 55, 7: 42, 8: 41, 9: 50}, 47: {0: 55, 1: 47, 2: 54, 3: 58, 4: 49, 5: 45, 6: 47, 7: 51, 8: 43, 9: 51}, 48: {0: 46, 1: 38, 2: 41, 3: 52, 4: 43, 5: 61, 6: 49, 7: 47, 8: 56, 9: 67}, 49: {0: 40, 1: 52, 2: 49, 3: 49, 4: 53, 5: 55, 6: 49, 7: 46, 8: 55, 9: 52}, 50: {0: 63, 1: 44, 2: 46, 3: 66, 4: 52, 5: 53, 6: 48, 7: 47, 8: 45, 9: 36}, 51: {0: 47, 1: 52, 2: 64, 3: 49, 4: 47, 5: 53, 6: 37, 7: 50, 8: 57, 9: 44}, 52: {0: 51, 1: 55, 2: 38, 3: 47, 4: 66, 5: 49, 6: 44, 7: 33, 8: 51, 9: 66}, 53: {0: 61, 1: 42, 2: 49, 3: 46, 4: 53, 5: 44, 6: 49, 7: 52, 8: 50, 9: 54}, 54: {0: 33, 1: 46, 2: 57, 3: 47, 4: 53, 5: 53, 6: 47, 7: 58, 8: 48, 9: 58}, 55: {0: 59, 1: 50, 2: 37, 3: 60, 4: 42, 5: 49, 6: 44, 7: 51, 8: 51, 9: 57}, 56: {0: 44, 1: 46, 2: 47, 3: 55, 4: 41, 5: 58, 6: 42, 7: 44, 8: 61, 9: 62}, 57: {0: 48, 1: 57, 2: 44, 3: 42, 4: 42, 5: 64, 6: 49, 7: 43, 8: 47, 9: 64}, 58: {0: 48, 1: 49, 2: 46, 3: 63, 4: 46, 5: 36, 6: 61, 7: 61, 8: 41, 9: 49}, 59: {0: 63, 1: 55, 2: 44, 3: 50, 4: 54, 5: 47, 6: 37, 7: 41, 8: 52, 9: 57}, 60: {0: 57, 1: 50, 2: 39, 3: 58, 4: 46, 5: 50, 6: 49, 7: 55, 8: 52, 9: 44}, 61: {0: 57, 1: 47, 2: 47, 3: 40, 4: 50, 5: 44, 6: 48, 7: 50, 8: 63, 9: 54}, 62: {0: 44, 1: 49, 2: 52, 3: 47, 4: 47, 5: 46, 6: 52, 7: 51, 8: 62, 9: 50}, 63: {0: 48, 1: 59, 2: 45, 3: 46, 4: 53, 5: 44, 6: 49, 7: 65, 8: 51, 9: 40}, 64: {0: 58, 1: 52, 2: 57, 3: 44, 4: 54, 5: 42, 6: 38, 7: 59, 8: 52, 9: 44}, 65: {0: 41, 1: 56, 2: 48, 3: 51, 4: 60, 5: 42, 6: 53, 7: 51, 8: 54, 9: 44}, 66: {0: 50, 1: 52, 2: 48, 3: 43, 4: 53, 5: 51, 6: 51, 7: 49, 8: 62, 9: 41}, 67: {0: 51, 1: 45, 2: 54, 3: 52, 4: 45, 5: 54, 6: 49, 7: 48, 8: 57, 9: 45}, 68: {0: 48, 1: 53, 2: 50, 3: 55, 4: 39, 5: 51, 6: 54, 7: 43, 8: 51, 9: 56}, 69: {0: 37, 1: 59, 2: 52, 3: 54, 4: 59, 5: 58, 6: 49, 7: 28, 8: 53, 9: 51}, 70: {0: 52, 1: 48, 2: 41, 3: 51, 4: 41, 5: 48, 6: 58, 7: 60, 8: 51, 9: 50}, 71: {0: 44, 1: 45, 2: 55, 3: 42, 4: 57, 5: 36, 6: 59, 7: 48, 8: 61, 9: 53}, 72: {0: 54, 1: 55, 2: 59, 3: 49, 4: 54, 5: 54, 6: 35, 7: 47, 8: 50, 9: 43}, 73: {0: 43, 1: 51, 2: 48, 3: 59, 4: 54, 5: 52, 6: 41, 7: 51, 8: 59, 9: 42}, 74: {0: 48, 1: 55, 2: 58, 3: 50, 4: 51, 5: 45, 6: 48, 7: 48, 8: 43, 9: 54}, 75: {0: 53, 1: 46, 2: 39, 3: 54, 4: 55, 5: 56, 6: 53, 7: 49, 8: 47, 9: 48}, 76: {0: 55, 1: 51, 2: 48, 3: 50, 4: 50, 5: 49, 6: 43, 7: 58, 8: 47, 9: 49}, 77: {0: 61, 1: 45, 2: 55, 3: 49, 4: 53, 5: 47, 6: 46, 7: 57, 8: 45, 9: 42}, 78: {0: 56, 1: 52, 2: 47, 3: 53, 4: 58, 5: 58, 6: 41, 7: 53, 8: 38, 9: 44}, 79: {0: 50, 1: 52, 2: 49, 3: 55, 4: 50, 5: 58, 6: 44, 7: 44, 8: 52, 9: 46}, 80: {0: 62, 1: 42, 2: 49, 3: 33, 4: 42, 5: 49, 6: 44, 7: 59, 8: 60, 9: 60}, 81: {0: 45, 1: 38, 2: 44, 3: 58, 4: 53, 5: 45, 6: 51, 7: 51, 8: 56, 9: 59}, 82: {0: 55, 1: 49, 2: 57, 3: 50, 4: 44, 5: 50, 6: 49, 7: 50, 8: 43, 9: 53}, 83: {0: 42, 1: 58, 2: 57, 3: 53, 4: 37, 5: 61, 6: 50, 7: 45, 8: 52, 9: 45}, 84: {0: 49, 1: 44, 2: 50, 3: 49, 4: 54, 5: 53, 6: 49, 7: 53, 8: 52, 9: 47}, 85: {0: 46, 1: 46, 2: 47, 3: 49, 4: 59, 5: 40, 6: 55, 7: 57, 8: 42, 9: 59}, 86: {0: 49, 1: 61, 2: 44, 3: 61, 4: 49, 5: 43, 6: 57, 7: 38, 8: 51, 9: 47}, 87: {0: 51, 1: 58, 2: 41, 3: 49, 4: 52, 5: 38, 6: 50, 7: 55, 8: 54, 9: 52}, 88: {0: 58, 1: 53, 2: 51, 3: 38, 4: 55, 5: 56, 6: 50, 7: 52, 8: 43, 9: 44}, 89: {0: 46, 1: 48, 2: 58, 3: 52, 4: 39, 5: 55, 6: 54, 7: 51, 8: 53, 9: 44}, 90: {0: 40, 1: 54, 2: 52, 3: 60, 4: 59, 5: 44, 6: 43, 7: 48, 8: 48, 9: 52}, 91: {0: 50, 1: 43, 2: 59, 3: 48, 4: 56, 5: 51, 6: 49, 7: 36, 8: 50, 9: 58}, 92: {0: 54, 1: 53, 2: 49, 3: 46, 4: 52, 5: 40, 6: 47, 7: 60, 8: 50, 9: 49}, 93: {0: 43, 1: 51, 2: 57, 3: 57, 4: 49, 5: 48, 6: 49, 7: 53, 8: 50, 9: 43}, 94: {0: 42, 1: 42, 2: 45, 3: 63, 4: 61, 5: 52, 6: 54, 7: 44, 8: 46, 9: 51}, 95: {0: 47, 1: 48, 2: 44, 3: 40, 4: 51, 5: 58, 6: 49, 7: 56, 8: 51, 9: 56}, 96: {0: 61, 1: 45, 2: 47, 3: 49, 4: 45, 5: 52, 6: 45, 7: 51, 8: 58, 9: 47}, 97: {0: 47, 1: 49, 2: 45, 3: 44, 4: 58, 5: 59, 6: 53, 7: 47, 8: 60, 9: 38}, 98: {0: 48, 1: 42, 2: 62, 3: 40, 4: 58, 5: 49, 6: 57, 7: 51, 8: 50, 9: 43}, 99: {0: 62, 1: 51, 2: 48, 3: 44, 4: 45, 5: 49, 6: 53, 7: 50, 8: 48, 9: 50}}
04-09 13:20 INFO     in comm round:0
04-09 13:20 INFO     Training network 0 n_training: 500
04-09 13:20 INFO     Training network 0
04-09 13:20 INFO     Client: 0 Epoch: 0 Loss: 2.673599890300206
04-09 13:20 INFO     Client: 0 Epoch: 1 Loss: 2.1455932004111156
04-09 13:20 INFO     Client: 0 Epoch: 2 Loss: 1.974723253931318
04-09 13:20 INFO     Client: 0 Epoch: 3 Loss: 2.0080693619591847
04-09 13:20 INFO     Client: 0 Epoch: 4 Loss: 1.9235831158501762
04-09 13:20 INFO      ** Client: 0 Training complete **
04-09 13:20 INFO     Training network 1 n_training: 500
04-09 13:20 INFO     Training network 1
04-09 13:20 INFO     Client: 1 Epoch: 0 Loss: 2.6155305930546353
04-09 13:20 INFO     Client: 1 Epoch: 1 Loss: 2.1850956848689487
04-09 13:20 INFO     Client: 1 Epoch: 2 Loss: 2.0074188879558017
04-09 13:20 INFO     Client: 1 Epoch: 3 Loss: 1.8852733373641968
04-09 13:20 INFO     Client: 1 Epoch: 4 Loss: 1.825076358658927
04-09 13:20 INFO      ** Client: 1 Training complete **
04-09 13:20 INFO     Training network 2 n_training: 500
04-09 13:20 INFO     Training network 2
04-09 13:20 INFO     Client: 2 Epoch: 0 Loss: 2.6221612862178256
04-09 13:20 INFO     Client: 2 Epoch: 1 Loss: 2.022651723452977
04-09 13:20 INFO     Client: 2 Epoch: 2 Loss: 1.883482711655753
04-09 13:20 INFO     Client: 2 Epoch: 3 Loss: 1.8108107532773698
04-09 13:20 INFO     Client: 2 Epoch: 4 Loss: 1.7650364467075892
04-09 13:20 INFO      ** Client: 2 Training complete **
04-09 13:20 INFO     Training network 3 n_training: 500
04-09 13:20 INFO     Training network 3
04-09 13:20 INFO     Client: 3 Epoch: 0 Loss: 2.666731800351824
04-09 13:20 INFO     Client: 3 Epoch: 1 Loss: 2.0936323744910106
04-09 13:20 INFO     Client: 3 Epoch: 2 Loss: 1.9171246801103865
04-09 13:20 INFO     Client: 3 Epoch: 3 Loss: 1.8404200077056885
04-09 13:20 INFO     Client: 3 Epoch: 4 Loss: 1.7692204543522425
04-09 13:20 INFO      ** Client: 3 Training complete **
04-09 13:20 INFO     Training network 4 n_training: 500
04-09 13:20 INFO     Training network 4
04-09 13:20 INFO     Client: 4 Epoch: 0 Loss: 2.6339918885912215
04-09 13:20 INFO     Client: 4 Epoch: 1 Loss: 2.0641570602144514
04-09 13:20 INFO     Client: 4 Epoch: 2 Loss: 1.9085287536893571
04-09 13:20 INFO     Client: 4 Epoch: 3 Loss: 1.861179062298366
04-09 13:20 INFO     Client: 4 Epoch: 4 Loss: 1.789142029626029
04-09 13:20 INFO      ** Client: 4 Training complete **
04-09 13:20 INFO     Training network 5 n_training: 500
04-09 13:20 INFO     Training network 5
04-09 13:20 INFO     Client: 5 Epoch: 0 Loss: 2.6756749834333147
04-09 13:20 INFO     Client: 5 Epoch: 1 Loss: 2.0780555861336842
04-09 13:20 INFO     Client: 5 Epoch: 2 Loss: 2.0057224205562045
04-09 13:20 INFO     Client: 5 Epoch: 3 Loss: 1.8924241406576974
04-09 13:20 INFO     Client: 5 Epoch: 4 Loss: 1.804773483957563
04-09 13:20 INFO      ** Client: 5 Training complete **
04-09 13:20 INFO     Training network 6 n_training: 500
04-09 13:20 INFO     Training network 6
04-09 13:20 INFO     Client: 6 Epoch: 0 Loss: 2.7767997128622874
04-09 13:20 INFO     Client: 6 Epoch: 1 Loss: 2.1150831154414584
04-09 13:20 INFO     Client: 6 Epoch: 2 Loss: 1.935721482549395
04-09 13:20 INFO     Client: 6 Epoch: 3 Loss: 1.8715205533163888
04-09 13:20 INFO     Client: 6 Epoch: 4 Loss: 1.7949055092675346
04-09 13:20 INFO      ** Client: 6 Training complete **
04-09 13:20 INFO     Training network 7 n_training: 500
04-09 13:20 INFO     Training network 7
04-09 13:20 INFO     Client: 7 Epoch: 0 Loss: 2.5741639137268066
04-09 13:20 INFO     Client: 7 Epoch: 1 Loss: 2.178580846105303
04-09 13:20 INFO     Client: 7 Epoch: 2 Loss: 1.9560613972800118
04-09 13:20 INFO     Client: 7 Epoch: 3 Loss: 1.8381239175796509
04-09 13:20 INFO     Client: 7 Epoch: 4 Loss: 1.7622075591768538
04-09 13:20 INFO      ** Client: 7 Training complete **
04-09 13:20 INFO     Training network 8 n_training: 500
04-09 13:20 INFO     Training network 8
04-09 13:20 INFO     Client: 8 Epoch: 0 Loss: 2.5963309662682668
04-09 13:20 INFO     Client: 8 Epoch: 1 Loss: 1.9953903981617518
04-09 13:20 INFO     Client: 8 Epoch: 2 Loss: 1.8275359528405326
04-09 13:20 INFO     Client: 8 Epoch: 3 Loss: 1.7473305804388863
04-09 13:20 INFO     Client: 8 Epoch: 4 Loss: 1.6564003740038191
04-09 13:20 INFO      ** Client: 8 Training complete **
04-09 13:20 INFO     Training network 9 n_training: 500
04-09 13:20 INFO     Training network 9
04-09 13:20 INFO     Client: 9 Epoch: 0 Loss: 2.670367922101702
04-09 13:20 INFO     Client: 9 Epoch: 1 Loss: 2.107684084347316
04-09 13:20 INFO     Client: 9 Epoch: 2 Loss: 1.9215169634137834
04-09 13:20 INFO     Client: 9 Epoch: 3 Loss: 1.904520767075675
04-09 13:20 INFO     Client: 9 Epoch: 4 Loss: 1.8261207001549857
04-09 13:20 INFO      ** Client: 9 Training complete **
04-09 13:20 INFO     Training network 10 n_training: 500
04-09 13:20 INFO     Training network 10
04-09 13:20 INFO     Client: 10 Epoch: 0 Loss: 2.744753326688494
04-09 13:20 INFO     Client: 10 Epoch: 1 Loss: 2.130043148994446
04-09 13:20 INFO     Client: 10 Epoch: 2 Loss: 1.9640613794326782
04-09 13:20 INFO     Client: 10 Epoch: 3 Loss: 1.795974952833993
04-09 13:20 INFO     Client: 10 Epoch: 4 Loss: 1.7336997645241874
04-09 13:20 INFO      ** Client: 10 Training complete **
04-09 13:20 INFO     Training network 11 n_training: 500
04-09 13:20 INFO     Training network 11
04-09 13:20 INFO     Client: 11 Epoch: 0 Loss: 2.518314906529018
04-09 13:20 INFO     Client: 11 Epoch: 1 Loss: 2.1965180124555315
04-09 13:20 INFO     Client: 11 Epoch: 2 Loss: 2.004497221537999
04-09 13:20 INFO     Client: 11 Epoch: 3 Loss: 1.8926865713936942
04-09 13:20 INFO     Client: 11 Epoch: 4 Loss: 1.826762352670942
04-09 13:20 INFO      ** Client: 11 Training complete **
04-09 13:20 INFO     Training network 12 n_training: 500
04-09 13:20 INFO     Training network 12
