02-07 16:21 INFO     cuda
02-07 16:21 INFO     Command Line Arguments: 
{
    "epochs": 5,
    "comm_round": 5,
    "sample_fraction": 1.0,
    "alpha": 0.01,
    "dataset": "cifar10",
    "datadir": "../data/",
    "partition": "iid",
    "alg": "sflv1",
    "model": "alexnet",
    "n_parties": 5,
    "lr": 0.01,
    "mu": 1,
    "std_coeff": 2.5,
    "unif_coeff": 0.5,
    "batch_size": 128,
    "load_first_net": 1,
    "pool_option": "FIFO",
    "model_buffer_size": 1,
    "optimizer": "sgd",
    "simp_width": 1,
    "out_dim": 256,
    "reg": 0.0005,
    "temperature": 0.5,
    "logdir": "./",
    "log_file_name": "logs/experiment_log-alg=sflv1_partition=iid_lr=0.01_epochs=5_num_users=5_beta=0.01_batch_size=128_opt=sgd_dataset=cifar10_2024-02-07-1621-47",
    "seed": 42,
    "device": "cuda",
    "multiprocessing": 0
}
02-07 16:21 INFO     Data statistics: {0: {0: 973, 1: 979, 2: 1030, 3: 1023, 4: 933, 5: 1015, 6: 996, 7: 994, 8: 1017, 9: 1040}, 1: {0: 1000, 1: 1000, 2: 979, 3: 1018, 4: 1011, 5: 1018, 6: 944, 7: 999, 8: 1028, 9: 1003}, 2: {0: 981, 1: 1048, 2: 1007, 3: 991, 4: 999, 5: 998, 6: 1026, 7: 986, 8: 968, 9: 996}, 3: {0: 1036, 1: 984, 2: 991, 3: 1001, 4: 1046, 5: 965, 6: 1001, 7: 975, 8: 983, 9: 1018}, 4: {0: 1010, 1: 989, 2: 993, 3: 967, 4: 1011, 5: 1004, 6: 1033, 7: 1046, 8: 1004, 9: 943}}
02-07 16:21 INFO     in comm round:0
02-07 16:21 INFO     Training network 0 n_training: 10000
02-07 16:21 INFO     Training network 0
02-07 16:21 INFO     n_training: 78
02-07 16:22 INFO     Client: 0 Epoch: 0 Loss: 2.3023267220228147
02-07 16:22 INFO     Client: 0 Epoch: 1 Loss: 2.300760608453017
02-07 16:22 INFO     Client: 0 Epoch: 2 Loss: 2.2822476350344143
02-07 16:22 INFO     Client: 0 Epoch: 3 Loss: 2.1599536003210607
02-07 16:22 INFO     Client: 0 Epoch: 4 Loss: 2.035864782639039
02-07 16:22 INFO      ** Client: 0 Training complete **
02-07 16:22 INFO     Training network 1 n_training: 10000
02-07 16:22 INFO     Training network 1
02-07 16:22 INFO     n_training: 78
02-07 16:22 INFO     Client: 1 Epoch: 0 Loss: 2.3026061088610916
02-07 16:22 INFO     Client: 1 Epoch: 1 Loss: 2.3014957110087075
02-07 16:22 INFO     Client: 1 Epoch: 2 Loss: 2.2953758942775235
02-07 16:22 INFO     Client: 1 Epoch: 3 Loss: 2.202582918680631
02-07 16:22 INFO     Client: 1 Epoch: 4 Loss: 2.0587275547858996
02-07 16:22 INFO      ** Client: 1 Training complete **
02-07 16:22 INFO     Training network 2 n_training: 10000
02-07 16:22 INFO     Training network 2
02-07 16:22 INFO     n_training: 78
02-07 16:23 INFO     Client: 2 Epoch: 0 Loss: 2.30247433980306
02-07 16:23 INFO     Client: 2 Epoch: 1 Loss: 2.3010465640288134
02-07 16:23 INFO     Client: 2 Epoch: 2 Loss: 2.2891900661664133
02-07 16:23 INFO     Client: 2 Epoch: 3 Loss: 2.156503799634102
02-07 16:23 INFO     Client: 2 Epoch: 4 Loss: 2.0045041701732536
02-07 16:23 INFO      ** Client: 2 Training complete **
02-07 16:23 INFO     Training network 3 n_training: 10000
02-07 16:23 INFO     Training network 3
02-07 16:23 INFO     n_training: 78
02-07 16:23 INFO     Client: 3 Epoch: 0 Loss: 2.302477090786665
02-07 16:23 INFO     Client: 3 Epoch: 1 Loss: 2.3009743904456115
02-07 16:23 INFO     Client: 3 Epoch: 2 Loss: 2.2909307724390273
02-07 16:23 INFO     Client: 3 Epoch: 3 Loss: 2.174360156059265
02-07 16:23 INFO     Client: 3 Epoch: 4 Loss: 2.0569764375686646
02-07 16:23 INFO      ** Client: 3 Training complete **
02-07 16:23 INFO     Training network 4 n_training: 10000
02-07 16:23 INFO     Training network 4
02-07 16:23 INFO     n_training: 78
02-07 16:24 INFO     Client: 4 Epoch: 0 Loss: 2.302549328559484
02-07 16:24 INFO     Client: 4 Epoch: 1 Loss: 2.30065389474233
02-07 16:24 INFO     Client: 4 Epoch: 2 Loss: 2.28068928535168
02-07 16:24 INFO     Client: 4 Epoch: 3 Loss: 2.1550659094101343
02-07 16:24 INFO     Client: 4 Epoch: 4 Loss: 2.027051132458907
02-07 16:24 INFO      ** Client: 4 Training complete **
02-07 16:24 INFO     global n_training: 390
02-07 16:24 INFO     global n_test: 79
02-07 16:25 INFO     >> Global Model Train accuracy: 0.105449
02-07 16:25 INFO     >> Global Model Test accuracy: 0.105800
02-07 16:25 INFO     >> Global Model Train loss: 2.320029
02-07 16:25 INFO     in comm round:1
02-07 16:25 INFO     Training network 0 n_training: 10000
02-07 16:25 INFO     Training network 0
02-07 16:25 INFO     n_training: 78
02-07 16:25 INFO     Client: 0 Epoch: 0 Loss: 1.9256367255479863
02-07 16:25 INFO     Client: 0 Epoch: 1 Loss: 1.862165310443976
02-07 16:25 INFO     Client: 0 Epoch: 2 Loss: 1.794770496013837
02-07 16:25 INFO     Client: 0 Epoch: 3 Loss: 1.7270659773777692
02-07 16:25 INFO     Client: 0 Epoch: 4 Loss: 1.654909107929621
02-07 16:25 INFO      ** Client: 0 Training complete **
02-07 16:25 INFO     Training network 1 n_training: 10000
02-07 16:25 INFO     Training network 1
02-07 16:25 INFO     n_training: 78
02-07 16:25 INFO     Client: 1 Epoch: 0 Loss: 1.9451041145202441
02-07 16:25 INFO     Client: 1 Epoch: 1 Loss: 1.8499677211810381
02-07 16:25 INFO     Client: 1 Epoch: 2 Loss: 1.769690100963299
02-07 16:25 INFO     Client: 1 Epoch: 3 Loss: 1.705948965671735
02-07 16:25 INFO     Client: 1 Epoch: 4 Loss: 1.6608202900642004
02-07 16:25 INFO      ** Client: 1 Training complete **
02-07 16:25 INFO     Training network 2 n_training: 10000
02-07 16:25 INFO     Training network 2
02-07 16:25 INFO     n_training: 78
02-07 16:25 INFO     Client: 2 Epoch: 0 Loss: 1.9375542921897693
02-07 16:25 INFO     Client: 2 Epoch: 1 Loss: 1.8380929369192858
02-07 16:25 INFO     Client: 2 Epoch: 2 Loss: 1.7512844434151282
02-07 16:25 INFO     Client: 2 Epoch: 3 Loss: 1.6893452681027925
02-07 16:25 INFO     Client: 2 Epoch: 4 Loss: 1.638656272337987
02-07 16:25 INFO      ** Client: 2 Training complete **
02-07 16:25 INFO     Training network 3 n_training: 10000
02-07 16:25 INFO     Training network 3
02-07 16:25 INFO     n_training: 78
02-07 16:25 INFO     Client: 3 Epoch: 0 Loss: 1.940560758113861
02-07 16:25 INFO     Client: 3 Epoch: 1 Loss: 1.8519337819172785
02-07 16:25 INFO     Client: 3 Epoch: 2 Loss: 1.77003302023961
02-07 16:25 INFO     Client: 3 Epoch: 3 Loss: 1.7215183407832415
02-07 16:25 INFO     Client: 3 Epoch: 4 Loss: 1.6501204814666357
02-07 16:25 INFO      ** Client: 3 Training complete **
02-07 16:25 INFO     Training network 4 n_training: 10000
02-07 16:25 INFO     Training network 4
02-07 16:25 INFO     n_training: 78
02-07 16:25 INFO     Client: 4 Epoch: 0 Loss: 1.9374543672952897
02-07 16:25 INFO     Client: 4 Epoch: 1 Loss: 1.8484857525580969
02-07 16:25 INFO     Client: 4 Epoch: 2 Loss: 1.7631520613645897
02-07 16:25 INFO     Client: 4 Epoch: 3 Loss: 1.7203516272398143
02-07 16:25 INFO     Client: 4 Epoch: 4 Loss: 1.628971245044317
02-07 16:25 INFO      ** Client: 4 Training complete **
02-07 16:25 INFO     global n_training: 390
02-07 16:25 INFO     global n_test: 79
02-07 16:25 INFO     >> Global Model Train accuracy: 0.105789
02-07 16:25 INFO     >> Global Model Test accuracy: 0.105500
02-07 16:25 INFO     >> Global Model Train loss: 2.309773
02-07 16:25 INFO     in comm round:2
02-07 16:25 INFO     Training network 0 n_training: 10000
02-07 16:25 INFO     Training network 0
02-07 16:25 INFO     n_training: 78
02-07 16:25 INFO     Client: 0 Epoch: 0 Loss: 1.6024166849943309
02-07 16:25 INFO     Client: 0 Epoch: 1 Loss: 1.5297134411640656
02-07 16:25 INFO     Client: 0 Epoch: 2 Loss: 1.4643809963495305
02-07 16:25 INFO     Client: 0 Epoch: 3 Loss: 1.399525332145202
02-07 16:25 INFO     Client: 0 Epoch: 4 Loss: 1.3605644565362196
02-07 16:25 INFO      ** Client: 0 Training complete **
02-07 16:25 INFO     Training network 1 n_training: 10000
02-07 16:25 INFO     Training network 1
02-07 16:25 INFO     n_training: 78
02-07 16:25 INFO     Client: 1 Epoch: 0 Loss: 1.6081577004530492
02-07 16:25 INFO     Client: 1 Epoch: 1 Loss: 1.5265247164628444
02-07 16:25 INFO     Client: 1 Epoch: 2 Loss: 1.4660769196657033
02-07 16:25 INFO     Client: 1 Epoch: 3 Loss: 1.4213766715465448
02-07 16:25 INFO     Client: 1 Epoch: 4 Loss: 1.3467725698764508
02-07 16:25 INFO      ** Client: 1 Training complete **
02-07 16:25 INFO     Training network 2 n_training: 10000
02-07 16:25 INFO     Training network 2
02-07 16:25 INFO     n_training: 78
02-07 16:25 INFO     Client: 2 Epoch: 0 Loss: 1.5761232039867303
02-07 16:25 INFO     Client: 2 Epoch: 1 Loss: 1.513751520560338
02-07 16:25 INFO     Client: 2 Epoch: 2 Loss: 1.479149838288625
02-07 16:25 INFO     Client: 2 Epoch: 3 Loss: 1.4052106035061371
02-07 16:25 INFO     Client: 2 Epoch: 4 Loss: 1.3892273964026036
02-07 16:25 INFO      ** Client: 2 Training complete **
02-07 16:25 INFO     Training network 3 n_training: 10000
02-07 16:25 INFO     Training network 3
02-07 16:25 INFO     n_training: 78
02-07 16:25 INFO     Client: 3 Epoch: 0 Loss: 1.608759201489962
02-07 16:25 INFO     Client: 3 Epoch: 1 Loss: 1.5387997520275605
02-07 16:25 INFO     Client: 3 Epoch: 2 Loss: 1.493936958985451
02-07 16:25 INFO     Client: 3 Epoch: 3 Loss: 1.427115723108634
02-07 16:25 INFO     Client: 3 Epoch: 4 Loss: 1.3906263831334236
02-07 16:25 INFO      ** Client: 3 Training complete **
02-07 16:25 INFO     Training network 4 n_training: 10000
02-07 16:25 INFO     Training network 4
02-07 16:25 INFO     n_training: 78
02-07 16:25 INFO     Client: 4 Epoch: 0 Loss: 1.6070824693410823
02-07 16:25 INFO     Client: 4 Epoch: 1 Loss: 1.5365248291920393
02-07 16:25 INFO     Client: 4 Epoch: 2 Loss: 1.4720526994803014
02-07 16:25 INFO     Client: 4 Epoch: 3 Loss: 1.4267932650370476
02-07 16:25 INFO     Client: 4 Epoch: 4 Loss: 1.3689212126609607
02-07 16:25 INFO      ** Client: 4 Training complete **
02-07 16:25 INFO     global n_training: 390
02-07 16:25 INFO     global n_test: 79
02-07 16:25 INFO     >> Global Model Train accuracy: 0.173097
02-07 16:25 INFO     >> Global Model Test accuracy: 0.173600
02-07 16:25 INFO     >> Global Model Train loss: 2.286387
02-07 16:25 INFO     in comm round:3
02-07 16:25 INFO     Training network 0 n_training: 10000
02-07 16:25 INFO     Training network 0
02-07 16:25 INFO     n_training: 78
02-07 16:25 INFO     Client: 0 Epoch: 0 Loss: 1.3372567326594622
02-07 16:25 INFO     Client: 0 Epoch: 1 Loss: 1.2936317508037274
02-07 16:25 INFO     Client: 0 Epoch: 2 Loss: 1.240433109112275
02-07 16:25 INFO     Client: 0 Epoch: 3 Loss: 1.1851166310982826
02-07 16:25 INFO     Client: 0 Epoch: 4 Loss: 1.1778965982107015
02-07 16:25 INFO      ** Client: 0 Training complete **
02-07 16:25 INFO     Training network 1 n_training: 10000
02-07 16:25 INFO     Training network 1
02-07 16:25 INFO     n_training: 78
02-07 16:25 INFO     Client: 1 Epoch: 0 Loss: 1.3357942073773115
02-07 16:25 INFO     Client: 1 Epoch: 1 Loss: 1.2912503297512348
02-07 16:25 INFO     Client: 1 Epoch: 2 Loss: 1.248352696498235
02-07 16:25 INFO     Client: 1 Epoch: 3 Loss: 1.2162531736569526
02-07 16:25 INFO     Client: 1 Epoch: 4 Loss: 1.173734492980517
02-07 16:25 INFO      ** Client: 1 Training complete **
02-07 16:25 INFO     Training network 2 n_training: 10000
02-07 16:25 INFO     Training network 2
02-07 16:25 INFO     n_training: 78
02-07 16:25 INFO     Client: 2 Epoch: 0 Loss: 1.3306292112057025
02-07 16:25 INFO     Client: 2 Epoch: 1 Loss: 1.2964372925269299
02-07 16:25 INFO     Client: 2 Epoch: 2 Loss: 1.230863297596956
02-07 16:25 INFO     Client: 2 Epoch: 3 Loss: 1.2084376108952057
02-07 16:25 INFO     Client: 2 Epoch: 4 Loss: 1.1659650214207478
02-07 16:25 INFO      ** Client: 2 Training complete **
02-07 16:25 INFO     Training network 3 n_training: 10000
02-07 16:25 INFO     Training network 3
02-07 16:25 INFO     n_training: 78
02-07 16:25 INFO     Client: 3 Epoch: 0 Loss: 1.3399711969571235
02-07 16:25 INFO     Client: 3 Epoch: 1 Loss: 1.3011275820243053
02-07 16:25 INFO     Client: 3 Epoch: 2 Loss: 1.2361544706882575
02-07 16:25 INFO     Client: 3 Epoch: 3 Loss: 1.207616077019618
02-07 16:25 INFO     Client: 3 Epoch: 4 Loss: 1.1542853208688588
02-07 16:25 INFO      ** Client: 3 Training complete **
02-07 16:25 INFO     Training network 4 n_training: 10000
02-07 16:25 INFO     Training network 4
02-07 16:25 INFO     n_training: 78
02-07 16:25 INFO     Client: 4 Epoch: 0 Loss: 1.36377525023925
02-07 16:25 INFO     Client: 4 Epoch: 1 Loss: 1.321709897273626
02-07 16:25 INFO     Client: 4 Epoch: 2 Loss: 1.2591272760660221
02-07 16:25 INFO     Client: 4 Epoch: 3 Loss: 1.2213963468869526
02-07 16:25 INFO     Client: 4 Epoch: 4 Loss: 1.17072436442742
02-07 16:25 INFO      ** Client: 4 Training complete **
02-07 16:25 INFO     global n_training: 390
02-07 16:25 INFO     global n_test: 79
02-07 16:25 INFO     >> Global Model Train accuracy: 0.187901
02-07 16:25 INFO     >> Global Model Test accuracy: 0.183400
02-07 16:25 INFO     >> Global Model Train loss: 2.233559
02-07 16:25 INFO     in comm round:4
02-07 16:25 INFO     Training network 0 n_training: 10000
02-07 16:25 INFO     Training network 0
02-07 16:25 INFO     n_training: 78
02-07 16:25 INFO     Client: 0 Epoch: 0 Loss: 1.1486445680642738
02-07 16:25 INFO     Client: 0 Epoch: 1 Loss: 1.1243154100882702
02-07 16:25 INFO     Client: 0 Epoch: 2 Loss: 1.0941362235790644
02-07 16:25 INFO     Client: 0 Epoch: 3 Loss: 1.0597259493974538
02-07 16:25 INFO     Client: 0 Epoch: 4 Loss: 1.0409143376044738
02-07 16:25 INFO      ** Client: 0 Training complete **
02-07 16:25 INFO     Training network 1 n_training: 10000
02-07 16:25 INFO     Training network 1
02-07 16:25 INFO     n_training: 78
02-07 16:25 INFO     Client: 1 Epoch: 0 Loss: 1.1583865880966187
02-07 16:25 INFO     Client: 1 Epoch: 1 Loss: 1.1237936929250374
02-07 16:25 INFO     Client: 1 Epoch: 2 Loss: 1.1030734150837629
02-07 16:25 INFO     Client: 1 Epoch: 3 Loss: 1.0776508213617864
02-07 16:25 INFO     Client: 1 Epoch: 4 Loss: 1.0475085805623958
02-07 16:25 INFO      ** Client: 1 Training complete **
02-07 16:25 INFO     Training network 2 n_training: 10000
02-07 16:25 INFO     Training network 2
02-07 16:25 INFO     n_training: 78
02-07 16:25 INFO     Client: 2 Epoch: 0 Loss: 1.1499915856581469
02-07 16:25 INFO     Client: 2 Epoch: 1 Loss: 1.118317566620998
02-07 16:25 INFO     Client: 2 Epoch: 2 Loss: 1.0951867157068007
02-07 16:25 INFO     Client: 2 Epoch: 3 Loss: 1.0806386233904424
02-07 16:25 INFO     Client: 2 Epoch: 4 Loss: 1.040300610737923
02-07 16:25 INFO      ** Client: 2 Training complete **
02-07 16:25 INFO     Training network 3 n_training: 10000
02-07 16:25 INFO     Training network 3
02-07 16:25 INFO     n_training: 78
02-07 16:25 INFO     Client: 3 Epoch: 0 Loss: 1.144457457921444
02-07 16:25 INFO     Client: 3 Epoch: 1 Loss: 1.1150208803323598
02-07 16:25 INFO     Client: 3 Epoch: 2 Loss: 1.0909435221782098
02-07 16:25 INFO     Client: 3 Epoch: 3 Loss: 1.0664260685443878
02-07 16:25 INFO     Client: 3 Epoch: 4 Loss: 1.0446808819587414
02-07 16:25 INFO      ** Client: 3 Training complete **
02-07 16:25 INFO     Training network 4 n_training: 10000
02-07 16:25 INFO     Training network 4
02-07 16:25 INFO     n_training: 78
02-07 16:25 INFO     Client: 4 Epoch: 0 Loss: 1.171077080262013
02-07 16:25 INFO     Client: 4 Epoch: 1 Loss: 1.1366340533280983
02-07 16:25 INFO     Client: 4 Epoch: 2 Loss: 1.1114950753175294
02-07 16:26 INFO     Client: 4 Epoch: 3 Loss: 1.0893339965588007
02-07 16:26 INFO     Client: 4 Epoch: 4 Loss: 1.0652165344128242
02-07 16:26 INFO      ** Client: 4 Training complete **
02-07 16:26 INFO     global n_training: 390
02-07 16:26 INFO     global n_test: 79
02-07 16:26 INFO     >> Global Model Train accuracy: 0.192388
02-07 16:26 INFO     >> Global Model Test accuracy: 0.189200
02-07 16:26 INFO     >> Global Model Train loss: 2.198590
