03-04 14:57 INFO     cuda
03-04 14:57 INFO     Command Line Arguments: 
{
    "epochs": 2,
    "comm_round": 10,
    "sample_fraction": 1.0,
    "alpha": 0.01,
    "dataset": "cifar10",
    "datadir": "../data/",
    "partition": "iid",
    "alg": "sflv2",
    "model": "resnet-18",
    "n_parties": 5,
    "lr": 0.001,
    "mu": 1,
    "std_coeff": 2.5,
    "unif_coeff": 0.5,
    "batch_size": 128,
    "load_first_net": 1,
    "pool_option": "FIFO",
    "model_buffer_size": 1,
    "optimizer": "adam",
    "simp_width": 1,
    "out_dim": 256,
    "reg": 0.0005,
    "temperature": 0.5,
    "logdir": "./",
    "log_file_name": "logs/experiment_log-alg=sflv2_partition=iid_lr=0.001_epochs=2_num_users=5_beta=0.01_batch_size=128_opt=adam_dataset=cifar10_2024-03-04-1457-18",
    "seed": 42,
    "device": "cuda",
    "multiprocessing": 0
}
03-04 14:57 INFO     Data statistics: {0: {0: 973, 1: 979, 2: 1030, 3: 1023, 4: 933, 5: 1015, 6: 996, 7: 994, 8: 1017, 9: 1040}, 1: {0: 1000, 1: 1000, 2: 979, 3: 1018, 4: 1011, 5: 1018, 6: 944, 7: 999, 8: 1028, 9: 1003}, 2: {0: 981, 1: 1048, 2: 1007, 3: 991, 4: 999, 5: 998, 6: 1026, 7: 986, 8: 968, 9: 996}, 3: {0: 1036, 1: 984, 2: 991, 3: 1001, 4: 1046, 5: 965, 6: 1001, 7: 975, 8: 983, 9: 1018}, 4: {0: 1010, 1: 989, 2: 993, 3: 967, 4: 1011, 5: 1004, 6: 1033, 7: 1046, 8: 1004, 9: 943}}
03-04 14:57 INFO     in comm round:0
03-04 14:57 INFO     Training network 0 n_training: 10000
03-04 14:57 INFO     Training network 0
03-04 14:57 INFO     n_training: 78
03-04 14:57 INFO     Client: 0 Epoch: 0 Loss: 1.7550145769730592
03-04 14:57 INFO     Client: 0 Epoch: 1 Loss: 1.3945676393997974
03-04 14:57 INFO      ** Client: 0 Training complete **
03-04 14:57 INFO     Training network 1 n_training: 10000
03-04 14:57 INFO     Training network 1
03-04 14:57 INFO     n_training: 78
03-04 14:58 INFO     Client: 1 Epoch: 0 Loss: 1.747979916059054
03-04 14:58 INFO     Client: 1 Epoch: 1 Loss: 1.3994799516139886
03-04 14:58 INFO      ** Client: 1 Training complete **
03-04 14:58 INFO     Training network 2 n_training: 10000
03-04 14:58 INFO     Training network 2
03-04 14:58 INFO     n_training: 78
03-04 14:58 INFO     Client: 2 Epoch: 0 Loss: 1.8075946355477357
03-04 14:58 INFO     Client: 2 Epoch: 1 Loss: 1.4642521907121708
03-04 14:58 INFO      ** Client: 2 Training complete **
03-04 14:58 INFO     Training network 3 n_training: 10000
03-04 14:58 INFO     Training network 3
03-04 14:58 INFO     n_training: 78
03-04 14:59 INFO     Client: 3 Epoch: 0 Loss: 1.7772529094647138
03-04 14:59 INFO     Client: 3 Epoch: 1 Loss: 1.4477112874006615
03-04 14:59 INFO      ** Client: 3 Training complete **
03-04 14:59 INFO     Training network 4 n_training: 10000
03-04 14:59 INFO     Training network 4
03-04 14:59 INFO     n_training: 78
03-04 14:59 INFO     Client: 4 Epoch: 0 Loss: 1.7318494442181709
03-04 14:59 INFO     Client: 4 Epoch: 1 Loss: 1.4164122404196324
03-04 14:59 INFO      ** Client: 4 Training complete **
03-04 14:59 INFO     global n_training: 390
03-04 14:59 INFO     global n_test: 79
