04-09 13:06 INFO     cuda
04-09 13:06 INFO     Command Line Arguments: 
{
    "epochs": 5,
    "comm_round": 100,
    "sample_fraction": 1.0,
    "alpha": 0.01,
    "dataset": "cifar10",
    "datadir": "../data/",
    "partition": "iid",
    "alg": "sflv1",
    "model": "resnet-18",
    "split_layer": 4,
    "n_parties": 5,
    "lr": 0.001,
    "mu": 1,
    "std_coeff": 2.5,
    "unif_coeff": 0.5,
    "batch_size": 512,
    "load_first_net": 1,
    "pool_option": "FIFO",
    "model_buffer_size": 1,
    "optimizer": "adam",
    "simp_width": 1,
    "out_dim": 256,
    "reg": 0.0005,
    "temperature": 0.5,
    "logdir": "./",
    "log_file_name": "logs/experiment_log-alg=sflv1_partition=iid_lr=0.001_epochs=5_num_users=5_beta=0.01_batch_size=512_opt=adam_dataset=cifar10_2024-04-09-1306-37",
    "seed": 123,
    "device": "cuda:2",
    "accuracies_file": "logs/split_resnet_18.csv",
    "dont_skip": false,
    "multiprocessing": 0
}
04-09 13:06 INFO     Data statistics: {0: {0: 1036, 1: 971, 2: 979, 3: 1017, 4: 1046, 5: 993, 6: 970, 7: 950, 8: 1022, 9: 1016}, 1: {0: 944, 1: 1049, 2: 1037, 3: 989, 4: 975, 5: 960, 6: 1017, 7: 1014, 8: 1025, 9: 990}, 2: {0: 983, 1: 986, 2: 985, 3: 984, 4: 990, 5: 1040, 6: 994, 7: 1041, 8: 990, 9: 1007}, 3: {0: 1029, 1: 1012, 2: 963, 3: 1001, 4: 1000, 5: 1001, 6: 988, 7: 999, 8: 987, 9: 1020}, 4: {0: 1008, 1: 982, 2: 1036, 3: 1009, 4: 989, 5: 1006, 6: 1031, 7: 996, 8: 976, 9: 967}}
04-09 13:06 INFO     in comm round:0
04-09 13:06 INFO     Training network 0 n_training: 10000
04-09 13:06 INFO     Training network 0
04-09 13:06 INFO     Client: 0 Epoch: 0 Loss: 2.05425711054551
04-09 13:06 INFO     Client: 0 Epoch: 1 Loss: 1.6612257079074257
04-09 13:06 INFO     Client: 0 Epoch: 2 Loss: 1.5546347906714992
04-09 13:06 INFO     Client: 0 Epoch: 3 Loss: 1.4385322395123934
04-09 13:06 INFO     Client: 0 Epoch: 4 Loss: 1.3789024478510807
04-09 13:06 INFO      ** Client: 0 Training complete **
04-09 13:06 INFO     Training network 1 n_training: 10000
04-09 13:06 INFO     Training network 1
04-09 13:06 INFO     Client: 1 Epoch: 0 Loss: 2.0364929876829447
04-09 13:06 INFO     Client: 1 Epoch: 1 Loss: 1.6584159449527138
04-09 13:06 INFO     Client: 1 Epoch: 2 Loss: 1.530876165942142
04-09 13:06 INFO     Client: 1 Epoch: 3 Loss: 1.4381801329160993
04-09 13:06 INFO     Client: 1 Epoch: 4 Loss: 1.3798777304197614
04-09 13:06 INFO      ** Client: 1 Training complete **
04-09 13:06 INFO     Training network 2 n_training: 10000
04-09 13:06 INFO     Training network 2
04-09 13:06 INFO     Client: 2 Epoch: 0 Loss: 2.001510927551671
04-09 13:06 INFO     Client: 2 Epoch: 1 Loss: 1.6810536510065983
04-09 13:06 INFO     Client: 2 Epoch: 2 Loss: 1.5350387221888493
04-09 13:06 INFO     Client: 2 Epoch: 3 Loss: 1.4219190948887874
04-09 13:07 INFO     Client: 2 Epoch: 4 Loss: 1.3661855020021136
04-09 13:07 INFO      ** Client: 2 Training complete **
04-09 13:07 INFO     Training network 3 n_training: 10000
04-09 13:07 INFO     Training network 3
04-09 13:07 INFO     Client: 3 Epoch: 0 Loss: 2.0329985932299963
04-09 13:07 INFO     Client: 3 Epoch: 1 Loss: 1.6771670705393742
04-09 13:07 INFO     Client: 3 Epoch: 2 Loss: 1.5374274755779065
04-09 13:07 INFO     Client: 3 Epoch: 3 Loss: 1.4421545831780684
04-09 13:07 INFO     Client: 3 Epoch: 4 Loss: 1.387279046209235
04-09 13:07 INFO      ** Client: 3 Training complete **
04-09 13:07 INFO     Training network 4 n_training: 10000
04-09 13:07 INFO     Training network 4
04-09 13:07 INFO     Client: 4 Epoch: 0 Loss: 1.9798267891532497
04-09 13:07 INFO     Client: 4 Epoch: 1 Loss: 1.645971040976675
04-09 13:07 INFO     Client: 4 Epoch: 2 Loss: 1.508966784728201
04-09 13:07 INFO     Client: 4 Epoch: 3 Loss: 1.4253988705183331
04-09 13:07 INFO     Client: 4 Epoch: 4 Loss: 1.349218675964757
04-09 13:07 INFO      ** Client: 4 Training complete **
04-09 13:07 INFO     global n_training: 97
04-09 13:07 INFO     global n_test: 20
04-09 13:07 INFO     >> Global Model Train accuracy: 0.1001, Train accuracy top-5: 0.5000
04-09 13:07 INFO     >> Global Model Test accuracy: 0.1000, Test accuracy top-5: 0.5000
04-09 13:07 INFO     >> Global Model Train loss: 2.3346
04-09 13:07 INFO     in comm round:1
04-09 13:07 INFO     Training network 0 n_training: 10000
04-09 13:07 INFO     Training network 0
04-09 13:07 INFO     Client: 0 Epoch: 0 Loss: 1.600590329421194
04-09 13:07 INFO     Client: 0 Epoch: 1 Loss: 1.378077877195258
04-09 13:07 INFO     Client: 0 Epoch: 2 Loss: 1.2987923120197498
04-09 13:07 INFO     Client: 0 Epoch: 3 Loss: 1.2410989435095536
04-09 13:07 INFO     Client: 0 Epoch: 4 Loss: 1.148599292102613
04-09 13:07 INFO      ** Client: 0 Training complete **
04-09 13:07 INFO     Training network 1 n_training: 10000
04-09 13:07 INFO     Training network 1
04-09 13:07 INFO     Client: 1 Epoch: 0 Loss: 1.59746579747451
04-09 13:07 INFO     Client: 1 Epoch: 1 Loss: 1.3747586451078717
04-09 13:07 INFO     Client: 1 Epoch: 2 Loss: 1.2795283041502301
04-09 13:07 INFO     Client: 1 Epoch: 3 Loss: 1.2343560645454807
04-09 13:07 INFO     Client: 1 Epoch: 4 Loss: 1.1764012575149536
04-09 13:07 INFO      ** Client: 1 Training complete **
04-09 13:07 INFO     Training network 2 n_training: 10000
04-09 13:07 INFO     Training network 2
04-09 13:07 INFO     Client: 2 Epoch: 0 Loss: 1.639948750797071
04-09 13:07 INFO     Client: 2 Epoch: 1 Loss: 1.3966414112793772
04-09 13:07 INFO     Client: 2 Epoch: 2 Loss: 1.2966703615690534
04-09 13:07 INFO     Client: 2 Epoch: 3 Loss: 1.2270032669368542
04-09 13:07 INFO     Client: 2 Epoch: 4 Loss: 1.1806721248124774
04-09 13:07 INFO      ** Client: 2 Training complete **
04-09 13:07 INFO     Training network 3 n_training: 10000
04-09 13:07 INFO     Training network 3
04-09 13:07 INFO     Client: 3 Epoch: 0 Loss: 1.5731853874106156
04-09 13:07 INFO     Client: 3 Epoch: 1 Loss: 1.3637601325386448
04-09 13:07 INFO     Client: 3 Epoch: 2 Loss: 1.2743300889667712
04-09 13:07 INFO     Client: 3 Epoch: 3 Loss: 1.225076386803075
04-09 13:07 INFO     Client: 3 Epoch: 4 Loss: 1.188888669013977
04-09 13:07 INFO      ** Client: 3 Training complete **
04-09 13:07 INFO     Training network 4 n_training: 10000
04-09 13:07 INFO     Training network 4
04-09 13:07 INFO     Client: 4 Epoch: 0 Loss: 1.6310407676194842
04-09 13:07 INFO     Client: 4 Epoch: 1 Loss: 1.3775398856715153
04-09 13:07 INFO     Client: 4 Epoch: 2 Loss: 1.28721831346813
04-09 13:07 INFO     Client: 4 Epoch: 3 Loss: 1.2243930854295428
04-09 13:07 INFO     Client: 4 Epoch: 4 Loss: 1.1774660097925287
04-09 13:07 INFO      ** Client: 4 Training complete **
04-09 13:07 INFO     global n_training: 97
04-09 13:07 INFO     global n_test: 20
04-09 13:07 INFO     >> Global Model Train accuracy: 0.1000, Train accuracy top-5: 0.4996
04-09 13:07 INFO     >> Global Model Test accuracy: 0.1000, Test accuracy top-5: 0.5000
04-09 13:07 INFO     >> Global Model Train loss: 2.3347
04-09 13:07 INFO     in comm round:2
04-09 13:07 INFO     Training network 0 n_training: 10000
04-09 13:07 INFO     Training network 0
04-09 13:07 INFO     Client: 0 Epoch: 0 Loss: 1.3359885466726202
04-09 13:07 INFO     Client: 0 Epoch: 1 Loss: 1.147478185201946
04-09 13:07 INFO     Client: 0 Epoch: 2 Loss: 1.0761418750411587
04-09 13:07 INFO     Client: 0 Epoch: 3 Loss: 1.0414833928409375
04-09 13:07 INFO     Client: 0 Epoch: 4 Loss: 0.9935167839652613
04-09 13:07 INFO      ** Client: 0 Training complete **
04-09 13:07 INFO     Training network 1 n_training: 10000
04-09 13:07 INFO     Training network 1
04-09 13:07 INFO     Client: 1 Epoch: 0 Loss: 1.277262901004992
04-09 13:07 INFO     Client: 1 Epoch: 1 Loss: 1.12385262313642
04-09 13:07 INFO     Client: 1 Epoch: 2 Loss: 1.078352821500678
04-09 13:07 INFO     Client: 1 Epoch: 3 Loss: 1.0638653353640908
04-09 13:07 INFO     Client: 1 Epoch: 4 Loss: 1.0283976699176587
04-09 13:07 INFO      ** Client: 1 Training complete **
04-09 13:07 INFO     Training network 2 n_training: 10000
04-09 13:07 INFO     Training network 2
04-09 13:07 INFO     Client: 2 Epoch: 0 Loss: 1.3432550430297852
04-09 13:07 INFO     Client: 2 Epoch: 1 Loss: 1.1746248696979724
04-09 13:07 INFO     Client: 2 Epoch: 2 Loss: 1.104771846219113
04-09 13:07 INFO     Client: 2 Epoch: 3 Loss: 1.0540425463726646
04-09 13:07 INFO     Client: 2 Epoch: 4 Loss: 1.0084898816911798
04-09 13:07 INFO      ** Client: 2 Training complete **
04-09 13:07 INFO     Training network 3 n_training: 10000
04-09 13:07 INFO     Training network 3
04-09 13:07 INFO     Client: 3 Epoch: 0 Loss: 1.2919936556565135
04-09 13:07 INFO     Client: 3 Epoch: 1 Loss: 1.1372115298321372
04-09 13:07 INFO     Client: 3 Epoch: 2 Loss: 1.074866156829031
04-09 13:07 INFO     Client: 3 Epoch: 3 Loss: 1.0439271675912958
04-09 13:07 INFO     Client: 3 Epoch: 4 Loss: 0.9995005977781195
04-09 13:07 INFO      ** Client: 3 Training complete **
04-09 13:07 INFO     Training network 4 n_training: 10000
04-09 13:07 INFO     Training network 4
04-09 13:07 INFO     Client: 4 Epoch: 0 Loss: 1.3169787243792885
04-09 13:07 INFO     Client: 4 Epoch: 1 Loss: 1.1554417861135382
04-09 13:07 INFO     Client: 4 Epoch: 2 Loss: 1.0929040971555208
04-09 13:08 INFO     Client: 4 Epoch: 3 Loss: 1.0636046873895746
04-09 13:08 INFO     Client: 4 Epoch: 4 Loss: 1.000378800065894
04-09 13:08 INFO      ** Client: 4 Training complete **
04-09 13:08 INFO     global n_training: 97
04-09 13:08 INFO     global n_test: 20
04-09 13:08 INFO     >> Global Model Train accuracy: 0.0999, Train accuracy top-5: 0.5000
04-09 13:08 INFO     >> Global Model Test accuracy: 0.1000, Test accuracy top-5: 0.5000
04-09 13:08 INFO     >> Global Model Train loss: 2.3388
04-09 13:08 INFO     in comm round:3
04-09 13:08 INFO     Training network 0 n_training: 10000
04-09 13:08 INFO     Training network 0
04-09 13:08 INFO     Client: 0 Epoch: 0 Loss: 1.1675510971169722
04-09 13:08 INFO     Client: 0 Epoch: 1 Loss: 0.98910454386159
04-09 13:08 INFO     Client: 0 Epoch: 2 Loss: 0.9565342696089494
04-09 13:08 INFO     Client: 0 Epoch: 3 Loss: 0.9145688320461073
04-09 13:08 INFO     Client: 0 Epoch: 4 Loss: 0.8697864883824399
04-09 13:08 INFO      ** Client: 0 Training complete **
04-09 13:08 INFO     Training network 1 n_training: 10000
04-09 13:08 INFO     Training network 1
04-09 13:08 INFO     Client: 1 Epoch: 0 Loss: 1.1451234535167092
04-09 13:08 INFO     Client: 1 Epoch: 1 Loss: 0.986566894932797
04-09 13:08 INFO     Client: 1 Epoch: 2 Loss: 0.9362748296637284
04-09 13:08 INFO     Client: 1 Epoch: 3 Loss: 0.9120367577201441
04-09 13:08 INFO     Client: 1 Epoch: 4 Loss: 0.8854154724823801
04-09 13:08 INFO      ** Client: 1 Training complete **
04-09 13:08 INFO     Training network 2 n_training: 10000
04-09 13:08 INFO     Training network 2
04-09 13:08 INFO     Client: 2 Epoch: 0 Loss: 1.1284494776474803
04-09 13:08 INFO     Client: 2 Epoch: 1 Loss: 0.98749819241072
04-09 13:08 INFO     Client: 2 Epoch: 2 Loss: 0.9291432593998156
04-09 13:08 INFO     Client: 2 Epoch: 3 Loss: 0.9051668581209684
04-09 13:08 INFO     Client: 2 Epoch: 4 Loss: 0.8607232539277327
04-09 13:08 INFO      ** Client: 2 Training complete **
04-09 13:08 INFO     Training network 3 n_training: 10000
04-09 13:08 INFO     Training network 3
04-09 13:08 INFO     Client: 3 Epoch: 0 Loss: 1.151229977607727
04-09 13:08 INFO     Client: 3 Epoch: 1 Loss: 0.9800906557785837
04-09 13:08 INFO     Client: 3 Epoch: 2 Loss: 0.9500661994281568
04-09 13:08 INFO     Client: 3 Epoch: 3 Loss: 0.887447714805603
04-09 13:08 INFO     Client: 3 Epoch: 4 Loss: 0.8894448970493517
04-09 13:08 INFO      ** Client: 3 Training complete **
04-09 13:08 INFO     Training network 4 n_training: 10000
04-09 13:08 INFO     Training network 4
04-09 13:08 INFO     Client: 4 Epoch: 0 Loss: 1.1202402334464223
04-09 13:08 INFO     Client: 4 Epoch: 1 Loss: 0.999770678971943
04-09 13:08 INFO     Client: 4 Epoch: 2 Loss: 0.9252768064800062
04-09 13:08 INFO     Client: 4 Epoch: 3 Loss: 0.8998120646727713
04-09 13:08 INFO     Client: 4 Epoch: 4 Loss: 0.89095517836119
04-09 13:08 INFO      ** Client: 4 Training complete **
04-09 13:08 INFO     global n_training: 97
04-09 13:08 INFO     global n_test: 20
04-09 13:08 INFO     >> Global Model Train accuracy: 0.1000, Train accuracy top-5: 0.4998
04-09 13:08 INFO     >> Global Model Test accuracy: 0.1000, Test accuracy top-5: 0.5000
04-09 13:08 INFO     >> Global Model Train loss: 2.3350
04-09 13:08 INFO     in comm round:4
04-09 13:08 INFO     Training network 0 n_training: 10000
04-09 13:08 INFO     Training network 0
04-09 13:08 INFO     Client: 0 Epoch: 0 Loss: 1.0075742382752269
04-09 13:08 INFO     Client: 0 Epoch: 1 Loss: 0.8954457672018754
04-09 13:08 INFO     Client: 0 Epoch: 2 Loss: 0.8371736313167372
04-09 13:08 INFO     Client: 0 Epoch: 3 Loss: 0.8075886494234988
04-09 13:08 INFO     Client: 0 Epoch: 4 Loss: 0.7824868622579073
04-09 13:08 INFO      ** Client: 0 Training complete **
04-09 13:08 INFO     Training network 1 n_training: 10000
04-09 13:08 INFO     Training network 1
04-09 13:08 INFO     Client: 1 Epoch: 0 Loss: 0.9953260672719855
04-09 13:08 INFO     Client: 1 Epoch: 1 Loss: 0.8787114086904024
04-09 13:08 INFO     Client: 1 Epoch: 2 Loss: 0.8227765152328893
04-09 13:08 INFO     Client: 1 Epoch: 3 Loss: 0.774064584782249
04-09 13:08 INFO     Client: 1 Epoch: 4 Loss: 0.770394648376264
04-09 13:08 INFO      ** Client: 1 Training complete **
04-09 13:08 INFO     Training network 2 n_training: 10000
04-09 13:08 INFO     Training network 2
04-09 13:08 INFO     Client: 2 Epoch: 0 Loss: 0.9705515378399899
04-09 13:08 INFO     Client: 2 Epoch: 1 Loss: 0.8744280777479473
04-09 13:08 INFO     Client: 2 Epoch: 2 Loss: 0.8221210304059481
04-09 13:08 INFO     Client: 2 Epoch: 3 Loss: 0.8033243731448525
04-09 13:08 INFO     Client: 2 Epoch: 4 Loss: 0.767064558832269
04-09 13:08 INFO      ** Client: 2 Training complete **
04-09 13:08 INFO     Training network 3 n_training: 10000
04-09 13:08 INFO     Training network 3
04-09 13:08 INFO     Client: 3 Epoch: 0 Loss: 1.007955319003055
04-09 13:08 INFO     Client: 3 Epoch: 1 Loss: 0.8693097108288815
04-09 13:08 INFO     Client: 3 Epoch: 2 Loss: 0.8221100286433571
04-09 13:08 INFO     Client: 3 Epoch: 3 Loss: 0.7812267447772779
04-09 13:08 INFO     Client: 3 Epoch: 4 Loss: 0.7675074464396426
04-09 13:08 INFO      ** Client: 3 Training complete **
04-09 13:08 INFO     Training network 4 n_training: 10000
04-09 13:08 INFO     Training network 4
04-09 13:08 INFO     Client: 4 Epoch: 0 Loss: 1.004729832473554
04-09 13:08 INFO     Client: 4 Epoch: 1 Loss: 0.8659561245064986
04-09 13:08 INFO     Client: 4 Epoch: 2 Loss: 0.8284910634944314
04-09 13:08 INFO     Client: 4 Epoch: 3 Loss: 0.7960667892506248
04-09 13:08 INFO     Client: 4 Epoch: 4 Loss: 0.7694158146255895
04-09 13:08 INFO      ** Client: 4 Training complete **
04-09 13:08 INFO     global n_training: 97
04-09 13:08 INFO     global n_test: 20
04-09 13:08 INFO     >> Global Model Train accuracy: 0.1000, Train accuracy top-5: 0.4999
04-09 13:08 INFO     >> Global Model Test accuracy: 0.1000, Test accuracy top-5: 0.5000
04-09 13:08 INFO     >> Global Model Train loss: 2.3356
04-09 13:08 INFO     in comm round:5
04-09 13:08 INFO     Training network 0 n_training: 10000
04-09 13:08 INFO     Training network 0
04-09 13:08 INFO     Client: 0 Epoch: 0 Loss: 0.9068041036003515
04-09 13:08 INFO     Client: 0 Epoch: 1 Loss: 0.7973437121039942
04-09 13:08 INFO     Client: 0 Epoch: 2 Loss: 0.7449929682832015
04-09 13:08 INFO     Client: 0 Epoch: 3 Loss: 0.7136634682354174
04-09 13:08 INFO     Client: 0 Epoch: 4 Loss: 0.7085633999422977
04-09 13:08 INFO      ** Client: 0 Training complete **
04-09 13:08 INFO     Training network 1 n_training: 10000
04-09 13:08 INFO     Training network 1
04-09 13:09 INFO     Client: 1 Epoch: 0 Loss: 0.885844161635951
04-09 13:09 INFO     Client: 1 Epoch: 1 Loss: 0.7633622037736993
04-09 13:09 INFO     Client: 1 Epoch: 2 Loss: 0.7435735589579532
04-09 13:09 INFO     Client: 1 Epoch: 3 Loss: 0.6981703889997382
04-09 13:09 INFO     Client: 1 Epoch: 4 Loss: 0.6953992780886198
04-09 13:09 INFO      ** Client: 1 Training complete **
04-09 13:09 INFO     Training network 2 n_training: 10000
04-09 13:09 INFO     Training network 2
04-09 13:09 INFO     Client: 2 Epoch: 0 Loss: 0.8857359886169434
04-09 13:09 INFO     Client: 2 Epoch: 1 Loss: 0.7684632696603474
04-09 13:09 INFO     Client: 2 Epoch: 2 Loss: 0.7440492887245981
04-09 13:09 INFO     Client: 2 Epoch: 3 Loss: 0.7063508880765814
04-09 13:09 INFO     Client: 2 Epoch: 4 Loss: 0.6832197904586792
04-09 13:09 INFO      ** Client: 2 Training complete **
04-09 13:09 INFO     Training network 3 n_training: 10000
04-09 13:09 INFO     Training network 3
04-09 13:09 INFO     Client: 3 Epoch: 0 Loss: 0.8608212816087824
04-09 13:09 INFO     Client: 3 Epoch: 1 Loss: 0.7648949748591373
04-09 13:09 INFO     Client: 3 Epoch: 2 Loss: 0.7353681074945551
04-09 13:09 INFO     Client: 3 Epoch: 3 Loss: 0.699168368389732
04-09 13:09 INFO     Client: 3 Epoch: 4 Loss: 0.6861897142309892
04-09 13:09 INFO      ** Client: 3 Training complete **
04-09 13:09 INFO     Training network 4 n_training: 10000
04-09 13:09 INFO     Training network 4
04-09 13:09 INFO     Client: 4 Epoch: 0 Loss: 0.897164103231932
04-09 13:09 INFO     Client: 4 Epoch: 1 Loss: 0.7756151776564749
04-09 13:09 INFO     Client: 4 Epoch: 2 Loss: 0.7422299573295995
04-09 13:09 INFO     Client: 4 Epoch: 3 Loss: 0.72569739818573
04-09 13:09 INFO     Client: 4 Epoch: 4 Loss: 0.676720700765911
04-09 13:09 INFO      ** Client: 4 Training complete **
04-09 13:09 INFO     global n_training: 97
04-09 13:09 INFO     global n_test: 20
04-09 13:09 INFO     >> Global Model Train accuracy: 0.1000, Train accuracy top-5: 0.4999
04-09 13:09 INFO     >> Global Model Test accuracy: 0.1000, Test accuracy top-5: 0.5000
04-09 13:09 INFO     >> Global Model Train loss: 2.3325
04-09 13:09 INFO     in comm round:6
04-09 13:09 INFO     Training network 0 n_training: 10000
04-09 13:09 INFO     Training network 0
04-09 13:09 INFO     Client: 0 Epoch: 0 Loss: 0.8352486114752921
04-09 13:09 INFO     Client: 0 Epoch: 1 Loss: 0.7173340477441487
04-09 13:09 INFO     Client: 0 Epoch: 2 Loss: 0.647691149460642
04-09 13:09 INFO     Client: 0 Epoch: 3 Loss: 0.6511552773023906
04-09 13:09 INFO     Client: 0 Epoch: 4 Loss: 0.6230953649470681
04-09 13:09 INFO      ** Client: 0 Training complete **
04-09 13:09 INFO     Training network 1 n_training: 10000
04-09 13:09 INFO     Training network 1
04-09 13:09 INFO     Client: 1 Epoch: 0 Loss: 0.7914007211986341
04-09 13:09 INFO     Client: 1 Epoch: 1 Loss: 0.6726868591810528
04-09 13:09 INFO     Client: 1 Epoch: 2 Loss: 0.6524377559360705
04-09 13:09 INFO     Client: 1 Epoch: 3 Loss: 0.6235087482552779
04-09 13:09 INFO     Client: 1 Epoch: 4 Loss: 0.6241395818559747
04-09 13:09 INFO      ** Client: 1 Training complete **
04-09 13:09 INFO     Training network 2 n_training: 10000
04-09 13:09 INFO     Training network 2
04-09 13:09 INFO     Client: 2 Epoch: 0 Loss: 0.7807014490428724
04-09 13:09 INFO     Client: 2 Epoch: 1 Loss: 0.6935776158383018
04-09 13:09 INFO     Client: 2 Epoch: 2 Loss: 0.6570321039149636
04-09 13:09 INFO     Client: 2 Epoch: 3 Loss: 0.6218505784084922
04-09 13:09 INFO     Client: 2 Epoch: 4 Loss: 0.6072170734405518
04-09 13:09 INFO      ** Client: 2 Training complete **
04-09 13:09 INFO     Training network 3 n_training: 10000
04-09 13:09 INFO     Training network 3
04-09 13:09 INFO     Client: 3 Epoch: 0 Loss: 0.8073595291689822
04-09 13:09 INFO     Client: 3 Epoch: 1 Loss: 0.6999764316960385
04-09 13:09 INFO     Client: 3 Epoch: 2 Loss: 0.667457423712078
04-09 13:09 INFO     Client: 3 Epoch: 3 Loss: 0.6320982261707908
04-09 13:09 INFO     Client: 3 Epoch: 4 Loss: 0.5957868758000826
04-09 13:09 INFO      ** Client: 3 Training complete **
04-09 13:09 INFO     Training network 4 n_training: 10000
04-09 13:09 INFO     Training network 4
04-09 13:09 INFO     Client: 4 Epoch: 0 Loss: 0.8046673348075465
04-09 13:09 INFO     Client: 4 Epoch: 1 Loss: 0.6915736198425293
04-09 13:09 INFO     Client: 4 Epoch: 2 Loss: 0.6526556234610709
04-09 13:09 INFO     Client: 4 Epoch: 3 Loss: 0.6462599791978535
04-09 13:09 INFO     Client: 4 Epoch: 4 Loss: 0.6372943771512884
04-09 13:09 INFO      ** Client: 4 Training complete **
04-09 13:09 INFO     global n_training: 97
04-09 13:09 INFO     global n_test: 20
04-09 13:09 INFO     >> Global Model Train accuracy: 0.1000, Train accuracy top-5: 0.4999
04-09 13:09 INFO     >> Global Model Test accuracy: 0.1000, Test accuracy top-5: 0.5000
04-09 13:09 INFO     >> Global Model Train loss: 2.3305
04-09 13:09 INFO     in comm round:7
04-09 13:09 INFO     Training network 0 n_training: 10000
04-09 13:09 INFO     Training network 0
04-09 13:09 INFO     Client: 0 Epoch: 0 Loss: 0.7581035086983129
04-09 13:09 INFO     Client: 0 Epoch: 1 Loss: 0.6311748466993633
04-09 13:09 INFO     Client: 0 Epoch: 2 Loss: 0.595893825355329
04-09 13:09 INFO     Client: 0 Epoch: 3 Loss: 0.5811815355953417
04-09 13:09 INFO     Client: 0 Epoch: 4 Loss: 0.5863244721764013
04-09 13:09 INFO      ** Client: 0 Training complete **
04-09 13:09 INFO     Training network 1 n_training: 10000
04-09 13:09 INFO     Training network 1
04-09 13:09 INFO     Client: 1 Epoch: 0 Loss: 0.7276483460476524
04-09 13:09 INFO     Client: 1 Epoch: 1 Loss: 0.6376242857230338
04-09 13:09 INFO     Client: 1 Epoch: 2 Loss: 0.583334743976593
04-09 13:09 INFO     Client: 1 Epoch: 3 Loss: 0.5728618941809002
04-09 13:09 INFO     Client: 1 Epoch: 4 Loss: 0.5541644237543407
04-09 13:09 INFO      ** Client: 1 Training complete **
04-09 13:09 INFO     Training network 2 n_training: 10000
04-09 13:09 INFO     Training network 2
04-09 13:09 INFO     Client: 2 Epoch: 0 Loss: 0.7338384546731648
04-09 13:09 INFO     Client: 2 Epoch: 1 Loss: 0.6208113933864393
04-09 13:09 INFO     Client: 2 Epoch: 2 Loss: 0.5884824834371868
04-09 13:09 INFO     Client: 2 Epoch: 3 Loss: 0.5608072186771192
04-09 13:09 INFO     Client: 2 Epoch: 4 Loss: 0.5499512412046131
04-09 13:09 INFO      ** Client: 2 Training complete **
04-09 13:09 INFO     Training network 3 n_training: 10000
04-09 13:09 INFO     Training network 3
04-09 13:09 INFO     Client: 3 Epoch: 0 Loss: 0.727034888769451
04-09 13:10 INFO     Client: 3 Epoch: 1 Loss: 0.6292912395376908
04-09 13:10 INFO     Client: 3 Epoch: 2 Loss: 0.5925638518835369
04-09 13:10 INFO     Client: 3 Epoch: 3 Loss: 0.5692375490539953
04-09 13:10 INFO     Client: 3 Epoch: 4 Loss: 0.5407869047240207
04-09 13:10 INFO      ** Client: 3 Training complete **
04-09 13:10 INFO     Training network 4 n_training: 10000
04-09 13:10 INFO     Training network 4
04-09 13:10 INFO     Client: 4 Epoch: 0 Loss: 0.7341472318297938
04-09 13:10 INFO     Client: 4 Epoch: 1 Loss: 0.61732648548327
04-09 13:10 INFO     Client: 4 Epoch: 2 Loss: 0.587180843478755
04-09 13:10 INFO     Client: 4 Epoch: 3 Loss: 0.5772924972207922
04-09 13:10 INFO     Client: 4 Epoch: 4 Loss: 0.5577226767414495
04-09 13:10 INFO      ** Client: 4 Training complete **
04-09 13:10 INFO     global n_training: 97
04-09 13:10 INFO     global n_test: 20
04-09 13:10 INFO     >> Global Model Train accuracy: 0.1000, Train accuracy top-5: 0.4998
04-09 13:10 INFO     >> Global Model Test accuracy: 0.1000, Test accuracy top-5: 0.5000
04-09 13:10 INFO     >> Global Model Train loss: 2.3365
04-09 13:10 INFO     in comm round:8
04-09 13:10 INFO     Training network 0 n_training: 10000
04-09 13:10 INFO     Training network 0
04-09 13:10 INFO     Client: 0 Epoch: 0 Loss: 0.6713751805456061
04-09 13:10 INFO     Client: 0 Epoch: 1 Loss: 0.5941163332838761
04-09 13:10 INFO     Client: 0 Epoch: 2 Loss: 0.5472831208454935
04-09 13:10 INFO     Client: 0 Epoch: 3 Loss: 0.533577594317888
04-09 13:10 INFO     Client: 0 Epoch: 4 Loss: 0.5019005442920484
04-09 13:10 INFO      ** Client: 0 Training complete **
04-09 13:10 INFO     Training network 1 n_training: 10000
04-09 13:10 INFO     Training network 1
04-09 13:10 INFO     Client: 1 Epoch: 0 Loss: 0.6278637428032724
04-09 13:10 INFO     Client: 1 Epoch: 1 Loss: 0.5467170916105571
04-09 13:10 INFO     Client: 1 Epoch: 2 Loss: 0.5139580870929518
04-09 13:10 INFO     Client: 1 Epoch: 3 Loss: 0.5109812507503911
04-09 13:10 INFO     Client: 1 Epoch: 4 Loss: 0.4982953102965104
04-09 13:10 INFO      ** Client: 1 Training complete **
04-09 13:10 INFO     Training network 2 n_training: 10000
04-09 13:10 INFO     Training network 2
04-09 13:10 INFO     Client: 2 Epoch: 0 Loss: 0.6757037231796666
04-09 13:10 INFO     Client: 2 Epoch: 1 Loss: 0.5672391119756197
04-09 13:10 INFO     Client: 2 Epoch: 2 Loss: 0.5243177931559714
04-09 13:10 INFO     Client: 2 Epoch: 3 Loss: 0.5212087129291735
04-09 13:10 INFO     Client: 2 Epoch: 4 Loss: 0.5123367105659685
04-09 13:10 INFO      ** Client: 2 Training complete **
04-09 13:10 INFO     Training network 3 n_training: 10000
04-09 13:10 INFO     Training network 3
04-09 13:10 INFO     Client: 3 Epoch: 0 Loss: 0.6915209826670194
04-09 13:10 INFO     Client: 3 Epoch: 1 Loss: 0.5759819055858412
04-09 13:10 INFO     Client: 3 Epoch: 2 Loss: 0.5309257068132099
04-09 13:10 INFO     Client: 3 Epoch: 3 Loss: 0.5180085787647649
04-09 13:10 INFO     Client: 3 Epoch: 4 Loss: 0.5164590179920197
04-09 13:10 INFO      ** Client: 3 Training complete **
04-09 13:10 INFO     Training network 4 n_training: 10000
04-09 13:10 INFO     Training network 4
04-09 13:10 INFO     Client: 4 Epoch: 0 Loss: 0.6713416168564245
04-09 13:10 INFO     Client: 4 Epoch: 1 Loss: 0.5802450932954487
04-09 13:10 INFO     Client: 4 Epoch: 2 Loss: 0.5382492369727084
04-09 13:10 INFO     Client: 4 Epoch: 3 Loss: 0.5057981390702097
04-09 13:10 INFO     Client: 4 Epoch: 4 Loss: 0.507678642084724
04-09 13:10 INFO      ** Client: 4 Training complete **
04-09 13:10 INFO     global n_training: 97
04-09 13:10 INFO     global n_test: 20
04-09 13:10 INFO     >> Global Model Train accuracy: 0.0998, Train accuracy top-5: 0.4998
04-09 13:10 INFO     >> Global Model Test accuracy: 0.1000, Test accuracy top-5: 0.5000
04-09 13:10 INFO     >> Global Model Train loss: 2.3451
04-09 13:10 INFO     in comm round:9
04-09 13:10 INFO     Training network 0 n_training: 10000
04-09 13:10 INFO     Training network 0
04-09 13:10 INFO     Client: 0 Epoch: 0 Loss: 0.6170618439975538
04-09 13:10 INFO     Client: 0 Epoch: 1 Loss: 0.522735523550134
04-09 13:10 INFO     Client: 0 Epoch: 2 Loss: 0.4935265371673985
04-09 13:10 INFO     Client: 0 Epoch: 3 Loss: 0.4841177087081106
04-09 13:10 INFO     Client: 0 Epoch: 4 Loss: 0.46095058792515803
04-09 13:10 INFO      ** Client: 0 Training complete **
04-09 13:10 INFO     Training network 1 n_training: 10000
04-09 13:10 INFO     Training network 1
04-09 13:10 INFO     Client: 1 Epoch: 0 Loss: 0.6137386811406988
04-09 13:10 INFO     Client: 1 Epoch: 1 Loss: 0.5102708731826983
04-09 13:10 INFO     Client: 1 Epoch: 2 Loss: 0.4781713815111863
04-09 13:10 INFO     Client: 1 Epoch: 3 Loss: 0.44939405667154414
04-09 13:10 INFO     Client: 1 Epoch: 4 Loss: 0.45101701899578694
04-09 13:10 INFO      ** Client: 1 Training complete **
04-09 13:10 INFO     Training network 2 n_training: 10000
04-09 13:10 INFO     Training network 2
04-09 13:10 INFO     Client: 2 Epoch: 0 Loss: 0.6198963366056743
04-09 13:10 INFO     Client: 2 Epoch: 1 Loss: 0.5173567643291072
04-09 13:10 INFO     Client: 2 Epoch: 2 Loss: 0.48437814492928355
04-09 13:10 INFO     Client: 2 Epoch: 3 Loss: 0.4512101709842682
04-09 13:10 INFO     Client: 2 Epoch: 4 Loss: 0.4714115246346122
04-09 13:10 INFO      ** Client: 2 Training complete **
04-09 13:10 INFO     Training network 3 n_training: 10000
04-09 13:10 INFO     Training network 3
04-09 13:10 INFO     Client: 3 Epoch: 0 Loss: 0.6197736953434191
04-09 13:10 INFO     Client: 3 Epoch: 1 Loss: 0.4971312833459754
04-09 13:10 INFO     Client: 3 Epoch: 2 Loss: 0.46769353119950546
04-09 13:10 INFO     Client: 3 Epoch: 3 Loss: 0.46924838266874613
04-09 13:10 INFO     Client: 3 Epoch: 4 Loss: 0.4569757502329977
04-09 13:10 INFO      ** Client: 3 Training complete **
04-09 13:10 INFO     Training network 4 n_training: 10000
04-09 13:10 INFO     Training network 4
04-09 13:10 INFO     Client: 4 Epoch: 0 Loss: 0.6016113177726143
04-09 13:10 INFO     Client: 4 Epoch: 1 Loss: 0.5188961954493272
04-09 13:10 INFO     Client: 4 Epoch: 2 Loss: 0.4782839229232387
04-09 13:10 INFO     Client: 4 Epoch: 3 Loss: 0.4726920441577309
04-09 13:10 INFO     Client: 4 Epoch: 4 Loss: 0.4473175955446143
04-09 13:10 INFO      ** Client: 4 Training complete **
04-09 13:10 INFO     global n_training: 97
04-09 13:10 INFO     global n_test: 20
04-09 13:10 INFO     >> Global Model Train accuracy: 0.1000, Train accuracy top-5: 0.5000
04-09 13:10 INFO     >> Global Model Test accuracy: 0.1000, Test accuracy top-5: 0.5000
04-09 13:10 INFO     >> Global Model Train loss: 2.3487
04-09 13:10 INFO     in comm round:10
04-09 13:10 INFO     Training network 0 n_training: 10000
04-09 13:10 INFO     Training network 0
04-09 13:11 INFO     Client: 0 Epoch: 0 Loss: 0.5926491084851717
04-09 13:11 INFO     Client: 0 Epoch: 1 Loss: 0.48271870769952474
04-09 13:11 INFO     Client: 0 Epoch: 2 Loss: 0.4414547854348233
04-09 13:11 INFO     Client: 0 Epoch: 3 Loss: 0.4422214940974587
04-09 13:11 INFO     Client: 0 Epoch: 4 Loss: 0.4207882002780312
04-09 13:11 INFO      ** Client: 0 Training complete **
04-09 13:11 INFO     Training network 1 n_training: 10000
04-09 13:11 INFO     Training network 1
04-09 13:11 INFO     Client: 1 Epoch: 0 Loss: 0.5459118610934207
04-09 13:11 INFO     Client: 1 Epoch: 1 Loss: 0.44874278652040583
04-09 13:11 INFO     Client: 1 Epoch: 2 Loss: 0.4201402977893227
04-09 13:11 INFO     Client: 1 Epoch: 3 Loss: 0.41520666605547857
04-09 13:11 INFO     Client: 1 Epoch: 4 Loss: 0.41170130591643483
04-09 13:11 INFO      ** Client: 1 Training complete **
04-09 13:11 INFO     Training network 2 n_training: 10000
04-09 13:11 INFO     Training network 2
04-09 13:11 INFO     Client: 2 Epoch: 0 Loss: 0.5494932422512456
04-09 13:11 INFO     Client: 2 Epoch: 1 Loss: 0.4668410106709129
04-09 13:11 INFO     Client: 2 Epoch: 2 Loss: 0.4279074700255143
04-09 13:11 INFO     Client: 2 Epoch: 3 Loss: 0.43257509250389903
04-09 13:11 INFO     Client: 2 Epoch: 4 Loss: 0.40693864540049907
04-09 13:11 INFO      ** Client: 2 Training complete **
04-09 13:11 INFO     Training network 3 n_training: 10000
04-09 13:11 INFO     Training network 3
04-09 13:11 INFO     Client: 3 Epoch: 0 Loss: 0.5680737056230244
04-09 13:11 INFO     Client: 3 Epoch: 1 Loss: 0.47588239845476654
04-09 13:11 INFO     Client: 3 Epoch: 2 Loss: 0.43205065319412633
04-09 13:11 INFO     Client: 3 Epoch: 3 Loss: 0.4327749123698787
04-09 13:11 INFO     Client: 3 Epoch: 4 Loss: 0.4012725823803952
04-09 13:11 INFO      ** Client: 3 Training complete **
04-09 13:11 INFO     Training network 4 n_training: 10000
04-09 13:11 INFO     Training network 4
04-09 13:11 INFO     Client: 4 Epoch: 0 Loss: 0.5533186260022616
04-09 13:11 INFO     Client: 4 Epoch: 1 Loss: 0.46892903509892914
04-09 13:11 INFO     Client: 4 Epoch: 2 Loss: 0.42936483966676814
04-09 13:11 INFO     Client: 4 Epoch: 3 Loss: 0.4238418905358565
04-09 13:11 INFO     Client: 4 Epoch: 4 Loss: 0.40691412122626053
04-09 13:11 INFO      ** Client: 4 Training complete **
04-09 13:11 INFO     global n_training: 97
04-09 13:11 INFO     global n_test: 20
04-09 13:11 INFO     >> Global Model Train accuracy: 0.1001, Train accuracy top-5: 0.5000
04-09 13:11 INFO     >> Global Model Test accuracy: 0.1000, Test accuracy top-5: 0.5000
04-09 13:11 INFO     >> Global Model Train loss: 2.3629
04-09 13:11 INFO     in comm round:11
04-09 13:11 INFO     Training network 0 n_training: 10000
04-09 13:11 INFO     Training network 0
04-09 13:11 INFO     Client: 0 Epoch: 0 Loss: 0.532685869618466
04-09 13:11 INFO     Client: 0 Epoch: 1 Loss: 0.4282729641387337
04-09 13:11 INFO     Client: 0 Epoch: 2 Loss: 0.3902987163317831
04-09 13:11 INFO     Client: 0 Epoch: 3 Loss: 0.37285002595499944
04-09 13:11 INFO     Client: 0 Epoch: 4 Loss: 0.37031067045111404
04-09 13:11 INFO      ** Client: 0 Training complete **
04-09 13:11 INFO     Training network 1 n_training: 10000
04-09 13:11 INFO     Training network 1
04-09 13:11 INFO     Client: 1 Epoch: 0 Loss: 0.5332625869073366
04-09 13:11 INFO     Client: 1 Epoch: 1 Loss: 0.41533470938080236
04-09 13:11 INFO     Client: 1 Epoch: 2 Loss: 0.37000352144241333
04-09 13:11 INFO     Client: 1 Epoch: 3 Loss: 0.36072928497665807
04-09 13:11 INFO     Client: 1 Epoch: 4 Loss: 0.37356317043304443
04-09 13:11 INFO      ** Client: 1 Training complete **
04-09 13:11 INFO     Training network 2 n_training: 10000
04-09 13:11 INFO     Training network 2
04-09 13:11 INFO     Client: 2 Epoch: 0 Loss: 0.5122220782857192
04-09 13:11 INFO     Client: 2 Epoch: 1 Loss: 0.4260171683211076
04-09 13:11 INFO     Client: 2 Epoch: 2 Loss: 0.3814636688483389
04-09 13:11 INFO     Client: 2 Epoch: 3 Loss: 0.37263286898010656
04-09 13:11 INFO     Client: 2 Epoch: 4 Loss: 0.3750651384654798
04-09 13:11 INFO      ** Client: 2 Training complete **
04-09 13:11 INFO     Training network 3 n_training: 10000
04-09 13:11 INFO     Training network 3
04-09 13:11 INFO     Client: 3 Epoch: 0 Loss: 0.5126459284832603
04-09 13:11 INFO     Client: 3 Epoch: 1 Loss: 0.43450870953108134
04-09 13:11 INFO     Client: 3 Epoch: 2 Loss: 0.40192151069641113
04-09 13:11 INFO     Client: 3 Epoch: 3 Loss: 0.37300774298216166
04-09 13:11 INFO     Client: 3 Epoch: 4 Loss: 0.35659905013285187
04-09 13:11 INFO      ** Client: 3 Training complete **
04-09 13:11 INFO     Training network 4 n_training: 10000
04-09 13:11 INFO     Training network 4
04-09 13:11 INFO     Client: 4 Epoch: 0 Loss: 0.48925939359162984
04-09 13:11 INFO     Client: 4 Epoch: 1 Loss: 0.438690700029072
04-09 13:11 INFO     Client: 4 Epoch: 2 Loss: 0.40515692610489695
04-09 13:11 INFO     Client: 4 Epoch: 3 Loss: 0.3986270851210544
04-09 13:11 INFO     Client: 4 Epoch: 4 Loss: 0.3691550540296655
04-09 13:11 INFO      ** Client: 4 Training complete **
04-09 13:11 INFO     global n_training: 97
04-09 13:11 INFO     global n_test: 20
04-09 13:11 INFO     >> Global Model Train accuracy: 0.1000, Train accuracy top-5: 0.5001
04-09 13:11 INFO     >> Global Model Test accuracy: 0.1000, Test accuracy top-5: 0.5000
04-09 13:11 INFO     >> Global Model Train loss: 2.3674
04-09 13:11 INFO     in comm round:12
04-09 13:11 INFO     Training network 0 n_training: 10000
04-09 13:11 INFO     Training network 0
04-09 13:11 INFO     Client: 0 Epoch: 0 Loss: 0.5073175853804538
04-09 13:11 INFO     Client: 0 Epoch: 1 Loss: 0.40852796403985275
04-09 13:11 INFO     Client: 0 Epoch: 2 Loss: 0.38004869850058304
04-09 13:11 INFO     Client: 0 Epoch: 3 Loss: 0.3559753910491341
04-09 13:11 INFO     Client: 0 Epoch: 4 Loss: 0.3281247537387045
04-09 13:11 INFO      ** Client: 0 Training complete **
04-09 13:11 INFO     Training network 1 n_training: 10000
04-09 13:11 INFO     Training network 1
04-09 13:11 INFO     Client: 1 Epoch: 0 Loss: 0.4730345920512551
04-09 13:11 INFO     Client: 1 Epoch: 1 Loss: 0.37473742585433156
04-09 13:11 INFO     Client: 1 Epoch: 2 Loss: 0.3456425619752784
04-09 13:11 INFO     Client: 1 Epoch: 3 Loss: 0.33984292651477616
04-09 13:11 INFO     Client: 1 Epoch: 4 Loss: 0.3372628124136674
04-09 13:11 INFO      ** Client: 1 Training complete **
04-09 13:11 INFO     Training network 2 n_training: 10000
04-09 13:11 INFO     Training network 2
04-09 13:11 INFO     Client: 2 Epoch: 0 Loss: 0.47294380790308904
04-09 13:11 INFO     Client: 2 Epoch: 1 Loss: 0.3955756488599275
04-09 13:11 INFO     Client: 2 Epoch: 2 Loss: 0.3510037723340486
04-09 13:12 INFO     Client: 2 Epoch: 3 Loss: 0.355026524317892
04-09 13:12 INFO     Client: 2 Epoch: 4 Loss: 0.32997840956637736
04-09 13:12 INFO      ** Client: 2 Training complete **
04-09 13:12 INFO     Training network 3 n_training: 10000
04-09 13:12 INFO     Training network 3
04-09 13:12 INFO     Client: 3 Epoch: 0 Loss: 0.49469051078746196
04-09 13:12 INFO     Client: 3 Epoch: 1 Loss: 0.37644422524853755
04-09 13:12 INFO     Client: 3 Epoch: 2 Loss: 0.35150436194319473
04-09 13:12 INFO     Client: 3 Epoch: 3 Loss: 0.34369265562609624
04-09 13:12 INFO     Client: 3 Epoch: 4 Loss: 0.3484902805403659
04-09 13:12 INFO      ** Client: 3 Training complete **
04-09 13:12 INFO     Training network 4 n_training: 10000
04-09 13:12 INFO     Training network 4
04-09 13:12 INFO     Client: 4 Epoch: 0 Loss: 0.4857702882666337
04-09 13:12 INFO     Client: 4 Epoch: 1 Loss: 0.379689949123483
04-09 13:12 INFO     Client: 4 Epoch: 2 Loss: 0.38468224751321894
04-09 13:12 INFO     Client: 4 Epoch: 3 Loss: 0.34913599647973714
04-09 13:12 INFO     Client: 4 Epoch: 4 Loss: 0.3358999427996184
04-09 13:12 INFO      ** Client: 4 Training complete **
04-09 13:12 INFO     global n_training: 97
04-09 13:12 INFO     global n_test: 20
04-09 13:12 INFO     >> Global Model Train accuracy: 0.1001, Train accuracy top-5: 0.4997
04-09 13:12 INFO     >> Global Model Test accuracy: 0.1000, Test accuracy top-5: 0.5000
04-09 13:12 INFO     >> Global Model Train loss: 2.3728
04-09 13:12 INFO     in comm round:13
04-09 13:12 INFO     Training network 0 n_training: 10000
04-09 13:12 INFO     Training network 0
04-09 13:12 INFO     Client: 0 Epoch: 0 Loss: 0.44238663817706864
04-09 13:12 INFO     Client: 0 Epoch: 1 Loss: 0.367639527509087
04-09 13:12 INFO     Client: 0 Epoch: 2 Loss: 0.3449137148104216
04-09 13:12 INFO     Client: 0 Epoch: 3 Loss: 0.3169206514170295
04-09 13:12 INFO     Client: 0 Epoch: 4 Loss: 0.3301957633934523
04-09 13:12 INFO      ** Client: 0 Training complete **
04-09 13:12 INFO     Training network 1 n_training: 10000
04-09 13:12 INFO     Training network 1
04-09 13:12 INFO     Client: 1 Epoch: 0 Loss: 0.42637196967476293
04-09 13:12 INFO     Client: 1 Epoch: 1 Loss: 0.34883084893226624
04-09 13:12 INFO     Client: 1 Epoch: 2 Loss: 0.3111610334170492
04-09 13:12 INFO     Client: 1 Epoch: 3 Loss: 0.3200406275297466
04-09 13:12 INFO     Client: 1 Epoch: 4 Loss: 0.2990481657417197
04-09 13:12 INFO      ** Client: 1 Training complete **
04-09 13:12 INFO     Training network 2 n_training: 10000
04-09 13:12 INFO     Training network 2
04-09 13:12 INFO     Client: 2 Epoch: 0 Loss: 0.4568352542425457
04-09 13:12 INFO     Client: 2 Epoch: 1 Loss: 0.3675879208665145
04-09 13:12 INFO     Client: 2 Epoch: 2 Loss: 0.3235203090466951
04-09 13:12 INFO     Client: 2 Epoch: 3 Loss: 0.33756926028352036
04-09 13:12 INFO     Client: 2 Epoch: 4 Loss: 0.31413161048763677
04-09 13:12 INFO      ** Client: 2 Training complete **
04-09 13:12 INFO     Training network 3 n_training: 10000
04-09 13:12 INFO     Training network 3
04-09 13:12 INFO     Client: 3 Epoch: 0 Loss: 0.4313724825256749
04-09 13:12 INFO     Client: 3 Epoch: 1 Loss: 0.3544289830483888
04-09 13:12 INFO     Client: 3 Epoch: 2 Loss: 0.3244259514306721
04-09 13:12 INFO     Client: 3 Epoch: 3 Loss: 0.32468330232720627
04-09 13:12 INFO     Client: 3 Epoch: 4 Loss: 0.31710505799243327
04-09 13:12 INFO      ** Client: 3 Training complete **
04-09 13:12 INFO     Training network 4 n_training: 10000
04-09 13:12 INFO     Training network 4
04-09 13:12 INFO     Client: 4 Epoch: 0 Loss: 0.42528968422036423
04-09 13:12 INFO     Client: 4 Epoch: 1 Loss: 0.36344384519677414
04-09 13:12 INFO     Client: 4 Epoch: 2 Loss: 0.327582785957738
04-09 13:12 INFO     Client: 4 Epoch: 3 Loss: 0.32012126947704117
04-09 13:12 INFO     Client: 4 Epoch: 4 Loss: 0.30783819211156743
04-09 13:12 INFO      ** Client: 4 Training complete **
04-09 13:12 INFO     global n_training: 97
04-09 13:12 INFO     global n_test: 20
04-09 13:12 INFO     >> Global Model Train accuracy: 0.0999, Train accuracy top-5: 0.5001
04-09 13:12 INFO     >> Global Model Test accuracy: 0.1000, Test accuracy top-5: 0.5000
04-09 13:12 INFO     >> Global Model Train loss: 2.3635
04-09 13:12 INFO     in comm round:14
04-09 13:12 INFO     Training network 0 n_training: 10000
04-09 13:12 INFO     Training network 0
04-09 13:12 INFO     Client: 0 Epoch: 0 Loss: 0.4245580183832269
04-09 13:12 INFO     Client: 0 Epoch: 1 Loss: 0.35525190673376383
04-09 13:12 INFO     Client: 0 Epoch: 2 Loss: 0.3068690205875196
04-09 13:12 INFO     Client: 0 Epoch: 3 Loss: 0.29738171320212514
04-09 13:12 INFO     Client: 0 Epoch: 4 Loss: 0.2924734730469553
04-09 13:12 INFO      ** Client: 0 Training complete **
04-09 13:12 INFO     Training network 1 n_training: 10000
04-09 13:12 INFO     Training network 1
04-09 13:12 INFO     Client: 1 Epoch: 0 Loss: 0.3910562584274693
04-09 13:12 INFO     Client: 1 Epoch: 1 Loss: 0.33000514695518895
04-09 13:12 INFO     Client: 1 Epoch: 2 Loss: 0.2757051673374678
04-09 13:12 INFO     Client: 1 Epoch: 3 Loss: 0.28459087484761286
04-09 13:12 INFO     Client: 1 Epoch: 4 Loss: 0.28083628180779907
04-09 13:12 INFO      ** Client: 1 Training complete **
04-09 13:12 INFO     Training network 2 n_training: 10000
04-09 13:12 INFO     Training network 2
04-09 13:12 INFO     Client: 2 Epoch: 0 Loss: 0.4146533828032644
04-09 13:12 INFO     Client: 2 Epoch: 1 Loss: 0.3594330917847784
04-09 13:12 INFO     Client: 2 Epoch: 2 Loss: 0.3137074112892151
04-09 13:12 INFO     Client: 2 Epoch: 3 Loss: 0.287800332433299
04-09 13:12 INFO     Client: 2 Epoch: 4 Loss: 0.28745731005543157
04-09 13:12 INFO      ** Client: 2 Training complete **
04-09 13:12 INFO     Training network 3 n_training: 10000
04-09 13:12 INFO     Training network 3
04-09 13:12 INFO     Client: 3 Epoch: 0 Loss: 0.4229008304445367
