04-11 15:53 INFO     cuda
04-11 15:53 INFO     Command Line Arguments: 
{
    "epochs": 5,
    "comm_round": 70,
    "sample_fraction": 1.0,
    "alpha": 0.01,
    "dataset": "cifar10",
    "datadir": "../data/",
    "partition": "iid",
    "alg": "sflv2",
    "model": "resnet-18",
    "split_layer": 2,
    "n_parties": 5,
    "lr": 0.001,
    "mu": 1,
    "std_coeff": 2.5,
    "unif_coeff": 0.5,
    "batch_size": 128,
    "load_first_net": 1,
    "pool_option": "FIFO",
    "model_buffer_size": 1,
    "optimizer": "adam",
    "simp_width": 1,
    "out_dim": 256,
    "reg": 0.0005,
    "temperature": 0.5,
    "logdir": "./",
    "log_file_name": "logs/experiment_log-alg=sflv2_partition=iid_lr=0.001_epochs=5_num_users=5_beta=0.01_batch_size=128_opt=adam_dataset=cifar10_2024-04-11-1553-56",
    "seed": 123,
    "device": "cuda:6",
    "accuracies_file": "logs/resnet_18_100_users.csv",
    "dont_skip": false,
    "multiprocessing": 0
}
04-11 15:53 INFO     Data statistics: {0: {0: 1036, 1: 971, 2: 979, 3: 1017, 4: 1046, 5: 993, 6: 970, 7: 950, 8: 1022, 9: 1016}, 1: {0: 944, 1: 1049, 2: 1037, 3: 989, 4: 975, 5: 960, 6: 1017, 7: 1014, 8: 1025, 9: 990}, 2: {0: 983, 1: 986, 2: 985, 3: 984, 4: 990, 5: 1040, 6: 994, 7: 1041, 8: 990, 9: 1007}, 3: {0: 1029, 1: 1012, 2: 963, 3: 1001, 4: 1000, 5: 1001, 6: 988, 7: 999, 8: 987, 9: 1020}, 4: {0: 1008, 1: 982, 2: 1036, 3: 1009, 4: 989, 5: 1006, 6: 1031, 7: 996, 8: 976, 9: 967}}
04-11 15:54 INFO     in comm round:0
04-11 15:54 INFO     Training network 0 n_training: 10000
04-11 15:54 INFO     Training network 0
04-11 15:54 INFO     n_training: 78
04-11 15:54 INFO     Client: 0 Epoch: 0 Loss: 1.918376685717167
04-11 15:54 INFO     Client: 0 Epoch: 1 Loss: 1.5875816070116484
04-11 15:54 INFO     Client: 0 Epoch: 2 Loss: 1.418241181434729
04-11 15:54 INFO     Client: 0 Epoch: 3 Loss: 1.2886923994773474
04-11 15:54 INFO     Client: 0 Epoch: 4 Loss: 1.1740081638861926
04-11 15:54 INFO      ** Client: 0 Training complete **
04-11 15:54 INFO     Training network 1 n_training: 10000
04-11 15:54 INFO     Training network 1
04-11 15:54 INFO     n_training: 78
04-11 15:54 INFO     Client: 1 Epoch: 0 Loss: 1.6177102128664653
04-11 15:54 INFO     Client: 1 Epoch: 1 Loss: 1.3350242116512396
04-11 15:54 INFO     Client: 1 Epoch: 2 Loss: 1.1803776216812623
04-11 15:54 INFO     Client: 1 Epoch: 3 Loss: 1.088659494351118
04-11 15:54 INFO     Client: 1 Epoch: 4 Loss: 0.9954944803164556
04-11 15:54 INFO      ** Client: 1 Training complete **
04-11 15:54 INFO     Training network 2 n_training: 10000
04-11 15:54 INFO     Training network 2
04-11 15:54 INFO     n_training: 78
04-11 15:54 INFO     Client: 2 Epoch: 0 Loss: 1.6177377884204571
04-11 15:54 INFO     Client: 2 Epoch: 1 Loss: 1.295571744441986
04-11 15:54 INFO     Client: 2 Epoch: 2 Loss: 1.1278455731196282
04-11 15:54 INFO     Client: 2 Epoch: 3 Loss: 1.033210699374859
04-11 15:54 INFO     Client: 2 Epoch: 4 Loss: 0.9584320707198901
04-11 15:54 INFO      ** Client: 2 Training complete **
04-11 15:54 INFO     Training network 3 n_training: 10000
04-11 15:54 INFO     Training network 3
04-11 15:54 INFO     n_training: 78
04-11 15:55 INFO     Client: 3 Epoch: 0 Loss: 1.5351751630122845
04-11 15:55 INFO     Client: 3 Epoch: 1 Loss: 1.1940360718812697
04-11 15:55 INFO     Client: 3 Epoch: 2 Loss: 1.0459548632303874
04-11 15:55 INFO     Client: 3 Epoch: 3 Loss: 0.9609540013166574
04-11 15:55 INFO     Client: 3 Epoch: 4 Loss: 0.890513789959443
04-11 15:55 INFO      ** Client: 3 Training complete **
04-11 15:55 INFO     Training network 4 n_training: 10000
04-11 15:55 INFO     Training network 4
04-11 15:55 INFO     n_training: 78
04-11 15:55 INFO     Client: 4 Epoch: 0 Loss: 1.5002950384066656
04-11 15:55 INFO     Client: 4 Epoch: 1 Loss: 1.1382855559006715
04-11 15:55 INFO     Client: 4 Epoch: 2 Loss: 1.0030102187242262
04-11 15:55 INFO     Client: 4 Epoch: 3 Loss: 0.9157241773911011
04-11 15:55 INFO     Client: 4 Epoch: 4 Loss: 0.8416694723642789
04-11 15:55 INFO      ** Client: 4 Training complete **
04-11 15:55 INFO     global n_training: 390
04-11 15:55 INFO     global n_test: 79
04-11 15:55 INFO     >> Global Model Train accuracy: 0.1588, Train accuracy top-5: 0.6814
04-11 15:55 INFO     >> Global Model Test accuracy: 0.1643, Test accuracy top-5: 0.6956
04-11 15:55 INFO     >> Global Model Train loss: 5.3811
04-11 15:55 INFO     in comm round:1
04-11 15:55 INFO     Training network 0 n_training: 10000
04-11 15:55 INFO     Training network 0
04-11 15:55 INFO     n_training: 78
04-11 15:55 INFO     Client: 0 Epoch: 0 Loss: 1.0099461873372395
04-11 15:55 INFO     Client: 0 Epoch: 1 Loss: 0.8522365910884662
04-11 15:55 INFO     Client: 0 Epoch: 2 Loss: 0.7870064484767425
04-11 15:55 INFO     Client: 0 Epoch: 3 Loss: 0.7388580051752237
04-11 15:55 INFO     Client: 0 Epoch: 4 Loss: 0.6948759876764737
04-11 15:55 INFO      ** Client: 0 Training complete **
04-11 15:55 INFO     Training network 1 n_training: 10000
04-11 15:55 INFO     Training network 1
04-11 15:55 INFO     n_training: 78
04-11 15:56 INFO     Client: 1 Epoch: 0 Loss: 0.9254720241595538
04-11 15:56 INFO     Client: 1 Epoch: 1 Loss: 0.7722706894079844
04-11 15:56 INFO     Client: 1 Epoch: 2 Loss: 0.704124431579541
04-11 15:56 INFO     Client: 1 Epoch: 3 Loss: 0.6619943693662301
04-11 15:56 INFO     Client: 1 Epoch: 4 Loss: 0.621088235042034
04-11 15:56 INFO      ** Client: 1 Training complete **
04-11 15:56 INFO     Training network 2 n_training: 10000
04-11 15:56 INFO     Training network 2
04-11 15:56 INFO     n_training: 78
04-11 15:56 INFO     Client: 2 Epoch: 0 Loss: 0.9124853412310282
04-11 15:56 INFO     Client: 2 Epoch: 1 Loss: 0.7443501903460576
04-11 15:56 INFO     Client: 2 Epoch: 2 Loss: 0.6822206179300944
04-11 15:56 INFO     Client: 2 Epoch: 3 Loss: 0.64912076600087
04-11 15:56 INFO     Client: 2 Epoch: 4 Loss: 0.5984455320315484
04-11 15:56 INFO      ** Client: 2 Training complete **
04-11 15:56 INFO     Training network 3 n_training: 10000
04-11 15:56 INFO     Training network 3
04-11 15:56 INFO     n_training: 78
04-11 15:56 INFO     Client: 3 Epoch: 0 Loss: 0.8578375906516345
04-11 15:56 INFO     Client: 3 Epoch: 1 Loss: 0.6941414276758829
04-11 15:56 INFO     Client: 3 Epoch: 2 Loss: 0.6505541293284832
04-11 15:56 INFO     Client: 3 Epoch: 3 Loss: 0.5945981626327221
04-11 15:56 INFO     Client: 3 Epoch: 4 Loss: 0.5793831852766184
04-11 15:56 INFO      ** Client: 3 Training complete **
04-11 15:56 INFO     Training network 4 n_training: 10000
04-11 15:56 INFO     Training network 4
04-11 15:56 INFO     n_training: 78
04-11 15:56 INFO     Client: 4 Epoch: 0 Loss: 0.835471802797073
04-11 15:56 INFO     Client: 4 Epoch: 1 Loss: 0.6643126156085577
04-11 15:56 INFO     Client: 4 Epoch: 2 Loss: 0.614785067546062
04-11 15:57 INFO     Client: 4 Epoch: 3 Loss: 0.5748558552601398
04-11 15:57 INFO     Client: 4 Epoch: 4 Loss: 0.5381569044712262
04-11 15:57 INFO      ** Client: 4 Training complete **
04-11 15:57 INFO     global n_training: 390
04-11 15:57 INFO     global n_test: 79
04-11 15:57 INFO     >> Global Model Train accuracy: 0.8068, Train accuracy top-5: 0.9900
04-11 15:57 INFO     >> Global Model Test accuracy: 0.7990, Test accuracy top-5: 0.9911
04-11 15:57 INFO     >> Global Model Train loss: 0.5515
04-11 15:57 INFO     in comm round:2
04-11 15:57 INFO     Training network 0 n_training: 10000
04-11 15:57 INFO     Training network 0
04-11 15:57 INFO     n_training: 78
04-11 15:57 INFO     Client: 0 Epoch: 0 Loss: 0.6467079317722565
04-11 15:57 INFO     Client: 0 Epoch: 1 Loss: 0.5830074479946723
04-11 15:57 INFO     Client: 0 Epoch: 2 Loss: 0.543844420940448
04-11 15:57 INFO     Client: 0 Epoch: 3 Loss: 0.5044127236574124
04-11 15:57 INFO     Client: 0 Epoch: 4 Loss: 0.48204929438921124
04-11 15:57 INFO      ** Client: 0 Training complete **
04-11 15:57 INFO     Training network 1 n_training: 10000
04-11 15:57 INFO     Training network 1
04-11 15:57 INFO     n_training: 78
04-11 15:57 INFO     Client: 1 Epoch: 0 Loss: 0.6243416128250269
04-11 15:57 INFO     Client: 1 Epoch: 1 Loss: 0.53931136123645
04-11 15:57 INFO     Client: 1 Epoch: 2 Loss: 0.5073516166363007
04-11 15:57 INFO     Client: 1 Epoch: 3 Loss: 0.47861201144181764
04-11 15:57 INFO     Client: 1 Epoch: 4 Loss: 0.44778642172996813
04-11 15:57 INFO      ** Client: 1 Training complete **
04-11 15:57 INFO     Training network 2 n_training: 10000
04-11 15:57 INFO     Training network 2
04-11 15:57 INFO     n_training: 78
04-11 15:57 INFO     Client: 2 Epoch: 0 Loss: 0.612209004851488
04-11 15:57 INFO     Client: 2 Epoch: 1 Loss: 0.5342079316958402
04-11 15:57 INFO     Client: 2 Epoch: 2 Loss: 0.4966021531667465
04-11 15:58 INFO     Client: 2 Epoch: 3 Loss: 0.4647630391976772
04-11 15:58 INFO     Client: 2 Epoch: 4 Loss: 0.44098378259402055
04-11 15:58 INFO      ** Client: 2 Training complete **
04-11 15:58 INFO     Training network 3 n_training: 10000
04-11 15:58 INFO     Training network 3
04-11 15:58 INFO     n_training: 78
04-11 15:58 INFO     Client: 3 Epoch: 0 Loss: 0.593036874364584
04-11 15:58 INFO     Client: 3 Epoch: 1 Loss: 0.5261406611937743
04-11 15:58 INFO     Client: 3 Epoch: 2 Loss: 0.48162592985691166
04-11 15:58 INFO     Client: 3 Epoch: 3 Loss: 0.44378750331890887
04-11 15:58 INFO     Client: 3 Epoch: 4 Loss: 0.42165359701865757
04-11 15:58 INFO      ** Client: 3 Training complete **
04-11 15:58 INFO     Training network 4 n_training: 10000
04-11 15:58 INFO     Training network 4
04-11 15:58 INFO     n_training: 78
04-11 15:58 INFO     Client: 4 Epoch: 0 Loss: 0.5870754187687849
04-11 15:58 INFO     Client: 4 Epoch: 1 Loss: 0.5129232559448633
04-11 15:58 INFO     Client: 4 Epoch: 2 Loss: 0.4616344269269552
04-11 15:58 INFO     Client: 4 Epoch: 3 Loss: 0.4288069588633684
04-11 15:58 INFO     Client: 4 Epoch: 4 Loss: 0.4058719873428345
04-11 15:58 INFO      ** Client: 4 Training complete **
04-11 15:58 INFO     global n_training: 390
04-11 15:58 INFO     global n_test: 79
04-11 15:58 INFO     >> Global Model Train accuracy: 0.8455, Train accuracy top-5: 0.9940
04-11 15:58 INFO     >> Global Model Test accuracy: 0.8214, Test accuracy top-5: 0.9930
04-11 15:58 INFO     >> Global Model Train loss: 0.4495
04-11 15:58 INFO     in comm round:3
04-11 15:58 INFO     Training network 0 n_training: 10000
04-11 15:58 INFO     Training network 0
04-11 15:58 INFO     n_training: 78
