03-17 14:46 INFO     cuda:0
03-17 14:46 INFO     Command Line Arguments: 
{
    "epochs": 1,
    "comm_round": 1,
    "sample_fraction": 1.0,
    "alpha": 1e+200,
    "dataset": "cifar10",
    "datadir": "../data/",
    "partition": "subsample",
    "alg": "sflv2",
    "model": "resnet-18",
    "n_parties": 2,
    "lr": 0.01,
    "mu": 1,
    "std_coeff": 2.5,
    "unif_coeff": 0.5,
    "batch_size": 128,
    "load_first_net": 1,
    "pool_option": "FIFO",
    "model_buffer_size": 1,
    "optimizer": "sgd",
    "simp_width": 1,
    "out_dim": 256,
    "reg": 0.0005,
    "temperature": 0.5,
    "logdir": "./",
    "log_file_name": "logs/experiment_log-alg=sflv2_partition=subsample_lr=0.01_epochs=1_num_users=2_beta=1e+200_batch_size=128_opt=sgd_dataset=cifar10_2024-03-17-1446-16",
    "seed": 42,
    "device": "cuda:0"
}
03-17 14:46 INFO     Data statistics: {0: {0: 507, 1: 498, 2: 515, 3: 526, 4: 495, 5: 522, 6: 492, 7: 474, 8: 508, 9: 463}, 1: {0: 828, 1: 782, 2: 832, 3: 754, 4: 792, 5: 832, 6: 771, 7: 790, 8: 827, 9: 792}}
03-17 14:46 INFO     in comm round:0
03-17 14:46 INFO     Training network 0 n_training: 5000
03-17 14:46 INFO     Training network 0
03-17 14:46 INFO     n_training: 39
03-17 14:46 INFO     Client: 0 Epoch: 0 Loss: 2.0016751289367676
03-17 14:46 INFO      ** Client: 0 Training complete **
03-17 14:46 INFO     Training network 1 n_training: 8000
03-17 14:46 INFO     Training network 1
03-17 14:46 INFO     n_training: 62
03-17 14:46 INFO     Client: 1 Epoch: 0 Loss: 1.8663820028305054
03-17 14:46 INFO      ** Client: 1 Training complete **
03-17 14:46 INFO     global n_training: 390
03-17 14:46 INFO     global n_test: 79
03-17 14:46 INFO     >> Global Model Train accuracy: 0.305369
03-17 14:46 INFO     >> Global Model Test accuracy: 0.338100
03-17 14:46 INFO     >> Global Model Train loss: 1.919887
03-17 14:46 INFO     Starting Fine Tuning...
03-17 14:46 INFO     Training network 0
03-17 14:46 INFO     n_training: 39
03-17 14:46 INFO     Client: 0 Epoch: 0 Loss: 1.6313602985479894
03-17 14:46 INFO      ** Client: 0 Training complete **
03-17 14:46 INFO     Training network 0
03-17 14:46 INFO     n_training: 39
03-17 14:46 INFO     Client: 0 Epoch: 0 Loss: 1.4977355675819592
03-17 14:46 INFO      ** Client: 0 Training complete **
03-17 14:46 INFO     Training network 0
03-17 14:46 INFO     n_training: 39
03-17 14:46 INFO     Client: 0 Epoch: 0 Loss: 1.353402324211903
03-17 14:46 INFO      ** Client: 0 Training complete **
03-17 14:46 INFO     Training network 0
03-17 14:46 INFO     n_training: 39
03-17 14:46 INFO     Client: 0 Epoch: 0 Loss: 1.2573499801831367
03-17 14:46 INFO      ** Client: 0 Training complete **
03-17 14:46 INFO     Training network 0
03-17 14:46 INFO     n_training: 39
03-17 14:46 INFO     Client: 0 Epoch: 0 Loss: 1.1773690382639568
03-17 14:46 INFO      ** Client: 0 Training complete **
03-17 14:46 INFO     Training network 0
03-17 14:46 INFO     n_training: 39
03-17 14:46 INFO     Client: 0 Epoch: 0 Loss: 1.1583694219589233
03-17 14:46 INFO      ** Client: 0 Training complete **
03-17 14:46 INFO     Training network 0
03-17 14:46 INFO     n_training: 39
