05-20 11:22 INFO     cuda
05-20 11:22 INFO     Command Line Arguments: 
{
    "epochs": 5,
    "comm_round": 300,
    "sample_fraction": 1.0,
    "alpha": 0.01,
    "dataset": "tinyimagenet",
    "datadir": "../data/",
    "partition": "iid",
    "alg": "sflv2",
    "model": "resnet-50",
    "split_layer": 1,
    "n_parties": 10,
    "lr": 0.001,
    "mu": 1,
    "std_coeff": 2.5,
    "unif_coeff": 0.5,
    "batch_size": 64,
    "load_first_net": 1,
    "pool_option": "FIFO",
    "model_buffer_size": 1,
    "optimizer": "adam",
    "simp_width": 1,
    "out_dim": 256,
    "reg": 0.0005,
    "temperature": 0.5,
    "logdir": "./",
    "log_file_name": "logs/experiment_log-alg=sflv2_partition=iid_lr=0.001_epochs=5_num_users=10_beta=0.01_batch_size=64_opt=adam_dataset=tinyimagenet_2024-05-20-1122-19",
    "seed": 123,
    "device": "cuda:4",
    "accuracies_file": "logs/resnet_50_10_users_tinyimagenet.csv",
    "dont_skip": false,
    "n_train_workers": 1,
    "n_test_workers": 1,
    "arch": "mobilenet_v3_large",
    "multiprocessing": 0
}
05-20 11:22 INFO     Data statistics: {0: {0: 51, 1: 47, 2: 42, 3: 53, 4: 39, 5: 45, 6: 57, 7: 50, 8: 59, 9: 51, 10: 49, 11: 46, 12: 48, 13: 40, 14: 58, 15: 59, 16: 54, 17: 55, 18: 64, 19: 50, 20: 43, 21: 49, 22: 57, 23: 56, 24: 51, 25: 44, 26: 57, 27: 49, 28: 53, 29: 64, 30: 51, 31: 40, 32: 52, 33: 57, 34: 56, 35: 42, 36: 48, 37: 45, 38: 58, 39: 53, 40: 42, 41: 52, 42: 48, 43: 51, 44: 63, 45: 51, 46: 53, 47: 47, 48: 56, 49: 48, 50: 53, 51: 59, 52: 57, 53: 41, 54: 61, 55: 52, 56: 55, 57: 61, 58: 54, 59: 50, 60: 54, 61: 54, 62: 49, 63: 64, 64: 62, 65: 56, 66: 58, 67: 50, 68: 52, 69: 54, 70: 67, 71: 42, 72: 46, 73: 47, 74: 39, 75: 61, 76: 55, 77: 52, 78: 40, 79: 50, 80: 41, 81: 40, 82: 56, 83: 55, 84: 48, 85: 57, 86: 45, 87: 51, 88: 53, 89: 59, 90: 53, 91: 41, 92: 50, 93: 49, 94: 44, 95: 47, 96: 47, 97: 48, 98: 57, 99: 45, 100: 53, 101: 59, 102: 44, 103: 46, 104: 45, 105: 52, 106: 50, 107: 56, 108: 44, 109: 41, 110: 46, 111: 54, 112: 46, 113: 51, 114: 61, 115: 59, 116: 42, 117: 45, 118: 62, 119: 48, 120: 50, 121: 53, 122: 44, 123: 45, 124: 45, 125: 44, 126: 42, 127: 56, 128: 51, 129: 56, 130: 53, 131: 52, 132: 50, 133: 54, 134: 61, 135: 49, 136: 47, 137: 45, 138: 61, 139: 46, 140: 43, 141: 45, 142: 54, 143: 57, 144: 43, 145: 47, 146: 53, 147: 48, 148: 54, 149: 43, 150: 57, 151: 32, 152: 53, 153: 35, 154: 46, 155: 43, 156: 45, 157: 58, 158: 39, 159: 45, 160: 49, 161: 46, 162: 40, 163: 53, 164: 47, 165: 44, 166: 47, 167: 47, 168: 46, 169: 46, 170: 45, 171: 45, 172: 48, 173: 59, 174: 55, 175: 53, 176: 52, 177: 57, 178: 55, 179: 42, 180: 48, 181: 43, 182: 53, 183: 43, 184: 47, 185: 42, 186: 46, 187: 63, 188: 50, 189: 45, 190: 48, 191: 51, 192: 46, 193: 46, 194: 51, 195: 46, 196: 49, 197: 32, 198: 44, 199: 49}, 1: {0: 47, 1: 60, 2: 40, 3: 41, 4: 48, 5: 51, 6: 42, 7: 54, 8: 56, 9: 60, 10: 54, 11: 46, 12: 48, 13: 54, 14: 52, 15: 58, 16: 43, 17: 54, 18: 52, 19: 55, 20: 48, 21: 52, 22: 44, 23: 48, 24: 44, 25: 58, 26: 55, 27: 54, 28: 52, 29: 52, 30: 47, 31: 65, 32: 56, 33: 50, 34: 45, 35: 59, 36: 41, 37: 41, 38: 45, 39: 51, 40: 55, 41: 55, 42: 57, 43: 46, 44: 43, 45: 36, 46: 42, 47: 58, 48: 57, 49: 41, 50: 56, 51: 46, 52: 49, 53: 30, 54: 50, 55: 45, 56: 49, 57: 58, 58: 52, 59: 40, 60: 57, 61: 51, 62: 65, 63: 58, 64: 52, 65: 54, 66: 51, 67: 59, 68: 44, 69: 46, 70: 43, 71: 43, 72: 47, 73: 53, 74: 47, 75: 61, 76: 53, 77: 57, 78: 61, 79: 37, 80: 39, 81: 57, 82: 51, 83: 52, 84: 58, 85: 42, 86: 54, 87: 42, 88: 41, 89: 52, 90: 49, 91: 46, 92: 38, 93: 46, 94: 44, 95: 58, 96: 54, 97: 46, 98: 56, 99: 48, 100: 48, 101: 46, 102: 38, 103: 52, 104: 56, 105: 48, 106: 59, 107: 57, 108: 52, 109: 52, 110: 47, 111: 41, 112: 38, 113: 41, 114: 48, 115: 53, 116: 46, 117: 47, 118: 55, 119: 56, 120: 41, 121: 34, 122: 47, 123: 51, 124: 52, 125: 40, 126: 46, 127: 53, 128: 56, 129: 38, 130: 48, 131: 42, 132: 64, 133: 47, 134: 45, 135: 53, 136: 47, 137: 55, 138: 44, 139: 48, 140: 46, 141: 50, 142: 48, 143: 58, 144: 45, 145: 52, 146: 50, 147: 50, 148: 44, 149: 43, 150: 57, 151: 49, 152: 58, 153: 54, 154: 47, 155: 51, 156: 52, 157: 39, 158: 59, 159: 43, 160: 48, 161: 55, 162: 49, 163: 44, 164: 51, 165: 55, 166: 52, 167: 53, 168: 58, 169: 59, 170: 49, 171: 57, 172: 60, 173: 59, 174: 47, 175: 48, 176: 59, 177: 61, 178: 44, 179: 51, 180: 55, 181: 60, 182: 43, 183: 54, 184: 50, 185: 57, 186: 62, 187: 53, 188: 56, 189: 42, 190: 57, 191: 47, 192: 45, 193: 56, 194: 44, 195: 47, 196: 38, 197: 47, 198: 57, 199: 46}, 2: {0: 60, 1: 43, 2: 50, 3: 53, 4: 44, 5: 55, 6: 41, 7: 54, 8: 56, 9: 45, 10: 56, 11: 58, 12: 49, 13: 57, 14: 55, 15: 46, 16: 52, 17: 50, 18: 51, 19: 54, 20: 59, 21: 52, 22: 45, 23: 57, 24: 57, 25: 56, 26: 33, 27: 51, 28: 52, 29: 47, 30: 44, 31: 45, 32: 58, 33: 64, 34: 51, 35: 50, 36: 49, 37: 55, 38: 50, 39: 55, 40: 56, 41: 48, 42: 49, 43: 38, 44: 57, 45: 48, 46: 53, 47: 46, 48: 48, 49: 53, 50: 50, 51: 41, 52: 50, 53: 65, 54: 57, 55: 47, 56: 59, 57: 44, 58: 46, 59: 50, 60: 42, 61: 50, 62: 44, 63: 46, 64: 44, 65: 49, 66: 42, 67: 38, 68: 46, 69: 46, 70: 51, 71: 52, 72: 51, 73: 49, 74: 43, 75: 47, 76: 44, 77: 50, 78: 57, 79: 47, 80: 54, 81: 52, 82: 59, 83: 51, 84: 49, 85: 57, 86: 46, 87: 61, 88: 56, 89: 44, 90: 61, 91: 48, 92: 43, 93: 39, 94: 45, 95: 52, 96: 44, 97: 53, 98: 44, 99: 44, 100: 45, 101: 47, 102: 63, 103: 50, 104: 45, 105: 45, 106: 49, 107: 46, 108: 57, 109: 48, 110: 43, 111: 37, 112: 57, 113: 61, 114: 50, 115: 45, 116: 38, 117: 45, 118: 42, 119: 61, 120: 57, 121: 50, 122: 45, 123: 51, 124: 37, 125: 61, 126: 53, 127: 49, 128: 42, 129: 50, 130: 46, 131: 48, 132: 38, 133: 42, 134: 51, 135: 44, 136: 52, 137: 57, 138: 51, 139: 45, 140: 63, 141: 48, 142: 58, 143: 47, 144: 51, 145: 49, 146: 48, 147: 41, 148: 45, 149: 50, 150: 44, 151: 55, 152: 43, 153: 51, 154: 45, 155: 52, 156: 60, 157: 48, 158: 48, 159: 39, 160: 54, 161: 50, 162: 53, 163: 74, 164: 51, 165: 47, 166: 45, 167: 51, 168: 40, 169: 49, 170: 48, 171: 45, 172: 52, 173: 46, 174: 50, 175: 46, 176: 51, 177: 68, 178: 54, 179: 45, 180: 52, 181: 50, 182: 56, 183: 57, 184: 50, 185: 44, 186: 51, 187: 54, 188: 58, 189: 54, 190: 42, 191: 44, 192: 65, 193: 42, 194: 48, 195: 60, 196: 55, 197: 60, 198: 60, 199: 47}, 3: {0: 47, 1: 53, 2: 41, 3: 46, 4: 67, 5: 51, 6: 49, 7: 54, 8: 55, 9: 45, 10: 50, 11: 48, 12: 52, 13: 50, 14: 38, 15: 55, 16: 55, 17: 47, 18: 40, 19: 42, 20: 48, 21: 39, 22: 59, 23: 37, 24: 64, 25: 39, 26: 55, 27: 55, 28: 48, 29: 53, 30: 46, 31: 47, 32: 59, 33: 45, 34: 56, 35: 51, 36: 41, 37: 51, 38: 45, 39: 53, 40: 49, 41: 45, 42: 48, 43: 37, 44: 50, 45: 55, 46: 50, 47: 55, 48: 49, 49: 54, 50: 44, 51: 46, 52: 51, 53: 50, 54: 51, 55: 60, 56: 45, 57: 50, 58: 58, 59: 53, 60: 58, 61: 46, 62: 53, 63: 45, 64: 45, 65: 45, 66: 36, 67: 66, 68: 37, 69: 58, 70: 46, 71: 62, 72: 42, 73: 51, 74: 47, 75: 47, 76: 51, 77: 52, 78: 56, 79: 50, 80: 51, 81: 51, 82: 50, 83: 51, 84: 47, 85: 46, 86: 52, 87: 42, 88: 47, 89: 53, 90: 56, 91: 56, 92: 58, 93: 53, 94: 59, 95: 41, 96: 50, 97: 43, 98: 67, 99: 51, 100: 59, 101: 46, 102: 58, 103: 41, 104: 48, 105: 59, 106: 56, 107: 52, 108: 48, 109: 57, 110: 56, 111: 50, 112: 43, 113: 49, 114: 55, 115: 40, 116: 53, 117: 54, 118: 53, 119: 49, 120: 45, 121: 46, 122: 63, 123: 42, 124: 53, 125: 43, 126: 47, 127: 44, 128: 49, 129: 46, 130: 48, 131: 50, 132: 46, 133: 46, 134: 37, 135: 53, 136: 46, 137: 49, 138: 45, 139: 42, 140: 54, 141: 55, 142: 45, 143: 58, 144: 43, 145: 57, 146: 43, 147: 52, 148: 46, 149: 57, 150: 57, 151: 45, 152: 46, 153: 34, 154: 56, 155: 60, 156: 58, 157: 36, 158: 53, 159: 65, 160: 41, 161: 48, 162: 73, 163: 61, 164: 43, 165: 45, 166: 52, 167: 49, 168: 54, 169: 57, 170: 43, 171: 42, 172: 42, 173: 49, 174: 48, 175: 56, 176: 44, 177: 50, 178: 46, 179: 56, 180: 56, 181: 49, 182: 49, 183: 61, 184: 46, 185: 54, 186: 51, 187: 56, 188: 40, 189: 62, 190: 44, 191: 52, 192: 50, 193: 57, 194: 53, 195: 49, 196: 56, 197: 41, 198: 45, 199: 51}, 4: {0: 50, 1: 56, 2: 62, 3: 54, 4: 44, 5: 68, 6: 37, 7: 54, 8: 35, 9: 48, 10: 50, 11: 42, 12: 47, 13: 48, 14: 64, 15: 51, 16: 40, 17: 42, 18: 48, 19: 51, 20: 46, 21: 59, 22: 59, 23: 50, 24: 57, 25: 52, 26: 46, 27: 47, 28: 53, 29: 46, 30: 48, 31: 38, 32: 40, 33: 38, 34: 48, 35: 45, 36: 43, 37: 53, 38: 53, 39: 46, 40: 46, 41: 53, 42: 47, 43: 65, 44: 44, 45: 57, 46: 47, 47: 48, 48: 56, 49: 43, 50: 44, 51: 56, 52: 50, 53: 56, 54: 49, 55: 60, 56: 47, 57: 51, 58: 48, 59: 56, 60: 41, 61: 53, 62: 41, 63: 51, 64: 70, 65: 42, 66: 55, 67: 44, 68: 57, 69: 39, 70: 41, 71: 54, 72: 53, 73: 41, 74: 59, 75: 36, 76: 39, 77: 48, 78: 51, 79: 47, 80: 45, 81: 55, 82: 51, 83: 54, 84: 57, 85: 49, 86: 51, 87: 41, 88: 50, 89: 47, 90: 43, 91: 59, 92: 57, 93: 52, 94: 56, 95: 51, 96: 50, 97: 49, 98: 49, 99: 50, 100: 57, 101: 55, 102: 50, 103: 52, 104: 57, 105: 43, 106: 46, 107: 48, 108: 55, 109: 50, 110: 67, 111: 43, 112: 49, 113: 39, 114: 52, 115: 42, 116: 54, 117: 60, 118: 51, 119: 44, 120: 50, 121: 59, 122: 39, 123: 55, 124: 60, 125: 53, 126: 48, 127: 54, 128: 47, 129: 46, 130: 48, 131: 53, 132: 48, 133: 53, 134: 47, 135: 52, 136: 69, 137: 50, 138: 38, 139: 47, 140: 47, 141: 44, 142: 45, 143: 44, 144: 53, 145: 51, 146: 53, 147: 53, 148: 52, 149: 45, 150: 28, 151: 60, 152: 49, 153: 60, 154: 45, 155: 46, 156: 51, 157: 56, 158: 56, 159: 50, 160: 55, 161: 55, 162: 44, 163: 45, 164: 51, 165: 49, 166: 54, 167: 41, 168: 51, 169: 40, 170: 46, 171: 50, 172: 58, 173: 57, 174: 52, 175: 47, 176: 51, 177: 40, 178: 45, 179: 46, 180: 54, 181: 44, 182: 57, 183: 52, 184: 54, 185: 50, 186: 48, 187: 51, 188: 57, 189: 55, 190: 52, 191: 44, 192: 49, 193: 53, 194: 47, 195: 48, 196: 56, 197: 59, 198: 54, 199: 62}, 5: {0: 45, 1: 47, 2: 49, 3: 47, 4: 55, 5: 33, 6: 54, 7: 47, 8: 52, 9: 55, 10: 50, 11: 62, 12: 65, 13: 53, 14: 38, 15: 48, 16: 54, 17: 58, 18: 53, 19: 54, 20: 67, 21: 52, 22: 44, 23: 52, 24: 30, 25: 51, 26: 56, 27: 45, 28: 50, 29: 49, 30: 50, 31: 55, 32: 41, 33: 57, 34: 46, 35: 54, 36: 57, 37: 58, 38: 48, 39: 44, 40: 46, 41: 55, 42: 54, 43: 53, 44: 40, 45: 48, 46: 53, 47: 52, 48: 45, 49: 46, 50: 49, 51: 47, 52: 46, 53: 53, 54: 34, 55: 51, 56: 61, 57: 54, 58: 43, 59: 59, 60: 41, 61: 54, 62: 50, 63: 38, 64: 59, 65: 48, 66: 44, 67: 46, 68: 71, 69: 60, 70: 51, 71: 45, 72: 56, 73: 51, 74: 48, 75: 56, 76: 64, 77: 59, 78: 50, 79: 44, 80: 58, 81: 42, 82: 47, 83: 45, 84: 41, 85: 52, 86: 50, 87: 46, 88: 58, 89: 46, 90: 43, 91: 57, 92: 51, 93: 44, 94: 48, 95: 54, 96: 55, 97: 56, 98: 44, 99: 43, 100: 52, 101: 48, 102: 55, 103: 52, 104: 44, 105: 44, 106: 41, 107: 36, 108: 65, 109: 43, 110: 40, 111: 47, 112: 53, 113: 52, 114: 39, 115: 40, 116: 62, 117: 61, 118: 50, 119: 48, 120: 41, 121: 53, 122: 60, 123: 59, 124: 54, 125: 62, 126: 57, 127: 45, 128: 54, 129: 60, 130: 50, 131: 35, 132: 53, 133: 53, 134: 47, 135: 51, 136: 50, 137: 40, 138: 42, 139: 50, 140: 61, 141: 46, 142: 57, 143: 43, 144: 47, 145: 43, 146: 50, 147: 59, 148: 43, 149: 51, 150: 41, 151: 43, 152: 57, 153: 51, 154: 55, 155: 50, 156: 39, 157: 56, 158: 53, 159: 45, 160: 47, 161: 45, 162: 44, 163: 46, 164: 46, 165: 57, 166: 56, 167: 58, 168: 52, 169: 57, 170: 56, 171: 48, 172: 46, 173: 52, 174: 58, 175: 52, 176: 57, 177: 40, 178: 49, 179: 56, 180: 35, 181: 59, 182: 50, 183: 40, 184: 45, 185: 65, 186: 45, 187: 39, 188: 49, 189: 51, 190: 50, 191: 56, 192: 48, 193: 45, 194: 51, 195: 61, 196: 36, 197: 44, 198: 46, 199: 56}, 6: {0: 43, 1: 46, 2: 56, 3: 46, 4: 43, 5: 52, 6: 48, 7: 57, 8: 41, 9: 48, 10: 49, 11: 49, 12: 51, 13: 48, 14: 48, 15: 32, 16: 56, 17: 47, 18: 38, 19: 42, 20: 49, 21: 49, 22: 41, 23: 38, 24: 49, 25: 53, 26: 52, 27: 46, 28: 45, 29: 40, 30: 51, 31: 51, 32: 45, 33: 43, 34: 65, 35: 59, 36: 44, 37: 52, 38: 59, 39: 45, 40: 48, 41: 47, 42: 54, 43: 59, 44: 47, 45: 60, 46: 58, 47: 56, 48: 53, 49: 62, 50: 53, 51: 36, 52: 54, 53: 39, 54: 60, 55: 47, 56: 45, 57: 35, 58: 58, 59: 49, 60: 54, 61: 49, 62: 52, 63: 55, 64: 44, 65: 57, 66: 47, 67: 45, 68: 45, 69: 58, 70: 50, 71: 52, 72: 44, 73: 44, 74: 64, 75: 38, 76: 40, 77: 55, 78: 42, 79: 60, 80: 58, 81: 49, 82: 47, 83: 52, 84: 47, 85: 51, 86: 47, 87: 53, 88: 55, 89: 55, 90: 50, 91: 50, 92: 59, 93: 57, 94: 54, 95: 45, 96: 50, 97: 65, 98: 40, 99: 52, 100: 35, 101: 43, 102: 51, 103: 47, 104: 47, 105: 41, 106: 38, 107: 56, 108: 39, 109: 38, 110: 43, 111: 48, 112: 55, 113: 60, 114: 48, 115: 47, 116: 48, 117: 43, 118: 41, 119: 52, 120: 66, 121: 47, 122: 55, 123: 39, 124: 48, 125: 40, 126: 46, 127: 52, 128: 46, 129: 57, 130: 65, 131: 55, 132: 49, 133: 49, 134: 48, 135: 47, 136: 50, 137: 57, 138: 57, 139: 58, 140: 40, 141: 57, 142: 53, 143: 48, 144: 48, 145: 61, 146: 53, 147: 46, 148: 56, 149: 48, 150: 60, 151: 50, 152: 44, 153: 57, 154: 55, 155: 38, 156: 57, 157: 48, 158: 44, 159: 62, 160: 40, 161: 59, 162: 48, 163: 54, 164: 56, 165: 50, 166: 48, 167: 50, 168: 41, 169: 49, 170: 47, 171: 61, 172: 48, 173: 45, 174: 51, 175: 42, 176: 51, 177: 52, 178: 60, 179: 45, 180: 58, 181: 56, 182: 58, 183: 62, 184: 59, 185: 42, 186: 44, 187: 44, 188: 48, 189: 60, 190: 49, 191: 53, 192: 50, 193: 57, 194: 54, 195: 51, 196: 58, 197: 61, 198: 41, 199: 55}, 7: {0: 50, 1: 50, 2: 54, 3: 51, 4: 47, 5: 45, 6: 59, 7: 36, 8: 54, 9: 52, 10: 46, 11: 42, 12: 53, 13: 46, 14: 41, 15: 48, 16: 49, 17: 46, 18: 51, 19: 39, 20: 46, 21: 49, 22: 49, 23: 48, 24: 35, 25: 48, 26: 47, 27: 56, 28: 54, 29: 53, 30: 59, 31: 56, 32: 49, 33: 51, 34: 44, 35: 40, 36: 58, 37: 64, 38: 40, 39: 50, 40: 62, 41: 42, 42: 34, 43: 48, 44: 35, 45: 45, 46: 48, 47: 39, 48: 52, 49: 57, 50: 52, 51: 63, 52: 57, 53: 47, 54: 43, 55: 47, 56: 46, 57: 51, 58: 41, 59: 47, 60: 55, 61: 45, 62: 52, 63: 54, 64: 41, 65: 46, 66: 60, 67: 60, 68: 57, 69: 40, 70: 54, 71: 57, 72: 63, 73: 54, 74: 49, 75: 52, 76: 53, 77: 46, 78: 40, 79: 50, 80: 43, 81: 46, 82: 51, 83: 56, 84: 43, 85: 43, 86: 56, 87: 59, 88: 42, 89: 45, 90: 49, 91: 53, 92: 50, 93: 54, 94: 42, 95: 44, 96: 50, 97: 46, 98: 42, 99: 56, 100: 42, 101: 54, 102: 43, 103: 53, 104: 56, 105: 52, 106: 47, 107: 45, 108: 42, 109: 65, 110: 55, 111: 57, 112: 53, 113: 44, 114: 56, 115: 56, 116: 60, 117: 38, 118: 48, 119: 53, 120: 57, 121: 59, 122: 44, 123: 55, 124: 55, 125: 53, 126: 54, 127: 57, 128: 53, 129: 55, 130: 49, 131: 56, 132: 60, 133: 50, 134: 53, 135: 47, 136: 43, 137: 49, 138: 52, 139: 63, 140: 37, 141: 48, 142: 56, 143: 53, 144: 58, 145: 40, 146: 48, 147: 50, 148: 48, 149: 63, 150: 56, 151: 53, 152: 46, 153: 41, 154: 55, 155: 52, 156: 50, 157: 49, 158: 47, 159: 50, 160: 48, 161: 44, 162: 47, 163: 45, 164: 47, 165: 52, 166: 50, 167: 47, 168: 51, 169: 51, 170: 52, 171: 55, 172: 48, 173: 46, 174: 45, 175: 57, 176: 40, 177: 45, 178: 57, 179: 51, 180: 58, 181: 53, 182: 51, 183: 46, 184: 55, 185: 57, 186: 60, 187: 41, 188: 52, 189: 40, 190: 60, 191: 49, 192: 51, 193: 40, 194: 50, 195: 40, 196: 56, 197: 60, 198: 55, 199: 56}, 8: {0: 53, 1: 51, 2: 51, 3: 50, 4: 56, 5: 50, 6: 57, 7: 50, 8: 45, 9: 46, 10: 44, 11: 46, 12: 45, 13: 61, 14: 58, 15: 53, 16: 38, 17: 51, 18: 48, 19: 54, 20: 43, 21: 53, 22: 53, 23: 59, 24: 55, 25: 58, 26: 48, 27: 51, 28: 48, 29: 51, 30: 49, 31: 57, 32: 53, 33: 39, 34: 37, 35: 43, 36: 63, 37: 33, 38: 56, 39: 45, 40: 43, 41: 52, 42: 49, 43: 59, 44: 69, 45: 46, 46: 45, 47: 48, 48: 43, 49: 57, 50: 45, 51: 56, 52: 40, 53: 57, 54: 52, 55: 36, 56: 48, 57: 43, 58: 40, 59: 56, 60: 49, 61: 46, 62: 39, 63: 46, 64: 42, 65: 50, 66: 54, 67: 49, 68: 45, 69: 46, 70: 58, 71: 43, 72: 53, 73: 58, 74: 52, 75: 48, 76: 46, 77: 37, 78: 50, 79: 61, 80: 50, 81: 42, 82: 47, 83: 47, 84: 56, 85: 51, 86: 57, 87: 61, 88: 51, 89: 48, 90: 55, 91: 48, 92: 47, 93: 59, 94: 56, 95: 53, 96: 47, 97: 46, 98: 45, 99: 53, 100: 50, 101: 47, 102: 48, 103: 50, 104: 56, 105: 62, 106: 54, 107: 51, 108: 51, 109: 60, 110: 48, 111: 58, 112: 47, 113: 62, 114: 48, 115: 57, 116: 52, 117: 50, 118: 51, 119: 50, 120: 43, 121: 43, 122: 54, 123: 48, 124: 49, 125: 52, 126: 53, 127: 41, 128: 59, 129: 43, 130: 45, 131: 57, 132: 49, 133: 61, 134: 55, 135: 51, 136: 51, 137: 48, 138: 47, 139: 53, 140: 59, 141: 52, 142: 43, 143: 52, 144: 49, 145: 45, 146: 57, 147: 54, 148: 58, 149: 58, 150: 55, 151: 60, 152: 58, 153: 55, 154: 55, 155: 58, 156: 47, 157: 55, 158: 48, 159: 45, 160: 57, 161: 39, 162: 45, 163: 39, 164: 54, 165: 49, 166: 49, 167: 57, 168: 55, 169: 47, 170: 54, 171: 49, 172: 58, 173: 37, 174: 48, 175: 49, 176: 51, 177: 61, 178: 46, 179: 63, 180: 36, 181: 37, 182: 42, 183: 52, 184: 42, 185: 49, 186: 41, 187: 44, 188: 34, 189: 50, 190: 44, 191: 50, 192: 45, 193: 58, 194: 46, 195: 51, 196: 49, 197: 44, 198: 46, 199: 40}, 9: {0: 54, 1: 47, 2: 55, 3: 59, 4: 57, 5: 50, 6: 56, 7: 44, 8: 47, 9: 50, 10: 52, 11: 61, 12: 42, 13: 43, 14: 48, 15: 50, 16: 59, 17: 50, 18: 55, 19: 59, 20: 51, 21: 46, 22: 49, 23: 55, 24: 58, 25: 41, 26: 51, 27: 46, 28: 45, 29: 45, 30: 55, 31: 46, 32: 47, 33: 56, 34: 52, 35: 57, 36: 56, 37: 48, 38: 46, 39: 58, 40: 53, 41: 51, 42: 60, 43: 44, 44: 52, 45: 54, 46: 51, 47: 51, 48: 41, 49: 39, 50: 54, 51: 50, 52: 46, 53: 62, 54: 43, 55: 55, 56: 45, 57: 53, 58: 60, 59: 40, 60: 49, 61: 52, 62: 55, 63: 43, 64: 41, 65: 53, 66: 53, 67: 43, 68: 46, 69: 53, 70: 39, 71: 50, 72: 45, 73: 52, 74: 52, 75: 54, 76: 55, 77: 44, 78: 53, 79: 54, 80: 61, 81: 66, 82: 41, 83: 37, 84: 54, 85: 52, 86: 42, 87: 44, 88: 47, 89: 51, 90: 41, 91: 42, 92: 47, 93: 47, 94: 52, 95: 55, 96: 53, 97: 48, 98: 56, 99: 58, 100: 59, 101: 55, 102: 50, 103: 57, 104: 46, 105: 54, 106: 60, 107: 53, 108: 47, 109: 46, 110: 55, 111: 65, 112: 59, 113: 41, 114: 43, 115: 61, 116: 45, 117: 57, 118: 47, 119: 39, 120: 50, 121: 56, 122: 49, 123: 55, 124: 47, 125: 52, 126: 54, 127: 49, 128: 43, 129: 49, 130: 48, 131: 52, 132: 43, 133: 45, 134: 56, 135: 53, 136: 45, 137: 50, 138: 63, 139: 48, 140: 50, 141: 55, 142: 41, 143: 40, 144: 63, 145: 55, 146: 45, 147: 47, 148: 54, 149: 42, 150: 45, 151: 53, 152: 46, 153: 62, 154: 41, 155: 50, 156: 41, 157: 55, 158: 53, 159: 56, 160: 61, 161: 59, 162: 57, 163: 39, 164: 54, 165: 52, 166: 47, 167: 47, 168: 52, 169: 45, 170: 60, 171: 48, 172: 40, 173: 50, 174: 46, 175: 50, 176: 44, 177: 26, 178: 44, 179: 45, 180: 48, 181: 49, 182: 41, 183: 33, 184: 52, 185: 40, 186: 52, 187: 55, 188: 56, 189: 41, 190: 54, 191: 54, 192: 51, 193: 46, 194: 56, 195: 47, 196: 47, 197: 52, 198: 52, 199: 38}}
05-20 11:22 INFO     in comm round:0
05-20 11:22 INFO     Training network 0 n_training: 10000
05-20 11:22 INFO     Training network 0
05-20 11:22 INFO     n_training: 157
05-20 11:22 INFO     Client: 0 Epoch: 0 Loss: 5.323363027754863
05-20 11:22 INFO     Client: 0 Epoch: 1 Loss: 5.22931971519616
05-20 11:22 INFO     Client: 0 Epoch: 2 Loss: 5.1461794816764295
05-20 11:23 INFO     Client: 0 Epoch: 3 Loss: 5.061931194013851
05-20 11:23 INFO     Client: 0 Epoch: 4 Loss: 4.990699871330504
05-20 11:23 INFO      ** Client: 0 Training complete **
05-20 11:23 INFO     Training network 1 n_training: 10000
05-20 11:23 INFO     Training network 1
05-20 11:23 INFO     n_training: 157
05-20 11:23 INFO     Client: 1 Epoch: 0 Loss: 5.036417997566757
05-20 11:23 INFO     Client: 1 Epoch: 1 Loss: 4.936487981468249
05-20 11:23 INFO     Client: 1 Epoch: 2 Loss: 4.864848483140301
05-20 11:24 INFO     Client: 1 Epoch: 3 Loss: 4.797346412755881
05-20 11:24 INFO     Client: 1 Epoch: 4 Loss: 4.737926738277363
05-20 11:24 INFO      ** Client: 1 Training complete **
05-20 11:24 INFO     Training network 2 n_training: 10000
05-20 11:24 INFO     Training network 2
05-20 11:24 INFO     n_training: 157
05-20 11:24 INFO     Client: 2 Epoch: 0 Loss: 4.845973324623837
05-20 11:24 INFO     Client: 2 Epoch: 1 Loss: 4.745295017388217
05-20 11:24 INFO     Client: 2 Epoch: 2 Loss: 4.663050013742629
05-20 11:25 INFO     Client: 2 Epoch: 3 Loss: 4.600424131770043
05-20 11:25 INFO     Client: 2 Epoch: 4 Loss: 4.532468801850726
05-20 11:25 INFO      ** Client: 2 Training complete **
05-20 11:25 INFO     Training network 3 n_training: 10000
05-20 11:25 INFO     Training network 3
05-20 11:25 INFO     n_training: 157
05-20 11:25 INFO     Client: 3 Epoch: 0 Loss: 4.716763034747665
05-20 11:25 INFO     Client: 3 Epoch: 1 Loss: 4.582462177155124
05-20 11:25 INFO     Client: 3 Epoch: 2 Loss: 4.505718844711401
05-20 11:26 INFO     Client: 3 Epoch: 3 Loss: 4.425940683692883
05-20 11:26 INFO     Client: 3 Epoch: 4 Loss: 4.377694322804737
05-20 11:26 INFO      ** Client: 3 Training complete **
05-20 11:26 INFO     Training network 4 n_training: 10000
05-20 11:26 INFO     Training network 4
05-20 11:26 INFO     n_training: 157
05-20 11:26 INFO     Client: 4 Epoch: 0 Loss: 4.575303578832347
05-20 11:26 INFO     Client: 4 Epoch: 1 Loss: 4.4331438283252105
05-20 11:26 INFO     Client: 4 Epoch: 2 Loss: 4.32744902410325
05-20 11:27 INFO     Client: 4 Epoch: 3 Loss: 4.250576493087088
05-20 11:27 INFO     Client: 4 Epoch: 4 Loss: 4.200435305856596
05-20 11:27 INFO      ** Client: 4 Training complete **
05-20 11:27 INFO     Training network 5 n_training: 10000
05-20 11:27 INFO     Training network 5
05-20 11:27 INFO     n_training: 157
05-20 11:27 INFO     Client: 5 Epoch: 0 Loss: 4.486111692562225
05-20 11:27 INFO     Client: 5 Epoch: 1 Loss: 4.3084555158189906
05-20 11:27 INFO     Client: 5 Epoch: 2 Loss: 4.216347246413019
05-20 11:28 INFO     Client: 5 Epoch: 3 Loss: 4.124838839670655
05-20 11:28 INFO     Client: 5 Epoch: 4 Loss: 4.057402452845483
05-20 11:28 INFO      ** Client: 5 Training complete **
05-20 11:28 INFO     Training network 6 n_training: 10000
05-20 11:28 INFO     Training network 6
05-20 11:28 INFO     n_training: 157
05-20 11:28 INFO     Client: 6 Epoch: 0 Loss: 4.331381454589261
05-20 11:28 INFO     Client: 6 Epoch: 1 Loss: 4.147623733350426
05-20 11:28 INFO     Client: 6 Epoch: 2 Loss: 4.034832381898431
05-20 11:28 INFO     Client: 6 Epoch: 3 Loss: 3.953332346715745
05-20 11:29 INFO     Client: 6 Epoch: 4 Loss: 3.847867206403404
05-20 11:29 INFO      ** Client: 6 Training complete **
05-20 11:29 INFO     Training network 7 n_training: 10000
05-20 11:29 INFO     Training network 7
05-20 11:29 INFO     n_training: 157
05-20 11:29 INFO     Client: 7 Epoch: 0 Loss: 4.245304853293546
05-20 11:29 INFO     Client: 7 Epoch: 1 Loss: 4.045695394467396
05-20 11:29 INFO     Client: 7 Epoch: 2 Loss: 3.9015518798949613
05-20 11:29 INFO     Client: 7 Epoch: 3 Loss: 3.808726163426782
05-20 11:30 INFO     Client: 7 Epoch: 4 Loss: 3.7182594590885625
05-20 11:30 INFO      ** Client: 7 Training complete **
05-20 11:30 INFO     Training network 8 n_training: 10000
05-20 11:30 INFO     Training network 8
05-20 11:30 INFO     n_training: 157
05-20 11:30 INFO     Client: 8 Epoch: 0 Loss: 4.135422998173222
05-20 11:30 INFO     Client: 8 Epoch: 1 Loss: 3.879605915895693
05-20 11:30 INFO     Client: 8 Epoch: 2 Loss: 3.7534624224255797
05-20 11:30 INFO     Client: 8 Epoch: 3 Loss: 3.6441897692953704
05-20 11:31 INFO     Client: 8 Epoch: 4 Loss: 3.5377496017771923
05-20 11:31 INFO      ** Client: 8 Training complete **
05-20 11:31 INFO     Training network 9 n_training: 10000
05-20 11:31 INFO     Training network 9
05-20 11:31 INFO     n_training: 157
05-20 11:31 INFO     Client: 9 Epoch: 0 Loss: 4.053722958655873
05-20 11:31 INFO     Client: 9 Epoch: 1 Loss: 3.789329297982963
05-20 11:31 INFO     Client: 9 Epoch: 2 Loss: 3.657622685098344
05-20 11:31 INFO     Client: 9 Epoch: 3 Loss: 3.5393690789581105
05-20 11:32 INFO     Client: 9 Epoch: 4 Loss: 3.4355447140468915
05-20 11:32 INFO      ** Client: 9 Training complete **
05-20 11:32 INFO     global n_training: 1563
05-20 11:32 INFO     global n_test: 157
05-20 11:33 INFO     >> Global Model Train accuracy: 0.0715, Train accuracy top-5: 0.2021
05-20 11:33 INFO     >> Global Model Test accuracy: 0.0702, Test accuracy top-5: 0.2039
05-20 11:33 INFO     >> Global Model Train loss: 4.7873
05-20 11:33 INFO     in comm round:1
05-20 11:33 INFO     Training network 0 n_training: 10000
05-20 11:33 INFO     Training network 0
05-20 11:33 INFO     n_training: 157
05-20 11:33 INFO     Client: 0 Epoch: 0 Loss: 3.7893856027323727
05-20 11:33 INFO     Client: 0 Epoch: 1 Loss: 3.567176537908566
05-20 11:33 INFO     Client: 0 Epoch: 2 Loss: 3.4279106954100786
05-20 11:33 INFO     Client: 0 Epoch: 3 Loss: 3.3076684323086103
05-20 11:33 INFO     Client: 0 Epoch: 4 Loss: 3.192705278943299
05-20 11:33 INFO      ** Client: 0 Training complete **
05-20 11:33 INFO     Training network 1 n_training: 10000
05-20 11:33 INFO     Training network 1
05-20 11:33 INFO     n_training: 157
05-20 11:33 INFO     Client: 1 Epoch: 0 Loss: 3.7434332765591374
05-20 11:34 INFO     Client: 1 Epoch: 1 Loss: 3.5146642202025005
05-20 11:34 INFO     Client: 1 Epoch: 2 Loss: 3.339635030479188
05-20 11:34 INFO     Client: 1 Epoch: 3 Loss: 3.2297543097453514
05-20 11:34 INFO     Client: 1 Epoch: 4 Loss: 3.120998156298498
05-20 11:34 INFO      ** Client: 1 Training complete **
05-20 11:34 INFO     Training network 2 n_training: 10000
05-20 11:34 INFO     Training network 2
05-20 11:34 INFO     n_training: 157
05-20 11:34 INFO     Client: 2 Epoch: 0 Loss: 3.6838126319229225
05-20 11:34 INFO     Client: 2 Epoch: 1 Loss: 3.423381187353924
05-20 11:35 INFO     Client: 2 Epoch: 2 Loss: 3.2646478741032303
05-20 11:35 INFO     Client: 2 Epoch: 3 Loss: 3.129076904551998
05-20 11:35 INFO     Client: 2 Epoch: 4 Loss: 3.023311546653699
05-20 11:35 INFO      ** Client: 2 Training complete **
05-20 11:35 INFO     Training network 3 n_training: 10000
05-20 11:35 INFO     Training network 3
05-20 11:35 INFO     n_training: 157
05-20 11:35 INFO     Client: 3 Epoch: 0 Loss: 3.6081214102969805
05-20 11:35 INFO     Client: 3 Epoch: 1 Loss: 3.3438966927255036
05-20 11:35 INFO     Client: 3 Epoch: 2 Loss: 3.1875104721944045
05-20 11:36 INFO     Client: 3 Epoch: 3 Loss: 3.046286705952541
05-20 11:36 INFO     Client: 3 Epoch: 4 Loss: 2.914776713984787
05-20 11:36 INFO      ** Client: 3 Training complete **
05-20 11:36 INFO     Training network 4 n_training: 10000
05-20 11:36 INFO     Training network 4
05-20 11:36 INFO     n_training: 157
05-20 11:36 INFO     Client: 4 Epoch: 0 Loss: 3.527175437113282
05-20 11:36 INFO     Client: 4 Epoch: 1 Loss: 3.241803615715853
05-20 11:36 INFO     Client: 4 Epoch: 2 Loss: 3.0852373101908688
05-20 11:36 INFO     Client: 4 Epoch: 3 Loss: 2.9251542820292675
05-20 11:37 INFO     Client: 4 Epoch: 4 Loss: 2.8001863774220657
05-20 11:37 INFO      ** Client: 4 Training complete **
05-20 11:37 INFO     Training network 5 n_training: 10000
05-20 11:37 INFO     Training network 5
05-20 11:37 INFO     n_training: 157
05-20 11:37 INFO     Client: 5 Epoch: 0 Loss: 3.480890132819012
05-20 11:37 INFO     Client: 5 Epoch: 1 Loss: 3.1813710950742102
05-20 11:37 INFO     Client: 5 Epoch: 2 Loss: 3.0154088059808037
05-20 11:37 INFO     Client: 5 Epoch: 3 Loss: 2.8456302129538957
05-20 11:37 INFO     Client: 5 Epoch: 4 Loss: 2.704213871318064
05-20 11:37 INFO      ** Client: 5 Training complete **
05-20 11:37 INFO     Training network 6 n_training: 10000
05-20 11:37 INFO     Training network 6
05-20 11:37 INFO     n_training: 157
05-20 11:38 INFO     Client: 6 Epoch: 0 Loss: 3.4343260200160324
05-20 11:38 INFO     Client: 6 Epoch: 1 Loss: 3.1048552063620014
05-20 11:38 INFO     Client: 6 Epoch: 2 Loss: 2.8986245522833176
05-20 11:38 INFO     Client: 6 Epoch: 3 Loss: 2.7603337916598956
05-20 11:38 INFO     Client: 6 Epoch: 4 Loss: 2.6049278405061953
05-20 11:38 INFO      ** Client: 6 Training complete **
05-20 11:38 INFO     Training network 7 n_training: 10000
05-20 11:38 INFO     Training network 7
05-20 11:38 INFO     n_training: 157
05-20 11:38 INFO     Client: 7 Epoch: 0 Loss: 3.3997022619672643
05-20 11:38 INFO     Client: 7 Epoch: 1 Loss: 3.0512085158354156
05-20 11:39 INFO     Client: 7 Epoch: 2 Loss: 2.851631049137966
05-20 11:39 INFO     Client: 7 Epoch: 3 Loss: 2.6961446461404206
05-20 11:39 INFO     Client: 7 Epoch: 4 Loss: 2.542711568486159
05-20 11:39 INFO      ** Client: 7 Training complete **
05-20 11:39 INFO     Training network 8 n_training: 10000
05-20 11:39 INFO     Training network 8
05-20 11:39 INFO     n_training: 157
05-20 11:39 INFO     Client: 8 Epoch: 0 Loss: 3.339877222753634
05-20 11:39 INFO     Client: 8 Epoch: 1 Loss: 2.995286399391806
05-20 11:39 INFO     Client: 8 Epoch: 2 Loss: 2.781958611907473
05-20 11:40 INFO     Client: 8 Epoch: 3 Loss: 2.61625065925015
05-20 11:40 INFO     Client: 8 Epoch: 4 Loss: 2.4587694930422836
05-20 11:40 INFO      ** Client: 8 Training complete **
05-20 11:40 INFO     Training network 9 n_training: 10000
05-20 11:40 INFO     Training network 9
05-20 11:40 INFO     n_training: 157
05-20 11:40 INFO     Client: 9 Epoch: 0 Loss: 3.305552133329355
05-20 11:40 INFO     Client: 9 Epoch: 1 Loss: 2.957202562101328
05-20 11:40 INFO     Client: 9 Epoch: 2 Loss: 2.7297846557228427
05-20 11:40 INFO     Client: 9 Epoch: 3 Loss: 2.5519683330681673
05-20 11:41 INFO     Client: 9 Epoch: 4 Loss: 2.3959790597296067
05-20 11:41 INFO      ** Client: 9 Training complete **
05-20 11:41 INFO     global n_training: 1563
05-20 11:41 INFO     global n_test: 157
05-20 11:42 INFO     >> Global Model Train accuracy: 0.2782, Train accuracy top-5: 0.5326
05-20 11:42 INFO     >> Global Model Test accuracy: 0.2474, Test accuracy top-5: 0.4909
05-20 11:42 INFO     >> Global Model Train loss: 3.2193
05-20 11:42 INFO     in comm round:2
05-20 11:42 INFO     Training network 0 n_training: 10000
05-20 11:42 INFO     Training network 0
05-20 11:42 INFO     n_training: 157
05-20 11:42 INFO     Client: 0 Epoch: 0 Loss: 3.068786991629631
05-20 11:42 INFO     Client: 0 Epoch: 1 Loss: 2.74452018585934
05-20 11:42 INFO     Client: 0 Epoch: 2 Loss: 2.544112678546055
05-20 11:42 INFO     Client: 0 Epoch: 3 Loss: 2.394158815122714
05-20 11:43 INFO     Client: 0 Epoch: 4 Loss: 2.2342175473073485
05-20 11:43 INFO      ** Client: 0 Training complete **
05-20 11:43 INFO     Training network 1 n_training: 10000
05-20 11:43 INFO     Training network 1
05-20 11:43 INFO     n_training: 157
05-20 11:43 INFO     Client: 1 Epoch: 0 Loss: 3.046991094662126
05-20 11:43 INFO     Client: 1 Epoch: 1 Loss: 2.7202975188091303
05-20 11:43 INFO     Client: 1 Epoch: 2 Loss: 2.4897383170522702
05-20 11:43 INFO     Client: 1 Epoch: 3 Loss: 2.337435207549174
05-20 11:44 INFO     Client: 1 Epoch: 4 Loss: 2.158159402525349
05-20 11:44 INFO      ** Client: 1 Training complete **
05-20 11:44 INFO     Training network 2 n_training: 10000
05-20 11:44 INFO     Training network 2
05-20 11:44 INFO     n_training: 157
05-20 11:44 INFO     Client: 2 Epoch: 0 Loss: 3.010587265537043
05-20 11:44 INFO     Client: 2 Epoch: 1 Loss: 2.667433012822631
05-20 11:44 INFO     Client: 2 Epoch: 2 Loss: 2.4602335592743696
05-20 11:44 INFO     Client: 2 Epoch: 3 Loss: 2.2523028546837485
05-20 11:44 INFO     Client: 2 Epoch: 4 Loss: 2.1143685313546734
05-20 11:44 INFO      ** Client: 2 Training complete **
05-20 11:44 INFO     Training network 3 n_training: 10000
05-20 11:44 INFO     Training network 3
05-20 11:44 INFO     n_training: 157
05-20 11:45 INFO     Client: 3 Epoch: 0 Loss: 2.9885738138939923
05-20 11:45 INFO     Client: 3 Epoch: 1 Loss: 2.6269263249294013
05-20 11:45 INFO     Client: 3 Epoch: 2 Loss: 2.382668489103864
05-20 11:45 INFO     Client: 3 Epoch: 3 Loss: 2.185103894798619
05-20 11:46 INFO     Client: 3 Epoch: 4 Loss: 2.0145940135239035
05-20 11:46 INFO      ** Client: 3 Training complete **
05-20 11:46 INFO     Training network 4 n_training: 10000
05-20 11:46 INFO     Training network 4
05-20 11:46 INFO     n_training: 157
05-20 11:46 INFO     Client: 4 Epoch: 0 Loss: 2.9071349945797285
05-20 11:46 INFO     Client: 4 Epoch: 1 Loss: 2.5473682819658023
05-20 11:46 INFO     Client: 4 Epoch: 2 Loss: 2.3187322684913685
05-20 11:46 INFO     Client: 4 Epoch: 3 Loss: 2.1146217592202934
05-20 11:47 INFO     Client: 4 Epoch: 4 Loss: 1.9397480738390782
05-20 11:47 INFO      ** Client: 4 Training complete **
05-20 11:47 INFO     Training network 5 n_training: 10000
05-20 11:47 INFO     Training network 5
05-20 11:47 INFO     n_training: 157
05-20 11:47 INFO     Client: 5 Epoch: 0 Loss: 2.949540475371537
05-20 11:47 INFO     Client: 5 Epoch: 1 Loss: 2.518285604039575
05-20 11:47 INFO     Client: 5 Epoch: 2 Loss: 2.2721211902654854
05-20 11:47 INFO     Client: 5 Epoch: 3 Loss: 2.048898351420263
05-20 11:47 INFO     Client: 5 Epoch: 4 Loss: 1.8898115051779778
05-20 11:47 INFO      ** Client: 5 Training complete **
05-20 11:47 INFO     Training network 6 n_training: 10000
05-20 11:47 INFO     Training network 6
05-20 11:47 INFO     n_training: 157
05-20 11:48 INFO     Client: 6 Epoch: 0 Loss: 2.8589608684466903
05-20 11:48 INFO     Client: 6 Epoch: 1 Loss: 2.4607788635666963
05-20 11:48 INFO     Client: 6 Epoch: 2 Loss: 2.189042938742668
05-20 11:48 INFO     Client: 6 Epoch: 3 Loss: 1.9744212141462192
05-20 11:48 INFO     Client: 6 Epoch: 4 Loss: 1.780751938273193
05-20 11:48 INFO      ** Client: 6 Training complete **
05-20 11:48 INFO     Training network 7 n_training: 10000
05-20 11:48 INFO     Training network 7
05-20 11:48 INFO     n_training: 157
05-20 11:49 INFO     Client: 7 Epoch: 0 Loss: 2.855193968791111
05-20 11:49 INFO     Client: 7 Epoch: 1 Loss: 2.440346271369108
05-20 11:49 INFO     Client: 7 Epoch: 2 Loss: 2.157114277979371
05-20 11:49 INFO     Client: 7 Epoch: 3 Loss: 1.936959887765775
05-20 11:49 INFO     Client: 7 Epoch: 4 Loss: 1.7486296990874466
05-20 11:49 INFO      ** Client: 7 Training complete **
05-20 11:49 INFO     Training network 8 n_training: 10000
05-20 11:49 INFO     Training network 8
05-20 11:49 INFO     n_training: 157
05-20 11:50 INFO     Client: 8 Epoch: 0 Loss: 2.8042295009467253
05-20 11:50 INFO     Client: 8 Epoch: 1 Loss: 2.3595704235089054
05-20 11:50 INFO     Client: 8 Epoch: 2 Loss: 2.098092826308718
05-20 11:50 INFO     Client: 8 Epoch: 3 Loss: 1.9011645787840437
05-20 11:50 INFO     Client: 8 Epoch: 4 Loss: 1.7018477848380993
05-20 11:50 INFO      ** Client: 8 Training complete **
05-20 11:50 INFO     Training network 9 n_training: 10000
05-20 11:50 INFO     Training network 9
05-20 11:50 INFO     n_training: 157
05-20 11:51 INFO     Client: 9 Epoch: 0 Loss: 2.8141408604421434
05-20 11:51 INFO     Client: 9 Epoch: 1 Loss: 2.342622712918907
05-20 11:51 INFO     Client: 9 Epoch: 2 Loss: 2.066395507496633
05-20 11:51 INFO     Client: 9 Epoch: 3 Loss: 1.833121760635619
05-20 11:51 INFO     Client: 9 Epoch: 4 Loss: 1.6277652637214417
05-20 11:51 INFO      ** Client: 9 Training complete **
05-20 11:51 INFO     global n_training: 1563
05-20 11:51 INFO     global n_test: 157
05-20 11:52 INFO     >> Global Model Train accuracy: 0.4249, Train accuracy top-5: 0.6930
05-20 11:52 INFO     >> Global Model Test accuracy: 0.3381, Test accuracy top-5: 0.6021
05-20 11:52 INFO     >> Global Model Train loss: 2.4235
05-20 11:52 INFO     in comm round:3
05-20 11:52 INFO     Training network 0 n_training: 10000
05-20 11:52 INFO     Training network 0
05-20 11:52 INFO     n_training: 157
05-20 11:53 INFO     Client: 0 Epoch: 0 Loss: 2.655064994362509
05-20 11:53 INFO     Client: 0 Epoch: 1 Loss: 2.192564389508241
05-20 11:53 INFO     Client: 0 Epoch: 2 Loss: 1.9384713932207436
05-20 11:53 INFO     Client: 0 Epoch: 3 Loss: 1.7124112457226797
05-20 11:53 INFO     Client: 0 Epoch: 4 Loss: 1.507546314767971
05-20 11:53 INFO      ** Client: 0 Training complete **
05-20 11:53 INFO     Training network 1 n_training: 10000
05-20 11:53 INFO     Training network 1
05-20 11:53 INFO     n_training: 157
05-20 11:53 INFO     Client: 1 Epoch: 0 Loss: 2.645808875940408
05-20 11:54 INFO     Client: 1 Epoch: 1 Loss: 2.1787825625413544
05-20 11:54 INFO     Client: 1 Epoch: 2 Loss: 1.8847707882048979
05-20 11:54 INFO     Client: 1 Epoch: 3 Loss: 1.6647895901066483
05-20 11:54 INFO     Client: 1 Epoch: 4 Loss: 1.4766618886571021
05-20 11:54 INFO      ** Client: 1 Training complete **
05-20 11:54 INFO     Training network 2 n_training: 10000
05-20 11:54 INFO     Training network 2
05-20 11:54 INFO     n_training: 157
05-20 11:54 INFO     Client: 2 Epoch: 0 Loss: 2.6657901903626264
05-20 11:55 INFO     Client: 2 Epoch: 1 Loss: 2.1498775869418103
05-20 11:55 INFO     Client: 2 Epoch: 2 Loss: 1.8684894917117563
05-20 11:55 INFO     Client: 2 Epoch: 3 Loss: 1.6280337602469572
05-20 11:55 INFO     Client: 2 Epoch: 4 Loss: 1.4287115206384355
05-20 11:55 INFO      ** Client: 2 Training complete **
05-20 11:55 INFO     Training network 3 n_training: 10000
05-20 11:55 INFO     Training network 3
05-20 11:55 INFO     n_training: 157
05-20 11:55 INFO     Client: 3 Epoch: 0 Loss: 2.618527972014846
05-20 11:56 INFO     Client: 3 Epoch: 1 Loss: 2.11307397313938
05-20 11:56 INFO     Client: 3 Epoch: 2 Loss: 1.8131156461254048
05-20 11:56 INFO     Client: 3 Epoch: 3 Loss: 1.5643496665225667
05-20 11:56 INFO     Client: 3 Epoch: 4 Loss: 1.3795908325037378
05-20 11:56 INFO      ** Client: 3 Training complete **
05-20 11:56 INFO     Training network 4 n_training: 10000
05-20 11:56 INFO     Training network 4
05-20 11:56 INFO     n_training: 157
05-20 11:56 INFO     Client: 4 Epoch: 0 Loss: 2.5399319176461286
05-20 11:57 INFO     Client: 4 Epoch: 1 Loss: 2.011806801625877
05-20 11:57 INFO     Client: 4 Epoch: 2 Loss: 1.7036397024324745
05-20 11:57 INFO     Client: 4 Epoch: 3 Loss: 1.4868963417733552
05-20 11:57 INFO     Client: 4 Epoch: 4 Loss: 1.2998919498388934
05-20 11:57 INFO      ** Client: 4 Training complete **
05-20 11:57 INFO     Training network 5 n_training: 10000
05-20 11:57 INFO     Training network 5
05-20 11:57 INFO     n_training: 157
05-20 11:57 INFO     Client: 5 Epoch: 0 Loss: 2.5373710340755
05-20 11:58 INFO     Client: 5 Epoch: 1 Loss: 2.0095503603576854
05-20 11:58 INFO     Client: 5 Epoch: 2 Loss: 1.6866171230935747
05-20 11:58 INFO     Client: 5 Epoch: 3 Loss: 1.444835962003963
05-20 11:58 INFO     Client: 5 Epoch: 4 Loss: 1.2346397330806513
05-20 11:58 INFO      ** Client: 5 Training complete **
05-20 11:58 INFO     Training network 6 n_training: 10000
05-20 11:58 INFO     Training network 6
05-20 11:58 INFO     n_training: 157
05-20 11:58 INFO     Client: 6 Epoch: 0 Loss: 2.484006082935698
05-20 11:59 INFO     Client: 6 Epoch: 1 Loss: 1.9392840178908817
05-20 11:59 INFO     Client: 6 Epoch: 2 Loss: 1.623836383698093
05-20 11:59 INFO     Client: 6 Epoch: 3 Loss: 1.3815118264240824
05-20 11:59 INFO     Client: 6 Epoch: 4 Loss: 1.1531638586597077
05-20 11:59 INFO      ** Client: 6 Training complete **
05-20 11:59 INFO     Training network 7 n_training: 10000
05-20 11:59 INFO     Training network 7
05-20 11:59 INFO     n_training: 157
05-20 11:59 INFO     Client: 7 Epoch: 0 Loss: 2.4792623390817337
05-20 11:59 INFO     Client: 7 Epoch: 1 Loss: 1.917587971991035
05-20 12:00 INFO     Client: 7 Epoch: 2 Loss: 1.6155102161844825
05-20 12:00 INFO     Client: 7 Epoch: 3 Loss: 1.3600067196378283
05-20 12:00 INFO     Client: 7 Epoch: 4 Loss: 1.1490446367081564
05-20 12:00 INFO      ** Client: 7 Training complete **
05-20 12:00 INFO     Training network 8 n_training: 10000
05-20 12:00 INFO     Training network 8
05-20 12:00 INFO     n_training: 157
05-20 12:00 INFO     Client: 8 Epoch: 0 Loss: 2.4704779902840874
05-20 12:00 INFO     Client: 8 Epoch: 1 Loss: 1.8877577227392015
05-20 12:01 INFO     Client: 8 Epoch: 2 Loss: 1.5726624127406224
05-20 12:01 INFO     Client: 8 Epoch: 3 Loss: 1.3072637323361294
05-20 12:01 INFO     Client: 8 Epoch: 4 Loss: 1.1096380721231935
05-20 12:01 INFO      ** Client: 8 Training complete **
05-20 12:01 INFO     Training network 9 n_training: 10000
05-20 12:01 INFO     Training network 9
05-20 12:01 INFO     n_training: 157
05-20 12:01 INFO     Client: 9 Epoch: 0 Loss: 2.463151149689012
05-20 12:01 INFO     Client: 9 Epoch: 1 Loss: 1.8492012426352045
05-20 12:02 INFO     Client: 9 Epoch: 2 Loss: 1.5208189563386758
05-20 12:02 INFO     Client: 9 Epoch: 3 Loss: 1.2592470334593657
05-20 12:02 INFO     Client: 9 Epoch: 4 Loss: 1.05912750276031
05-20 12:02 INFO      ** Client: 9 Training complete **
05-20 12:02 INFO     global n_training: 1563
05-20 12:02 INFO     global n_test: 157
05-20 12:03 INFO     >> Global Model Train accuracy: 0.5137, Train accuracy top-5: 0.7692
05-20 12:03 INFO     >> Global Model Test accuracy: 0.3682, Test accuracy top-5: 0.6328
05-20 12:03 INFO     >> Global Model Train loss: 1.9933
05-20 12:03 INFO     in comm round:4
05-20 12:03 INFO     Training network 0 n_training: 10000
05-20 12:03 INFO     Training network 0
05-20 12:03 INFO     n_training: 157
05-20 12:03 INFO     Client: 0 Epoch: 0 Loss: 2.345001516068817
05-20 12:03 INFO     Client: 0 Epoch: 1 Loss: 1.7567248686104064
05-20 12:04 INFO     Client: 0 Epoch: 2 Loss: 1.4066761101886724
05-20 12:04 INFO     Client: 0 Epoch: 3 Loss: 1.157482080398851
05-20 12:04 INFO     Client: 0 Epoch: 4 Loss: 0.986004078843791
05-20 12:04 INFO      ** Client: 0 Training complete **
05-20 12:04 INFO     Training network 1 n_training: 10000
05-20 12:04 INFO     Training network 1
05-20 12:04 INFO     n_training: 157
05-20 12:04 INFO     Client: 1 Epoch: 0 Loss: 2.3313284527723956
05-20 12:04 INFO     Client: 1 Epoch: 1 Loss: 1.7328088564477908
05-20 12:05 INFO     Client: 1 Epoch: 2 Loss: 1.4022648334503174
05-20 12:05 INFO     Client: 1 Epoch: 3 Loss: 1.119897031859987
05-20 12:05 INFO     Client: 1 Epoch: 4 Loss: 0.9394892139039981
05-20 12:05 INFO      ** Client: 1 Training complete **
05-20 12:05 INFO     Training network 2 n_training: 10000
05-20 12:05 INFO     Training network 2
05-20 12:05 INFO     n_training: 157
05-20 12:05 INFO     Client: 2 Epoch: 0 Loss: 2.328335970830006
05-20 12:05 INFO     Client: 2 Epoch: 1 Loss: 1.698440704376075
05-20 12:05 INFO     Client: 2 Epoch: 2 Loss: 1.3386273634661534
05-20 12:06 INFO     Client: 2 Epoch: 3 Loss: 1.106167072323477
05-20 12:06 INFO     Client: 2 Epoch: 4 Loss: 0.8965711084900388
05-20 12:06 INFO      ** Client: 2 Training complete **
05-20 12:06 INFO     Training network 3 n_training: 10000
05-20 12:06 INFO     Training network 3
05-20 12:06 INFO     n_training: 157
05-20 12:06 INFO     Client: 3 Epoch: 0 Loss: 2.3073581206570766
05-20 12:06 INFO     Client: 3 Epoch: 1 Loss: 1.699931324667232
05-20 12:06 INFO     Client: 3 Epoch: 2 Loss: 1.3453881193877786
05-20 12:07 INFO     Client: 3 Epoch: 3 Loss: 1.0589104898416313
05-20 12:07 INFO     Client: 3 Epoch: 4 Loss: 0.8614473369470828
05-20 12:07 INFO      ** Client: 3 Training complete **
05-20 12:07 INFO     Training network 4 n_training: 10000
05-20 12:07 INFO     Training network 4
05-20 12:07 INFO     n_training: 157
05-20 12:07 INFO     Client: 4 Epoch: 0 Loss: 2.2822275480646996
05-20 12:07 INFO     Client: 4 Epoch: 1 Loss: 1.6184106920934787
05-20 12:07 INFO     Client: 4 Epoch: 2 Loss: 1.2415968069605008
05-20 12:08 INFO     Client: 4 Epoch: 3 Loss: 1.0059082189183326
05-20 12:08 INFO     Client: 4 Epoch: 4 Loss: 0.800003683870765
05-20 12:08 INFO      ** Client: 4 Training complete **
05-20 12:08 INFO     Training network 5 n_training: 10000
05-20 12:08 INFO     Training network 5
05-20 12:08 INFO     n_training: 157
05-20 12:08 INFO     Client: 5 Epoch: 0 Loss: 2.240415161582315
05-20 12:08 INFO     Client: 5 Epoch: 1 Loss: 1.579969545078885
05-20 12:08 INFO     Client: 5 Epoch: 2 Loss: 1.2338979696012606
05-20 12:09 INFO     Client: 5 Epoch: 3 Loss: 0.9589880780809245
05-20 12:09 INFO     Client: 5 Epoch: 4 Loss: 0.7620072920990598
05-20 12:09 INFO      ** Client: 5 Training complete **
05-20 12:09 INFO     Training network 6 n_training: 10000
05-20 12:09 INFO     Training network 6
05-20 12:09 INFO     n_training: 157
05-20 12:09 INFO     Client: 6 Epoch: 0 Loss: 2.1915183507712785
05-20 12:09 INFO     Client: 6 Epoch: 1 Loss: 1.5382808036864943
05-20 12:09 INFO     Client: 6 Epoch: 2 Loss: 1.1555627565475026
05-20 12:10 INFO     Client: 6 Epoch: 3 Loss: 0.9181566724352016
05-20 12:10 INFO     Client: 6 Epoch: 4 Loss: 0.7155934598795168
05-20 12:10 INFO      ** Client: 6 Training complete **
05-20 12:10 INFO     Training network 7 n_training: 10000
05-20 12:10 INFO     Training network 7
05-20 12:10 INFO     n_training: 157
05-20 12:10 INFO     Client: 7 Epoch: 0 Loss: 2.1496092794807096
05-20 12:10 INFO     Client: 7 Epoch: 1 Loss: 1.4978298586644945
05-20 12:10 INFO     Client: 7 Epoch: 2 Loss: 1.1338833149071712
05-20 12:11 INFO     Client: 7 Epoch: 3 Loss: 0.8765181181537118
05-20 12:11 INFO     Client: 7 Epoch: 4 Loss: 0.715520862371299
05-20 12:11 INFO      ** Client: 7 Training complete **
05-20 12:11 INFO     Training network 8 n_training: 10000
05-20 12:11 INFO     Training network 8
05-20 12:11 INFO     n_training: 157
05-20 12:11 INFO     Client: 8 Epoch: 0 Loss: 2.165866914828112
05-20 12:11 INFO     Client: 8 Epoch: 1 Loss: 1.46990957381619
05-20 12:11 INFO     Client: 8 Epoch: 2 Loss: 1.0977686590449824
05-20 12:11 INFO     Client: 8 Epoch: 3 Loss: 0.8619998515031899
05-20 12:12 INFO     Client: 8 Epoch: 4 Loss: 0.6699092887389432
05-20 12:12 INFO      ** Client: 8 Training complete **
05-20 12:12 INFO     Training network 9 n_training: 10000
05-20 12:12 INFO     Training network 9
05-20 12:12 INFO     n_training: 157
05-20 12:12 INFO     Client: 9 Epoch: 0 Loss: 2.1513804744003684
05-20 12:12 INFO     Client: 9 Epoch: 1 Loss: 1.453463756354751
05-20 12:12 INFO     Client: 9 Epoch: 2 Loss: 1.0871498599933211
05-20 12:12 INFO     Client: 9 Epoch: 3 Loss: 0.8245992928173891
05-20 12:13 INFO     Client: 9 Epoch: 4 Loss: 0.6460425794883898
05-20 12:13 INFO      ** Client: 9 Training complete **
05-20 12:13 INFO     global n_training: 1563
05-20 12:13 INFO     global n_test: 157
05-20 12:14 INFO     >> Global Model Train accuracy: 0.5760, Train accuracy top-5: 0.8197
05-20 12:14 INFO     >> Global Model Test accuracy: 0.3842, Test accuracy top-5: 0.6404
05-20 12:14 INFO     >> Global Model Train loss: 1.6903
05-20 12:14 INFO     in comm round:5
05-20 12:14 INFO     Training network 0 n_training: 10000
05-20 12:14 INFO     Training network 0
05-20 12:14 INFO     n_training: 157
05-20 12:14 INFO     Client: 0 Epoch: 0 Loss: 2.057636710488872
05-20 12:14 INFO     Client: 0 Epoch: 1 Loss: 1.3694295104901502
05-20 12:14 INFO     Client: 0 Epoch: 2 Loss: 1.003215553844051
05-20 12:14 INFO     Client: 0 Epoch: 3 Loss: 0.7562121048474767
05-20 12:15 INFO     Client: 0 Epoch: 4 Loss: 0.5725483438771242
05-20 12:15 INFO      ** Client: 0 Training complete **
05-20 12:15 INFO     Training network 1 n_training: 10000
05-20 12:15 INFO     Training network 1
05-20 12:15 INFO     n_training: 157
05-20 12:15 INFO     Client: 1 Epoch: 0 Loss: 2.032582500937638
05-20 12:15 INFO     Client: 1 Epoch: 1 Loss: 1.3191265646059802
05-20 12:15 INFO     Client: 1 Epoch: 2 Loss: 0.9642069969966913
05-20 12:15 INFO     Client: 1 Epoch: 3 Loss: 0.7241855542750875
05-20 12:16 INFO     Client: 1 Epoch: 4 Loss: 0.5407310555315321
05-20 12:16 INFO      ** Client: 1 Training complete **
05-20 12:16 INFO     Training network 2 n_training: 10000
05-20 12:16 INFO     Training network 2
05-20 12:16 INFO     n_training: 157
05-20 12:16 INFO     Client: 2 Epoch: 0 Loss: 2.0204143979746823
05-20 12:16 INFO     Client: 2 Epoch: 1 Loss: 1.295191522996137
05-20 12:16 INFO     Client: 2 Epoch: 2 Loss: 0.9207315505689876
05-20 12:16 INFO     Client: 2 Epoch: 3 Loss: 0.6947851803652041
05-20 12:17 INFO     Client: 2 Epoch: 4 Loss: 0.5075640680303999
05-20 12:17 INFO      ** Client: 2 Training complete **
05-20 12:17 INFO     Training network 3 n_training: 10000
05-20 12:17 INFO     Training network 3
05-20 12:17 INFO     n_training: 157
05-20 12:17 INFO     Client: 3 Epoch: 0 Loss: 2.020382402049508
05-20 12:17 INFO     Client: 3 Epoch: 1 Loss: 1.2687045385123819
05-20 12:17 INFO     Client: 3 Epoch: 2 Loss: 0.8956796025774282
05-20 12:17 INFO     Client: 3 Epoch: 3 Loss: 0.6664184311013313
05-20 12:17 INFO     Client: 3 Epoch: 4 Loss: 0.48817674255674814
05-20 12:17 INFO      ** Client: 3 Training complete **
05-20 12:17 INFO     Training network 4 n_training: 10000
05-20 12:17 INFO     Training network 4
05-20 12:17 INFO     n_training: 157
05-20 12:18 INFO     Client: 4 Epoch: 0 Loss: 1.9655729646136046
05-20 12:18 INFO     Client: 4 Epoch: 1 Loss: 1.1979407698485502
05-20 12:18 INFO     Client: 4 Epoch: 2 Loss: 0.8393394385173822
05-20 12:18 INFO     Client: 4 Epoch: 3 Loss: 0.6261958787395696
05-20 12:18 INFO     Client: 4 Epoch: 4 Loss: 0.4679600324980013
05-20 12:18 INFO      ** Client: 4 Training complete **
05-20 12:18 INFO     Training network 5 n_training: 10000
05-20 12:18 INFO     Training network 5
05-20 12:18 INFO     n_training: 157
05-20 12:19 INFO     Client: 5 Epoch: 0 Loss: 1.9710863752729575
05-20 12:19 INFO     Client: 5 Epoch: 1 Loss: 1.204686265462523
05-20 12:19 INFO     Client: 5 Epoch: 2 Loss: 0.8166449320544104
05-20 12:19 INFO     Client: 5 Epoch: 3 Loss: 0.5976199359650824
05-20 12:19 INFO     Client: 5 Epoch: 4 Loss: 0.44243881315182726
05-20 12:19 INFO      ** Client: 5 Training complete **
05-20 12:19 INFO     Training network 6 n_training: 10000
05-20 12:19 INFO     Training network 6
05-20 12:19 INFO     n_training: 157
05-20 12:20 INFO     Client: 6 Epoch: 0 Loss: 1.8652166280017537
05-20 12:20 INFO     Client: 6 Epoch: 1 Loss: 1.1748844920449955
05-20 12:20 INFO     Client: 6 Epoch: 2 Loss: 0.7881815858707306
05-20 12:20 INFO     Client: 6 Epoch: 3 Loss: 0.5689986429776356
05-20 12:20 INFO     Client: 6 Epoch: 4 Loss: 0.43090370174046533
05-20 12:20 INFO      ** Client: 6 Training complete **
05-20 12:20 INFO     Training network 7 n_training: 10000
05-20 12:20 INFO     Training network 7
05-20 12:20 INFO     n_training: 157
05-20 12:21 INFO     Client: 7 Epoch: 0 Loss: 1.8948469716272536
05-20 12:21 INFO     Client: 7 Epoch: 1 Loss: 1.1132030202324983
05-20 12:21 INFO     Client: 7 Epoch: 2 Loss: 0.7609994732270575
05-20 12:21 INFO     Client: 7 Epoch: 3 Loss: 0.5484148525887993
05-20 12:21 INFO     Client: 7 Epoch: 4 Loss: 0.4061462764337564
05-20 12:21 INFO      ** Client: 7 Training complete **
05-20 12:21 INFO     Training network 8 n_training: 10000
05-20 12:21 INFO     Training network 8
05-20 12:21 INFO     n_training: 157
05-20 12:22 INFO     Client: 8 Epoch: 0 Loss: 1.853723168373108
05-20 12:22 INFO     Client: 8 Epoch: 1 Loss: 1.1065951164361019
05-20 12:22 INFO     Client: 8 Epoch: 2 Loss: 0.7481851801750766
05-20 12:22 INFO     Client: 8 Epoch: 3 Loss: 0.527177649508616
05-20 12:22 INFO     Client: 8 Epoch: 4 Loss: 0.39907270774340176
05-20 12:22 INFO      ** Client: 8 Training complete **
05-20 12:22 INFO     Training network 9 n_training: 10000
05-20 12:22 INFO     Training network 9
05-20 12:22 INFO     n_training: 157
05-20 12:23 INFO     Client: 9 Epoch: 0 Loss: 1.840796708301374
05-20 12:23 INFO     Client: 9 Epoch: 1 Loss: 1.1095319735776088
05-20 12:23 INFO     Client: 9 Epoch: 2 Loss: 0.7284677658870722
05-20 12:23 INFO     Client: 9 Epoch: 3 Loss: 0.5259188409823521
05-20 12:23 INFO     Client: 9 Epoch: 4 Loss: 0.3690444395230834
05-20 12:23 INFO      ** Client: 9 Training complete **
05-20 12:23 INFO     global n_training: 1563
05-20 12:23 INFO     global n_test: 157
05-20 12:24 INFO     >> Global Model Train accuracy: 0.6404, Train accuracy top-5: 0.8675
05-20 12:24 INFO     >> Global Model Test accuracy: 0.4080, Test accuracy top-5: 0.6537
05-20 12:24 INFO     >> Global Model Train loss: 1.3836
05-20 12:24 INFO     in comm round:6
05-20 12:24 INFO     Training network 0 n_training: 10000
05-20 12:24 INFO     Training network 0
05-20 12:24 INFO     n_training: 157
05-20 12:24 INFO     Client: 0 Epoch: 0 Loss: 1.8043992162510087
05-20 12:25 INFO     Client: 0 Epoch: 1 Loss: 1.0428957878404361
05-20 12:25 INFO     Client: 0 Epoch: 2 Loss: 0.6979110138431476
05-20 12:25 INFO     Client: 0 Epoch: 3 Loss: 0.4776068088734985
05-20 12:25 INFO     Client: 0 Epoch: 4 Loss: 0.3517009994596433
05-20 12:25 INFO      ** Client: 0 Training complete **
05-20 12:25 INFO     Training network 1 n_training: 10000
05-20 12:25 INFO     Training network 1
05-20 12:25 INFO     n_training: 157
05-20 12:25 INFO     Client: 1 Epoch: 0 Loss: 1.751981913663779
05-20 12:26 INFO     Client: 1 Epoch: 1 Loss: 0.9775776551787261
05-20 12:26 INFO     Client: 1 Epoch: 2 Loss: 0.6452942896800437
05-20 12:26 INFO     Client: 1 Epoch: 3 Loss: 0.4411947130207803
05-20 12:26 INFO     Client: 1 Epoch: 4 Loss: 0.32969549279304067
05-20 12:26 INFO      ** Client: 1 Training complete **
05-20 12:26 INFO     Training network 2 n_training: 10000
05-20 12:26 INFO     Training network 2
05-20 12:26 INFO     n_training: 157
05-20 12:26 INFO     Client: 2 Epoch: 0 Loss: 1.7406159791217488
05-20 12:27 INFO     Client: 2 Epoch: 1 Loss: 0.9668464280997112
05-20 12:27 INFO     Client: 2 Epoch: 2 Loss: 0.6184767148676952
05-20 12:27 INFO     Client: 2 Epoch: 3 Loss: 0.42872288937021974
05-20 12:27 INFO     Client: 2 Epoch: 4 Loss: 0.3057413752291613
05-20 12:27 INFO      ** Client: 2 Training complete **
05-20 12:27 INFO     Training network 3 n_training: 10000
05-20 12:27 INFO     Training network 3
05-20 12:27 INFO     n_training: 157
05-20 12:27 INFO     Client: 3 Epoch: 0 Loss: 1.7081946407913402
05-20 12:28 INFO     Client: 3 Epoch: 1 Loss: 0.9342341890000994
05-20 12:28 INFO     Client: 3 Epoch: 2 Loss: 0.5834132197556222
05-20 12:28 INFO     Client: 3 Epoch: 3 Loss: 0.4102647380464396
05-20 12:28 INFO     Client: 3 Epoch: 4 Loss: 0.29680775067988474
05-20 12:28 INFO      ** Client: 3 Training complete **
05-20 12:28 INFO     Training network 4 n_training: 10000
05-20 12:28 INFO     Training network 4
05-20 12:28 INFO     n_training: 157
05-20 12:28 INFO     Client: 4 Epoch: 0 Loss: 1.6720429059046849
05-20 12:29 INFO     Client: 4 Epoch: 1 Loss: 0.9038134243837588
05-20 12:29 INFO     Client: 4 Epoch: 2 Loss: 0.5624202167152599
05-20 12:29 INFO     Client: 4 Epoch: 3 Loss: 0.3815783335334936
05-20 12:29 INFO     Client: 4 Epoch: 4 Loss: 0.27454232808890616
05-20 12:29 INFO      ** Client: 4 Training complete **
05-20 12:29 INFO     Training network 5 n_training: 10000
05-20 12:29 INFO     Training network 5
05-20 12:29 INFO     n_training: 157
05-20 12:29 INFO     Client: 5 Epoch: 0 Loss: 1.645662710165522
05-20 12:30 INFO     Client: 5 Epoch: 1 Loss: 0.9045757427337063
05-20 12:30 INFO     Client: 5 Epoch: 2 Loss: 0.5501739103702983
05-20 12:30 INFO     Client: 5 Epoch: 3 Loss: 0.37207809100105504
05-20 12:30 INFO     Client: 5 Epoch: 4 Loss: 0.2612169702911073
05-20 12:30 INFO      ** Client: 5 Training complete **
05-20 12:30 INFO     Training network 6 n_training: 10000
05-20 12:30 INFO     Training network 6
05-20 12:30 INFO     n_training: 157
05-20 12:30 INFO     Client: 6 Epoch: 0 Loss: 1.6290948998396564
05-20 12:31 INFO     Client: 6 Epoch: 1 Loss: 0.8509280992920991
05-20 12:31 INFO     Client: 6 Epoch: 2 Loss: 0.5144254045121989
05-20 12:31 INFO     Client: 6 Epoch: 3 Loss: 0.35337373557364105
05-20 12:31 INFO     Client: 6 Epoch: 4 Loss: 0.24954837105076783
05-20 12:31 INFO      ** Client: 6 Training complete **
05-20 12:31 INFO     Training network 7 n_training: 10000
05-20 12:31 INFO     Training network 7
05-20 12:31 INFO     n_training: 157
05-20 12:31 INFO     Client: 7 Epoch: 0 Loss: 1.5683226414546845
05-20 12:31 INFO     Client: 7 Epoch: 1 Loss: 0.8027449882334206
05-20 12:32 INFO     Client: 7 Epoch: 2 Loss: 0.5081924456319992
05-20 12:32 INFO     Client: 7 Epoch: 3 Loss: 0.3438154216025286
05-20 12:32 INFO     Client: 7 Epoch: 4 Loss: 0.2530948287172682
05-20 12:32 INFO      ** Client: 7 Training complete **
05-20 12:32 INFO     Training network 8 n_training: 10000
05-20 12:32 INFO     Training network 8
05-20 12:32 INFO     n_training: 157
05-20 12:32 INFO     Client: 8 Epoch: 0 Loss: 1.576525677541259
05-20 12:32 INFO     Client: 8 Epoch: 1 Loss: 0.829534406115295
05-20 12:33 INFO     Client: 8 Epoch: 2 Loss: 0.49222218155101605
05-20 12:33 INFO     Client: 8 Epoch: 3 Loss: 0.3311179011680518
05-20 12:33 INFO     Client: 8 Epoch: 4 Loss: 0.23868177921339206
05-20 12:33 INFO      ** Client: 8 Training complete **
05-20 12:33 INFO     Training network 9 n_training: 10000
05-20 12:33 INFO     Training network 9
05-20 12:33 INFO     n_training: 157
05-20 12:33 INFO     Client: 9 Epoch: 0 Loss: 1.5796449913340769
05-20 12:33 INFO     Client: 9 Epoch: 1 Loss: 0.7993551536350493
05-20 12:34 INFO     Client: 9 Epoch: 2 Loss: 0.4740998684221013
05-20 12:34 INFO     Client: 9 Epoch: 3 Loss: 0.328527755323489
05-20 12:34 INFO     Client: 9 Epoch: 4 Loss: 0.2266000214560776
05-20 12:34 INFO      ** Client: 9 Training complete **
05-20 12:34 INFO     global n_training: 1563
05-20 12:34 INFO     global n_test: 157
05-20 12:35 INFO     >> Global Model Train accuracy: 0.6911, Train accuracy top-5: 0.8991
05-20 12:35 INFO     >> Global Model Test accuracy: 0.4156, Test accuracy top-5: 0.6613
05-20 12:35 INFO     >> Global Model Train loss: 1.1618
05-20 12:35 INFO     in comm round:7
05-20 12:35 INFO     Training network 0 n_training: 10000
05-20 12:35 INFO     Training network 0
05-20 12:35 INFO     n_training: 157
05-20 12:35 INFO     Client: 0 Epoch: 0 Loss: 1.5031013439415366
05-20 12:35 INFO     Client: 0 Epoch: 1 Loss: 0.7405827195401404
05-20 12:35 INFO     Client: 0 Epoch: 2 Loss: 0.43807790784319495
05-20 12:36 INFO     Client: 0 Epoch: 3 Loss: 0.2912480418279672
05-20 12:36 INFO     Client: 0 Epoch: 4 Loss: 0.20455186771359413
05-20 12:36 INFO      ** Client: 0 Training complete **
05-20 12:36 INFO     Training network 1 n_training: 10000
05-20 12:36 INFO     Training network 1
05-20 12:36 INFO     n_training: 157
05-20 12:36 INFO     Client: 1 Epoch: 0 Loss: 1.4223945228157528
05-20 12:36 INFO     Client: 1 Epoch: 1 Loss: 0.707222592678799
05-20 12:36 INFO     Client: 1 Epoch: 2 Loss: 0.40745912966834513
05-20 12:36 INFO     Client: 1 Epoch: 3 Loss: 0.27779733565202946
05-20 12:37 INFO     Client: 1 Epoch: 4 Loss: 0.2010192862551683
05-20 12:37 INFO      ** Client: 1 Training complete **
05-20 12:37 INFO     Training network 2 n_training: 10000
05-20 12:37 INFO     Training network 2
05-20 12:37 INFO     n_training: 157
05-20 12:37 INFO     Client: 2 Epoch: 0 Loss: 1.425091213101794
05-20 12:37 INFO     Client: 2 Epoch: 1 Loss: 0.7073777318000793
05-20 12:37 INFO     Client: 2 Epoch: 2 Loss: 0.41021322871849036
05-20 12:37 INFO     Client: 2 Epoch: 3 Loss: 0.27341412406438476
05-20 12:37 INFO     Client: 2 Epoch: 4 Loss: 0.19730947679205305
05-20 12:37 INFO      ** Client: 2 Training complete **
05-20 12:37 INFO     Training network 3 n_training: 10000
05-20 12:37 INFO     Training network 3
05-20 12:37 INFO     n_training: 157
05-20 12:38 INFO     Client: 3 Epoch: 0 Loss: 1.4303478359416792
05-20 12:38 INFO     Client: 3 Epoch: 1 Loss: 0.6909718078792475
05-20 12:38 INFO     Client: 3 Epoch: 2 Loss: 0.374959672522393
05-20 12:38 INFO     Client: 3 Epoch: 3 Loss: 0.25651118273188356
05-20 12:38 INFO     Client: 3 Epoch: 4 Loss: 0.1903484664430284
05-20 12:38 INFO      ** Client: 3 Training complete **
05-20 12:38 INFO     Training network 4 n_training: 10000
05-20 12:38 INFO     Training network 4
05-20 12:38 INFO     n_training: 157
05-20 12:38 INFO     Client: 4 Epoch: 0 Loss: 1.3815668711237088
05-20 12:39 INFO     Client: 4 Epoch: 1 Loss: 0.6584349272737078
05-20 12:39 INFO     Client: 4 Epoch: 2 Loss: 0.36998556658720516
05-20 12:39 INFO     Client: 4 Epoch: 3 Loss: 0.2485778510665438
05-20 12:39 INFO     Client: 4 Epoch: 4 Loss: 0.17689412680401165
05-20 12:39 INFO      ** Client: 4 Training complete **
05-20 12:39 INFO     Training network 5 n_training: 10000
05-20 12:39 INFO     Training network 5
05-20 12:39 INFO     n_training: 157
05-20 12:39 INFO     Client: 5 Epoch: 0 Loss: 1.3750259769949944
05-20 12:39 INFO     Client: 5 Epoch: 1 Loss: 0.6469077078779791
05-20 12:40 INFO     Client: 5 Epoch: 2 Loss: 0.34313526692663787
05-20 12:40 INFO     Client: 5 Epoch: 3 Loss: 0.23821827721823552
05-20 12:40 INFO     Client: 5 Epoch: 4 Loss: 0.1751907826608913
05-20 12:40 INFO      ** Client: 5 Training complete **
05-20 12:40 INFO     Training network 6 n_training: 10000
05-20 12:40 INFO     Training network 6
05-20 12:40 INFO     n_training: 157
05-20 12:40 INFO     Client: 6 Epoch: 0 Loss: 1.327860550895618
05-20 12:40 INFO     Client: 6 Epoch: 1 Loss: 0.605942875716337
05-20 12:40 INFO     Client: 6 Epoch: 2 Loss: 0.34683599043044316
05-20 12:40 INFO     Client: 6 Epoch: 3 Loss: 0.2307573412159446
05-20 12:41 INFO     Client: 6 Epoch: 4 Loss: 0.16433300030459264
05-20 12:41 INFO      ** Client: 6 Training complete **
05-20 12:41 INFO     Training network 7 n_training: 10000
05-20 12:41 INFO     Training network 7
05-20 12:41 INFO     n_training: 157
05-20 12:41 INFO     Client: 7 Epoch: 0 Loss: 1.3241189190536549
05-20 12:41 INFO     Client: 7 Epoch: 1 Loss: 0.6137726978891215
05-20 12:41 INFO     Client: 7 Epoch: 2 Loss: 0.335340075621939
05-20 12:41 INFO     Client: 7 Epoch: 3 Loss: 0.2225018737327521
05-20 12:41 INFO     Client: 7 Epoch: 4 Loss: 0.15083557846629694
05-20 12:41 INFO      ** Client: 7 Training complete **
05-20 12:41 INFO     Training network 8 n_training: 10000
05-20 12:41 INFO     Training network 8
05-20 12:41 INFO     n_training: 157
05-20 12:42 INFO     Client: 8 Epoch: 0 Loss: 1.283532760325511
05-20 12:42 INFO     Client: 8 Epoch: 1 Loss: 0.5705601489467985
05-20 12:42 INFO     Client: 8 Epoch: 2 Loss: 0.3314005477223427
05-20 12:42 INFO     Client: 8 Epoch: 3 Loss: 0.20642253429077234
05-20 12:42 INFO     Client: 8 Epoch: 4 Loss: 0.1579222957229918
05-20 12:42 INFO      ** Client: 8 Training complete **
05-20 12:42 INFO     Training network 9 n_training: 10000
05-20 12:42 INFO     Training network 9
05-20 12:42 INFO     n_training: 157
05-20 12:42 INFO     Client: 9 Epoch: 0 Loss: 1.284944022537037
05-20 12:43 INFO     Client: 9 Epoch: 1 Loss: 0.577259564285825
05-20 12:43 INFO     Client: 9 Epoch: 2 Loss: 0.3000615191687444
05-20 12:43 INFO     Client: 9 Epoch: 3 Loss: 0.2073763462768239
05-20 12:43 INFO     Client: 9 Epoch: 4 Loss: 0.16265745608100465
05-20 12:43 INFO      ** Client: 9 Training complete **
05-20 12:43 INFO     global n_training: 1563
05-20 12:43 INFO     global n_test: 157
05-20 12:44 INFO     >> Global Model Train accuracy: 0.7336, Train accuracy top-5: 0.9235
05-20 12:44 INFO     >> Global Model Test accuracy: 0.4259, Test accuracy top-5: 0.6661
05-20 12:44 INFO     >> Global Model Train loss: 0.9784
05-20 12:44 INFO     in comm round:8
05-20 12:44 INFO     Training network 0 n_training: 10000
05-20 12:44 INFO     Training network 0
05-20 12:44 INFO     n_training: 157
05-20 12:44 INFO     Client: 0 Epoch: 0 Loss: 1.234527459949445
05-20 12:45 INFO     Client: 0 Epoch: 1 Loss: 0.5342884109278393
05-20 12:45 INFO     Client: 0 Epoch: 2 Loss: 0.30418388479074854
05-20 12:45 INFO     Client: 0 Epoch: 3 Loss: 0.2082533499902221
05-20 12:45 INFO     Client: 0 Epoch: 4 Loss: 0.14037273247625418
05-20 12:45 INFO      ** Client: 0 Training complete **
05-20 12:45 INFO     Training network 1 n_training: 10000
05-20 12:45 INFO     Training network 1
05-20 12:45 INFO     n_training: 157
05-20 12:45 INFO     Client: 1 Epoch: 0 Loss: 1.200897391814335
05-20 12:46 INFO     Client: 1 Epoch: 1 Loss: 0.5157927403784102
05-20 12:46 INFO     Client: 1 Epoch: 2 Loss: 0.2894285603123865
05-20 12:46 INFO     Client: 1 Epoch: 3 Loss: 0.19420015119063627
05-20 12:46 INFO     Client: 1 Epoch: 4 Loss: 0.14151497394036336
05-20 12:46 INFO      ** Client: 1 Training complete **
05-20 12:46 INFO     Training network 2 n_training: 10000
05-20 12:46 INFO     Training network 2
05-20 12:46 INFO     n_training: 157
05-20 12:46 INFO     Client: 2 Epoch: 0 Loss: 1.170601571441456
05-20 12:47 INFO     Client: 2 Epoch: 1 Loss: 0.5077613233381016
05-20 12:47 INFO     Client: 2 Epoch: 2 Loss: 0.28814178064560436
05-20 12:47 INFO     Client: 2 Epoch: 3 Loss: 0.1946745376298382
05-20 12:47 INFO     Client: 2 Epoch: 4 Loss: 0.135053464561511
05-20 12:47 INFO      ** Client: 2 Training complete **
05-20 12:47 INFO     Training network 3 n_training: 10000
05-20 12:47 INFO     Training network 3
05-20 12:47 INFO     n_training: 157
05-20 12:47 INFO     Client: 3 Epoch: 0 Loss: 1.1784024177842838
05-20 12:48 INFO     Client: 3 Epoch: 1 Loss: 0.4892086300310815
05-20 12:48 INFO     Client: 3 Epoch: 2 Loss: 0.26771771257660193
05-20 12:48 INFO     Client: 3 Epoch: 3 Loss: 0.18329471238194758
05-20 12:48 INFO     Client: 3 Epoch: 4 Loss: 0.13401380715191744
05-20 12:48 INFO      ** Client: 3 Training complete **
05-20 12:48 INFO     Training network 4 n_training: 10000
05-20 12:48 INFO     Training network 4
05-20 12:48 INFO     n_training: 157
05-20 12:48 INFO     Client: 4 Epoch: 0 Loss: 1.1533492055668193
05-20 12:48 INFO     Client: 4 Epoch: 1 Loss: 0.48732060877380856
05-20 12:49 INFO     Client: 4 Epoch: 2 Loss: 0.26975175111916416
05-20 12:49 INFO     Client: 4 Epoch: 3 Loss: 0.17594865434298848
05-20 12:49 INFO     Client: 4 Epoch: 4 Loss: 0.1266563802862623
05-20 12:49 INFO      ** Client: 4 Training complete **
05-20 12:49 INFO     Training network 5 n_training: 10000
05-20 12:49 INFO     Training network 5
05-20 12:49 INFO     n_training: 157
05-20 12:49 INFO     Client: 5 Epoch: 0 Loss: 1.1343983499107846
05-20 12:49 INFO     Client: 5 Epoch: 1 Loss: 0.46918719105280127
05-20 12:50 INFO     Client: 5 Epoch: 2 Loss: 0.2605734746547262
05-20 12:50 INFO     Client: 5 Epoch: 3 Loss: 0.17299357032889773
05-20 12:50 INFO     Client: 5 Epoch: 4 Loss: 0.13141636704658247
05-20 12:50 INFO      ** Client: 5 Training complete **
05-20 12:50 INFO     Training network 6 n_training: 10000
05-20 12:50 INFO     Training network 6
05-20 12:50 INFO     n_training: 157
05-20 12:50 INFO     Client: 6 Epoch: 0 Loss: 1.106271020546081
05-20 12:50 INFO     Client: 6 Epoch: 1 Loss: 0.4381209647959205
05-20 12:51 INFO     Client: 6 Epoch: 2 Loss: 0.23891789451905876
05-20 12:51 INFO     Client: 6 Epoch: 3 Loss: 0.15694372355937958
05-20 12:51 INFO     Client: 6 Epoch: 4 Loss: 0.1101245703116344
05-20 12:51 INFO      ** Client: 6 Training complete **
05-20 12:51 INFO     Training network 7 n_training: 10000
05-20 12:51 INFO     Training network 7
05-20 12:51 INFO     n_training: 157
05-20 12:51 INFO     Client: 7 Epoch: 0 Loss: 1.0597383121775974
05-20 12:51 INFO     Client: 7 Epoch: 1 Loss: 0.42882475712496765
05-20 12:52 INFO     Client: 7 Epoch: 2 Loss: 0.23837366002570293
05-20 12:52 INFO     Client: 7 Epoch: 3 Loss: 0.15115027836743433
05-20 12:52 INFO     Client: 7 Epoch: 4 Loss: 0.11512314018075633
05-20 12:52 INFO      ** Client: 7 Training complete **
05-20 12:52 INFO     Training network 8 n_training: 10000
05-20 12:52 INFO     Training network 8
05-20 12:52 INFO     n_training: 157
05-20 12:52 INFO     Client: 8 Epoch: 0 Loss: 1.0534995775313893
05-20 12:52 INFO     Client: 8 Epoch: 1 Loss: 0.44820742574846667
05-20 12:53 INFO     Client: 8 Epoch: 2 Loss: 0.2513835805521649
05-20 12:53 INFO     Client: 8 Epoch: 3 Loss: 0.158867016766861
05-20 12:53 INFO     Client: 8 Epoch: 4 Loss: 0.1118286890066733
05-20 12:53 INFO      ** Client: 8 Training complete **
05-20 12:53 INFO     Training network 9 n_training: 10000
05-20 12:53 INFO     Training network 9
05-20 12:53 INFO     n_training: 157
05-20 12:53 INFO     Client: 9 Epoch: 0 Loss: 1.0576087604662416
05-20 12:53 INFO     Client: 9 Epoch: 1 Loss: 0.43516732989602785
05-20 12:54 INFO     Client: 9 Epoch: 2 Loss: 0.2397653237459766
05-20 12:54 INFO     Client: 9 Epoch: 3 Loss: 0.15925342172004614
05-20 12:54 INFO     Client: 9 Epoch: 4 Loss: 0.11502035927905399
05-20 12:54 INFO      ** Client: 9 Training complete **
05-20 12:54 INFO     global n_training: 1563
05-20 12:54 INFO     global n_test: 157
05-20 12:55 INFO     >> Global Model Train accuracy: 0.7752, Train accuracy top-5: 0.9453
05-20 12:55 INFO     >> Global Model Test accuracy: 0.4321, Test accuracy top-5: 0.6820
05-20 12:55 INFO     >> Global Model Train loss: 0.8057
05-20 12:55 INFO     in comm round:9
05-20 12:55 INFO     Training network 0 n_training: 10000
05-20 12:55 INFO     Training network 0
05-20 12:55 INFO     n_training: 157
05-20 12:55 INFO     Client: 0 Epoch: 0 Loss: 1.0333743338372297
05-20 12:55 INFO     Client: 0 Epoch: 1 Loss: 0.41615768336946035
05-20 12:56 INFO     Client: 0 Epoch: 2 Loss: 0.21303613260862933
05-20 12:56 INFO     Client: 0 Epoch: 3 Loss: 0.13241566463735452
05-20 12:56 INFO     Client: 0 Epoch: 4 Loss: 0.09759848965865792
05-20 12:56 INFO      ** Client: 0 Training complete **
05-20 12:56 INFO     Training network 1 n_training: 10000
05-20 12:56 INFO     Training network 1
05-20 12:56 INFO     n_training: 157
05-20 12:56 INFO     Client: 1 Epoch: 0 Loss: 0.9769117763847303
05-20 12:56 INFO     Client: 1 Epoch: 1 Loss: 0.3988438296090266
05-20 12:56 INFO     Client: 1 Epoch: 2 Loss: 0.22063590847193057
05-20 12:57 INFO     Client: 1 Epoch: 3 Loss: 0.1421236779517049
05-20 12:57 INFO     Client: 1 Epoch: 4 Loss: 0.10687214745932323
05-20 12:57 INFO      ** Client: 1 Training complete **
05-20 12:57 INFO     Training network 2 n_training: 10000
05-20 12:57 INFO     Training network 2
05-20 12:57 INFO     n_training: 157
05-20 12:57 INFO     Client: 2 Epoch: 0 Loss: 0.9762970550804381
05-20 12:57 INFO     Client: 2 Epoch: 1 Loss: 0.37637636483095255
05-20 12:57 INFO     Client: 2 Epoch: 2 Loss: 0.19675679196407841
05-20 12:58 INFO     Client: 2 Epoch: 3 Loss: 0.13983049419275514
05-20 12:58 INFO     Client: 2 Epoch: 4 Loss: 0.10310370954358654
05-20 12:58 INFO      ** Client: 2 Training complete **
05-20 12:58 INFO     Training network 3 n_training: 10000
05-20 12:58 INFO     Training network 3
05-20 12:58 INFO     n_training: 157
05-20 12:58 INFO     Client: 3 Epoch: 0 Loss: 0.9528876782222918
05-20 12:58 INFO     Client: 3 Epoch: 1 Loss: 0.36739989166047166
05-20 12:58 INFO     Client: 3 Epoch: 2 Loss: 0.21450497342902383
05-20 12:59 INFO     Client: 3 Epoch: 3 Loss: 0.13361127219002716
05-20 12:59 INFO     Client: 3 Epoch: 4 Loss: 0.10124820568094588
05-20 12:59 INFO      ** Client: 3 Training complete **
05-20 12:59 INFO     Training network 4 n_training: 10000
05-20 12:59 INFO     Training network 4
05-20 12:59 INFO     n_training: 157
05-20 12:59 INFO     Client: 4 Epoch: 0 Loss: 0.9409488325665711
05-20 12:59 INFO     Client: 4 Epoch: 1 Loss: 0.37890714672720355
05-20 12:59 INFO     Client: 4 Epoch: 2 Loss: 0.2063048383232894
05-20 13:00 INFO     Client: 4 Epoch: 3 Loss: 0.13877631975397184
05-20 13:00 INFO     Client: 4 Epoch: 4 Loss: 0.09027614126539533
05-20 13:00 INFO      ** Client: 4 Training complete **
05-20 13:00 INFO     Training network 5 n_training: 10000
05-20 13:00 INFO     Training network 5
05-20 13:00 INFO     n_training: 157
05-20 13:00 INFO     Client: 5 Epoch: 0 Loss: 0.9229758789964543
05-20 13:00 INFO     Client: 5 Epoch: 1 Loss: 0.36259639158750034
05-20 13:00 INFO     Client: 5 Epoch: 2 Loss: 0.1875186276853464
05-20 13:01 INFO     Client: 5 Epoch: 3 Loss: 0.12363395137581856
05-20 13:01 INFO     Client: 5 Epoch: 4 Loss: 0.09320652961825869
05-20 13:01 INFO      ** Client: 5 Training complete **
05-20 13:01 INFO     Training network 6 n_training: 10000
05-20 13:01 INFO     Training network 6
05-20 13:01 INFO     n_training: 157
05-20 13:01 INFO     Client: 6 Epoch: 0 Loss: 0.9004534088122617
05-20 13:01 INFO     Client: 6 Epoch: 1 Loss: 0.35971217194370403
05-20 13:01 INFO     Client: 6 Epoch: 2 Loss: 0.1849106014439255
05-20 13:02 INFO     Client: 6 Epoch: 3 Loss: 0.13613739906317868
05-20 13:02 INFO     Client: 6 Epoch: 4 Loss: 0.09201960846971555
05-20 13:02 INFO      ** Client: 6 Training complete **
05-20 13:02 INFO     Training network 7 n_training: 10000
05-20 13:02 INFO     Training network 7
05-20 13:02 INFO     n_training: 157
05-20 13:02 INFO     Client: 7 Epoch: 0 Loss: 0.9112437397811064
05-20 13:02 INFO     Client: 7 Epoch: 1 Loss: 0.34319223425570566
05-20 13:02 INFO     Client: 7 Epoch: 2 Loss: 0.18571846030510156
05-20 13:03 INFO     Client: 7 Epoch: 3 Loss: 0.11244920204589322
05-20 13:03 INFO     Client: 7 Epoch: 4 Loss: 0.08269528332789233
05-20 13:03 INFO      ** Client: 7 Training complete **
05-20 13:03 INFO     Training network 8 n_training: 10000
05-20 13:03 INFO     Training network 8
05-20 13:03 INFO     n_training: 157
05-20 13:03 INFO     Client: 8 Epoch: 0 Loss: 0.8877409704171928
05-20 13:03 INFO     Client: 8 Epoch: 1 Loss: 0.35030319024423123
05-20 13:03 INFO     Client: 8 Epoch: 2 Loss: 0.18930764496326447
05-20 13:04 INFO     Client: 8 Epoch: 3 Loss: 0.11969456529826115
05-20 13:04 INFO     Client: 8 Epoch: 4 Loss: 0.09348874282874879
05-20 13:04 INFO      ** Client: 8 Training complete **
05-20 13:04 INFO     Training network 9 n_training: 10000
05-20 13:04 INFO     Training network 9
05-20 13:04 INFO     n_training: 157
05-20 13:04 INFO     Client: 9 Epoch: 0 Loss: 0.8919410553707439
05-20 13:04 INFO     Client: 9 Epoch: 1 Loss: 0.33591830787385346
05-20 13:04 INFO     Client: 9 Epoch: 2 Loss: 0.17630496791973235
05-20 13:05 INFO     Client: 9 Epoch: 3 Loss: 0.12726799154262633
05-20 13:05 INFO     Client: 9 Epoch: 4 Loss: 0.08805716978564004
05-20 13:05 INFO      ** Client: 9 Training complete **
05-20 13:05 INFO     global n_training: 1563
05-20 13:05 INFO     global n_test: 157
05-20 13:06 INFO     >> Global Model Train accuracy: 0.7962, Train accuracy top-5: 0.9545
05-20 13:06 INFO     >> Global Model Test accuracy: 0.4291, Test accuracy top-5: 0.6756
05-20 13:06 INFO     >> Global Model Train loss: 0.7237
05-20 13:06 INFO     in comm round:10
05-20 13:06 INFO     Training network 0 n_training: 10000
05-20 13:06 INFO     Training network 0
05-20 13:06 INFO     n_training: 157
05-20 13:06 INFO     Client: 0 Epoch: 0 Loss: 0.8631787924629868
05-20 13:06 INFO     Client: 0 Epoch: 1 Loss: 0.32978024291005104
05-20 13:06 INFO     Client: 0 Epoch: 2 Loss: 0.16432037370599759
05-20 13:06 INFO     Client: 0 Epoch: 3 Loss: 0.11006162666780933
05-20 13:07 INFO     Client: 0 Epoch: 4 Loss: 0.08093013011725844
05-20 13:07 INFO      ** Client: 0 Training complete **
05-20 13:07 INFO     Training network 1 n_training: 10000
05-20 13:07 INFO     Training network 1
05-20 13:07 INFO     n_training: 157
05-20 13:07 INFO     Client: 1 Epoch: 0 Loss: 0.8309934714417548
05-20 13:07 INFO     Client: 1 Epoch: 1 Loss: 0.3230853705269516
05-20 13:07 INFO     Client: 1 Epoch: 2 Loss: 0.17463648267042864
05-20 13:07 INFO     Client: 1 Epoch: 3 Loss: 0.11147901956822462
05-20 13:08 INFO     Client: 1 Epoch: 4 Loss: 0.0720531596879291
05-20 13:08 INFO      ** Client: 1 Training complete **
05-20 13:08 INFO     Training network 2 n_training: 10000
05-20 13:08 INFO     Training network 2
05-20 13:08 INFO     n_training: 157
05-20 13:08 INFO     Client: 2 Epoch: 0 Loss: 0.8201082238725795
05-20 13:08 INFO     Client: 2 Epoch: 1 Loss: 0.3290103912163692
05-20 13:08 INFO     Client: 2 Epoch: 2 Loss: 0.16249854580327205
05-20 13:08 INFO     Client: 2 Epoch: 3 Loss: 0.1075493003105282
05-20 13:09 INFO     Client: 2 Epoch: 4 Loss: 0.08126459211395805
05-20 13:09 INFO      ** Client: 2 Training complete **
05-20 13:09 INFO     Training network 3 n_training: 10000
05-20 13:09 INFO     Training network 3
05-20 13:09 INFO     n_training: 157
05-20 13:09 INFO     Client: 3 Epoch: 0 Loss: 0.8108092850180948
05-20 13:09 INFO     Client: 3 Epoch: 1 Loss: 0.32280315610633536
05-20 13:09 INFO     Client: 3 Epoch: 2 Loss: 0.1694453170724735
05-20 13:09 INFO     Client: 3 Epoch: 3 Loss: 0.10559517631580116
05-20 13:10 INFO     Client: 3 Epoch: 4 Loss: 0.07762284948235484
05-20 13:10 INFO      ** Client: 3 Training complete **
05-20 13:10 INFO     Training network 4 n_training: 10000
05-20 13:10 INFO     Training network 4
05-20 13:10 INFO     n_training: 157
05-20 13:10 INFO     Client: 4 Epoch: 0 Loss: 0.7987303931242341
05-20 13:10 INFO     Client: 4 Epoch: 1 Loss: 0.30729673185925577
05-20 13:10 INFO     Client: 4 Epoch: 2 Loss: 0.15362399448729624
05-20 13:10 INFO     Client: 4 Epoch: 3 Loss: 0.10794614151025274
05-20 13:11 INFO     Client: 4 Epoch: 4 Loss: 0.07029494968284468
05-20 13:11 INFO      ** Client: 4 Training complete **
05-20 13:11 INFO     Training network 5 n_training: 10000
05-20 13:11 INFO     Training network 5
05-20 13:11 INFO     n_training: 157
05-20 13:11 INFO     Client: 5 Epoch: 0 Loss: 0.7681700050071546
05-20 13:11 INFO     Client: 5 Epoch: 1 Loss: 0.3040009269099327
05-20 13:11 INFO     Client: 5 Epoch: 2 Loss: 0.15182377151243245
05-20 13:11 INFO     Client: 5 Epoch: 3 Loss: 0.10188453435708003
05-20 13:12 INFO     Client: 5 Epoch: 4 Loss: 0.08014100128013617
05-20 13:12 INFO      ** Client: 5 Training complete **
05-20 13:12 INFO     Training network 6 n_training: 10000
05-20 13:12 INFO     Training network 6
05-20 13:12 INFO     n_training: 157
05-20 13:12 INFO     Client: 6 Epoch: 0 Loss: 0.7543569110381375
05-20 13:12 INFO     Client: 6 Epoch: 1 Loss: 0.2823814765852728
05-20 13:12 INFO     Client: 6 Epoch: 2 Loss: 0.1450989935191194
05-20 13:12 INFO     Client: 6 Epoch: 3 Loss: 0.11605855969676546
05-20 13:12 INFO     Client: 6 Epoch: 4 Loss: 0.07038867722745913
05-20 13:12 INFO      ** Client: 6 Training complete **
05-20 13:12 INFO     Training network 7 n_training: 10000
05-20 13:12 INFO     Training network 7
05-20 13:12 INFO     n_training: 157
05-20 13:13 INFO     Client: 7 Epoch: 0 Loss: 0.7710115157874526
05-20 13:13 INFO     Client: 7 Epoch: 1 Loss: 0.28730674211386664
05-20 13:13 INFO     Client: 7 Epoch: 2 Loss: 0.15281778543143515
05-20 13:13 INFO     Client: 7 Epoch: 3 Loss: 0.0984885742662439
05-20 13:13 INFO     Client: 7 Epoch: 4 Loss: 0.07639835308644043
05-20 13:13 INFO      ** Client: 7 Training complete **
05-20 13:13 INFO     Training network 8 n_training: 10000
05-20 13:13 INFO     Training network 8
05-20 13:13 INFO     n_training: 157
05-20 13:14 INFO     Client: 8 Epoch: 0 Loss: 0.7403106788161454
05-20 13:14 INFO     Client: 8 Epoch: 1 Loss: 0.25495685608523666
05-20 13:14 INFO     Client: 8 Epoch: 2 Loss: 0.14499273642328134
05-20 13:14 INFO     Client: 8 Epoch: 3 Loss: 0.09681693173850038
05-20 13:14 INFO     Client: 8 Epoch: 4 Loss: 0.0688240516005428
05-20 13:14 INFO      ** Client: 8 Training complete **
05-20 13:14 INFO     Training network 9 n_training: 10000
05-20 13:14 INFO     Training network 9
05-20 13:14 INFO     n_training: 157
05-20 13:15 INFO     Client: 9 Epoch: 0 Loss: 0.7266007519451676
05-20 13:15 INFO     Client: 9 Epoch: 1 Loss: 0.2492191909699683
05-20 13:15 INFO     Client: 9 Epoch: 2 Loss: 0.1294161809762572
05-20 13:15 INFO     Client: 9 Epoch: 3 Loss: 0.08795996927389294
05-20 13:15 INFO     Client: 9 Epoch: 4 Loss: 0.07235727609864845
05-20 13:15 INFO      ** Client: 9 Training complete **
05-20 13:15 INFO     global n_training: 1563
05-20 13:15 INFO     global n_test: 157
05-20 13:16 INFO     >> Global Model Train accuracy: 0.8349, Train accuracy top-5: 0.9698
05-20 13:16 INFO     >> Global Model Test accuracy: 0.4421, Test accuracy top-5: 0.6880
05-20 13:16 INFO     >> Global Model Train loss: 0.5792
05-20 13:16 INFO     in comm round:11
05-20 13:16 INFO     Training network 0 n_training: 10000
05-20 13:16 INFO     Training network 0
05-20 13:16 INFO     n_training: 157
05-20 13:17 INFO     Client: 0 Epoch: 0 Loss: 0.717476050755021
05-20 13:17 INFO     Client: 0 Epoch: 1 Loss: 0.2646185695935207
05-20 13:17 INFO     Client: 0 Epoch: 2 Loss: 0.12926478157187724
05-20 13:17 INFO     Client: 0 Epoch: 3 Loss: 0.08751233752555908
05-20 13:17 INFO     Client: 0 Epoch: 4 Loss: 0.0659944532189969
05-20 13:17 INFO      ** Client: 0 Training complete **
05-20 13:17 INFO     Training network 1 n_training: 10000
05-20 13:17 INFO     Training network 1
05-20 13:17 INFO     n_training: 157
05-20 13:18 INFO     Client: 1 Epoch: 0 Loss: 0.6843313679193995
05-20 13:18 INFO     Client: 1 Epoch: 1 Loss: 0.264547649842159
05-20 13:18 INFO     Client: 1 Epoch: 2 Loss: 0.1382564087012771
05-20 13:18 INFO     Client: 1 Epoch: 3 Loss: 0.09172368422150612
05-20 13:18 INFO     Client: 1 Epoch: 4 Loss: 0.06409549032142207
05-20 13:18 INFO      ** Client: 1 Training complete **
05-20 13:18 INFO     Training network 2 n_training: 10000
05-20 13:18 INFO     Training network 2
05-20 13:18 INFO     n_training: 157
05-20 13:19 INFO     Client: 2 Epoch: 0 Loss: 0.6743665724802929
05-20 13:19 INFO     Client: 2 Epoch: 1 Loss: 0.2513376835045541
05-20 13:19 INFO     Client: 2 Epoch: 2 Loss: 0.14075358053016815
05-20 13:19 INFO     Client: 2 Epoch: 3 Loss: 0.0891072120114117
05-20 13:19 INFO     Client: 2 Epoch: 4 Loss: 0.07183936609631511
05-20 13:19 INFO      ** Client: 2 Training complete **
05-20 13:19 INFO     Training network 3 n_training: 10000
05-20 13:19 INFO     Training network 3
05-20 13:19 INFO     n_training: 157
05-20 13:19 INFO     Client: 3 Epoch: 0 Loss: 0.6900101886813048
05-20 13:20 INFO     Client: 3 Epoch: 1 Loss: 0.24251485535293626
05-20 13:20 INFO     Client: 3 Epoch: 2 Loss: 0.12742949234452217
05-20 13:20 INFO     Client: 3 Epoch: 3 Loss: 0.08787947840941181
05-20 13:20 INFO     Client: 3 Epoch: 4 Loss: 0.062079109358275014
05-20 13:20 INFO      ** Client: 3 Training complete **
05-20 13:20 INFO     Training network 4 n_training: 10000
05-20 13:20 INFO     Training network 4
05-20 13:20 INFO     n_training: 157
05-20 13:20 INFO     Client: 4 Epoch: 0 Loss: 0.6540361705479348
05-20 13:21 INFO     Client: 4 Epoch: 1 Loss: 0.2631684640410599
05-20 13:21 INFO     Client: 4 Epoch: 2 Loss: 0.13874178410620447
05-20 13:21 INFO     Client: 4 Epoch: 3 Loss: 0.08246742447565315
05-20 13:21 INFO     Client: 4 Epoch: 4 Loss: 0.06613247737193563
05-20 13:21 INFO      ** Client: 4 Training complete **
05-20 13:21 INFO     Training network 5 n_training: 10000
05-20 13:21 INFO     Training network 5
05-20 13:21 INFO     n_training: 157
05-20 13:21 INFO     Client: 5 Epoch: 0 Loss: 0.6462829420521001
05-20 13:22 INFO     Client: 5 Epoch: 1 Loss: 0.22924897777047126
05-20 13:22 INFO     Client: 5 Epoch: 2 Loss: 0.1288196710264607
05-20 13:22 INFO     Client: 5 Epoch: 3 Loss: 0.08464336753555923
05-20 13:22 INFO     Client: 5 Epoch: 4 Loss: 0.06176039919399532
05-20 13:22 INFO      ** Client: 5 Training complete **
05-20 13:22 INFO     Training network 6 n_training: 10000
05-20 13:22 INFO     Training network 6
05-20 13:22 INFO     n_training: 157
05-20 13:22 INFO     Client: 6 Epoch: 0 Loss: 0.6301227257509899
05-20 13:23 INFO     Client: 6 Epoch: 1 Loss: 0.2348979431068062
05-20 13:23 INFO     Client: 6 Epoch: 2 Loss: 0.12620445345617404
05-20 13:23 INFO     Client: 6 Epoch: 3 Loss: 0.09299029789532826
05-20 13:23 INFO     Client: 6 Epoch: 4 Loss: 0.07883075081333993
05-20 13:23 INFO      ** Client: 6 Training complete **
05-20 13:23 INFO     Training network 7 n_training: 10000
05-20 13:23 INFO     Training network 7
05-20 13:23 INFO     n_training: 157
05-20 13:23 INFO     Client: 7 Epoch: 0 Loss: 0.6616664580099142
05-20 13:24 INFO     Client: 7 Epoch: 1 Loss: 0.2519851991325427
05-20 13:24 INFO     Client: 7 Epoch: 2 Loss: 0.13097565160815122
05-20 13:24 INFO     Client: 7 Epoch: 3 Loss: 0.08818504843077841
05-20 13:24 INFO     Client: 7 Epoch: 4 Loss: 0.060967539217631525
05-20 13:24 INFO      ** Client: 7 Training complete **
05-20 13:24 INFO     Training network 8 n_training: 10000
05-20 13:24 INFO     Training network 8
05-20 13:24 INFO     n_training: 157
05-20 13:24 INFO     Client: 8 Epoch: 0 Loss: 0.6161317483634706
05-20 13:25 INFO     Client: 8 Epoch: 1 Loss: 0.22645249711290286
05-20 13:25 INFO     Client: 8 Epoch: 2 Loss: 0.11953170820596112
05-20 13:25 INFO     Client: 8 Epoch: 3 Loss: 0.08622373860020927
05-20 13:25 INFO     Client: 8 Epoch: 4 Loss: 0.0662467596328752
05-20 13:25 INFO      ** Client: 8 Training complete **
05-20 13:25 INFO     Training network 9 n_training: 10000
05-20 13:25 INFO     Training network 9
05-20 13:25 INFO     n_training: 157
05-20 13:25 INFO     Client: 9 Epoch: 0 Loss: 0.6226073873650496
05-20 13:26 INFO     Client: 9 Epoch: 1 Loss: 0.24419602585636127
05-20 13:26 INFO     Client: 9 Epoch: 2 Loss: 0.11822281006699914
05-20 13:26 INFO     Client: 9 Epoch: 3 Loss: 0.07795193316830192
05-20 13:26 INFO     Client: 9 Epoch: 4 Loss: 0.05453097400297025
05-20 13:26 INFO      ** Client: 9 Training complete **
05-20 13:26 INFO     global n_training: 1563
05-20 13:26 INFO     global n_test: 157
05-20 13:27 INFO     >> Global Model Train accuracy: 0.8554, Train accuracy top-5: 0.9762
05-20 13:27 INFO     >> Global Model Test accuracy: 0.4449, Test accuracy top-5: 0.6828
05-20 13:27 INFO     >> Global Model Train loss: 0.5096
05-20 13:27 INFO     in comm round:12
05-20 13:27 INFO     Training network 0 n_training: 10000
05-20 13:27 INFO     Training network 0
05-20 13:27 INFO     n_training: 157
05-20 13:27 INFO     Client: 0 Epoch: 0 Loss: 0.6053338631702836
05-20 13:27 INFO     Client: 0 Epoch: 1 Loss: 0.21265359792360075
05-20 13:28 INFO     Client: 0 Epoch: 2 Loss: 0.10429621632596489
05-20 13:28 INFO     Client: 0 Epoch: 3 Loss: 0.07542990798213679
05-20 13:28 INFO     Client: 0 Epoch: 4 Loss: 0.05182029523999448
05-20 13:28 INFO      ** Client: 0 Training complete **
05-20 13:28 INFO     Training network 1 n_training: 10000
05-20 13:28 INFO     Training network 1
05-20 13:28 INFO     n_training: 157
05-20 13:28 INFO     Client: 1 Epoch: 0 Loss: 0.6032479862878277
05-20 13:28 INFO     Client: 1 Epoch: 1 Loss: 0.22782785787134413
