03-17 16:49 INFO     cuda:0
03-17 16:49 INFO     Command Line Arguments: 
{
    "epochs": 5,
    "comm_round": 50,
    "sample_fraction": 1.0,
    "alpha": 1e+200,
    "dataset": "cifar100",
    "datadir": "../data/",
    "partition": "subsample",
    "alg": "sflv2",
    "model": "resnet-18",
    "n_parties": 2,
    "lr": 0.01,
    "mu": 1,
    "std_coeff": 2.5,
    "unif_coeff": 0.5,
    "batch_size": 128,
    "load_first_net": 1,
    "pool_option": "FIFO",
    "model_buffer_size": 1,
    "optimizer": "sgd",
    "simp_width": 1,
    "out_dim": 256,
    "reg": 0.0005,
    "temperature": 0.5,
    "logdir": "./",
    "log_file_name": "logs/experiment_log-alg=sflv2_partition=subsample_lr=0.01_epochs=5_num_users=2_beta=1e+200_batch_size=128_opt=sgd_dataset=cifar100_2024-03-17-1649-42",
    "seed": 12,
    "device": "cuda:0"
}
03-17 16:49 INFO     Data statistics: {0: {0: 43, 1: 50, 2: 61, 3: 45, 4: 53, 5: 44, 6: 50, 7: 40, 8: 56, 9: 56, 10: 42, 11: 59, 12: 41, 13: 50, 14: 46, 15: 44, 16: 39, 17: 54, 18: 50, 19: 51, 20: 58, 21: 48, 22: 53, 23: 47, 24: 41, 25: 47, 26: 48, 27: 54, 28: 46, 29: 53, 30: 41, 31: 60, 32: 55, 33: 44, 34: 48, 35: 45, 36: 58, 37: 61, 38: 51, 39: 50, 40: 41, 41: 62, 42: 45, 43: 60, 44: 51, 45: 47, 46: 61, 47: 57, 48: 47, 49: 56, 50: 50, 51: 57, 52: 49, 53: 50, 54: 41, 55: 56, 56: 56, 57: 58, 58: 43, 59: 49, 60: 56, 61: 35, 62: 48, 63: 43, 64: 47, 65: 43, 66: 59, 67: 46, 68: 52, 69: 54, 70: 61, 71: 52, 72: 51, 73: 47, 74: 45, 75: 58, 76: 44, 77: 55, 78: 45, 79: 45, 80: 55, 81: 50, 82: 53, 83: 45, 84: 34, 85: 51, 86: 59, 87: 56, 88: 49, 89: 50, 90: 44, 91: 53, 92: 58, 93: 33, 94: 52, 95: 54, 96: 44, 97: 46, 98: 55, 99: 55}, 1: {0: 84, 1: 88, 2: 65, 3: 86, 4: 84, 5: 84, 6: 72, 7: 79, 8: 83, 9: 79, 10: 71, 11: 75, 12: 91, 13: 79, 14: 85, 15: 82, 16: 80, 17: 87, 18: 95, 19: 68, 20: 69, 21: 79, 22: 78, 23: 76, 24: 87, 25: 65, 26: 87, 27: 65, 28: 83, 29: 87, 30: 78, 31: 76, 32: 85, 33: 75, 34: 80, 35: 93, 36: 87, 37: 82, 38: 81, 39: 79, 40: 85, 41: 75, 42: 81, 43: 80, 44: 78, 45: 83, 46: 71, 47: 84, 48: 81, 49: 80, 50: 72, 51: 80, 52: 81, 53: 79, 54: 85, 55: 85, 56: 88, 57: 74, 58: 71, 59: 69, 60: 85, 61: 84, 62: 76, 63: 86, 64: 78, 65: 86, 66: 90, 67: 81, 68: 81, 69: 77, 70: 78, 71: 81, 72: 78, 73: 83, 74: 81, 75: 84, 76: 83, 77: 77, 78: 71, 79: 83, 80: 74, 81: 78, 82: 84, 83: 87, 84: 85, 85: 78, 86: 80, 87: 77, 88: 82, 89: 81, 90: 76, 91: 65, 92: 80, 93: 85, 94: 75, 95: 86, 96: 77, 97: 78, 98: 70, 99: 88}}
03-17 16:49 INFO     in comm round:0
03-17 16:49 INFO     Training network 0 n_training: 5000
03-17 16:49 INFO     Training network 0
03-17 16:49 INFO     n_training: 39
03-17 16:49 INFO     Client: 0 Epoch: 0 Loss: 4.408968998835637
03-17 16:49 INFO     Client: 0 Epoch: 1 Loss: 3.935383998430692
03-17 16:49 INFO     Client: 0 Epoch: 2 Loss: 3.701576379629282
03-17 16:49 INFO     Client: 0 Epoch: 3 Loss: 3.54311797557733
03-17 16:49 INFO     Client: 0 Epoch: 4 Loss: 3.3558166271600967
03-17 16:49 INFO      ** Client: 0 Training complete **
03-17 16:49 INFO     Training network 1 n_training: 8000
03-17 16:49 INFO     Training network 1
03-17 16:49 INFO     n_training: 62
03-17 16:50 INFO     Client: 1 Epoch: 0 Loss: 4.163615176754613
03-17 16:50 INFO     Client: 1 Epoch: 1 Loss: 3.750874973112537
03-17 16:50 INFO     Client: 1 Epoch: 2 Loss: 3.4995105035843386
03-17 16:50 INFO     Client: 1 Epoch: 3 Loss: 3.3158357604857414
03-17 16:50 INFO     Client: 1 Epoch: 4 Loss: 3.1483519461847123
03-17 16:50 INFO      ** Client: 1 Training complete **
03-17 16:50 INFO     global n_training: 390
03-17 16:50 INFO     global n_test: 79
03-17 16:50 INFO     >> Global Model Train accuracy: 0.0916, Train accuracy top-5: 0.2734
03-17 16:50 INFO     >> Global Model Test accuracy: 0.1039, Test accuracy top-5: 0.3015
03-17 16:50 INFO     >> Global Model Train loss: 4.0986
03-17 16:50 INFO     in comm round:1
03-17 16:50 INFO     Training network 0 n_training: 5000
03-17 16:50 INFO     Training network 0
03-17 16:50 INFO     n_training: 39
03-17 16:50 INFO     Client: 0 Epoch: 0 Loss: 3.299638509750366
03-17 16:50 INFO     Client: 0 Epoch: 1 Loss: 3.0725529988606772
03-17 16:50 INFO     Client: 0 Epoch: 2 Loss: 2.9054939563457785
03-17 16:50 INFO     Client: 0 Epoch: 3 Loss: 2.7259744375179977
03-17 16:50 INFO     Client: 0 Epoch: 4 Loss: 2.5696997275719275
03-17 16:50 INFO      ** Client: 0 Training complete **
03-17 16:50 INFO     Training network 1 n_training: 8000
03-17 16:50 INFO     Training network 1
03-17 16:50 INFO     n_training: 62
03-17 16:50 INFO     Client: 1 Epoch: 0 Loss: 3.2978423257027902
03-17 16:50 INFO     Client: 1 Epoch: 1 Loss: 3.0194135135219944
03-17 16:50 INFO     Client: 1 Epoch: 2 Loss: 2.8391735476832234
03-17 16:50 INFO     Client: 1 Epoch: 3 Loss: 2.685170554345654
03-17 16:50 INFO     Client: 1 Epoch: 4 Loss: 2.5031382345384166
03-17 16:50 INFO      ** Client: 1 Training complete **
03-17 16:50 INFO     global n_training: 390
03-17 16:50 INFO     global n_test: 79
03-17 16:50 INFO     >> Global Model Train accuracy: 0.2909, Train accuracy top-5: 0.6020
03-17 16:50 INFO     >> Global Model Test accuracy: 0.2891, Test accuracy top-5: 0.5942
03-17 16:50 INFO     >> Global Model Train loss: 2.8427
03-17 16:50 INFO     in comm round:2
03-17 16:50 INFO     Training network 0 n_training: 5000
03-17 16:50 INFO     Training network 0
03-17 16:50 INFO     n_training: 39
03-17 16:50 INFO     Client: 0 Epoch: 0 Loss: 2.5537172769888854
03-17 16:50 INFO     Client: 0 Epoch: 1 Loss: 2.3892981089078464
03-17 16:50 INFO     Client: 0 Epoch: 2 Loss: 2.2662937824542704
03-17 16:50 INFO     Client: 0 Epoch: 3 Loss: 2.1141285407237516
03-17 16:50 INFO     Client: 0 Epoch: 4 Loss: 1.9917862598712628
03-17 16:50 INFO      ** Client: 0 Training complete **
03-17 16:50 INFO     Training network 1 n_training: 8000
03-17 16:50 INFO     Training network 1
03-17 16:50 INFO     n_training: 62
03-17 16:50 INFO     Client: 1 Epoch: 0 Loss: 2.6136496490047825
03-17 16:50 INFO     Client: 1 Epoch: 1 Loss: 2.422381668321548
03-17 16:51 INFO     Client: 1 Epoch: 2 Loss: 2.2750098974474016
03-17 16:51 INFO     Client: 1 Epoch: 3 Loss: 2.130045014043008
03-17 16:51 INFO     Client: 1 Epoch: 4 Loss: 1.9890525129533583
03-17 16:51 INFO      ** Client: 1 Training complete **
03-17 16:51 INFO     global n_training: 390
03-17 16:51 INFO     global n_test: 79
03-17 16:51 INFO     >> Global Model Train accuracy: 0.3688, Train accuracy top-5: 0.6863
03-17 16:51 INFO     >> Global Model Test accuracy: 0.3553, Test accuracy top-5: 0.6735
03-17 16:51 INFO     >> Global Model Train loss: 2.5066
03-17 16:51 INFO     in comm round:3
03-17 16:51 INFO     Training network 0 n_training: 5000
03-17 16:51 INFO     Training network 0
03-17 16:51 INFO     n_training: 39
03-17 16:51 INFO     Client: 0 Epoch: 0 Loss: 2.0262180322255845
03-17 16:51 INFO     Client: 0 Epoch: 1 Loss: 1.8920046427311041
03-17 16:51 INFO     Client: 0 Epoch: 2 Loss: 1.787557351283538
03-17 16:51 INFO     Client: 0 Epoch: 3 Loss: 1.595083392583407
03-17 16:51 INFO     Client: 0 Epoch: 4 Loss: 1.4632709668232844
03-17 16:51 INFO      ** Client: 0 Training complete **
03-17 16:51 INFO     Training network 1 n_training: 8000
03-17 16:51 INFO     Training network 1
03-17 16:51 INFO     n_training: 62
03-17 16:51 INFO     Client: 1 Epoch: 0 Loss: 2.149483048146771
03-17 16:51 INFO     Client: 1 Epoch: 1 Loss: 1.9769815937165292
03-17 16:51 INFO     Client: 1 Epoch: 2 Loss: 1.846941924864246
03-17 16:51 INFO     Client: 1 Epoch: 3 Loss: 1.724825422610006
03-17 16:51 INFO     Client: 1 Epoch: 4 Loss: 1.6052586666999324
03-17 16:51 INFO      ** Client: 1 Training complete **
03-17 16:51 INFO     global n_training: 390
03-17 16:51 INFO     global n_test: 79
03-17 16:51 INFO     >> Global Model Train accuracy: 0.4377, Train accuracy top-5: 0.7508
03-17 16:51 INFO     >> Global Model Test accuracy: 0.4103, Test accuracy top-5: 0.7251
03-17 16:51 INFO     >> Global Model Train loss: 2.1768
03-17 16:51 INFO     in comm round:4
03-17 16:51 INFO     Training network 0 n_training: 5000
03-17 16:51 INFO     Training network 0
03-17 16:51 INFO     n_training: 39
03-17 16:51 INFO     Client: 0 Epoch: 0 Loss: 1.6153988746496348
03-17 16:51 INFO     Client: 0 Epoch: 1 Loss: 1.4627225582416241
03-17 16:51 INFO     Client: 0 Epoch: 2 Loss: 1.2960493656305165
03-17 16:51 INFO     Client: 0 Epoch: 3 Loss: 1.153525554216825
03-17 16:51 INFO     Client: 0 Epoch: 4 Loss: 1.0563691426546147
03-17 16:51 INFO      ** Client: 0 Training complete **
03-17 16:51 INFO     Training network 1 n_training: 8000
03-17 16:51 INFO     Training network 1
03-17 16:51 INFO     n_training: 62
03-17 16:51 INFO     Client: 1 Epoch: 0 Loss: 1.765121083105764
03-17 16:51 INFO     Client: 1 Epoch: 1 Loss: 1.6075266176654446
03-17 16:51 INFO     Client: 1 Epoch: 2 Loss: 1.4722702618568175
03-17 16:51 INFO     Client: 1 Epoch: 3 Loss: 1.3489406089628897
03-17 16:52 INFO     Client: 1 Epoch: 4 Loss: 1.2507530335457093
03-17 16:52 INFO      ** Client: 1 Training complete **
03-17 16:52 INFO     global n_training: 390
03-17 16:52 INFO     global n_test: 79
03-17 16:52 INFO     >> Global Model Train accuracy: 0.4776, Train accuracy top-5: 0.7770
03-17 16:52 INFO     >> Global Model Test accuracy: 0.4286, Test accuracy top-5: 0.7441
03-17 16:52 INFO     >> Global Model Train loss: 2.0588
03-17 16:52 INFO     in comm round:5
03-17 16:52 INFO     Training network 0 n_training: 5000
03-17 16:52 INFO     Training network 0
03-17 16:52 INFO     n_training: 39
03-17 16:52 INFO     Client: 0 Epoch: 0 Loss: 1.2403526779932854
03-17 16:52 INFO     Client: 0 Epoch: 1 Loss: 1.1240613705072648
03-17 16:52 INFO     Client: 0 Epoch: 2 Loss: 0.9721275415176001
03-17 16:52 INFO     Client: 0 Epoch: 3 Loss: 0.8128302632234036
03-17 16:52 INFO     Client: 0 Epoch: 4 Loss: 0.7063733782523718
03-17 16:52 INFO      ** Client: 0 Training complete **
03-17 16:52 INFO     Training network 1 n_training: 8000
03-17 16:52 INFO     Training network 1
03-17 16:52 INFO     n_training: 62
03-17 16:52 INFO     Client: 1 Epoch: 0 Loss: 1.4343984040521807
03-17 16:52 INFO     Client: 1 Epoch: 1 Loss: 1.3281255345190726
03-17 16:52 INFO     Client: 1 Epoch: 2 Loss: 1.171537495428516
03-17 16:52 INFO     Client: 1 Epoch: 3 Loss: 1.040888471949485
03-17 16:52 INFO     Client: 1 Epoch: 4 Loss: 0.9454057649258645
03-17 16:52 INFO      ** Client: 1 Training complete **
03-17 16:52 INFO     global n_training: 390
03-17 16:52 INFO     global n_test: 79
03-17 16:52 INFO     >> Global Model Train accuracy: 0.4993, Train accuracy top-5: 0.7909
03-17 16:52 INFO     >> Global Model Test accuracy: 0.4485, Test accuracy top-5: 0.7471
03-17 16:52 INFO     >> Global Model Train loss: 1.9983
03-17 16:52 INFO     in comm round:6
03-17 16:52 INFO     Training network 0 n_training: 5000
03-17 16:52 INFO     Training network 0
03-17 16:52 INFO     n_training: 39
03-17 16:52 INFO     Client: 0 Epoch: 0 Loss: 0.9463112384845049
03-17 16:52 INFO     Client: 0 Epoch: 1 Loss: 0.8186777310493665
03-17 16:52 INFO     Client: 0 Epoch: 2 Loss: 0.682777178593171
03-17 16:52 INFO     Client: 0 Epoch: 3 Loss: 0.5725446855410551
03-17 16:52 INFO     Client: 0 Epoch: 4 Loss: 0.4706977598178081
03-17 16:52 INFO      ** Client: 0 Training complete **
03-17 16:52 INFO     Training network 1 n_training: 8000
03-17 16:52 INFO     Training network 1
03-17 16:52 INFO     n_training: 62
03-17 16:52 INFO     Client: 1 Epoch: 0 Loss: 1.155790599123124
03-17 16:52 INFO     Client: 1 Epoch: 1 Loss: 1.0491756104653882
03-17 16:52 INFO     Client: 1 Epoch: 2 Loss: 0.8929330197072798
03-17 16:52 INFO     Client: 1 Epoch: 3 Loss: 0.7860479027994217
03-17 16:52 INFO     Client: 1 Epoch: 4 Loss: 0.6785843333890361
03-17 16:52 INFO      ** Client: 1 Training complete **
03-17 16:52 INFO     global n_training: 390
03-17 16:52 INFO     global n_test: 79
03-17 16:53 INFO     >> Global Model Train accuracy: 0.5490, Train accuracy top-5: 0.8219
03-17 16:53 INFO     >> Global Model Test accuracy: 0.4749, Test accuracy top-5: 0.7786
03-17 16:53 INFO     >> Global Model Train loss: 1.8404
03-17 16:53 INFO     in comm round:7
03-17 16:53 INFO     Training network 0 n_training: 5000
03-17 16:53 INFO     Training network 0
03-17 16:53 INFO     n_training: 39
03-17 16:53 INFO     Client: 0 Epoch: 0 Loss: 0.6987801087208283
03-17 16:53 INFO     Client: 0 Epoch: 1 Loss: 0.5884047440993481
03-17 16:53 INFO     Client: 0 Epoch: 2 Loss: 0.4778771041295467
03-17 16:53 INFO     Client: 0 Epoch: 3 Loss: 0.3865061967800825
03-17 16:53 INFO     Client: 0 Epoch: 4 Loss: 0.3158715520149622
03-17 16:53 INFO      ** Client: 0 Training complete **
03-17 16:53 INFO     Training network 1 n_training: 8000
03-17 16:53 INFO     Training network 1
03-17 16:53 INFO     n_training: 62
03-17 16:53 INFO     Client: 1 Epoch: 0 Loss: 0.9227929817092034
03-17 16:53 INFO     Client: 1 Epoch: 1 Loss: 0.7947602195124472
03-17 16:53 INFO     Client: 1 Epoch: 2 Loss: 0.672918698960735
03-17 16:53 INFO     Client: 1 Epoch: 3 Loss: 0.5778330103043587
03-17 16:53 INFO     Client: 1 Epoch: 4 Loss: 0.4721903863453096
03-17 16:53 INFO      ** Client: 1 Training complete **
03-17 16:53 INFO     global n_training: 390
03-17 16:53 INFO     global n_test: 79
03-17 16:53 INFO     >> Global Model Train accuracy: 0.5692, Train accuracy top-5: 0.8278
03-17 16:53 INFO     >> Global Model Test accuracy: 0.4877, Test accuracy top-5: 0.7860
03-17 16:53 INFO     >> Global Model Train loss: 1.8574
03-17 16:53 INFO     in comm round:8
03-17 16:53 INFO     Training network 0 n_training: 5000
03-17 16:53 INFO     Training network 0
03-17 16:53 INFO     n_training: 39
03-17 16:53 INFO     Client: 0 Epoch: 0 Loss: 0.5539808632471622
03-17 16:53 INFO     Client: 0 Epoch: 1 Loss: 0.44382713391230655
03-17 16:53 INFO     Client: 0 Epoch: 2 Loss: 0.34132080926344943
03-17 16:53 INFO     Client: 0 Epoch: 3 Loss: 0.2469243456919988
03-17 16:53 INFO     Client: 0 Epoch: 4 Loss: 0.1913604010374118
03-17 16:53 INFO      ** Client: 0 Training complete **
03-17 16:53 INFO     Training network 1 n_training: 8000
03-17 16:53 INFO     Training network 1
03-17 16:53 INFO     n_training: 62
03-17 16:53 INFO     Client: 1 Epoch: 0 Loss: 0.6130228028182061
03-17 16:53 INFO     Client: 1 Epoch: 1 Loss: 0.5818222910165787
03-17 16:53 INFO     Client: 1 Epoch: 2 Loss: 0.4942346349839241
03-17 16:53 INFO     Client: 1 Epoch: 3 Loss: 0.4092674885065325
03-17 16:53 INFO     Client: 1 Epoch: 4 Loss: 0.3315611981576489
03-17 16:53 INFO      ** Client: 1 Training complete **
03-17 16:53 INFO     global n_training: 390
03-17 16:53 INFO     global n_test: 79
03-17 16:53 INFO     >> Global Model Train accuracy: 0.5943, Train accuracy top-5: 0.8358
03-17 16:53 INFO     >> Global Model Test accuracy: 0.4965, Test accuracy top-5: 0.7892
03-17 16:53 INFO     >> Global Model Train loss: 1.7626
03-17 16:53 INFO     in comm round:9
03-17 16:53 INFO     Training network 0 n_training: 5000
03-17 16:53 INFO     Training network 0
03-17 16:53 INFO     n_training: 39
03-17 16:54 INFO     Client: 0 Epoch: 0 Loss: 0.36695270011058223
03-17 16:54 INFO     Client: 0 Epoch: 1 Loss: 0.305212812928053
03-17 16:54 INFO     Client: 0 Epoch: 2 Loss: 0.24632736849479187
03-17 16:54 INFO     Client: 0 Epoch: 3 Loss: 0.18153539873086488
03-17 16:54 INFO     Client: 0 Epoch: 4 Loss: 0.13389155765374502
03-17 16:54 INFO      ** Client: 0 Training complete **
03-17 16:54 INFO     Training network 1 n_training: 8000
03-17 16:54 INFO     Training network 1
03-17 16:54 INFO     n_training: 62
03-17 16:54 INFO     Client: 1 Epoch: 0 Loss: 0.41590856376194185
03-17 16:54 INFO     Client: 1 Epoch: 1 Loss: 0.43371271510278026
03-17 16:54 INFO     Client: 1 Epoch: 2 Loss: 0.3446239355591036
03-17 16:54 INFO     Client: 1 Epoch: 3 Loss: 0.2745112839245027
03-17 16:54 INFO     Client: 1 Epoch: 4 Loss: 0.2121496390431158
03-17 16:54 INFO      ** Client: 1 Training complete **
03-17 16:54 INFO     global n_training: 390
03-17 16:54 INFO     global n_test: 79
03-17 16:54 INFO     >> Global Model Train accuracy: 0.6106, Train accuracy top-5: 0.8400
03-17 16:54 INFO     >> Global Model Test accuracy: 0.5015, Test accuracy top-5: 0.7933
03-17 16:54 INFO     >> Global Model Train loss: 1.7428
03-17 16:54 INFO     in comm round:10
03-17 16:54 INFO     Training network 0 n_training: 5000
03-17 16:54 INFO     Training network 0
03-17 16:54 INFO     n_training: 39
03-17 16:54 INFO     Client: 0 Epoch: 0 Loss: 0.27684210393673336
03-17 16:54 INFO     Client: 0 Epoch: 1 Loss: 0.20696522104434478
03-17 16:54 INFO     Client: 0 Epoch: 2 Loss: 0.1573670256214264
03-17 16:54 INFO     Client: 0 Epoch: 3 Loss: 0.11590889134468177
03-17 16:54 INFO     Client: 0 Epoch: 4 Loss: 0.0871510002284478
03-17 16:54 INFO      ** Client: 0 Training complete **
03-17 16:54 INFO     Training network 1 n_training: 8000
03-17 16:54 INFO     Training network 1
03-17 16:54 INFO     n_training: 62
03-17 16:54 INFO     Client: 1 Epoch: 0 Loss: 0.3094702228423088
03-17 16:54 INFO     Client: 1 Epoch: 1 Loss: 0.2925440111467915
03-17 16:54 INFO     Client: 1 Epoch: 2 Loss: 0.23287674880796863
03-17 16:54 INFO     Client: 1 Epoch: 3 Loss: 0.17232869409265056
03-17 16:54 INFO     Client: 1 Epoch: 4 Loss: 0.1402752397041167
03-17 16:54 INFO      ** Client: 1 Training complete **
03-17 16:54 INFO     global n_training: 390
03-17 16:54 INFO     global n_test: 79
03-17 16:54 INFO     >> Global Model Train accuracy: 0.6182, Train accuracy top-5: 0.8400
03-17 16:54 INFO     >> Global Model Test accuracy: 0.5043, Test accuracy top-5: 0.7925
03-17 16:54 INFO     >> Global Model Train loss: 1.7541
03-17 16:54 INFO     in comm round:11
03-17 16:54 INFO     Training network 0 n_training: 5000
03-17 16:54 INFO     Training network 0
03-17 16:54 INFO     n_training: 39
03-17 16:54 INFO     Client: 0 Epoch: 0 Loss: 0.20203658021413362
03-17 16:54 INFO     Client: 0 Epoch: 1 Loss: 0.17592731079994103
03-17 16:54 INFO     Client: 0 Epoch: 2 Loss: 0.12411688134456292
03-17 16:54 INFO     Client: 0 Epoch: 3 Loss: 0.09157583566430287
03-17 16:55 INFO     Client: 0 Epoch: 4 Loss: 0.05701084750202986
03-17 16:55 INFO      ** Client: 0 Training complete **
03-17 16:55 INFO     Training network 1 n_training: 8000
03-17 16:55 INFO     Training network 1
03-17 16:55 INFO     n_training: 62
03-17 16:55 INFO     Client: 1 Epoch: 0 Loss: 0.1683511200451082
03-17 16:55 INFO     Client: 1 Epoch: 1 Loss: 0.15423928369437495
03-17 16:55 INFO     Client: 1 Epoch: 2 Loss: 0.1467385158663796
03-17 16:55 INFO     Client: 1 Epoch: 3 Loss: 0.12502538004229147
03-17 16:55 INFO     Client: 1 Epoch: 4 Loss: 0.09365938303451385
03-17 16:55 INFO      ** Client: 1 Training complete **
03-17 16:55 INFO     global n_training: 390
03-17 16:55 INFO     global n_test: 79
03-17 16:55 INFO     >> Global Model Train accuracy: 0.6299, Train accuracy top-5: 0.8452
03-17 16:55 INFO     >> Global Model Test accuracy: 0.5192, Test accuracy top-5: 0.7998
03-17 16:55 INFO     >> Global Model Train loss: 1.7284
03-17 16:55 INFO     in comm round:12
03-17 16:55 INFO     Training network 0 n_training: 5000
03-17 16:55 INFO     Training network 0
03-17 16:55 INFO     n_training: 39
03-17 16:55 INFO     Client: 0 Epoch: 0 Loss: 0.11622146402414028
03-17 16:55 INFO     Client: 0 Epoch: 1 Loss: 0.12793890195779312
03-17 16:55 INFO     Client: 0 Epoch: 2 Loss: 0.09511273421156101
03-17 16:55 INFO     Client: 0 Epoch: 3 Loss: 0.06403841450810432
03-17 16:55 INFO     Client: 0 Epoch: 4 Loss: 0.050622355431700364
03-17 16:55 INFO      ** Client: 0 Training complete **
03-17 16:55 INFO     Training network 1 n_training: 8000
03-17 16:55 INFO     Training network 1
03-17 16:55 INFO     n_training: 62
03-17 16:55 INFO     Client: 1 Epoch: 0 Loss: 0.12812368643860664
03-17 16:55 INFO     Client: 1 Epoch: 1 Loss: 0.11255918172818999
03-17 16:55 INFO     Client: 1 Epoch: 2 Loss: 0.089193974170954
03-17 16:55 INFO     Client: 1 Epoch: 3 Loss: 0.07250808618001399
03-17 16:55 INFO     Client: 1 Epoch: 4 Loss: 0.05066689455340947
03-17 16:55 INFO      ** Client: 1 Training complete **
03-17 16:55 INFO     global n_training: 390
03-17 16:55 INFO     global n_test: 79
03-17 16:55 INFO     >> Global Model Train accuracy: 0.6312, Train accuracy top-5: 0.8415
03-17 16:55 INFO     >> Global Model Test accuracy: 0.5150, Test accuracy top-5: 0.7920
03-17 16:55 INFO     >> Global Model Train loss: 1.7371
03-17 16:55 INFO     in comm round:13
03-17 16:55 INFO     Training network 0 n_training: 5000
03-17 16:55 INFO     Training network 0
03-17 16:55 INFO     n_training: 39
03-17 16:55 INFO     Client: 0 Epoch: 0 Loss: 0.084553833764333
03-17 16:55 INFO     Client: 0 Epoch: 1 Loss: 0.06823725931537457
03-17 16:55 INFO     Client: 0 Epoch: 2 Loss: 0.0460686163069346
03-17 16:55 INFO     Client: 0 Epoch: 3 Loss: 0.035410830607781045
03-17 16:55 INFO     Client: 0 Epoch: 4 Loss: 0.028196266828439176
03-17 16:55 INFO      ** Client: 0 Training complete **
03-17 16:55 INFO     Training network 1 n_training: 8000
03-17 16:55 INFO     Training network 1
03-17 16:55 INFO     n_training: 62
03-17 16:55 INFO     Client: 1 Epoch: 0 Loss: 0.08343974452826285
03-17 16:56 INFO     Client: 1 Epoch: 1 Loss: 0.07597990219871845
03-17 16:56 INFO     Client: 1 Epoch: 2 Loss: 0.06104031637791665
03-17 16:56 INFO     Client: 1 Epoch: 3 Loss: 0.046287178482499816
03-17 16:56 INFO     Client: 1 Epoch: 4 Loss: 0.03477642862426658
03-17 16:56 INFO      ** Client: 1 Training complete **
03-17 16:56 INFO     global n_training: 390
03-17 16:56 INFO     global n_test: 79
03-17 16:56 INFO     >> Global Model Train accuracy: 0.6390, Train accuracy top-5: 0.8444
03-17 16:56 INFO     >> Global Model Test accuracy: 0.5213, Test accuracy top-5: 0.7999
03-17 16:56 INFO     >> Global Model Train loss: 1.7246
03-17 16:56 INFO     in comm round:14
03-17 16:56 INFO     Training network 0 n_training: 5000
03-17 16:56 INFO     Training network 0
03-17 16:56 INFO     n_training: 39
03-17 16:56 INFO     Client: 0 Epoch: 0 Loss: 0.05696036036197956
03-17 16:56 INFO     Client: 0 Epoch: 1 Loss: 0.04726918734227999
03-17 16:56 INFO     Client: 0 Epoch: 2 Loss: 0.03155876390444927
03-17 16:56 INFO     Client: 0 Epoch: 3 Loss: 0.022163361287078798
03-17 16:56 INFO     Client: 0 Epoch: 4 Loss: 0.01579958338959095
03-17 16:56 INFO      ** Client: 0 Training complete **
03-17 16:56 INFO     Training network 1 n_training: 8000
03-17 16:56 INFO     Training network 1
03-17 16:56 INFO     n_training: 62
03-17 16:56 INFO     Client: 1 Epoch: 0 Loss: 0.05372426027972852
03-17 16:56 INFO     Client: 1 Epoch: 1 Loss: 0.04322521547756849
03-17 16:56 INFO     Client: 1 Epoch: 2 Loss: 0.03200206998735666
03-17 16:56 INFO     Client: 1 Epoch: 3 Loss: 0.027163430147113338
03-17 16:56 INFO     Client: 1 Epoch: 4 Loss: 0.020197674541944457
03-17 16:56 INFO      ** Client: 1 Training complete **
03-17 16:56 INFO     global n_training: 390
03-17 16:56 INFO     global n_test: 79
03-17 16:56 INFO     >> Global Model Train accuracy: 0.6422, Train accuracy top-5: 0.8454
03-17 16:56 INFO     >> Global Model Test accuracy: 0.5269, Test accuracy top-5: 0.7992
03-17 16:56 INFO     >> Global Model Train loss: 1.7097
03-17 16:56 INFO     in comm round:15
03-17 16:56 INFO     Training network 0 n_training: 5000
03-17 16:56 INFO     Training network 0
03-17 16:56 INFO     n_training: 39
03-17 16:56 INFO     Client: 0 Epoch: 0 Loss: 0.039036574797370494
03-17 16:56 INFO     Client: 0 Epoch: 1 Loss: 0.03196275601975429
03-17 16:56 INFO     Client: 0 Epoch: 2 Loss: 0.023410238731556978
03-17 16:56 INFO     Client: 0 Epoch: 3 Loss: 0.02013333473736659
03-17 16:56 INFO     Client: 0 Epoch: 4 Loss: 0.019345024194663916
03-17 16:56 INFO      ** Client: 0 Training complete **
03-17 16:56 INFO     Training network 1 n_training: 8000
03-17 16:56 INFO     Training network 1
03-17 16:56 INFO     n_training: 62
03-17 16:56 INFO     Client: 1 Epoch: 0 Loss: 0.03467122459363553
03-17 16:56 INFO     Client: 1 Epoch: 1 Loss: 0.02984207114505191
03-17 16:56 INFO     Client: 1 Epoch: 2 Loss: 0.023157557667863947
03-17 16:57 INFO     Client: 1 Epoch: 3 Loss: 0.018723167764443542
03-17 16:57 INFO     Client: 1 Epoch: 4 Loss: 0.01503169706331626
03-17 16:57 INFO      ** Client: 1 Training complete **
03-17 16:57 INFO     global n_training: 390
03-17 16:57 INFO     global n_test: 79
03-17 16:57 INFO     >> Global Model Train accuracy: 0.6452, Train accuracy top-5: 0.8451
03-17 16:57 INFO     >> Global Model Test accuracy: 0.5306, Test accuracy top-5: 0.7983
03-17 16:57 INFO     >> Global Model Train loss: 1.7037
03-17 16:57 INFO     in comm round:16
03-17 16:57 INFO     Training network 0 n_training: 5000
03-17 16:57 INFO     Training network 0
03-17 16:57 INFO     n_training: 39
03-17 16:57 INFO     Client: 0 Epoch: 0 Loss: 0.029852689028932497
03-17 16:57 INFO     Client: 0 Epoch: 1 Loss: 0.022039695236927424
03-17 16:57 INFO     Client: 0 Epoch: 2 Loss: 0.017076073524852593
03-17 16:57 INFO     Client: 0 Epoch: 3 Loss: 0.016504798609858904
03-17 16:57 INFO     Client: 0 Epoch: 4 Loss: 0.01604297849086997
03-17 16:57 INFO      ** Client: 0 Training complete **
03-17 16:57 INFO     Training network 1 n_training: 8000
03-17 16:57 INFO     Training network 1
03-17 16:57 INFO     n_training: 62
03-17 16:57 INFO     Client: 1 Epoch: 0 Loss: 0.029844851157958468
03-17 16:57 INFO     Client: 1 Epoch: 1 Loss: 0.022961482405662537
03-17 16:57 INFO     Client: 1 Epoch: 2 Loss: 0.023745603558997953
03-17 16:57 INFO     Client: 1 Epoch: 3 Loss: 0.0178167054189309
03-17 16:57 INFO     Client: 1 Epoch: 4 Loss: 0.013288898333426445
03-17 16:57 INFO      ** Client: 1 Training complete **
03-17 16:57 INFO     global n_training: 390
03-17 16:57 INFO     global n_test: 79
03-17 16:57 INFO     >> Global Model Train accuracy: 0.6438, Train accuracy top-5: 0.8446
03-17 16:57 INFO     >> Global Model Test accuracy: 0.5285, Test accuracy top-5: 0.7980
03-17 16:57 INFO     >> Global Model Train loss: 1.7098
03-17 16:57 INFO     in comm round:17
03-17 16:57 INFO     Training network 0 n_training: 5000
03-17 16:57 INFO     Training network 0
03-17 16:57 INFO     n_training: 39
03-17 16:57 INFO     Client: 0 Epoch: 0 Loss: 0.029039916343604907
03-17 16:57 INFO     Client: 0 Epoch: 1 Loss: 0.021988541222153567
03-17 16:57 INFO     Client: 0 Epoch: 2 Loss: 0.017395765520632267
03-17 16:57 INFO     Client: 0 Epoch: 3 Loss: 0.013303251244509831
03-17 16:57 INFO     Client: 0 Epoch: 4 Loss: 0.01214502620486877
03-17 16:57 INFO      ** Client: 0 Training complete **
03-17 16:57 INFO     Training network 1 n_training: 8000
03-17 16:57 INFO     Training network 1
03-17 16:57 INFO     n_training: 62
03-17 16:57 INFO     Client: 1 Epoch: 0 Loss: 0.022633572109043598
03-17 16:57 INFO     Client: 1 Epoch: 1 Loss: 0.015296830735619991
03-17 16:57 INFO     Client: 1 Epoch: 2 Loss: 0.013406791438859316
03-17 16:57 INFO     Client: 1 Epoch: 3 Loss: 0.011642870575850528
03-17 16:58 INFO     Client: 1 Epoch: 4 Loss: 0.010755502603827946
03-17 16:58 INFO      ** Client: 1 Training complete **
03-17 16:58 INFO     global n_training: 390
03-17 16:58 INFO     global n_test: 79
03-17 16:58 INFO     >> Global Model Train accuracy: 0.6459, Train accuracy top-5: 0.8470
03-17 16:58 INFO     >> Global Model Test accuracy: 0.5320, Test accuracy top-5: 0.8007
03-17 16:58 INFO     >> Global Model Train loss: 1.6810
03-17 16:58 INFO     in comm round:18
03-17 16:58 INFO     Training network 0 n_training: 5000
03-17 16:58 INFO     Training network 0
03-17 16:58 INFO     n_training: 39
03-17 16:58 INFO     Client: 0 Epoch: 0 Loss: 0.02291754360955495
03-17 16:58 INFO     Client: 0 Epoch: 1 Loss: 0.017870826192964345
03-17 16:58 INFO     Client: 0 Epoch: 2 Loss: 0.013629222455888223
03-17 16:58 INFO     Client: 0 Epoch: 3 Loss: 0.011282901554249035
03-17 16:58 INFO     Client: 0 Epoch: 4 Loss: 0.00995244300709321
03-17 16:58 INFO      ** Client: 0 Training complete **
03-17 16:58 INFO     Training network 1 n_training: 8000
03-17 16:58 INFO     Training network 1
03-17 16:58 INFO     n_training: 62
03-17 16:58 INFO     Client: 1 Epoch: 0 Loss: 0.02086710217859476
03-17 16:58 INFO     Client: 1 Epoch: 1 Loss: 0.014872760887468053
03-17 16:58 INFO     Client: 1 Epoch: 2 Loss: 0.01283539715974081
03-17 16:58 INFO     Client: 1 Epoch: 3 Loss: 0.01209272441243933
03-17 16:58 INFO     Client: 1 Epoch: 4 Loss: 0.01073535701500312
03-17 16:58 INFO      ** Client: 1 Training complete **
03-17 16:58 INFO     global n_training: 390
03-17 16:58 INFO     global n_test: 79
03-17 16:58 INFO     >> Global Model Train accuracy: 0.6451, Train accuracy top-5: 0.8463
03-17 16:58 INFO     >> Global Model Test accuracy: 0.5317, Test accuracy top-5: 0.7993
03-17 16:58 INFO     >> Global Model Train loss: 1.6828
03-17 16:58 INFO     in comm round:19
03-17 16:58 INFO     Training network 0 n_training: 5000
03-17 16:58 INFO     Training network 0
03-17 16:58 INFO     n_training: 39
03-17 16:58 INFO     Client: 0 Epoch: 0 Loss: 0.021956728293727606
03-17 16:58 INFO     Client: 0 Epoch: 1 Loss: 0.01708225917835266
03-17 16:58 INFO     Client: 0 Epoch: 2 Loss: 0.013698047265792504
03-17 16:58 INFO     Client: 0 Epoch: 3 Loss: 0.011395586964984735
03-17 16:58 INFO     Client: 0 Epoch: 4 Loss: 0.009746427731349682
03-17 16:58 INFO      ** Client: 0 Training complete **
03-17 16:58 INFO     Training network 1 n_training: 8000
03-17 16:58 INFO     Training network 1
03-17 16:58 INFO     n_training: 62
03-17 16:58 INFO     Client: 1 Epoch: 0 Loss: 0.018787259371170113
03-17 16:58 INFO     Client: 1 Epoch: 1 Loss: 0.019405338672860976
03-17 16:58 INFO     Client: 1 Epoch: 2 Loss: 0.014318002523073265
03-17 16:58 INFO     Client: 1 Epoch: 3 Loss: 0.01248312659651762
03-17 16:58 INFO     Client: 1 Epoch: 4 Loss: 0.010266550080550293
03-17 16:58 INFO      ** Client: 1 Training complete **
03-17 16:58 INFO     global n_training: 390
03-17 16:58 INFO     global n_test: 79
03-17 16:59 INFO     >> Global Model Train accuracy: 0.6469, Train accuracy top-5: 0.8440
03-17 16:59 INFO     >> Global Model Test accuracy: 0.5305, Test accuracy top-5: 0.7977
03-17 16:59 INFO     >> Global Model Train loss: 1.6698
03-17 16:59 INFO     in comm round:20
03-17 16:59 INFO     Training network 0 n_training: 5000
03-17 16:59 INFO     Training network 0
03-17 16:59 INFO     n_training: 39
03-17 16:59 INFO     Client: 0 Epoch: 0 Loss: 0.018314184525456183
03-17 16:59 INFO     Client: 0 Epoch: 1 Loss: 0.01358534825535921
03-17 16:59 INFO     Client: 0 Epoch: 2 Loss: 0.010981951983502278
03-17 16:59 INFO     Client: 0 Epoch: 3 Loss: 0.011128850734959811
03-17 16:59 INFO     Client: 0 Epoch: 4 Loss: 0.00986299883478727
03-17 16:59 INFO      ** Client: 0 Training complete **
03-17 16:59 INFO     Training network 1 n_training: 8000
03-17 16:59 INFO     Training network 1
03-17 16:59 INFO     n_training: 62
03-17 16:59 INFO     Client: 1 Epoch: 0 Loss: 0.015634848465842587
03-17 16:59 INFO     Client: 1 Epoch: 1 Loss: 0.013820943400083531
03-17 16:59 INFO     Client: 1 Epoch: 2 Loss: 0.011373237458868854
03-17 16:59 INFO     Client: 1 Epoch: 3 Loss: 0.009983132615865718
03-17 16:59 INFO     Client: 1 Epoch: 4 Loss: 0.010075970365095043
03-17 16:59 INFO      ** Client: 1 Training complete **
03-17 16:59 INFO     global n_training: 390
03-17 16:59 INFO     global n_test: 79
03-17 16:59 INFO     >> Global Model Train accuracy: 0.6460, Train accuracy top-5: 0.8458
03-17 16:59 INFO     >> Global Model Test accuracy: 0.5298, Test accuracy top-5: 0.8000
03-17 16:59 INFO     >> Global Model Train loss: 1.6627
03-17 16:59 INFO     in comm round:21
03-17 16:59 INFO     Training network 0 n_training: 5000
03-17 16:59 INFO     Training network 0
03-17 16:59 INFO     n_training: 39
03-17 16:59 INFO     Client: 0 Epoch: 0 Loss: 0.017424623290888775
03-17 16:59 INFO     Client: 0 Epoch: 1 Loss: 0.012351317522235407
03-17 16:59 INFO     Client: 0 Epoch: 2 Loss: 0.010638481400047358
03-17 16:59 INFO     Client: 0 Epoch: 3 Loss: 0.008403382992419677
03-17 16:59 INFO     Client: 0 Epoch: 4 Loss: 0.008364852864104204
03-17 16:59 INFO      ** Client: 0 Training complete **
03-17 16:59 INFO     Training network 1 n_training: 8000
03-17 16:59 INFO     Training network 1
03-17 16:59 INFO     n_training: 62
03-17 16:59 INFO     Client: 1 Epoch: 0 Loss: 0.015540601415259222
03-17 16:59 INFO     Client: 1 Epoch: 1 Loss: 0.011941092148903877
03-17 16:59 INFO     Client: 1 Epoch: 2 Loss: 0.010904512758697233
03-17 16:59 INFO     Client: 1 Epoch: 3 Loss: 0.010022479537574033
03-17 16:59 INFO     Client: 1 Epoch: 4 Loss: 0.009357808796208232
03-17 16:59 INFO      ** Client: 1 Training complete **
03-17 16:59 INFO     global n_training: 390
03-17 16:59 INFO     global n_test: 79
03-17 16:59 INFO     >> Global Model Train accuracy: 0.6470, Train accuracy top-5: 0.8462
03-17 16:59 INFO     >> Global Model Test accuracy: 0.5309, Test accuracy top-5: 0.7973
03-17 16:59 INFO     >> Global Model Train loss: 1.6561
03-17 16:59 INFO     in comm round:22
03-17 16:59 INFO     Training network 0 n_training: 5000
03-17 16:59 INFO     Training network 0
03-17 16:59 INFO     n_training: 39
03-17 16:59 INFO     Client: 0 Epoch: 0 Loss: 0.018755818406740826
03-17 17:00 INFO     Client: 0 Epoch: 1 Loss: 0.012186909094452858
03-17 17:00 INFO     Client: 0 Epoch: 2 Loss: 0.00984504787872235
03-17 17:00 INFO     Client: 0 Epoch: 3 Loss: 0.008939012108991543
03-17 17:00 INFO     Client: 0 Epoch: 4 Loss: 0.008121269098363625
03-17 17:00 INFO      ** Client: 0 Training complete **
03-17 17:00 INFO     Training network 1 n_training: 8000
03-17 17:00 INFO     Training network 1
03-17 17:00 INFO     n_training: 62
03-17 17:00 INFO     Client: 1 Epoch: 0 Loss: 0.014210301871982313
03-17 17:00 INFO     Client: 1 Epoch: 1 Loss: 0.011829797298677506
03-17 17:00 INFO     Client: 1 Epoch: 2 Loss: 0.010121370425387737
03-17 17:00 INFO     Client: 1 Epoch: 3 Loss: 0.009915058298276798
03-17 17:00 INFO     Client: 1 Epoch: 4 Loss: 0.008931003788846635
03-17 17:00 INFO      ** Client: 1 Training complete **
03-17 17:00 INFO     global n_training: 390
03-17 17:00 INFO     global n_test: 79
03-17 17:00 INFO     >> Global Model Train accuracy: 0.6483, Train accuracy top-5: 0.8466
03-17 17:00 INFO     >> Global Model Test accuracy: 0.5324, Test accuracy top-5: 0.7985
03-17 17:00 INFO     >> Global Model Train loss: 1.6422
03-17 17:00 INFO     in comm round:23
03-17 17:00 INFO     Training network 0 n_training: 5000
03-17 17:00 INFO     Training network 0
03-17 17:00 INFO     n_training: 39
03-17 17:00 INFO     Client: 0 Epoch: 0 Loss: 0.015032447253664335
03-17 17:00 INFO     Client: 0 Epoch: 1 Loss: 0.011953269477742605
03-17 17:00 INFO     Client: 0 Epoch: 2 Loss: 0.009431573204123057
03-17 17:00 INFO     Client: 0 Epoch: 3 Loss: 0.008201239606699882
03-17 17:00 INFO     Client: 0 Epoch: 4 Loss: 0.007845154760453181
03-17 17:00 INFO      ** Client: 0 Training complete **
03-17 17:00 INFO     Training network 1 n_training: 8000
03-17 17:00 INFO     Training network 1
03-17 17:00 INFO     n_training: 62
03-17 17:00 INFO     Client: 1 Epoch: 0 Loss: 0.013153929233310683
03-17 17:00 INFO     Client: 1 Epoch: 1 Loss: 0.01028460018607157
03-17 17:00 INFO     Client: 1 Epoch: 2 Loss: 0.009683508425951004
03-17 17:00 INFO     Client: 1 Epoch: 3 Loss: 0.009038742519013824
03-17 17:00 INFO     Client: 1 Epoch: 4 Loss: 0.008725578123102746
03-17 17:00 INFO      ** Client: 1 Training complete **
03-17 17:00 INFO     global n_training: 390
03-17 17:00 INFO     global n_test: 79
03-17 17:00 INFO     >> Global Model Train accuracy: 0.6479, Train accuracy top-5: 0.8460
03-17 17:00 INFO     >> Global Model Test accuracy: 0.5311, Test accuracy top-5: 0.7967
03-17 17:00 INFO     >> Global Model Train loss: 1.6436
03-17 17:00 INFO     in comm round:24
03-17 17:00 INFO     Training network 0 n_training: 5000
03-17 17:00 INFO     Training network 0
03-17 17:00 INFO     n_training: 39
03-17 17:00 INFO     Client: 0 Epoch: 0 Loss: 0.01535611117306428
03-17 17:00 INFO     Client: 0 Epoch: 1 Loss: 0.011450470449068608
03-17 17:00 INFO     Client: 0 Epoch: 2 Loss: 0.008950743657083083
03-17 17:00 INFO     Client: 0 Epoch: 3 Loss: 0.008534540923742147
03-17 17:01 INFO     Client: 0 Epoch: 4 Loss: 0.007598555240875635
03-17 17:01 INFO      ** Client: 0 Training complete **
03-17 17:01 INFO     Training network 1 n_training: 8000
03-17 17:01 INFO     Training network 1
03-17 17:01 INFO     n_training: 62
03-17 17:01 INFO     Client: 1 Epoch: 0 Loss: 0.013389575250086284
03-17 17:01 INFO     Client: 1 Epoch: 1 Loss: 0.0102789125089804
03-17 17:01 INFO     Client: 1 Epoch: 2 Loss: 0.009037573025712082
03-17 17:01 INFO     Client: 1 Epoch: 3 Loss: 0.008462736300463158
03-17 17:01 INFO     Client: 1 Epoch: 4 Loss: 0.008330709060593959
03-17 17:01 INFO      ** Client: 1 Training complete **
03-17 17:01 INFO     global n_training: 390
03-17 17:01 INFO     global n_test: 79
03-17 17:01 INFO     >> Global Model Train accuracy: 0.6488, Train accuracy top-5: 0.8471
03-17 17:01 INFO     >> Global Model Test accuracy: 0.5323, Test accuracy top-5: 0.8001
03-17 17:01 INFO     >> Global Model Train loss: 1.6284
03-17 17:01 INFO     in comm round:25
03-17 17:01 INFO     Training network 0 n_training: 5000
03-17 17:01 INFO     Training network 0
03-17 17:01 INFO     n_training: 39
03-17 17:01 INFO     Client: 0 Epoch: 0 Loss: 0.01405279486416242
03-17 17:01 INFO     Client: 0 Epoch: 1 Loss: 0.010692358697549654
03-17 17:01 INFO     Client: 0 Epoch: 2 Loss: 0.00869018777918357
03-17 17:01 INFO     Client: 0 Epoch: 3 Loss: 0.008627380435474409
03-17 17:01 INFO     Client: 0 Epoch: 4 Loss: 0.007672301004043756
03-17 17:01 INFO      ** Client: 0 Training complete **
03-17 17:01 INFO     Training network 1 n_training: 8000
03-17 17:01 INFO     Training network 1
03-17 17:01 INFO     n_training: 62
03-17 17:01 INFO     Client: 1 Epoch: 0 Loss: 0.012604874228277513
03-17 17:01 INFO     Client: 1 Epoch: 1 Loss: 0.010099666275744957
03-17 17:01 INFO     Client: 1 Epoch: 2 Loss: 0.009180438321744722
03-17 17:01 INFO     Client: 1 Epoch: 3 Loss: 0.008668933026192168
03-17 17:01 INFO     Client: 1 Epoch: 4 Loss: 0.008246981381108203
03-17 17:01 INFO      ** Client: 1 Training complete **
03-17 17:01 INFO     global n_training: 390
03-17 17:01 INFO     global n_test: 79
03-17 17:01 INFO     >> Global Model Train accuracy: 0.6488, Train accuracy top-5: 0.8473
03-17 17:01 INFO     >> Global Model Test accuracy: 0.5300, Test accuracy top-5: 0.7979
03-17 17:01 INFO     >> Global Model Train loss: 1.6255
03-17 17:01 INFO     in comm round:26
03-17 17:01 INFO     Training network 0 n_training: 5000
03-17 17:01 INFO     Training network 0
03-17 17:01 INFO     n_training: 39
03-17 17:01 INFO     Client: 0 Epoch: 0 Loss: 0.014189643833117608
03-17 17:01 INFO     Client: 0 Epoch: 1 Loss: 0.010967989523823444
03-17 17:01 INFO     Client: 0 Epoch: 2 Loss: 0.009267448996886229
03-17 17:01 INFO     Client: 0 Epoch: 3 Loss: 0.008205549624294806
03-17 17:01 INFO     Client: 0 Epoch: 4 Loss: 0.007661523703390207
03-17 17:01 INFO      ** Client: 0 Training complete **
03-17 17:01 INFO     Training network 1 n_training: 8000
03-17 17:01 INFO     Training network 1
03-17 17:01 INFO     n_training: 62
03-17 17:01 INFO     Client: 1 Epoch: 0 Loss: 0.01235292052790042
03-17 17:02 INFO     Client: 1 Epoch: 1 Loss: 0.009370037211826252
03-17 17:02 INFO     Client: 1 Epoch: 2 Loss: 0.008825742955049199
03-17 17:02 INFO     Client: 1 Epoch: 3 Loss: 0.008298291336564768
03-17 17:02 INFO     Client: 1 Epoch: 4 Loss: 0.00831240655163363
03-17 17:02 INFO      ** Client: 1 Training complete **
03-17 17:02 INFO     global n_training: 390
03-17 17:02 INFO     global n_test: 79
03-17 17:02 INFO     >> Global Model Train accuracy: 0.6472, Train accuracy top-5: 0.8447
03-17 17:02 INFO     >> Global Model Test accuracy: 0.5326, Test accuracy top-5: 0.7977
03-17 17:02 INFO     >> Global Model Train loss: 1.6252
03-17 17:02 INFO     in comm round:27
03-17 17:02 INFO     Training network 0 n_training: 5000
03-17 17:02 INFO     Training network 0
03-17 17:02 INFO     n_training: 39
03-17 17:02 INFO     Client: 0 Epoch: 0 Loss: 0.013355306134774135
03-17 17:02 INFO     Client: 0 Epoch: 1 Loss: 0.01021262105458822
03-17 17:02 INFO     Client: 0 Epoch: 2 Loss: 0.008933746924576087
03-17 17:02 INFO     Client: 0 Epoch: 3 Loss: 0.007987214861294398
03-17 17:02 INFO     Client: 0 Epoch: 4 Loss: 0.0075911674290322344
03-17 17:02 INFO      ** Client: 0 Training complete **
03-17 17:02 INFO     Training network 1 n_training: 8000
03-17 17:02 INFO     Training network 1
03-17 17:02 INFO     n_training: 62
03-17 17:02 INFO     Client: 1 Epoch: 0 Loss: 0.0112968310713768
03-17 17:02 INFO     Client: 1 Epoch: 1 Loss: 0.009547927056349093
03-17 17:02 INFO     Client: 1 Epoch: 2 Loss: 0.008468560356226179
03-17 17:02 INFO     Client: 1 Epoch: 3 Loss: 0.008471319331757484
03-17 17:02 INFO     Client: 1 Epoch: 4 Loss: 0.00784228639226527
03-17 17:02 INFO      ** Client: 1 Training complete **
03-17 17:02 INFO     global n_training: 390
03-17 17:02 INFO     global n_test: 79
03-17 17:02 INFO     >> Global Model Train accuracy: 0.6484, Train accuracy top-5: 0.8451
03-17 17:02 INFO     >> Global Model Test accuracy: 0.5332, Test accuracy top-5: 0.7987
03-17 17:02 INFO     >> Global Model Train loss: 1.6183
03-17 17:02 INFO     in comm round:28
03-17 17:02 INFO     Training network 0 n_training: 5000
03-17 17:02 INFO     Training network 0
03-17 17:02 INFO     n_training: 39
03-17 17:02 INFO     Client: 0 Epoch: 0 Loss: 0.01259783898981718
03-17 17:02 INFO     Client: 0 Epoch: 1 Loss: 0.01010397777486688
03-17 17:02 INFO     Client: 0 Epoch: 2 Loss: 0.00916051723731634
03-17 17:02 INFO     Client: 0 Epoch: 3 Loss: 0.008206141324570546
03-17 17:02 INFO     Client: 0 Epoch: 4 Loss: 0.007547157076306832
03-17 17:02 INFO      ** Client: 0 Training complete **
03-17 17:02 INFO     Training network 1 n_training: 8000
03-17 17:02 INFO     Training network 1
03-17 17:02 INFO     n_training: 62
03-17 17:02 INFO     Client: 1 Epoch: 0 Loss: 0.01108243815871256
03-17 17:02 INFO     Client: 1 Epoch: 1 Loss: 0.009576481196188157
03-17 17:02 INFO     Client: 1 Epoch: 2 Loss: 0.008794429118654901
03-17 17:03 INFO     Client: 1 Epoch: 3 Loss: 0.008180385087466529
03-17 17:03 INFO     Client: 1 Epoch: 4 Loss: 0.007963780283687575
03-17 17:03 INFO      ** Client: 1 Training complete **
03-17 17:03 INFO     global n_training: 390
03-17 17:03 INFO     global n_test: 79
03-17 17:03 INFO     >> Global Model Train accuracy: 0.6485, Train accuracy top-5: 0.8452
03-17 17:03 INFO     >> Global Model Test accuracy: 0.5340, Test accuracy top-5: 0.7982
03-17 17:03 INFO     >> Global Model Train loss: 1.6127
03-17 17:03 INFO     in comm round:29
03-17 17:03 INFO     Training network 0 n_training: 5000
03-17 17:03 INFO     Training network 0
03-17 17:03 INFO     n_training: 39
03-17 17:03 INFO     Client: 0 Epoch: 0 Loss: 0.012414822951914409
03-17 17:03 INFO     Client: 0 Epoch: 1 Loss: 0.009562437076312609
03-17 17:03 INFO     Client: 0 Epoch: 2 Loss: 0.008896148154655328
03-17 17:03 INFO     Client: 0 Epoch: 3 Loss: 0.007949519162185682
03-17 17:03 INFO     Client: 0 Epoch: 4 Loss: 0.007783026171800418
03-17 17:03 INFO      ** Client: 0 Training complete **
03-17 17:03 INFO     Training network 1 n_training: 8000
03-17 17:03 INFO     Training network 1
03-17 17:03 INFO     n_training: 62
03-17 17:03 INFO     Client: 1 Epoch: 0 Loss: 0.011916152156528926
03-17 17:03 INFO     Client: 1 Epoch: 1 Loss: 0.009094504218909049
03-17 17:03 INFO     Client: 1 Epoch: 2 Loss: 0.008594251237809658
03-17 17:03 INFO     Client: 1 Epoch: 3 Loss: 0.00827053660947469
03-17 17:03 INFO     Client: 1 Epoch: 4 Loss: 0.007859186344449558
03-17 17:03 INFO      ** Client: 1 Training complete **
03-17 17:03 INFO     global n_training: 390
03-17 17:03 INFO     global n_test: 79
03-17 17:03 INFO     >> Global Model Train accuracy: 0.6484, Train accuracy top-5: 0.8471
03-17 17:03 INFO     >> Global Model Test accuracy: 0.5328, Test accuracy top-5: 0.7970
03-17 17:03 INFO     >> Global Model Train loss: 1.6079
03-17 17:03 INFO     in comm round:30
03-17 17:03 INFO     Training network 0 n_training: 5000
03-17 17:03 INFO     Training network 0
03-17 17:03 INFO     n_training: 39
03-17 17:03 INFO     Client: 0 Epoch: 0 Loss: 0.012711622823889438
03-17 17:03 INFO     Client: 0 Epoch: 1 Loss: 0.009800900657398578
03-17 17:03 INFO     Client: 0 Epoch: 2 Loss: 0.008711368657457523
03-17 17:03 INFO     Client: 0 Epoch: 3 Loss: 0.00779144087424263
03-17 17:03 INFO     Client: 0 Epoch: 4 Loss: 0.007544983679858537
03-17 17:03 INFO      ** Client: 0 Training complete **
03-17 17:03 INFO     Training network 1 n_training: 8000
03-17 17:03 INFO     Training network 1
03-17 17:03 INFO     n_training: 62
03-17 17:03 INFO     Client: 1 Epoch: 0 Loss: 0.01123417030659414
03-17 17:03 INFO     Client: 1 Epoch: 1 Loss: 0.009883934909838342
03-17 17:03 INFO     Client: 1 Epoch: 2 Loss: 0.008591387939128664
03-17 17:03 INFO     Client: 1 Epoch: 3 Loss: 0.008807950525454456
03-17 17:03 INFO     Client: 1 Epoch: 4 Loss: 0.008292027628950534
03-17 17:03 INFO      ** Client: 1 Training complete **
03-17 17:03 INFO     global n_training: 390
03-17 17:03 INFO     global n_test: 79
03-17 17:04 INFO     >> Global Model Train accuracy: 0.6489, Train accuracy top-5: 0.8451
03-17 17:04 INFO     >> Global Model Test accuracy: 0.5334, Test accuracy top-5: 0.8006
03-17 17:04 INFO     >> Global Model Train loss: 1.6153
03-17 17:04 INFO     in comm round:31
03-17 17:04 INFO     Training network 0 n_training: 5000
03-17 17:04 INFO     Training network 0
03-17 17:04 INFO     n_training: 39
03-17 17:04 INFO     Client: 0 Epoch: 0 Loss: 0.01240725525153371
03-17 17:04 INFO     Client: 0 Epoch: 1 Loss: 0.009825998953042122
03-17 17:04 INFO     Client: 0 Epoch: 2 Loss: 0.008981309413241271
03-17 17:04 INFO     Client: 0 Epoch: 3 Loss: 0.007977745006195245
03-17 17:04 INFO     Client: 0 Epoch: 4 Loss: 0.007704102505858128
03-17 17:04 INFO      ** Client: 0 Training complete **
03-17 17:04 INFO     Training network 1 n_training: 8000
03-17 17:04 INFO     Training network 1
03-17 17:04 INFO     n_training: 62
03-17 17:04 INFO     Client: 1 Epoch: 0 Loss: 0.011657860670839586
03-17 17:04 INFO     Client: 1 Epoch: 1 Loss: 0.009472551372563165
03-17 17:04 INFO     Client: 1 Epoch: 2 Loss: 0.008238401984976183
03-17 17:04 INFO     Client: 1 Epoch: 3 Loss: 0.008207934457928903
03-17 17:04 INFO     Client: 1 Epoch: 4 Loss: 0.007856886525968871
03-17 17:04 INFO      ** Client: 1 Training complete **
03-17 17:04 INFO     global n_training: 390
03-17 17:04 INFO     global n_test: 79
03-17 17:04 INFO     >> Global Model Train accuracy: 0.6486, Train accuracy top-5: 0.8448
03-17 17:04 INFO     >> Global Model Test accuracy: 0.5333, Test accuracy top-5: 0.7971
03-17 17:04 INFO     >> Global Model Train loss: 1.6090
03-17 17:04 INFO     in comm round:32
03-17 17:04 INFO     Training network 0 n_training: 5000
03-17 17:04 INFO     Training network 0
03-17 17:04 INFO     n_training: 39
03-17 17:04 INFO     Client: 0 Epoch: 0 Loss: 0.01198626159188839
03-17 17:04 INFO     Client: 0 Epoch: 1 Loss: 0.00998667884283723
03-17 17:04 INFO     Client: 0 Epoch: 2 Loss: 0.008602559375457274
03-17 17:04 INFO     Client: 0 Epoch: 3 Loss: 0.008318915891532715
03-17 17:04 INFO     Client: 0 Epoch: 4 Loss: 0.007537967883623564
03-17 17:04 INFO      ** Client: 0 Training complete **
03-17 17:04 INFO     Training network 1 n_training: 8000
03-17 17:04 INFO     Training network 1
03-17 17:04 INFO     n_training: 62
03-17 17:04 INFO     Client: 1 Epoch: 0 Loss: 0.010992852828255104
03-17 17:04 INFO     Client: 1 Epoch: 1 Loss: 0.009321840359799324
03-17 17:04 INFO     Client: 1 Epoch: 2 Loss: 0.008628925684118462
03-17 17:04 INFO     Client: 1 Epoch: 3 Loss: 0.008302723816145332
03-17 17:04 INFO     Client: 1 Epoch: 4 Loss: 0.00802594335419276
03-17 17:04 INFO      ** Client: 1 Training complete **
03-17 17:04 INFO     global n_training: 390
03-17 17:04 INFO     global n_test: 79
03-17 17:05 INFO     >> Global Model Train accuracy: 0.6495, Train accuracy top-5: 0.8469
03-17 17:05 INFO     >> Global Model Test accuracy: 0.5342, Test accuracy top-5: 0.7986
03-17 17:05 INFO     >> Global Model Train loss: 1.6024
03-17 17:05 INFO     in comm round:33
03-17 17:05 INFO     Training network 0 n_training: 5000
03-17 17:05 INFO     Training network 0
03-17 17:05 INFO     n_training: 39
03-17 17:05 INFO     Client: 0 Epoch: 0 Loss: 0.013344006589016853
03-17 17:05 INFO     Client: 0 Epoch: 1 Loss: 0.009637568683291856
03-17 17:05 INFO     Client: 0 Epoch: 2 Loss: 0.009032773164411386
03-17 17:05 INFO     Client: 0 Epoch: 3 Loss: 0.008223258078289337
03-17 17:05 INFO     Client: 0 Epoch: 4 Loss: 0.008120406275758376
03-17 17:05 INFO      ** Client: 0 Training complete **
03-17 17:05 INFO     Training network 1 n_training: 8000
03-17 17:05 INFO     Training network 1
03-17 17:05 INFO     n_training: 62
03-17 17:05 INFO     Client: 1 Epoch: 0 Loss: 0.010605849355699555
03-17 17:05 INFO     Client: 1 Epoch: 1 Loss: 0.009213336615733082
03-17 17:05 INFO     Client: 1 Epoch: 2 Loss: 0.008547252622402964
03-17 17:05 INFO     Client: 1 Epoch: 3 Loss: 0.0089282754793643
03-17 17:05 INFO     Client: 1 Epoch: 4 Loss: 0.008094188764751438
03-17 17:05 INFO      ** Client: 1 Training complete **
03-17 17:05 INFO     global n_training: 390
03-17 17:05 INFO     global n_test: 79
03-17 17:05 INFO     >> Global Model Train accuracy: 0.6486, Train accuracy top-5: 0.8476
03-17 17:05 INFO     >> Global Model Test accuracy: 0.5348, Test accuracy top-5: 0.7976
03-17 17:05 INFO     >> Global Model Train loss: 1.5922
03-17 17:05 INFO     in comm round:34
03-17 17:05 INFO     Training network 0 n_training: 5000
03-17 17:05 INFO     Training network 0
03-17 17:05 INFO     n_training: 39
03-17 17:05 INFO     Client: 0 Epoch: 0 Loss: 0.01199740909326535
03-17 17:05 INFO     Client: 0 Epoch: 1 Loss: 0.009985554617089339
03-17 17:05 INFO     Client: 0 Epoch: 2 Loss: 0.008760694330796981
03-17 17:05 INFO     Client: 0 Epoch: 3 Loss: 0.008289975866388816
03-17 17:05 INFO     Client: 0 Epoch: 4 Loss: 0.008066727911146024
03-17 17:05 INFO      ** Client: 0 Training complete **
03-17 17:05 INFO     Training network 1 n_training: 8000
03-17 17:05 INFO     Training network 1
03-17 17:05 INFO     n_training: 62
03-17 17:05 INFO     Client: 1 Epoch: 0 Loss: 0.010329912604403592
03-17 17:05 INFO     Client: 1 Epoch: 1 Loss: 0.00941618796317808
03-17 17:05 INFO     Client: 1 Epoch: 2 Loss: 0.008861013064761796
03-17 17:05 INFO     Client: 1 Epoch: 3 Loss: 0.008177390892899806
03-17 17:05 INFO     Client: 1 Epoch: 4 Loss: 0.007973708572887605
03-17 17:05 INFO      ** Client: 1 Training complete **
03-17 17:05 INFO     global n_training: 390
03-17 17:05 INFO     global n_test: 79
03-17 17:05 INFO     >> Global Model Train accuracy: 0.6505, Train accuracy top-5: 0.8471
03-17 17:05 INFO     >> Global Model Test accuracy: 0.5342, Test accuracy top-5: 0.7976
03-17 17:05 INFO     >> Global Model Train loss: 1.5988
03-17 17:05 INFO     in comm round:35
03-17 17:05 INFO     Training network 0 n_training: 5000
03-17 17:05 INFO     Training network 0
03-17 17:05 INFO     n_training: 39
03-17 17:05 INFO     Client: 0 Epoch: 0 Loss: 0.012677752687476384
03-17 17:05 INFO     Client: 0 Epoch: 1 Loss: 0.009939103232075771
03-17 17:06 INFO     Client: 0 Epoch: 2 Loss: 0.00888259446200652
03-17 17:06 INFO     Client: 0 Epoch: 3 Loss: 0.007964610814666137
03-17 17:06 INFO     Client: 0 Epoch: 4 Loss: 0.007625776534088147
03-17 17:06 INFO      ** Client: 0 Training complete **
03-17 17:06 INFO     Training network 1 n_training: 8000
03-17 17:06 INFO     Training network 1
03-17 17:06 INFO     n_training: 62
03-17 17:06 INFO     Client: 1 Epoch: 0 Loss: 0.010713161600212897
03-17 17:06 INFO     Client: 1 Epoch: 1 Loss: 0.009350935703203563
03-17 17:06 INFO     Client: 1 Epoch: 2 Loss: 0.00881102537706254
03-17 17:06 INFO     Client: 1 Epoch: 3 Loss: 0.008341861468168997
03-17 17:06 INFO     Client: 1 Epoch: 4 Loss: 0.008058728935617593
03-17 17:06 INFO      ** Client: 1 Training complete **
03-17 17:06 INFO     global n_training: 390
03-17 17:06 INFO     global n_test: 79
03-17 17:06 INFO     >> Global Model Train accuracy: 0.6496, Train accuracy top-5: 0.8469
03-17 17:06 INFO     >> Global Model Test accuracy: 0.5353, Test accuracy top-5: 0.7959
03-17 17:06 INFO     >> Global Model Train loss: 1.5923
03-17 17:06 INFO     in comm round:36
03-17 17:06 INFO     Training network 0 n_training: 5000
03-17 17:06 INFO     Training network 0
03-17 17:06 INFO     n_training: 39
03-17 17:06 INFO     Client: 0 Epoch: 0 Loss: 0.011754905996032251
03-17 17:06 INFO     Client: 0 Epoch: 1 Loss: 0.009944347139352407
03-17 17:06 INFO     Client: 0 Epoch: 2 Loss: 0.009070270682852238
03-17 17:06 INFO     Client: 0 Epoch: 3 Loss: 0.00882253085430234
03-17 17:06 INFO     Client: 0 Epoch: 4 Loss: 0.008047134364740206
03-17 17:06 INFO      ** Client: 0 Training complete **
03-17 17:06 INFO     Training network 1 n_training: 8000
03-17 17:06 INFO     Training network 1
03-17 17:06 INFO     n_training: 62
03-17 17:06 INFO     Client: 1 Epoch: 0 Loss: 0.010729428808835725
03-17 17:06 INFO     Client: 1 Epoch: 1 Loss: 0.009220779024725479
03-17 17:06 INFO     Client: 1 Epoch: 2 Loss: 0.008672180705733838
03-17 17:06 INFO     Client: 1 Epoch: 3 Loss: 0.008532250074729804
03-17 17:06 INFO     Client: 1 Epoch: 4 Loss: 0.008004920504566642
03-17 17:06 INFO      ** Client: 1 Training complete **
03-17 17:06 INFO     global n_training: 390
03-17 17:06 INFO     global n_test: 79
03-17 17:06 INFO     >> Global Model Train accuracy: 0.6493, Train accuracy top-5: 0.8465
03-17 17:06 INFO     >> Global Model Test accuracy: 0.5344, Test accuracy top-5: 0.7966
03-17 17:06 INFO     >> Global Model Train loss: 1.5905
03-17 17:06 INFO     in comm round:37
03-17 17:06 INFO     Training network 0 n_training: 5000
03-17 17:06 INFO     Training network 0
03-17 17:06 INFO     n_training: 39
03-17 17:06 INFO     Client: 0 Epoch: 0 Loss: 0.011713754672270555
03-17 17:06 INFO     Client: 0 Epoch: 1 Loss: 0.010421911493325844
03-17 17:06 INFO     Client: 0 Epoch: 2 Loss: 0.009185281104575366
03-17 17:06 INFO     Client: 0 Epoch: 3 Loss: 0.008683427177274074
03-17 17:06 INFO     Client: 0 Epoch: 4 Loss: 0.008359302742741046
03-17 17:06 INFO      ** Client: 0 Training complete **
03-17 17:06 INFO     Training network 1 n_training: 8000
03-17 17:06 INFO     Training network 1
03-17 17:06 INFO     n_training: 62
03-17 17:07 INFO     Client: 1 Epoch: 0 Loss: 0.01058068843708644
03-17 17:07 INFO     Client: 1 Epoch: 1 Loss: 0.009203772661426374
03-17 17:07 INFO     Client: 1 Epoch: 2 Loss: 0.008714210016713027
03-17 17:07 INFO     Client: 1 Epoch: 3 Loss: 0.008432485854193088
03-17 17:07 INFO     Client: 1 Epoch: 4 Loss: 0.008332204231391511
03-17 17:07 INFO      ** Client: 1 Training complete **
03-17 17:07 INFO     global n_training: 390
03-17 17:07 INFO     global n_test: 79
03-17 17:07 INFO     >> Global Model Train accuracy: 0.6497, Train accuracy top-5: 0.8466
03-17 17:07 INFO     >> Global Model Test accuracy: 0.5349, Test accuracy top-5: 0.7963
03-17 17:07 INFO     >> Global Model Train loss: 1.5907
03-17 17:07 INFO     in comm round:38
03-17 17:07 INFO     Training network 0 n_training: 5000
03-17 17:07 INFO     Training network 0
03-17 17:07 INFO     n_training: 39
03-17 17:07 INFO     Client: 0 Epoch: 0 Loss: 0.011751183141500521
03-17 17:07 INFO     Client: 0 Epoch: 1 Loss: 0.010544451025242988
03-17 17:07 INFO     Client: 0 Epoch: 2 Loss: 0.009924088962949239
03-17 17:07 INFO     Client: 0 Epoch: 3 Loss: 0.00849472284794618
03-17 17:07 INFO     Client: 0 Epoch: 4 Loss: 0.008396323770284653
03-17 17:07 INFO      ** Client: 0 Training complete **
03-17 17:07 INFO     Training network 1 n_training: 8000
03-17 17:07 INFO     Training network 1
03-17 17:07 INFO     n_training: 62
03-17 17:07 INFO     Client: 1 Epoch: 0 Loss: 0.0103361718431716
03-17 17:07 INFO     Client: 1 Epoch: 1 Loss: 0.009343699529586781
03-17 17:07 INFO     Client: 1 Epoch: 2 Loss: 0.008652129698724996
03-17 17:07 INFO     Client: 1 Epoch: 3 Loss: 0.008272594952535245
03-17 17:07 INFO     Client: 1 Epoch: 4 Loss: 0.00804718483179327
03-17 17:07 INFO      ** Client: 1 Training complete **
03-17 17:07 INFO     global n_training: 390
03-17 17:07 INFO     global n_test: 79
03-17 17:07 INFO     >> Global Model Train accuracy: 0.6523, Train accuracy top-5: 0.8479
03-17 17:07 INFO     >> Global Model Test accuracy: 0.5345, Test accuracy top-5: 0.7978
03-17 17:07 INFO     >> Global Model Train loss: 1.5788
03-17 17:07 INFO     in comm round:39
03-17 17:07 INFO     Training network 0 n_training: 5000
03-17 17:07 INFO     Training network 0
03-17 17:07 INFO     n_training: 39
03-17 17:07 INFO     Client: 0 Epoch: 0 Loss: 0.012054430344739022
03-17 17:07 INFO     Client: 0 Epoch: 1 Loss: 0.010601252209968291
03-17 17:07 INFO     Client: 0 Epoch: 2 Loss: 0.009597048211174134
03-17 17:07 INFO     Client: 0 Epoch: 3 Loss: 0.008790634082964597
03-17 17:07 INFO     Client: 0 Epoch: 4 Loss: 0.00837564873150908
03-17 17:07 INFO      ** Client: 0 Training complete **
03-17 17:07 INFO     Training network 1 n_training: 8000
03-17 17:07 INFO     Training network 1
03-17 17:07 INFO     n_training: 62
03-17 17:07 INFO     Client: 1 Epoch: 0 Loss: 0.010095631508457084
03-17 17:07 INFO     Client: 1 Epoch: 1 Loss: 0.00964561388677647
03-17 17:08 INFO     Client: 1 Epoch: 2 Loss: 0.008690978821006513
03-17 17:08 INFO     Client: 1 Epoch: 3 Loss: 0.008504390528786087
03-17 17:08 INFO     Client: 1 Epoch: 4 Loss: 0.008350374071948951
03-17 17:08 INFO      ** Client: 1 Training complete **
03-17 17:08 INFO     global n_training: 390
03-17 17:08 INFO     global n_test: 79
03-17 17:08 INFO     >> Global Model Train accuracy: 0.6482, Train accuracy top-5: 0.8472
03-17 17:08 INFO     >> Global Model Test accuracy: 0.5346, Test accuracy top-5: 0.7965
03-17 17:08 INFO     >> Global Model Train loss: 1.5923
03-17 17:08 INFO     in comm round:40
03-17 17:08 INFO     Training network 0 n_training: 5000
03-17 17:08 INFO     Training network 0
03-17 17:08 INFO     n_training: 39
03-17 17:08 INFO     Client: 0 Epoch: 0 Loss: 0.011511638903847108
03-17 17:08 INFO     Client: 0 Epoch: 1 Loss: 0.010657050276700502
03-17 17:08 INFO     Client: 0 Epoch: 2 Loss: 0.009449655870692087
03-17 17:08 INFO     Client: 0 Epoch: 3 Loss: 0.00873782531095621
03-17 17:08 INFO     Client: 0 Epoch: 4 Loss: 0.008971137412561055
03-17 17:08 INFO      ** Client: 0 Training complete **
03-17 17:08 INFO     Training network 1 n_training: 8000
03-17 17:08 INFO     Training network 1
03-17 17:08 INFO     n_training: 62
03-17 17:08 INFO     Client: 1 Epoch: 0 Loss: 0.010874485123842474
03-17 17:08 INFO     Client: 1 Epoch: 1 Loss: 0.009446254946411617
03-17 17:08 INFO     Client: 1 Epoch: 2 Loss: 0.008859396040920288
03-17 17:08 INFO     Client: 1 Epoch: 3 Loss: 0.008511263756982742
03-17 17:08 INFO     Client: 1 Epoch: 4 Loss: 0.008746661486164216
03-17 17:08 INFO      ** Client: 1 Training complete **
03-17 17:08 INFO     global n_training: 390
03-17 17:08 INFO     global n_test: 79
03-17 17:08 INFO     >> Global Model Train accuracy: 0.6519, Train accuracy top-5: 0.8469
03-17 17:08 INFO     >> Global Model Test accuracy: 0.5332, Test accuracy top-5: 0.7960
03-17 17:08 INFO     >> Global Model Train loss: 1.5840
03-17 17:08 INFO     in comm round:41
03-17 17:08 INFO     Training network 0 n_training: 5000
03-17 17:08 INFO     Training network 0
03-17 17:08 INFO     n_training: 39
03-17 17:08 INFO     Client: 0 Epoch: 0 Loss: 0.011761318366879072
03-17 17:08 INFO     Client: 0 Epoch: 1 Loss: 0.010873417131220683
03-17 17:08 INFO     Client: 0 Epoch: 2 Loss: 0.00995558937295125
03-17 17:08 INFO     Client: 0 Epoch: 3 Loss: 0.009401473073432079
03-17 17:08 INFO     Client: 0 Epoch: 4 Loss: 0.00890972087971675
03-17 17:08 INFO      ** Client: 0 Training complete **
03-17 17:08 INFO     Training network 1 n_training: 8000
03-17 17:08 INFO     Training network 1
03-17 17:08 INFO     n_training: 62
03-17 17:08 INFO     Client: 1 Epoch: 0 Loss: 0.009882885008870114
03-17 17:08 INFO     Client: 1 Epoch: 1 Loss: 0.009462362328063577
03-17 17:08 INFO     Client: 1 Epoch: 2 Loss: 0.008951097426395263
03-17 17:08 INFO     Client: 1 Epoch: 3 Loss: 0.00877350346455651
03-17 17:09 INFO     Client: 1 Epoch: 4 Loss: 0.008306283045620207
03-17 17:09 INFO      ** Client: 1 Training complete **
03-17 17:09 INFO     global n_training: 390
03-17 17:09 INFO     global n_test: 79
03-17 17:09 INFO     >> Global Model Train accuracy: 0.6501, Train accuracy top-5: 0.8468
03-17 17:09 INFO     >> Global Model Test accuracy: 0.5344, Test accuracy top-5: 0.7952
03-17 17:09 INFO     >> Global Model Train loss: 1.5891
03-17 17:09 INFO     in comm round:42
03-17 17:09 INFO     Training network 0 n_training: 5000
03-17 17:09 INFO     Training network 0
03-17 17:09 INFO     n_training: 39
03-17 17:09 INFO     Client: 0 Epoch: 0 Loss: 0.011733646791141767
03-17 17:09 INFO     Client: 0 Epoch: 1 Loss: 0.010493820509276329
03-17 17:09 INFO     Client: 0 Epoch: 2 Loss: 0.010285862590162417
03-17 17:09 INFO     Client: 0 Epoch: 3 Loss: 0.010033007352971114
03-17 17:09 INFO     Client: 0 Epoch: 4 Loss: 0.009476983883919625
03-17 17:09 INFO      ** Client: 0 Training complete **
03-17 17:09 INFO     Training network 1 n_training: 8000
03-17 17:09 INFO     Training network 1
03-17 17:09 INFO     n_training: 62
03-17 17:09 INFO     Client: 1 Epoch: 0 Loss: 0.010224100893303271
03-17 17:09 INFO     Client: 1 Epoch: 1 Loss: 0.009537627567507086
03-17 17:09 INFO     Client: 1 Epoch: 2 Loss: 0.00910493908750434
03-17 17:09 INFO     Client: 1 Epoch: 3 Loss: 0.008854282907240333
03-17 17:09 INFO     Client: 1 Epoch: 4 Loss: 0.008494134113613156
03-17 17:09 INFO      ** Client: 1 Training complete **
03-17 17:09 INFO     global n_training: 390
03-17 17:09 INFO     global n_test: 79
03-17 17:09 INFO     >> Global Model Train accuracy: 0.6506, Train accuracy top-5: 0.8466
03-17 17:09 INFO     >> Global Model Test accuracy: 0.5337, Test accuracy top-5: 0.7967
03-17 17:09 INFO     >> Global Model Train loss: 1.5881
03-17 17:09 INFO     in comm round:43
03-17 17:09 INFO     Training network 0 n_training: 5000
03-17 17:09 INFO     Training network 0
03-17 17:09 INFO     n_training: 39
03-17 17:09 INFO     Client: 0 Epoch: 0 Loss: 0.01196049165744812
03-17 17:09 INFO     Client: 0 Epoch: 1 Loss: 0.010868787920723358
03-17 17:09 INFO     Client: 0 Epoch: 2 Loss: 0.010558589194447566
03-17 17:09 INFO     Client: 0 Epoch: 3 Loss: 0.010122024979537878
03-17 17:09 INFO     Client: 0 Epoch: 4 Loss: 0.009218430874916987
03-17 17:09 INFO      ** Client: 0 Training complete **
03-17 17:09 INFO     Training network 1 n_training: 8000
03-17 17:09 INFO     Training network 1
03-17 17:09 INFO     n_training: 62
03-17 17:09 INFO     Client: 1 Epoch: 0 Loss: 0.010253477390975721
03-17 17:09 INFO     Client: 1 Epoch: 1 Loss: 0.009502835451595245
03-17 17:09 INFO     Client: 1 Epoch: 2 Loss: 0.009360019222743089
03-17 17:09 INFO     Client: 1 Epoch: 3 Loss: 0.009042715608713127
03-17 17:09 INFO     Client: 1 Epoch: 4 Loss: 0.008627841549534951
03-17 17:09 INFO      ** Client: 1 Training complete **
03-17 17:09 INFO     global n_training: 390
03-17 17:09 INFO     global n_test: 79
03-17 17:10 INFO     >> Global Model Train accuracy: 0.6519, Train accuracy top-5: 0.8452
03-17 17:10 INFO     >> Global Model Test accuracy: 0.5343, Test accuracy top-5: 0.7959
03-17 17:10 INFO     >> Global Model Train loss: 1.5907
03-17 17:10 INFO     in comm round:44
03-17 17:10 INFO     Training network 0 n_training: 5000
03-17 17:10 INFO     Training network 0
03-17 17:10 INFO     n_training: 39
03-17 17:10 INFO     Client: 0 Epoch: 0 Loss: 0.01164954201055643
03-17 17:10 INFO     Client: 0 Epoch: 1 Loss: 0.01121245245807446
03-17 17:10 INFO     Client: 0 Epoch: 2 Loss: 0.011028314080949012
03-17 17:10 INFO     Client: 0 Epoch: 3 Loss: 0.010238691853980223
03-17 17:10 INFO     Client: 0 Epoch: 4 Loss: 0.010226175666619569
03-17 17:10 INFO      ** Client: 0 Training complete **
03-17 17:10 INFO     Training network 1 n_training: 8000
03-17 17:10 INFO     Training network 1
03-17 17:10 INFO     n_training: 62
03-17 17:10 INFO     Client: 1 Epoch: 0 Loss: 0.010079124536845953
03-17 17:10 INFO     Client: 1 Epoch: 1 Loss: 0.009595908802903948
03-17 17:10 INFO     Client: 1 Epoch: 2 Loss: 0.009712340820941233
03-17 17:10 INFO     Client: 1 Epoch: 3 Loss: 0.009060748905364064
03-17 17:10 INFO     Client: 1 Epoch: 4 Loss: 0.008987615455783183
03-17 17:10 INFO      ** Client: 1 Training complete **
03-17 17:10 INFO     global n_training: 390
03-17 17:10 INFO     global n_test: 79
03-17 17:10 INFO     >> Global Model Train accuracy: 0.6500, Train accuracy top-5: 0.8461
03-17 17:10 INFO     >> Global Model Test accuracy: 0.5348, Test accuracy top-5: 0.7967
03-17 17:10 INFO     >> Global Model Train loss: 1.5849
03-17 17:10 INFO     in comm round:45
03-17 17:10 INFO     Training network 0 n_training: 5000
03-17 17:10 INFO     Training network 0
03-17 17:10 INFO     n_training: 39
03-17 17:10 INFO     Client: 0 Epoch: 0 Loss: 0.011909027201816058
03-17 17:10 INFO     Client: 0 Epoch: 1 Loss: 0.011481260355466451
03-17 17:10 INFO     Client: 0 Epoch: 2 Loss: 0.01061444951651188
03-17 17:10 INFO     Client: 0 Epoch: 3 Loss: 0.010106800506130243
03-17 17:10 INFO     Client: 0 Epoch: 4 Loss: 0.01030180093426353
03-17 17:10 INFO      ** Client: 0 Training complete **
03-17 17:10 INFO     Training network 1 n_training: 8000
03-17 17:10 INFO     Training network 1
03-17 17:10 INFO     n_training: 62
03-17 17:10 INFO     Client: 1 Epoch: 0 Loss: 0.010615622789989556
03-17 17:10 INFO     Client: 1 Epoch: 1 Loss: 0.009988019235372063
03-17 17:10 INFO     Client: 1 Epoch: 2 Loss: 0.009358797770654481
03-17 17:10 INFO     Client: 1 Epoch: 3 Loss: 0.00952051863855412
03-17 17:10 INFO     Client: 1 Epoch: 4 Loss: 0.009174183288949632
03-17 17:10 INFO      ** Client: 1 Training complete **
03-17 17:10 INFO     global n_training: 390
03-17 17:10 INFO     global n_test: 79
03-17 17:10 INFO     >> Global Model Train accuracy: 0.6511, Train accuracy top-5: 0.8470
03-17 17:10 INFO     >> Global Model Test accuracy: 0.5319, Test accuracy top-5: 0.7961
03-17 17:10 INFO     >> Global Model Train loss: 1.5852
03-17 17:10 INFO     in comm round:46
03-17 17:10 INFO     Training network 0 n_training: 5000
03-17 17:10 INFO     Training network 0
03-17 17:10 INFO     n_training: 39
03-17 17:11 INFO     Client: 0 Epoch: 0 Loss: 0.011709900859456796
03-17 17:11 INFO     Client: 0 Epoch: 1 Loss: 0.01153979586580625
03-17 17:11 INFO     Client: 0 Epoch: 2 Loss: 0.010965120238371385
03-17 17:11 INFO     Client: 0 Epoch: 3 Loss: 0.011356269439252524
03-17 17:11 INFO     Client: 0 Epoch: 4 Loss: 0.010356452220525498
03-17 17:11 INFO      ** Client: 0 Training complete **
03-17 17:11 INFO     Training network 1 n_training: 8000
03-17 17:11 INFO     Training network 1
03-17 17:11 INFO     n_training: 62
03-17 17:11 INFO     Client: 1 Epoch: 0 Loss: 0.010242867809269697
03-17 17:11 INFO     Client: 1 Epoch: 1 Loss: 0.009744406677782536
03-17 17:11 INFO     Client: 1 Epoch: 2 Loss: 0.009429337276566413
03-17 17:11 INFO     Client: 1 Epoch: 3 Loss: 0.009412919471581136
03-17 17:11 INFO     Client: 1 Epoch: 4 Loss: 0.009556716165295052
03-17 17:11 INFO      ** Client: 1 Training complete **
03-17 17:11 INFO     global n_training: 390
03-17 17:11 INFO     global n_test: 79
03-17 17:11 INFO     >> Global Model Train accuracy: 0.6481, Train accuracy top-5: 0.8462
03-17 17:11 INFO     >> Global Model Test accuracy: 0.5330, Test accuracy top-5: 0.7955
03-17 17:11 INFO     >> Global Model Train loss: 1.5905
03-17 17:11 INFO     in comm round:47
03-17 17:11 INFO     Training network 0 n_training: 5000
03-17 17:11 INFO     Training network 0
03-17 17:11 INFO     n_training: 39
03-17 17:11 INFO     Client: 0 Epoch: 0 Loss: 0.012100900833805403
03-17 17:11 INFO     Client: 0 Epoch: 1 Loss: 0.011686361967944182
03-17 17:11 INFO     Client: 0 Epoch: 2 Loss: 0.011488274480096804
03-17 17:11 INFO     Client: 0 Epoch: 3 Loss: 0.011370155172279248
03-17 17:11 INFO     Client: 0 Epoch: 4 Loss: 0.011472089431033684
03-17 17:11 INFO      ** Client: 0 Training complete **
03-17 17:11 INFO     Training network 1 n_training: 8000
03-17 17:11 INFO     Training network 1
03-17 17:11 INFO     n_training: 62
03-17 17:11 INFO     Client: 1 Epoch: 0 Loss: 0.010076350750281446
03-17 17:11 INFO     Client: 1 Epoch: 1 Loss: 0.009990959488336117
03-17 17:11 INFO     Client: 1 Epoch: 2 Loss: 0.009891501507691799
03-17 17:11 INFO     Client: 1 Epoch: 3 Loss: 0.009669316008747104
03-17 17:11 INFO     Client: 1 Epoch: 4 Loss: 0.009700335359441177
03-17 17:11 INFO      ** Client: 1 Training complete **
03-17 17:11 INFO     global n_training: 390
03-17 17:11 INFO     global n_test: 79
03-17 17:11 INFO     >> Global Model Train accuracy: 0.6517, Train accuracy top-5: 0.8461
03-17 17:11 INFO     >> Global Model Test accuracy: 0.5327, Test accuracy top-5: 0.7958
03-17 17:11 INFO     >> Global Model Train loss: 1.5900
03-17 17:11 INFO     in comm round:48
03-17 17:11 INFO     Training network 0 n_training: 5000
03-17 17:11 INFO     Training network 0
03-17 17:11 INFO     n_training: 39
03-17 17:11 INFO     Client: 0 Epoch: 0 Loss: 0.01181664114865737
03-17 17:11 INFO     Client: 0 Epoch: 1 Loss: 0.012122123311154353
03-17 17:11 INFO     Client: 0 Epoch: 2 Loss: 0.011471095996407362
03-17 17:12 INFO     Client: 0 Epoch: 3 Loss: 0.011753729783380643
03-17 17:12 INFO     Client: 0 Epoch: 4 Loss: 0.0114240060464885
03-17 17:12 INFO      ** Client: 0 Training complete **
03-17 17:12 INFO     Training network 1 n_training: 8000
03-17 17:12 INFO     Training network 1
03-17 17:12 INFO     n_training: 62
03-17 17:12 INFO     Client: 1 Epoch: 0 Loss: 0.009974908872297215
03-17 17:12 INFO     Client: 1 Epoch: 1 Loss: 0.00999753859134451
03-17 17:12 INFO     Client: 1 Epoch: 2 Loss: 0.010003097062449782
03-17 17:12 INFO     Client: 1 Epoch: 3 Loss: 0.009867933338447925
03-17 17:12 INFO     Client: 1 Epoch: 4 Loss: 0.010119904328377978
03-17 17:12 INFO      ** Client: 1 Training complete **
03-17 17:12 INFO     global n_training: 390
03-17 17:12 INFO     global n_test: 79
03-17 17:12 INFO     >> Global Model Train accuracy: 0.6524, Train accuracy top-5: 0.8454
03-17 17:12 INFO     >> Global Model Test accuracy: 0.5334, Test accuracy top-5: 0.7963
03-17 17:12 INFO     >> Global Model Train loss: 1.5873
03-17 17:12 INFO     in comm round:49
03-17 17:12 INFO     Training network 0 n_training: 5000
03-17 17:12 INFO     Training network 0
03-17 17:12 INFO     n_training: 39
03-17 17:12 INFO     Client: 0 Epoch: 0 Loss: 0.011610206765815234
03-17 17:12 INFO     Client: 0 Epoch: 1 Loss: 0.012461165969188396
03-17 17:12 INFO     Client: 0 Epoch: 2 Loss: 0.012062396639241623
03-17 17:12 INFO     Client: 0 Epoch: 3 Loss: 0.011424516709760213
03-17 17:12 INFO     Client: 0 Epoch: 4 Loss: 0.011173457408753725
03-17 17:12 INFO      ** Client: 0 Training complete **
03-17 17:12 INFO     Training network 1 n_training: 8000
03-17 17:12 INFO     Training network 1
03-17 17:12 INFO     n_training: 62
03-17 17:12 INFO     Client: 1 Epoch: 0 Loss: 0.010273036156450548
03-17 17:12 INFO     Client: 1 Epoch: 1 Loss: 0.010246770696774606
03-17 17:12 INFO     Client: 1 Epoch: 2 Loss: 0.009974003942202657
03-17 17:12 INFO     Client: 1 Epoch: 3 Loss: 0.009985456859031993
03-17 17:12 INFO     Client: 1 Epoch: 4 Loss: 0.00993079855106771
03-17 17:12 INFO      ** Client: 1 Training complete **
03-17 17:12 INFO     global n_training: 390
03-17 17:12 INFO     global n_test: 79
03-17 17:12 INFO     >> Global Model Train accuracy: 0.6510, Train accuracy top-5: 0.8441
03-17 17:12 INFO     >> Global Model Test accuracy: 0.5333, Test accuracy top-5: 0.7959
03-17 17:12 INFO     >> Global Model Train loss: 1.5888
03-17 17:12 INFO     Starting Fine Tuning...
03-17 17:12 INFO     Training network 0
03-17 17:12 INFO     n_training: 39
03-17 17:12 INFO     Client: 0 Epoch: 0 Loss: 0.011979263228101607
03-17 17:12 INFO     Client: 0 Epoch: 1 Loss: 0.011743487694706673
03-17 17:12 INFO     Client: 0 Epoch: 2 Loss: 0.011482932724249668
03-17 17:12 INFO     Client: 0 Epoch: 3 Loss: 0.01202306180046155
03-17 17:12 INFO     Client: 0 Epoch: 4 Loss: 0.011510236164889274
03-17 17:12 INFO      ** Client: 0 Training complete **
03-17 17:12 INFO     Training network 0
03-17 17:12 INFO     n_training: 39
03-17 17:13 INFO     Client: 0 Epoch: 0 Loss: 0.011346966004333435
03-17 17:13 INFO     Client: 0 Epoch: 1 Loss: 0.01188071587911019
03-17 17:13 INFO     Client: 0 Epoch: 2 Loss: 0.011630638574178401
03-17 17:13 INFO     Client: 0 Epoch: 3 Loss: 0.011665803141509876
03-17 17:13 INFO     Client: 0 Epoch: 4 Loss: 0.011598373667742962
03-17 17:13 INFO      ** Client: 0 Training complete **
03-17 17:13 INFO     Training network 0
03-17 17:13 INFO     n_training: 39
03-17 17:13 INFO     Client: 0 Epoch: 0 Loss: 0.011309970432940202
03-17 17:13 INFO     Client: 0 Epoch: 1 Loss: 0.012160878341931563
03-17 17:13 INFO     Client: 0 Epoch: 2 Loss: 0.011457970783783075
03-17 17:13 INFO     Client: 0 Epoch: 3 Loss: 0.011829556873402534
03-17 17:13 INFO     Client: 0 Epoch: 4 Loss: 0.011170234316243576
03-17 17:13 INFO      ** Client: 0 Training complete **
03-17 17:13 INFO     Training network 0
03-17 17:13 INFO     n_training: 39
03-17 17:13 INFO     Client: 0 Epoch: 0 Loss: 0.010945439183463654
03-17 17:13 INFO     Client: 0 Epoch: 1 Loss: 0.011101671804984411
03-17 17:13 INFO     Client: 0 Epoch: 2 Loss: 0.011280858865342079
03-17 17:13 INFO     Client: 0 Epoch: 3 Loss: 0.011342019559099125
03-17 17:13 INFO     Client: 0 Epoch: 4 Loss: 0.011592173017561436
03-17 17:13 INFO      ** Client: 0 Training complete **
03-17 17:13 INFO     Training network 1
03-17 17:13 INFO     n_training: 62
03-17 17:13 INFO     Client: 1 Epoch: 0 Loss: 0.009973963737607963
03-17 17:13 INFO     Client: 1 Epoch: 1 Loss: 0.009953484787876088
03-17 17:13 INFO     Client: 1 Epoch: 2 Loss: 0.009960657518897806
03-17 17:13 INFO     Client: 1 Epoch: 3 Loss: 0.009927735250863818
03-17 17:13 INFO     Client: 1 Epoch: 4 Loss: 0.009755339728848587
03-17 17:13 INFO      ** Client: 1 Training complete **
03-17 17:13 INFO     Training network 1
03-17 17:13 INFO     n_training: 62
03-17 17:13 INFO     Client: 1 Epoch: 0 Loss: 0.00992590225031299
03-17 17:13 INFO     Client: 1 Epoch: 1 Loss: 0.009898150504957284
03-17 17:13 INFO     Client: 1 Epoch: 2 Loss: 0.009981051500466081
03-17 17:13 INFO     Client: 1 Epoch: 3 Loss: 0.010073716797295117
03-17 17:13 INFO     Client: 1 Epoch: 4 Loss: 0.010160356459598388
03-17 17:13 INFO      ** Client: 1 Training complete **
03-17 17:13 INFO     Training network 1
03-17 17:13 INFO     n_training: 62
03-17 17:13 INFO     Client: 1 Epoch: 0 Loss: 0.010079084910572536
03-17 17:14 INFO     Client: 1 Epoch: 1 Loss: 0.009935040680331087
03-17 17:14 INFO     Client: 1 Epoch: 2 Loss: 0.009968754324701524
03-17 17:14 INFO     Client: 1 Epoch: 3 Loss: 0.009765569263348175
03-17 17:14 INFO     Client: 1 Epoch: 4 Loss: 0.009864801668652123
03-17 17:14 INFO      ** Client: 1 Training complete **
03-17 17:14 INFO     Training network 1
03-17 17:14 INFO     n_training: 62
03-17 17:14 INFO     Client: 1 Epoch: 0 Loss: 0.010107791381737879
03-17 17:14 INFO     Client: 1 Epoch: 1 Loss: 0.009754336574265072
03-17 17:14 INFO     Client: 1 Epoch: 2 Loss: 0.009798375318848317
03-17 17:14 INFO     Client: 1 Epoch: 3 Loss: 0.009910623460347134
03-17 17:14 INFO     Client: 1 Epoch: 4 Loss: 0.009761240363361375
03-17 17:14 INFO      ** Client: 1 Training complete **
