03-17 15:41 INFO     cuda:1
03-17 15:41 INFO     Command Line Arguments: 
{
    "epochs": 5,
    "comm_round": 50,
    "sample_fraction": 1.0,
    "alpha": 1.0,
    "dataset": "cifar10",
    "datadir": "../data/",
    "partition": "subsample",
    "alg": "sflv2",
    "model": "resnet-18",
    "n_parties": 2,
    "lr": 0.01,
    "mu": 1,
    "std_coeff": 2.5,
    "unif_coeff": 0.5,
    "batch_size": 128,
    "load_first_net": 1,
    "pool_option": "FIFO",
    "model_buffer_size": 1,
    "optimizer": "sgd",
    "simp_width": 1,
    "out_dim": 256,
    "reg": 0.0005,
    "temperature": 0.5,
    "logdir": "./",
    "log_file_name": "logs/experiment_log-alg=sflv2_partition=subsample_lr=0.01_epochs=5_num_users=2_beta=1.0_batch_size=128_opt=sgd_dataset=cifar10_2024-03-17-1541-47",
    "seed": 12,
    "device": "cuda:1"
}
03-17 15:41 INFO     Data statistics: {0: {0: 415, 1: 849, 2: 405, 3: 755, 4: 354, 5: 279, 6: 970, 7: 973}, 1: {0: 921, 1: 156, 2: 969, 3: 343, 4: 1099, 5: 1203, 6: 4, 7: 20, 8: 1623, 9: 1662}}
03-17 15:41 INFO     in comm round:0
03-17 15:41 INFO     Training network 0 n_training: 5000
03-17 15:41 INFO     Training network 0
03-17 15:41 INFO     n_training: 39
03-17 15:41 INFO     Client: 0 Epoch: 0 Loss: 1.6802719770333705
03-17 15:41 INFO     Client: 0 Epoch: 1 Loss: 1.425775103079967
03-17 15:42 INFO     Client: 0 Epoch: 2 Loss: 1.2785742389850128
03-17 15:42 INFO     Client: 0 Epoch: 3 Loss: 1.1257726412553053
03-17 15:42 INFO     Client: 0 Epoch: 4 Loss: 1.0249147552710314
03-17 15:42 INFO      ** Client: 0 Training complete **
03-17 15:42 INFO     Training network 1 n_training: 8000
03-17 15:42 INFO     Training network 1
03-17 15:42 INFO     n_training: 62
03-17 15:42 INFO     Client: 1 Epoch: 0 Loss: 1.9000242583213314
03-17 15:42 INFO     Client: 1 Epoch: 1 Loss: 1.3167781195332926
03-17 15:42 INFO     Client: 1 Epoch: 2 Loss: 1.2166205971471724
03-17 15:42 INFO     Client: 1 Epoch: 3 Loss: 1.1494605435479073
03-17 15:42 INFO     Client: 1 Epoch: 4 Loss: 1.0627410815608116
03-17 15:42 INFO      ** Client: 1 Training complete **
03-17 15:42 INFO     global n_training: 390
03-17 15:42 INFO     global n_test: 79
03-17 15:42 INFO     >> Global Model Train accuracy: 0.2212, Train accuracy top-5: 0.6706
03-17 15:42 INFO     >> Global Model Test accuracy: 0.2343, Test accuracy top-5: 0.6733
03-17 15:42 INFO     >> Global Model Train loss: 2.8530
03-17 15:42 INFO     in comm round:1
03-17 15:42 INFO     Training network 0 n_training: 5000
03-17 15:42 INFO     Training network 0
03-17 15:42 INFO     n_training: 39
03-17 15:42 INFO     Client: 0 Epoch: 0 Loss: 1.5194696585337322
03-17 15:42 INFO     Client: 0 Epoch: 1 Loss: 1.1477913688390682
03-17 15:42 INFO     Client: 0 Epoch: 2 Loss: 1.077650012114109
03-17 15:42 INFO     Client: 0 Epoch: 3 Loss: 0.9906836442458324
03-17 15:42 INFO     Client: 0 Epoch: 4 Loss: 0.9448890258104373
03-17 15:42 INFO      ** Client: 0 Training complete **
03-17 15:42 INFO     Training network 1 n_training: 8000
03-17 15:42 INFO     Training network 1
03-17 15:42 INFO     n_training: 62
03-17 15:42 INFO     Client: 1 Epoch: 0 Loss: 1.5375679500641362
03-17 15:42 INFO     Client: 1 Epoch: 1 Loss: 1.098764733922097
03-17 15:42 INFO     Client: 1 Epoch: 2 Loss: 0.9829126586837154
03-17 15:42 INFO     Client: 1 Epoch: 3 Loss: 0.8822206797138337
03-17 15:42 INFO     Client: 1 Epoch: 4 Loss: 0.840623096112282
03-17 15:42 INFO      ** Client: 1 Training complete **
03-17 15:42 INFO     global n_training: 390
03-17 15:42 INFO     global n_test: 79
03-17 15:43 INFO     >> Global Model Train accuracy: 0.3872, Train accuracy top-5: 0.7848
03-17 15:43 INFO     >> Global Model Test accuracy: 0.3907, Test accuracy top-5: 0.7956
03-17 15:43 INFO     >> Global Model Train loss: 2.0301
03-17 15:43 INFO     in comm round:2
03-17 15:43 INFO     Training network 0 n_training: 5000
03-17 15:43 INFO     Training network 0
03-17 15:43 INFO     n_training: 39
03-17 15:43 INFO     Client: 0 Epoch: 0 Loss: 1.2076834654196715
03-17 15:43 INFO     Client: 0 Epoch: 1 Loss: 0.9110915248210614
03-17 15:43 INFO     Client: 0 Epoch: 2 Loss: 0.8682460662646171
03-17 15:43 INFO     Client: 0 Epoch: 3 Loss: 0.8062900197811615
03-17 15:43 INFO     Client: 0 Epoch: 4 Loss: 0.7927981859598404
03-17 15:43 INFO      ** Client: 0 Training complete **
03-17 15:43 INFO     Training network 1 n_training: 8000
03-17 15:43 INFO     Training network 1
03-17 15:43 INFO     n_training: 62
03-17 15:43 INFO     Client: 1 Epoch: 0 Loss: 1.0829417445967275
03-17 15:43 INFO     Client: 1 Epoch: 1 Loss: 0.8157463727458831
03-17 15:43 INFO     Client: 1 Epoch: 2 Loss: 0.7780270980250451
03-17 15:43 INFO     Client: 1 Epoch: 3 Loss: 0.7214480936527252
03-17 15:43 INFO     Client: 1 Epoch: 4 Loss: 0.6869071702803334
03-17 15:43 INFO      ** Client: 1 Training complete **
03-17 15:43 INFO     global n_training: 390
03-17 15:43 INFO     global n_test: 79
03-17 15:43 INFO     >> Global Model Train accuracy: 0.4318, Train accuracy top-5: 0.9054
03-17 15:43 INFO     >> Global Model Test accuracy: 0.4416, Test accuracy top-5: 0.9152
03-17 15:43 INFO     >> Global Model Train loss: 1.7866
03-17 15:43 INFO     in comm round:3
03-17 15:43 INFO     Training network 0 n_training: 5000
03-17 15:43 INFO     Training network 0
03-17 15:43 INFO     n_training: 39
03-17 15:43 INFO     Client: 0 Epoch: 0 Loss: 1.0631954135038915
03-17 15:43 INFO     Client: 0 Epoch: 1 Loss: 0.7649221298022147
03-17 15:43 INFO     Client: 0 Epoch: 2 Loss: 0.7357826301684747
03-17 15:43 INFO     Client: 0 Epoch: 3 Loss: 0.6653196590069013
03-17 15:43 INFO     Client: 0 Epoch: 4 Loss: 0.6522362400323917
03-17 15:43 INFO      ** Client: 0 Training complete **
03-17 15:43 INFO     Training network 1 n_training: 8000
03-17 15:43 INFO     Training network 1
03-17 15:43 INFO     n_training: 62
03-17 15:43 INFO     Client: 1 Epoch: 0 Loss: 0.8726406852083821
03-17 15:43 INFO     Client: 1 Epoch: 1 Loss: 0.6687932745102914
03-17 15:43 INFO     Client: 1 Epoch: 2 Loss: 0.6255548226256524
03-17 15:44 INFO     Client: 1 Epoch: 3 Loss: 0.5855429292686524
03-17 15:44 INFO     Client: 1 Epoch: 4 Loss: 0.5499255825434962
03-17 15:44 INFO      ** Client: 1 Training complete **
03-17 15:44 INFO     global n_training: 390
03-17 15:44 INFO     global n_test: 79
03-17 15:44 INFO     >> Global Model Train accuracy: 0.5318, Train accuracy top-5: 0.9395
03-17 15:44 INFO     >> Global Model Test accuracy: 0.5419, Test accuracy top-5: 0.9449
03-17 15:44 INFO     >> Global Model Train loss: 1.4649
03-17 15:44 INFO     in comm round:4
03-17 15:44 INFO     Training network 0 n_training: 5000
03-17 15:44 INFO     Training network 0
03-17 15:44 INFO     n_training: 39
03-17 15:44 INFO     Client: 0 Epoch: 0 Loss: 0.8953169691256988
03-17 15:44 INFO     Client: 0 Epoch: 1 Loss: 0.6411742613865778
03-17 15:44 INFO     Client: 0 Epoch: 2 Loss: 0.6044837137063345
03-17 15:44 INFO     Client: 0 Epoch: 3 Loss: 0.5588116408922733
03-17 15:44 INFO     Client: 0 Epoch: 4 Loss: 0.5013625125090281
03-17 15:44 INFO      ** Client: 0 Training complete **
03-17 15:44 INFO     Training network 1 n_training: 8000
03-17 15:44 INFO     Training network 1
03-17 15:44 INFO     n_training: 62
03-17 15:44 INFO     Client: 1 Epoch: 0 Loss: 0.7621808455836389
03-17 15:44 INFO     Client: 1 Epoch: 1 Loss: 0.5599291324615479
03-17 15:44 INFO     Client: 1 Epoch: 2 Loss: 0.5298051593765136
03-17 15:44 INFO     Client: 1 Epoch: 3 Loss: 0.4827117045079508
03-17 15:44 INFO     Client: 1 Epoch: 4 Loss: 0.4595166127527914
03-17 15:44 INFO      ** Client: 1 Training complete **
03-17 15:44 INFO     global n_training: 390
03-17 15:44 INFO     global n_test: 79
03-17 15:44 INFO     >> Global Model Train accuracy: 0.5777, Train accuracy top-5: 0.9532
03-17 15:44 INFO     >> Global Model Test accuracy: 0.5766, Test accuracy top-5: 0.9548
03-17 15:44 INFO     >> Global Model Train loss: 1.3711
03-17 15:44 INFO     in comm round:5
03-17 15:44 INFO     Training network 0 n_training: 5000
03-17 15:44 INFO     Training network 0
03-17 15:44 INFO     n_training: 39
03-17 15:44 INFO     Client: 0 Epoch: 0 Loss: 0.7337933985086588
03-17 15:44 INFO     Client: 0 Epoch: 1 Loss: 0.5495861646456596
03-17 15:44 INFO     Client: 0 Epoch: 2 Loss: 0.4951999722382961
03-17 15:44 INFO     Client: 0 Epoch: 3 Loss: 0.4736357560524574
03-17 15:44 INFO     Client: 0 Epoch: 4 Loss: 0.4352885148464105
03-17 15:44 INFO      ** Client: 0 Training complete **
03-17 15:44 INFO     Training network 1 n_training: 8000
03-17 15:44 INFO     Training network 1
03-17 15:44 INFO     n_training: 62
03-17 15:45 INFO     Client: 1 Epoch: 0 Loss: 0.6322400512233857
03-17 15:45 INFO     Client: 1 Epoch: 1 Loss: 0.4697197747807349
03-17 15:45 INFO     Client: 1 Epoch: 2 Loss: 0.4135305881500244
03-17 15:45 INFO     Client: 1 Epoch: 3 Loss: 0.3965307459715874
03-17 15:45 INFO     Client: 1 Epoch: 4 Loss: 0.3851326509348808
03-17 15:45 INFO      ** Client: 1 Training complete **
03-17 15:45 INFO     global n_training: 390
03-17 15:45 INFO     global n_test: 79
03-17 15:45 INFO     >> Global Model Train accuracy: 0.5885, Train accuracy top-5: 0.9685
03-17 15:45 INFO     >> Global Model Test accuracy: 0.5924, Test accuracy top-5: 0.9691
03-17 15:45 INFO     >> Global Model Train loss: 1.2935
03-17 15:45 INFO     in comm round:6
03-17 15:45 INFO     Training network 0 n_training: 5000
03-17 15:45 INFO     Training network 0
03-17 15:45 INFO     n_training: 39
03-17 15:45 INFO     Client: 0 Epoch: 0 Loss: 0.6165749025650513
03-17 15:45 INFO     Client: 0 Epoch: 1 Loss: 0.43672724564870197
03-17 15:45 INFO     Client: 0 Epoch: 2 Loss: 0.4172346614874326
03-17 15:45 INFO     Client: 0 Epoch: 3 Loss: 0.3932863428042485
03-17 15:45 INFO     Client: 0 Epoch: 4 Loss: 0.34318834696060574
03-17 15:45 INFO      ** Client: 0 Training complete **
03-17 15:45 INFO     Training network 1 n_training: 8000
03-17 15:45 INFO     Training network 1
03-17 15:45 INFO     n_training: 62
03-17 15:45 INFO     Client: 1 Epoch: 0 Loss: 0.5620187213343959
03-17 15:45 INFO     Client: 1 Epoch: 1 Loss: 0.39087886819916384
03-17 15:45 INFO     Client: 1 Epoch: 2 Loss: 0.36216892974991954
03-17 15:45 INFO     Client: 1 Epoch: 3 Loss: 0.3372979596737892
03-17 15:45 INFO     Client: 1 Epoch: 4 Loss: 0.3302893818866822
03-17 15:45 INFO      ** Client: 1 Training complete **
03-17 15:45 INFO     global n_training: 390
03-17 15:45 INFO     global n_test: 79
03-17 15:45 INFO     >> Global Model Train accuracy: 0.6651, Train accuracy top-5: 0.9743
03-17 15:45 INFO     >> Global Model Test accuracy: 0.6569, Test accuracy top-5: 0.9752
03-17 15:45 INFO     >> Global Model Train loss: 1.0534
03-17 15:45 INFO     in comm round:7
03-17 15:45 INFO     Training network 0 n_training: 5000
03-17 15:45 INFO     Training network 0
03-17 15:45 INFO     n_training: 39
03-17 15:45 INFO     Client: 0 Epoch: 0 Loss: 0.5715028055203266
03-17 15:46 INFO     Client: 0 Epoch: 1 Loss: 0.3912892853602385
03-17 15:46 INFO     Client: 0 Epoch: 2 Loss: 0.3365976604131552
03-17 15:46 INFO     Client: 0 Epoch: 3 Loss: 0.3481530168881783
03-17 15:46 INFO     Client: 0 Epoch: 4 Loss: 0.30610948953873074
03-17 15:46 INFO      ** Client: 0 Training complete **
03-17 15:46 INFO     Training network 1 n_training: 8000
03-17 15:46 INFO     Training network 1
03-17 15:46 INFO     n_training: 62
03-17 15:46 INFO     Client: 1 Epoch: 0 Loss: 0.4545885137011928
03-17 15:46 INFO     Client: 1 Epoch: 1 Loss: 0.32126099327879565
03-17 15:46 INFO     Client: 1 Epoch: 2 Loss: 0.31003044329343304
03-17 15:46 INFO     Client: 1 Epoch: 3 Loss: 0.2843246693092008
03-17 15:46 INFO     Client: 1 Epoch: 4 Loss: 0.25707471827345507
03-17 15:46 INFO      ** Client: 1 Training complete **
03-17 15:46 INFO     global n_training: 390
03-17 15:46 INFO     global n_test: 79
03-17 15:46 INFO     >> Global Model Train accuracy: 0.6886, Train accuracy top-5: 0.9788
03-17 15:46 INFO     >> Global Model Test accuracy: 0.6843, Test accuracy top-5: 0.9767
03-17 15:46 INFO     >> Global Model Train loss: 0.9272
03-17 15:46 INFO     in comm round:8
03-17 15:46 INFO     Training network 0 n_training: 5000
03-17 15:46 INFO     Training network 0
03-17 15:46 INFO     n_training: 39
03-17 15:46 INFO     Client: 0 Epoch: 0 Loss: 0.4270983185523596
03-17 15:46 INFO     Client: 0 Epoch: 1 Loss: 0.32391243332471603
03-17 15:46 INFO     Client: 0 Epoch: 2 Loss: 0.2937585207132193
03-17 15:46 INFO     Client: 0 Epoch: 3 Loss: 0.28662616129104906
03-17 15:46 INFO     Client: 0 Epoch: 4 Loss: 0.2788534450989503
03-17 15:46 INFO      ** Client: 0 Training complete **
03-17 15:46 INFO     Training network 1 n_training: 8000
03-17 15:46 INFO     Training network 1
03-17 15:46 INFO     n_training: 62
03-17 15:46 INFO     Client: 1 Epoch: 0 Loss: 0.39053806253979284
03-17 15:46 INFO     Client: 1 Epoch: 1 Loss: 0.2625169564158686
03-17 15:46 INFO     Client: 1 Epoch: 2 Loss: 0.2558063130465246
03-17 15:46 INFO     Client: 1 Epoch: 3 Loss: 0.24674164648017577
03-17 15:46 INFO     Client: 1 Epoch: 4 Loss: 0.2265411040955974
03-17 15:46 INFO      ** Client: 1 Training complete **
03-17 15:46 INFO     global n_training: 390
03-17 15:46 INFO     global n_test: 79
03-17 15:47 INFO     >> Global Model Train accuracy: 0.7319, Train accuracy top-5: 0.9840
03-17 15:47 INFO     >> Global Model Test accuracy: 0.7273, Test accuracy top-5: 0.9820
03-17 15:47 INFO     >> Global Model Train loss: 0.8589
03-17 15:47 INFO     in comm round:9
03-17 15:47 INFO     Training network 0 n_training: 5000
03-17 15:47 INFO     Training network 0
03-17 15:47 INFO     n_training: 39
03-17 15:47 INFO     Client: 0 Epoch: 0 Loss: 0.3947839305186883
03-17 15:47 INFO     Client: 0 Epoch: 1 Loss: 0.27839033955182785
03-17 15:47 INFO     Client: 0 Epoch: 2 Loss: 0.25624803530100065
03-17 15:47 INFO     Client: 0 Epoch: 3 Loss: 0.2355458350517811
03-17 15:47 INFO     Client: 0 Epoch: 4 Loss: 0.1933512699145537
03-17 15:47 INFO      ** Client: 0 Training complete **
03-17 15:47 INFO     Training network 1 n_training: 8000
03-17 15:47 INFO     Training network 1
03-17 15:47 INFO     n_training: 62
03-17 15:47 INFO     Client: 1 Epoch: 0 Loss: 0.32881980221117696
03-17 15:47 INFO     Client: 1 Epoch: 1 Loss: 0.24116532312285516
03-17 15:47 INFO     Client: 1 Epoch: 2 Loss: 0.19859419979395404
03-17 15:47 INFO     Client: 1 Epoch: 3 Loss: 0.2030385030854133
03-17 15:47 INFO     Client: 1 Epoch: 4 Loss: 0.19131015739854304
03-17 15:47 INFO      ** Client: 1 Training complete **
03-17 15:47 INFO     global n_training: 390
03-17 15:47 INFO     global n_test: 79
03-17 15:47 INFO     >> Global Model Train accuracy: 0.6875, Train accuracy top-5: 0.9806
03-17 15:47 INFO     >> Global Model Test accuracy: 0.6704, Test accuracy top-5: 0.9796
03-17 15:47 INFO     >> Global Model Train loss: 1.1594
03-17 15:47 INFO     in comm round:10
03-17 15:47 INFO     Training network 0 n_training: 5000
03-17 15:47 INFO     Training network 0
03-17 15:47 INFO     n_training: 39
03-17 15:47 INFO     Client: 0 Epoch: 0 Loss: 0.3725983527226326
03-17 15:47 INFO     Client: 0 Epoch: 1 Loss: 0.23138741843211344
03-17 15:47 INFO     Client: 0 Epoch: 2 Loss: 0.22634065647919974
03-17 15:47 INFO     Client: 0 Epoch: 3 Loss: 0.19242927470268348
03-17 15:47 INFO     Client: 0 Epoch: 4 Loss: 0.1889669066056227
03-17 15:47 INFO      ** Client: 0 Training complete **
03-17 15:47 INFO     Training network 1 n_training: 8000
03-17 15:47 INFO     Training network 1
03-17 15:47 INFO     n_training: 62
03-17 15:47 INFO     Client: 1 Epoch: 0 Loss: 0.2871012851115196
03-17 15:47 INFO     Client: 1 Epoch: 1 Loss: 0.19976875522444326
03-17 15:48 INFO     Client: 1 Epoch: 2 Loss: 0.182935411410947
03-17 15:48 INFO     Client: 1 Epoch: 3 Loss: 0.1756331397881431
03-17 15:48 INFO     Client: 1 Epoch: 4 Loss: 0.15294218796395487
03-17 15:48 INFO      ** Client: 1 Training complete **
03-17 15:48 INFO     global n_training: 390
03-17 15:48 INFO     global n_test: 79
03-17 15:48 INFO     >> Global Model Train accuracy: 0.7333, Train accuracy top-5: 0.9857
03-17 15:48 INFO     >> Global Model Test accuracy: 0.7155, Test accuracy top-5: 0.9829
03-17 15:48 INFO     >> Global Model Train loss: 0.9188
03-17 15:48 INFO     in comm round:11
03-17 15:48 INFO     Training network 0 n_training: 5000
03-17 15:48 INFO     Training network 0
03-17 15:48 INFO     n_training: 39
03-17 15:48 INFO     Client: 0 Epoch: 0 Loss: 0.29978027634131604
03-17 15:48 INFO     Client: 0 Epoch: 1 Loss: 0.20213837577746466
03-17 15:48 INFO     Client: 0 Epoch: 2 Loss: 0.169936169225436
03-17 15:48 INFO     Client: 0 Epoch: 3 Loss: 0.15515901282047614
03-17 15:48 INFO     Client: 0 Epoch: 4 Loss: 0.1745713266233603
03-17 15:48 INFO      ** Client: 0 Training complete **
03-17 15:48 INFO     Training network 1 n_training: 8000
03-17 15:48 INFO     Training network 1
03-17 15:48 INFO     n_training: 62
03-17 15:48 INFO     Client: 1 Epoch: 0 Loss: 0.24707563666086044
03-17 15:48 INFO     Client: 1 Epoch: 1 Loss: 0.17900796114437043
03-17 15:48 INFO     Client: 1 Epoch: 2 Loss: 0.15268028725779825
03-17 15:48 INFO     Client: 1 Epoch: 3 Loss: 0.15519102518596956
03-17 15:48 INFO     Client: 1 Epoch: 4 Loss: 0.15259607472727377
03-17 15:48 INFO      ** Client: 1 Training complete **
03-17 15:48 INFO     global n_training: 390
03-17 15:48 INFO     global n_test: 79
03-17 15:48 INFO     >> Global Model Train accuracy: 0.7616, Train accuracy top-5: 0.9901
03-17 15:48 INFO     >> Global Model Test accuracy: 0.7532, Test accuracy top-5: 0.9892
03-17 15:48 INFO     >> Global Model Train loss: 0.7809
03-17 15:48 INFO     in comm round:12
03-17 15:48 INFO     Training network 0 n_training: 5000
03-17 15:48 INFO     Training network 0
03-17 15:48 INFO     n_training: 39
03-17 15:48 INFO     Client: 0 Epoch: 0 Loss: 0.22773471016150254
03-17 15:48 INFO     Client: 0 Epoch: 1 Loss: 0.16357939327374482
03-17 15:48 INFO     Client: 0 Epoch: 2 Loss: 0.15555863139721063
03-17 15:48 INFO     Client: 0 Epoch: 3 Loss: 0.14589921136697134
03-17 15:49 INFO     Client: 0 Epoch: 4 Loss: 0.1372086619719481
03-17 15:49 INFO      ** Client: 0 Training complete **
03-17 15:49 INFO     Training network 1 n_training: 8000
03-17 15:49 INFO     Training network 1
03-17 15:49 INFO     n_training: 62
03-17 15:49 INFO     Client: 1 Epoch: 0 Loss: 0.22075818418975798
03-17 15:49 INFO     Client: 1 Epoch: 1 Loss: 0.1339191398433139
03-17 15:49 INFO     Client: 1 Epoch: 2 Loss: 0.15389621552200086
03-17 15:49 INFO     Client: 1 Epoch: 3 Loss: 0.10784871317446232
03-17 15:49 INFO     Client: 1 Epoch: 4 Loss: 0.10152611896515853
03-17 15:49 INFO      ** Client: 1 Training complete **
03-17 15:49 INFO     global n_training: 390
03-17 15:49 INFO     global n_test: 79
03-17 15:49 INFO     >> Global Model Train accuracy: 0.7767, Train accuracy top-5: 0.9892
03-17 15:49 INFO     >> Global Model Test accuracy: 0.7493, Test accuracy top-5: 0.9860
03-17 15:49 INFO     >> Global Model Train loss: 0.7725
03-17 15:49 INFO     in comm round:13
03-17 15:49 INFO     Training network 0 n_training: 5000
03-17 15:49 INFO     Training network 0
03-17 15:49 INFO     n_training: 39
03-17 15:49 INFO     Client: 0 Epoch: 0 Loss: 0.239094159924067
03-17 15:49 INFO     Client: 0 Epoch: 1 Loss: 0.1448952680787979
03-17 15:49 INFO     Client: 0 Epoch: 2 Loss: 0.12258090011966534
03-17 15:49 INFO     Client: 0 Epoch: 3 Loss: 0.1159126589504572
03-17 15:49 INFO     Client: 0 Epoch: 4 Loss: 0.12534853730064172
03-17 15:49 INFO      ** Client: 0 Training complete **
03-17 15:49 INFO     Training network 1 n_training: 8000
03-17 15:49 INFO     Training network 1
03-17 15:49 INFO     n_training: 62
03-17 15:49 INFO     Client: 1 Epoch: 0 Loss: 0.18665651093807914
03-17 15:49 INFO     Client: 1 Epoch: 1 Loss: 0.1241390734550453
03-17 15:49 INFO     Client: 1 Epoch: 2 Loss: 0.12467745511281875
03-17 15:49 INFO     Client: 1 Epoch: 3 Loss: 0.1060696083811983
03-17 15:49 INFO     Client: 1 Epoch: 4 Loss: 0.10607117174133178
03-17 15:49 INFO      ** Client: 1 Training complete **
03-17 15:49 INFO     global n_training: 390
03-17 15:49 INFO     global n_test: 79
03-17 15:50 INFO     >> Global Model Train accuracy: 0.7836, Train accuracy top-5: 0.9878
03-17 15:50 INFO     >> Global Model Test accuracy: 0.7567, Test accuracy top-5: 0.9857
03-17 15:50 INFO     >> Global Model Train loss: 0.8426
03-17 15:50 INFO     in comm round:14
03-17 15:50 INFO     Training network 0 n_training: 5000
03-17 15:50 INFO     Training network 0
03-17 15:50 INFO     n_training: 39
03-17 15:50 INFO     Client: 0 Epoch: 0 Loss: 0.19790902791114953
03-17 15:50 INFO     Client: 0 Epoch: 1 Loss: 0.11164687401973285
03-17 15:50 INFO     Client: 0 Epoch: 2 Loss: 0.09967616124030872
03-17 15:50 INFO     Client: 0 Epoch: 3 Loss: 0.11132764806732154
03-17 15:50 INFO     Client: 0 Epoch: 4 Loss: 0.08802446331351231
03-17 15:50 INFO      ** Client: 0 Training complete **
03-17 15:50 INFO     Training network 1 n_training: 8000
03-17 15:50 INFO     Training network 1
03-17 15:50 INFO     n_training: 62
03-17 15:50 INFO     Client: 1 Epoch: 0 Loss: 0.17383789727764745
03-17 15:50 INFO     Client: 1 Epoch: 1 Loss: 0.10383926211826262
03-17 15:50 INFO     Client: 1 Epoch: 2 Loss: 0.08779321731098237
03-17 15:50 INFO     Client: 1 Epoch: 3 Loss: 0.07448041718453169
03-17 15:50 INFO     Client: 1 Epoch: 4 Loss: 0.062237497118692246
03-17 15:50 INFO      ** Client: 1 Training complete **
03-17 15:50 INFO     global n_training: 390
03-17 15:50 INFO     global n_test: 79
03-17 15:50 INFO     >> Global Model Train accuracy: 0.7574, Train accuracy top-5: 0.9913
03-17 15:50 INFO     >> Global Model Test accuracy: 0.7396, Test accuracy top-5: 0.9876
03-17 15:50 INFO     >> Global Model Train loss: 0.9407
03-17 15:50 INFO     in comm round:15
03-17 15:50 INFO     Training network 0 n_training: 5000
03-17 15:50 INFO     Training network 0
03-17 15:50 INFO     n_training: 39
03-17 15:50 INFO     Client: 0 Epoch: 0 Loss: 0.19869341510228622
03-17 15:50 INFO     Client: 0 Epoch: 1 Loss: 0.1258859557983203
03-17 15:50 INFO     Client: 0 Epoch: 2 Loss: 0.08465481587709525
03-17 15:50 INFO     Client: 0 Epoch: 3 Loss: 0.06593790349478905
03-17 15:50 INFO     Client: 0 Epoch: 4 Loss: 0.08065219006190698
03-17 15:50 INFO      ** Client: 0 Training complete **
03-17 15:50 INFO     Training network 1 n_training: 8000
03-17 15:50 INFO     Training network 1
03-17 15:50 INFO     n_training: 62
03-17 15:50 INFO     Client: 1 Epoch: 0 Loss: 0.13872627216962077
03-17 15:50 INFO     Client: 1 Epoch: 1 Loss: 0.10289551540007515
03-17 15:50 INFO     Client: 1 Epoch: 2 Loss: 0.08272085254711489
03-17 15:50 INFO     Client: 1 Epoch: 3 Loss: 0.058602064337220885
03-17 15:51 INFO     Client: 1 Epoch: 4 Loss: 0.06734700155474486
03-17 15:51 INFO      ** Client: 1 Training complete **
03-17 15:51 INFO     global n_training: 390
03-17 15:51 INFO     global n_test: 79
03-17 15:51 INFO     >> Global Model Train accuracy: 0.7713, Train accuracy top-5: 0.9870
03-17 15:51 INFO     >> Global Model Test accuracy: 0.7475, Test accuracy top-5: 0.9851
03-17 15:51 INFO     >> Global Model Train loss: 0.9262
03-17 15:51 INFO     in comm round:16
03-17 15:51 INFO     Training network 0 n_training: 5000
03-17 15:51 INFO     Training network 0
03-17 15:51 INFO     n_training: 39
03-17 15:51 INFO     Client: 0 Epoch: 0 Loss: 0.14616825345617074
03-17 15:51 INFO     Client: 0 Epoch: 1 Loss: 0.08656423987868504
03-17 15:51 INFO     Client: 0 Epoch: 2 Loss: 0.06962368379418667
03-17 15:51 INFO     Client: 0 Epoch: 3 Loss: 0.06028847272197405
03-17 15:51 INFO     Client: 0 Epoch: 4 Loss: 0.06593496314226052
03-17 15:51 INFO      ** Client: 0 Training complete **
03-17 15:51 INFO     Training network 1 n_training: 8000
03-17 15:51 INFO     Training network 1
03-17 15:51 INFO     n_training: 62
03-17 15:51 INFO     Client: 1 Epoch: 0 Loss: 0.12395169051183809
03-17 15:51 INFO     Client: 1 Epoch: 1 Loss: 0.07724040362142748
03-17 15:51 INFO     Client: 1 Epoch: 2 Loss: 0.056969115525604255
03-17 15:51 INFO     Client: 1 Epoch: 3 Loss: 0.06451237422504252
03-17 15:51 INFO     Client: 1 Epoch: 4 Loss: 0.062493419845498374
03-17 15:51 INFO      ** Client: 1 Training complete **
03-17 15:51 INFO     global n_training: 390
03-17 15:51 INFO     global n_test: 79
03-17 15:51 INFO     >> Global Model Train accuracy: 0.8084, Train accuracy top-5: 0.9917
03-17 15:51 INFO     >> Global Model Test accuracy: 0.7845, Test accuracy top-5: 0.9898
03-17 15:51 INFO     >> Global Model Train loss: 0.7174
03-17 15:51 INFO     in comm round:17
03-17 15:51 INFO     Training network 0 n_training: 5000
03-17 15:51 INFO     Training network 0
03-17 15:51 INFO     n_training: 39
03-17 15:51 INFO     Client: 0 Epoch: 0 Loss: 0.12415035985983335
03-17 15:51 INFO     Client: 0 Epoch: 1 Loss: 0.06252524142081921
03-17 15:51 INFO     Client: 0 Epoch: 2 Loss: 0.057415588114124075
03-17 15:51 INFO     Client: 0 Epoch: 3 Loss: 0.04357772248868759
03-17 15:51 INFO     Client: 0 Epoch: 4 Loss: 0.040809218819515825
03-17 15:51 INFO      ** Client: 0 Training complete **
03-17 15:51 INFO     Training network 1 n_training: 8000
03-17 15:51 INFO     Training network 1
03-17 15:51 INFO     n_training: 62
03-17 15:51 INFO     Client: 1 Epoch: 0 Loss: 0.09809295697918823
03-17 15:52 INFO     Client: 1 Epoch: 1 Loss: 0.04842396981773838
03-17 15:52 INFO     Client: 1 Epoch: 2 Loss: 0.058909123568164724
03-17 15:52 INFO     Client: 1 Epoch: 3 Loss: 0.06500780212903215
03-17 15:52 INFO     Client: 1 Epoch: 4 Loss: 0.04591422875021254
03-17 15:52 INFO      ** Client: 1 Training complete **
03-17 15:52 INFO     global n_training: 390
03-17 15:52 INFO     global n_test: 79
03-17 15:52 INFO     >> Global Model Train accuracy: 0.8201, Train accuracy top-5: 0.9909
03-17 15:52 INFO     >> Global Model Test accuracy: 0.7890, Test accuracy top-5: 0.9881
03-17 15:52 INFO     >> Global Model Train loss: 0.7086
03-17 15:52 INFO     in comm round:18
03-17 15:52 INFO     Training network 0 n_training: 5000
03-17 15:52 INFO     Training network 0
03-17 15:52 INFO     n_training: 39
03-17 15:52 INFO     Client: 0 Epoch: 0 Loss: 0.11753794245230846
03-17 15:52 INFO     Client: 0 Epoch: 1 Loss: 0.0894292761117984
03-17 15:52 INFO     Client: 0 Epoch: 2 Loss: 0.04727871658710333
03-17 15:52 INFO     Client: 0 Epoch: 3 Loss: 0.03855990444142849
03-17 15:52 INFO     Client: 0 Epoch: 4 Loss: 0.03778507152142433
03-17 15:52 INFO      ** Client: 0 Training complete **
03-17 15:52 INFO     Training network 1 n_training: 8000
03-17 15:52 INFO     Training network 1
03-17 15:52 INFO     n_training: 62
03-17 15:52 INFO     Client: 1 Epoch: 0 Loss: 0.06510651778549917
03-17 15:52 INFO     Client: 1 Epoch: 1 Loss: 0.043755412732641545
03-17 15:52 INFO     Client: 1 Epoch: 2 Loss: 0.043664303833558675
03-17 15:52 INFO     Client: 1 Epoch: 3 Loss: 0.049950147355576194
03-17 15:52 INFO     Client: 1 Epoch: 4 Loss: 0.0461772761998638
03-17 15:52 INFO      ** Client: 1 Training complete **
03-17 15:52 INFO     global n_training: 390
03-17 15:52 INFO     global n_test: 79
03-17 15:52 INFO     >> Global Model Train accuracy: 0.8164, Train accuracy top-5: 0.9917
03-17 15:52 INFO     >> Global Model Test accuracy: 0.7869, Test accuracy top-5: 0.9897
03-17 15:52 INFO     >> Global Model Train loss: 0.7119
03-17 15:52 INFO     in comm round:19
03-17 15:52 INFO     Training network 0 n_training: 5000
03-17 15:52 INFO     Training network 0
03-17 15:52 INFO     n_training: 39
03-17 15:52 INFO     Client: 0 Epoch: 0 Loss: 0.07977072264139469
03-17 15:52 INFO     Client: 0 Epoch: 1 Loss: 0.05111368224979975
03-17 15:53 INFO     Client: 0 Epoch: 2 Loss: 0.038105228008368075
03-17 15:53 INFO     Client: 0 Epoch: 3 Loss: 0.030550828740860406
03-17 15:53 INFO     Client: 0 Epoch: 4 Loss: 0.035981355366320945
03-17 15:53 INFO      ** Client: 0 Training complete **
03-17 15:53 INFO     Training network 1 n_training: 8000
03-17 15:53 INFO     Training network 1
03-17 15:53 INFO     n_training: 62
03-17 15:53 INFO     Client: 1 Epoch: 0 Loss: 0.08051906453986321
03-17 15:53 INFO     Client: 1 Epoch: 1 Loss: 0.04368517625956766
03-17 15:53 INFO     Client: 1 Epoch: 2 Loss: 0.04586564596261709
03-17 15:53 INFO     Client: 1 Epoch: 3 Loss: 0.035014020038708564
03-17 15:53 INFO     Client: 1 Epoch: 4 Loss: 0.03751854780280302
03-17 15:53 INFO      ** Client: 1 Training complete **
03-17 15:53 INFO     global n_training: 390
03-17 15:53 INFO     global n_test: 79
03-17 15:53 INFO     >> Global Model Train accuracy: 0.8115, Train accuracy top-5: 0.9916
03-17 15:53 INFO     >> Global Model Test accuracy: 0.7804, Test accuracy top-5: 0.9888
03-17 15:53 INFO     >> Global Model Train loss: 0.7712
03-17 15:53 INFO     in comm round:20
03-17 15:53 INFO     Training network 0 n_training: 5000
03-17 15:53 INFO     Training network 0
03-17 15:53 INFO     n_training: 39
03-17 15:53 INFO     Client: 0 Epoch: 0 Loss: 0.07549546264971678
03-17 15:53 INFO     Client: 0 Epoch: 1 Loss: 0.04047231087222313
03-17 15:53 INFO     Client: 0 Epoch: 2 Loss: 0.04453165550978902
03-17 15:53 INFO     Client: 0 Epoch: 3 Loss: 0.0381850760239057
03-17 15:53 INFO     Client: 0 Epoch: 4 Loss: 0.031851546671719126
03-17 15:53 INFO      ** Client: 0 Training complete **
03-17 15:53 INFO     Training network 1 n_training: 8000
03-17 15:53 INFO     Training network 1
03-17 15:53 INFO     n_training: 62
03-17 15:53 INFO     Client: 1 Epoch: 0 Loss: 0.05014504135526236
03-17 15:53 INFO     Client: 1 Epoch: 1 Loss: 0.019652636139653623
03-17 15:53 INFO     Client: 1 Epoch: 2 Loss: 0.021577263818002276
03-17 15:53 INFO     Client: 1 Epoch: 3 Loss: 0.02599405194632709
03-17 15:53 INFO     Client: 1 Epoch: 4 Loss: 0.024797868637007572
03-17 15:53 INFO      ** Client: 1 Training complete **
03-17 15:53 INFO     global n_training: 390
03-17 15:53 INFO     global n_test: 79
03-17 15:54 INFO     >> Global Model Train accuracy: 0.8162, Train accuracy top-5: 0.9916
03-17 15:54 INFO     >> Global Model Test accuracy: 0.7865, Test accuracy top-5: 0.9908
03-17 15:54 INFO     >> Global Model Train loss: 0.7103
03-17 15:54 INFO     in comm round:21
03-17 15:54 INFO     Training network 0 n_training: 5000
03-17 15:54 INFO     Training network 0
03-17 15:54 INFO     n_training: 39
03-17 15:54 INFO     Client: 0 Epoch: 0 Loss: 0.07115917688665482
03-17 15:54 INFO     Client: 0 Epoch: 1 Loss: 0.03308282078554233
03-17 15:54 INFO     Client: 0 Epoch: 2 Loss: 0.022524189609938707
03-17 15:54 INFO     Client: 0 Epoch: 3 Loss: 0.0180306703879092
03-17 15:54 INFO     Client: 0 Epoch: 4 Loss: 0.015082503334642986
03-17 15:54 INFO      ** Client: 0 Training complete **
03-17 15:54 INFO     Training network 1 n_training: 8000
03-17 15:54 INFO     Training network 1
03-17 15:54 INFO     n_training: 62
03-17 15:54 INFO     Client: 1 Epoch: 0 Loss: 0.06663671336437185
03-17 15:54 INFO     Client: 1 Epoch: 1 Loss: 0.04061043442737672
03-17 15:54 INFO     Client: 1 Epoch: 2 Loss: 0.027730562769237063
03-17 15:54 INFO     Client: 1 Epoch: 3 Loss: 0.023443617080638725
03-17 15:54 INFO     Client: 1 Epoch: 4 Loss: 0.016160960189036785
03-17 15:54 INFO      ** Client: 1 Training complete **
03-17 15:54 INFO     global n_training: 390
03-17 15:54 INFO     global n_test: 79
03-17 15:54 INFO     >> Global Model Train accuracy: 0.8331, Train accuracy top-5: 0.9913
03-17 15:54 INFO     >> Global Model Test accuracy: 0.8086, Test accuracy top-5: 0.9884
03-17 15:54 INFO     >> Global Model Train loss: 0.6860
03-17 15:54 INFO     in comm round:22
03-17 15:54 INFO     Training network 0 n_training: 5000
03-17 15:54 INFO     Training network 0
03-17 15:54 INFO     n_training: 39
03-17 15:54 INFO     Client: 0 Epoch: 0 Loss: 0.054715167301205486
03-17 15:54 INFO     Client: 0 Epoch: 1 Loss: 0.022648668382316828
03-17 15:54 INFO     Client: 0 Epoch: 2 Loss: 0.022410828214234266
03-17 15:54 INFO     Client: 0 Epoch: 3 Loss: 0.022709593785783418
03-17 15:54 INFO     Client: 0 Epoch: 4 Loss: 0.015429815020746527
03-17 15:54 INFO      ** Client: 0 Training complete **
03-17 15:54 INFO     Training network 1 n_training: 8000
03-17 15:54 INFO     Training network 1
03-17 15:54 INFO     n_training: 62
03-17 15:54 INFO     Client: 1 Epoch: 0 Loss: 0.032495015526130315
03-17 15:54 INFO     Client: 1 Epoch: 1 Loss: 0.015317530386270053
03-17 15:55 INFO     Client: 1 Epoch: 2 Loss: 0.013082346715588843
03-17 15:55 INFO     Client: 1 Epoch: 3 Loss: 0.01402202452487883
03-17 15:55 INFO     Client: 1 Epoch: 4 Loss: 0.016702697575730723
03-17 15:55 INFO      ** Client: 1 Training complete **
03-17 15:55 INFO     global n_training: 390
03-17 15:55 INFO     global n_test: 79
03-17 15:55 INFO     >> Global Model Train accuracy: 0.8372, Train accuracy top-5: 0.9916
03-17 15:55 INFO     >> Global Model Test accuracy: 0.8089, Test accuracy top-5: 0.9904
03-17 15:55 INFO     >> Global Model Train loss: 0.6733
03-17 15:55 INFO     in comm round:23
03-17 15:55 INFO     Training network 0 n_training: 5000
03-17 15:55 INFO     Training network 0
03-17 15:55 INFO     n_training: 39
03-17 15:55 INFO     Client: 0 Epoch: 0 Loss: 0.03551243665890816
03-17 15:55 INFO     Client: 0 Epoch: 1 Loss: 0.016195598171832852
03-17 15:55 INFO     Client: 0 Epoch: 2 Loss: 0.013443503313912796
03-17 15:55 INFO     Client: 0 Epoch: 3 Loss: 0.00732542361276081
03-17 15:55 INFO     Client: 0 Epoch: 4 Loss: 0.008013272302774474
03-17 15:55 INFO      ** Client: 0 Training complete **
03-17 15:55 INFO     Training network 1 n_training: 8000
03-17 15:55 INFO     Training network 1
03-17 15:55 INFO     n_training: 62
03-17 15:55 INFO     Client: 1 Epoch: 0 Loss: 0.036723842848122364
03-17 15:55 INFO     Client: 1 Epoch: 1 Loss: 0.014410929483992438
03-17 15:55 INFO     Client: 1 Epoch: 2 Loss: 0.011343419142518072
03-17 15:55 INFO     Client: 1 Epoch: 3 Loss: 0.009682486358571859
03-17 15:55 INFO     Client: 1 Epoch: 4 Loss: 0.008987690489213433
03-17 15:55 INFO      ** Client: 1 Training complete **
03-17 15:55 INFO     global n_training: 390
03-17 15:55 INFO     global n_test: 79
03-17 15:55 INFO     >> Global Model Train accuracy: 0.8405, Train accuracy top-5: 0.9917
03-17 15:55 INFO     >> Global Model Test accuracy: 0.8077, Test accuracy top-5: 0.9903
03-17 15:55 INFO     >> Global Model Train loss: 0.6771
03-17 15:55 INFO     in comm round:24
03-17 15:55 INFO     Training network 0 n_training: 5000
03-17 15:55 INFO     Training network 0
03-17 15:55 INFO     n_training: 39
03-17 15:55 INFO     Client: 0 Epoch: 0 Loss: 0.040018264759475224
03-17 15:55 INFO     Client: 0 Epoch: 1 Loss: 0.014892817397291461
03-17 15:55 INFO     Client: 0 Epoch: 2 Loss: 0.00991388215110279
03-17 15:55 INFO     Client: 0 Epoch: 3 Loss: 0.008886900428945247
03-17 15:55 INFO     Client: 0 Epoch: 4 Loss: 0.007593504706911074
03-17 15:55 INFO      ** Client: 0 Training complete **
03-17 15:55 INFO     Training network 1 n_training: 8000
03-17 15:55 INFO     Training network 1
03-17 15:55 INFO     n_training: 62
03-17 15:56 INFO     Client: 1 Epoch: 0 Loss: 0.025621483519282794
03-17 15:56 INFO     Client: 1 Epoch: 1 Loss: 0.01287577650885308
03-17 15:56 INFO     Client: 1 Epoch: 2 Loss: 0.010759999917354435
03-17 15:56 INFO     Client: 1 Epoch: 3 Loss: 0.01265247315994554
03-17 15:56 INFO     Client: 1 Epoch: 4 Loss: 0.006453137218599177
03-17 15:56 INFO      ** Client: 1 Training complete **
03-17 15:56 INFO     global n_training: 390
03-17 15:56 INFO     global n_test: 79
03-17 15:56 INFO     >> Global Model Train accuracy: 0.8424, Train accuracy top-5: 0.9929
03-17 15:56 INFO     >> Global Model Test accuracy: 0.8093, Test accuracy top-5: 0.9911
03-17 15:56 INFO     >> Global Model Train loss: 0.6590
03-17 15:56 INFO     in comm round:25
03-17 15:56 INFO     Training network 0 n_training: 5000
03-17 15:56 INFO     Training network 0
03-17 15:56 INFO     n_training: 39
03-17 15:56 INFO     Client: 0 Epoch: 0 Loss: 0.028634129121947367
03-17 15:56 INFO     Client: 0 Epoch: 1 Loss: 0.010978103319827754
03-17 15:56 INFO     Client: 0 Epoch: 2 Loss: 0.008802917457591647
03-17 15:56 INFO     Client: 0 Epoch: 3 Loss: 0.005533188575496659
03-17 15:56 INFO     Client: 0 Epoch: 4 Loss: 0.004923992818639351
03-17 15:56 INFO      ** Client: 0 Training complete **
03-17 15:56 INFO     Training network 1 n_training: 8000
03-17 15:56 INFO     Training network 1
03-17 15:56 INFO     n_training: 62
03-17 15:56 INFO     Client: 1 Epoch: 0 Loss: 0.024841697109232265
03-17 15:56 INFO     Client: 1 Epoch: 1 Loss: 0.0072590189032076344
03-17 15:56 INFO     Client: 1 Epoch: 2 Loss: 0.0063664591251572054
03-17 15:56 INFO     Client: 1 Epoch: 3 Loss: 0.004627351711068543
03-17 15:56 INFO     Client: 1 Epoch: 4 Loss: 0.0038259824082600854
03-17 15:56 INFO      ** Client: 1 Training complete **
03-17 15:56 INFO     global n_training: 390
03-17 15:56 INFO     global n_test: 79
03-17 15:56 INFO     >> Global Model Train accuracy: 0.8534, Train accuracy top-5: 0.9923
03-17 15:56 INFO     >> Global Model Test accuracy: 0.8220, Test accuracy top-5: 0.9908
03-17 15:56 INFO     >> Global Model Train loss: 0.6184
03-17 15:56 INFO     in comm round:26
03-17 15:56 INFO     Training network 0 n_training: 5000
03-17 15:56 INFO     Training network 0
03-17 15:56 INFO     n_training: 39
03-17 15:57 INFO     Client: 0 Epoch: 0 Loss: 0.02322363885692679
03-17 15:57 INFO     Client: 0 Epoch: 1 Loss: 0.009343382430812106
03-17 15:57 INFO     Client: 0 Epoch: 2 Loss: 0.004942473812172046
03-17 15:57 INFO     Client: 0 Epoch: 3 Loss: 0.0037802593970599654
03-17 15:57 INFO     Client: 0 Epoch: 4 Loss: 0.0029503559866824593
03-17 15:57 INFO      ** Client: 0 Training complete **
03-17 15:57 INFO     Training network 1 n_training: 8000
03-17 15:57 INFO     Training network 1
03-17 15:57 INFO     n_training: 62
03-17 15:57 INFO     Client: 1 Epoch: 0 Loss: 0.022508959807906178
03-17 15:57 INFO     Client: 1 Epoch: 1 Loss: 0.007338259268679747
03-17 15:57 INFO     Client: 1 Epoch: 2 Loss: 0.004105570495143653
03-17 15:57 INFO     Client: 1 Epoch: 3 Loss: 0.003317782376524842
03-17 15:57 INFO     Client: 1 Epoch: 4 Loss: 0.0037562063638864446
03-17 15:57 INFO      ** Client: 1 Training complete **
03-17 15:57 INFO     global n_training: 390
03-17 15:57 INFO     global n_test: 79
03-17 15:57 INFO     >> Global Model Train accuracy: 0.8523, Train accuracy top-5: 0.9921
03-17 15:57 INFO     >> Global Model Test accuracy: 0.8218, Test accuracy top-5: 0.9902
03-17 15:57 INFO     >> Global Model Train loss: 0.6176
03-17 15:57 INFO     in comm round:27
03-17 15:57 INFO     Training network 0 n_training: 5000
03-17 15:57 INFO     Training network 0
03-17 15:57 INFO     n_training: 39
03-17 15:57 INFO     Client: 0 Epoch: 0 Loss: 0.021087683564147506
03-17 15:57 INFO     Client: 0 Epoch: 1 Loss: 0.007089802475932699
03-17 15:57 INFO     Client: 0 Epoch: 2 Loss: 0.004130969722516453
03-17 15:57 INFO     Client: 0 Epoch: 3 Loss: 0.0046915705136668226
03-17 15:57 INFO     Client: 0 Epoch: 4 Loss: 0.004034389302922556
03-17 15:57 INFO      ** Client: 0 Training complete **
03-17 15:57 INFO     Training network 1 n_training: 8000
03-17 15:57 INFO     Training network 1
03-17 15:57 INFO     n_training: 62
03-17 15:57 INFO     Client: 1 Epoch: 0 Loss: 0.013040535722769076
03-17 15:57 INFO     Client: 1 Epoch: 1 Loss: 0.0037087322120750023
03-17 15:57 INFO     Client: 1 Epoch: 2 Loss: 0.0028167118416017583
03-17 15:57 INFO     Client: 1 Epoch: 3 Loss: 0.0032901188716359976
03-17 15:58 INFO     Client: 1 Epoch: 4 Loss: 0.0021484044780428974
03-17 15:58 INFO      ** Client: 1 Training complete **
03-17 15:58 INFO     global n_training: 390
03-17 15:58 INFO     global n_test: 79
03-17 15:58 INFO     >> Global Model Train accuracy: 0.8609, Train accuracy top-5: 0.9920
03-17 15:58 INFO     >> Global Model Test accuracy: 0.8238, Test accuracy top-5: 0.9902
03-17 15:58 INFO     >> Global Model Train loss: 0.5983
03-17 15:58 INFO     in comm round:28
03-17 15:58 INFO     Training network 0 n_training: 5000
03-17 15:58 INFO     Training network 0
03-17 15:58 INFO     n_training: 39
03-17 15:58 INFO     Client: 0 Epoch: 0 Loss: 0.018285440866095133
03-17 15:58 INFO     Client: 0 Epoch: 1 Loss: 0.006702075195976366
03-17 15:58 INFO     Client: 0 Epoch: 2 Loss: 0.0038323369942820417
03-17 15:58 INFO     Client: 0 Epoch: 3 Loss: 0.006111594048352578
03-17 15:58 INFO     Client: 0 Epoch: 4 Loss: 0.004076657567519504
03-17 15:58 INFO      ** Client: 0 Training complete **
03-17 15:58 INFO     Training network 1 n_training: 8000
03-17 15:58 INFO     Training network 1
03-17 15:58 INFO     n_training: 62
03-17 15:58 INFO     Client: 1 Epoch: 0 Loss: 0.011926083993579771
03-17 15:58 INFO     Client: 1 Epoch: 1 Loss: 0.003700105531606823
03-17 15:58 INFO     Client: 1 Epoch: 2 Loss: 0.0029783415591209043
03-17 15:58 INFO     Client: 1 Epoch: 3 Loss: 0.0035912926851456323
03-17 15:58 INFO     Client: 1 Epoch: 4 Loss: 0.0018198781955664257
03-17 15:58 INFO      ** Client: 1 Training complete **
03-17 15:58 INFO     global n_training: 390
03-17 15:58 INFO     global n_test: 79
03-17 15:58 INFO     >> Global Model Train accuracy: 0.8600, Train accuracy top-5: 0.9924
03-17 15:58 INFO     >> Global Model Test accuracy: 0.8263, Test accuracy top-5: 0.9910
03-17 15:58 INFO     >> Global Model Train loss: 0.5934
03-17 15:58 INFO     in comm round:29
03-17 15:58 INFO     Training network 0 n_training: 5000
03-17 15:58 INFO     Training network 0
03-17 15:58 INFO     n_training: 39
03-17 15:58 INFO     Client: 0 Epoch: 0 Loss: 0.01607288100505964
03-17 15:58 INFO     Client: 0 Epoch: 1 Loss: 0.004116357662356817
03-17 15:58 INFO     Client: 0 Epoch: 2 Loss: 0.002741397364447132
03-17 15:58 INFO     Client: 0 Epoch: 3 Loss: 0.0031679911943427166
03-17 15:58 INFO     Client: 0 Epoch: 4 Loss: 0.0024894267598238704
03-17 15:58 INFO      ** Client: 0 Training complete **
03-17 15:58 INFO     Training network 1 n_training: 8000
03-17 15:58 INFO     Training network 1
03-17 15:58 INFO     n_training: 62
03-17 15:58 INFO     Client: 1 Epoch: 0 Loss: 0.012431501380858882
03-17 15:59 INFO     Client: 1 Epoch: 1 Loss: 0.005225103023657275
03-17 15:59 INFO     Client: 1 Epoch: 2 Loss: 0.0031613958286001317
03-17 15:59 INFO     Client: 1 Epoch: 3 Loss: 0.0025191534148161147
03-17 15:59 INFO     Client: 1 Epoch: 4 Loss: 0.002220073230414381
03-17 15:59 INFO      ** Client: 1 Training complete **
03-17 15:59 INFO     global n_training: 390
03-17 15:59 INFO     global n_test: 79
03-17 15:59 INFO     >> Global Model Train accuracy: 0.8569, Train accuracy top-5: 0.9923
03-17 15:59 INFO     >> Global Model Test accuracy: 0.8215, Test accuracy top-5: 0.9908
03-17 15:59 INFO     >> Global Model Train loss: 0.6111
03-17 15:59 INFO     in comm round:30
03-17 15:59 INFO     Training network 0 n_training: 5000
03-17 15:59 INFO     Training network 0
03-17 15:59 INFO     n_training: 39
03-17 15:59 INFO     Client: 0 Epoch: 0 Loss: 0.015509421596876703
03-17 15:59 INFO     Client: 0 Epoch: 1 Loss: 0.004169955576519267
03-17 15:59 INFO     Client: 0 Epoch: 2 Loss: 0.004391276847738295
03-17 15:59 INFO     Client: 0 Epoch: 3 Loss: 0.0020933683875064626
03-17 15:59 INFO     Client: 0 Epoch: 4 Loss: 0.0023704898761561476
03-17 15:59 INFO      ** Client: 0 Training complete **
03-17 15:59 INFO     Training network 1 n_training: 8000
03-17 15:59 INFO     Training network 1
03-17 15:59 INFO     n_training: 62
03-17 15:59 INFO     Client: 1 Epoch: 0 Loss: 0.011924470303535101
03-17 15:59 INFO     Client: 1 Epoch: 1 Loss: 0.0025137498070703698
03-17 15:59 INFO     Client: 1 Epoch: 2 Loss: 0.002323708674427302
03-17 15:59 INFO     Client: 1 Epoch: 3 Loss: 0.002576166043347198
03-17 15:59 INFO     Client: 1 Epoch: 4 Loss: 0.0018374483141439756
03-17 15:59 INFO      ** Client: 1 Training complete **
03-17 15:59 INFO     global n_training: 390
03-17 15:59 INFO     global n_test: 79
03-17 15:59 INFO     >> Global Model Train accuracy: 0.8632, Train accuracy top-5: 0.9925
03-17 15:59 INFO     >> Global Model Test accuracy: 0.8259, Test accuracy top-5: 0.9916
03-17 15:59 INFO     >> Global Model Train loss: 0.5828
03-17 15:59 INFO     in comm round:31
03-17 15:59 INFO     Training network 0 n_training: 5000
03-17 15:59 INFO     Training network 0
03-17 15:59 INFO     n_training: 39
03-17 15:59 INFO     Client: 0 Epoch: 0 Loss: 0.01196507562417537
03-17 15:59 INFO     Client: 0 Epoch: 1 Loss: 0.003747239359654486
03-17 15:59 INFO     Client: 0 Epoch: 2 Loss: 0.0019398007723980416
03-17 16:00 INFO     Client: 0 Epoch: 3 Loss: 0.001897444842586246
03-17 16:00 INFO     Client: 0 Epoch: 4 Loss: 0.0022799006927436073
03-17 16:00 INFO      ** Client: 0 Training complete **
03-17 16:00 INFO     Training network 1 n_training: 8000
03-17 16:00 INFO     Training network 1
03-17 16:00 INFO     n_training: 62
03-17 16:00 INFO     Client: 1 Epoch: 0 Loss: 0.009356643258210933
03-17 16:00 INFO     Client: 1 Epoch: 1 Loss: 0.0026220071407395506
03-17 16:00 INFO     Client: 1 Epoch: 2 Loss: 0.0015835558644480884
03-17 16:00 INFO     Client: 1 Epoch: 3 Loss: 0.0014935092011939795
03-17 16:00 INFO     Client: 1 Epoch: 4 Loss: 0.0013222601541671
03-17 16:00 INFO      ** Client: 1 Training complete **
03-17 16:00 INFO     global n_training: 390
03-17 16:00 INFO     global n_test: 79
03-17 16:00 INFO     >> Global Model Train accuracy: 0.8625, Train accuracy top-5: 0.9926
03-17 16:00 INFO     >> Global Model Test accuracy: 0.8297, Test accuracy top-5: 0.9908
03-17 16:00 INFO     >> Global Model Train loss: 0.5734
03-17 16:00 INFO     in comm round:32
03-17 16:00 INFO     Training network 0 n_training: 5000
03-17 16:00 INFO     Training network 0
03-17 16:00 INFO     n_training: 39
03-17 16:00 INFO     Client: 0 Epoch: 0 Loss: 0.01132891790714497
03-17 16:00 INFO     Client: 0 Epoch: 1 Loss: 0.003003653704535025
03-17 16:00 INFO     Client: 0 Epoch: 2 Loss: 0.0026651192934085163
03-17 16:00 INFO     Client: 0 Epoch: 3 Loss: 0.0015733380225869135
03-17 16:00 INFO     Client: 0 Epoch: 4 Loss: 0.0014128794950337554
03-17 16:00 INFO      ** Client: 0 Training complete **
03-17 16:00 INFO     Training network 1 n_training: 8000
03-17 16:00 INFO     Training network 1
03-17 16:00 INFO     n_training: 62
03-17 16:00 INFO     Client: 1 Epoch: 0 Loss: 0.008863365868174081
03-17 16:00 INFO     Client: 1 Epoch: 1 Loss: 0.0025156466567310535
03-17 16:00 INFO     Client: 1 Epoch: 2 Loss: 0.001797265856200078
03-17 16:00 INFO     Client: 1 Epoch: 3 Loss: 0.001872771758503551
03-17 16:00 INFO     Client: 1 Epoch: 4 Loss: 0.0012706625003052214
03-17 16:00 INFO      ** Client: 1 Training complete **
03-17 16:00 INFO     global n_training: 390
03-17 16:00 INFO     global n_test: 79
03-17 16:01 INFO     >> Global Model Train accuracy: 0.8664, Train accuracy top-5: 0.9927
03-17 16:01 INFO     >> Global Model Test accuracy: 0.8336, Test accuracy top-5: 0.9912
03-17 16:01 INFO     >> Global Model Train loss: 0.5619
03-17 16:01 INFO     in comm round:33
03-17 16:01 INFO     Training network 0 n_training: 5000
03-17 16:01 INFO     Training network 0
03-17 16:01 INFO     n_training: 39
03-17 16:01 INFO     Client: 0 Epoch: 0 Loss: 0.010931838645587843
03-17 16:01 INFO     Client: 0 Epoch: 1 Loss: 0.0029446739070595074
03-17 16:01 INFO     Client: 0 Epoch: 2 Loss: 0.003171504648306813
03-17 16:01 INFO     Client: 0 Epoch: 3 Loss: 0.002292495861183852
03-17 16:01 INFO     Client: 0 Epoch: 4 Loss: 0.0014107539930428641
03-17 16:01 INFO      ** Client: 0 Training complete **
03-17 16:01 INFO     Training network 1 n_training: 8000
03-17 16:01 INFO     Training network 1
03-17 16:01 INFO     n_training: 62
03-17 16:01 INFO     Client: 1 Epoch: 0 Loss: 0.006724902980720564
03-17 16:01 INFO     Client: 1 Epoch: 1 Loss: 0.002245727350049081
03-17 16:01 INFO     Client: 1 Epoch: 2 Loss: 0.0018964342011566905
03-17 16:01 INFO     Client: 1 Epoch: 3 Loss: 0.0014460985865650487
03-17 16:01 INFO     Client: 1 Epoch: 4 Loss: 0.0013518320732644848
03-17 16:01 INFO      ** Client: 1 Training complete **
03-17 16:01 INFO     global n_training: 390
03-17 16:01 INFO     global n_test: 79
03-17 16:01 INFO     >> Global Model Train accuracy: 0.8671, Train accuracy top-5: 0.9923
03-17 16:01 INFO     >> Global Model Test accuracy: 0.8322, Test accuracy top-5: 0.9909
03-17 16:01 INFO     >> Global Model Train loss: 0.5751
03-17 16:01 INFO     in comm round:34
03-17 16:01 INFO     Training network 0 n_training: 5000
03-17 16:01 INFO     Training network 0
03-17 16:01 INFO     n_training: 39
03-17 16:01 INFO     Client: 0 Epoch: 0 Loss: 0.010513358179312676
03-17 16:01 INFO     Client: 0 Epoch: 1 Loss: 0.00332141823720378
03-17 16:01 INFO     Client: 0 Epoch: 2 Loss: 0.002297285693482711
03-17 16:01 INFO     Client: 0 Epoch: 3 Loss: 0.002274298453136371
03-17 16:01 INFO     Client: 0 Epoch: 4 Loss: 0.0014471328408361818
03-17 16:01 INFO      ** Client: 0 Training complete **
03-17 16:01 INFO     Training network 1 n_training: 8000
03-17 16:01 INFO     Training network 1
03-17 16:01 INFO     n_training: 62
03-17 16:01 INFO     Client: 1 Epoch: 0 Loss: 0.006059712865540097
03-17 16:01 INFO     Client: 1 Epoch: 1 Loss: 0.0018035250283109264
03-17 16:01 INFO     Client: 1 Epoch: 2 Loss: 0.0016592311890675656
03-17 16:02 INFO     Client: 1 Epoch: 3 Loss: 0.001517829760315738
03-17 16:02 INFO     Client: 1 Epoch: 4 Loss: 0.0012983310781794811
03-17 16:02 INFO      ** Client: 1 Training complete **
03-17 16:02 INFO     global n_training: 390
03-17 16:02 INFO     global n_test: 79
03-17 16:02 INFO     >> Global Model Train accuracy: 0.8739, Train accuracy top-5: 0.9917
03-17 16:02 INFO     >> Global Model Test accuracy: 0.8397, Test accuracy top-5: 0.9904
03-17 16:02 INFO     >> Global Model Train loss: 0.5396
03-17 16:02 INFO     in comm round:35
03-17 16:02 INFO     Training network 0 n_training: 5000
03-17 16:02 INFO     Training network 0
03-17 16:02 INFO     n_training: 39
03-17 16:02 INFO     Client: 0 Epoch: 0 Loss: 0.009139558142170502
03-17 16:02 INFO     Client: 0 Epoch: 1 Loss: 0.0028690402784074345
03-17 16:02 INFO     Client: 0 Epoch: 2 Loss: 0.002326472681791832
03-17 16:02 INFO     Client: 0 Epoch: 3 Loss: 0.0018245470068321968
03-17 16:02 INFO     Client: 0 Epoch: 4 Loss: 0.0014906269602644711
03-17 16:02 INFO      ** Client: 0 Training complete **
03-17 16:02 INFO     Training network 1 n_training: 8000
03-17 16:02 INFO     Training network 1
03-17 16:02 INFO     n_training: 62
03-17 16:02 INFO     Client: 1 Epoch: 0 Loss: 0.007551393697917041
03-17 16:02 INFO     Client: 1 Epoch: 1 Loss: 0.0017820107553439635
03-17 16:02 INFO     Client: 1 Epoch: 2 Loss: 0.0014215524880132908
03-17 16:02 INFO     Client: 1 Epoch: 3 Loss: 0.0015322116819480734
03-17 16:02 INFO     Client: 1 Epoch: 4 Loss: 0.0012982326800063733
03-17 16:02 INFO      ** Client: 1 Training complete **
03-17 16:02 INFO     global n_training: 390
03-17 16:02 INFO     global n_test: 79
03-17 16:02 INFO     >> Global Model Train accuracy: 0.8719, Train accuracy top-5: 0.9916
03-17 16:02 INFO     >> Global Model Test accuracy: 0.8367, Test accuracy top-5: 0.9901
03-17 16:02 INFO     >> Global Model Train loss: 0.5498
03-17 16:02 INFO     in comm round:36
03-17 16:02 INFO     Training network 0 n_training: 5000
03-17 16:02 INFO     Training network 0
03-17 16:02 INFO     n_training: 39
03-17 16:02 INFO     Client: 0 Epoch: 0 Loss: 0.011129760540102441
03-17 16:02 INFO     Client: 0 Epoch: 1 Loss: 0.0022537674536952414
03-17 16:02 INFO     Client: 0 Epoch: 2 Loss: 0.0018405078519255114
03-17 16:02 INFO     Client: 0 Epoch: 3 Loss: 0.0016806197243754584
03-17 16:02 INFO     Client: 0 Epoch: 4 Loss: 0.001313299907801243
03-17 16:02 INFO      ** Client: 0 Training complete **
03-17 16:02 INFO     Training network 1 n_training: 8000
03-17 16:02 INFO     Training network 1
03-17 16:02 INFO     n_training: 62
03-17 16:02 INFO     Client: 1 Epoch: 0 Loss: 0.00605686395776443
03-17 16:03 INFO     Client: 1 Epoch: 1 Loss: 0.0016691050001217292
03-17 16:03 INFO     Client: 1 Epoch: 2 Loss: 0.001838683154933425
03-17 16:03 INFO     Client: 1 Epoch: 3 Loss: 0.0016713086083801764
03-17 16:03 INFO     Client: 1 Epoch: 4 Loss: 0.0013161429127531818
03-17 16:03 INFO      ** Client: 1 Training complete **
03-17 16:03 INFO     global n_training: 390
03-17 16:03 INFO     global n_test: 79
03-17 16:03 INFO     >> Global Model Train accuracy: 0.8717, Train accuracy top-5: 0.9920
03-17 16:03 INFO     >> Global Model Test accuracy: 0.8339, Test accuracy top-5: 0.9902
03-17 16:03 INFO     >> Global Model Train loss: 0.5467
03-17 16:03 INFO     in comm round:37
03-17 16:03 INFO     Training network 0 n_training: 5000
03-17 16:03 INFO     Training network 0
03-17 16:03 INFO     n_training: 39
03-17 16:03 INFO     Client: 0 Epoch: 0 Loss: 0.008644661316886926
03-17 16:03 INFO     Client: 0 Epoch: 1 Loss: 0.00323706240249941
03-17 16:03 INFO     Client: 0 Epoch: 2 Loss: 0.002028184239931691
03-17 16:03 INFO     Client: 0 Epoch: 3 Loss: 0.0017503829835615575
03-17 16:03 INFO     Client: 0 Epoch: 4 Loss: 0.001690738453852156
03-17 16:03 INFO      ** Client: 0 Training complete **
03-17 16:03 INFO     Training network 1 n_training: 8000
03-17 16:03 INFO     Training network 1
03-17 16:03 INFO     n_training: 62
03-17 16:03 INFO     Client: 1 Epoch: 0 Loss: 0.006566727478545339
03-17 16:03 INFO     Client: 1 Epoch: 1 Loss: 0.0012638253120390037
03-17 16:03 INFO     Client: 1 Epoch: 2 Loss: 0.0017055946570302871
03-17 16:03 INFO     Client: 1 Epoch: 3 Loss: 0.001879800037591673
03-17 16:03 INFO     Client: 1 Epoch: 4 Loss: 0.0012371441811293124
03-17 16:03 INFO      ** Client: 1 Training complete **
03-17 16:03 INFO     global n_training: 390
03-17 16:03 INFO     global n_test: 79
03-17 16:03 INFO     >> Global Model Train accuracy: 0.8716, Train accuracy top-5: 0.9924
03-17 16:03 INFO     >> Global Model Test accuracy: 0.8383, Test accuracy top-5: 0.9906
03-17 16:03 INFO     >> Global Model Train loss: 0.5535
03-17 16:03 INFO     in comm round:38
03-17 16:03 INFO     Training network 0 n_training: 5000
03-17 16:03 INFO     Training network 0
03-17 16:03 INFO     n_training: 39
03-17 16:03 INFO     Client: 0 Epoch: 0 Loss: 0.008763014343388092
03-17 16:03 INFO     Client: 0 Epoch: 1 Loss: 0.002549679411085657
03-17 16:04 INFO     Client: 0 Epoch: 2 Loss: 0.0021616169878353295
03-17 16:04 INFO     Client: 0 Epoch: 3 Loss: 0.0017734006769620837
03-17 16:04 INFO     Client: 0 Epoch: 4 Loss: 0.0016261314098627712
03-17 16:04 INFO      ** Client: 0 Training complete **
03-17 16:04 INFO     Training network 1 n_training: 8000
03-17 16:04 INFO     Training network 1
03-17 16:04 INFO     n_training: 62
03-17 16:04 INFO     Client: 1 Epoch: 0 Loss: 0.006289157448449142
03-17 16:04 INFO     Client: 1 Epoch: 1 Loss: 0.0019019587681771467
03-17 16:04 INFO     Client: 1 Epoch: 2 Loss: 0.0017100617969258419
03-17 16:04 INFO     Client: 1 Epoch: 3 Loss: 0.0016134954343978015
03-17 16:04 INFO     Client: 1 Epoch: 4 Loss: 0.001387874495365747
03-17 16:04 INFO      ** Client: 1 Training complete **
03-17 16:04 INFO     global n_training: 390
03-17 16:04 INFO     global n_test: 79
03-17 16:04 INFO     >> Global Model Train accuracy: 0.8762, Train accuracy top-5: 0.9920
03-17 16:04 INFO     >> Global Model Test accuracy: 0.8415, Test accuracy top-5: 0.9898
03-17 16:04 INFO     >> Global Model Train loss: 0.5326
03-17 16:04 INFO     in comm round:39
03-17 16:04 INFO     Training network 0 n_training: 5000
03-17 16:04 INFO     Training network 0
03-17 16:04 INFO     n_training: 39
03-17 16:04 INFO     Client: 0 Epoch: 0 Loss: 0.010977347602303594
03-17 16:04 INFO     Client: 0 Epoch: 1 Loss: 0.0022423052384207645
03-17 16:04 INFO     Client: 0 Epoch: 2 Loss: 0.0018722505505698232
03-17 16:04 INFO     Client: 0 Epoch: 3 Loss: 0.0016180730547206716
03-17 16:04 INFO     Client: 0 Epoch: 4 Loss: 0.0018374623211387258
03-17 16:04 INFO      ** Client: 0 Training complete **
03-17 16:04 INFO     Training network 1 n_training: 8000
03-17 16:04 INFO     Training network 1
03-17 16:04 INFO     n_training: 62
03-17 16:04 INFO     Client: 1 Epoch: 0 Loss: 0.006447884057941396
03-17 16:04 INFO     Client: 1 Epoch: 1 Loss: 0.0016069967574777924
03-17 16:04 INFO     Client: 1 Epoch: 2 Loss: 0.0016685206698434007
03-17 16:04 INFO     Client: 1 Epoch: 3 Loss: 0.001376918890708757
03-17 16:04 INFO     Client: 1 Epoch: 4 Loss: 0.001396123060276882
03-17 16:04 INFO      ** Client: 1 Training complete **
03-17 16:04 INFO     global n_training: 390
03-17 16:04 INFO     global n_test: 79
03-17 16:05 INFO     >> Global Model Train accuracy: 0.8760, Train accuracy top-5: 0.9922
03-17 16:05 INFO     >> Global Model Test accuracy: 0.8398, Test accuracy top-5: 0.9901
03-17 16:05 INFO     >> Global Model Train loss: 0.5360
03-17 16:05 INFO     in comm round:40
03-17 16:05 INFO     Training network 0 n_training: 5000
03-17 16:05 INFO     Training network 0
03-17 16:05 INFO     n_training: 39
03-17 16:05 INFO     Client: 0 Epoch: 0 Loss: 0.008507900757906146
03-17 16:05 INFO     Client: 0 Epoch: 1 Loss: 0.0033564030294282697
03-17 16:05 INFO     Client: 0 Epoch: 2 Loss: 0.002331774686284077
03-17 16:05 INFO     Client: 0 Epoch: 3 Loss: 0.0018662836586232656
03-17 16:05 INFO     Client: 0 Epoch: 4 Loss: 0.0013953032866060638
03-17 16:05 INFO      ** Client: 0 Training complete **
03-17 16:05 INFO     Training network 1 n_training: 8000
03-17 16:05 INFO     Training network 1
03-17 16:05 INFO     n_training: 62
03-17 16:05 INFO     Client: 1 Epoch: 0 Loss: 0.007731615319742912
03-17 16:05 INFO     Client: 1 Epoch: 1 Loss: 0.0017573420707541968
03-17 16:05 INFO     Client: 1 Epoch: 2 Loss: 0.002006580981786453
03-17 16:05 INFO     Client: 1 Epoch: 3 Loss: 0.0013464157025502514
03-17 16:05 INFO     Client: 1 Epoch: 4 Loss: 0.0013400148935972774
03-17 16:05 INFO      ** Client: 1 Training complete **
03-17 16:05 INFO     global n_training: 390
03-17 16:05 INFO     global n_test: 79
03-17 16:05 INFO     >> Global Model Train accuracy: 0.8791, Train accuracy top-5: 0.9926
03-17 16:05 INFO     >> Global Model Test accuracy: 0.8425, Test accuracy top-5: 0.9899
03-17 16:05 INFO     >> Global Model Train loss: 0.5305
03-17 16:05 INFO     in comm round:41
03-17 16:05 INFO     Training network 0 n_training: 5000
03-17 16:05 INFO     Training network 0
03-17 16:05 INFO     n_training: 39
03-17 16:05 INFO     Client: 0 Epoch: 0 Loss: 0.01149893828178159
03-17 16:05 INFO     Client: 0 Epoch: 1 Loss: 0.0024796279314427804
03-17 16:05 INFO     Client: 0 Epoch: 2 Loss: 0.002403522923720093
03-17 16:05 INFO     Client: 0 Epoch: 3 Loss: 0.002523477335508244
03-17 16:05 INFO     Client: 0 Epoch: 4 Loss: 0.001813503994922846
03-17 16:05 INFO      ** Client: 0 Training complete **
03-17 16:05 INFO     Training network 1 n_training: 8000
03-17 16:05 INFO     Training network 1
03-17 16:05 INFO     n_training: 62
03-17 16:05 INFO     Client: 1 Epoch: 0 Loss: 0.0059155626494752905
03-17 16:05 INFO     Client: 1 Epoch: 1 Loss: 0.002180326314109768
03-17 16:05 INFO     Client: 1 Epoch: 2 Loss: 0.0017993912690379206
03-17 16:06 INFO     Client: 1 Epoch: 3 Loss: 0.0018684279338847245
03-17 16:06 INFO     Client: 1 Epoch: 4 Loss: 0.0014034136444435366
03-17 16:06 INFO      ** Client: 1 Training complete **
03-17 16:06 INFO     global n_training: 390
03-17 16:06 INFO     global n_test: 79
03-17 16:06 INFO     >> Global Model Train accuracy: 0.8782, Train accuracy top-5: 0.9924
03-17 16:06 INFO     >> Global Model Test accuracy: 0.8431, Test accuracy top-5: 0.9899
03-17 16:06 INFO     >> Global Model Train loss: 0.5253
03-17 16:06 INFO     in comm round:42
03-17 16:06 INFO     Training network 0 n_training: 5000
03-17 16:06 INFO     Training network 0
03-17 16:06 INFO     n_training: 39
03-17 16:06 INFO     Client: 0 Epoch: 0 Loss: 0.00945663241108354
03-17 16:06 INFO     Client: 0 Epoch: 1 Loss: 0.004491722444072366
03-17 16:06 INFO     Client: 0 Epoch: 2 Loss: 0.0024930673609607113
03-17 16:06 INFO     Client: 0 Epoch: 3 Loss: 0.002583457399547721
03-17 16:06 INFO     Client: 0 Epoch: 4 Loss: 0.00180078548594163
03-17 16:06 INFO      ** Client: 0 Training complete **
03-17 16:06 INFO     Training network 1 n_training: 8000
03-17 16:06 INFO     Training network 1
03-17 16:06 INFO     n_training: 62
03-17 16:06 INFO     Client: 1 Epoch: 0 Loss: 0.007884684248804865
03-17 16:06 INFO     Client: 1 Epoch: 1 Loss: 0.0021184215288338882
03-17 16:06 INFO     Client: 1 Epoch: 2 Loss: 0.0019888414530977306
03-17 16:06 INFO     Client: 1 Epoch: 3 Loss: 0.001743285375038883
03-17 16:06 INFO     Client: 1 Epoch: 4 Loss: 0.0014387798873940483
03-17 16:06 INFO      ** Client: 1 Training complete **
03-17 16:06 INFO     global n_training: 390
03-17 16:06 INFO     global n_test: 79
03-17 16:06 INFO     >> Global Model Train accuracy: 0.8799, Train accuracy top-5: 0.9918
03-17 16:06 INFO     >> Global Model Test accuracy: 0.8434, Test accuracy top-5: 0.9897
03-17 16:06 INFO     >> Global Model Train loss: 0.5212
03-17 16:06 INFO     in comm round:43
03-17 16:06 INFO     Training network 0 n_training: 5000
03-17 16:06 INFO     Training network 0
03-17 16:06 INFO     n_training: 39
03-17 16:06 INFO     Client: 0 Epoch: 0 Loss: 0.01299308626076732
03-17 16:06 INFO     Client: 0 Epoch: 1 Loss: 0.004087918279811931
03-17 16:06 INFO     Client: 0 Epoch: 2 Loss: 0.0032867269250206077
03-17 16:06 INFO     Client: 0 Epoch: 3 Loss: 0.0027780512135881833
03-17 16:06 INFO     Client: 0 Epoch: 4 Loss: 0.002352436158197144
03-17 16:06 INFO      ** Client: 0 Training complete **
03-17 16:06 INFO     Training network 1 n_training: 8000
03-17 16:06 INFO     Training network 1
03-17 16:06 INFO     n_training: 62
03-17 16:07 INFO     Client: 1 Epoch: 0 Loss: 0.006849994949598406
03-17 16:07 INFO     Client: 1 Epoch: 1 Loss: 0.002969905836395018
03-17 16:07 INFO     Client: 1 Epoch: 2 Loss: 0.0021178880302731187
03-17 16:07 INFO     Client: 1 Epoch: 3 Loss: 0.0021069812731096343
03-17 16:07 INFO     Client: 1 Epoch: 4 Loss: 0.0016132683325145814
03-17 16:07 INFO      ** Client: 1 Training complete **
03-17 16:07 INFO     global n_training: 390
03-17 16:07 INFO     global n_test: 79
03-17 16:07 INFO     >> Global Model Train accuracy: 0.8794, Train accuracy top-5: 0.9919
03-17 16:07 INFO     >> Global Model Test accuracy: 0.8432, Test accuracy top-5: 0.9893
03-17 16:07 INFO     >> Global Model Train loss: 0.5265
03-17 16:07 INFO     in comm round:44
03-17 16:07 INFO     Training network 0 n_training: 5000
03-17 16:07 INFO     Training network 0
03-17 16:07 INFO     n_training: 39
03-17 16:07 INFO     Client: 0 Epoch: 0 Loss: 0.01163943369801228
03-17 16:07 INFO     Client: 0 Epoch: 1 Loss: 0.0060560452536894726
03-17 16:07 INFO     Client: 0 Epoch: 2 Loss: 0.003956216153127547
03-17 16:07 INFO     Client: 0 Epoch: 3 Loss: 0.0028332380655532083
03-17 16:07 INFO     Client: 0 Epoch: 4 Loss: 0.0029361919299938167
03-17 16:07 INFO      ** Client: 0 Training complete **
03-17 16:07 INFO     Training network 1 n_training: 8000
03-17 16:07 INFO     Training network 1
03-17 16:07 INFO     n_training: 62
03-17 16:07 INFO     Client: 1 Epoch: 0 Loss: 0.008178968082046918
03-17 16:07 INFO     Client: 1 Epoch: 1 Loss: 0.003214104468145618
03-17 16:07 INFO     Client: 1 Epoch: 2 Loss: 0.0022268597047866113
03-17 16:07 INFO     Client: 1 Epoch: 3 Loss: 0.0020036391961771333
03-17 16:07 INFO     Client: 1 Epoch: 4 Loss: 0.0016930773121965749
03-17 16:07 INFO      ** Client: 1 Training complete **
03-17 16:07 INFO     global n_training: 390
03-17 16:07 INFO     global n_test: 79
03-17 16:07 INFO     >> Global Model Train accuracy: 0.8789, Train accuracy top-5: 0.9923
03-17 16:07 INFO     >> Global Model Test accuracy: 0.8436, Test accuracy top-5: 0.9896
03-17 16:07 INFO     >> Global Model Train loss: 0.5254
03-17 16:07 INFO     in comm round:45
03-17 16:07 INFO     Training network 0 n_training: 5000
03-17 16:07 INFO     Training network 0
03-17 16:07 INFO     n_training: 39
03-17 16:08 INFO     Client: 0 Epoch: 0 Loss: 0.012281026983729158
03-17 16:08 INFO     Client: 0 Epoch: 1 Loss: 0.006972766890286062
03-17 16:08 INFO     Client: 0 Epoch: 2 Loss: 0.004248494619670778
03-17 16:08 INFO     Client: 0 Epoch: 3 Loss: 0.003790979470627812
03-17 16:08 INFO     Client: 0 Epoch: 4 Loss: 0.0035312854840109744
03-17 16:08 INFO      ** Client: 0 Training complete **
03-17 16:08 INFO     Training network 1 n_training: 8000
03-17 16:08 INFO     Training network 1
03-17 16:08 INFO     n_training: 62
03-17 16:08 INFO     Client: 1 Epoch: 0 Loss: 0.007243342014149793
03-17 16:08 INFO     Client: 1 Epoch: 1 Loss: 0.003941150796186599
03-17 16:08 INFO     Client: 1 Epoch: 2 Loss: 0.0027023871427386877
03-17 16:08 INFO     Client: 1 Epoch: 3 Loss: 0.002481559414469126
03-17 16:08 INFO     Client: 1 Epoch: 4 Loss: 0.00218283370017044
03-17 16:08 INFO      ** Client: 1 Training complete **
03-17 16:08 INFO     global n_training: 390
03-17 16:08 INFO     global n_test: 79
03-17 16:08 INFO     >> Global Model Train accuracy: 0.8801, Train accuracy top-5: 0.9922
03-17 16:08 INFO     >> Global Model Test accuracy: 0.8440, Test accuracy top-5: 0.9900
03-17 16:08 INFO     >> Global Model Train loss: 0.5327
03-17 16:08 INFO     in comm round:46
03-17 16:08 INFO     Training network 0 n_training: 5000
03-17 16:08 INFO     Training network 0
03-17 16:08 INFO     n_training: 39
03-17 16:08 INFO     Client: 0 Epoch: 0 Loss: 0.012629308618414097
03-17 16:08 INFO     Client: 0 Epoch: 1 Loss: 0.005795928410803661
03-17 16:08 INFO     Client: 0 Epoch: 2 Loss: 0.005417760792904749
03-17 16:08 INFO     Client: 0 Epoch: 3 Loss: 0.0068028790530008385
03-17 16:08 INFO     Client: 0 Epoch: 4 Loss: 0.004493469649997468
03-17 16:08 INFO      ** Client: 0 Training complete **
03-17 16:08 INFO     Training network 1 n_training: 8000
03-17 16:08 INFO     Training network 1
03-17 16:08 INFO     n_training: 62
03-17 16:08 INFO     Client: 1 Epoch: 0 Loss: 0.00779464123808148
03-17 16:08 INFO     Client: 1 Epoch: 1 Loss: 0.0057705497752214155
03-17 16:08 INFO     Client: 1 Epoch: 2 Loss: 0.0035099125159303505
03-17 16:08 INFO     Client: 1 Epoch: 3 Loss: 0.00281156322284181
03-17 16:08 INFO     Client: 1 Epoch: 4 Loss: 0.0023488611106820883
03-17 16:08 INFO      ** Client: 1 Training complete **
03-17 16:08 INFO     global n_training: 390
03-17 16:08 INFO     global n_test: 79
03-17 16:09 INFO     >> Global Model Train accuracy: 0.8814, Train accuracy top-5: 0.9917
03-17 16:09 INFO     >> Global Model Test accuracy: 0.8455, Test accuracy top-5: 0.9891
03-17 16:09 INFO     >> Global Model Train loss: 0.5247
03-17 16:09 INFO     in comm round:47
03-17 16:09 INFO     Training network 0 n_training: 5000
03-17 16:09 INFO     Training network 0
03-17 16:09 INFO     n_training: 39
03-17 16:09 INFO     Client: 0 Epoch: 0 Loss: 0.011958839753881479
03-17 16:09 INFO     Client: 0 Epoch: 1 Loss: 0.010139653375611091
03-17 16:09 INFO     Client: 0 Epoch: 2 Loss: 0.007935809592405954
03-17 16:09 INFO     Client: 0 Epoch: 3 Loss: 0.0071186192500858735
03-17 16:09 INFO     Client: 0 Epoch: 4 Loss: 0.006735741602591215
03-17 16:09 INFO      ** Client: 0 Training complete **
03-17 16:09 INFO     Training network 1 n_training: 8000
03-17 16:09 INFO     Training network 1
03-17 16:09 INFO     n_training: 62
03-17 16:09 INFO     Client: 1 Epoch: 0 Loss: 0.007822679665555516
03-17 16:09 INFO     Client: 1 Epoch: 1 Loss: 0.006465186485119404
03-17 16:09 INFO     Client: 1 Epoch: 2 Loss: 0.004532590739413976
03-17 16:09 INFO     Client: 1 Epoch: 3 Loss: 0.004283457992583393
03-17 16:09 INFO     Client: 1 Epoch: 4 Loss: 0.003929416038801954
03-17 16:09 INFO      ** Client: 1 Training complete **
03-17 16:09 INFO     global n_training: 390
03-17 16:09 INFO     global n_test: 79
03-17 16:09 INFO     >> Global Model Train accuracy: 0.8814, Train accuracy top-5: 0.9923
03-17 16:09 INFO     >> Global Model Test accuracy: 0.8442, Test accuracy top-5: 0.9895
03-17 16:09 INFO     >> Global Model Train loss: 0.5289
03-17 16:09 INFO     in comm round:48
03-17 16:09 INFO     Training network 0 n_training: 5000
03-17 16:09 INFO     Training network 0
03-17 16:09 INFO     n_training: 39
03-17 16:09 INFO     Client: 0 Epoch: 0 Loss: 0.014059310390924415
03-17 16:09 INFO     Client: 0 Epoch: 1 Loss: 0.01116090278642682
03-17 16:09 INFO     Client: 0 Epoch: 2 Loss: 0.009625098118797326
03-17 16:09 INFO     Client: 0 Epoch: 3 Loss: 0.008672306946932506
03-17 16:09 INFO     Client: 0 Epoch: 4 Loss: 0.007447549112093372
03-17 16:09 INFO      ** Client: 0 Training complete **
03-17 16:09 INFO     Training network 1 n_training: 8000
03-17 16:09 INFO     Training network 1
03-17 16:09 INFO     n_training: 62
03-17 16:09 INFO     Client: 1 Epoch: 0 Loss: 0.009545378420772332
03-17 16:09 INFO     Client: 1 Epoch: 1 Loss: 0.0075002310632337485
03-17 16:10 INFO     Client: 1 Epoch: 2 Loss: 0.005739205845466424
03-17 16:10 INFO     Client: 1 Epoch: 3 Loss: 0.004893165723901362
03-17 16:10 INFO     Client: 1 Epoch: 4 Loss: 0.005085333773393124
03-17 16:10 INFO      ** Client: 1 Training complete **
03-17 16:10 INFO     global n_training: 390
03-17 16:10 INFO     global n_test: 79
03-17 16:10 INFO     >> Global Model Train accuracy: 0.8817, Train accuracy top-5: 0.9915
03-17 16:10 INFO     >> Global Model Test accuracy: 0.8463, Test accuracy top-5: 0.9894
03-17 16:10 INFO     >> Global Model Train loss: 0.5253
03-17 16:10 INFO     in comm round:49
03-17 16:10 INFO     Training network 0 n_training: 5000
03-17 16:10 INFO     Training network 0
03-17 16:10 INFO     n_training: 39
03-17 16:10 INFO     Client: 0 Epoch: 0 Loss: 0.013365819895019134
03-17 16:10 INFO     Client: 0 Epoch: 1 Loss: 0.014542156615509437
03-17 16:10 INFO     Client: 0 Epoch: 2 Loss: 0.012308952837394407
03-17 16:10 INFO     Client: 0 Epoch: 3 Loss: 0.01364933230723135
03-17 16:10 INFO     Client: 0 Epoch: 4 Loss: 0.010295820100089679
03-17 16:10 INFO      ** Client: 0 Training complete **
03-17 16:10 INFO     Training network 1 n_training: 8000
03-17 16:10 INFO     Training network 1
03-17 16:10 INFO     n_training: 62
03-17 16:10 INFO     Client: 1 Epoch: 0 Loss: 0.009775851353732568
03-17 16:10 INFO     Client: 1 Epoch: 1 Loss: 0.008971429553874317
03-17 16:10 INFO     Client: 1 Epoch: 2 Loss: 0.008079425463708299
03-17 16:10 INFO     Client: 1 Epoch: 3 Loss: 0.008091666281313425
03-17 16:10 INFO     Client: 1 Epoch: 4 Loss: 0.006782101808987077
03-17 16:10 INFO      ** Client: 1 Training complete **
03-17 16:10 INFO     global n_training: 390
03-17 16:10 INFO     global n_test: 79
03-17 16:10 INFO     >> Global Model Train accuracy: 0.8820, Train accuracy top-5: 0.9919
03-17 16:10 INFO     >> Global Model Test accuracy: 0.8456, Test accuracy top-5: 0.9893
03-17 16:10 INFO     >> Global Model Train loss: 0.5305
03-17 16:10 INFO     Starting Fine Tuning...
03-17 16:10 INFO     Training network 0
03-17 16:10 INFO     n_training: 39
03-17 16:10 INFO     Client: 0 Epoch: 0 Loss: 0.011956929647101041
03-17 16:10 INFO     Client: 0 Epoch: 1 Loss: 0.0112810696546848
03-17 16:10 INFO     Client: 0 Epoch: 2 Loss: 0.01187757519670786
03-17 16:11 INFO     Client: 0 Epoch: 3 Loss: 0.0105115115427627
03-17 16:11 INFO     Client: 0 Epoch: 4 Loss: 0.011309385860864168
03-17 16:11 INFO      ** Client: 0 Training complete **
03-17 16:11 INFO     Training network 0
03-17 16:11 INFO     n_training: 39
03-17 16:11 INFO     Client: 0 Epoch: 0 Loss: 0.011218313235216416
03-17 16:11 INFO     Client: 0 Epoch: 1 Loss: 0.011243461864069104
03-17 16:11 INFO     Client: 0 Epoch: 2 Loss: 0.011163402426367005
03-17 16:11 INFO     Client: 0 Epoch: 3 Loss: 0.01022404370805583
03-17 16:11 INFO     Client: 0 Epoch: 4 Loss: 0.008651185959864121
03-17 16:11 INFO      ** Client: 0 Training complete **
03-17 16:11 INFO     Training network 0
03-17 16:11 INFO     n_training: 39
03-17 16:11 INFO     Client: 0 Epoch: 0 Loss: 0.009854262026074605
03-17 16:11 INFO     Client: 0 Epoch: 1 Loss: 0.007695299191161608
03-17 16:11 INFO     Client: 0 Epoch: 2 Loss: 0.00931274995374947
03-17 16:11 INFO     Client: 0 Epoch: 3 Loss: 0.008937159899431162
03-17 16:11 INFO     Client: 0 Epoch: 4 Loss: 0.007659152191944229
03-17 16:11 INFO      ** Client: 0 Training complete **
03-17 16:11 INFO     Training network 0
03-17 16:11 INFO     n_training: 39
03-17 16:11 INFO     Client: 0 Epoch: 0 Loss: 0.009145692220697992
03-17 16:11 INFO     Client: 0 Epoch: 1 Loss: 0.007425731871850216
03-17 16:11 INFO     Client: 0 Epoch: 2 Loss: 0.0077989490416187504
03-17 16:11 INFO     Client: 0 Epoch: 3 Loss: 0.008549294840448942
03-17 16:11 INFO     Client: 0 Epoch: 4 Loss: 0.00779513432047306
03-17 16:11 INFO      ** Client: 0 Training complete **
03-17 16:11 INFO     Training network 0
03-17 16:11 INFO     n_training: 39
03-17 16:11 INFO     Client: 0 Epoch: 0 Loss: 0.006651294543049657
03-17 16:11 INFO     Client: 0 Epoch: 1 Loss: 0.007356947472987649
03-17 16:11 INFO     Client: 0 Epoch: 2 Loss: 0.006252177155170686
03-17 16:11 INFO     Client: 0 Epoch: 3 Loss: 0.006566092043589705
03-17 16:11 INFO     Client: 0 Epoch: 4 Loss: 0.005210087270452044
03-17 16:11 INFO      ** Client: 0 Training complete **
03-17 16:11 INFO     Training network 0
03-17 16:11 INFO     n_training: 39
03-17 16:11 INFO     Client: 0 Epoch: 0 Loss: 0.006612096698238299
03-17 16:11 INFO     Client: 0 Epoch: 1 Loss: 0.005912641973760075
03-17 16:11 INFO     Client: 0 Epoch: 2 Loss: 0.005687992613858137
03-17 16:12 INFO     Client: 0 Epoch: 3 Loss: 0.006768103647165191
03-17 16:12 INFO     Client: 0 Epoch: 4 Loss: 0.006046907767319145
03-17 16:12 INFO      ** Client: 0 Training complete **
03-17 16:12 INFO     Training network 0
03-17 16:12 INFO     n_training: 39
03-17 16:12 INFO     Client: 0 Epoch: 0 Loss: 0.006252616452865112
03-17 16:12 INFO     Client: 0 Epoch: 1 Loss: 0.0045876314338201135
03-17 16:12 INFO     Client: 0 Epoch: 2 Loss: 0.006508769542098236
03-17 16:12 INFO     Client: 0 Epoch: 3 Loss: 0.0062054904530015895
03-17 16:12 INFO     Client: 0 Epoch: 4 Loss: 0.00590768991671025
03-17 16:12 INFO      ** Client: 0 Training complete **
03-17 16:12 INFO     Training network 0
03-17 16:12 INFO     n_training: 39
03-17 16:12 INFO     Client: 0 Epoch: 0 Loss: 0.0052656496618277366
03-17 16:12 INFO     Client: 0 Epoch: 1 Loss: 0.005126406474468799
03-17 16:12 INFO     Client: 0 Epoch: 2 Loss: 0.005438718031375454
03-17 16:12 INFO     Client: 0 Epoch: 3 Loss: 0.0057699071983687384
03-17 16:12 INFO     Client: 0 Epoch: 4 Loss: 0.005385577374209578
03-17 16:12 INFO      ** Client: 0 Training complete **
03-17 16:12 INFO     Training network 0
03-17 16:12 INFO     n_training: 39
03-17 16:12 INFO     Client: 0 Epoch: 0 Loss: 0.0056941558499462325
03-17 16:12 INFO     Client: 0 Epoch: 1 Loss: 0.005081985641318636
03-17 16:12 INFO     Client: 0 Epoch: 2 Loss: 0.005674590258142696
03-17 16:12 INFO     Client: 0 Epoch: 3 Loss: 0.004810729875969581
03-17 16:12 INFO     Client: 0 Epoch: 4 Loss: 0.005183229631839845
03-17 16:12 INFO      ** Client: 0 Training complete **
03-17 16:12 INFO     Training network 0
03-17 16:12 INFO     n_training: 39
03-17 16:12 INFO     Client: 0 Epoch: 0 Loss: 0.004807490177858525
03-17 16:12 INFO     Client: 0 Epoch: 1 Loss: 0.005349387943099897
03-17 16:12 INFO     Client: 0 Epoch: 2 Loss: 0.004274266819732311
03-17 16:12 INFO     Client: 0 Epoch: 3 Loss: 0.005302318061391513
03-17 16:12 INFO     Client: 0 Epoch: 4 Loss: 0.0046809465767672425
03-17 16:12 INFO      ** Client: 0 Training complete **
03-17 16:12 INFO     Training network 0
03-17 16:12 INFO     n_training: 39
03-17 16:12 INFO     Client: 0 Epoch: 0 Loss: 0.0038620404069288038
03-17 16:12 INFO     Client: 0 Epoch: 1 Loss: 0.004581853257826505
03-17 16:12 INFO     Client: 0 Epoch: 2 Loss: 0.005800084581073278
03-17 16:12 INFO     Client: 0 Epoch: 3 Loss: 0.005630399237792843
03-17 16:13 INFO     Client: 0 Epoch: 4 Loss: 0.0046654496586714415
03-17 16:13 INFO      ** Client: 0 Training complete **
03-17 16:13 INFO     Training network 0
03-17 16:13 INFO     n_training: 39
03-17 16:13 INFO     Client: 0 Epoch: 0 Loss: 0.0050864016476015635
03-17 16:13 INFO     Client: 0 Epoch: 1 Loss: 0.004880065313325479
03-17 16:13 INFO     Client: 0 Epoch: 2 Loss: 0.0043841870292686885
03-17 16:13 INFO     Client: 0 Epoch: 3 Loss: 0.004151018748346429
03-17 16:13 INFO     Client: 0 Epoch: 4 Loss: 0.0045624882705175345
03-17 16:13 INFO      ** Client: 0 Training complete **
03-17 16:13 INFO     Training network 0
03-17 16:13 INFO     n_training: 39
03-17 16:13 INFO     Client: 0 Epoch: 0 Loss: 0.004876282466097902
03-17 16:13 INFO     Client: 0 Epoch: 1 Loss: 0.004445837527059783
03-17 16:13 INFO     Client: 0 Epoch: 2 Loss: 0.003837977786763356
03-17 16:13 INFO     Client: 0 Epoch: 3 Loss: 0.003934442071626201
03-17 16:13 INFO     Client: 0 Epoch: 4 Loss: 0.004319259165547406
03-17 16:13 INFO      ** Client: 0 Training complete **
03-17 16:13 INFO     Training network 1
03-17 16:13 INFO     n_training: 62
03-17 16:13 INFO     Client: 1 Epoch: 0 Loss: 0.007302534497988921
03-17 16:13 INFO     Client: 1 Epoch: 1 Loss: 0.006543246892115642
03-17 16:13 INFO     Client: 1 Epoch: 2 Loss: 0.00636207299952906
03-17 16:13 INFO     Client: 1 Epoch: 3 Loss: 0.006453773166398487
03-17 16:13 INFO     Client: 1 Epoch: 4 Loss: 0.006193236509833725
03-17 16:13 INFO      ** Client: 1 Training complete **
03-17 16:13 INFO     Training network 1
03-17 16:13 INFO     n_training: 62
03-17 16:13 INFO     Client: 1 Epoch: 0 Loss: 0.005946427195017497
03-17 16:13 INFO     Client: 1 Epoch: 1 Loss: 0.005486781094899221
03-17 16:13 INFO     Client: 1 Epoch: 2 Loss: 0.006824670945324244
03-17 16:13 INFO     Client: 1 Epoch: 3 Loss: 0.005386256146237194
03-17 16:14 INFO     Client: 1 Epoch: 4 Loss: 0.006122310304143015
03-17 16:14 INFO      ** Client: 1 Training complete **
03-17 16:14 INFO     Training network 1
03-17 16:14 INFO     n_training: 62
03-17 16:14 INFO     Client: 1 Epoch: 0 Loss: 0.0064826564686823514
03-17 16:14 INFO     Client: 1 Epoch: 1 Loss: 0.0050370240764271825
03-17 16:14 INFO     Client: 1 Epoch: 2 Loss: 0.005806106123923053
03-17 16:14 INFO     Client: 1 Epoch: 3 Loss: 0.005350698429655524
03-17 16:14 INFO     Client: 1 Epoch: 4 Loss: 0.005779018088604414
03-17 16:14 INFO      ** Client: 1 Training complete **
03-17 16:14 INFO     Training network 1
03-17 16:14 INFO     n_training: 62
03-17 16:14 INFO     Client: 1 Epoch: 0 Loss: 0.004107209438863661
03-17 16:14 INFO     Client: 1 Epoch: 1 Loss: 0.004570329345897922
03-17 16:14 INFO     Client: 1 Epoch: 2 Loss: 0.004607633231282835
03-17 16:14 INFO     Client: 1 Epoch: 3 Loss: 0.0040530843956906705
03-17 16:14 INFO     Client: 1 Epoch: 4 Loss: 0.00446765715511696
03-17 16:14 INFO      ** Client: 1 Training complete **
03-17 16:14 INFO     Training network 1
03-17 16:14 INFO     n_training: 62
03-17 16:14 INFO     Client: 1 Epoch: 0 Loss: 0.004595750112897686
03-17 16:14 INFO     Client: 1 Epoch: 1 Loss: 0.004244941701706979
03-17 16:14 INFO     Client: 1 Epoch: 2 Loss: 0.004705753887162333
03-17 16:14 INFO     Client: 1 Epoch: 3 Loss: 0.004368025240593499
03-17 16:14 INFO     Client: 1 Epoch: 4 Loss: 0.004087072902268941
03-17 16:14 INFO      ** Client: 1 Training complete **
03-17 16:14 INFO     Training network 1
03-17 16:14 INFO     n_training: 62
03-17 16:15 INFO     Client: 1 Epoch: 0 Loss: 0.003540076850537932
03-17 16:15 INFO     Client: 1 Epoch: 1 Loss: 0.004596564657760844
03-17 16:15 INFO     Client: 1 Epoch: 2 Loss: 0.0036162797881725936
03-17 16:15 INFO     Client: 1 Epoch: 3 Loss: 0.004158008993873673
03-17 16:15 INFO     Client: 1 Epoch: 4 Loss: 0.003513892713536118
03-17 16:15 INFO      ** Client: 1 Training complete **
03-17 16:15 INFO     Training network 1
03-17 16:15 INFO     n_training: 62
03-17 16:15 INFO     Client: 1 Epoch: 0 Loss: 0.003809867522514035
03-17 16:15 INFO     Client: 1 Epoch: 1 Loss: 0.004149559470299151
03-17 16:15 INFO     Client: 1 Epoch: 2 Loss: 0.003860200088726537
03-17 16:15 INFO     Client: 1 Epoch: 3 Loss: 0.003640608084688504
03-17 16:15 INFO     Client: 1 Epoch: 4 Loss: 0.003738063167885787
03-17 16:15 INFO      ** Client: 1 Training complete **
03-17 16:15 INFO     Training network 1
03-17 16:15 INFO     n_training: 62
03-17 16:15 INFO     Client: 1 Epoch: 0 Loss: 0.0037787031033076346
03-17 16:15 INFO     Client: 1 Epoch: 1 Loss: 0.004045029229018837
03-17 16:15 INFO     Client: 1 Epoch: 2 Loss: 0.0033892743315758005
03-17 16:15 INFO     Client: 1 Epoch: 3 Loss: 0.003265560121132782
03-17 16:15 INFO     Client: 1 Epoch: 4 Loss: 0.0035183943316130146
03-17 16:15 INFO      ** Client: 1 Training complete **
03-17 16:15 INFO     Training network 1
03-17 16:15 INFO     n_training: 62
03-17 16:15 INFO     Client: 1 Epoch: 0 Loss: 0.003730598835259556
03-17 16:15 INFO     Client: 1 Epoch: 1 Loss: 0.0035024033643440496
03-17 16:16 INFO     Client: 1 Epoch: 2 Loss: 0.004053896851649868
03-17 16:16 INFO     Client: 1 Epoch: 3 Loss: 0.003464133213950141
03-17 16:16 INFO     Client: 1 Epoch: 4 Loss: 0.002930873106496649
03-17 16:16 INFO      ** Client: 1 Training complete **
