05-16 17:51 INFO     cuda
05-16 17:51 INFO     Command Line Arguments: 
{
    "epochs": 5,
    "comm_round": 300,
    "sample_fraction": 1.0,
    "alpha": 0.01,
    "dataset": "tinyimagenet",
    "datadir": "../data/",
    "partition": "iid",
    "alg": "centralized",
    "model": "resnet-50",
    "split_layer": 1,
    "n_parties": 1,
    "lr": 0.001,
    "mu": 1,
    "std_coeff": 2.5,
    "unif_coeff": 0.5,
    "batch_size": 128,
    "load_first_net": 1,
    "pool_option": "FIFO",
    "model_buffer_size": 1,
    "optimizer": "sgd",
    "simp_width": 1,
    "out_dim": 256,
    "reg": 0.0005,
    "temperature": 0.5,
    "logdir": "./",
    "log_file_name": "logs/experiment_log-alg=centralized_partition=iid_lr=0.001_epochs=5_num_users=1_beta=0.01_batch_size=128_opt=sgd_dataset=tinyimagenet_2024-05-16-1751-00",
    "seed": 1,
    "device": "cuda:6",
    "accuracies_file": "logs/resnet_50_tinyimagenet.csv",
    "dont_skip": false,
    "n_train_workers": 1,
    "n_test_workers": 1,
    "arch": "mobilenet_v3_large",
    "multiprocessing": 0
}
05-16 17:51 INFO     Data statistics: {0: {0: 500, 1: 500, 2: 500, 3: 500, 4: 500, 5: 500, 6: 500, 7: 500, 8: 500, 9: 500, 10: 500, 11: 500, 12: 500, 13: 500, 14: 500, 15: 500, 16: 500, 17: 500, 18: 500, 19: 500, 20: 500, 21: 500, 22: 500, 23: 500, 24: 500, 25: 500, 26: 500, 27: 500, 28: 500, 29: 500, 30: 500, 31: 500, 32: 500, 33: 500, 34: 500, 35: 500, 36: 500, 37: 500, 38: 500, 39: 500, 40: 500, 41: 500, 42: 500, 43: 500, 44: 500, 45: 500, 46: 500, 47: 500, 48: 500, 49: 500, 50: 500, 51: 500, 52: 500, 53: 500, 54: 500, 55: 500, 56: 500, 57: 500, 58: 500, 59: 500, 60: 500, 61: 500, 62: 500, 63: 500, 64: 500, 65: 500, 66: 500, 67: 500, 68: 500, 69: 500, 70: 500, 71: 500, 72: 500, 73: 500, 74: 500, 75: 500, 76: 500, 77: 500, 78: 500, 79: 500, 80: 500, 81: 500, 82: 500, 83: 500, 84: 500, 85: 500, 86: 500, 87: 500, 88: 500, 89: 500, 90: 500, 91: 500, 92: 500, 93: 500, 94: 500, 95: 500, 96: 500, 97: 500, 98: 500, 99: 500, 100: 500, 101: 500, 102: 500, 103: 500, 104: 500, 105: 500, 106: 500, 107: 500, 108: 500, 109: 500, 110: 500, 111: 500, 112: 500, 113: 500, 114: 500, 115: 500, 116: 500, 117: 500, 118: 500, 119: 500, 120: 500, 121: 500, 122: 500, 123: 500, 124: 500, 125: 500, 126: 500, 127: 500, 128: 500, 129: 500, 130: 500, 131: 500, 132: 500, 133: 500, 134: 500, 135: 500, 136: 500, 137: 500, 138: 500, 139: 500, 140: 500, 141: 500, 142: 500, 143: 500, 144: 500, 145: 500, 146: 500, 147: 500, 148: 500, 149: 500, 150: 500, 151: 500, 152: 500, 153: 500, 154: 500, 155: 500, 156: 500, 157: 500, 158: 500, 159: 500, 160: 500, 161: 500, 162: 500, 163: 500, 164: 500, 165: 500, 166: 500, 167: 500, 168: 500, 169: 500, 170: 500, 171: 500, 172: 500, 173: 500, 174: 500, 175: 500, 176: 500, 177: 500, 178: 500, 179: 500, 180: 500, 181: 500, 182: 500, 183: 500, 184: 500, 185: 500, 186: 500, 187: 500, 188: 500, 189: 500, 190: 500, 191: 500, 192: 500, 193: 500, 194: 500, 195: 500, 196: 500, 197: 500, 198: 500, 199: 500}}
05-16 17:56 INFO     in comm round:1 >> Global Model Test accuracy: 0.0404
05-16 18:01 INFO     in comm round:2 >> Global Model Test accuracy: 0.0644
05-16 18:06 INFO     in comm round:3 >> Global Model Test accuracy: 0.0866
05-16 18:11 INFO     in comm round:4 >> Global Model Test accuracy: 0.1129
05-16 18:16 INFO     in comm round:5 >> Global Model Test accuracy: 0.1342
05-16 18:21 INFO     in comm round:6 >> Global Model Test accuracy: 0.1638
05-16 18:26 INFO     in comm round:7 >> Global Model Test accuracy: 0.1821
05-16 18:31 INFO     in comm round:8 >> Global Model Test accuracy: 0.2118
05-16 18:36 INFO     in comm round:9 >> Global Model Test accuracy: 0.2352
05-16 18:41 INFO     in comm round:10 >> Global Model Test accuracy: 0.2583
05-16 18:46 INFO     in comm round:11 >> Global Model Test accuracy: 0.2704
05-16 18:51 INFO     in comm round:12 >> Global Model Test accuracy: 0.2827
05-16 18:56 INFO     in comm round:13 >> Global Model Test accuracy: 0.2885
05-16 19:01 INFO     in comm round:14 >> Global Model Test accuracy: 0.3148
05-16 19:06 INFO     in comm round:15 >> Global Model Test accuracy: 0.3248
05-16 19:11 INFO     in comm round:16 >> Global Model Test accuracy: 0.3288
05-16 19:16 INFO     in comm round:17 >> Global Model Test accuracy: 0.3441
05-16 19:21 INFO     in comm round:18 >> Global Model Test accuracy: 0.3604
05-16 19:26 INFO     in comm round:19 >> Global Model Test accuracy: 0.3649
05-16 19:31 INFO     in comm round:20 >> Global Model Test accuracy: 0.3730
05-16 19:36 INFO     in comm round:21 >> Global Model Test accuracy: 0.3779
05-16 19:41 INFO     in comm round:22 >> Global Model Test accuracy: 0.3819
05-16 19:46 INFO     in comm round:23 >> Global Model Test accuracy: 0.3995
05-16 19:51 INFO     in comm round:24 >> Global Model Test accuracy: 0.3864
05-16 19:56 INFO     in comm round:25 >> Global Model Test accuracy: 0.3960
05-16 20:01 INFO     in comm round:26 >> Global Model Test accuracy: 0.3952
05-16 20:06 INFO     in comm round:27 >> Global Model Test accuracy: 0.4004
05-16 20:11 INFO     in comm round:28 >> Global Model Test accuracy: 0.4037
05-16 20:16 INFO     in comm round:29 >> Global Model Test accuracy: 0.3994
05-16 20:21 INFO     in comm round:30 >> Global Model Test accuracy: 0.4066
05-16 20:26 INFO     in comm round:31 >> Global Model Test accuracy: 0.4025
05-16 20:31 INFO     in comm round:32 >> Global Model Test accuracy: 0.4075
05-16 20:36 INFO     in comm round:33 >> Global Model Test accuracy: 0.4124
05-16 20:41 INFO     in comm round:34 >> Global Model Test accuracy: 0.4139
05-16 20:46 INFO     in comm round:35 >> Global Model Test accuracy: 0.4096
05-16 20:52 INFO     in comm round:36 >> Global Model Test accuracy: 0.4054
05-16 20:57 INFO     in comm round:37 >> Global Model Test accuracy: 0.3982
05-16 21:02 INFO     in comm round:38 >> Global Model Test accuracy: 0.4116
05-16 21:07 INFO     in comm round:39 >> Global Model Test accuracy: 0.4135
05-16 21:12 INFO     in comm round:40 >> Global Model Test accuracy: 0.4216
05-16 21:17 INFO     in comm round:41 >> Global Model Test accuracy: 0.4186
05-16 21:22 INFO     in comm round:42 >> Global Model Test accuracy: 0.4118
05-16 21:27 INFO     in comm round:43 >> Global Model Test accuracy: 0.4147
05-16 21:32 INFO     in comm round:44 >> Global Model Test accuracy: 0.4120
05-16 21:37 INFO     in comm round:45 >> Global Model Test accuracy: 0.4186
05-16 21:42 INFO     in comm round:46 >> Global Model Test accuracy: 0.4166
05-16 21:47 INFO     in comm round:47 >> Global Model Test accuracy: 0.4185
05-16 21:52 INFO     in comm round:48 >> Global Model Test accuracy: 0.4193
05-16 21:57 INFO     in comm round:49 >> Global Model Test accuracy: 0.4266
05-16 22:02 INFO     in comm round:50 >> Global Model Test accuracy: 0.4242
05-16 22:07 INFO     in comm round:51 >> Global Model Test accuracy: 0.4230
05-16 22:12 INFO     in comm round:52 >> Global Model Test accuracy: 0.4244
05-16 22:17 INFO     in comm round:53 >> Global Model Test accuracy: 0.4238
05-16 22:22 INFO     in comm round:54 >> Global Model Test accuracy: 0.4281
05-16 22:27 INFO     in comm round:55 >> Global Model Test accuracy: 0.4308
05-16 22:32 INFO     in comm round:56 >> Global Model Test accuracy: 0.4294
05-16 22:37 INFO     in comm round:57 >> Global Model Test accuracy: 0.4245
05-16 22:42 INFO     in comm round:58 >> Global Model Test accuracy: 0.4345
05-16 22:47 INFO     in comm round:59 >> Global Model Test accuracy: 0.4366
05-16 22:52 INFO     in comm round:60 >> Global Model Test accuracy: 0.4355
05-16 22:57 INFO     in comm round:61 >> Global Model Test accuracy: 0.4354
05-16 23:02 INFO     in comm round:62 >> Global Model Test accuracy: 0.4303
05-16 23:07 INFO     in comm round:63 >> Global Model Test accuracy: 0.4372
05-16 23:12 INFO     in comm round:64 >> Global Model Test accuracy: 0.4345
05-16 23:17 INFO     in comm round:65 >> Global Model Test accuracy: 0.4388
05-16 23:22 INFO     in comm round:66 >> Global Model Test accuracy: 0.4412
05-16 23:27 INFO     in comm round:67 >> Global Model Test accuracy: 0.4417
05-16 23:32 INFO     in comm round:68 >> Global Model Test accuracy: 0.4372
05-16 23:37 INFO     in comm round:69 >> Global Model Test accuracy: 0.4397
05-16 23:42 INFO     in comm round:70 >> Global Model Test accuracy: 0.4431
05-16 23:47 INFO     in comm round:71 >> Global Model Test accuracy: 0.4414
05-16 23:52 INFO     in comm round:72 >> Global Model Test accuracy: 0.4418
05-16 23:57 INFO     in comm round:73 >> Global Model Test accuracy: 0.4408
05-17 00:02 INFO     in comm round:74 >> Global Model Test accuracy: 0.4486
05-17 00:07 INFO     in comm round:75 >> Global Model Test accuracy: 0.4460
05-17 00:12 INFO     in comm round:76 >> Global Model Test accuracy: 0.4467
05-17 00:17 INFO     in comm round:77 >> Global Model Test accuracy: 0.4499
05-17 00:22 INFO     in comm round:78 >> Global Model Test accuracy: 0.4447
05-17 00:27 INFO     in comm round:79 >> Global Model Test accuracy: 0.4512
05-17 00:32 INFO     in comm round:80 >> Global Model Test accuracy: 0.4524
05-17 00:37 INFO     in comm round:81 >> Global Model Test accuracy: 0.4455
05-17 00:42 INFO     in comm round:82 >> Global Model Test accuracy: 0.4484
05-17 00:47 INFO     in comm round:83 >> Global Model Test accuracy: 0.4509
05-17 00:52 INFO     in comm round:84 >> Global Model Test accuracy: 0.4531
05-17 00:57 INFO     in comm round:85 >> Global Model Test accuracy: 0.4507
05-17 01:02 INFO     in comm round:86 >> Global Model Test accuracy: 0.4535
05-17 01:08 INFO     in comm round:87 >> Global Model Test accuracy: 0.4503
05-17 01:13 INFO     in comm round:88 >> Global Model Test accuracy: 0.4519
05-17 01:18 INFO     in comm round:89 >> Global Model Test accuracy: 0.4521
05-17 01:23 INFO     in comm round:90 >> Global Model Test accuracy: 0.4535
05-17 01:28 INFO     in comm round:91 >> Global Model Test accuracy: 0.4530
05-17 01:33 INFO     in comm round:92 >> Global Model Test accuracy: 0.4513
05-17 01:38 INFO     in comm round:93 >> Global Model Test accuracy: 0.4535
05-17 01:43 INFO     in comm round:94 >> Global Model Test accuracy: 0.4550
05-17 01:48 INFO     in comm round:95 >> Global Model Test accuracy: 0.4519
05-17 01:53 INFO     in comm round:96 >> Global Model Test accuracy: 0.4570
05-17 01:58 INFO     in comm round:97 >> Global Model Test accuracy: 0.4580
05-17 02:03 INFO     in comm round:98 >> Global Model Test accuracy: 0.4564
05-17 02:08 INFO     in comm round:99 >> Global Model Test accuracy: 0.4605
05-17 02:13 INFO     in comm round:100 >> Global Model Test accuracy: 0.4589
05-17 02:18 INFO     in comm round:101 >> Global Model Test accuracy: 0.4567
05-17 02:23 INFO     in comm round:102 >> Global Model Test accuracy: 0.4583
05-17 02:28 INFO     in comm round:103 >> Global Model Test accuracy: 0.4613
05-17 02:33 INFO     in comm round:104 >> Global Model Test accuracy: 0.4591
05-17 02:38 INFO     in comm round:105 >> Global Model Test accuracy: 0.4607
05-17 02:43 INFO     in comm round:106 >> Global Model Test accuracy: 0.4543
05-17 02:48 INFO     in comm round:107 >> Global Model Test accuracy: 0.4553
05-17 02:53 INFO     in comm round:108 >> Global Model Test accuracy: 0.4583
05-17 02:58 INFO     in comm round:109 >> Global Model Test accuracy: 0.4577
05-17 03:03 INFO     in comm round:110 >> Global Model Test accuracy: 0.4585
05-17 03:08 INFO     in comm round:111 >> Global Model Test accuracy: 0.4625
05-17 03:13 INFO     in comm round:112 >> Global Model Test accuracy: 0.4620
05-17 03:18 INFO     in comm round:113 >> Global Model Test accuracy: 0.4611
05-17 03:23 INFO     in comm round:114 >> Global Model Test accuracy: 0.4601
05-17 03:28 INFO     in comm round:115 >> Global Model Test accuracy: 0.4563
05-17 03:33 INFO     in comm round:116 >> Global Model Test accuracy: 0.4579
05-17 03:38 INFO     in comm round:117 >> Global Model Test accuracy: 0.4598
05-17 03:43 INFO     in comm round:118 >> Global Model Test accuracy: 0.4612
05-17 03:48 INFO     in comm round:119 >> Global Model Test accuracy: 0.4598
05-17 03:53 INFO     in comm round:120 >> Global Model Test accuracy: 0.4629
05-17 03:58 INFO     in comm round:121 >> Global Model Test accuracy: 0.4611
05-17 04:03 INFO     in comm round:122 >> Global Model Test accuracy: 0.4584
05-17 04:08 INFO     in comm round:123 >> Global Model Test accuracy: 0.4600
05-17 04:13 INFO     in comm round:124 >> Global Model Test accuracy: 0.4578
05-17 04:18 INFO     in comm round:125 >> Global Model Test accuracy: 0.4640
05-17 04:23 INFO     in comm round:126 >> Global Model Test accuracy: 0.4609
05-17 04:28 INFO     in comm round:127 >> Global Model Test accuracy: 0.4593
05-17 04:33 INFO     in comm round:128 >> Global Model Test accuracy: 0.4637
05-17 04:38 INFO     in comm round:129 >> Global Model Test accuracy: 0.4625
05-17 04:43 INFO     in comm round:130 >> Global Model Test accuracy: 0.4605
05-17 04:48 INFO     in comm round:131 >> Global Model Test accuracy: 0.4610
05-17 04:53 INFO     in comm round:132 >> Global Model Test accuracy: 0.4615
05-17 04:58 INFO     in comm round:133 >> Global Model Test accuracy: 0.4617
05-17 05:03 INFO     in comm round:134 >> Global Model Test accuracy: 0.4614
05-17 05:08 INFO     in comm round:135 >> Global Model Test accuracy: 0.4671
05-17 05:13 INFO     in comm round:136 >> Global Model Test accuracy: 0.4623
05-17 05:18 INFO     in comm round:137 >> Global Model Test accuracy: 0.4598
05-17 05:23 INFO     in comm round:138 >> Global Model Test accuracy: 0.4640
05-17 05:28 INFO     in comm round:139 >> Global Model Test accuracy: 0.4605
05-17 05:33 INFO     in comm round:140 >> Global Model Test accuracy: 0.4618
05-17 05:38 INFO     in comm round:141 >> Global Model Test accuracy: 0.4658
05-17 05:44 INFO     in comm round:142 >> Global Model Test accuracy: 0.4621
05-17 05:49 INFO     in comm round:143 >> Global Model Test accuracy: 0.4650
05-17 05:54 INFO     in comm round:144 >> Global Model Test accuracy: 0.4670
05-17 05:59 INFO     in comm round:145 >> Global Model Test accuracy: 0.4648
05-17 06:04 INFO     in comm round:146 >> Global Model Test accuracy: 0.4681
05-17 06:09 INFO     in comm round:147 >> Global Model Test accuracy: 0.4629
05-17 06:14 INFO     in comm round:148 >> Global Model Test accuracy: 0.4652
05-17 06:19 INFO     in comm round:149 >> Global Model Test accuracy: 0.4660
05-17 06:24 INFO     in comm round:150 >> Global Model Test accuracy: 0.4663
05-17 06:29 INFO     in comm round:151 >> Global Model Test accuracy: 0.4630
05-17 06:34 INFO     in comm round:152 >> Global Model Test accuracy: 0.4643
05-17 06:39 INFO     in comm round:153 >> Global Model Test accuracy: 0.4653
05-17 06:44 INFO     in comm round:154 >> Global Model Test accuracy: 0.4657
05-17 06:49 INFO     in comm round:155 >> Global Model Test accuracy: 0.4654
05-17 06:54 INFO     in comm round:156 >> Global Model Test accuracy: 0.4613
05-17 06:59 INFO     in comm round:157 >> Global Model Test accuracy: 0.4609
05-17 07:04 INFO     in comm round:158 >> Global Model Test accuracy: 0.4625
05-17 07:09 INFO     in comm round:159 >> Global Model Test accuracy: 0.4634
05-17 07:14 INFO     in comm round:160 >> Global Model Test accuracy: 0.4640
05-17 07:19 INFO     in comm round:161 >> Global Model Test accuracy: 0.4641
05-17 07:24 INFO     in comm round:162 >> Global Model Test accuracy: 0.4643
05-17 07:29 INFO     in comm round:163 >> Global Model Test accuracy: 0.4675
05-17 07:34 INFO     in comm round:164 >> Global Model Test accuracy: 0.4640
05-17 07:39 INFO     in comm round:165 >> Global Model Test accuracy: 0.4653
05-17 07:44 INFO     in comm round:166 >> Global Model Test accuracy: 0.4651
05-17 07:49 INFO     in comm round:167 >> Global Model Test accuracy: 0.4631
05-17 07:54 INFO     in comm round:168 >> Global Model Test accuracy: 0.4638
05-17 07:59 INFO     in comm round:169 >> Global Model Test accuracy: 0.4616
05-17 08:04 INFO     in comm round:170 >> Global Model Test accuracy: 0.4581
05-17 08:09 INFO     in comm round:171 >> Global Model Test accuracy: 0.4486
05-17 08:14 INFO     in comm round:172 >> Global Model Test accuracy: 0.4366
05-17 08:19 INFO     in comm round:173 >> Global Model Test accuracy: 0.3571
05-17 08:24 INFO     in comm round:174 >> Global Model Test accuracy: 0.3804
05-17 08:29 INFO     in comm round:175 >> Global Model Test accuracy: 0.3975
05-17 08:34 INFO     in comm round:176 >> Global Model Test accuracy: 0.4095
05-17 08:39 INFO     in comm round:177 >> Global Model Test accuracy: 0.4145
05-17 08:44 INFO     in comm round:178 >> Global Model Test accuracy: 0.4181
05-17 08:49 INFO     in comm round:179 >> Global Model Test accuracy: 0.4268
05-17 08:54 INFO     in comm round:180 >> Global Model Test accuracy: 0.4256
05-17 08:59 INFO     in comm round:181 >> Global Model Test accuracy: 0.4360
05-17 09:04 INFO     in comm round:182 >> Global Model Test accuracy: 0.4381
05-17 09:09 INFO     in comm round:183 >> Global Model Test accuracy: 0.4369
05-17 09:14 INFO     in comm round:184 >> Global Model Test accuracy: 0.4490
05-17 09:19 INFO     in comm round:185 >> Global Model Test accuracy: 0.4471
05-17 09:24 INFO     in comm round:186 >> Global Model Test accuracy: 0.4540
05-17 09:29 INFO     in comm round:187 >> Global Model Test accuracy: 0.4578
05-17 09:34 INFO     in comm round:188 >> Global Model Test accuracy: 0.4629
05-17 09:39 INFO     in comm round:189 >> Global Model Test accuracy: 0.4664
05-17 09:44 INFO     in comm round:190 >> Global Model Test accuracy: 0.4694
05-17 09:49 INFO     in comm round:191 >> Global Model Test accuracy: 0.4719
05-17 09:54 INFO     in comm round:192 >> Global Model Test accuracy: 0.4756
05-17 09:59 INFO     in comm round:193 >> Global Model Test accuracy: 0.4753
05-17 10:04 INFO     in comm round:194 >> Global Model Test accuracy: 0.4789
05-17 10:09 INFO     in comm round:195 >> Global Model Test accuracy: 0.4750
05-17 10:14 INFO     in comm round:196 >> Global Model Test accuracy: 0.4747
05-17 10:20 INFO     in comm round:197 >> Global Model Test accuracy: 0.4805
05-17 10:25 INFO     in comm round:198 >> Global Model Test accuracy: 0.4812
05-17 10:30 INFO     in comm round:199 >> Global Model Test accuracy: 0.4797
05-17 10:35 INFO     in comm round:200 >> Global Model Test accuracy: 0.4834
05-17 10:40 INFO     in comm round:201 >> Global Model Test accuracy: 0.4810
05-17 10:45 INFO     in comm round:202 >> Global Model Test accuracy: 0.4836
05-17 10:50 INFO     in comm round:203 >> Global Model Test accuracy: 0.4817
05-17 10:55 INFO     in comm round:204 >> Global Model Test accuracy: 0.4835
05-17 11:00 INFO     in comm round:205 >> Global Model Test accuracy: 0.4867
05-17 11:05 INFO     in comm round:206 >> Global Model Test accuracy: 0.4854
05-17 11:10 INFO     in comm round:207 >> Global Model Test accuracy: 0.4861
05-17 11:15 INFO     in comm round:208 >> Global Model Test accuracy: 0.4829
05-17 11:20 INFO     in comm round:209 >> Global Model Test accuracy: 0.4834
05-17 11:25 INFO     in comm round:210 >> Global Model Test accuracy: 0.4864
05-17 11:30 INFO     in comm round:211 >> Global Model Test accuracy: 0.4876
05-17 11:35 INFO     in comm round:212 >> Global Model Test accuracy: 0.4853
05-17 11:40 INFO     in comm round:213 >> Global Model Test accuracy: 0.4846
05-17 11:45 INFO     in comm round:214 >> Global Model Test accuracy: 0.4881
05-17 11:50 INFO     in comm round:215 >> Global Model Test accuracy: 0.4860
05-17 11:55 INFO     in comm round:216 >> Global Model Test accuracy: 0.4849
05-17 12:00 INFO     in comm round:217 >> Global Model Test accuracy: 0.4817
05-17 12:05 INFO     in comm round:218 >> Global Model Test accuracy: 0.4848
05-17 12:10 INFO     in comm round:219 >> Global Model Test accuracy: 0.4846
05-17 12:15 INFO     in comm round:220 >> Global Model Test accuracy: 0.4861
05-17 12:20 INFO     in comm round:221 >> Global Model Test accuracy: 0.4847
05-17 12:25 INFO     in comm round:222 >> Global Model Test accuracy: 0.4852
05-17 12:30 INFO     in comm round:223 >> Global Model Test accuracy: 0.4858
05-17 12:35 INFO     in comm round:224 >> Global Model Test accuracy: 0.4836
05-17 12:40 INFO     in comm round:225 >> Global Model Test accuracy: 0.4867
05-17 12:45 INFO     in comm round:226 >> Global Model Test accuracy: 0.4857
05-17 12:50 INFO     in comm round:227 >> Global Model Test accuracy: 0.4823
05-17 12:55 INFO     in comm round:228 >> Global Model Test accuracy: 0.4854
05-17 13:00 INFO     in comm round:229 >> Global Model Test accuracy: 0.4849
05-17 13:05 INFO     in comm round:230 >> Global Model Test accuracy: 0.4868
05-17 13:10 INFO     in comm round:231 >> Global Model Test accuracy: 0.4866
05-17 13:15 INFO     in comm round:232 >> Global Model Test accuracy: 0.4852
05-17 13:20 INFO     in comm round:233 >> Global Model Test accuracy: 0.4860
05-17 13:25 INFO     in comm round:234 >> Global Model Test accuracy: 0.4872
05-17 13:30 INFO     in comm round:235 >> Global Model Test accuracy: 0.4867
05-17 13:35 INFO     in comm round:236 >> Global Model Test accuracy: 0.4849
05-17 13:40 INFO     in comm round:237 >> Global Model Test accuracy: 0.4877
05-17 13:45 INFO     in comm round:238 >> Global Model Test accuracy: 0.4832
05-17 13:50 INFO     in comm round:239 >> Global Model Test accuracy: 0.4866
05-17 13:55 INFO     in comm round:240 >> Global Model Test accuracy: 0.4833
05-17 14:00 INFO     in comm round:241 >> Global Model Test accuracy: 0.4861
05-17 14:05 INFO     in comm round:242 >> Global Model Test accuracy: 0.4844
05-17 14:10 INFO     in comm round:243 >> Global Model Test accuracy: 0.4823
05-17 14:15 INFO     in comm round:244 >> Global Model Test accuracy: 0.4826
05-17 14:20 INFO     in comm round:245 >> Global Model Test accuracy: 0.4848
05-17 14:25 INFO     in comm round:246 >> Global Model Test accuracy: 0.4811
05-17 14:30 INFO     in comm round:247 >> Global Model Test accuracy: 0.4838
05-17 14:35 INFO     in comm round:248 >> Global Model Test accuracy: 0.4848
05-17 14:40 INFO     in comm round:249 >> Global Model Test accuracy: 0.4856
05-17 14:45 INFO     in comm round:250 >> Global Model Test accuracy: 0.4859
05-17 14:50 INFO     in comm round:251 >> Global Model Test accuracy: 0.4829
05-17 14:56 INFO     in comm round:252 >> Global Model Test accuracy: 0.4868
05-17 15:01 INFO     in comm round:253 >> Global Model Test accuracy: 0.4839
