03-17 16:53 INFO     cuda:3
03-17 16:53 INFO     Command Line Arguments: 
{
    "epochs": 5,
    "comm_round": 50,
    "sample_fraction": 1.0,
    "alpha": 1e+200,
    "dataset": "cifar100",
    "datadir": "../data/",
    "partition": "subsample",
    "alg": "sflv1",
    "model": "resnet-18",
    "n_parties": 2,
    "lr": 0.01,
    "mu": 1,
    "std_coeff": 2.5,
    "unif_coeff": 0.5,
    "batch_size": 128,
    "load_first_net": 1,
    "pool_option": "FIFO",
    "model_buffer_size": 1,
    "optimizer": "sgd",
    "simp_width": 1,
    "out_dim": 256,
    "reg": 0.0005,
    "temperature": 0.5,
    "logdir": "./",
    "log_file_name": "logs/experiment_log-alg=sflv1_partition=subsample_lr=0.01_epochs=5_num_users=2_beta=1e+200_batch_size=128_opt=sgd_dataset=cifar100_2024-03-17-1653-26",
    "seed": 12,
    "device": "cuda:3"
}
03-17 16:53 INFO     Data statistics: {0: {0: 43, 1: 50, 2: 61, 3: 45, 4: 53, 5: 44, 6: 50, 7: 40, 8: 56, 9: 56, 10: 42, 11: 59, 12: 41, 13: 50, 14: 46, 15: 44, 16: 39, 17: 54, 18: 50, 19: 51, 20: 58, 21: 48, 22: 53, 23: 47, 24: 41, 25: 47, 26: 48, 27: 54, 28: 46, 29: 53, 30: 41, 31: 60, 32: 55, 33: 44, 34: 48, 35: 45, 36: 58, 37: 61, 38: 51, 39: 50, 40: 41, 41: 62, 42: 45, 43: 60, 44: 51, 45: 47, 46: 61, 47: 57, 48: 47, 49: 56, 50: 50, 51: 57, 52: 49, 53: 50, 54: 41, 55: 56, 56: 56, 57: 58, 58: 43, 59: 49, 60: 56, 61: 35, 62: 48, 63: 43, 64: 47, 65: 43, 66: 59, 67: 46, 68: 52, 69: 54, 70: 61, 71: 52, 72: 51, 73: 47, 74: 45, 75: 58, 76: 44, 77: 55, 78: 45, 79: 45, 80: 55, 81: 50, 82: 53, 83: 45, 84: 34, 85: 51, 86: 59, 87: 56, 88: 49, 89: 50, 90: 44, 91: 53, 92: 58, 93: 33, 94: 52, 95: 54, 96: 44, 97: 46, 98: 55, 99: 55}, 1: {0: 84, 1: 88, 2: 65, 3: 86, 4: 84, 5: 84, 6: 72, 7: 79, 8: 83, 9: 79, 10: 71, 11: 75, 12: 91, 13: 79, 14: 85, 15: 82, 16: 80, 17: 87, 18: 95, 19: 68, 20: 69, 21: 79, 22: 78, 23: 76, 24: 87, 25: 65, 26: 87, 27: 65, 28: 83, 29: 87, 30: 78, 31: 76, 32: 85, 33: 75, 34: 80, 35: 93, 36: 87, 37: 82, 38: 81, 39: 79, 40: 85, 41: 75, 42: 81, 43: 80, 44: 78, 45: 83, 46: 71, 47: 84, 48: 81, 49: 80, 50: 72, 51: 80, 52: 81, 53: 79, 54: 85, 55: 85, 56: 88, 57: 74, 58: 71, 59: 69, 60: 85, 61: 84, 62: 76, 63: 86, 64: 78, 65: 86, 66: 90, 67: 81, 68: 81, 69: 77, 70: 78, 71: 81, 72: 78, 73: 83, 74: 81, 75: 84, 76: 83, 77: 77, 78: 71, 79: 83, 80: 74, 81: 78, 82: 84, 83: 87, 84: 85, 85: 78, 86: 80, 87: 77, 88: 82, 89: 81, 90: 76, 91: 65, 92: 80, 93: 85, 94: 75, 95: 86, 96: 77, 97: 78, 98: 70, 99: 88}}
03-17 16:53 INFO     in comm round:0
03-17 16:53 INFO     Training network 0 n_training: 5000
03-17 16:53 INFO     Training network 0
03-17 16:53 INFO     Client: 0 Epoch: 0 Loss: 4.375624253199651
03-17 16:53 INFO     Client: 0 Epoch: 1 Loss: 3.959436092621241
03-17 16:53 INFO     Client: 0 Epoch: 2 Loss: 3.7365520672920423
03-17 16:53 INFO     Client: 0 Epoch: 3 Loss: 3.537742480253562
03-17 16:53 INFO     Client: 0 Epoch: 4 Loss: 3.3831815413939648
03-17 16:53 INFO      ** Client: 0 Training complete **
03-17 16:53 INFO     Training network 1 n_training: 8000
03-17 16:53 INFO     Training network 1
03-17 16:53 INFO     Client: 1 Epoch: 0 Loss: 4.306184637931086
03-17 16:53 INFO     Client: 1 Epoch: 1 Loss: 3.8914211988449097
03-17 16:53 INFO     Client: 1 Epoch: 2 Loss: 3.613104954842598
03-17 16:53 INFO     Client: 1 Epoch: 3 Loss: 3.4202598564086424
03-17 16:53 INFO     Client: 1 Epoch: 4 Loss: 3.2375956504575667
03-17 16:53 INFO      ** Client: 1 Training complete **
03-17 16:53 INFO     global n_training: 390
03-17 16:53 INFO     global n_test: 79
03-17 16:54 INFO     >> Global Model Train accuracy: 0.0369, Train accuracy top-5: 0.1433
03-17 16:54 INFO     >> Global Model Test accuracy: 0.0413, Test accuracy top-5: 0.1553
03-17 16:54 INFO     >> Global Model Train loss: 4.4290
03-17 16:54 INFO     in comm round:1
03-17 16:54 INFO     Training network 0 n_training: 5000
03-17 16:54 INFO     Training network 0
03-17 16:54 INFO     Client: 0 Epoch: 0 Loss: 3.50845744059636
03-17 16:54 INFO     Client: 0 Epoch: 1 Loss: 3.2953876898838925
03-17 16:54 INFO     Client: 0 Epoch: 2 Loss: 3.112629236319126
03-17 16:54 INFO     Client: 0 Epoch: 3 Loss: 2.974810478014824
03-17 16:54 INFO     Client: 0 Epoch: 4 Loss: 2.8081253308516283
03-17 16:54 INFO      ** Client: 0 Training complete **
03-17 16:54 INFO     Training network 1 n_training: 8000
03-17 16:54 INFO     Training network 1
03-17 16:54 INFO     Client: 1 Epoch: 0 Loss: 3.3506479993943246
03-17 16:54 INFO     Client: 1 Epoch: 1 Loss: 3.152316008844683
03-17 16:54 INFO     Client: 1 Epoch: 2 Loss: 2.9448009883203814
03-17 16:54 INFO     Client: 1 Epoch: 3 Loss: 2.7789958523165796
03-17 16:54 INFO     Client: 1 Epoch: 4 Loss: 2.646057294261071
03-17 16:54 INFO      ** Client: 1 Training complete **
03-17 16:54 INFO     global n_training: 390
03-17 16:54 INFO     global n_test: 79
03-17 16:54 INFO     >> Global Model Train accuracy: 0.1040, Train accuracy top-5: 0.3209
03-17 16:54 INFO     >> Global Model Test accuracy: 0.1129, Test accuracy top-5: 0.3368
03-17 16:54 INFO     >> Global Model Train loss: 3.8482
03-17 16:54 INFO     in comm round:2
03-17 16:54 INFO     Training network 0 n_training: 5000
03-17 16:54 INFO     Training network 0
03-17 16:54 INFO     Client: 0 Epoch: 0 Loss: 2.9314074027232633
03-17 16:54 INFO     Client: 0 Epoch: 1 Loss: 2.7661679096710987
03-17 16:54 INFO     Client: 0 Epoch: 2 Loss: 2.6046396585611196
03-17 16:54 INFO     Client: 0 Epoch: 3 Loss: 2.439526392863347
03-17 16:54 INFO     Client: 0 Epoch: 4 Loss: 2.29688975138542
03-17 16:54 INFO      ** Client: 0 Training complete **
03-17 16:54 INFO     Training network 1 n_training: 8000
03-17 16:54 INFO     Training network 1
03-17 16:54 INFO     Client: 1 Epoch: 0 Loss: 2.796424488867483
03-17 16:54 INFO     Client: 1 Epoch: 1 Loss: 2.610276218383543
03-17 16:54 INFO     Client: 1 Epoch: 2 Loss: 2.410534243429861
03-17 16:54 INFO     Client: 1 Epoch: 3 Loss: 2.2953458543746703
03-17 16:54 INFO     Client: 1 Epoch: 4 Loss: 2.1453462704535453
03-17 16:54 INFO      ** Client: 1 Training complete **
03-17 16:54 INFO     global n_training: 390
03-17 16:54 INFO     global n_test: 79
03-17 16:55 INFO     >> Global Model Train accuracy: 0.2284, Train accuracy top-5: 0.5343
03-17 16:55 INFO     >> Global Model Test accuracy: 0.2343, Test accuracy top-5: 0.5403
03-17 16:55 INFO     >> Global Model Train loss: 3.1831
03-17 16:55 INFO     in comm round:3
03-17 16:55 INFO     Training network 0 n_training: 5000
03-17 16:55 INFO     Training network 0
03-17 16:55 INFO     Client: 0 Epoch: 0 Loss: 2.432503437384581
03-17 16:55 INFO     Client: 0 Epoch: 1 Loss: 2.290517125374232
03-17 16:55 INFO     Client: 0 Epoch: 2 Loss: 2.103589653968811
03-17 16:55 INFO     Client: 0 Epoch: 3 Loss: 1.9636499759478447
03-17 16:55 INFO     Client: 0 Epoch: 4 Loss: 1.88067465256422
03-17 16:55 INFO      ** Client: 0 Training complete **
03-17 16:55 INFO     Training network 1 n_training: 8000
03-17 16:55 INFO     Training network 1
03-17 16:55 INFO     Client: 1 Epoch: 0 Loss: 2.288576426044587
03-17 16:55 INFO     Client: 1 Epoch: 1 Loss: 2.2004128540715864
03-17 16:55 INFO     Client: 1 Epoch: 2 Loss: 2.008347982360471
03-17 16:55 INFO     Client: 1 Epoch: 3 Loss: 1.876656432305613
03-17 16:55 INFO     Client: 1 Epoch: 4 Loss: 1.7266442929544756
03-17 16:55 INFO      ** Client: 1 Training complete **
03-17 16:55 INFO     global n_training: 390
03-17 16:55 INFO     global n_test: 79
03-17 16:55 INFO     >> Global Model Train accuracy: 0.3284, Train accuracy top-5: 0.6507
03-17 16:55 INFO     >> Global Model Test accuracy: 0.3137, Test accuracy top-5: 0.6413
03-17 16:55 INFO     >> Global Model Train loss: 2.6991
03-17 16:55 INFO     in comm round:4
03-17 16:55 INFO     Training network 0 n_training: 5000
03-17 16:55 INFO     Training network 0
03-17 16:55 INFO     Client: 0 Epoch: 0 Loss: 1.9931857219109168
03-17 16:55 INFO     Client: 0 Epoch: 1 Loss: 1.823449908158718
03-17 16:55 INFO     Client: 0 Epoch: 2 Loss: 1.6550033489863079
03-17 16:55 INFO     Client: 0 Epoch: 3 Loss: 1.528247255545396
03-17 16:55 INFO     Client: 0 Epoch: 4 Loss: 1.3911924973512306
03-17 16:55 INFO      ** Client: 0 Training complete **
03-17 16:55 INFO     Training network 1 n_training: 8000
03-17 16:55 INFO     Training network 1
03-17 16:55 INFO     Client: 1 Epoch: 0 Loss: 1.9284727496485556
03-17 16:55 INFO     Client: 1 Epoch: 1 Loss: 1.7689275010939567
03-17 16:55 INFO     Client: 1 Epoch: 2 Loss: 1.6484903712426462
03-17 16:55 INFO     Client: 1 Epoch: 3 Loss: 1.5198449896227928
03-17 16:55 INFO     Client: 1 Epoch: 4 Loss: 1.4158459786445863
03-17 16:55 INFO      ** Client: 1 Training complete **
03-17 16:55 INFO     global n_training: 390
03-17 16:55 INFO     global n_test: 79
03-17 16:55 INFO     >> Global Model Train accuracy: 0.3692, Train accuracy top-5: 0.6962
03-17 16:55 INFO     >> Global Model Test accuracy: 0.3470, Test accuracy top-5: 0.6766
03-17 16:55 INFO     >> Global Model Train loss: 2.4565
03-17 16:55 INFO     in comm round:5
03-17 16:55 INFO     Training network 0 n_training: 5000
03-17 16:55 INFO     Training network 0
03-17 16:56 INFO     Client: 0 Epoch: 0 Loss: 1.5857778695913463
03-17 16:56 INFO     Client: 0 Epoch: 1 Loss: 1.4137455072158422
03-17 16:56 INFO     Client: 0 Epoch: 2 Loss: 1.2649368047714233
03-17 16:56 INFO     Client: 0 Epoch: 3 Loss: 1.0883775108899825
03-17 16:56 INFO     Client: 0 Epoch: 4 Loss: 1.0067034088648283
03-17 16:56 INFO      ** Client: 0 Training complete **
03-17 16:56 INFO     Training network 1 n_training: 8000
03-17 16:56 INFO     Training network 1
03-17 16:56 INFO     Client: 1 Epoch: 0 Loss: 1.550064427237357
03-17 16:56 INFO     Client: 1 Epoch: 1 Loss: 1.4563457206372292
03-17 16:56 INFO     Client: 1 Epoch: 2 Loss: 1.313388874453883
03-17 16:56 INFO     Client: 1 Epoch: 3 Loss: 1.2134062743956042
03-17 16:56 INFO     Client: 1 Epoch: 4 Loss: 1.0929391614852413
03-17 16:56 INFO      ** Client: 1 Training complete **
03-17 16:56 INFO     global n_training: 390
03-17 16:56 INFO     global n_test: 79
03-17 16:56 INFO     >> Global Model Train accuracy: 0.4156, Train accuracy top-5: 0.7379
03-17 16:56 INFO     >> Global Model Test accuracy: 0.3852, Test accuracy top-5: 0.7178
03-17 16:56 INFO     >> Global Model Train loss: 2.2364
03-17 16:56 INFO     in comm round:6
03-17 16:56 INFO     Training network 0 n_training: 5000
03-17 16:56 INFO     Training network 0
03-17 16:56 INFO     Client: 0 Epoch: 0 Loss: 1.2250333504799085
03-17 16:56 INFO     Client: 0 Epoch: 1 Loss: 1.0911190739044776
03-17 16:56 INFO     Client: 0 Epoch: 2 Loss: 0.9302304738607162
03-17 16:56 INFO     Client: 0 Epoch: 3 Loss: 0.8138163930330521
03-17 16:56 INFO     Client: 0 Epoch: 4 Loss: 0.6823954826746231
03-17 16:56 INFO      ** Client: 0 Training complete **
03-17 16:56 INFO     Training network 1 n_training: 8000
03-17 16:56 INFO     Training network 1
03-17 16:56 INFO     Client: 1 Epoch: 0 Loss: 1.2505234326085737
03-17 16:56 INFO     Client: 1 Epoch: 1 Loss: 1.1435636406944645
03-17 16:56 INFO     Client: 1 Epoch: 2 Loss: 1.0574201826126344
03-17 16:56 INFO     Client: 1 Epoch: 3 Loss: 0.950678942664977
03-17 16:56 INFO     Client: 1 Epoch: 4 Loss: 0.8521684619688219
03-17 16:56 INFO      ** Client: 1 Training complete **
03-17 16:56 INFO     global n_training: 390
03-17 16:56 INFO     global n_test: 79
03-17 16:56 INFO     >> Global Model Train accuracy: 0.4566, Train accuracy top-5: 0.7726
03-17 16:56 INFO     >> Global Model Test accuracy: 0.4258, Test accuracy top-5: 0.7406
03-17 16:56 INFO     >> Global Model Train loss: 2.0533
03-17 16:56 INFO     in comm round:7
03-17 16:56 INFO     Training network 0 n_training: 5000
03-17 16:56 INFO     Training network 0
03-17 16:56 INFO     Client: 0 Epoch: 0 Loss: 0.9248610108326643
03-17 16:57 INFO     Client: 0 Epoch: 1 Loss: 0.7917302449544271
03-17 16:57 INFO     Client: 0 Epoch: 2 Loss: 0.6891136001317929
03-17 16:57 INFO     Client: 0 Epoch: 3 Loss: 0.5668495350923294
03-17 16:57 INFO     Client: 0 Epoch: 4 Loss: 0.44535611990170604
03-17 16:57 INFO      ** Client: 0 Training complete **
03-17 16:57 INFO     Training network 1 n_training: 8000
03-17 16:57 INFO     Training network 1
03-17 16:57 INFO     Client: 1 Epoch: 0 Loss: 0.955673877269991
03-17 16:57 INFO     Client: 1 Epoch: 1 Loss: 0.8907741558167243
03-17 16:57 INFO     Client: 1 Epoch: 2 Loss: 0.8096674007754172
03-17 16:57 INFO     Client: 1 Epoch: 3 Loss: 0.7093807776128093
03-17 16:57 INFO     Client: 1 Epoch: 4 Loss: 0.6209612868485912
03-17 16:57 INFO      ** Client: 1 Training complete **
03-17 16:57 INFO     global n_training: 390
03-17 16:57 INFO     global n_test: 79
03-17 16:57 INFO     >> Global Model Train accuracy: 0.4876, Train accuracy top-5: 0.7913
03-17 16:57 INFO     >> Global Model Test accuracy: 0.4435, Test accuracy top-5: 0.7526
03-17 16:57 INFO     >> Global Model Train loss: 1.9478
03-17 16:57 INFO     in comm round:8
03-17 16:57 INFO     Training network 0 n_training: 5000
03-17 16:57 INFO     Training network 0
03-17 16:57 INFO     Client: 0 Epoch: 0 Loss: 0.6829568896538172
03-17 16:57 INFO     Client: 0 Epoch: 1 Loss: 0.5431617429623237
03-17 16:57 INFO     Client: 0 Epoch: 2 Loss: 0.43439852197964984
03-17 16:57 INFO     Client: 0 Epoch: 3 Loss: 0.3462253709634145
03-17 16:57 INFO     Client: 0 Epoch: 4 Loss: 0.26753550882522875
03-17 16:57 INFO      ** Client: 0 Training complete **
03-17 16:57 INFO     Training network 1 n_training: 8000
03-17 16:57 INFO     Training network 1
03-17 16:57 INFO     Client: 1 Epoch: 0 Loss: 0.7066075566314882
03-17 16:57 INFO     Client: 1 Epoch: 1 Loss: 0.6412082751912456
03-17 16:57 INFO     Client: 1 Epoch: 2 Loss: 0.5722260648204435
03-17 16:57 INFO     Client: 1 Epoch: 3 Loss: 0.5044269888631759
03-17 16:57 INFO     Client: 1 Epoch: 4 Loss: 0.4365029012964618
03-17 16:57 INFO      ** Client: 1 Training complete **
03-17 16:57 INFO     global n_training: 390
03-17 16:57 INFO     global n_test: 79
03-17 16:57 INFO     >> Global Model Train accuracy: 0.5129, Train accuracy top-5: 0.7998
03-17 16:57 INFO     >> Global Model Test accuracy: 0.4575, Test accuracy top-5: 0.7599
03-17 16:57 INFO     >> Global Model Train loss: 1.8845
03-17 16:57 INFO     in comm round:9
03-17 16:57 INFO     Training network 0 n_training: 5000
03-17 16:57 INFO     Training network 0
03-17 16:57 INFO     Client: 0 Epoch: 0 Loss: 0.4956519221648192
03-17 16:57 INFO     Client: 0 Epoch: 1 Loss: 0.3503288962902167
03-17 16:57 INFO     Client: 0 Epoch: 2 Loss: 0.308047999556248
03-17 16:58 INFO     Client: 0 Epoch: 3 Loss: 0.2535528991466913
03-17 16:58 INFO     Client: 0 Epoch: 4 Loss: 0.19661004191789871
03-17 16:58 INFO      ** Client: 0 Training complete **
03-17 16:58 INFO     Training network 1 n_training: 8000
03-17 16:58 INFO     Training network 1
03-17 16:58 INFO     Client: 1 Epoch: 0 Loss: 0.48030253235370884
03-17 16:58 INFO     Client: 1 Epoch: 1 Loss: 0.4704806535474716
03-17 16:58 INFO     Client: 1 Epoch: 2 Loss: 0.4036765761913792
03-17 16:58 INFO     Client: 1 Epoch: 3 Loss: 0.34973718129819437
03-17 16:58 INFO     Client: 1 Epoch: 4 Loss: 0.3066779901423762
03-17 16:58 INFO      ** Client: 1 Training complete **
03-17 16:58 INFO     global n_training: 390
03-17 16:58 INFO     global n_test: 79
03-17 16:58 INFO     >> Global Model Train accuracy: 0.5229, Train accuracy top-5: 0.8069
03-17 16:58 INFO     >> Global Model Test accuracy: 0.4643, Test accuracy top-5: 0.7582
03-17 16:58 INFO     >> Global Model Train loss: 1.8494
03-17 16:58 INFO     in comm round:10
03-17 16:58 INFO     Training network 0 n_training: 5000
03-17 16:58 INFO     Training network 0
03-17 16:58 INFO     Client: 0 Epoch: 0 Loss: 0.3774711126700426
03-17 16:58 INFO     Client: 0 Epoch: 1 Loss: 0.2399745633204778
03-17 16:58 INFO     Client: 0 Epoch: 2 Loss: 0.1754457923846367
03-17 16:58 INFO     Client: 0 Epoch: 3 Loss: 0.14171042618079063
03-17 16:58 INFO     Client: 0 Epoch: 4 Loss: 0.1134915835200212
03-17 16:58 INFO      ** Client: 0 Training complete **
03-17 16:58 INFO     Training network 1 n_training: 8000
03-17 16:58 INFO     Training network 1
03-17 16:58 INFO     Client: 1 Epoch: 0 Loss: 0.3595620098133241
03-17 16:58 INFO     Client: 1 Epoch: 1 Loss: 0.3015664231873328
03-17 16:58 INFO     Client: 1 Epoch: 2 Loss: 0.2716761548672953
03-17 16:58 INFO     Client: 1 Epoch: 3 Loss: 0.22916720206699065
03-17 16:58 INFO     Client: 1 Epoch: 4 Loss: 0.19018904948907514
03-17 16:58 INFO      ** Client: 1 Training complete **
03-17 16:58 INFO     global n_training: 390
03-17 16:58 INFO     global n_test: 79
03-17 16:58 INFO     >> Global Model Train accuracy: 0.5391, Train accuracy top-5: 0.8126
03-17 16:58 INFO     >> Global Model Test accuracy: 0.4648, Test accuracy top-5: 0.7630
03-17 16:58 INFO     >> Global Model Train loss: 1.8115
03-17 16:58 INFO     in comm round:11
03-17 16:58 INFO     Training network 0 n_training: 5000
03-17 16:58 INFO     Training network 0
03-17 16:58 INFO     Client: 0 Epoch: 0 Loss: 0.2779577584602894
03-17 16:58 INFO     Client: 0 Epoch: 1 Loss: 0.185437574218481
03-17 16:58 INFO     Client: 0 Epoch: 2 Loss: 0.13367450141753906
03-17 16:58 INFO     Client: 0 Epoch: 3 Loss: 0.10021725870095767
03-17 16:59 INFO     Client: 0 Epoch: 4 Loss: 0.07115111576441006
03-17 16:59 INFO      ** Client: 0 Training complete **
03-17 16:59 INFO     Training network 1 n_training: 8000
03-17 16:59 INFO     Training network 1
03-17 16:59 INFO     Client: 1 Epoch: 0 Loss: 0.21878534435264527
03-17 16:59 INFO     Client: 1 Epoch: 1 Loss: 0.20210388507093152
03-17 16:59 INFO     Client: 1 Epoch: 2 Loss: 0.19869812710150594
03-17 16:59 INFO     Client: 1 Epoch: 3 Loss: 0.17241942510008812
03-17 16:59 INFO     Client: 1 Epoch: 4 Loss: 0.13105452925928177
03-17 16:59 INFO      ** Client: 1 Training complete **
03-17 16:59 INFO     global n_training: 390
03-17 16:59 INFO     global n_test: 79
03-17 16:59 INFO     >> Global Model Train accuracy: 0.5546, Train accuracy top-5: 0.8208
03-17 16:59 INFO     >> Global Model Test accuracy: 0.4735, Test accuracy top-5: 0.7666
03-17 16:59 INFO     >> Global Model Train loss: 1.7629
03-17 16:59 INFO     in comm round:12
03-17 16:59 INFO     Training network 0 n_training: 5000
03-17 16:59 INFO     Training network 0
03-17 16:59 INFO     Client: 0 Epoch: 0 Loss: 0.18190540144076714
03-17 16:59 INFO     Client: 0 Epoch: 1 Loss: 0.11287478510385905
03-17 16:59 INFO     Client: 0 Epoch: 2 Loss: 0.08833122387146339
03-17 16:59 INFO     Client: 0 Epoch: 3 Loss: 0.06274046471867806
03-17 16:59 INFO     Client: 0 Epoch: 4 Loss: 0.048206124598017104
03-17 16:59 INFO      ** Client: 0 Training complete **
03-17 16:59 INFO     Training network 1 n_training: 8000
03-17 16:59 INFO     Training network 1
03-17 16:59 INFO     Client: 1 Epoch: 0 Loss: 0.13952159412926243
03-17 16:59 INFO     Client: 1 Epoch: 1 Loss: 0.11984111350630561
03-17 16:59 INFO     Client: 1 Epoch: 2 Loss: 0.09762622506147431
03-17 16:59 INFO     Client: 1 Epoch: 3 Loss: 0.06789323591416882
03-17 16:59 INFO     Client: 1 Epoch: 4 Loss: 0.060220868567064885
03-17 16:59 INFO      ** Client: 1 Training complete **
03-17 16:59 INFO     global n_training: 390
03-17 16:59 INFO     global n_test: 79
03-17 16:59 INFO     >> Global Model Train accuracy: 0.5680, Train accuracy top-5: 0.8247
03-17 16:59 INFO     >> Global Model Test accuracy: 0.4816, Test accuracy top-5: 0.7684
03-17 16:59 INFO     >> Global Model Train loss: 1.7383
03-17 16:59 INFO     in comm round:13
03-17 16:59 INFO     Training network 0 n_training: 5000
03-17 16:59 INFO     Training network 0
03-17 16:59 INFO     Client: 0 Epoch: 0 Loss: 0.13029372539275733
03-17 16:59 INFO     Client: 0 Epoch: 1 Loss: 0.0788521843078809
03-17 16:59 INFO     Client: 0 Epoch: 2 Loss: 0.05510667272103138
03-17 16:59 INFO     Client: 0 Epoch: 3 Loss: 0.0406493591861083
03-17 16:59 INFO     Client: 0 Epoch: 4 Loss: 0.028823694023184288
03-17 16:59 INFO      ** Client: 0 Training complete **
03-17 16:59 INFO     Training network 1 n_training: 8000
03-17 16:59 INFO     Training network 1
03-17 17:00 INFO     Client: 1 Epoch: 0 Loss: 0.09884253877305216
03-17 17:00 INFO     Client: 1 Epoch: 1 Loss: 0.07464782989794208
03-17 17:00 INFO     Client: 1 Epoch: 2 Loss: 0.058314723413317435
03-17 17:00 INFO     Client: 1 Epoch: 3 Loss: 0.05354698897609787
03-17 17:00 INFO     Client: 1 Epoch: 4 Loss: 0.04096083964912161
03-17 17:00 INFO      ** Client: 1 Training complete **
03-17 17:00 INFO     global n_training: 390
03-17 17:00 INFO     global n_test: 79
03-17 17:00 INFO     >> Global Model Train accuracy: 0.5804, Train accuracy top-5: 0.8282
03-17 17:00 INFO     >> Global Model Test accuracy: 0.4855, Test accuracy top-5: 0.7758
03-17 17:00 INFO     >> Global Model Train loss: 1.7010
03-17 17:00 INFO     in comm round:14
03-17 17:00 INFO     Training network 0 n_training: 5000
03-17 17:00 INFO     Training network 0
03-17 17:00 INFO     Client: 0 Epoch: 0 Loss: 0.09392583771393849
03-17 17:00 INFO     Client: 0 Epoch: 1 Loss: 0.049346273382886864
03-17 17:00 INFO     Client: 0 Epoch: 2 Loss: 0.034131973647536375
03-17 17:00 INFO     Client: 0 Epoch: 3 Loss: 0.03338394743891863
03-17 17:00 INFO     Client: 0 Epoch: 4 Loss: 0.030637251881834787
03-17 17:00 INFO      ** Client: 0 Training complete **
03-17 17:00 INFO     Training network 1 n_training: 8000
03-17 17:00 INFO     Training network 1
03-17 17:00 INFO     Client: 1 Epoch: 0 Loss: 0.06967018562699517
03-17 17:00 INFO     Client: 1 Epoch: 1 Loss: 0.04303875244072368
03-17 17:00 INFO     Client: 1 Epoch: 2 Loss: 0.03789930409120937
03-17 17:00 INFO     Client: 1 Epoch: 3 Loss: 0.028698997857469703
03-17 17:00 INFO     Client: 1 Epoch: 4 Loss: 0.023759886637450225
03-17 17:00 INFO      ** Client: 1 Training complete **
03-17 17:00 INFO     global n_training: 390
03-17 17:00 INFO     global n_test: 79
03-17 17:00 INFO     >> Global Model Train accuracy: 0.5845, Train accuracy top-5: 0.8314
03-17 17:00 INFO     >> Global Model Test accuracy: 0.4909, Test accuracy top-5: 0.7779
03-17 17:00 INFO     >> Global Model Train loss: 1.6843
03-17 17:00 INFO     in comm round:15
03-17 17:00 INFO     Training network 0 n_training: 5000
03-17 17:00 INFO     Training network 0
03-17 17:00 INFO     Client: 0 Epoch: 0 Loss: 0.07529798570351723
03-17 17:00 INFO     Client: 0 Epoch: 1 Loss: 0.036719661635848194
03-17 17:00 INFO     Client: 0 Epoch: 2 Loss: 0.030265513138893325
03-17 17:00 INFO     Client: 0 Epoch: 3 Loss: 0.026487600822479297
03-17 17:00 INFO     Client: 0 Epoch: 4 Loss: 0.021086011153574172
03-17 17:00 INFO      ** Client: 0 Training complete **
03-17 17:00 INFO     Training network 1 n_training: 8000
03-17 17:00 INFO     Training network 1
03-17 17:00 INFO     Client: 1 Epoch: 0 Loss: 0.052857416952329296
03-17 17:01 INFO     Client: 1 Epoch: 1 Loss: 0.030743724035639918
03-17 17:01 INFO     Client: 1 Epoch: 2 Loss: 0.022664136538702633
03-17 17:01 INFO     Client: 1 Epoch: 3 Loss: 0.017698503264616573
03-17 17:01 INFO     Client: 1 Epoch: 4 Loss: 0.016795895535558943
03-17 17:01 INFO      ** Client: 1 Training complete **
03-17 17:01 INFO     global n_training: 390
03-17 17:01 INFO     global n_test: 79
03-17 17:01 INFO     >> Global Model Train accuracy: 0.5922, Train accuracy top-5: 0.8297
03-17 17:01 INFO     >> Global Model Test accuracy: 0.4968, Test accuracy top-5: 0.7764
03-17 17:01 INFO     >> Global Model Train loss: 1.6719
03-17 17:01 INFO     in comm round:16
03-17 17:01 INFO     Training network 0 n_training: 5000
03-17 17:01 INFO     Training network 0
03-17 17:01 INFO     Client: 0 Epoch: 0 Loss: 0.06227658617381866
03-17 17:01 INFO     Client: 0 Epoch: 1 Loss: 0.027943771380262498
03-17 17:01 INFO     Client: 0 Epoch: 2 Loss: 0.021286362543320045
03-17 17:01 INFO     Client: 0 Epoch: 3 Loss: 0.01780988720174019
03-17 17:01 INFO     Client: 0 Epoch: 4 Loss: 0.013088861504235329
03-17 17:01 INFO      ** Client: 0 Training complete **
03-17 17:01 INFO     Training network 1 n_training: 8000
03-17 17:01 INFO     Training network 1
03-17 17:01 INFO     Client: 1 Epoch: 0 Loss: 0.051417377056373705
03-17 17:01 INFO     Client: 1 Epoch: 1 Loss: 0.026627741258351073
03-17 17:01 INFO     Client: 1 Epoch: 2 Loss: 0.019852837157105247
03-17 17:01 INFO     Client: 1 Epoch: 3 Loss: 0.015551285502771217
03-17 17:01 INFO     Client: 1 Epoch: 4 Loss: 0.01594886632876531
03-17 17:01 INFO      ** Client: 1 Training complete **
03-17 17:01 INFO     global n_training: 390
03-17 17:01 INFO     global n_test: 79
03-17 17:01 INFO     >> Global Model Train accuracy: 0.5960, Train accuracy top-5: 0.8307
03-17 17:01 INFO     >> Global Model Test accuracy: 0.4952, Test accuracy top-5: 0.7760
03-17 17:01 INFO     >> Global Model Train loss: 1.6661
03-17 17:01 INFO     in comm round:17
03-17 17:01 INFO     Training network 0 n_training: 5000
03-17 17:01 INFO     Training network 0
03-17 17:01 INFO     Client: 0 Epoch: 0 Loss: 0.052024529673732244
03-17 17:01 INFO     Client: 0 Epoch: 1 Loss: 0.022132990929560784
03-17 17:01 INFO     Client: 0 Epoch: 2 Loss: 0.019231779548602227
03-17 17:01 INFO     Client: 0 Epoch: 3 Loss: 0.014858520494248623
03-17 17:01 INFO     Client: 0 Epoch: 4 Loss: 0.013073477750787368
03-17 17:01 INFO      ** Client: 0 Training complete **
03-17 17:01 INFO     Training network 1 n_training: 8000
03-17 17:01 INFO     Training network 1
03-17 17:01 INFO     Client: 1 Epoch: 0 Loss: 0.037451766296139645
03-17 17:01 INFO     Client: 1 Epoch: 1 Loss: 0.01911426998013931
03-17 17:02 INFO     Client: 1 Epoch: 2 Loss: 0.014641301961795937
03-17 17:02 INFO     Client: 1 Epoch: 3 Loss: 0.012693528806970965
03-17 17:02 INFO     Client: 1 Epoch: 4 Loss: 0.011821095215817612
03-17 17:02 INFO      ** Client: 1 Training complete **
03-17 17:02 INFO     global n_training: 390
03-17 17:02 INFO     global n_test: 79
03-17 17:02 INFO     >> Global Model Train accuracy: 0.5989, Train accuracy top-5: 0.8319
03-17 17:02 INFO     >> Global Model Test accuracy: 0.5007, Test accuracy top-5: 0.7781
03-17 17:02 INFO     >> Global Model Train loss: 1.6540
03-17 17:02 INFO     in comm round:18
03-17 17:02 INFO     Training network 0 n_training: 5000
03-17 17:02 INFO     Training network 0
03-17 17:02 INFO     Client: 0 Epoch: 0 Loss: 0.04530187357121553
03-17 17:02 INFO     Client: 0 Epoch: 1 Loss: 0.018042278022338182
03-17 17:02 INFO     Client: 0 Epoch: 2 Loss: 0.014432869397867948
03-17 17:02 INFO     Client: 0 Epoch: 3 Loss: 0.012779865342263993
03-17 17:02 INFO     Client: 0 Epoch: 4 Loss: 0.011622941622940393
03-17 17:02 INFO      ** Client: 0 Training complete **
03-17 17:02 INFO     Training network 1 n_training: 8000
03-17 17:02 INFO     Training network 1
03-17 17:02 INFO     Client: 1 Epoch: 0 Loss: 0.03460189160860835
03-17 17:02 INFO     Client: 1 Epoch: 1 Loss: 0.016737182023784807
03-17 17:02 INFO     Client: 1 Epoch: 2 Loss: 0.014350404106681385
03-17 17:02 INFO     Client: 1 Epoch: 3 Loss: 0.012350611073235351
03-17 17:02 INFO     Client: 1 Epoch: 4 Loss: 0.01156240875171798
03-17 17:02 INFO      ** Client: 1 Training complete **
03-17 17:02 INFO     global n_training: 390
03-17 17:02 INFO     global n_test: 79
03-17 17:02 INFO     >> Global Model Train accuracy: 0.5978, Train accuracy top-5: 0.8317
03-17 17:02 INFO     >> Global Model Test accuracy: 0.4978, Test accuracy top-5: 0.7776
03-17 17:02 INFO     >> Global Model Train loss: 1.6555
03-17 17:02 INFO     in comm round:19
03-17 17:02 INFO     Training network 0 n_training: 5000
03-17 17:02 INFO     Training network 0
03-17 17:02 INFO     Client: 0 Epoch: 0 Loss: 0.040830967804560296
03-17 17:02 INFO     Client: 0 Epoch: 1 Loss: 0.017266694933940202
03-17 17:02 INFO     Client: 0 Epoch: 2 Loss: 0.012365267731440373
03-17 17:02 INFO     Client: 0 Epoch: 3 Loss: 0.010943714648676224
03-17 17:02 INFO     Client: 0 Epoch: 4 Loss: 0.01061754224774165
03-17 17:02 INFO      ** Client: 0 Training complete **
03-17 17:02 INFO     Training network 1 n_training: 8000
03-17 17:02 INFO     Training network 1
03-17 17:02 INFO     Client: 1 Epoch: 0 Loss: 0.03247803608856855
03-17 17:02 INFO     Client: 1 Epoch: 1 Loss: 0.018749908108504548
03-17 17:02 INFO     Client: 1 Epoch: 2 Loss: 0.014429950560893743
03-17 17:03 INFO     Client: 1 Epoch: 3 Loss: 0.011392011960607863
03-17 17:03 INFO     Client: 1 Epoch: 4 Loss: 0.01051422536763693
03-17 17:03 INFO      ** Client: 1 Training complete **
03-17 17:03 INFO     global n_training: 390
03-17 17:03 INFO     global n_test: 79
03-17 17:03 INFO     >> Global Model Train accuracy: 0.6032, Train accuracy top-5: 0.8328
03-17 17:03 INFO     >> Global Model Test accuracy: 0.4993, Test accuracy top-5: 0.7779
03-17 17:03 INFO     >> Global Model Train loss: 1.6331
03-17 17:03 INFO     in comm round:20
03-17 17:03 INFO     Training network 0 n_training: 5000
03-17 17:03 INFO     Training network 0
03-17 17:03 INFO     Client: 0 Epoch: 0 Loss: 0.037401847111491054
03-17 17:03 INFO     Client: 0 Epoch: 1 Loss: 0.015778627915260118
03-17 17:03 INFO     Client: 0 Epoch: 2 Loss: 0.011542082597047854
03-17 17:03 INFO     Client: 0 Epoch: 3 Loss: 0.010429587597266221
03-17 17:03 INFO     Client: 0 Epoch: 4 Loss: 0.012842120113185583
03-17 17:03 INFO      ** Client: 0 Training complete **
03-17 17:03 INFO     Training network 1 n_training: 8000
03-17 17:03 INFO     Training network 1
03-17 17:03 INFO     Client: 1 Epoch: 0 Loss: 0.02471512200070485
03-17 17:03 INFO     Client: 1 Epoch: 1 Loss: 0.01287338812084448
03-17 17:03 INFO     Client: 1 Epoch: 2 Loss: 0.01036506766573556
03-17 17:03 INFO     Client: 1 Epoch: 3 Loss: 0.008715970734614999
03-17 17:03 INFO     Client: 1 Epoch: 4 Loss: 0.00921290079432149
03-17 17:03 INFO      ** Client: 1 Training complete **
03-17 17:03 INFO     global n_training: 390
03-17 17:03 INFO     global n_test: 79
03-17 17:03 INFO     >> Global Model Train accuracy: 0.6045, Train accuracy top-5: 0.8328
03-17 17:03 INFO     >> Global Model Test accuracy: 0.5007, Test accuracy top-5: 0.7792
03-17 17:03 INFO     >> Global Model Train loss: 1.6383
03-17 17:03 INFO     in comm round:21
03-17 17:03 INFO     Training network 0 n_training: 5000
03-17 17:03 INFO     Training network 0
03-17 17:03 INFO     Client: 0 Epoch: 0 Loss: 0.031169469516055707
03-17 17:03 INFO     Client: 0 Epoch: 1 Loss: 0.01277217381180097
03-17 17:03 INFO     Client: 0 Epoch: 2 Loss: 0.010838991628052333
03-17 17:03 INFO     Client: 0 Epoch: 3 Loss: 0.008958067076328473
03-17 17:03 INFO     Client: 0 Epoch: 4 Loss: 0.008458862176690346
03-17 17:03 INFO      ** Client: 0 Training complete **
03-17 17:03 INFO     Training network 1 n_training: 8000
03-17 17:03 INFO     Training network 1
03-17 17:03 INFO     Client: 1 Epoch: 0 Loss: 0.025139226337834712
03-17 17:03 INFO     Client: 1 Epoch: 1 Loss: 0.011940221242125957
03-17 17:03 INFO     Client: 1 Epoch: 2 Loss: 0.011159095770469116
03-17 17:03 INFO     Client: 1 Epoch: 3 Loss: 0.008986582679133262
03-17 17:04 INFO     Client: 1 Epoch: 4 Loss: 0.00909984228952277
03-17 17:04 INFO      ** Client: 1 Training complete **
03-17 17:04 INFO     global n_training: 390
03-17 17:04 INFO     global n_test: 79
03-17 17:04 INFO     >> Global Model Train accuracy: 0.6082, Train accuracy top-5: 0.8353
03-17 17:04 INFO     >> Global Model Test accuracy: 0.5023, Test accuracy top-5: 0.7787
03-17 17:04 INFO     >> Global Model Train loss: 1.6232
03-17 17:04 INFO     in comm round:22
03-17 17:04 INFO     Training network 0 n_training: 5000
03-17 17:04 INFO     Training network 0
03-17 17:04 INFO     Client: 0 Epoch: 0 Loss: 0.02998273215519312
03-17 17:04 INFO     Client: 0 Epoch: 1 Loss: 0.011664956545409484
03-17 17:04 INFO     Client: 0 Epoch: 2 Loss: 0.009717446465331774
03-17 17:04 INFO     Client: 0 Epoch: 3 Loss: 0.008941167499870062
03-17 17:04 INFO     Client: 0 Epoch: 4 Loss: 0.008261317243942847
03-17 17:04 INFO      ** Client: 0 Training complete **
03-17 17:04 INFO     Training network 1 n_training: 8000
03-17 17:04 INFO     Training network 1
03-17 17:04 INFO     Client: 1 Epoch: 0 Loss: 0.02412930366793467
03-17 17:04 INFO     Client: 1 Epoch: 1 Loss: 0.010335729487480657
03-17 17:04 INFO     Client: 1 Epoch: 2 Loss: 0.01051574470024676
03-17 17:04 INFO     Client: 1 Epoch: 3 Loss: 0.009556223270333102
03-17 17:04 INFO     Client: 1 Epoch: 4 Loss: 0.008871037618166978
03-17 17:04 INFO      ** Client: 1 Training complete **
03-17 17:04 INFO     global n_training: 390
03-17 17:04 INFO     global n_test: 79
03-17 17:04 INFO     >> Global Model Train accuracy: 0.6083, Train accuracy top-5: 0.8337
03-17 17:04 INFO     >> Global Model Test accuracy: 0.5041, Test accuracy top-5: 0.7794
03-17 17:04 INFO     >> Global Model Train loss: 1.6210
03-17 17:04 INFO     in comm round:23
03-17 17:04 INFO     Training network 0 n_training: 5000
03-17 17:04 INFO     Training network 0
03-17 17:04 INFO     Client: 0 Epoch: 0 Loss: 0.02720301980391527
03-17 17:04 INFO     Client: 0 Epoch: 1 Loss: 0.012011106603611738
03-17 17:04 INFO     Client: 0 Epoch: 2 Loss: 0.00985820672641962
03-17 17:04 INFO     Client: 0 Epoch: 3 Loss: 0.008678305810556198
03-17 17:04 INFO     Client: 0 Epoch: 4 Loss: 0.008361891783678379
03-17 17:04 INFO      ** Client: 0 Training complete **
03-17 17:04 INFO     Training network 1 n_training: 8000
03-17 17:04 INFO     Training network 1
03-17 17:04 INFO     Client: 1 Epoch: 0 Loss: 0.02135240774781954
03-17 17:04 INFO     Client: 1 Epoch: 1 Loss: 0.011172374935760614
03-17 17:04 INFO     Client: 1 Epoch: 2 Loss: 0.008935942660055814
03-17 17:04 INFO     Client: 1 Epoch: 3 Loss: 0.008641032359352516
03-17 17:04 INFO     Client: 1 Epoch: 4 Loss: 0.008627266187461154
03-17 17:04 INFO      ** Client: 1 Training complete **
03-17 17:04 INFO     global n_training: 390
03-17 17:04 INFO     global n_test: 79
03-17 17:05 INFO     >> Global Model Train accuracy: 0.6078, Train accuracy top-5: 0.8330
03-17 17:05 INFO     >> Global Model Test accuracy: 0.5050, Test accuracy top-5: 0.7814
03-17 17:05 INFO     >> Global Model Train loss: 1.6216
03-17 17:05 INFO     in comm round:24
03-17 17:05 INFO     Training network 0 n_training: 5000
03-17 17:05 INFO     Training network 0
03-17 17:05 INFO     Client: 0 Epoch: 0 Loss: 0.026819115671782922
03-17 17:05 INFO     Client: 0 Epoch: 1 Loss: 0.011276009253775462
03-17 17:05 INFO     Client: 0 Epoch: 2 Loss: 0.009881909315784773
03-17 17:05 INFO     Client: 0 Epoch: 3 Loss: 0.009675668421177527
03-17 17:05 INFO     Client: 0 Epoch: 4 Loss: 0.008565582943936953
03-17 17:05 INFO      ** Client: 0 Training complete **
03-17 17:05 INFO     Training network 1 n_training: 8000
03-17 17:05 INFO     Training network 1
03-17 17:05 INFO     Client: 1 Epoch: 0 Loss: 0.019107209849021128
03-17 17:05 INFO     Client: 1 Epoch: 1 Loss: 0.010083427945632608
03-17 17:05 INFO     Client: 1 Epoch: 2 Loss: 0.009004703843064846
03-17 17:05 INFO     Client: 1 Epoch: 3 Loss: 0.00915654952217254
03-17 17:05 INFO     Client: 1 Epoch: 4 Loss: 0.008315103631767054
03-17 17:05 INFO      ** Client: 1 Training complete **
03-17 17:05 INFO     global n_training: 390
03-17 17:05 INFO     global n_test: 79
03-17 17:05 INFO     >> Global Model Train accuracy: 0.6111, Train accuracy top-5: 0.8335
03-17 17:05 INFO     >> Global Model Test accuracy: 0.5084, Test accuracy top-5: 0.7805
03-17 17:05 INFO     >> Global Model Train loss: 1.6101
03-17 17:05 INFO     in comm round:25
03-17 17:05 INFO     Training network 0 n_training: 5000
03-17 17:05 INFO     Training network 0
03-17 17:05 INFO     Client: 0 Epoch: 0 Loss: 0.02550881890914379
03-17 17:05 INFO     Client: 0 Epoch: 1 Loss: 0.01070359807748061
03-17 17:05 INFO     Client: 0 Epoch: 2 Loss: 0.009416669774322938
03-17 17:05 INFO     Client: 0 Epoch: 3 Loss: 0.007813182551986896
03-17 17:05 INFO     Client: 0 Epoch: 4 Loss: 0.00749385534809568
03-17 17:05 INFO      ** Client: 0 Training complete **
03-17 17:05 INFO     Training network 1 n_training: 8000
03-17 17:05 INFO     Training network 1
03-17 17:05 INFO     Client: 1 Epoch: 0 Loss: 0.0202784841324413
03-17 17:05 INFO     Client: 1 Epoch: 1 Loss: 0.010138570556357022
03-17 17:05 INFO     Client: 1 Epoch: 2 Loss: 0.009307377678792804
03-17 17:05 INFO     Client: 1 Epoch: 3 Loss: 0.008801669250392625
03-17 17:05 INFO     Client: 1 Epoch: 4 Loss: 0.008849124551840847
03-17 17:05 INFO      ** Client: 1 Training complete **
03-17 17:05 INFO     global n_training: 390
03-17 17:05 INFO     global n_test: 79
03-17 17:06 INFO     >> Global Model Train accuracy: 0.6123, Train accuracy top-5: 0.8326
03-17 17:06 INFO     >> Global Model Test accuracy: 0.5074, Test accuracy top-5: 0.7818
03-17 17:06 INFO     >> Global Model Train loss: 1.6064
03-17 17:06 INFO     in comm round:26
03-17 17:06 INFO     Training network 0 n_training: 5000
03-17 17:06 INFO     Training network 0
03-17 17:06 INFO     Client: 0 Epoch: 0 Loss: 0.026751619644272022
03-17 17:06 INFO     Client: 0 Epoch: 1 Loss: 0.014911280228541447
03-17 17:06 INFO     Client: 0 Epoch: 2 Loss: 0.009916856920776458
03-17 17:06 INFO     Client: 0 Epoch: 3 Loss: 0.008398375939577818
03-17 17:06 INFO     Client: 0 Epoch: 4 Loss: 0.007551372684060763
03-17 17:06 INFO      ** Client: 0 Training complete **
03-17 17:06 INFO     Training network 1 n_training: 8000
03-17 17:06 INFO     Training network 1
03-17 17:06 INFO     Client: 1 Epoch: 0 Loss: 0.0186080779099176
03-17 17:06 INFO     Client: 1 Epoch: 1 Loss: 0.01024904793068286
03-17 17:06 INFO     Client: 1 Epoch: 2 Loss: 0.00856949592519912
03-17 17:06 INFO     Client: 1 Epoch: 3 Loss: 0.00832732256141401
03-17 17:06 INFO     Client: 1 Epoch: 4 Loss: 0.007802732784541384
03-17 17:06 INFO      ** Client: 1 Training complete **
03-17 17:06 INFO     global n_training: 390
03-17 17:06 INFO     global n_test: 79
03-17 17:06 INFO     >> Global Model Train accuracy: 0.6107, Train accuracy top-5: 0.8335
03-17 17:06 INFO     >> Global Model Test accuracy: 0.5081, Test accuracy top-5: 0.7792
03-17 17:06 INFO     >> Global Model Train loss: 1.6077
03-17 17:06 INFO     in comm round:27
03-17 17:06 INFO     Training network 0 n_training: 5000
03-17 17:06 INFO     Training network 0
03-17 17:06 INFO     Client: 0 Epoch: 0 Loss: 0.022416993521918088
03-17 17:06 INFO     Client: 0 Epoch: 1 Loss: 0.01013281229787912
03-17 17:06 INFO     Client: 0 Epoch: 2 Loss: 0.008324914910376836
03-17 17:06 INFO     Client: 0 Epoch: 3 Loss: 0.008146744830390582
03-17 17:06 INFO     Client: 0 Epoch: 4 Loss: 0.007414193692593238
03-17 17:06 INFO      ** Client: 0 Training complete **
03-17 17:06 INFO     Training network 1 n_training: 8000
03-17 17:06 INFO     Training network 1
03-17 17:06 INFO     Client: 1 Epoch: 0 Loss: 0.018530310401993412
03-17 17:06 INFO     Client: 1 Epoch: 1 Loss: 0.009818471359810042
03-17 17:06 INFO     Client: 1 Epoch: 2 Loss: 0.008044862954486762
03-17 17:06 INFO     Client: 1 Epoch: 3 Loss: 0.008102531559885509
03-17 17:06 INFO     Client: 1 Epoch: 4 Loss: 0.008363119972449156
03-17 17:06 INFO      ** Client: 1 Training complete **
03-17 17:06 INFO     global n_training: 390
03-17 17:06 INFO     global n_test: 79
03-17 17:07 INFO     >> Global Model Train accuracy: 0.6138, Train accuracy top-5: 0.8359
03-17 17:07 INFO     >> Global Model Test accuracy: 0.5085, Test accuracy top-5: 0.7811
03-17 17:07 INFO     >> Global Model Train loss: 1.5970
03-17 17:07 INFO     in comm round:28
03-17 17:07 INFO     Training network 0 n_training: 5000
03-17 17:07 INFO     Training network 0
03-17 17:07 INFO     Client: 0 Epoch: 0 Loss: 0.02647715661292657
03-17 17:07 INFO     Client: 0 Epoch: 1 Loss: 0.010179645023666896
03-17 17:07 INFO     Client: 0 Epoch: 2 Loss: 0.009151189826810971
03-17 17:07 INFO     Client: 0 Epoch: 3 Loss: 0.007692815843396462
03-17 17:07 INFO     Client: 0 Epoch: 4 Loss: 0.007316603038746577
03-17 17:07 INFO      ** Client: 0 Training complete **
03-17 17:07 INFO     Training network 1 n_training: 8000
03-17 17:07 INFO     Training network 1
03-17 17:07 INFO     Client: 1 Epoch: 0 Loss: 0.017499144504507704
03-17 17:07 INFO     Client: 1 Epoch: 1 Loss: 0.009469562007354633
03-17 17:07 INFO     Client: 1 Epoch: 2 Loss: 0.008762240770363038
03-17 17:07 INFO     Client: 1 Epoch: 3 Loss: 0.008144125041942443
03-17 17:07 INFO     Client: 1 Epoch: 4 Loss: 0.007831174422115568
03-17 17:07 INFO      ** Client: 1 Training complete **
03-17 17:07 INFO     global n_training: 390
03-17 17:07 INFO     global n_test: 79
03-17 17:07 INFO     >> Global Model Train accuracy: 0.6127, Train accuracy top-5: 0.8351
03-17 17:07 INFO     >> Global Model Test accuracy: 0.5093, Test accuracy top-5: 0.7789
03-17 17:07 INFO     >> Global Model Train loss: 1.5992
03-17 17:07 INFO     in comm round:29
03-17 17:07 INFO     Training network 0 n_training: 5000
03-17 17:07 INFO     Training network 0
03-17 17:07 INFO     Client: 0 Epoch: 0 Loss: 0.02191037913927665
03-17 17:07 INFO     Client: 0 Epoch: 1 Loss: 0.009906958382672224
03-17 17:07 INFO     Client: 0 Epoch: 2 Loss: 0.008234985136928467
03-17 17:07 INFO     Client: 0 Epoch: 3 Loss: 0.007740523881064012
03-17 17:07 INFO     Client: 0 Epoch: 4 Loss: 0.007586828170296473
03-17 17:07 INFO      ** Client: 0 Training complete **
03-17 17:07 INFO     Training network 1 n_training: 8000
03-17 17:07 INFO     Training network 1
03-17 17:07 INFO     Client: 1 Epoch: 0 Loss: 0.01786812998714947
03-17 17:07 INFO     Client: 1 Epoch: 1 Loss: 0.009568419720556947
03-17 17:07 INFO     Client: 1 Epoch: 2 Loss: 0.00857779280012173
03-17 17:07 INFO     Client: 1 Epoch: 3 Loss: 0.00829563130654635
03-17 17:07 INFO     Client: 1 Epoch: 4 Loss: 0.008050579247215101
03-17 17:07 INFO      ** Client: 1 Training complete **
03-17 17:07 INFO     global n_training: 390
03-17 17:07 INFO     global n_test: 79
03-17 17:07 INFO     >> Global Model Train accuracy: 0.6141, Train accuracy top-5: 0.8358
03-17 17:07 INFO     >> Global Model Test accuracy: 0.5093, Test accuracy top-5: 0.7810
03-17 17:07 INFO     >> Global Model Train loss: 1.5928
03-17 17:07 INFO     in comm round:30
03-17 17:07 INFO     Training network 0 n_training: 5000
03-17 17:07 INFO     Training network 0
03-17 17:08 INFO     Client: 0 Epoch: 0 Loss: 0.022714257861177128
03-17 17:08 INFO     Client: 0 Epoch: 1 Loss: 0.00927062072337438
03-17 17:08 INFO     Client: 0 Epoch: 2 Loss: 0.008472110729855604
03-17 17:08 INFO     Client: 0 Epoch: 3 Loss: 0.007887611046242408
03-17 17:08 INFO     Client: 0 Epoch: 4 Loss: 0.007250854494766547
03-17 17:08 INFO      ** Client: 0 Training complete **
03-17 17:08 INFO     Training network 1 n_training: 8000
03-17 17:08 INFO     Training network 1
03-17 17:08 INFO     Client: 1 Epoch: 0 Loss: 0.017160897924294396
03-17 17:08 INFO     Client: 1 Epoch: 1 Loss: 0.009239880210389533
03-17 17:08 INFO     Client: 1 Epoch: 2 Loss: 0.0084497865529791
03-17 17:08 INFO     Client: 1 Epoch: 3 Loss: 0.008159374615417854
03-17 17:08 INFO     Client: 1 Epoch: 4 Loss: 0.007744424270405885
03-17 17:08 INFO      ** Client: 1 Training complete **
03-17 17:08 INFO     global n_training: 390
03-17 17:08 INFO     global n_test: 79
03-17 17:08 INFO     >> Global Model Train accuracy: 0.6143, Train accuracy top-5: 0.8359
03-17 17:08 INFO     >> Global Model Test accuracy: 0.5086, Test accuracy top-5: 0.7797
03-17 17:08 INFO     >> Global Model Train loss: 1.5920
03-17 17:08 INFO     in comm round:31
03-17 17:08 INFO     Training network 0 n_training: 5000
03-17 17:08 INFO     Training network 0
03-17 17:08 INFO     Client: 0 Epoch: 0 Loss: 0.02140015545181739
03-17 17:08 INFO     Client: 0 Epoch: 1 Loss: 0.009321775430670151
03-17 17:08 INFO     Client: 0 Epoch: 2 Loss: 0.008136768968632588
03-17 17:08 INFO     Client: 0 Epoch: 3 Loss: 0.007667045371654706
03-17 17:08 INFO     Client: 0 Epoch: 4 Loss: 0.007435182837817149
03-17 17:08 INFO      ** Client: 0 Training complete **
03-17 17:08 INFO     Training network 1 n_training: 8000
03-17 17:08 INFO     Training network 1
03-17 17:08 INFO     Client: 1 Epoch: 0 Loss: 0.01720274064028936
03-17 17:08 INFO     Client: 1 Epoch: 1 Loss: 0.009457811885964005
03-17 17:08 INFO     Client: 1 Epoch: 2 Loss: 0.008994138258839808
03-17 17:08 INFO     Client: 1 Epoch: 3 Loss: 0.008199266683790953
03-17 17:08 INFO     Client: 1 Epoch: 4 Loss: 0.00838362059796289
03-17 17:08 INFO      ** Client: 1 Training complete **
03-17 17:08 INFO     global n_training: 390
03-17 17:08 INFO     global n_test: 79
03-17 17:08 INFO     >> Global Model Train accuracy: 0.6164, Train accuracy top-5: 0.8350
03-17 17:08 INFO     >> Global Model Test accuracy: 0.5092, Test accuracy top-5: 0.7805
03-17 17:08 INFO     >> Global Model Train loss: 1.5870
03-17 17:08 INFO     in comm round:32
03-17 17:08 INFO     Training network 0 n_training: 5000
03-17 17:08 INFO     Training network 0
03-17 17:08 INFO     Client: 0 Epoch: 0 Loss: 0.021620571923752625
03-17 17:09 INFO     Client: 0 Epoch: 1 Loss: 0.00959273335786584
03-17 17:09 INFO     Client: 0 Epoch: 2 Loss: 0.008414505240626825
03-17 17:09 INFO     Client: 0 Epoch: 3 Loss: 0.00805240624751418
03-17 17:09 INFO     Client: 0 Epoch: 4 Loss: 0.007829002737521362
03-17 17:09 INFO      ** Client: 0 Training complete **
03-17 17:09 INFO     Training network 1 n_training: 8000
03-17 17:09 INFO     Training network 1
03-17 17:09 INFO     Client: 1 Epoch: 0 Loss: 0.016718881039489663
03-17 17:09 INFO     Client: 1 Epoch: 1 Loss: 0.009751736066274105
03-17 17:09 INFO     Client: 1 Epoch: 2 Loss: 0.008819387189202731
03-17 17:09 INFO     Client: 1 Epoch: 3 Loss: 0.008290616104439381
03-17 17:09 INFO     Client: 1 Epoch: 4 Loss: 0.008231962122203361
03-17 17:09 INFO      ** Client: 1 Training complete **
03-17 17:09 INFO     global n_training: 390
03-17 17:09 INFO     global n_test: 79
03-17 17:09 INFO     >> Global Model Train accuracy: 0.6174, Train accuracy top-5: 0.8345
03-17 17:09 INFO     >> Global Model Test accuracy: 0.5104, Test accuracy top-5: 0.7824
03-17 17:09 INFO     >> Global Model Train loss: 1.5845
03-17 17:09 INFO     in comm round:33
03-17 17:09 INFO     Training network 0 n_training: 5000
03-17 17:09 INFO     Training network 0
03-17 17:09 INFO     Client: 0 Epoch: 0 Loss: 0.021629877030276336
03-17 17:09 INFO     Client: 0 Epoch: 1 Loss: 0.009515216848693596
03-17 17:09 INFO     Client: 0 Epoch: 2 Loss: 0.008458025490817351
03-17 17:09 INFO     Client: 0 Epoch: 3 Loss: 0.007649164945364763
03-17 17:09 INFO     Client: 0 Epoch: 4 Loss: 0.00751746214257601
03-17 17:09 INFO      ** Client: 0 Training complete **
03-17 17:09 INFO     Training network 1 n_training: 8000
03-17 17:09 INFO     Training network 1
03-17 17:09 INFO     Client: 1 Epoch: 0 Loss: 0.01725995958211922
03-17 17:09 INFO     Client: 1 Epoch: 1 Loss: 0.009212916619294593
03-17 17:09 INFO     Client: 1 Epoch: 2 Loss: 0.008289788684417163
03-17 17:09 INFO     Client: 1 Epoch: 3 Loss: 0.00836464595199833
03-17 17:09 INFO     Client: 1 Epoch: 4 Loss: 0.008246642041711076
03-17 17:09 INFO      ** Client: 1 Training complete **
03-17 17:09 INFO     global n_training: 390
03-17 17:09 INFO     global n_test: 79
03-17 17:09 INFO     >> Global Model Train accuracy: 0.6181, Train accuracy top-5: 0.8357
03-17 17:09 INFO     >> Global Model Test accuracy: 0.5110, Test accuracy top-5: 0.7813
03-17 17:09 INFO     >> Global Model Train loss: 1.5827
03-17 17:09 INFO     in comm round:34
03-17 17:09 INFO     Training network 0 n_training: 5000
03-17 17:09 INFO     Training network 0
03-17 17:09 INFO     Client: 0 Epoch: 0 Loss: 0.02174518032906911
03-17 17:09 INFO     Client: 0 Epoch: 1 Loss: 0.010172313079237938
03-17 17:09 INFO     Client: 0 Epoch: 2 Loss: 0.00839987688530714
03-17 17:10 INFO     Client: 0 Epoch: 3 Loss: 0.008078608363389205
03-17 17:10 INFO     Client: 0 Epoch: 4 Loss: 0.007796070514581142
03-17 17:10 INFO      ** Client: 0 Training complete **
03-17 17:10 INFO     Training network 1 n_training: 8000
03-17 17:10 INFO     Training network 1
03-17 17:10 INFO     Client: 1 Epoch: 0 Loss: 0.01705678579427542
03-17 17:10 INFO     Client: 1 Epoch: 1 Loss: 0.009732214042976979
03-17 17:10 INFO     Client: 1 Epoch: 2 Loss: 0.008678047166716668
03-17 17:10 INFO     Client: 1 Epoch: 3 Loss: 0.00853277971938012
03-17 17:10 INFO     Client: 1 Epoch: 4 Loss: 0.008030839617394151
03-17 17:10 INFO      ** Client: 1 Training complete **
03-17 17:10 INFO     global n_training: 390
03-17 17:10 INFO     global n_test: 79
03-17 17:10 INFO     >> Global Model Train accuracy: 0.6178, Train accuracy top-5: 0.8349
03-17 17:10 INFO     >> Global Model Test accuracy: 0.5113, Test accuracy top-5: 0.7805
03-17 17:10 INFO     >> Global Model Train loss: 1.5865
03-17 17:10 INFO     in comm round:35
03-17 17:10 INFO     Training network 0 n_training: 5000
03-17 17:10 INFO     Training network 0
03-17 17:10 INFO     Client: 0 Epoch: 0 Loss: 0.022657974527623408
03-17 17:10 INFO     Client: 0 Epoch: 1 Loss: 0.009649438723826256
03-17 17:10 INFO     Client: 0 Epoch: 2 Loss: 0.008747056556435732
03-17 17:10 INFO     Client: 0 Epoch: 3 Loss: 0.007892059233899299
03-17 17:10 INFO     Client: 0 Epoch: 4 Loss: 0.00804681590017982
03-17 17:10 INFO      ** Client: 0 Training complete **
03-17 17:10 INFO     Training network 1 n_training: 8000
03-17 17:10 INFO     Training network 1
03-17 17:10 INFO     Client: 1 Epoch: 0 Loss: 0.017179659207261378
03-17 17:10 INFO     Client: 1 Epoch: 1 Loss: 0.009549237922915527
03-17 17:10 INFO     Client: 1 Epoch: 2 Loss: 0.008924371991006116
03-17 17:10 INFO     Client: 1 Epoch: 3 Loss: 0.00829997482228904
03-17 17:10 INFO     Client: 1 Epoch: 4 Loss: 0.008483638018069247
03-17 17:10 INFO      ** Client: 1 Training complete **
03-17 17:10 INFO     global n_training: 390
03-17 17:10 INFO     global n_test: 79
03-17 17:10 INFO     >> Global Model Train accuracy: 0.6162, Train accuracy top-5: 0.8361
03-17 17:10 INFO     >> Global Model Test accuracy: 0.5125, Test accuracy top-5: 0.7822
03-17 17:10 INFO     >> Global Model Train loss: 1.5800
03-17 17:10 INFO     in comm round:36
03-17 17:10 INFO     Training network 0 n_training: 5000
03-17 17:10 INFO     Training network 0
03-17 17:10 INFO     Client: 0 Epoch: 0 Loss: 0.022553426428483084
03-17 17:10 INFO     Client: 0 Epoch: 1 Loss: 0.009572181265610151
03-17 17:10 INFO     Client: 0 Epoch: 2 Loss: 0.009092636669102388
03-17 17:10 INFO     Client: 0 Epoch: 3 Loss: 0.008366110364500528
03-17 17:11 INFO     Client: 0 Epoch: 4 Loss: 0.0077658516283218675
03-17 17:11 INFO      ** Client: 0 Training complete **
03-17 17:11 INFO     Training network 1 n_training: 8000
03-17 17:11 INFO     Training network 1
03-17 17:11 INFO     Client: 1 Epoch: 0 Loss: 0.01720914125983273
03-17 17:11 INFO     Client: 1 Epoch: 1 Loss: 0.009482914258936239
03-17 17:11 INFO     Client: 1 Epoch: 2 Loss: 0.00915201217867434
03-17 17:11 INFO     Client: 1 Epoch: 3 Loss: 0.008658694456361474
03-17 17:11 INFO     Client: 1 Epoch: 4 Loss: 0.008222818156824477
03-17 17:11 INFO      ** Client: 1 Training complete **
03-17 17:11 INFO     global n_training: 390
03-17 17:11 INFO     global n_test: 79
03-17 17:11 INFO     >> Global Model Train accuracy: 0.6166, Train accuracy top-5: 0.8348
03-17 17:11 INFO     >> Global Model Test accuracy: 0.5112, Test accuracy top-5: 0.7810
03-17 17:11 INFO     >> Global Model Train loss: 1.5827
03-17 17:11 INFO     in comm round:37
03-17 17:11 INFO     Training network 0 n_training: 5000
03-17 17:11 INFO     Training network 0
03-17 17:11 INFO     Client: 0 Epoch: 0 Loss: 0.021782739565540582
03-17 17:11 INFO     Client: 0 Epoch: 1 Loss: 0.010215770918875933
03-17 17:11 INFO     Client: 0 Epoch: 2 Loss: 0.008897421845736412
03-17 17:11 INFO     Client: 0 Epoch: 3 Loss: 0.008375160085658232
03-17 17:11 INFO     Client: 0 Epoch: 4 Loss: 0.008154299480315203
03-17 17:11 INFO      ** Client: 0 Training complete **
03-17 17:11 INFO     Training network 1 n_training: 8000
03-17 17:11 INFO     Training network 1
03-17 17:11 INFO     Client: 1 Epoch: 0 Loss: 0.017808915671682166
03-17 17:11 INFO     Client: 1 Epoch: 1 Loss: 0.009862995623881298
03-17 17:11 INFO     Client: 1 Epoch: 2 Loss: 0.009307062343483972
03-17 17:11 INFO     Client: 1 Epoch: 3 Loss: 0.008829421386302959
03-17 17:11 INFO     Client: 1 Epoch: 4 Loss: 0.00865043138694619
03-17 17:11 INFO      ** Client: 1 Training complete **
03-17 17:11 INFO     global n_training: 390
03-17 17:11 INFO     global n_test: 79
03-17 17:11 INFO     >> Global Model Train accuracy: 0.6182, Train accuracy top-5: 0.8351
03-17 17:11 INFO     >> Global Model Test accuracy: 0.5112, Test accuracy top-5: 0.7805
03-17 17:11 INFO     >> Global Model Train loss: 1.5801
03-17 17:11 INFO     in comm round:38
03-17 17:11 INFO     Training network 0 n_training: 5000
03-17 17:11 INFO     Training network 0
03-17 17:11 INFO     Client: 0 Epoch: 0 Loss: 0.0227012784482959
03-17 17:11 INFO     Client: 0 Epoch: 1 Loss: 0.010469327179285197
03-17 17:11 INFO     Client: 0 Epoch: 2 Loss: 0.009323642099610506
03-17 17:11 INFO     Client: 0 Epoch: 3 Loss: 0.008357911549795132
03-17 17:11 INFO     Client: 0 Epoch: 4 Loss: 0.008353106008890348
03-17 17:11 INFO      ** Client: 0 Training complete **
03-17 17:11 INFO     Training network 1 n_training: 8000
03-17 17:11 INFO     Training network 1
03-17 17:12 INFO     Client: 1 Epoch: 0 Loss: 0.017890792730594834
03-17 17:12 INFO     Client: 1 Epoch: 1 Loss: 0.01044606976211071
03-17 17:12 INFO     Client: 1 Epoch: 2 Loss: 0.009698925652511178
03-17 17:12 INFO     Client: 1 Epoch: 3 Loss: 0.009072321895209531
03-17 17:12 INFO     Client: 1 Epoch: 4 Loss: 0.008847206583126418
03-17 17:12 INFO      ** Client: 1 Training complete **
03-17 17:12 INFO     global n_training: 390
03-17 17:12 INFO     global n_test: 79
03-17 17:12 INFO     >> Global Model Train accuracy: 0.6177, Train accuracy top-5: 0.8340
03-17 17:12 INFO     >> Global Model Test accuracy: 0.5115, Test accuracy top-5: 0.7806
03-17 17:12 INFO     >> Global Model Train loss: 1.5795
03-17 17:12 INFO     in comm round:39
03-17 17:12 INFO     Training network 0 n_training: 5000
03-17 17:12 INFO     Training network 0
03-17 17:12 INFO     Client: 0 Epoch: 0 Loss: 0.024066473357379436
03-17 17:12 INFO     Client: 0 Epoch: 1 Loss: 0.010581073709405385
03-17 17:12 INFO     Client: 0 Epoch: 2 Loss: 0.009277034610605393
03-17 17:12 INFO     Client: 0 Epoch: 3 Loss: 0.00853901817343938
03-17 17:12 INFO     Client: 0 Epoch: 4 Loss: 0.008109720710378427
03-17 17:12 INFO      ** Client: 0 Training complete **
03-17 17:12 INFO     Training network 1 n_training: 8000
03-17 17:12 INFO     Training network 1
03-17 17:12 INFO     Client: 1 Epoch: 0 Loss: 0.018643426663813092
03-17 17:12 INFO     Client: 1 Epoch: 1 Loss: 0.010641898404085828
03-17 17:12 INFO     Client: 1 Epoch: 2 Loss: 0.009826102992519736
03-17 17:12 INFO     Client: 1 Epoch: 3 Loss: 0.009209604640941947
03-17 17:12 INFO     Client: 1 Epoch: 4 Loss: 0.009036452351738848
03-17 17:12 INFO      ** Client: 1 Training complete **
03-17 17:12 INFO     global n_training: 390
03-17 17:12 INFO     global n_test: 79
03-17 17:12 INFO     >> Global Model Train accuracy: 0.6194, Train accuracy top-5: 0.8374
03-17 17:12 INFO     >> Global Model Test accuracy: 0.5125, Test accuracy top-5: 0.7812
03-17 17:12 INFO     >> Global Model Train loss: 1.5710
03-17 17:12 INFO     in comm round:40
03-17 17:12 INFO     Training network 0 n_training: 5000
03-17 17:12 INFO     Training network 0
03-17 17:12 INFO     Client: 0 Epoch: 0 Loss: 0.02366401883176504
03-17 17:12 INFO     Client: 0 Epoch: 1 Loss: 0.010901618128021559
03-17 17:12 INFO     Client: 0 Epoch: 2 Loss: 0.009777425955503415
03-17 17:12 INFO     Client: 0 Epoch: 3 Loss: 0.009049639822198795
03-17 17:12 INFO     Client: 0 Epoch: 4 Loss: 0.008987092377188114
03-17 17:12 INFO      ** Client: 0 Training complete **
03-17 17:12 INFO     Training network 1 n_training: 8000
03-17 17:12 INFO     Training network 1
03-17 17:12 INFO     Client: 1 Epoch: 0 Loss: 0.01826550278271879
03-17 17:13 INFO     Client: 1 Epoch: 1 Loss: 0.011188941895060481
03-17 17:13 INFO     Client: 1 Epoch: 2 Loss: 0.009790092248529676
03-17 17:13 INFO     Client: 1 Epoch: 3 Loss: 0.009263120771896454
03-17 17:13 INFO     Client: 1 Epoch: 4 Loss: 0.009062112616975941
03-17 17:13 INFO      ** Client: 1 Training complete **
03-17 17:13 INFO     global n_training: 390
03-17 17:13 INFO     global n_test: 79
03-17 17:13 INFO     >> Global Model Train accuracy: 0.6199, Train accuracy top-5: 0.8358
03-17 17:13 INFO     >> Global Model Test accuracy: 0.5130, Test accuracy top-5: 0.7814
03-17 17:13 INFO     >> Global Model Train loss: 1.5790
03-17 17:13 INFO     in comm round:41
03-17 17:13 INFO     Training network 0 n_training: 5000
03-17 17:13 INFO     Training network 0
03-17 17:13 INFO     Client: 0 Epoch: 0 Loss: 0.02423297067005665
03-17 17:13 INFO     Client: 0 Epoch: 1 Loss: 0.012379314368351912
03-17 17:13 INFO     Client: 0 Epoch: 2 Loss: 0.010835964805804767
03-17 17:13 INFO     Client: 0 Epoch: 3 Loss: 0.009380397864450246
03-17 17:13 INFO     Client: 0 Epoch: 4 Loss: 0.00881904736161232
03-17 17:13 INFO      ** Client: 0 Training complete **
03-17 17:13 INFO     Training network 1 n_training: 8000
03-17 17:13 INFO     Training network 1
03-17 17:13 INFO     Client: 1 Epoch: 0 Loss: 0.019663373684330333
03-17 17:13 INFO     Client: 1 Epoch: 1 Loss: 0.01108929383448295
03-17 17:13 INFO     Client: 1 Epoch: 2 Loss: 0.010478982889664269
03-17 17:13 INFO     Client: 1 Epoch: 3 Loss: 0.009533503445826711
03-17 17:13 INFO     Client: 1 Epoch: 4 Loss: 0.009600729043144853
03-17 17:13 INFO      ** Client: 1 Training complete **
03-17 17:13 INFO     global n_training: 390
03-17 17:13 INFO     global n_test: 79
03-17 17:13 INFO     >> Global Model Train accuracy: 0.6199, Train accuracy top-5: 0.8358
03-17 17:13 INFO     >> Global Model Test accuracy: 0.5130, Test accuracy top-5: 0.7815
03-17 17:13 INFO     >> Global Model Train loss: 1.5763
03-17 17:13 INFO     in comm round:42
03-17 17:13 INFO     Training network 0 n_training: 5000
03-17 17:13 INFO     Training network 0
03-17 17:13 INFO     Client: 0 Epoch: 0 Loss: 0.02575451243095673
03-17 17:13 INFO     Client: 0 Epoch: 1 Loss: 0.012489028179492706
03-17 17:13 INFO     Client: 0 Epoch: 2 Loss: 0.010884330225869631
03-17 17:13 INFO     Client: 0 Epoch: 3 Loss: 0.010239452875864048
03-17 17:13 INFO     Client: 0 Epoch: 4 Loss: 0.009337688294740824
03-17 17:13 INFO      ** Client: 0 Training complete **
03-17 17:13 INFO     Training network 1 n_training: 8000
03-17 17:13 INFO     Training network 1
03-17 17:13 INFO     Client: 1 Epoch: 0 Loss: 0.019573254015056357
03-17 17:13 INFO     Client: 1 Epoch: 1 Loss: 0.011734012153840834
03-17 17:14 INFO     Client: 1 Epoch: 2 Loss: 0.010320417117327452
03-17 17:14 INFO     Client: 1 Epoch: 3 Loss: 0.010285362766514863
03-17 17:14 INFO     Client: 1 Epoch: 4 Loss: 0.009434529347345233
03-17 17:14 INFO      ** Client: 1 Training complete **
03-17 17:14 INFO     global n_training: 390
03-17 17:14 INFO     global n_test: 79
03-17 17:14 INFO     >> Global Model Train accuracy: 0.6202, Train accuracy top-5: 0.8362
03-17 17:14 INFO     >> Global Model Test accuracy: 0.5139, Test accuracy top-5: 0.7815
03-17 17:14 INFO     >> Global Model Train loss: 1.5775
03-17 17:14 INFO     in comm round:43
03-17 17:14 INFO     Training network 0 n_training: 5000
03-17 17:14 INFO     Training network 0
03-17 17:14 INFO     Client: 0 Epoch: 0 Loss: 0.027013510417861816
03-17 17:14 INFO     Client: 0 Epoch: 1 Loss: 0.013656519616070466
03-17 17:14 INFO     Client: 0 Epoch: 2 Loss: 0.011473438678643642
03-17 17:14 INFO     Client: 0 Epoch: 3 Loss: 0.011325097786119351
03-17 17:14 INFO     Client: 0 Epoch: 4 Loss: 0.009862258755721344
03-17 17:14 INFO      ** Client: 0 Training complete **
03-17 17:14 INFO     Training network 1 n_training: 8000
03-17 17:14 INFO     Training network 1
03-17 17:14 INFO     Client: 1 Epoch: 0 Loss: 0.020708123462334756
03-17 17:14 INFO     Client: 1 Epoch: 1 Loss: 0.01228482348303641
03-17 17:14 INFO     Client: 1 Epoch: 2 Loss: 0.011315680559604399
03-17 17:14 INFO     Client: 1 Epoch: 3 Loss: 0.010296365321283378
03-17 17:14 INFO     Client: 1 Epoch: 4 Loss: 0.010026306236883806
03-17 17:14 INFO      ** Client: 1 Training complete **
03-17 17:14 INFO     global n_training: 390
03-17 17:14 INFO     global n_test: 79
03-17 17:14 INFO     >> Global Model Train accuracy: 0.6210, Train accuracy top-5: 0.8361
03-17 17:14 INFO     >> Global Model Test accuracy: 0.5138, Test accuracy top-5: 0.7822
03-17 17:14 INFO     >> Global Model Train loss: 1.5735
03-17 17:14 INFO     in comm round:44
03-17 17:14 INFO     Training network 0 n_training: 5000
03-17 17:14 INFO     Training network 0
03-17 17:14 INFO     Client: 0 Epoch: 0 Loss: 0.028360360015470248
03-17 17:14 INFO     Client: 0 Epoch: 1 Loss: 0.014959167712965073
03-17 17:14 INFO     Client: 0 Epoch: 2 Loss: 0.01244979717123967
03-17 17:14 INFO     Client: 0 Epoch: 3 Loss: 0.011739413134562664
03-17 17:14 INFO     Client: 0 Epoch: 4 Loss: 0.011014306440185279
03-17 17:14 INFO      ** Client: 0 Training complete **
03-17 17:14 INFO     Training network 1 n_training: 8000
03-17 17:14 INFO     Training network 1
03-17 17:14 INFO     Client: 1 Epoch: 0 Loss: 0.02155854823368211
03-17 17:14 INFO     Client: 1 Epoch: 1 Loss: 0.013166524379724456
03-17 17:14 INFO     Client: 1 Epoch: 2 Loss: 0.011869372048925969
03-17 17:15 INFO     Client: 1 Epoch: 3 Loss: 0.010850617797264168
03-17 17:15 INFO     Client: 1 Epoch: 4 Loss: 0.01050599385803986
03-17 17:15 INFO      ** Client: 1 Training complete **
03-17 17:15 INFO     global n_training: 390
03-17 17:15 INFO     global n_test: 79
03-17 17:15 INFO     >> Global Model Train accuracy: 0.6233, Train accuracy top-5: 0.8360
03-17 17:15 INFO     >> Global Model Test accuracy: 0.5128, Test accuracy top-5: 0.7831
03-17 17:15 INFO     >> Global Model Train loss: 1.5714
03-17 17:15 INFO     in comm round:45
03-17 17:15 INFO     Training network 0 n_training: 5000
03-17 17:15 INFO     Training network 0
03-17 17:15 INFO     Client: 0 Epoch: 0 Loss: 0.030485831201076508
03-17 17:15 INFO     Client: 0 Epoch: 1 Loss: 0.016981821698256027
03-17 17:15 INFO     Client: 0 Epoch: 2 Loss: 0.014126198223003974
03-17 17:15 INFO     Client: 0 Epoch: 3 Loss: 0.012992749086175209
03-17 17:15 INFO     Client: 0 Epoch: 4 Loss: 0.011103600191955384
03-17 17:15 INFO      ** Client: 0 Training complete **
03-17 17:15 INFO     Training network 1 n_training: 8000
03-17 17:15 INFO     Training network 1
03-17 17:15 INFO     Client: 1 Epoch: 0 Loss: 0.02283412760363952
03-17 17:15 INFO     Client: 1 Epoch: 1 Loss: 0.013586532144296554
03-17 17:15 INFO     Client: 1 Epoch: 2 Loss: 0.012303130581013618
03-17 17:15 INFO     Client: 1 Epoch: 3 Loss: 0.01136205579725004
03-17 17:15 INFO     Client: 1 Epoch: 4 Loss: 0.011082192822810142
03-17 17:15 INFO      ** Client: 1 Training complete **
03-17 17:15 INFO     global n_training: 390
03-17 17:15 INFO     global n_test: 79
03-17 17:15 INFO     >> Global Model Train accuracy: 0.6208, Train accuracy top-5: 0.8366
03-17 17:15 INFO     >> Global Model Test accuracy: 0.5119, Test accuracy top-5: 0.7823
03-17 17:15 INFO     >> Global Model Train loss: 1.5780
03-17 17:15 INFO     in comm round:46
03-17 17:15 INFO     Training network 0 n_training: 5000
03-17 17:15 INFO     Training network 0
03-17 17:15 INFO     Client: 0 Epoch: 0 Loss: 0.03286269278480457
03-17 17:15 INFO     Client: 0 Epoch: 1 Loss: 0.018478804387343235
03-17 17:15 INFO     Client: 0 Epoch: 2 Loss: 0.015433074834828194
03-17 17:15 INFO     Client: 0 Epoch: 3 Loss: 0.014056807001813864
03-17 17:15 INFO     Client: 0 Epoch: 4 Loss: 0.01296407430886458
03-17 17:15 INFO      ** Client: 0 Training complete **
03-17 17:15 INFO     Training network 1 n_training: 8000
03-17 17:15 INFO     Training network 1
03-17 17:15 INFO     Client: 1 Epoch: 0 Loss: 0.02481743948714387
03-17 17:15 INFO     Client: 1 Epoch: 1 Loss: 0.015865997456374667
03-17 17:15 INFO     Client: 1 Epoch: 2 Loss: 0.013711310382331572
03-17 17:15 INFO     Client: 1 Epoch: 3 Loss: 0.012799495260321325
03-17 17:16 INFO     Client: 1 Epoch: 4 Loss: 0.012047844653528544
03-17 17:16 INFO      ** Client: 1 Training complete **
03-17 17:16 INFO     global n_training: 390
03-17 17:16 INFO     global n_test: 79
03-17 17:16 INFO     >> Global Model Train accuracy: 0.6224, Train accuracy top-5: 0.8364
03-17 17:16 INFO     >> Global Model Test accuracy: 0.5124, Test accuracy top-5: 0.7829
03-17 17:16 INFO     >> Global Model Train loss: 1.5780
03-17 17:16 INFO     in comm round:47
03-17 17:16 INFO     Training network 0 n_training: 5000
03-17 17:16 INFO     Training network 0
03-17 17:16 INFO     Client: 0 Epoch: 0 Loss: 0.0362520432816102
03-17 17:16 INFO     Client: 0 Epoch: 1 Loss: 0.02266805652433481
03-17 17:16 INFO     Client: 0 Epoch: 2 Loss: 0.019169452289740246
03-17 17:16 INFO     Client: 0 Epoch: 3 Loss: 0.016564791783308372
03-17 17:16 INFO     Client: 0 Epoch: 4 Loss: 0.0149173869823034
03-17 17:16 INFO      ** Client: 0 Training complete **
03-17 17:16 INFO     Training network 1 n_training: 8000
03-17 17:16 INFO     Training network 1
03-17 17:16 INFO     Client: 1 Epoch: 0 Loss: 0.02572891140176404
03-17 17:16 INFO     Client: 1 Epoch: 1 Loss: 0.017297708804929448
03-17 17:16 INFO     Client: 1 Epoch: 2 Loss: 0.015545578598375282
03-17 17:16 INFO     Client: 1 Epoch: 3 Loss: 0.013909209865115343
03-17 17:16 INFO     Client: 1 Epoch: 4 Loss: 0.013155285659576616
03-17 17:16 INFO      ** Client: 1 Training complete **
03-17 17:16 INFO     global n_training: 390
03-17 17:16 INFO     global n_test: 79
03-17 17:16 INFO     >> Global Model Train accuracy: 0.6223, Train accuracy top-5: 0.8369
03-17 17:16 INFO     >> Global Model Test accuracy: 0.5149, Test accuracy top-5: 0.7835
03-17 17:16 INFO     >> Global Model Train loss: 1.5776
03-17 17:16 INFO     in comm round:48
03-17 17:16 INFO     Training network 0 n_training: 5000
03-17 17:16 INFO     Training network 0
03-17 17:16 INFO     Client: 0 Epoch: 0 Loss: 0.039448143580021
03-17 17:16 INFO     Client: 0 Epoch: 1 Loss: 0.02915279925442659
03-17 17:16 INFO     Client: 0 Epoch: 2 Loss: 0.022632147973546617
03-17 17:16 INFO     Client: 0 Epoch: 3 Loss: 0.020237074782833073
03-17 17:16 INFO     Client: 0 Epoch: 4 Loss: 0.018966552514869433
03-17 17:16 INFO      ** Client: 0 Training complete **
03-17 17:16 INFO     Training network 1 n_training: 8000
03-17 17:16 INFO     Training network 1
03-17 17:16 INFO     Client: 1 Epoch: 0 Loss: 0.029666707700779362
03-17 17:16 INFO     Client: 1 Epoch: 1 Loss: 0.020952015289015347
03-17 17:16 INFO     Client: 1 Epoch: 2 Loss: 0.018295033489383997
03-17 17:16 INFO     Client: 1 Epoch: 3 Loss: 0.01628460033586429
03-17 17:16 INFO     Client: 1 Epoch: 4 Loss: 0.015514081644435082
03-17 17:16 INFO      ** Client: 1 Training complete **
03-17 17:16 INFO     global n_training: 390
03-17 17:16 INFO     global n_test: 79
03-17 17:17 INFO     >> Global Model Train accuracy: 0.6216, Train accuracy top-5: 0.8371
03-17 17:17 INFO     >> Global Model Test accuracy: 0.5156, Test accuracy top-5: 0.7837
03-17 17:17 INFO     >> Global Model Train loss: 1.5817
03-17 17:17 INFO     in comm round:49
03-17 17:17 INFO     Training network 0 n_training: 5000
03-17 17:17 INFO     Training network 0
03-17 17:17 INFO     Client: 0 Epoch: 0 Loss: 0.0443631492746182
03-17 17:17 INFO     Client: 0 Epoch: 1 Loss: 0.038033886979787775
03-17 17:17 INFO     Client: 0 Epoch: 2 Loss: 0.03351283584458706
03-17 17:17 INFO     Client: 0 Epoch: 3 Loss: 0.029617283111199353
03-17 17:17 INFO     Client: 0 Epoch: 4 Loss: 0.028397841188005913
03-17 17:17 INFO      ** Client: 0 Training complete **
03-17 17:17 INFO     Training network 1 n_training: 8000
03-17 17:17 INFO     Training network 1
03-17 17:17 INFO     Client: 1 Epoch: 0 Loss: 0.031162852932128213
03-17 17:17 INFO     Client: 1 Epoch: 1 Loss: 0.027459295646798228
03-17 17:17 INFO     Client: 1 Epoch: 2 Loss: 0.024328580787104946
03-17 17:17 INFO     Client: 1 Epoch: 3 Loss: 0.021752511466582938
03-17 17:17 INFO     Client: 1 Epoch: 4 Loss: 0.020501571662363507
03-17 17:17 INFO      ** Client: 1 Training complete **
03-17 17:17 INFO     global n_training: 390
03-17 17:17 INFO     global n_test: 79
03-17 17:17 INFO     >> Global Model Train accuracy: 0.6234, Train accuracy top-5: 0.8363
03-17 17:17 INFO     >> Global Model Test accuracy: 0.5154, Test accuracy top-5: 0.7848
03-17 17:17 INFO     >> Global Model Train loss: 1.5873
03-17 17:17 INFO     Starting Fine Tuning...
03-17 17:17 INFO     Training network 0
03-17 17:17 INFO     Client: 0 Epoch: 0 Loss: 0.026725403582438443
03-17 17:17 INFO     Client: 0 Epoch: 1 Loss: 0.02527445382796801
03-17 17:17 INFO     Client: 0 Epoch: 2 Loss: 0.022919276585945718
03-17 17:17 INFO     Client: 0 Epoch: 3 Loss: 0.021722971390073117
03-17 17:17 INFO     Client: 0 Epoch: 4 Loss: 0.022582125778381642
03-17 17:17 INFO      ** Client: 0 Training complete **
03-17 17:17 INFO     Training network 0
03-17 17:17 INFO     Client: 0 Epoch: 0 Loss: 0.020809252770283282
03-17 17:17 INFO     Client: 0 Epoch: 1 Loss: 0.019910873845219612
03-17 17:17 INFO     Client: 0 Epoch: 2 Loss: 0.020054296256066896
03-17 17:17 INFO     Client: 0 Epoch: 3 Loss: 0.019334631016812265
03-17 17:17 INFO     Client: 0 Epoch: 4 Loss: 0.01855706554861405
03-17 17:17 INFO      ** Client: 0 Training complete **
03-17 17:17 INFO     Training network 0
03-17 17:17 INFO     Client: 0 Epoch: 0 Loss: 0.018347591687089358
03-17 17:17 INFO     Client: 0 Epoch: 1 Loss: 0.01821301660190026
03-17 17:17 INFO     Client: 0 Epoch: 2 Loss: 0.01789052762950842
03-17 17:18 INFO     Client: 0 Epoch: 3 Loss: 0.016818095022478163
03-17 17:18 INFO     Client: 0 Epoch: 4 Loss: 0.01754122134298086
03-17 17:18 INFO      ** Client: 0 Training complete **
03-17 17:18 INFO     Training network 0
03-17 17:18 INFO     Client: 0 Epoch: 0 Loss: 0.017306393919846952
03-17 17:18 INFO     Client: 0 Epoch: 1 Loss: 0.016636332497000694
03-17 17:18 INFO     Client: 0 Epoch: 2 Loss: 0.016467490400641393
03-17 17:18 INFO     Client: 0 Epoch: 3 Loss: 0.01530681263941985
03-17 17:18 INFO     Client: 0 Epoch: 4 Loss: 0.015724035290380318
03-17 17:18 INFO      ** Client: 0 Training complete **
03-17 17:18 INFO     Training network 1
03-17 17:18 INFO     Client: 1 Epoch: 0 Loss: 0.019608846685338403
03-17 17:18 INFO     Client: 1 Epoch: 1 Loss: 0.01900486990569099
03-17 17:18 INFO     Client: 1 Epoch: 2 Loss: 0.019132660025910984
03-17 17:18 INFO     Client: 1 Epoch: 3 Loss: 0.01743851608086017
03-17 17:18 INFO     Client: 1 Epoch: 4 Loss: 0.01711402252136219
03-17 17:18 INFO      ** Client: 1 Training complete **
03-17 17:18 INFO     Training network 1
03-17 17:18 INFO     Client: 1 Epoch: 0 Loss: 0.0165227526919015
03-17 17:18 INFO     Client: 1 Epoch: 1 Loss: 0.016249612154018496
03-17 17:18 INFO     Client: 1 Epoch: 2 Loss: 0.015760488958368377
03-17 17:18 INFO     Client: 1 Epoch: 3 Loss: 0.01608712792456631
03-17 17:18 INFO     Client: 1 Epoch: 4 Loss: 0.0159902612288152
03-17 17:18 INFO      ** Client: 1 Training complete **
03-17 17:18 INFO     Training network 1
03-17 17:18 INFO     Client: 1 Epoch: 0 Loss: 0.014981632496440602
03-17 17:18 INFO     Client: 1 Epoch: 1 Loss: 0.014606154568853879
03-17 17:18 INFO     Client: 1 Epoch: 2 Loss: 0.014458140673776787
03-17 17:18 INFO     Client: 1 Epoch: 3 Loss: 0.014803218805501539
03-17 17:18 INFO     Client: 1 Epoch: 4 Loss: 0.014682038972574857
03-17 17:18 INFO      ** Client: 1 Training complete **
03-17 17:18 INFO     Training network 1
03-17 17:19 INFO     Client: 1 Epoch: 0 Loss: 0.014546451834781517
03-17 17:19 INFO     Client: 1 Epoch: 1 Loss: 0.013894037959436256
03-17 17:19 INFO     Client: 1 Epoch: 2 Loss: 0.013679943963765137
03-17 17:19 INFO     Client: 1 Epoch: 3 Loss: 0.013861778702947402
03-17 17:19 INFO     Client: 1 Epoch: 4 Loss: 0.01330364444443295
03-17 17:19 INFO      ** Client: 1 Training complete **
03-17 17:19 INFO     Training network 1
03-17 17:19 INFO     Client: 1 Epoch: 0 Loss: 0.013301885791964108
03-17 17:19 INFO     Client: 1 Epoch: 1 Loss: 0.013664303527724358
03-17 17:19 INFO     Client: 1 Epoch: 2 Loss: 0.013488125641860308
03-17 17:19 INFO     Client: 1 Epoch: 3 Loss: 0.013208048943910868
03-17 17:19 INFO     Client: 1 Epoch: 4 Loss: 0.012901748936142652
03-17 17:19 INFO      ** Client: 1 Training complete **
03-17 17:19 INFO     Training network 1
03-17 17:19 INFO     Client: 1 Epoch: 0 Loss: 0.01296864501050403
03-17 17:19 INFO     Client: 1 Epoch: 1 Loss: 0.01292366543484311
03-17 17:19 INFO     Client: 1 Epoch: 2 Loss: 0.013486030721856702
03-17 17:19 INFO     Client: 1 Epoch: 3 Loss: 0.012674354452399476
03-17 17:19 INFO     Client: 1 Epoch: 4 Loss: 0.012503790579015208
03-17 17:19 INFO      ** Client: 1 Training complete **
03-17 17:19 INFO     Training network 1
03-17 17:19 INFO     Client: 1 Epoch: 0 Loss: 0.012650223088360602
03-17 17:19 INFO     Client: 1 Epoch: 1 Loss: 0.012852190963683589
03-17 17:19 INFO     Client: 1 Epoch: 2 Loss: 0.01248867895394083
03-17 17:19 INFO     Client: 1 Epoch: 3 Loss: 0.012710940047738052
03-17 17:19 INFO     Client: 1 Epoch: 4 Loss: 0.012792170017717345
03-17 17:19 INFO      ** Client: 1 Training complete **
