03-17 16:28 INFO     cuda:5
03-17 16:28 INFO     Command Line Arguments: 
{
    "epochs": 5,
    "comm_round": 50,
    "sample_fraction": 1.0,
    "alpha": 0.5,
    "dataset": "cifar100",
    "datadir": "../data/",
    "partition": "subsample",
    "alg": "sflv1",
    "model": "resnet-18",
    "n_parties": 2,
    "lr": 0.01,
    "mu": 1,
    "std_coeff": 2.5,
    "unif_coeff": 0.5,
    "batch_size": 128,
    "load_first_net": 1,
    "pool_option": "FIFO",
    "model_buffer_size": 1,
    "optimizer": "sgd",
    "simp_width": 1,
    "out_dim": 256,
    "reg": 0.0005,
    "temperature": 0.5,
    "logdir": "./",
    "log_file_name": "logs/experiment_log-alg=sflv1_partition=subsample_lr=0.01_epochs=5_num_users=2_beta=0.5_batch_size=128_opt=sgd_dataset=cifar100_2024-03-17-1628-28",
    "seed": 1,
    "device": "cuda:5"
}
03-17 16:28 INFO     Data statistics: {0: {0: 69, 1: 72, 2: 9, 3: 11, 4: 72, 5: 87, 6: 5, 7: 94, 8: 89, 9: 26, 10: 4, 11: 1, 12: 102, 13: 117, 14: 14, 15: 68, 16: 6, 17: 2, 18: 9, 19: 28, 20: 68, 21: 116, 22: 34, 23: 98, 24: 83, 25: 84, 26: 94, 27: 69, 28: 41, 29: 18, 30: 21, 31: 102, 32: 29, 33: 98, 34: 93, 35: 89, 36: 92, 37: 21, 38: 98, 39: 69, 41: 80, 42: 61, 43: 5, 45: 64, 46: 65, 47: 58, 48: 78, 49: 85, 50: 68, 51: 39, 52: 72, 53: 54, 54: 43, 55: 11, 56: 26, 57: 12, 58: 36, 59: 93, 60: 64, 61: 96, 62: 87, 63: 80, 64: 62, 65: 21, 66: 34, 67: 68, 68: 111, 69: 71, 70: 33, 71: 74, 72: 26, 73: 82, 74: 26, 75: 94, 76: 16, 77: 98, 78: 37, 79: 33, 80: 79, 81: 62, 82: 3, 85: 15, 86: 104, 87: 8, 88: 73, 89: 15, 90: 83, 91: 7, 92: 86}, 1: {0: 36, 1: 46, 2: 139, 3: 126, 4: 15, 5: 4, 6: 143, 8: 1, 9: 124, 10: 144, 11: 178, 12: 10, 13: 3, 14: 158, 15: 53, 16: 144, 17: 165, 18: 133, 19: 106, 20: 60, 21: 2, 22: 121, 23: 11, 24: 3, 25: 32, 27: 22, 28: 113, 29: 133, 30: 112, 31: 23, 32: 114, 33: 2, 35: 2, 36: 32, 37: 123, 38: 3, 39: 51, 40: 164, 41: 17, 42: 60, 43: 140, 44: 160, 45: 45, 46: 72, 47: 52, 48: 21, 49: 9, 50: 56, 51: 85, 52: 49, 53: 77, 54: 94, 55: 141, 56: 128, 57: 150, 58: 100, 59: 7, 60: 66, 61: 36, 62: 35, 63: 40, 64: 81, 65: 131, 66: 107, 67: 83, 68: 5, 69: 35, 70: 117, 71: 42, 72: 116, 73: 32, 74: 110, 75: 1, 76: 127, 77: 22, 78: 95, 79: 141, 80: 26, 81: 59, 82: 149, 83: 170, 84: 169, 85: 136, 86: 12, 87: 155, 88: 54, 89: 125, 90: 8, 91: 136, 92: 7, 93: 154, 94: 147, 95: 156, 96: 142, 97: 156, 98: 154, 99: 149}}
03-17 16:28 INFO     in comm round:0
03-17 16:28 INFO     Training network 0 n_training: 5000
03-17 16:28 INFO     Training network 0
03-17 16:28 INFO     Client: 0 Epoch: 0 Loss: 4.084524943278386
03-17 16:28 INFO     Client: 0 Epoch: 1 Loss: 3.5519888401031494
03-17 16:28 INFO     Client: 0 Epoch: 2 Loss: 3.3425377637912064
03-17 16:28 INFO     Client: 0 Epoch: 3 Loss: 3.09702852444771
03-17 16:28 INFO     Client: 0 Epoch: 4 Loss: 2.922535401124221
03-17 16:28 INFO      ** Client: 0 Training complete **
03-17 16:28 INFO     Training network 1 n_training: 8000
03-17 16:28 INFO     Training network 1
03-17 16:28 INFO     Client: 1 Epoch: 0 Loss: 4.014348199290614
03-17 16:28 INFO     Client: 1 Epoch: 1 Loss: 3.568231044277068
03-17 16:28 INFO     Client: 1 Epoch: 2 Loss: 3.3551196282909763
03-17 16:28 INFO     Client: 1 Epoch: 3 Loss: 3.1620666480833486
03-17 16:28 INFO     Client: 1 Epoch: 4 Loss: 2.9963426051601285
03-17 16:28 INFO      ** Client: 1 Training complete **
03-17 16:28 INFO     global n_training: 390
03-17 16:28 INFO     global n_test: 79
03-17 16:29 INFO     >> Global Model Train accuracy: 0.0269, Train accuracy top-5: 0.1048
03-17 16:29 INFO     >> Global Model Test accuracy: 0.0319, Test accuracy top-5: 0.1138
03-17 16:29 INFO     >> Global Model Train loss: 4.6680
03-17 16:29 INFO     in comm round:1
03-17 16:29 INFO     Training network 0 n_training: 5000
03-17 16:29 INFO     Training network 0
03-17 16:29 INFO     Client: 0 Epoch: 0 Loss: 3.05657103122809
03-17 16:29 INFO     Client: 0 Epoch: 1 Loss: 2.895551229134584
03-17 16:29 INFO     Client: 0 Epoch: 2 Loss: 2.6892167238088756
03-17 16:29 INFO     Client: 0 Epoch: 3 Loss: 2.526671079488901
03-17 16:29 INFO     Client: 0 Epoch: 4 Loss: 2.371075293956659
03-17 16:29 INFO      ** Client: 0 Training complete **
03-17 16:29 INFO     Training network 1 n_training: 8000
03-17 16:29 INFO     Training network 1
03-17 16:29 INFO     Client: 1 Epoch: 0 Loss: 3.115778177015243
03-17 16:29 INFO     Client: 1 Epoch: 1 Loss: 2.8908323472545994
03-17 16:29 INFO     Client: 1 Epoch: 2 Loss: 2.726243772814351
03-17 16:29 INFO     Client: 1 Epoch: 3 Loss: 2.5452223247097385
03-17 16:29 INFO     Client: 1 Epoch: 4 Loss: 2.3905919828722553
03-17 16:29 INFO      ** Client: 1 Training complete **
03-17 16:29 INFO     global n_training: 390
03-17 16:29 INFO     global n_test: 79
03-17 16:29 INFO     >> Global Model Train accuracy: 0.0861, Train accuracy top-5: 0.2498
03-17 16:29 INFO     >> Global Model Test accuracy: 0.1023, Test accuracy top-5: 0.2741
03-17 16:29 INFO     >> Global Model Train loss: 4.1047
03-17 16:29 INFO     in comm round:2
03-17 16:29 INFO     Training network 0 n_training: 5000
03-17 16:29 INFO     Training network 0
03-17 16:29 INFO     Client: 0 Epoch: 0 Loss: 2.5495543968983188
03-17 16:29 INFO     Client: 0 Epoch: 1 Loss: 2.3748648900252123
03-17 16:29 INFO     Client: 0 Epoch: 2 Loss: 2.2109337678322425
03-17 16:29 INFO     Client: 0 Epoch: 3 Loss: 2.1037183358119083
03-17 16:29 INFO     Client: 0 Epoch: 4 Loss: 1.9374087070807433
03-17 16:29 INFO      ** Client: 0 Training complete **
03-17 16:29 INFO     Training network 1 n_training: 8000
03-17 16:29 INFO     Training network 1
03-17 16:29 INFO     Client: 1 Epoch: 0 Loss: 2.601162783561214
03-17 16:29 INFO     Client: 1 Epoch: 1 Loss: 2.3691906813652284
03-17 16:29 INFO     Client: 1 Epoch: 2 Loss: 2.2240666997048164
03-17 16:29 INFO     Client: 1 Epoch: 3 Loss: 2.0686923496184813
03-17 16:29 INFO     Client: 1 Epoch: 4 Loss: 1.9523201123360665
03-17 16:29 INFO      ** Client: 1 Training complete **
03-17 16:29 INFO     global n_training: 390
03-17 16:29 INFO     global n_test: 79
03-17 16:30 INFO     >> Global Model Train accuracy: 0.1542, Train accuracy top-5: 0.3938
03-17 16:30 INFO     >> Global Model Test accuracy: 0.1642, Test accuracy top-5: 0.4106
03-17 16:30 INFO     >> Global Model Train loss: 3.6990
03-17 16:30 INFO     in comm round:3
03-17 16:30 INFO     Training network 0 n_training: 5000
03-17 16:30 INFO     Training network 0
03-17 16:30 INFO     Client: 0 Epoch: 0 Loss: 2.1185482893234644
03-17 16:30 INFO     Client: 0 Epoch: 1 Loss: 1.9238118880834334
03-17 16:30 INFO     Client: 0 Epoch: 2 Loss: 1.8115058495448186
03-17 16:30 INFO     Client: 0 Epoch: 3 Loss: 1.6947391033172607
03-17 16:30 INFO     Client: 0 Epoch: 4 Loss: 1.5094071565530238
03-17 16:30 INFO      ** Client: 0 Training complete **
03-17 16:30 INFO     Training network 1 n_training: 8000
03-17 16:30 INFO     Training network 1
03-17 16:30 INFO     Client: 1 Epoch: 0 Loss: 2.0947891454542837
03-17 16:30 INFO     Client: 1 Epoch: 1 Loss: 1.9613883841422297
03-17 16:30 INFO     Client: 1 Epoch: 2 Loss: 1.8296893239021301
03-17 16:30 INFO     Client: 1 Epoch: 3 Loss: 1.6923048823110518
03-17 16:30 INFO     Client: 1 Epoch: 4 Loss: 1.5853765722244018
03-17 16:30 INFO      ** Client: 1 Training complete **
03-17 16:30 INFO     global n_training: 390
03-17 16:30 INFO     global n_test: 79
03-17 16:30 INFO     >> Global Model Train accuracy: 0.2454, Train accuracy top-5: 0.5124
03-17 16:30 INFO     >> Global Model Test accuracy: 0.2414, Test accuracy top-5: 0.5139
03-17 16:30 INFO     >> Global Model Train loss: 3.2278
03-17 16:30 INFO     in comm round:4
03-17 16:30 INFO     Training network 0 n_training: 5000
03-17 16:30 INFO     Training network 0
03-17 16:30 INFO     Client: 0 Epoch: 0 Loss: 1.6731799626961732
03-17 16:30 INFO     Client: 0 Epoch: 1 Loss: 1.5903755548672798
03-17 16:30 INFO     Client: 0 Epoch: 2 Loss: 1.4361488727422862
03-17 16:30 INFO     Client: 0 Epoch: 3 Loss: 1.2932518873459253
03-17 16:30 INFO     Client: 0 Epoch: 4 Loss: 1.207350247945541
03-17 16:30 INFO      ** Client: 0 Training complete **
03-17 16:30 INFO     Training network 1 n_training: 8000
03-17 16:30 INFO     Training network 1
03-17 16:30 INFO     Client: 1 Epoch: 0 Loss: 1.7026102600559112
03-17 16:30 INFO     Client: 1 Epoch: 1 Loss: 1.639018512541248
03-17 16:30 INFO     Client: 1 Epoch: 2 Loss: 1.45383773503765
03-17 16:30 INFO     Client: 1 Epoch: 3 Loss: 1.3861913892530626
03-17 16:30 INFO     Client: 1 Epoch: 4 Loss: 1.2976678705984546
03-17 16:30 INFO      ** Client: 1 Training complete **
03-17 16:30 INFO     global n_training: 390
03-17 16:30 INFO     global n_test: 79
03-17 16:30 INFO     >> Global Model Train accuracy: 0.2910, Train accuracy top-5: 0.5732
03-17 16:30 INFO     >> Global Model Test accuracy: 0.2813, Test accuracy top-5: 0.5684
03-17 16:30 INFO     >> Global Model Train loss: 2.9827
03-17 16:30 INFO     in comm round:5
03-17 16:30 INFO     Training network 0 n_training: 5000
03-17 16:30 INFO     Training network 0
03-17 16:31 INFO     Client: 0 Epoch: 0 Loss: 1.3779075726484642
03-17 16:31 INFO     Client: 0 Epoch: 1 Loss: 1.2240186180823889
03-17 16:31 INFO     Client: 0 Epoch: 2 Loss: 1.096989312233069
03-17 16:31 INFO     Client: 0 Epoch: 3 Loss: 0.993328713453733
03-17 16:31 INFO     Client: 0 Epoch: 4 Loss: 0.8679986122326974
03-17 16:31 INFO      ** Client: 0 Training complete **
03-17 16:31 INFO     Training network 1 n_training: 8000
03-17 16:31 INFO     Training network 1
03-17 16:31 INFO     Client: 1 Epoch: 0 Loss: 1.4365985412751474
03-17 16:31 INFO     Client: 1 Epoch: 1 Loss: 1.3335011091924482
03-17 16:31 INFO     Client: 1 Epoch: 2 Loss: 1.2167369521433307
03-17 16:31 INFO     Client: 1 Epoch: 3 Loss: 1.1030035413080646
03-17 16:31 INFO     Client: 1 Epoch: 4 Loss: 1.0303916854243125
03-17 16:31 INFO      ** Client: 1 Training complete **
03-17 16:31 INFO     global n_training: 390
03-17 16:31 INFO     global n_test: 79
03-17 16:31 INFO     >> Global Model Train accuracy: 0.3355, Train accuracy top-5: 0.6196
03-17 16:31 INFO     >> Global Model Test accuracy: 0.3204, Test accuracy top-5: 0.6023
03-17 16:31 INFO     >> Global Model Train loss: 2.7739
03-17 16:31 INFO     in comm round:6
03-17 16:31 INFO     Training network 0 n_training: 5000
03-17 16:31 INFO     Training network 0
03-17 16:31 INFO     Client: 0 Epoch: 0 Loss: 1.0598656015518384
03-17 16:31 INFO     Client: 0 Epoch: 1 Loss: 0.9110144483737457
03-17 16:31 INFO     Client: 0 Epoch: 2 Loss: 0.8159142625637543
03-17 16:31 INFO     Client: 0 Epoch: 3 Loss: 0.7080272015852805
03-17 16:31 INFO     Client: 0 Epoch: 4 Loss: 0.6436743369469275
03-17 16:31 INFO      ** Client: 0 Training complete **
03-17 16:31 INFO     Training network 1 n_training: 8000
03-17 16:31 INFO     Training network 1
03-17 16:31 INFO     Client: 1 Epoch: 0 Loss: 1.1529999586843676
03-17 16:31 INFO     Client: 1 Epoch: 1 Loss: 1.0710293381444869
03-17 16:31 INFO     Client: 1 Epoch: 2 Loss: 0.949752019297692
03-17 16:31 INFO     Client: 1 Epoch: 3 Loss: 0.8403924674757065
03-17 16:31 INFO     Client: 1 Epoch: 4 Loss: 0.7912588504052931
03-17 16:31 INFO      ** Client: 1 Training complete **
03-17 16:31 INFO     global n_training: 390
03-17 16:31 INFO     global n_test: 79
03-17 16:31 INFO     >> Global Model Train accuracy: 0.3451, Train accuracy top-5: 0.6289
03-17 16:31 INFO     >> Global Model Test accuracy: 0.3197, Test accuracy top-5: 0.6076
03-17 16:31 INFO     >> Global Model Train loss: 2.7521
03-17 16:31 INFO     in comm round:7
03-17 16:31 INFO     Training network 0 n_training: 5000
03-17 16:31 INFO     Training network 0
03-17 16:31 INFO     Client: 0 Epoch: 0 Loss: 0.8427325746951959
03-17 16:31 INFO     Client: 0 Epoch: 1 Loss: 0.703913702414586
03-17 16:32 INFO     Client: 0 Epoch: 2 Loss: 0.5888953499304943
03-17 16:32 INFO     Client: 0 Epoch: 3 Loss: 0.5064658247507535
03-17 16:32 INFO     Client: 0 Epoch: 4 Loss: 0.45307692961815077
03-17 16:32 INFO      ** Client: 0 Training complete **
03-17 16:32 INFO     Training network 1 n_training: 8000
03-17 16:32 INFO     Training network 1
03-17 16:32 INFO     Client: 1 Epoch: 0 Loss: 0.9113563943293786
03-17 16:32 INFO     Client: 1 Epoch: 1 Loss: 0.8547150944509814
03-17 16:32 INFO     Client: 1 Epoch: 2 Loss: 0.7463787361498802
03-17 16:32 INFO     Client: 1 Epoch: 3 Loss: 0.6700337356136691
03-17 16:32 INFO     Client: 1 Epoch: 4 Loss: 0.6023497466118105
03-17 16:32 INFO      ** Client: 1 Training complete **
03-17 16:32 INFO     global n_training: 390
03-17 16:32 INFO     global n_test: 79
03-17 16:32 INFO     >> Global Model Train accuracy: 0.3666, Train accuracy top-5: 0.6542
03-17 16:32 INFO     >> Global Model Test accuracy: 0.3408, Test accuracy top-5: 0.6247
03-17 16:32 INFO     >> Global Model Train loss: 2.6737
03-17 16:32 INFO     in comm round:8
03-17 16:32 INFO     Training network 0 n_training: 5000
03-17 16:32 INFO     Training network 0
03-17 16:32 INFO     Client: 0 Epoch: 0 Loss: 0.6464424118017539
03-17 16:32 INFO     Client: 0 Epoch: 1 Loss: 0.4948209883310856
03-17 16:32 INFO     Client: 0 Epoch: 2 Loss: 0.3947354631546216
03-17 16:32 INFO     Client: 0 Epoch: 3 Loss: 0.3176279820692845
03-17 16:32 INFO     Client: 0 Epoch: 4 Loss: 0.2826225390801063
03-17 16:32 INFO      ** Client: 0 Training complete **
03-17 16:32 INFO     Training network 1 n_training: 8000
03-17 16:32 INFO     Training network 1
03-17 16:32 INFO     Client: 1 Epoch: 0 Loss: 0.6943545822174318
03-17 16:32 INFO     Client: 1 Epoch: 1 Loss: 0.6875840036138412
03-17 16:32 INFO     Client: 1 Epoch: 2 Loss: 0.5733222677823036
03-17 16:32 INFO     Client: 1 Epoch: 3 Loss: 0.48855405469094554
03-17 16:32 INFO     Client: 1 Epoch: 4 Loss: 0.4319770682242609
03-17 16:32 INFO      ** Client: 1 Training complete **
03-17 16:32 INFO     global n_training: 390
03-17 16:32 INFO     global n_test: 79
03-17 16:32 INFO     >> Global Model Train accuracy: 0.3921, Train accuracy top-5: 0.6806
03-17 16:32 INFO     >> Global Model Test accuracy: 0.3590, Test accuracy top-5: 0.6492
03-17 16:32 INFO     >> Global Model Train loss: 2.5685
03-17 16:32 INFO     in comm round:9
03-17 16:32 INFO     Training network 0 n_training: 5000
03-17 16:32 INFO     Training network 0
03-17 16:32 INFO     Client: 0 Epoch: 0 Loss: 0.4799447464637267
03-17 16:32 INFO     Client: 0 Epoch: 1 Loss: 0.3434339647109692
03-17 16:32 INFO     Client: 0 Epoch: 2 Loss: 0.2807022917729158
03-17 16:32 INFO     Client: 0 Epoch: 3 Loss: 0.22497677268126073
03-17 16:33 INFO     Client: 0 Epoch: 4 Loss: 0.17523370683193207
03-17 16:33 INFO      ** Client: 0 Training complete **
03-17 16:33 INFO     Training network 1 n_training: 8000
03-17 16:33 INFO     Training network 1
03-17 16:33 INFO     Client: 1 Epoch: 0 Loss: 0.503073888440286
03-17 16:33 INFO     Client: 1 Epoch: 1 Loss: 0.47203747447459926
03-17 16:33 INFO     Client: 1 Epoch: 2 Loss: 0.4203036778396176
03-17 16:33 INFO     Client: 1 Epoch: 3 Loss: 0.36705132333501694
03-17 16:33 INFO     Client: 1 Epoch: 4 Loss: 0.311457191503817
03-17 16:33 INFO      ** Client: 1 Training complete **
03-17 16:33 INFO     global n_training: 390
03-17 16:33 INFO     global n_test: 79
03-17 16:33 INFO     >> Global Model Train accuracy: 0.4179, Train accuracy top-5: 0.6964
03-17 16:33 INFO     >> Global Model Test accuracy: 0.3746, Test accuracy top-5: 0.6618
03-17 16:33 INFO     >> Global Model Train loss: 2.4689
03-17 16:33 INFO     in comm round:10
03-17 16:33 INFO     Training network 0 n_training: 5000
03-17 16:33 INFO     Training network 0
03-17 16:33 INFO     Client: 0 Epoch: 0 Loss: 0.35336865064425343
03-17 16:33 INFO     Client: 0 Epoch: 1 Loss: 0.23562884827454886
03-17 16:33 INFO     Client: 0 Epoch: 2 Loss: 0.1812750742985652
03-17 16:33 INFO     Client: 0 Epoch: 3 Loss: 0.15110472035713685
03-17 16:33 INFO     Client: 0 Epoch: 4 Loss: 0.14352938399100915
03-17 16:33 INFO      ** Client: 0 Training complete **
03-17 16:33 INFO     Training network 1 n_training: 8000
03-17 16:33 INFO     Training network 1
03-17 16:33 INFO     Client: 1 Epoch: 0 Loss: 0.3628930735491937
03-17 16:33 INFO     Client: 1 Epoch: 1 Loss: 0.3231027621415354
03-17 16:33 INFO     Client: 1 Epoch: 2 Loss: 0.2761931239116576
03-17 16:33 INFO     Client: 1 Epoch: 3 Loss: 0.2186088975398771
03-17 16:33 INFO     Client: 1 Epoch: 4 Loss: 0.20164955864029546
03-17 16:33 INFO      ** Client: 1 Training complete **
03-17 16:33 INFO     global n_training: 390
03-17 16:33 INFO     global n_test: 79
03-17 16:33 INFO     >> Global Model Train accuracy: 0.4278, Train accuracy top-5: 0.7113
03-17 16:33 INFO     >> Global Model Test accuracy: 0.3816, Test accuracy top-5: 0.6749
03-17 16:33 INFO     >> Global Model Train loss: 2.4118
03-17 16:33 INFO     in comm round:11
03-17 16:33 INFO     Training network 0 n_training: 5000
03-17 16:33 INFO     Training network 0
03-17 16:33 INFO     Client: 0 Epoch: 0 Loss: 0.269998162984848
03-17 16:33 INFO     Client: 0 Epoch: 1 Loss: 0.16504323673553956
03-17 16:33 INFO     Client: 0 Epoch: 2 Loss: 0.14000305170432115
03-17 16:33 INFO     Client: 0 Epoch: 3 Loss: 0.10421004948707727
03-17 16:33 INFO     Client: 0 Epoch: 4 Loss: 0.07454394893004344
03-17 16:33 INFO      ** Client: 0 Training complete **
03-17 16:33 INFO     Training network 1 n_training: 8000
03-17 16:33 INFO     Training network 1
03-17 16:34 INFO     Client: 1 Epoch: 0 Loss: 0.2398720412485061
03-17 16:34 INFO     Client: 1 Epoch: 1 Loss: 0.23851380232841737
03-17 16:34 INFO     Client: 1 Epoch: 2 Loss: 0.22258005964179192
03-17 16:34 INFO     Client: 1 Epoch: 3 Loss: 0.1787937658448373
03-17 16:34 INFO     Client: 1 Epoch: 4 Loss: 0.156225532533661
03-17 16:34 INFO      ** Client: 1 Training complete **
03-17 16:34 INFO     global n_training: 390
03-17 16:34 INFO     global n_test: 79
03-17 16:34 INFO     >> Global Model Train accuracy: 0.4525, Train accuracy top-5: 0.7256
03-17 16:34 INFO     >> Global Model Test accuracy: 0.4035, Test accuracy top-5: 0.6857
03-17 16:34 INFO     >> Global Model Train loss: 2.3079
03-17 16:34 INFO     in comm round:12
03-17 16:34 INFO     Training network 0 n_training: 5000
03-17 16:34 INFO     Training network 0
03-17 16:34 INFO     Client: 0 Epoch: 0 Loss: 0.20081330893131402
03-17 16:34 INFO     Client: 0 Epoch: 1 Loss: 0.13131798861118463
03-17 16:34 INFO     Client: 0 Epoch: 2 Loss: 0.10974497157029617
03-17 16:34 INFO     Client: 0 Epoch: 3 Loss: 0.08401701914576384
03-17 16:34 INFO     Client: 0 Epoch: 4 Loss: 0.06433741079691128
03-17 16:34 INFO      ** Client: 0 Training complete **
03-17 16:34 INFO     Training network 1 n_training: 8000
03-17 16:34 INFO     Training network 1
03-17 16:34 INFO     Client: 1 Epoch: 0 Loss: 0.16758688094635163
03-17 16:34 INFO     Client: 1 Epoch: 1 Loss: 0.13364282262421423
03-17 16:34 INFO     Client: 1 Epoch: 2 Loss: 0.11150521869140287
03-17 16:34 INFO     Client: 1 Epoch: 3 Loss: 0.11746815483896964
03-17 16:34 INFO     Client: 1 Epoch: 4 Loss: 0.10934629615756773
03-17 16:34 INFO      ** Client: 1 Training complete **
03-17 16:34 INFO     global n_training: 390
03-17 16:34 INFO     global n_test: 79
03-17 16:34 INFO     >> Global Model Train accuracy: 0.4666, Train accuracy top-5: 0.7371
03-17 16:34 INFO     >> Global Model Test accuracy: 0.4127, Test accuracy top-5: 0.6951
03-17 16:34 INFO     >> Global Model Train loss: 2.2710
03-17 16:34 INFO     in comm round:13
03-17 16:34 INFO     Training network 0 n_training: 5000
03-17 16:34 INFO     Training network 0
03-17 16:34 INFO     Client: 0 Epoch: 0 Loss: 0.1686711080181293
03-17 16:34 INFO     Client: 0 Epoch: 1 Loss: 0.09799207555942047
03-17 16:34 INFO     Client: 0 Epoch: 2 Loss: 0.06307633469502132
03-17 16:34 INFO     Client: 0 Epoch: 3 Loss: 0.0526428981564748
03-17 16:34 INFO     Client: 0 Epoch: 4 Loss: 0.03570070786353869
03-17 16:34 INFO      ** Client: 0 Training complete **
03-17 16:34 INFO     Training network 1 n_training: 8000
03-17 16:34 INFO     Training network 1
03-17 16:34 INFO     Client: 1 Epoch: 0 Loss: 0.12012271739302142
03-17 16:35 INFO     Client: 1 Epoch: 1 Loss: 0.09499283128928754
03-17 16:35 INFO     Client: 1 Epoch: 2 Loss: 0.07843837893057254
03-17 16:35 INFO     Client: 1 Epoch: 3 Loss: 0.06134873502437146
03-17 16:35 INFO     Client: 1 Epoch: 4 Loss: 0.059159406911461584
03-17 16:35 INFO      ** Client: 1 Training complete **
03-17 16:35 INFO     global n_training: 390
03-17 16:35 INFO     global n_test: 79
03-17 16:35 INFO     >> Global Model Train accuracy: 0.4777, Train accuracy top-5: 0.7407
03-17 16:35 INFO     >> Global Model Test accuracy: 0.4188, Test accuracy top-5: 0.6967
03-17 16:35 INFO     >> Global Model Train loss: 2.2346
03-17 16:35 INFO     in comm round:14
03-17 16:35 INFO     Training network 0 n_training: 5000
03-17 16:35 INFO     Training network 0
03-17 16:35 INFO     Client: 0 Epoch: 0 Loss: 0.11723320950300266
03-17 16:35 INFO     Client: 0 Epoch: 1 Loss: 0.06246973698337873
03-17 16:35 INFO     Client: 0 Epoch: 2 Loss: 0.04550698261039379
03-17 16:35 INFO     Client: 0 Epoch: 3 Loss: 0.03970147330218401
03-17 16:35 INFO     Client: 0 Epoch: 4 Loss: 0.029982536028210934
03-17 16:35 INFO      ** Client: 0 Training complete **
03-17 16:35 INFO     Training network 1 n_training: 8000
03-17 16:35 INFO     Training network 1
03-17 16:35 INFO     Client: 1 Epoch: 0 Loss: 0.10121951041923415
03-17 16:35 INFO     Client: 1 Epoch: 1 Loss: 0.06638587494530986
03-17 16:35 INFO     Client: 1 Epoch: 2 Loss: 0.05022482447806866
03-17 16:35 INFO     Client: 1 Epoch: 3 Loss: 0.03945423896995283
03-17 16:35 INFO     Client: 1 Epoch: 4 Loss: 0.03964890695868
03-17 16:35 INFO      ** Client: 1 Training complete **
03-17 16:35 INFO     global n_training: 390
03-17 16:35 INFO     global n_test: 79
03-17 16:35 INFO     >> Global Model Train accuracy: 0.4820, Train accuracy top-5: 0.7482
03-17 16:35 INFO     >> Global Model Test accuracy: 0.4228, Test accuracy top-5: 0.6990
03-17 16:35 INFO     >> Global Model Train loss: 2.2118
03-17 16:35 INFO     in comm round:15
03-17 16:35 INFO     Training network 0 n_training: 5000
03-17 16:35 INFO     Training network 0
03-17 16:35 INFO     Client: 0 Epoch: 0 Loss: 0.08761722460771218
03-17 16:35 INFO     Client: 0 Epoch: 1 Loss: 0.03885921563666601
03-17 16:35 INFO     Client: 0 Epoch: 2 Loss: 0.029541897085996773
03-17 16:35 INFO     Client: 0 Epoch: 3 Loss: 0.02048075206291217
03-17 16:35 INFO     Client: 0 Epoch: 4 Loss: 0.015669681275120147
03-17 16:35 INFO      ** Client: 0 Training complete **
03-17 16:35 INFO     Training network 1 n_training: 8000
03-17 16:35 INFO     Training network 1
03-17 16:35 INFO     Client: 1 Epoch: 0 Loss: 0.0637292583442984
03-17 16:35 INFO     Client: 1 Epoch: 1 Loss: 0.03674912152271117
03-17 16:35 INFO     Client: 1 Epoch: 2 Loss: 0.027457817487658992
03-17 16:36 INFO     Client: 1 Epoch: 3 Loss: 0.02239314256416213
03-17 16:36 INFO     Client: 1 Epoch: 4 Loss: 0.019775930356474652
03-17 16:36 INFO      ** Client: 1 Training complete **
03-17 16:36 INFO     global n_training: 390
03-17 16:36 INFO     global n_test: 79
03-17 16:36 INFO     >> Global Model Train accuracy: 0.4929, Train accuracy top-5: 0.7532
03-17 16:36 INFO     >> Global Model Test accuracy: 0.4271, Test accuracy top-5: 0.7005
03-17 16:36 INFO     >> Global Model Train loss: 2.1700
03-17 16:36 INFO     in comm round:16
03-17 16:36 INFO     Training network 0 n_training: 5000
03-17 16:36 INFO     Training network 0
03-17 16:36 INFO     Client: 0 Epoch: 0 Loss: 0.0656854707079056
03-17 16:36 INFO     Client: 0 Epoch: 1 Loss: 0.0314878070106109
03-17 16:36 INFO     Client: 0 Epoch: 2 Loss: 0.022252671444454253
03-17 16:36 INFO     Client: 0 Epoch: 3 Loss: 0.0259275284046546
03-17 16:36 INFO     Client: 0 Epoch: 4 Loss: 0.024067579553677484
03-17 16:36 INFO      ** Client: 0 Training complete **
03-17 16:36 INFO     Training network 1 n_training: 8000
03-17 16:36 INFO     Training network 1
03-17 16:36 INFO     Client: 1 Epoch: 0 Loss: 0.05016273269129376
03-17 16:36 INFO     Client: 1 Epoch: 1 Loss: 0.02479628018373924
03-17 16:36 INFO     Client: 1 Epoch: 2 Loss: 0.018096157920456702
03-17 16:36 INFO     Client: 1 Epoch: 3 Loss: 0.015506698629788814
03-17 16:36 INFO     Client: 1 Epoch: 4 Loss: 0.013933605709744076
03-17 16:36 INFO      ** Client: 1 Training complete **
03-17 16:36 INFO     global n_training: 390
03-17 16:36 INFO     global n_test: 79
03-17 16:36 INFO     >> Global Model Train accuracy: 0.5004, Train accuracy top-5: 0.7553
03-17 16:36 INFO     >> Global Model Test accuracy: 0.4352, Test accuracy top-5: 0.7082
03-17 16:36 INFO     >> Global Model Train loss: 2.1405
03-17 16:36 INFO     in comm round:17
03-17 16:36 INFO     Training network 0 n_training: 5000
03-17 16:36 INFO     Training network 0
03-17 16:36 INFO     Client: 0 Epoch: 0 Loss: 0.0513589313874642
03-17 16:36 INFO     Client: 0 Epoch: 1 Loss: 0.023377329923021488
03-17 16:36 INFO     Client: 0 Epoch: 2 Loss: 0.01664932229771064
03-17 16:36 INFO     Client: 0 Epoch: 3 Loss: 0.013087569521023678
03-17 16:36 INFO     Client: 0 Epoch: 4 Loss: 0.012213189823505206
03-17 16:36 INFO      ** Client: 0 Training complete **
03-17 16:36 INFO     Training network 1 n_training: 8000
03-17 16:36 INFO     Training network 1
03-17 16:36 INFO     Client: 1 Epoch: 0 Loss: 0.0414056655980887
03-17 16:36 INFO     Client: 1 Epoch: 1 Loss: 0.021874408868532026
03-17 16:36 INFO     Client: 1 Epoch: 2 Loss: 0.0181235155060647
03-17 16:36 INFO     Client: 1 Epoch: 3 Loss: 0.016434523712603316
03-17 16:37 INFO     Client: 1 Epoch: 4 Loss: 0.01545950545058135
03-17 16:37 INFO      ** Client: 1 Training complete **
03-17 16:37 INFO     global n_training: 390
03-17 16:37 INFO     global n_test: 79
03-17 16:37 INFO     >> Global Model Train accuracy: 0.5034, Train accuracy top-5: 0.7608
03-17 16:37 INFO     >> Global Model Test accuracy: 0.4358, Test accuracy top-5: 0.7078
03-17 16:37 INFO     >> Global Model Train loss: 2.1111
03-17 16:37 INFO     in comm round:18
03-17 16:37 INFO     Training network 0 n_training: 5000
03-17 16:37 INFO     Training network 0
03-17 16:37 INFO     Client: 0 Epoch: 0 Loss: 0.04758820859476542
03-17 16:37 INFO     Client: 0 Epoch: 1 Loss: 0.02066312961948988
03-17 16:37 INFO     Client: 0 Epoch: 2 Loss: 0.01587165082589938
03-17 16:37 INFO     Client: 0 Epoch: 3 Loss: 0.011209977504152518
03-17 16:37 INFO     Client: 0 Epoch: 4 Loss: 0.010184153651770873
03-17 16:37 INFO      ** Client: 0 Training complete **
03-17 16:37 INFO     Training network 1 n_training: 8000
03-17 16:37 INFO     Training network 1
03-17 16:37 INFO     Client: 1 Epoch: 0 Loss: 0.03647685606753634
03-17 16:37 INFO     Client: 1 Epoch: 1 Loss: 0.01545177245392434
03-17 16:37 INFO     Client: 1 Epoch: 2 Loss: 0.011028973107797003
03-17 16:37 INFO     Client: 1 Epoch: 3 Loss: 0.010080839034109827
03-17 16:37 INFO     Client: 1 Epoch: 4 Loss: 0.00989389174707955
03-17 16:37 INFO      ** Client: 1 Training complete **
03-17 16:37 INFO     global n_training: 390
03-17 16:37 INFO     global n_test: 79
03-17 16:37 INFO     >> Global Model Train accuracy: 0.5067, Train accuracy top-5: 0.7638
03-17 16:37 INFO     >> Global Model Test accuracy: 0.4347, Test accuracy top-5: 0.7095
03-17 16:37 INFO     >> Global Model Train loss: 2.1042
03-17 16:37 INFO     in comm round:19
03-17 16:37 INFO     Training network 0 n_training: 5000
03-17 16:37 INFO     Training network 0
03-17 16:37 INFO     Client: 0 Epoch: 0 Loss: 0.039328059659172326
03-17 16:37 INFO     Client: 0 Epoch: 1 Loss: 0.017009502372298486
03-17 16:37 INFO     Client: 0 Epoch: 2 Loss: 0.015227706458133
03-17 16:37 INFO     Client: 0 Epoch: 3 Loss: 0.010708905028131528
03-17 16:37 INFO     Client: 0 Epoch: 4 Loss: 0.008969049303768536
03-17 16:37 INFO      ** Client: 0 Training complete **
03-17 16:37 INFO     Training network 1 n_training: 8000
03-17 16:37 INFO     Training network 1
03-17 16:37 INFO     Client: 1 Epoch: 0 Loss: 0.03194199750320085
03-17 16:37 INFO     Client: 1 Epoch: 1 Loss: 0.015824447581244093
03-17 16:37 INFO     Client: 1 Epoch: 2 Loss: 0.012373781109589243
03-17 16:37 INFO     Client: 1 Epoch: 3 Loss: 0.009327187743638792
03-17 16:37 INFO     Client: 1 Epoch: 4 Loss: 0.008236956925341678
03-17 16:37 INFO      ** Client: 1 Training complete **
03-17 16:37 INFO     global n_training: 390
03-17 16:37 INFO     global n_test: 79
03-17 16:38 INFO     >> Global Model Train accuracy: 0.5119, Train accuracy top-5: 0.7676
03-17 16:38 INFO     >> Global Model Test accuracy: 0.4416, Test accuracy top-5: 0.7138
03-17 16:38 INFO     >> Global Model Train loss: 2.0696
03-17 16:38 INFO     in comm round:20
03-17 16:38 INFO     Training network 0 n_training: 5000
03-17 16:38 INFO     Training network 0
03-17 16:38 INFO     Client: 0 Epoch: 0 Loss: 0.03501941538296449
03-17 16:38 INFO     Client: 0 Epoch: 1 Loss: 0.014710008835372252
03-17 16:38 INFO     Client: 0 Epoch: 2 Loss: 0.010589095071340218
03-17 16:38 INFO     Client: 0 Epoch: 3 Loss: 0.008935435400463832
03-17 16:38 INFO     Client: 0 Epoch: 4 Loss: 0.008196717928139826
03-17 16:38 INFO      ** Client: 0 Training complete **
03-17 16:38 INFO     Training network 1 n_training: 8000
03-17 16:38 INFO     Training network 1
03-17 16:38 INFO     Client: 1 Epoch: 0 Loss: 0.0292664667020642
03-17 16:38 INFO     Client: 1 Epoch: 1 Loss: 0.01702684755887716
03-17 16:38 INFO     Client: 1 Epoch: 2 Loss: 0.011033530159282589
03-17 16:38 INFO     Client: 1 Epoch: 3 Loss: 0.008564230437660891
03-17 16:38 INFO     Client: 1 Epoch: 4 Loss: 0.008466669478483738
03-17 16:38 INFO      ** Client: 1 Training complete **
03-17 16:38 INFO     global n_training: 390
03-17 16:38 INFO     global n_test: 79
03-17 16:38 INFO     >> Global Model Train accuracy: 0.5152, Train accuracy top-5: 0.7708
03-17 16:38 INFO     >> Global Model Test accuracy: 0.4420, Test accuracy top-5: 0.7193
03-17 16:38 INFO     >> Global Model Train loss: 2.0520
03-17 16:38 INFO     in comm round:21
03-17 16:38 INFO     Training network 0 n_training: 5000
03-17 16:38 INFO     Training network 0
03-17 16:38 INFO     Client: 0 Epoch: 0 Loss: 0.032773754822138026
03-17 16:38 INFO     Client: 0 Epoch: 1 Loss: 0.012807038612663746
03-17 16:38 INFO     Client: 0 Epoch: 2 Loss: 0.00948603107379033
03-17 16:38 INFO     Client: 0 Epoch: 3 Loss: 0.009326375710467497
03-17 16:38 INFO     Client: 0 Epoch: 4 Loss: 0.008640985721005844
03-17 16:38 INFO      ** Client: 0 Training complete **
03-17 16:38 INFO     Training network 1 n_training: 8000
03-17 16:38 INFO     Training network 1
03-17 16:38 INFO     Client: 1 Epoch: 0 Loss: 0.019863037700434367
03-17 16:38 INFO     Client: 1 Epoch: 1 Loss: 0.010478330212795445
03-17 16:38 INFO     Client: 1 Epoch: 2 Loss: 0.00825324369924924
03-17 16:38 INFO     Client: 1 Epoch: 3 Loss: 0.008367740413955143
03-17 16:38 INFO     Client: 1 Epoch: 4 Loss: 0.007486447406512114
03-17 16:38 INFO      ** Client: 1 Training complete **
03-17 16:38 INFO     global n_training: 390
03-17 16:38 INFO     global n_test: 79
03-17 16:39 INFO     >> Global Model Train accuracy: 0.5155, Train accuracy top-5: 0.7709
03-17 16:39 INFO     >> Global Model Test accuracy: 0.4403, Test accuracy top-5: 0.7177
03-17 16:39 INFO     >> Global Model Train loss: 2.0438
03-17 16:39 INFO     in comm round:22
03-17 16:39 INFO     Training network 0 n_training: 5000
03-17 16:39 INFO     Training network 0
03-17 16:39 INFO     Client: 0 Epoch: 0 Loss: 0.026735406894332323
03-17 16:39 INFO     Client: 0 Epoch: 1 Loss: 0.010781404777215077
03-17 16:39 INFO     Client: 0 Epoch: 2 Loss: 0.009186362382024527
03-17 16:39 INFO     Client: 0 Epoch: 3 Loss: 0.007677810815855479
03-17 16:39 INFO     Client: 0 Epoch: 4 Loss: 0.007309067827195694
03-17 16:39 INFO      ** Client: 0 Training complete **
03-17 16:39 INFO     Training network 1 n_training: 8000
03-17 16:39 INFO     Training network 1
03-17 16:39 INFO     Client: 1 Epoch: 0 Loss: 0.023552805936384584
03-17 16:39 INFO     Client: 1 Epoch: 1 Loss: 0.010050341081354887
03-17 16:39 INFO     Client: 1 Epoch: 2 Loss: 0.008742079243905122
03-17 16:39 INFO     Client: 1 Epoch: 3 Loss: 0.007432245566780048
03-17 16:39 INFO     Client: 1 Epoch: 4 Loss: 0.006973755252998202
03-17 16:39 INFO      ** Client: 1 Training complete **
03-17 16:39 INFO     global n_training: 390
03-17 16:39 INFO     global n_test: 79
03-17 16:39 INFO     >> Global Model Train accuracy: 0.5211, Train accuracy top-5: 0.7736
03-17 16:39 INFO     >> Global Model Test accuracy: 0.4471, Test accuracy top-5: 0.7176
03-17 16:39 INFO     >> Global Model Train loss: 2.0304
03-17 16:39 INFO     in comm round:23
03-17 16:39 INFO     Training network 0 n_training: 5000
03-17 16:39 INFO     Training network 0
03-17 16:39 INFO     Client: 0 Epoch: 0 Loss: 0.030408324864812385
03-17 16:39 INFO     Client: 0 Epoch: 1 Loss: 0.012908990315806407
03-17 16:39 INFO     Client: 0 Epoch: 2 Loss: 0.011538181382303055
03-17 16:39 INFO     Client: 0 Epoch: 3 Loss: 0.01035146942983071
03-17 16:39 INFO     Client: 0 Epoch: 4 Loss: 0.008356519413586611
03-17 16:39 INFO      ** Client: 0 Training complete **
03-17 16:39 INFO     Training network 1 n_training: 8000
03-17 16:39 INFO     Training network 1
03-17 16:39 INFO     Client: 1 Epoch: 0 Loss: 0.01985611074093369
03-17 16:39 INFO     Client: 1 Epoch: 1 Loss: 0.008845435583122795
03-17 16:39 INFO     Client: 1 Epoch: 2 Loss: 0.007631865487764439
03-17 16:39 INFO     Client: 1 Epoch: 3 Loss: 0.007083729945964391
03-17 16:39 INFO     Client: 1 Epoch: 4 Loss: 0.00710717607439766
03-17 16:39 INFO      ** Client: 1 Training complete **
03-17 16:39 INFO     global n_training: 390
03-17 16:39 INFO     global n_test: 79
03-17 16:39 INFO     >> Global Model Train accuracy: 0.5192, Train accuracy top-5: 0.7724
03-17 16:39 INFO     >> Global Model Test accuracy: 0.4453, Test accuracy top-5: 0.7190
03-17 16:39 INFO     >> Global Model Train loss: 2.0207
03-17 16:39 INFO     in comm round:24
03-17 16:39 INFO     Training network 0 n_training: 5000
03-17 16:39 INFO     Training network 0
03-17 16:40 INFO     Client: 0 Epoch: 0 Loss: 0.025225740475341294
03-17 16:40 INFO     Client: 0 Epoch: 1 Loss: 0.010084962973800989
03-17 16:40 INFO     Client: 0 Epoch: 2 Loss: 0.007935664676225338
03-17 16:40 INFO     Client: 0 Epoch: 3 Loss: 0.007450250407251028
03-17 16:40 INFO     Client: 0 Epoch: 4 Loss: 0.006760765058107865
03-17 16:40 INFO      ** Client: 0 Training complete **
03-17 16:40 INFO     Training network 1 n_training: 8000
03-17 16:40 INFO     Training network 1
03-17 16:40 INFO     Client: 1 Epoch: 0 Loss: 0.02145316520886075
03-17 16:40 INFO     Client: 1 Epoch: 1 Loss: 0.009494002690658934
03-17 16:40 INFO     Client: 1 Epoch: 2 Loss: 0.007904236482816839
03-17 16:40 INFO     Client: 1 Epoch: 3 Loss: 0.0070019850071759955
03-17 16:40 INFO     Client: 1 Epoch: 4 Loss: 0.006974395236841614
03-17 16:40 INFO      ** Client: 1 Training complete **
03-17 16:40 INFO     global n_training: 390
03-17 16:40 INFO     global n_test: 79
03-17 16:40 INFO     >> Global Model Train accuracy: 0.5221, Train accuracy top-5: 0.7754
03-17 16:40 INFO     >> Global Model Test accuracy: 0.4458, Test accuracy top-5: 0.7228
03-17 16:40 INFO     >> Global Model Train loss: 2.0081
03-17 16:40 INFO     in comm round:25
03-17 16:40 INFO     Training network 0 n_training: 5000
03-17 16:40 INFO     Training network 0
03-17 16:40 INFO     Client: 0 Epoch: 0 Loss: 0.02643129177009448
03-17 16:40 INFO     Client: 0 Epoch: 1 Loss: 0.010091331727707233
03-17 16:40 INFO     Client: 0 Epoch: 2 Loss: 0.008135160765586754
03-17 16:40 INFO     Client: 0 Epoch: 3 Loss: 0.007398396885643403
03-17 16:40 INFO     Client: 0 Epoch: 4 Loss: 0.007135254247352863
03-17 16:40 INFO      ** Client: 0 Training complete **
03-17 16:40 INFO     Training network 1 n_training: 8000
03-17 16:40 INFO     Training network 1
03-17 16:40 INFO     Client: 1 Epoch: 0 Loss: 0.018882664739184322
03-17 16:40 INFO     Client: 1 Epoch: 1 Loss: 0.008376773401734329
03-17 16:40 INFO     Client: 1 Epoch: 2 Loss: 0.007540959579449507
03-17 16:40 INFO     Client: 1 Epoch: 3 Loss: 0.007053636480122805
03-17 16:40 INFO     Client: 1 Epoch: 4 Loss: 0.006399662188825107
03-17 16:40 INFO      ** Client: 1 Training complete **
03-17 16:40 INFO     global n_training: 390
03-17 16:40 INFO     global n_test: 79
03-17 16:40 INFO     >> Global Model Train accuracy: 0.5242, Train accuracy top-5: 0.7784
03-17 16:40 INFO     >> Global Model Test accuracy: 0.4482, Test accuracy top-5: 0.7229
03-17 16:40 INFO     >> Global Model Train loss: 1.9923
03-17 16:40 INFO     in comm round:26
03-17 16:40 INFO     Training network 0 n_training: 5000
03-17 16:40 INFO     Training network 0
03-17 16:40 INFO     Client: 0 Epoch: 0 Loss: 0.025674874822680768
03-17 16:40 INFO     Client: 0 Epoch: 1 Loss: 0.009421446265127415
03-17 16:41 INFO     Client: 0 Epoch: 2 Loss: 0.0075308121860218355
03-17 16:41 INFO     Client: 0 Epoch: 3 Loss: 0.007316294663514082
03-17 16:41 INFO     Client: 0 Epoch: 4 Loss: 0.006804987883720643
03-17 16:41 INFO      ** Client: 0 Training complete **
03-17 16:41 INFO     Training network 1 n_training: 8000
03-17 16:41 INFO     Training network 1
03-17 16:41 INFO     Client: 1 Epoch: 0 Loss: 0.01806754289164899
03-17 16:41 INFO     Client: 1 Epoch: 1 Loss: 0.008781971207128899
03-17 16:41 INFO     Client: 1 Epoch: 2 Loss: 0.007658843717147265
03-17 16:41 INFO     Client: 1 Epoch: 3 Loss: 0.007153662537494975
03-17 16:41 INFO     Client: 1 Epoch: 4 Loss: 0.006560809384550779
03-17 16:41 INFO      ** Client: 1 Training complete **
03-17 16:41 INFO     global n_training: 390
03-17 16:41 INFO     global n_test: 79
03-17 16:41 INFO     >> Global Model Train accuracy: 0.5253, Train accuracy top-5: 0.7782
03-17 16:41 INFO     >> Global Model Test accuracy: 0.4475, Test accuracy top-5: 0.7234
03-17 16:41 INFO     >> Global Model Train loss: 1.9863
03-17 16:41 INFO     in comm round:27
03-17 16:41 INFO     Training network 0 n_training: 5000
03-17 16:41 INFO     Training network 0
03-17 16:41 INFO     Client: 0 Epoch: 0 Loss: 0.022691998415841505
03-17 16:41 INFO     Client: 0 Epoch: 1 Loss: 0.009033862059601607
03-17 16:41 INFO     Client: 0 Epoch: 2 Loss: 0.007362327944391813
03-17 16:41 INFO     Client: 0 Epoch: 3 Loss: 0.0067152553357374975
03-17 16:41 INFO     Client: 0 Epoch: 4 Loss: 0.006176252312098558
03-17 16:41 INFO      ** Client: 0 Training complete **
03-17 16:41 INFO     Training network 1 n_training: 8000
03-17 16:41 INFO     Training network 1
03-17 16:41 INFO     Client: 1 Epoch: 0 Loss: 0.01753649966520888
03-17 16:41 INFO     Client: 1 Epoch: 1 Loss: 0.00858801191732768
03-17 16:41 INFO     Client: 1 Epoch: 2 Loss: 0.007161200046539307
03-17 16:41 INFO     Client: 1 Epoch: 3 Loss: 0.006668737759032557
03-17 16:41 INFO     Client: 1 Epoch: 4 Loss: 0.006625965718300112
03-17 16:41 INFO      ** Client: 1 Training complete **
03-17 16:41 INFO     global n_training: 390
03-17 16:41 INFO     global n_test: 79
03-17 16:41 INFO     >> Global Model Train accuracy: 0.5270, Train accuracy top-5: 0.7811
03-17 16:41 INFO     >> Global Model Test accuracy: 0.4504, Test accuracy top-5: 0.7234
03-17 16:41 INFO     >> Global Model Train loss: 1.9690
03-17 16:41 INFO     in comm round:28
03-17 16:41 INFO     Training network 0 n_training: 5000
03-17 16:41 INFO     Training network 0
03-17 16:41 INFO     Client: 0 Epoch: 0 Loss: 0.02379724646034913
03-17 16:41 INFO     Client: 0 Epoch: 1 Loss: 0.009367121670108575
03-17 16:41 INFO     Client: 0 Epoch: 2 Loss: 0.007488751986947579
03-17 16:42 INFO     Client: 0 Epoch: 3 Loss: 0.006699967150313732
03-17 16:42 INFO     Client: 0 Epoch: 4 Loss: 0.006932674620587092
03-17 16:42 INFO      ** Client: 0 Training complete **
03-17 16:42 INFO     Training network 1 n_training: 8000
03-17 16:42 INFO     Training network 1
03-17 16:42 INFO     Client: 1 Epoch: 0 Loss: 0.016695862192840825
03-17 16:42 INFO     Client: 1 Epoch: 1 Loss: 0.00787901064951814
03-17 16:42 INFO     Client: 1 Epoch: 2 Loss: 0.007420450388904541
03-17 16:42 INFO     Client: 1 Epoch: 3 Loss: 0.006789867548392185
03-17 16:42 INFO     Client: 1 Epoch: 4 Loss: 0.006846530122622367
03-17 16:42 INFO      ** Client: 1 Training complete **
03-17 16:42 INFO     global n_training: 390
03-17 16:42 INFO     global n_test: 79
03-17 16:42 INFO     >> Global Model Train accuracy: 0.5289, Train accuracy top-5: 0.7825
03-17 16:42 INFO     >> Global Model Test accuracy: 0.4494, Test accuracy top-5: 0.7221
03-17 16:42 INFO     >> Global Model Train loss: 1.9679
03-17 16:42 INFO     in comm round:29
03-17 16:42 INFO     Training network 0 n_training: 5000
03-17 16:42 INFO     Training network 0
03-17 16:42 INFO     Client: 0 Epoch: 0 Loss: 0.021456832878100567
03-17 16:42 INFO     Client: 0 Epoch: 1 Loss: 0.008485613653484063
03-17 16:42 INFO     Client: 0 Epoch: 2 Loss: 0.007618489114042276
03-17 16:42 INFO     Client: 0 Epoch: 3 Loss: 0.0069034389124657865
03-17 16:42 INFO     Client: 0 Epoch: 4 Loss: 0.006724772306206899
03-17 16:42 INFO      ** Client: 0 Training complete **
03-17 16:42 INFO     Training network 1 n_training: 8000
03-17 16:42 INFO     Training network 1
03-17 16:42 INFO     Client: 1 Epoch: 0 Loss: 0.01604212018390817
03-17 16:42 INFO     Client: 1 Epoch: 1 Loss: 0.007932958981743263
03-17 16:42 INFO     Client: 1 Epoch: 2 Loss: 0.007286733429458353
03-17 16:42 INFO     Client: 1 Epoch: 3 Loss: 0.0071267247830908145
03-17 16:42 INFO     Client: 1 Epoch: 4 Loss: 0.006378253681525108
03-17 16:42 INFO      ** Client: 1 Training complete **
03-17 16:42 INFO     global n_training: 390
03-17 16:42 INFO     global n_test: 79
03-17 16:42 INFO     >> Global Model Train accuracy: 0.5293, Train accuracy top-5: 0.7829
03-17 16:42 INFO     >> Global Model Test accuracy: 0.4517, Test accuracy top-5: 0.7260
03-17 16:42 INFO     >> Global Model Train loss: 1.9606
03-17 16:42 INFO     in comm round:30
03-17 16:42 INFO     Training network 0 n_training: 5000
03-17 16:42 INFO     Training network 0
03-17 16:42 INFO     Client: 0 Epoch: 0 Loss: 0.020897972946747754
03-17 16:42 INFO     Client: 0 Epoch: 1 Loss: 0.008471393348792424
03-17 16:42 INFO     Client: 0 Epoch: 2 Loss: 0.0070768685605472476
03-17 16:42 INFO     Client: 0 Epoch: 3 Loss: 0.006536573828317416
03-17 16:42 INFO     Client: 0 Epoch: 4 Loss: 0.00631469972909261
03-17 16:42 INFO      ** Client: 0 Training complete **
03-17 16:42 INFO     Training network 1 n_training: 8000
03-17 16:42 INFO     Training network 1
03-17 16:43 INFO     Client: 1 Epoch: 0 Loss: 0.015584148601779053
03-17 16:43 INFO     Client: 1 Epoch: 1 Loss: 0.007800569660180519
03-17 16:43 INFO     Client: 1 Epoch: 2 Loss: 0.007299075932091763
03-17 16:43 INFO     Client: 1 Epoch: 3 Loss: 0.006696398722969236
03-17 16:43 INFO     Client: 1 Epoch: 4 Loss: 0.006833222935036305
03-17 16:43 INFO      ** Client: 1 Training complete **
03-17 16:43 INFO     global n_training: 390
03-17 16:43 INFO     global n_test: 79
03-17 16:43 INFO     >> Global Model Train accuracy: 0.5305, Train accuracy top-5: 0.7838
03-17 16:43 INFO     >> Global Model Test accuracy: 0.4509, Test accuracy top-5: 0.7277
03-17 16:43 INFO     >> Global Model Train loss: 1.9543
03-17 16:43 INFO     in comm round:31
03-17 16:43 INFO     Training network 0 n_training: 5000
03-17 16:43 INFO     Training network 0
03-17 16:43 INFO     Client: 0 Epoch: 0 Loss: 0.021789658337067336
03-17 16:43 INFO     Client: 0 Epoch: 1 Loss: 0.00825242101190946
03-17 16:43 INFO     Client: 0 Epoch: 2 Loss: 0.006753679006718672
03-17 16:43 INFO     Client: 0 Epoch: 3 Loss: 0.006854206538544252
03-17 16:43 INFO     Client: 0 Epoch: 4 Loss: 0.00667158527395282
03-17 16:43 INFO      ** Client: 0 Training complete **
03-17 16:43 INFO     Training network 1 n_training: 8000
03-17 16:43 INFO     Training network 1
03-17 16:43 INFO     Client: 1 Epoch: 0 Loss: 0.01614720258681524
03-17 16:43 INFO     Client: 1 Epoch: 1 Loss: 0.008172637685352275
03-17 16:43 INFO     Client: 1 Epoch: 2 Loss: 0.0070368346097248215
03-17 16:43 INFO     Client: 1 Epoch: 3 Loss: 0.006744829397047719
03-17 16:43 INFO     Client: 1 Epoch: 4 Loss: 0.006906025599868548
03-17 16:43 INFO      ** Client: 1 Training complete **
03-17 16:43 INFO     global n_training: 390
03-17 16:43 INFO     global n_test: 79
03-17 16:43 INFO     >> Global Model Train accuracy: 0.5320, Train accuracy top-5: 0.7863
03-17 16:43 INFO     >> Global Model Test accuracy: 0.4520, Test accuracy top-5: 0.7273
03-17 16:43 INFO     >> Global Model Train loss: 1.9427
03-17 16:43 INFO     in comm round:32
03-17 16:43 INFO     Training network 0 n_training: 5000
03-17 16:43 INFO     Training network 0
03-17 16:43 INFO     Client: 0 Epoch: 0 Loss: 0.02048011977846424
03-17 16:43 INFO     Client: 0 Epoch: 1 Loss: 0.008230956689191934
03-17 16:43 INFO     Client: 0 Epoch: 2 Loss: 0.007243416367624051
03-17 16:43 INFO     Client: 0 Epoch: 3 Loss: 0.006695282788803944
03-17 16:43 INFO     Client: 0 Epoch: 4 Loss: 0.006537631142120331
03-17 16:43 INFO      ** Client: 0 Training complete **
03-17 16:43 INFO     Training network 1 n_training: 8000
03-17 16:43 INFO     Training network 1
03-17 16:43 INFO     Client: 1 Epoch: 0 Loss: 0.015772838708794406
03-17 16:44 INFO     Client: 1 Epoch: 1 Loss: 0.007651862725915928
03-17 16:44 INFO     Client: 1 Epoch: 2 Loss: 0.007552748793856271
03-17 16:44 INFO     Client: 1 Epoch: 3 Loss: 0.0073420697778102855
03-17 16:44 INFO     Client: 1 Epoch: 4 Loss: 0.006734615079157295
03-17 16:44 INFO      ** Client: 1 Training complete **
03-17 16:44 INFO     global n_training: 390
03-17 16:44 INFO     global n_test: 79
03-17 16:44 INFO     >> Global Model Train accuracy: 0.5331, Train accuracy top-5: 0.7869
03-17 16:44 INFO     >> Global Model Test accuracy: 0.4524, Test accuracy top-5: 0.7281
03-17 16:44 INFO     >> Global Model Train loss: 1.9380
03-17 16:44 INFO     in comm round:33
03-17 16:44 INFO     Training network 0 n_training: 5000
03-17 16:44 INFO     Training network 0
03-17 16:44 INFO     Client: 0 Epoch: 0 Loss: 0.020681635596049137
03-17 16:44 INFO     Client: 0 Epoch: 1 Loss: 0.008165461787333092
03-17 16:44 INFO     Client: 0 Epoch: 2 Loss: 0.007210719184233592
03-17 16:44 INFO     Client: 0 Epoch: 3 Loss: 0.006740163975896744
03-17 16:44 INFO     Client: 0 Epoch: 4 Loss: 0.006461594349298722
03-17 16:44 INFO      ** Client: 0 Training complete **
03-17 16:44 INFO     Training network 1 n_training: 8000
03-17 16:44 INFO     Training network 1
03-17 16:44 INFO     Client: 1 Epoch: 0 Loss: 0.015351852695006997
03-17 16:44 INFO     Client: 1 Epoch: 1 Loss: 0.008155735344776222
03-17 16:44 INFO     Client: 1 Epoch: 2 Loss: 0.007420661408574351
03-17 16:44 INFO     Client: 1 Epoch: 3 Loss: 0.006953076466978077
03-17 16:44 INFO     Client: 1 Epoch: 4 Loss: 0.007044830014027895
03-17 16:44 INFO      ** Client: 1 Training complete **
03-17 16:44 INFO     global n_training: 390
03-17 16:44 INFO     global n_test: 79
03-17 16:44 INFO     >> Global Model Train accuracy: 0.5346, Train accuracy top-5: 0.7881
03-17 16:44 INFO     >> Global Model Test accuracy: 0.4550, Test accuracy top-5: 0.7290
03-17 16:44 INFO     >> Global Model Train loss: 1.9294
03-17 16:44 INFO     in comm round:34
03-17 16:44 INFO     Training network 0 n_training: 5000
03-17 16:44 INFO     Training network 0
03-17 16:44 INFO     Client: 0 Epoch: 0 Loss: 0.021327639750849742
03-17 16:44 INFO     Client: 0 Epoch: 1 Loss: 0.008370649594909105
03-17 16:44 INFO     Client: 0 Epoch: 2 Loss: 0.007288036115754109
03-17 16:44 INFO     Client: 0 Epoch: 3 Loss: 0.0067905633686444694
03-17 16:44 INFO     Client: 0 Epoch: 4 Loss: 0.007148607836988492
03-17 16:44 INFO      ** Client: 0 Training complete **
03-17 16:44 INFO     Training network 1 n_training: 8000
03-17 16:44 INFO     Training network 1
03-17 16:44 INFO     Client: 1 Epoch: 0 Loss: 0.01610436410673203
03-17 16:44 INFO     Client: 1 Epoch: 1 Loss: 0.008139486522263577
03-17 16:45 INFO     Client: 1 Epoch: 2 Loss: 0.0074530960766658666
03-17 16:45 INFO     Client: 1 Epoch: 3 Loss: 0.007003201787630396
03-17 16:45 INFO     Client: 1 Epoch: 4 Loss: 0.006839541846045082
03-17 16:45 INFO      ** Client: 1 Training complete **
03-17 16:45 INFO     global n_training: 390
03-17 16:45 INFO     global n_test: 79
03-17 16:45 INFO     >> Global Model Train accuracy: 0.5353, Train accuracy top-5: 0.7886
03-17 16:45 INFO     >> Global Model Test accuracy: 0.4548, Test accuracy top-5: 0.7311
03-17 16:45 INFO     >> Global Model Train loss: 1.9209
03-17 16:45 INFO     in comm round:35
03-17 16:45 INFO     Training network 0 n_training: 5000
03-17 16:45 INFO     Training network 0
03-17 16:45 INFO     Client: 0 Epoch: 0 Loss: 0.02043057701144463
03-17 16:45 INFO     Client: 0 Epoch: 1 Loss: 0.008755688758519216
03-17 16:45 INFO     Client: 0 Epoch: 2 Loss: 0.0075929873766234285
03-17 16:45 INFO     Client: 0 Epoch: 3 Loss: 0.00694871505197042
03-17 16:45 INFO     Client: 0 Epoch: 4 Loss: 0.006710791984238686
03-17 16:45 INFO      ** Client: 0 Training complete **
03-17 16:45 INFO     Training network 1 n_training: 8000
03-17 16:45 INFO     Training network 1
03-17 16:45 INFO     Client: 1 Epoch: 0 Loss: 0.01577377552166581
03-17 16:45 INFO     Client: 1 Epoch: 1 Loss: 0.00815641493987172
03-17 16:45 INFO     Client: 1 Epoch: 2 Loss: 0.007449038116441619
03-17 16:45 INFO     Client: 1 Epoch: 3 Loss: 0.007512138720842138
03-17 16:45 INFO     Client: 1 Epoch: 4 Loss: 0.007032136260081203
03-17 16:45 INFO      ** Client: 1 Training complete **
03-17 16:45 INFO     global n_training: 390
03-17 16:45 INFO     global n_test: 79
03-17 16:45 INFO     >> Global Model Train accuracy: 0.5371, Train accuracy top-5: 0.7881
03-17 16:45 INFO     >> Global Model Test accuracy: 0.4559, Test accuracy top-5: 0.7313
03-17 16:45 INFO     >> Global Model Train loss: 1.9172
03-17 16:45 INFO     in comm round:36
03-17 16:45 INFO     Training network 0 n_training: 5000
03-17 16:45 INFO     Training network 0
03-17 16:45 INFO     Client: 0 Epoch: 0 Loss: 0.020810401305938378
03-17 16:45 INFO     Client: 0 Epoch: 1 Loss: 0.008843458424776029
03-17 16:45 INFO     Client: 0 Epoch: 2 Loss: 0.0074149435505462
03-17 16:45 INFO     Client: 0 Epoch: 3 Loss: 0.007426070431486154
03-17 16:45 INFO     Client: 0 Epoch: 4 Loss: 0.006731717166705773
03-17 16:45 INFO      ** Client: 0 Training complete **
03-17 16:45 INFO     Training network 1 n_training: 8000
03-17 16:45 INFO     Training network 1
03-17 16:45 INFO     Client: 1 Epoch: 0 Loss: 0.016368438001541842
03-17 16:45 INFO     Client: 1 Epoch: 1 Loss: 0.00842308204230522
03-17 16:45 INFO     Client: 1 Epoch: 2 Loss: 0.007756279811503426
03-17 16:46 INFO     Client: 1 Epoch: 3 Loss: 0.00762815723916696
03-17 16:46 INFO     Client: 1 Epoch: 4 Loss: 0.007369626013021316
03-17 16:46 INFO      ** Client: 1 Training complete **
03-17 16:46 INFO     global n_training: 390
03-17 16:46 INFO     global n_test: 79
03-17 16:46 INFO     >> Global Model Train accuracy: 0.5362, Train accuracy top-5: 0.7880
03-17 16:46 INFO     >> Global Model Test accuracy: 0.4547, Test accuracy top-5: 0.7304
03-17 16:46 INFO     >> Global Model Train loss: 1.9156
03-17 16:46 INFO     in comm round:37
03-17 16:46 INFO     Training network 0 n_training: 5000
03-17 16:46 INFO     Training network 0
03-17 16:46 INFO     Client: 0 Epoch: 0 Loss: 0.021453889994285047
03-17 16:46 INFO     Client: 0 Epoch: 1 Loss: 0.008947943492482105
03-17 16:46 INFO     Client: 0 Epoch: 2 Loss: 0.007498344287085228
03-17 16:46 INFO     Client: 0 Epoch: 3 Loss: 0.007037920507196433
03-17 16:46 INFO     Client: 0 Epoch: 4 Loss: 0.006944624814563072
03-17 16:46 INFO      ** Client: 0 Training complete **
03-17 16:46 INFO     Training network 1 n_training: 8000
03-17 16:46 INFO     Training network 1
03-17 16:46 INFO     Client: 1 Epoch: 0 Loss: 0.016768194141707594
03-17 16:46 INFO     Client: 1 Epoch: 1 Loss: 0.00826769930520846
03-17 16:46 INFO     Client: 1 Epoch: 2 Loss: 0.007816767635484856
03-17 16:46 INFO     Client: 1 Epoch: 3 Loss: 0.00761516168413143
03-17 16:46 INFO     Client: 1 Epoch: 4 Loss: 0.007579640973539603
03-17 16:46 INFO      ** Client: 1 Training complete **
03-17 16:46 INFO     global n_training: 390
03-17 16:46 INFO     global n_test: 79
03-17 16:46 INFO     >> Global Model Train accuracy: 0.5368, Train accuracy top-5: 0.7902
03-17 16:46 INFO     >> Global Model Test accuracy: 0.4558, Test accuracy top-5: 0.7293
03-17 16:46 INFO     >> Global Model Train loss: 1.9139
03-17 16:46 INFO     in comm round:38
03-17 16:46 INFO     Training network 0 n_training: 5000
03-17 16:46 INFO     Training network 0
03-17 16:46 INFO     Client: 0 Epoch: 0 Loss: 0.022072923751786735
03-17 16:46 INFO     Client: 0 Epoch: 1 Loss: 0.009341887759570127
03-17 16:46 INFO     Client: 0 Epoch: 2 Loss: 0.008254877494600339
03-17 16:46 INFO     Client: 0 Epoch: 3 Loss: 0.007684999861969397
03-17 16:46 INFO     Client: 0 Epoch: 4 Loss: 0.006987438441660159
03-17 16:46 INFO      ** Client: 0 Training complete **
03-17 16:46 INFO     Training network 1 n_training: 8000
03-17 16:46 INFO     Training network 1
03-17 16:46 INFO     Client: 1 Epoch: 0 Loss: 0.015869632183063413
03-17 16:46 INFO     Client: 1 Epoch: 1 Loss: 0.008379017295796544
03-17 16:46 INFO     Client: 1 Epoch: 2 Loss: 0.007945255278759906
03-17 16:46 INFO     Client: 1 Epoch: 3 Loss: 0.007777196287568058
03-17 16:46 INFO     Client: 1 Epoch: 4 Loss: 0.007553707740660156
03-17 16:46 INFO      ** Client: 1 Training complete **
03-17 16:46 INFO     global n_training: 390
03-17 16:46 INFO     global n_test: 79
03-17 16:47 INFO     >> Global Model Train accuracy: 0.5392, Train accuracy top-5: 0.7909
03-17 16:47 INFO     >> Global Model Test accuracy: 0.4564, Test accuracy top-5: 0.7317
03-17 16:47 INFO     >> Global Model Train loss: 1.9027
03-17 16:47 INFO     in comm round:39
03-17 16:47 INFO     Training network 0 n_training: 5000
03-17 16:47 INFO     Training network 0
03-17 16:47 INFO     Client: 0 Epoch: 0 Loss: 0.022760090274879567
03-17 16:47 INFO     Client: 0 Epoch: 1 Loss: 0.009633942149006404
03-17 16:47 INFO     Client: 0 Epoch: 2 Loss: 0.007672911211370657
03-17 16:47 INFO     Client: 0 Epoch: 3 Loss: 0.007428813713769882
03-17 16:47 INFO     Client: 0 Epoch: 4 Loss: 0.007428239016101146
03-17 16:47 INFO      ** Client: 0 Training complete **
03-17 16:47 INFO     Training network 1 n_training: 8000
03-17 16:47 INFO     Training network 1
03-17 16:47 INFO     Client: 1 Epoch: 0 Loss: 0.017104491456261566
03-17 16:47 INFO     Client: 1 Epoch: 1 Loss: 0.009121744337701989
03-17 16:47 INFO     Client: 1 Epoch: 2 Loss: 0.00849250252659042
03-17 16:47 INFO     Client: 1 Epoch: 3 Loss: 0.007801060024048051
03-17 16:47 INFO     Client: 1 Epoch: 4 Loss: 0.007452289018058969
03-17 16:47 INFO      ** Client: 1 Training complete **
03-17 16:47 INFO     global n_training: 390
03-17 16:47 INFO     global n_test: 79
03-17 16:47 INFO     >> Global Model Train accuracy: 0.5409, Train accuracy top-5: 0.7933
03-17 16:47 INFO     >> Global Model Test accuracy: 0.4558, Test accuracy top-5: 0.7311
03-17 16:47 INFO     >> Global Model Train loss: 1.8976
03-17 16:47 INFO     in comm round:40
03-17 16:47 INFO     Training network 0 n_training: 5000
03-17 16:47 INFO     Training network 0
03-17 16:47 INFO     Client: 0 Epoch: 0 Loss: 0.024260669445189145
03-17 16:47 INFO     Client: 0 Epoch: 1 Loss: 0.009833347995598346
03-17 16:47 INFO     Client: 0 Epoch: 2 Loss: 0.008810930085392335
03-17 16:47 INFO     Client: 0 Epoch: 3 Loss: 0.007495878622508966
03-17 16:47 INFO     Client: 0 Epoch: 4 Loss: 0.007249943458308012
03-17 16:47 INFO      ** Client: 0 Training complete **
03-17 16:47 INFO     Training network 1 n_training: 8000
03-17 16:47 INFO     Training network 1
03-17 16:47 INFO     Client: 1 Epoch: 0 Loss: 0.01740557848355703
03-17 16:47 INFO     Client: 1 Epoch: 1 Loss: 0.009306560893873534
03-17 16:47 INFO     Client: 1 Epoch: 2 Loss: 0.008382143310060906
03-17 16:47 INFO     Client: 1 Epoch: 3 Loss: 0.008126672935642062
03-17 16:47 INFO     Client: 1 Epoch: 4 Loss: 0.007828673565640085
03-17 16:47 INFO      ** Client: 1 Training complete **
03-17 16:47 INFO     global n_training: 390
03-17 16:47 INFO     global n_test: 79
03-17 16:48 INFO     >> Global Model Train accuracy: 0.5419, Train accuracy top-5: 0.7948
03-17 16:48 INFO     >> Global Model Test accuracy: 0.4561, Test accuracy top-5: 0.7325
03-17 16:48 INFO     >> Global Model Train loss: 1.8916
03-17 16:48 INFO     in comm round:41
03-17 16:48 INFO     Training network 0 n_training: 5000
03-17 16:48 INFO     Training network 0
03-17 16:48 INFO     Client: 0 Epoch: 0 Loss: 0.023895039294774715
03-17 16:48 INFO     Client: 0 Epoch: 1 Loss: 0.010215859716901412
03-17 16:48 INFO     Client: 0 Epoch: 2 Loss: 0.008667680733383466
03-17 16:48 INFO     Client: 0 Epoch: 3 Loss: 0.008302186448604632
03-17 16:48 INFO     Client: 0 Epoch: 4 Loss: 0.007697495894554334
03-17 16:48 INFO      ** Client: 0 Training complete **
03-17 16:48 INFO     Training network 1 n_training: 8000
03-17 16:48 INFO     Training network 1
03-17 16:48 INFO     Client: 1 Epoch: 0 Loss: 0.017936452066585902
03-17 16:48 INFO     Client: 1 Epoch: 1 Loss: 0.009423667219497504
03-17 16:48 INFO     Client: 1 Epoch: 2 Loss: 0.0090727545696521
03-17 16:48 INFO     Client: 1 Epoch: 3 Loss: 0.008121295231244257
03-17 16:48 INFO     Client: 1 Epoch: 4 Loss: 0.008126160738268686
03-17 16:48 INFO      ** Client: 1 Training complete **
03-17 16:48 INFO     global n_training: 390
03-17 16:48 INFO     global n_test: 79
03-17 16:48 INFO     >> Global Model Train accuracy: 0.5409, Train accuracy top-5: 0.7961
03-17 16:48 INFO     >> Global Model Test accuracy: 0.4579, Test accuracy top-5: 0.7340
03-17 16:48 INFO     >> Global Model Train loss: 1.8842
03-17 16:48 INFO     in comm round:42
03-17 16:48 INFO     Training network 0 n_training: 5000
03-17 16:48 INFO     Training network 0
03-17 16:48 INFO     Client: 0 Epoch: 0 Loss: 0.024766249844852168
03-17 16:48 INFO     Client: 0 Epoch: 1 Loss: 0.01142075151587144
03-17 16:48 INFO     Client: 0 Epoch: 2 Loss: 0.009412287543408381
03-17 16:48 INFO     Client: 0 Epoch: 3 Loss: 0.008939469901797099
03-17 16:48 INFO     Client: 0 Epoch: 4 Loss: 0.008160716531654963
03-17 16:48 INFO      ** Client: 0 Training complete **
03-17 16:48 INFO     Training network 1 n_training: 8000
03-17 16:48 INFO     Training network 1
03-17 16:48 INFO     Client: 1 Epoch: 0 Loss: 0.018860747767311913
03-17 16:48 INFO     Client: 1 Epoch: 1 Loss: 0.010163561200662967
03-17 16:48 INFO     Client: 1 Epoch: 2 Loss: 0.009131531636681288
03-17 16:48 INFO     Client: 1 Epoch: 3 Loss: 0.00875090345770361
03-17 16:48 INFO     Client: 1 Epoch: 4 Loss: 0.00805140941614105
03-17 16:48 INFO      ** Client: 1 Training complete **
03-17 16:48 INFO     global n_training: 390
03-17 16:48 INFO     global n_test: 79
03-17 16:49 INFO     >> Global Model Train accuracy: 0.5435, Train accuracy top-5: 0.7958
03-17 16:49 INFO     >> Global Model Test accuracy: 0.4576, Test accuracy top-5: 0.7343
03-17 16:49 INFO     >> Global Model Train loss: 1.8786
03-17 16:49 INFO     in comm round:43
03-17 16:49 INFO     Training network 0 n_training: 5000
03-17 16:49 INFO     Training network 0
03-17 16:49 INFO     Client: 0 Epoch: 0 Loss: 0.026654645084188536
03-17 16:49 INFO     Client: 0 Epoch: 1 Loss: 0.012818459469156388
03-17 16:49 INFO     Client: 0 Epoch: 2 Loss: 0.01013145021473368
03-17 16:49 INFO     Client: 0 Epoch: 3 Loss: 0.009276368046322694
03-17 16:49 INFO     Client: 0 Epoch: 4 Loss: 0.008270804507610125
03-17 16:49 INFO      ** Client: 0 Training complete **
03-17 16:49 INFO     Training network 1 n_training: 8000
03-17 16:49 INFO     Training network 1
03-17 16:49 INFO     Client: 1 Epoch: 0 Loss: 0.01959074049767467
03-17 16:49 INFO     Client: 1 Epoch: 1 Loss: 0.011173697338709909
03-17 16:49 INFO     Client: 1 Epoch: 2 Loss: 0.009485025619787554
03-17 16:49 INFO     Client: 1 Epoch: 3 Loss: 0.00873756995274415
03-17 16:49 INFO     Client: 1 Epoch: 4 Loss: 0.00862133018522253
03-17 16:49 INFO      ** Client: 1 Training complete **
03-17 16:49 INFO     global n_training: 390
03-17 16:49 INFO     global n_test: 79
03-17 16:49 INFO     >> Global Model Train accuracy: 0.5431, Train accuracy top-5: 0.7958
03-17 16:49 INFO     >> Global Model Test accuracy: 0.4600, Test accuracy top-5: 0.7339
03-17 16:49 INFO     >> Global Model Train loss: 1.8788
03-17 16:49 INFO     in comm round:44
03-17 16:49 INFO     Training network 0 n_training: 5000
03-17 16:49 INFO     Training network 0
03-17 16:49 INFO     Client: 0 Epoch: 0 Loss: 0.02869820556579492
03-17 16:49 INFO     Client: 0 Epoch: 1 Loss: 0.013667035525521407
03-17 16:49 INFO     Client: 0 Epoch: 2 Loss: 0.011138085968410358
03-17 16:49 INFO     Client: 0 Epoch: 3 Loss: 0.010567067716366205
03-17 16:49 INFO     Client: 0 Epoch: 4 Loss: 0.00909148371563508
03-17 16:49 INFO      ** Client: 0 Training complete **
03-17 16:49 INFO     Training network 1 n_training: 8000
03-17 16:49 INFO     Training network 1
03-17 16:49 INFO     Client: 1 Epoch: 0 Loss: 0.020498334910840757
03-17 16:49 INFO     Client: 1 Epoch: 1 Loss: 0.01176720111811113
03-17 16:49 INFO     Client: 1 Epoch: 2 Loss: 0.009840646015119648
03-17 16:49 INFO     Client: 1 Epoch: 3 Loss: 0.009356131401634025
03-17 16:49 INFO     Client: 1 Epoch: 4 Loss: 0.008838286405549414
03-17 16:49 INFO      ** Client: 1 Training complete **
03-17 16:49 INFO     global n_training: 390
03-17 16:49 INFO     global n_test: 79
03-17 16:49 INFO     >> Global Model Train accuracy: 0.5432, Train accuracy top-5: 0.7998
03-17 16:49 INFO     >> Global Model Test accuracy: 0.4591, Test accuracy top-5: 0.7367
03-17 16:49 INFO     >> Global Model Train loss: 1.8736
03-17 16:49 INFO     in comm round:45
03-17 16:49 INFO     Training network 0 n_training: 5000
03-17 16:49 INFO     Training network 0
03-17 16:49 INFO     Client: 0 Epoch: 0 Loss: 0.031085707151736967
03-17 16:50 INFO     Client: 0 Epoch: 1 Loss: 0.015204604524068343
03-17 16:50 INFO     Client: 0 Epoch: 2 Loss: 0.012473827180189963
03-17 16:50 INFO     Client: 0 Epoch: 3 Loss: 0.011249620443544326
03-17 16:50 INFO     Client: 0 Epoch: 4 Loss: 0.00995724368840456
03-17 16:50 INFO      ** Client: 0 Training complete **
03-17 16:50 INFO     Training network 1 n_training: 8000
03-17 16:50 INFO     Training network 1
03-17 16:50 INFO     Client: 1 Epoch: 0 Loss: 0.0217342137869808
03-17 16:50 INFO     Client: 1 Epoch: 1 Loss: 0.012774984772887922
03-17 16:50 INFO     Client: 1 Epoch: 2 Loss: 0.011452591767714869
03-17 16:50 INFO     Client: 1 Epoch: 3 Loss: 0.010108022867972332
03-17 16:50 INFO     Client: 1 Epoch: 4 Loss: 0.010053434859841101
03-17 16:50 INFO      ** Client: 1 Training complete **
03-17 16:50 INFO     global n_training: 390
03-17 16:50 INFO     global n_test: 79
03-17 16:50 INFO     >> Global Model Train accuracy: 0.5450, Train accuracy top-5: 0.8002
03-17 16:50 INFO     >> Global Model Test accuracy: 0.4616, Test accuracy top-5: 0.7360
03-17 16:50 INFO     >> Global Model Train loss: 1.8710
03-17 16:50 INFO     in comm round:46
03-17 16:50 INFO     Training network 0 n_training: 5000
03-17 16:50 INFO     Training network 0
03-17 16:50 INFO     Client: 0 Epoch: 0 Loss: 0.03243850844983871
03-17 16:50 INFO     Client: 0 Epoch: 1 Loss: 0.018034899392380163
03-17 16:50 INFO     Client: 0 Epoch: 2 Loss: 0.014727536588907242
03-17 16:50 INFO     Client: 0 Epoch: 3 Loss: 0.013107008682802701
03-17 16:50 INFO     Client: 0 Epoch: 4 Loss: 0.011853656468865199
03-17 16:50 INFO      ** Client: 0 Training complete **
03-17 16:50 INFO     Training network 1 n_training: 8000
03-17 16:50 INFO     Training network 1
03-17 16:50 INFO     Client: 1 Epoch: 0 Loss: 0.024291043905841726
03-17 16:50 INFO     Client: 1 Epoch: 1 Loss: 0.014177776422471769
03-17 16:50 INFO     Client: 1 Epoch: 2 Loss: 0.012355342852852998
03-17 16:50 INFO     Client: 1 Epoch: 3 Loss: 0.011439649658578058
03-17 16:50 INFO     Client: 1 Epoch: 4 Loss: 0.010595564700422748
03-17 16:50 INFO      ** Client: 1 Training complete **
03-17 16:50 INFO     global n_training: 390
03-17 16:50 INFO     global n_test: 79
03-17 16:50 INFO     >> Global Model Train accuracy: 0.5463, Train accuracy top-5: 0.8000
03-17 16:50 INFO     >> Global Model Test accuracy: 0.4627, Test accuracy top-5: 0.7395
03-17 16:50 INFO     >> Global Model Train loss: 1.8669
03-17 16:50 INFO     in comm round:47
03-17 16:50 INFO     Training network 0 n_training: 5000
03-17 16:50 INFO     Training network 0
03-17 16:50 INFO     Client: 0 Epoch: 0 Loss: 0.03783597104633466
03-17 16:50 INFO     Client: 0 Epoch: 1 Loss: 0.022834916646855
03-17 16:50 INFO     Client: 0 Epoch: 2 Loss: 0.017702361735969018
03-17 16:51 INFO     Client: 0 Epoch: 3 Loss: 0.016554592296672173
03-17 16:51 INFO     Client: 0 Epoch: 4 Loss: 0.014166467202206453
03-17 16:51 INFO      ** Client: 0 Training complete **
03-17 16:51 INFO     Training network 1 n_training: 8000
03-17 16:51 INFO     Training network 1
03-17 16:51 INFO     Client: 1 Epoch: 0 Loss: 0.025566382904446894
03-17 16:51 INFO     Client: 1 Epoch: 1 Loss: 0.01690470760748271
03-17 16:51 INFO     Client: 1 Epoch: 2 Loss: 0.014508614271518684
03-17 16:51 INFO     Client: 1 Epoch: 3 Loss: 0.01301568377042009
03-17 16:51 INFO     Client: 1 Epoch: 4 Loss: 0.012126604350463997
03-17 16:51 INFO      ** Client: 1 Training complete **
03-17 16:51 INFO     global n_training: 390
03-17 16:51 INFO     global n_test: 79
03-17 16:51 INFO     >> Global Model Train accuracy: 0.5479, Train accuracy top-5: 0.8009
03-17 16:51 INFO     >> Global Model Test accuracy: 0.4633, Test accuracy top-5: 0.7376
03-17 16:51 INFO     >> Global Model Train loss: 1.8705
03-17 16:51 INFO     in comm round:48
03-17 16:51 INFO     Training network 0 n_training: 5000
03-17 16:51 INFO     Training network 0
03-17 16:51 INFO     Client: 0 Epoch: 0 Loss: 0.0401766519420422
03-17 16:51 INFO     Client: 0 Epoch: 1 Loss: 0.02871882299391123
03-17 16:51 INFO     Client: 0 Epoch: 2 Loss: 0.023991347887577154
03-17 16:51 INFO     Client: 0 Epoch: 3 Loss: 0.02052875956854759
03-17 16:51 INFO     Client: 0 Epoch: 4 Loss: 0.01938504744798709
03-17 16:51 INFO      ** Client: 0 Training complete **
03-17 16:51 INFO     Training network 1 n_training: 8000
03-17 16:51 INFO     Training network 1
03-17 16:51 INFO     Client: 1 Epoch: 0 Loss: 0.028778382006191438
03-17 16:51 INFO     Client: 1 Epoch: 1 Loss: 0.02073153261575968
03-17 16:51 INFO     Client: 1 Epoch: 2 Loss: 0.017837242298429052
03-17 16:51 INFO     Client: 1 Epoch: 3 Loss: 0.015100580024262589
03-17 16:51 INFO     Client: 1 Epoch: 4 Loss: 0.015184787808046225
03-17 16:51 INFO      ** Client: 1 Training complete **
03-17 16:51 INFO     global n_training: 390
03-17 16:51 INFO     global n_test: 79
03-17 16:51 INFO     >> Global Model Train accuracy: 0.5476, Train accuracy top-5: 0.8015
03-17 16:51 INFO     >> Global Model Test accuracy: 0.4644, Test accuracy top-5: 0.7405
03-17 16:51 INFO     >> Global Model Train loss: 1.8668
03-17 16:51 INFO     in comm round:49
03-17 16:51 INFO     Training network 0 n_training: 5000
03-17 16:51 INFO     Training network 0
03-17 16:51 INFO     Client: 0 Epoch: 0 Loss: 0.043711756284420304
03-17 16:51 INFO     Client: 0 Epoch: 1 Loss: 0.03761774521225538
03-17 16:51 INFO     Client: 0 Epoch: 2 Loss: 0.0324524041169729
03-17 16:51 INFO     Client: 0 Epoch: 3 Loss: 0.030953924673107956
03-17 16:52 INFO     Client: 0 Epoch: 4 Loss: 0.027404666138000976
03-17 16:52 INFO      ** Client: 0 Training complete **
03-17 16:52 INFO     Training network 1 n_training: 8000
03-17 16:52 INFO     Training network 1
03-17 16:52 INFO     Client: 1 Epoch: 0 Loss: 0.031095272741250454
03-17 16:52 INFO     Client: 1 Epoch: 1 Loss: 0.02606514348618446
03-17 16:52 INFO     Client: 1 Epoch: 2 Loss: 0.023488857002267913
03-17 16:52 INFO     Client: 1 Epoch: 3 Loss: 0.022595141593727372
03-17 16:52 INFO     Client: 1 Epoch: 4 Loss: 0.02088831171333309
03-17 16:52 INFO      ** Client: 1 Training complete **
03-17 16:52 INFO     global n_training: 390
03-17 16:52 INFO     global n_test: 79
03-17 16:52 INFO     >> Global Model Train accuracy: 0.5493, Train accuracy top-5: 0.8021
03-17 16:52 INFO     >> Global Model Test accuracy: 0.4640, Test accuracy top-5: 0.7401
03-17 16:52 INFO     >> Global Model Train loss: 1.8651
03-17 16:52 INFO     Starting Fine Tuning...
03-17 16:52 INFO     Training network 0
03-17 16:52 INFO     Client: 0 Epoch: 0 Loss: 0.027493695131479166
03-17 16:52 INFO     Client: 0 Epoch: 1 Loss: 0.025116566186531995
03-17 16:52 INFO     Client: 0 Epoch: 2 Loss: 0.022600176099401254
03-17 16:52 INFO     Client: 0 Epoch: 3 Loss: 0.023753731439893063
03-17 16:52 INFO     Client: 0 Epoch: 4 Loss: 0.020884054115949534
03-17 16:52 INFO      ** Client: 0 Training complete **
03-17 16:52 INFO     Training network 0
03-17 16:52 INFO     Client: 0 Epoch: 0 Loss: 0.021042416158777017
03-17 16:52 INFO     Client: 0 Epoch: 1 Loss: 0.021320380795842562
03-17 16:52 INFO     Client: 0 Epoch: 2 Loss: 0.019143025796764936
03-17 16:52 INFO     Client: 0 Epoch: 3 Loss: 0.01860436520133263
03-17 16:52 INFO     Client: 0 Epoch: 4 Loss: 0.017651765344616693
03-17 16:52 INFO      ** Client: 0 Training complete **
03-17 16:52 INFO     Training network 0
03-17 16:52 INFO     Client: 0 Epoch: 0 Loss: 0.01838873481998841
03-17 16:52 INFO     Client: 0 Epoch: 1 Loss: 0.017154236300251424
03-17 16:52 INFO     Client: 0 Epoch: 2 Loss: 0.017844019409937736
03-17 16:52 INFO     Client: 0 Epoch: 3 Loss: 0.017281470557627004
03-17 16:52 INFO     Client: 0 Epoch: 4 Loss: 0.01658138692474518
03-17 16:52 INFO      ** Client: 0 Training complete **
03-17 16:52 INFO     Training network 0
03-17 16:52 INFO     Client: 0 Epoch: 0 Loss: 0.016841439219812553
03-17 16:52 INFO     Client: 0 Epoch: 1 Loss: 0.015672428581195
03-17 16:52 INFO     Client: 0 Epoch: 2 Loss: 0.015492379092253171
03-17 16:52 INFO     Client: 0 Epoch: 3 Loss: 0.015203780160309413
03-17 16:52 INFO     Client: 0 Epoch: 4 Loss: 0.0148031484717742
03-17 16:52 INFO      ** Client: 0 Training complete **
03-17 16:52 INFO     Training network 0
03-17 16:53 INFO     Client: 0 Epoch: 0 Loss: 0.015031983574422507
03-17 16:53 INFO     Client: 0 Epoch: 1 Loss: 0.014679170643480925
03-17 16:53 INFO     Client: 0 Epoch: 2 Loss: 0.014644823968410492
03-17 16:53 INFO     Client: 0 Epoch: 3 Loss: 0.013819259901841482
03-17 16:53 INFO     Client: 0 Epoch: 4 Loss: 0.014291957713281497
03-17 16:53 INFO      ** Client: 0 Training complete **
03-17 16:53 INFO     Training network 1
03-17 16:53 INFO     Client: 1 Epoch: 0 Loss: 0.019558044721282298
03-17 16:53 INFO     Client: 1 Epoch: 1 Loss: 0.018960194346765356
03-17 16:53 INFO     Client: 1 Epoch: 2 Loss: 0.017727723675629786
03-17 16:53 INFO     Client: 1 Epoch: 3 Loss: 0.01657894390424894
03-17 16:53 INFO     Client: 1 Epoch: 4 Loss: 0.01601189577711686
03-17 16:53 INFO      ** Client: 1 Training complete **
03-17 16:53 INFO     Training network 1
03-17 16:53 INFO     Client: 1 Epoch: 0 Loss: 0.016221797228941032
03-17 16:53 INFO     Client: 1 Epoch: 1 Loss: 0.015380983991969016
03-17 16:53 INFO     Client: 1 Epoch: 2 Loss: 0.01543504106361539
03-17 16:53 INFO     Client: 1 Epoch: 3 Loss: 0.015650049467841463
03-17 16:53 INFO     Client: 1 Epoch: 4 Loss: 0.014388050358261793
03-17 16:53 INFO      ** Client: 1 Training complete **
03-17 16:53 INFO     Training network 1
03-17 16:53 INFO     Client: 1 Epoch: 0 Loss: 0.014121191621187234
03-17 16:53 INFO     Client: 1 Epoch: 1 Loss: 0.013670196636549888
03-17 16:53 INFO     Client: 1 Epoch: 2 Loss: 0.013600169170287347
03-17 16:53 INFO     Client: 1 Epoch: 3 Loss: 0.014172439343265949
03-17 16:53 INFO     Client: 1 Epoch: 4 Loss: 0.01294639053183698
03-17 16:53 INFO      ** Client: 1 Training complete **
03-17 16:53 INFO     Training network 1
03-17 16:53 INFO     Client: 1 Epoch: 0 Loss: 0.013587897598382926
03-17 16:53 INFO     Client: 1 Epoch: 1 Loss: 0.012426766341612223
03-17 16:54 INFO     Client: 1 Epoch: 2 Loss: 0.013060438792191206
03-17 16:54 INFO     Client: 1 Epoch: 3 Loss: 0.012907485898223615
03-17 16:54 INFO     Client: 1 Epoch: 4 Loss: 0.012329640602993389
03-17 16:54 INFO      ** Client: 1 Training complete **
03-17 16:54 INFO     Training network 1
03-17 16:54 INFO     Client: 1 Epoch: 0 Loss: 0.012791422451095234
03-17 16:54 INFO     Client: 1 Epoch: 1 Loss: 0.012989326169894587
03-17 16:54 INFO     Client: 1 Epoch: 2 Loss: 0.012113958627225892
03-17 16:54 INFO     Client: 1 Epoch: 3 Loss: 0.011846555028891852
03-17 16:54 INFO     Client: 1 Epoch: 4 Loss: 0.011908595645499806
03-17 16:54 INFO      ** Client: 1 Training complete **
