04-11 15:28 INFO     cuda
04-11 15:28 INFO     Command Line Arguments: 
{
    "epochs": 5,
    "comm_round": 70,
    "sample_fraction": 1.0,
    "alpha": 0.01,
    "dataset": "cifar10",
    "datadir": "../data/",
    "partition": "iid",
    "alg": "sflv1",
    "model": "resnet-18",
    "split_layer": 4,
    "n_parties": 5,
    "lr": 0.001,
    "mu": 1,
    "std_coeff": 2.5,
    "unif_coeff": 0.5,
    "batch_size": 128,
    "load_first_net": 1,
    "pool_option": "FIFO",
    "model_buffer_size": 1,
    "optimizer": "adam",
    "simp_width": 1,
    "out_dim": 256,
    "reg": 0.0005,
    "temperature": 0.5,
    "logdir": "./",
    "log_file_name": "logs/experiment_log-alg=sflv1_partition=iid_lr=0.001_epochs=5_num_users=5_beta=0.01_batch_size=128_opt=adam_dataset=cifar10_2024-04-11-1528-22",
    "seed": 123,
    "device": "cuda:7",
    "accuracies_file": "logs/resnet_18_100_users.csv",
    "dont_skip": false,
    "multiprocessing": 0
}
04-11 15:28 INFO     Data statistics: {0: {0: 1036, 1: 971, 2: 979, 3: 1017, 4: 1046, 5: 993, 6: 970, 7: 950, 8: 1022, 9: 1016}, 1: {0: 944, 1: 1049, 2: 1037, 3: 989, 4: 975, 5: 960, 6: 1017, 7: 1014, 8: 1025, 9: 990}, 2: {0: 983, 1: 986, 2: 985, 3: 984, 4: 990, 5: 1040, 6: 994, 7: 1041, 8: 990, 9: 1007}, 3: {0: 1029, 1: 1012, 2: 963, 3: 1001, 4: 1000, 5: 1001, 6: 988, 7: 999, 8: 987, 9: 1020}, 4: {0: 1008, 1: 982, 2: 1036, 3: 1009, 4: 989, 5: 1006, 6: 1031, 7: 996, 8: 976, 9: 967}}
04-11 15:28 INFO     in comm round:0
04-11 15:28 INFO     Training network 0 n_training: 10000
04-11 15:28 INFO     Training network 0
04-11 15:28 INFO     Client: 0 Epoch: 0 Loss: 1.8634365919308784
04-11 15:28 INFO     Client: 0 Epoch: 1 Loss: 1.580917239189148
04-11 15:28 INFO     Client: 0 Epoch: 2 Loss: 1.444571967308338
04-11 15:28 INFO     Client: 0 Epoch: 3 Loss: 1.2965024602718842
04-11 15:28 INFO     Client: 0 Epoch: 4 Loss: 1.1891704920010688
04-11 15:28 INFO      ** Client: 0 Training complete **
04-11 15:28 INFO     Training network 1 n_training: 10000
04-11 15:28 INFO     Training network 1
04-11 15:28 INFO     Client: 1 Epoch: 0 Loss: 1.8862407345038195
04-11 15:28 INFO     Client: 1 Epoch: 1 Loss: 1.610028399870946
04-11 15:28 INFO     Client: 1 Epoch: 2 Loss: 1.4461120779697711
04-11 15:29 INFO     Client: 1 Epoch: 3 Loss: 1.2938843552882855
04-11 15:29 INFO     Client: 1 Epoch: 4 Loss: 1.1766224281910138
04-11 15:29 INFO      ** Client: 1 Training complete **
04-11 15:29 INFO     Training network 2 n_training: 10000
04-11 15:29 INFO     Training network 2
04-11 15:29 INFO     Client: 2 Epoch: 0 Loss: 1.9026259779930115
04-11 15:29 INFO     Client: 2 Epoch: 1 Loss: 1.6084655217635326
04-11 15:29 INFO     Client: 2 Epoch: 2 Loss: 1.4441494636046581
04-11 15:29 INFO     Client: 2 Epoch: 3 Loss: 1.3273264398941627
04-11 15:29 INFO     Client: 2 Epoch: 4 Loss: 1.2045848071575165
04-11 15:29 INFO      ** Client: 2 Training complete **
04-11 15:29 INFO     Training network 3 n_training: 10000
04-11 15:29 INFO     Training network 3
04-11 15:29 INFO     Client: 3 Epoch: 0 Loss: 1.8857200558368976
04-11 15:29 INFO     Client: 3 Epoch: 1 Loss: 1.5825562263146424
04-11 15:29 INFO     Client: 3 Epoch: 2 Loss: 1.419591954121223
04-11 15:29 INFO     Client: 3 Epoch: 3 Loss: 1.2930135207298474
04-11 15:29 INFO     Client: 3 Epoch: 4 Loss: 1.1757035026183495
04-11 15:29 INFO      ** Client: 3 Training complete **
04-11 15:29 INFO     Training network 4 n_training: 10000
04-11 15:29 INFO     Training network 4
04-11 15:29 INFO     Client: 4 Epoch: 0 Loss: 1.9110309389921336
04-11 15:29 INFO     Client: 4 Epoch: 1 Loss: 1.588067202995985
04-11 15:29 INFO     Client: 4 Epoch: 2 Loss: 1.4068968525299659
04-11 15:29 INFO     Client: 4 Epoch: 3 Loss: 1.2863525595420446
04-11 15:29 INFO     Client: 4 Epoch: 4 Loss: 1.1789713990993989
04-11 15:29 INFO      ** Client: 4 Training complete **
