03-13 15:46 INFO     cuda
03-13 15:46 INFO     Command Line Arguments: 
{
    "epochs": 5,
    "comm_round": 8,
    "sample_fraction": 1.0,
    "alpha": 0.1,
    "dataset": "cifar10",
    "datadir": "../data/",
    "partition": "subsample",
    "alg": "sflv1",
    "model": "resnet-18",
    "n_parties": 2,
    "lr": 0.01,
    "mu": 1,
    "std_coeff": 2.5,
    "unif_coeff": 0.5,
    "batch_size": 128,
    "load_first_net": 1,
    "pool_option": "FIFO",
    "model_buffer_size": 1,
    "optimizer": "sgd",
    "simp_width": 1,
    "out_dim": 256,
    "reg": 0.0005,
    "temperature": 0.5,
    "logdir": "./",
    "log_file_name": "logs/experiment_log-alg=sflv1_partition=subsample_lr=0.01_epochs=5_num_users=2_beta=0.1_batch_size=128_opt=sgd_dataset=cifar10_2024-03-13-1546-22",
    "seed": 42,
    "device": "cuda",
    "multiprocessing": 0
}
03-13 15:46 INFO     Data statistics: {0: {2: 218, 3: 1079, 4: 996, 6: 6, 7: 460, 8: 1142, 9: 1099}, 1: {0: 1452, 1: 1430, 2: 1162, 3: 1, 4: 193, 5: 1494, 6: 1397, 7: 871}}
03-13 15:46 INFO     in comm round:0
03-13 15:46 INFO     Training network 0 n_training: 5000
03-13 15:46 INFO     Training network 0
03-13 15:46 INFO     Client: 0 Epoch: 0 Loss: 1.3707965474862318
03-13 15:46 INFO     Client: 0 Epoch: 1 Loss: 1.0605921607751112
03-13 15:46 INFO     Client: 0 Epoch: 2 Loss: 0.9557198652854333
03-13 15:46 INFO     Client: 0 Epoch: 3 Loss: 0.898931222084241
03-13 15:46 INFO     Client: 0 Epoch: 4 Loss: 0.830097279487512
03-13 15:46 INFO      ** Client: 0 Training complete **
03-13 15:46 INFO     Training network 1 n_training: 8000
03-13 15:46 INFO     Training network 1
03-13 15:46 INFO     Client: 1 Epoch: 0 Loss: 1.3811630029832163
03-13 15:46 INFO     Client: 1 Epoch: 1 Loss: 1.043385051911877
03-13 15:46 INFO     Client: 1 Epoch: 2 Loss: 0.9440050211644941
03-13 15:46 INFO     Client: 1 Epoch: 3 Loss: 0.81282191699551
03-13 15:46 INFO     Client: 1 Epoch: 4 Loss: 0.7552246624423612
03-13 15:46 INFO      ** Client: 1 Training complete **
03-13 15:46 INFO     global n_training: 390
03-13 15:46 INFO     global n_test: 79
03-13 15:46 INFO     >> Global Model Train accuracy: 0.138622
03-13 15:46 INFO     >> Global Model Test accuracy: 0.134800
03-13 15:46 INFO     >> Global Model Train loss: 3.070554
03-13 15:46 INFO     in comm round:1
03-13 15:46 INFO     Training network 0 n_training: 5000
03-13 15:46 INFO     Training network 0
03-13 15:47 INFO     Client: 0 Epoch: 0 Loss: 0.9795644268011435
03-13 15:47 INFO     Client: 0 Epoch: 1 Loss: 0.7750521088257815
03-13 15:47 INFO     Client: 0 Epoch: 2 Loss: 0.7077738581559597
03-13 15:47 INFO     Client: 0 Epoch: 3 Loss: 0.687380728049156
03-13 15:47 INFO     Client: 0 Epoch: 4 Loss: 0.6181837152212094
03-13 15:47 INFO      ** Client: 0 Training complete **
03-13 15:47 INFO     Training network 1 n_training: 8000
03-13 15:47 INFO     Training network 1
03-13 15:47 INFO     Client: 1 Epoch: 0 Loss: 0.8653611684999158
03-13 15:47 INFO     Client: 1 Epoch: 1 Loss: 0.7658239410769555
03-13 15:47 INFO     Client: 1 Epoch: 2 Loss: 0.6873144098827916
03-13 15:47 INFO     Client: 1 Epoch: 3 Loss: 0.6110174622266523
03-13 15:47 INFO     Client: 1 Epoch: 4 Loss: 0.5771735286520373
03-13 15:47 INFO      ** Client: 1 Training complete **
03-13 15:47 INFO     global n_training: 390
03-13 15:47 INFO     global n_test: 79
03-13 15:47 INFO     >> Global Model Train accuracy: 0.213802
03-13 15:47 INFO     >> Global Model Test accuracy: 0.217500
03-13 15:47 INFO     >> Global Model Train loss: 2.667328
03-13 15:47 INFO     in comm round:2
03-13 15:47 INFO     Training network 0 n_training: 5000
03-13 15:47 INFO     Training network 0
03-13 15:47 INFO     Client: 0 Epoch: 0 Loss: 0.6383563601053678
03-13 15:47 INFO     Client: 0 Epoch: 1 Loss: 0.5519236952830584
03-13 15:47 INFO     Client: 0 Epoch: 2 Loss: 0.5122492955281184
03-13 15:47 INFO     Client: 0 Epoch: 3 Loss: 0.4455680029514508
03-13 15:47 INFO     Client: 0 Epoch: 4 Loss: 0.4314320912727943
03-13 15:47 INFO      ** Client: 0 Training complete **
03-13 15:47 INFO     Training network 1 n_training: 8000
03-13 15:47 INFO     Training network 1
03-13 15:47 INFO     Client: 1 Epoch: 0 Loss: 0.6055450141429901
03-13 15:47 INFO     Client: 1 Epoch: 1 Loss: 0.5603705702289459
03-13 15:47 INFO     Client: 1 Epoch: 2 Loss: 0.533997705386531
03-13 15:47 INFO     Client: 1 Epoch: 3 Loss: 0.5051536247614892
03-13 15:47 INFO     Client: 1 Epoch: 4 Loss: 0.4277702901632555
03-13 15:47 INFO      ** Client: 1 Training complete **
03-13 15:47 INFO     global n_training: 390
03-13 15:47 INFO     global n_test: 79
03-13 15:47 INFO     >> Global Model Train accuracy: 0.324980
03-13 15:47 INFO     >> Global Model Test accuracy: 0.322900
03-13 15:47 INFO     >> Global Model Train loss: 2.322867
03-13 15:47 INFO     in comm round:3
03-13 15:47 INFO     Training network 0 n_training: 5000
03-13 15:47 INFO     Training network 0
03-13 15:47 INFO     Client: 0 Epoch: 0 Loss: 0.4117991985418858
03-13 15:47 INFO     Client: 0 Epoch: 1 Loss: 0.41113815017235583
03-13 15:47 INFO     Client: 0 Epoch: 2 Loss: 0.3564445273234294
03-13 15:47 INFO     Client: 0 Epoch: 3 Loss: 0.3400194778656348
03-13 15:48 INFO     Client: 0 Epoch: 4 Loss: 0.3038445126551848
03-13 15:48 INFO      ** Client: 0 Training complete **
03-13 15:48 INFO     Training network 1 n_training: 8000
03-13 15:48 INFO     Training network 1
03-13 15:48 INFO     Client: 1 Epoch: 0 Loss: 0.43490313089662985
03-13 15:48 INFO     Client: 1 Epoch: 1 Loss: 0.4083749248135474
03-13 15:48 INFO     Client: 1 Epoch: 2 Loss: 0.3746553815660938
03-13 15:48 INFO     Client: 1 Epoch: 3 Loss: 0.3599190695151206
03-13 15:48 INFO     Client: 1 Epoch: 4 Loss: 0.3431104729252477
03-13 15:48 INFO      ** Client: 1 Training complete **
03-13 15:48 INFO     global n_training: 390
03-13 15:48 INFO     global n_test: 79
03-13 15:48 INFO     >> Global Model Train accuracy: 0.371314
03-13 15:48 INFO     >> Global Model Test accuracy: 0.366200
03-13 15:48 INFO     >> Global Model Train loss: 2.025019
03-13 15:48 INFO     in comm round:4
03-13 15:48 INFO     Training network 0 n_training: 5000
03-13 15:48 INFO     Training network 0
03-13 15:48 INFO     Client: 0 Epoch: 0 Loss: 0.29616765907177556
03-13 15:48 INFO     Client: 0 Epoch: 1 Loss: 0.2593202873682364
03-13 15:48 INFO     Client: 0 Epoch: 2 Loss: 0.22758870285290939
03-13 15:48 INFO     Client: 0 Epoch: 3 Loss: 0.22387578663153526
03-13 15:48 INFO     Client: 0 Epoch: 4 Loss: 0.20370468420860094
03-13 15:48 INFO      ** Client: 0 Training complete **
03-13 15:48 INFO     Training network 1 n_training: 8000
03-13 15:48 INFO     Training network 1
03-13 15:48 INFO     Client: 1 Epoch: 0 Loss: 0.33796295259268055
03-13 15:48 INFO     Client: 1 Epoch: 1 Loss: 0.3144767027228109
03-13 15:48 INFO     Client: 1 Epoch: 2 Loss: 0.290574052160786
03-13 15:48 INFO     Client: 1 Epoch: 3 Loss: 0.26874921807358343
03-13 15:48 INFO     Client: 1 Epoch: 4 Loss: 0.24115068477488333
03-13 15:48 INFO      ** Client: 1 Training complete **
03-13 15:48 INFO     global n_training: 390
03-13 15:48 INFO     global n_test: 79
03-13 15:48 INFO     >> Global Model Train accuracy: 0.415905
03-13 15:48 INFO     >> Global Model Test accuracy: 0.406900
03-13 15:48 INFO     >> Global Model Train loss: 1.909250
03-13 15:48 INFO     in comm round:5
03-13 15:48 INFO     Training network 0 n_training: 5000
03-13 15:48 INFO     Training network 0
03-13 15:48 INFO     Client: 0 Epoch: 0 Loss: 0.21839472957146475
03-13 15:48 INFO     Client: 0 Epoch: 1 Loss: 0.16925041816937617
03-13 15:48 INFO     Client: 0 Epoch: 2 Loss: 0.16115187070308587
03-13 15:48 INFO     Client: 0 Epoch: 3 Loss: 0.13579938197747254
03-13 15:48 INFO     Client: 0 Epoch: 4 Loss: 0.152477798362573
03-13 15:48 INFO      ** Client: 0 Training complete **
03-13 15:48 INFO     Training network 1 n_training: 8000
03-13 15:48 INFO     Training network 1
03-13 15:48 INFO     Client: 1 Epoch: 0 Loss: 0.2348499683843505
03-13 15:49 INFO     Client: 1 Epoch: 1 Loss: 0.21175857789574132
03-13 15:49 INFO     Client: 1 Epoch: 2 Loss: 0.19095958036280447
03-13 15:49 INFO     Client: 1 Epoch: 3 Loss: 0.18013839928373213
03-13 15:49 INFO     Client: 1 Epoch: 4 Loss: 0.1701961969656329
03-13 15:49 INFO      ** Client: 1 Training complete **
03-13 15:49 INFO     global n_training: 390
03-13 15:49 INFO     global n_test: 79
03-13 15:49 INFO     >> Global Model Train accuracy: 0.448498
03-13 15:49 INFO     >> Global Model Test accuracy: 0.438700
03-13 15:49 INFO     >> Global Model Train loss: 1.981707
03-13 15:49 INFO     in comm round:6
03-13 15:49 INFO     Training network 0 n_training: 5000
03-13 15:49 INFO     Training network 0
03-13 15:49 INFO     Client: 0 Epoch: 0 Loss: 0.15437961064088038
03-13 15:49 INFO     Client: 0 Epoch: 1 Loss: 0.11614997255114409
03-13 15:49 INFO     Client: 0 Epoch: 2 Loss: 0.1038278168401657
03-13 15:49 INFO     Client: 0 Epoch: 3 Loss: 0.09638099171794377
03-13 15:49 INFO     Client: 0 Epoch: 4 Loss: 0.0801570530121143
03-13 15:49 INFO      ** Client: 0 Training complete **
03-13 15:49 INFO     Training network 1 n_training: 8000
03-13 15:49 INFO     Training network 1
03-13 15:49 INFO     Client: 1 Epoch: 0 Loss: 0.17095909868517228
03-13 15:49 INFO     Client: 1 Epoch: 1 Loss: 0.14077454114392882
03-13 15:49 INFO     Client: 1 Epoch: 2 Loss: 0.12246772238323765
03-13 15:49 INFO     Client: 1 Epoch: 3 Loss: 0.11697262810963777
03-13 15:49 INFO     Client: 1 Epoch: 4 Loss: 0.10764317689163069
03-13 15:49 INFO      ** Client: 1 Training complete **
03-13 15:49 INFO     global n_training: 390
03-13 15:49 INFO     global n_test: 79
03-13 15:49 INFO     >> Global Model Train accuracy: 0.520192
03-13 15:49 INFO     >> Global Model Test accuracy: 0.512000
03-13 15:49 INFO     >> Global Model Train loss: 1.615567
03-13 15:49 INFO     in comm round:7
03-13 15:49 INFO     Training network 0 n_training: 5000
03-13 15:49 INFO     Training network 0
03-13 15:49 INFO     Client: 0 Epoch: 0 Loss: 0.10964101352370702
03-13 15:49 INFO     Client: 0 Epoch: 1 Loss: 0.08718790266758357
03-13 15:49 INFO     Client: 0 Epoch: 2 Loss: 0.08392472775318684
03-13 15:49 INFO     Client: 0 Epoch: 3 Loss: 0.08313141982906903
03-13 15:49 INFO     Client: 0 Epoch: 4 Loss: 0.0770381918320289
03-13 15:49 INFO      ** Client: 0 Training complete **
03-13 15:49 INFO     Training network 1 n_training: 8000
03-13 15:49 INFO     Training network 1
03-13 15:49 INFO     Client: 1 Epoch: 0 Loss: 0.1225242777577331
03-13 15:49 INFO     Client: 1 Epoch: 1 Loss: 0.09915469154234856
03-13 15:49 INFO     Client: 1 Epoch: 2 Loss: 0.08749322692352918
03-13 15:50 INFO     Client: 1 Epoch: 3 Loss: 0.08505785867812173
03-13 15:50 INFO     Client: 1 Epoch: 4 Loss: 0.08267045315475233
03-13 15:50 INFO      ** Client: 1 Training complete **
03-13 15:50 INFO     global n_training: 390
03-13 15:50 INFO     global n_test: 79
03-13 15:50 INFO     >> Global Model Train accuracy: 0.582853
03-13 15:50 INFO     >> Global Model Test accuracy: 0.572100
03-13 15:50 INFO     >> Global Model Train loss: 1.340554
03-13 15:50 INFO     Starting Fine Tuning...
03-13 15:50 INFO     Training network 0
03-13 15:50 INFO     Client: 0 Epoch: 0 Loss: 0.06853686707715194
03-13 15:50 INFO     Client: 0 Epoch: 1 Loss: 0.05675513029862673
03-13 15:50 INFO     Client: 0 Epoch: 2 Loss: 0.05413305859726209
03-13 15:50 INFO     Client: 0 Epoch: 3 Loss: 0.06042166199917213
03-13 15:50 INFO     Client: 0 Epoch: 4 Loss: 0.060900139168669015
03-13 15:50 INFO      ** Client: 0 Training complete **
03-13 15:50 INFO     Training network 0
03-13 15:50 INFO     Client: 0 Epoch: 0 Loss: 0.049757343072157637
03-13 15:50 INFO     Client: 0 Epoch: 1 Loss: 0.044022538197728306
03-13 15:50 INFO     Client: 0 Epoch: 2 Loss: 0.053011236616816275
03-13 15:50 INFO     Client: 0 Epoch: 3 Loss: 0.05116035013149182
03-13 15:50 INFO     Client: 0 Epoch: 4 Loss: 0.048426019171109565
03-13 15:50 INFO      ** Client: 0 Training complete **
03-13 15:50 INFO     Training network 0
03-13 15:50 INFO     Client: 0 Epoch: 0 Loss: 0.036749596683642805
03-13 15:50 INFO     Client: 0 Epoch: 1 Loss: 0.03325584430534106
03-13 15:50 INFO     Client: 0 Epoch: 2 Loss: 0.03787507680364144
03-13 15:50 INFO     Client: 0 Epoch: 3 Loss: 0.03738531663727302
03-13 15:50 INFO     Client: 0 Epoch: 4 Loss: 0.034911353523150467
03-13 15:50 INFO      ** Client: 0 Training complete **
03-13 15:50 INFO     Training network 0
03-13 15:50 INFO     Client: 0 Epoch: 0 Loss: 0.033915142671993144
03-13 15:50 INFO     Client: 0 Epoch: 1 Loss: 0.03099665017082141
03-13 15:50 INFO     Client: 0 Epoch: 2 Loss: 0.028823907391574137
03-13 15:50 INFO     Client: 0 Epoch: 3 Loss: 0.029782155719705116
03-13 15:50 INFO     Client: 0 Epoch: 4 Loss: 0.02703192303530299
03-13 15:50 INFO      ** Client: 0 Training complete **
03-13 15:50 INFO     Training network 0
03-13 15:50 INFO     Client: 0 Epoch: 0 Loss: 0.02872491009437885
03-13 15:50 INFO     Client: 0 Epoch: 1 Loss: 0.024606541455842745
03-13 15:50 INFO     Client: 0 Epoch: 2 Loss: 0.02669930797165785
03-13 15:50 INFO     Client: 0 Epoch: 3 Loss: 0.026719379776085798
03-13 15:50 INFO     Client: 0 Epoch: 4 Loss: 0.02685585114149711
03-13 15:50 INFO      ** Client: 0 Training complete **
03-13 15:50 INFO     Training network 0
03-13 15:50 INFO     Client: 0 Epoch: 0 Loss: 0.022325933600465458
03-13 15:51 INFO     Client: 0 Epoch: 1 Loss: 0.02508338798697178
03-13 15:51 INFO     Client: 0 Epoch: 2 Loss: 0.021951286814724788
03-13 15:51 INFO     Client: 0 Epoch: 3 Loss: 0.019432871208454553
03-13 15:51 INFO     Client: 0 Epoch: 4 Loss: 0.02281558917214473
03-13 15:51 INFO      ** Client: 0 Training complete **
03-13 15:51 INFO     Training network 0
03-13 15:51 INFO     Client: 0 Epoch: 0 Loss: 0.021289554997705497
03-13 15:51 INFO     Client: 0 Epoch: 1 Loss: 0.016744542819185134
03-13 15:51 INFO     Client: 0 Epoch: 2 Loss: 0.017270296692657165
03-13 15:51 INFO     Client: 0 Epoch: 3 Loss: 0.01964463945478201
03-13 15:51 INFO     Client: 0 Epoch: 4 Loss: 0.020005447981067192
03-13 15:51 INFO      ** Client: 0 Training complete **
03-13 15:51 INFO     Training network 0
03-13 15:51 INFO     Client: 0 Epoch: 0 Loss: 0.016350864671552792
03-13 15:51 INFO     Client: 0 Epoch: 1 Loss: 0.019097434900080163
03-13 15:51 INFO     Client: 0 Epoch: 2 Loss: 0.014779280972643158
03-13 15:51 INFO     Client: 0 Epoch: 3 Loss: 0.01941036405519415
03-13 15:51 INFO     Client: 0 Epoch: 4 Loss: 0.011859303358225869
03-13 15:51 INFO      ** Client: 0 Training complete **
03-13 15:51 INFO     Training network 1
03-13 15:51 INFO     Client: 1 Epoch: 0 Loss: 0.07477466413570989
03-13 15:51 INFO     Client: 1 Epoch: 1 Loss: 0.07305661916372276
03-13 15:51 INFO     Client: 1 Epoch: 2 Loss: 0.06668427229047783
03-13 15:51 INFO     Client: 1 Epoch: 3 Loss: 0.06424327050485919
03-13 15:51 INFO     Client: 1 Epoch: 4 Loss: 0.06311984188974865
03-13 15:51 INFO      ** Client: 1 Training complete **
03-13 15:51 INFO     Training network 1
03-13 15:51 INFO     Client: 1 Epoch: 0 Loss: 0.057568326021634766
03-13 15:51 INFO     Client: 1 Epoch: 1 Loss: 0.060521490331138336
03-13 15:51 INFO     Client: 1 Epoch: 2 Loss: 0.055560733056477
03-13 15:51 INFO     Client: 1 Epoch: 3 Loss: 0.05229992315834088
03-13 15:51 INFO     Client: 1 Epoch: 4 Loss: 0.046846409763900504
03-13 15:51 INFO      ** Client: 1 Training complete **
03-13 15:51 INFO     Training network 1
03-13 15:51 INFO     Client: 1 Epoch: 0 Loss: 0.05168399286846961
03-13 15:51 INFO     Client: 1 Epoch: 1 Loss: 0.048082870581457694
03-13 15:52 INFO     Client: 1 Epoch: 2 Loss: 0.045278637519767205
03-13 15:52 INFO     Client: 1 Epoch: 3 Loss: 0.04208069120443637
03-13 15:52 INFO     Client: 1 Epoch: 4 Loss: 0.043724806273295995
03-13 15:52 INFO      ** Client: 1 Training complete **
03-13 15:52 INFO     Training network 1
03-13 15:52 INFO     Client: 1 Epoch: 0 Loss: 0.040206999337721254
03-13 15:52 INFO     Client: 1 Epoch: 1 Loss: 0.040344023401097905
03-13 15:52 INFO     Client: 1 Epoch: 2 Loss: 0.04514358390963847
03-13 15:52 INFO     Client: 1 Epoch: 3 Loss: 0.03968161005046098
03-13 15:52 INFO     Client: 1 Epoch: 4 Loss: 0.03174226139221461
03-13 15:52 INFO      ** Client: 1 Training complete **
