11-09 03:01 INFO     cuda
11-09 03:01 INFO     Command Line Arguments: 
{
    "epochs": 5,
    "comm_round": 300,
    "sample_fraction": 1.0,
    "alpha": 0.01,
    "dataset": "tinyimagenet",
    "datadir": "../data/",
    "partition": "iid",
    "alg": "centralized",
    "model": "resnet-50",
    "split_layer": 1,
    "n_parties": 1,
    "lr": 0.001,
    "mu": 1,
    "std_coeff": 2.5,
    "unif_coeff": 0.5,
    "batch_size": 64,
    "load_first_net": 1,
    "pool_option": "FIFO",
    "model_buffer_size": 1,
    "optimizer": "adam",
    "simp_width": 1,
    "out_dim": 256,
    "reg": 0.0005,
    "temperature": 0.5,
    "logdir": "./",
    "log_file_name": "logs/experiment_log-alg=centralized_partition=iid_lr=0.001_epochs=5_num_users=1_beta=0.01_batch_size=64_opt=adam_dataset=tinyimagenet_2024-11-09-0301-52",
    "seed": 123,
    "device": "cuda:5",
    "accuracies_file": "logs/centralized.csv",
    "dont_skip": false,
    "n_train_workers": 1,
    "n_test_workers": 1,
    "arch": "mobilenet_v3_large",
    "multiprocessing": 0
}
11-09 03:01 INFO     Data statistics: {0: {0: 500, 1: 500, 2: 500, 3: 500, 4: 500, 5: 500, 6: 500, 7: 500, 8: 500, 9: 500, 10: 500, 11: 500, 12: 500, 13: 500, 14: 500, 15: 500, 16: 500, 17: 500, 18: 500, 19: 500, 20: 500, 21: 500, 22: 500, 23: 500, 24: 500, 25: 500, 26: 500, 27: 500, 28: 500, 29: 500, 30: 500, 31: 500, 32: 500, 33: 500, 34: 500, 35: 500, 36: 500, 37: 500, 38: 500, 39: 500, 40: 500, 41: 500, 42: 500, 43: 500, 44: 500, 45: 500, 46: 500, 47: 500, 48: 500, 49: 500, 50: 500, 51: 500, 52: 500, 53: 500, 54: 500, 55: 500, 56: 500, 57: 500, 58: 500, 59: 500, 60: 500, 61: 500, 62: 500, 63: 500, 64: 500, 65: 500, 66: 500, 67: 500, 68: 500, 69: 500, 70: 500, 71: 500, 72: 500, 73: 500, 74: 500, 75: 500, 76: 500, 77: 500, 78: 500, 79: 500, 80: 500, 81: 500, 82: 500, 83: 500, 84: 500, 85: 500, 86: 500, 87: 500, 88: 500, 89: 500, 90: 500, 91: 500, 92: 500, 93: 500, 94: 500, 95: 500, 96: 500, 97: 500, 98: 500, 99: 500, 100: 500, 101: 500, 102: 500, 103: 500, 104: 500, 105: 500, 106: 500, 107: 500, 108: 500, 109: 500, 110: 500, 111: 500, 112: 500, 113: 500, 114: 500, 115: 500, 116: 500, 117: 500, 118: 500, 119: 500, 120: 500, 121: 500, 122: 500, 123: 500, 124: 500, 125: 500, 126: 500, 127: 500, 128: 500, 129: 500, 130: 500, 131: 500, 132: 500, 133: 500, 134: 500, 135: 500, 136: 500, 137: 500, 138: 500, 139: 500, 140: 500, 141: 500, 142: 500, 143: 500, 144: 500, 145: 500, 146: 500, 147: 500, 148: 500, 149: 500, 150: 500, 151: 500, 152: 500, 153: 500, 154: 500, 155: 500, 156: 500, 157: 500, 158: 500, 159: 500, 160: 500, 161: 500, 162: 500, 163: 500, 164: 500, 165: 500, 166: 500, 167: 500, 168: 500, 169: 500, 170: 500, 171: 500, 172: 500, 173: 500, 174: 500, 175: 500, 176: 500, 177: 500, 178: 500, 179: 500, 180: 500, 181: 500, 182: 500, 183: 500, 184: 500, 185: 500, 186: 500, 187: 500, 188: 500, 189: 500, 190: 500, 191: 500, 192: 500, 193: 500, 194: 500, 195: 500, 196: 500, 197: 500, 198: 500, 199: 500}}
11-09 03:03 INFO     in comm round:1 >> Global Model Test accuracy: 0.0539
11-09 03:05 INFO     in comm round:2 >> Global Model Test accuracy: 0.0694
11-09 03:07 INFO     in comm round:3 >> Global Model Test accuracy: 0.1411
11-09 03:08 INFO     in comm round:4 >> Global Model Test accuracy: 0.1871
11-09 03:10 INFO     in comm round:5 >> Global Model Test accuracy: 0.2046
11-09 03:12 INFO     in comm round:6 >> Global Model Test accuracy: 0.2292
11-09 03:14 INFO     in comm round:7 >> Global Model Test accuracy: 0.2652
11-09 03:15 INFO     in comm round:8 >> Global Model Test accuracy: 0.2714
11-09 03:17 INFO     in comm round:9 >> Global Model Test accuracy: 0.2870
11-09 03:19 INFO     in comm round:10 >> Global Model Test accuracy: 0.3080
11-09 03:21 INFO     in comm round:11 >> Global Model Test accuracy: 0.3164
11-09 03:22 INFO     in comm round:12 >> Global Model Test accuracy: 0.3243
11-09 03:24 INFO     in comm round:13 >> Global Model Test accuracy: 0.3152
11-09 03:26 INFO     in comm round:14 >> Global Model Test accuracy: 0.3522
11-09 03:27 INFO     in comm round:15 >> Global Model Test accuracy: 0.3413
11-09 03:29 INFO     in comm round:16 >> Global Model Test accuracy: 0.3482
11-09 03:31 INFO     in comm round:17 >> Global Model Test accuracy: 0.3559
11-09 03:32 INFO     in comm round:18 >> Global Model Test accuracy: 0.3659
11-09 03:34 INFO     in comm round:19 >> Global Model Test accuracy: 0.3607
11-09 03:36 INFO     in comm round:20 >> Global Model Test accuracy: 0.3720
11-09 03:38 INFO     in comm round:21 >> Global Model Test accuracy: 0.3765
11-09 03:39 INFO     in comm round:22 >> Global Model Test accuracy: 0.3917
11-09 03:41 INFO     in comm round:23 >> Global Model Test accuracy: 0.3944
11-09 03:43 INFO     in comm round:24 >> Global Model Test accuracy: 0.3837
11-09 03:44 INFO     in comm round:25 >> Global Model Test accuracy: 0.3940
11-09 03:46 INFO     in comm round:26 >> Global Model Test accuracy: 0.3929
11-09 03:48 INFO     in comm round:27 >> Global Model Test accuracy: 0.3951
11-09 03:50 INFO     in comm round:28 >> Global Model Test accuracy: 0.3853
11-09 03:51 INFO     in comm round:29 >> Global Model Test accuracy: 0.3984
11-09 03:53 INFO     in comm round:30 >> Global Model Test accuracy: 0.4105
11-09 03:55 INFO     in comm round:31 >> Global Model Test accuracy: 0.3983
11-09 03:57 INFO     in comm round:32 >> Global Model Test accuracy: 0.3939
11-09 03:58 INFO     in comm round:33 >> Global Model Test accuracy: 0.4088
11-09 04:00 INFO     in comm round:34 >> Global Model Test accuracy: 0.4095
11-09 04:02 INFO     in comm round:35 >> Global Model Test accuracy: 0.3976
11-09 04:03 INFO     in comm round:36 >> Global Model Test accuracy: 0.3987
11-09 04:05 INFO     in comm round:37 >> Global Model Test accuracy: 0.4141
11-09 04:07 INFO     in comm round:38 >> Global Model Test accuracy: 0.4121
11-09 04:09 INFO     in comm round:39 >> Global Model Test accuracy: 0.4206
11-09 04:10 INFO     in comm round:40 >> Global Model Test accuracy: 0.4212
11-09 04:12 INFO     in comm round:41 >> Global Model Test accuracy: 0.4101
11-09 04:14 INFO     in comm round:42 >> Global Model Test accuracy: 0.4075
11-09 04:15 INFO     in comm round:43 >> Global Model Test accuracy: 0.4136
11-09 04:17 INFO     in comm round:44 >> Global Model Test accuracy: 0.4095
11-09 04:19 INFO     in comm round:45 >> Global Model Test accuracy: 0.4181
11-09 04:21 INFO     in comm round:46 >> Global Model Test accuracy: 0.4331
11-09 04:22 INFO     in comm round:47 >> Global Model Test accuracy: 0.4243
11-09 04:24 INFO     in comm round:48 >> Global Model Test accuracy: 0.4147
11-09 04:26 INFO     in comm round:49 >> Global Model Test accuracy: 0.4111
11-09 04:28 INFO     in comm round:50 >> Global Model Test accuracy: 0.4294
11-09 04:29 INFO     in comm round:51 >> Global Model Test accuracy: 0.4367
11-09 04:31 INFO     in comm round:52 >> Global Model Test accuracy: 0.4283
11-09 04:33 INFO     in comm round:53 >> Global Model Test accuracy: 0.4234
11-09 04:34 INFO     in comm round:54 >> Global Model Test accuracy: 0.4232
11-09 04:36 INFO     in comm round:55 >> Global Model Test accuracy: 0.4216
11-09 04:38 INFO     in comm round:56 >> Global Model Test accuracy: 0.4208
11-09 04:40 INFO     in comm round:57 >> Global Model Test accuracy: 0.4341
11-09 04:41 INFO     in comm round:58 >> Global Model Test accuracy: 0.4320
11-09 04:43 INFO     in comm round:59 >> Global Model Test accuracy: 0.4119
11-09 04:45 INFO     in comm round:60 >> Global Model Test accuracy: 0.4389
11-09 04:46 INFO     in comm round:61 >> Global Model Test accuracy: 0.4348
11-09 04:48 INFO     in comm round:62 >> Global Model Test accuracy: 0.4297
11-09 04:50 INFO     in comm round:63 >> Global Model Test accuracy: 0.4363
11-09 04:52 INFO     in comm round:64 >> Global Model Test accuracy: 0.4355
11-09 04:53 INFO     in comm round:65 >> Global Model Test accuracy: 0.4291
11-09 04:55 INFO     in comm round:66 >> Global Model Test accuracy: 0.4365
11-09 04:57 INFO     in comm round:67 >> Global Model Test accuracy: 0.4283
11-09 04:58 INFO     in comm round:68 >> Global Model Test accuracy: 0.4382
11-09 05:00 INFO     in comm round:69 >> Global Model Test accuracy: 0.4382
11-09 05:02 INFO     in comm round:70 >> Global Model Test accuracy: 0.4383
11-09 05:04 INFO     in comm round:71 >> Global Model Test accuracy: 0.4288
11-09 05:05 INFO     in comm round:72 >> Global Model Test accuracy: 0.4333
11-09 05:07 INFO     in comm round:73 >> Global Model Test accuracy: 0.4321
11-09 05:09 INFO     in comm round:74 >> Global Model Test accuracy: 0.4369
11-09 05:10 INFO     in comm round:75 >> Global Model Test accuracy: 0.4307
11-09 05:12 INFO     in comm round:76 >> Global Model Test accuracy: 0.4266
11-09 05:14 INFO     in comm round:77 >> Global Model Test accuracy: 0.4428
11-09 05:16 INFO     in comm round:78 >> Global Model Test accuracy: 0.4425
11-09 05:17 INFO     in comm round:79 >> Global Model Test accuracy: 0.4404
11-09 05:19 INFO     in comm round:80 >> Global Model Test accuracy: 0.4396
11-09 05:21 INFO     in comm round:81 >> Global Model Test accuracy: 0.4293
11-09 05:22 INFO     in comm round:82 >> Global Model Test accuracy: 0.4432
11-09 05:24 INFO     in comm round:83 >> Global Model Test accuracy: 0.4408
11-09 05:26 INFO     in comm round:84 >> Global Model Test accuracy: 0.4372
11-09 05:28 INFO     in comm round:85 >> Global Model Test accuracy: 0.4409
11-09 05:29 INFO     in comm round:86 >> Global Model Test accuracy: 0.4414
11-09 05:31 INFO     in comm round:87 >> Global Model Test accuracy: 0.4283
11-09 05:33 INFO     in comm round:88 >> Global Model Test accuracy: 0.4404
11-09 05:35 INFO     in comm round:89 >> Global Model Test accuracy: 0.4305
11-09 05:36 INFO     in comm round:90 >> Global Model Test accuracy: 0.4291
11-09 05:38 INFO     in comm round:91 >> Global Model Test accuracy: 0.4238
11-09 05:40 INFO     in comm round:92 >> Global Model Test accuracy: 0.4380
11-09 05:41 INFO     in comm round:93 >> Global Model Test accuracy: 0.4451
11-09 05:43 INFO     in comm round:94 >> Global Model Test accuracy: 0.4450
11-09 05:45 INFO     in comm round:95 >> Global Model Test accuracy: 0.4402
11-09 05:47 INFO     in comm round:96 >> Global Model Test accuracy: 0.4439
11-09 05:48 INFO     in comm round:97 >> Global Model Test accuracy: 0.4444
11-09 05:50 INFO     in comm round:98 >> Global Model Test accuracy: 0.4466
11-09 05:52 INFO     in comm round:99 >> Global Model Test accuracy: 0.4402
11-09 05:54 INFO     in comm round:100 >> Global Model Test accuracy: 0.4450
11-09 05:55 INFO     in comm round:101 >> Global Model Test accuracy: 0.4494
11-09 05:57 INFO     in comm round:102 >> Global Model Test accuracy: 0.4509
11-09 05:59 INFO     in comm round:103 >> Global Model Test accuracy: 0.4318
11-09 06:00 INFO     in comm round:104 >> Global Model Test accuracy: 0.4494
11-09 06:02 INFO     in comm round:105 >> Global Model Test accuracy: 0.4493
11-09 06:04 INFO     in comm round:106 >> Global Model Test accuracy: 0.4436
11-09 06:06 INFO     in comm round:107 >> Global Model Test accuracy: 0.4511
11-09 06:07 INFO     in comm round:108 >> Global Model Test accuracy: 0.4438
11-09 06:09 INFO     in comm round:109 >> Global Model Test accuracy: 0.4443
11-09 06:11 INFO     in comm round:110 >> Global Model Test accuracy: 0.4508
11-09 06:13 INFO     in comm round:111 >> Global Model Test accuracy: 0.4403
11-09 06:14 INFO     in comm round:112 >> Global Model Test accuracy: 0.4446
11-09 06:16 INFO     in comm round:113 >> Global Model Test accuracy: 0.4424
11-09 06:18 INFO     in comm round:114 >> Global Model Test accuracy: 0.4452
11-09 06:19 INFO     in comm round:115 >> Global Model Test accuracy: 0.4456
11-09 06:21 INFO     in comm round:116 >> Global Model Test accuracy: 0.4405
11-09 06:23 INFO     in comm round:117 >> Global Model Test accuracy: 0.4562
11-09 06:25 INFO     in comm round:118 >> Global Model Test accuracy: 0.4397
11-09 06:26 INFO     in comm round:119 >> Global Model Test accuracy: 0.4488
11-09 06:28 INFO     in comm round:120 >> Global Model Test accuracy: 0.4380
11-09 06:30 INFO     in comm round:121 >> Global Model Test accuracy: 0.4438
11-09 06:32 INFO     in comm round:122 >> Global Model Test accuracy: 0.4273
11-09 06:33 INFO     in comm round:123 >> Global Model Test accuracy: 0.4417
11-09 06:35 INFO     in comm round:124 >> Global Model Test accuracy: 0.4502
11-09 06:37 INFO     in comm round:125 >> Global Model Test accuracy: 0.4340
11-09 06:38 INFO     in comm round:126 >> Global Model Test accuracy: 0.4358
11-09 06:40 INFO     in comm round:127 >> Global Model Test accuracy: 0.4353
11-09 06:42 INFO     in comm round:128 >> Global Model Test accuracy: 0.4519
11-09 06:44 INFO     in comm round:129 >> Global Model Test accuracy: 0.4515
11-09 06:45 INFO     in comm round:130 >> Global Model Test accuracy: 0.4338
11-09 06:47 INFO     in comm round:131 >> Global Model Test accuracy: 0.4462
11-09 06:49 INFO     in comm round:132 >> Global Model Test accuracy: 0.4534
11-09 06:50 INFO     in comm round:133 >> Global Model Test accuracy: 0.4500
11-09 06:52 INFO     in comm round:134 >> Global Model Test accuracy: 0.4479
11-09 06:54 INFO     in comm round:135 >> Global Model Test accuracy: 0.4582
11-09 06:55 INFO     in comm round:136 >> Global Model Test accuracy: 0.4542
11-09 06:57 INFO     in comm round:137 >> Global Model Test accuracy: 0.4528
11-09 06:59 INFO     in comm round:138 >> Global Model Test accuracy: 0.4518
11-09 07:01 INFO     in comm round:139 >> Global Model Test accuracy: 0.4406
11-09 07:02 INFO     in comm round:140 >> Global Model Test accuracy: 0.4471
11-09 07:04 INFO     in comm round:141 >> Global Model Test accuracy: 0.4389
11-09 07:06 INFO     in comm round:142 >> Global Model Test accuracy: 0.4518
11-09 07:08 INFO     in comm round:143 >> Global Model Test accuracy: 0.4542
11-09 07:09 INFO     in comm round:144 >> Global Model Test accuracy: 0.4481
11-09 07:11 INFO     in comm round:145 >> Global Model Test accuracy: 0.4446
11-09 07:13 INFO     in comm round:146 >> Global Model Test accuracy: 0.4492
11-09 07:14 INFO     in comm round:147 >> Global Model Test accuracy: 0.4515
11-09 07:16 INFO     in comm round:148 >> Global Model Test accuracy: 0.4473
11-09 07:18 INFO     in comm round:149 >> Global Model Test accuracy: 0.4501
11-09 07:20 INFO     in comm round:150 >> Global Model Test accuracy: 0.4451
11-09 07:21 INFO     in comm round:151 >> Global Model Test accuracy: 0.4391
11-09 07:23 INFO     in comm round:152 >> Global Model Test accuracy: 0.4545
11-09 07:25 INFO     in comm round:153 >> Global Model Test accuracy: 0.4451
11-09 07:26 INFO     in comm round:154 >> Global Model Test accuracy: 0.4489
11-09 07:28 INFO     in comm round:155 >> Global Model Test accuracy: 0.4516
11-09 07:30 INFO     in comm round:156 >> Global Model Test accuracy: 0.4465
11-09 07:32 INFO     in comm round:157 >> Global Model Test accuracy: 0.4454
11-09 07:33 INFO     in comm round:158 >> Global Model Test accuracy: 0.4378
11-09 07:35 INFO     in comm round:159 >> Global Model Test accuracy: 0.4451
11-09 07:37 INFO     in comm round:160 >> Global Model Test accuracy: 0.4494
11-09 07:38 INFO     in comm round:161 >> Global Model Test accuracy: 0.4421
11-09 07:40 INFO     in comm round:162 >> Global Model Test accuracy: 0.4481
11-09 07:42 INFO     in comm round:163 >> Global Model Test accuracy: 0.4447
11-09 07:44 INFO     in comm round:164 >> Global Model Test accuracy: 0.4544
11-09 07:45 INFO     in comm round:165 >> Global Model Test accuracy: 0.4545
11-09 07:47 INFO     in comm round:166 >> Global Model Test accuracy: 0.4442
11-09 07:49 INFO     in comm round:167 >> Global Model Test accuracy: 0.4612
11-09 07:51 INFO     in comm round:168 >> Global Model Test accuracy: 0.4382
11-09 07:52 INFO     in comm round:169 >> Global Model Test accuracy: 0.4554
11-09 07:54 INFO     in comm round:170 >> Global Model Test accuracy: 0.4466
11-09 07:56 INFO     in comm round:171 >> Global Model Test accuracy: 0.4570
11-09 07:57 INFO     in comm round:172 >> Global Model Test accuracy: 0.4548
11-09 07:59 INFO     in comm round:173 >> Global Model Test accuracy: 0.4504
11-09 08:01 INFO     in comm round:174 >> Global Model Test accuracy: 0.4535
11-09 08:03 INFO     in comm round:175 >> Global Model Test accuracy: 0.4580
11-09 08:04 INFO     in comm round:176 >> Global Model Test accuracy: 0.4327
11-09 08:06 INFO     in comm round:177 >> Global Model Test accuracy: 0.4521
11-09 08:08 INFO     in comm round:178 >> Global Model Test accuracy: 0.4514
11-09 08:09 INFO     in comm round:179 >> Global Model Test accuracy: 0.4611
11-09 08:11 INFO     in comm round:180 >> Global Model Test accuracy: 0.4525
11-09 08:13 INFO     in comm round:181 >> Global Model Test accuracy: 0.4544
11-09 08:15 INFO     in comm round:182 >> Global Model Test accuracy: 0.4432
11-09 08:16 INFO     in comm round:183 >> Global Model Test accuracy: 0.4521
11-09 08:18 INFO     in comm round:184 >> Global Model Test accuracy: 0.4473
11-09 08:20 INFO     in comm round:185 >> Global Model Test accuracy: 0.4453
11-09 08:22 INFO     in comm round:186 >> Global Model Test accuracy: 0.4486
11-09 08:23 INFO     in comm round:187 >> Global Model Test accuracy: 0.4415
11-09 08:25 INFO     in comm round:188 >> Global Model Test accuracy: 0.4464
11-09 08:27 INFO     in comm round:189 >> Global Model Test accuracy: 0.4559
11-09 08:29 INFO     in comm round:190 >> Global Model Test accuracy: 0.4460
11-09 08:30 INFO     in comm round:191 >> Global Model Test accuracy: 0.4594
11-09 08:32 INFO     in comm round:192 >> Global Model Test accuracy: 0.4468
11-09 08:34 INFO     in comm round:193 >> Global Model Test accuracy: 0.4514
11-09 08:35 INFO     in comm round:194 >> Global Model Test accuracy: 0.4511
11-09 08:37 INFO     in comm round:195 >> Global Model Test accuracy: 0.4624
11-09 08:39 INFO     in comm round:196 >> Global Model Test accuracy: 0.4401
11-09 08:41 INFO     in comm round:197 >> Global Model Test accuracy: 0.4533
11-09 08:42 INFO     in comm round:198 >> Global Model Test accuracy: 0.4662
11-09 08:44 INFO     in comm round:199 >> Global Model Test accuracy: 0.4500
11-09 08:46 INFO     in comm round:200 >> Global Model Test accuracy: 0.4481
11-09 08:48 INFO     in comm round:201 >> Global Model Test accuracy: 0.4465
11-09 08:49 INFO     in comm round:202 >> Global Model Test accuracy: 0.4595
11-09 08:51 INFO     in comm round:203 >> Global Model Test accuracy: 0.4499
11-09 08:53 INFO     in comm round:204 >> Global Model Test accuracy: 0.4658
11-09 08:54 INFO     in comm round:205 >> Global Model Test accuracy: 0.4493
11-09 08:56 INFO     in comm round:206 >> Global Model Test accuracy: 0.4459
11-09 08:58 INFO     in comm round:207 >> Global Model Test accuracy: 0.4597
11-09 09:00 INFO     in comm round:208 >> Global Model Test accuracy: 0.4542
11-09 09:01 INFO     in comm round:209 >> Global Model Test accuracy: 0.4448
11-09 09:03 INFO     in comm round:210 >> Global Model Test accuracy: 0.4606
11-09 09:05 INFO     in comm round:211 >> Global Model Test accuracy: 0.4489
11-09 09:07 INFO     in comm round:212 >> Global Model Test accuracy: 0.4505
11-09 09:08 INFO     in comm round:213 >> Global Model Test accuracy: 0.4547
11-09 09:10 INFO     in comm round:214 >> Global Model Test accuracy: 0.4465
11-09 09:12 INFO     in comm round:215 >> Global Model Test accuracy: 0.4513
11-09 09:13 INFO     in comm round:216 >> Global Model Test accuracy: 0.4569
11-09 09:15 INFO     in comm round:217 >> Global Model Test accuracy: 0.4505
11-09 09:17 INFO     in comm round:218 >> Global Model Test accuracy: 0.4587
11-09 09:19 INFO     in comm round:219 >> Global Model Test accuracy: 0.4596
11-09 09:20 INFO     in comm round:220 >> Global Model Test accuracy: 0.4490
11-09 09:22 INFO     in comm round:221 >> Global Model Test accuracy: 0.4577
11-09 09:24 INFO     in comm round:222 >> Global Model Test accuracy: 0.4506
11-09 09:26 INFO     in comm round:223 >> Global Model Test accuracy: 0.4404
11-09 09:27 INFO     in comm round:224 >> Global Model Test accuracy: 0.4575
11-09 09:29 INFO     in comm round:225 >> Global Model Test accuracy: 0.4614
11-09 09:31 INFO     in comm round:226 >> Global Model Test accuracy: 0.4577
11-09 09:32 INFO     in comm round:227 >> Global Model Test accuracy: 0.4514
11-09 09:34 INFO     in comm round:228 >> Global Model Test accuracy: 0.4596
11-09 09:36 INFO     in comm round:229 >> Global Model Test accuracy: 0.4670
11-09 09:37 INFO     in comm round:230 >> Global Model Test accuracy: 0.4464
11-09 09:39 INFO     in comm round:231 >> Global Model Test accuracy: 0.4594
11-09 09:41 INFO     in comm round:232 >> Global Model Test accuracy: 0.4571
11-09 09:43 INFO     in comm round:233 >> Global Model Test accuracy: 0.4236
11-09 09:44 INFO     in comm round:234 >> Global Model Test accuracy: 0.4680
11-09 09:46 INFO     in comm round:235 >> Global Model Test accuracy: 0.4574
11-09 09:48 INFO     in comm round:236 >> Global Model Test accuracy: 0.4562
11-09 09:49 INFO     in comm round:237 >> Global Model Test accuracy: 0.4554
11-09 09:51 INFO     in comm round:238 >> Global Model Test accuracy: 0.4495
11-09 09:53 INFO     in comm round:239 >> Global Model Test accuracy: 0.4575
11-09 09:54 INFO     in comm round:240 >> Global Model Test accuracy: 0.4565
11-09 09:56 INFO     in comm round:241 >> Global Model Test accuracy: 0.4560
11-09 09:58 INFO     in comm round:242 >> Global Model Test accuracy: 0.4694
11-09 10:00 INFO     in comm round:243 >> Global Model Test accuracy: 0.4621
11-09 10:01 INFO     in comm round:244 >> Global Model Test accuracy: 0.4514
11-09 10:03 INFO     in comm round:245 >> Global Model Test accuracy: 0.4516
11-09 10:05 INFO     in comm round:246 >> Global Model Test accuracy: 0.4451
11-09 10:06 INFO     in comm round:247 >> Global Model Test accuracy: 0.4584
11-09 10:08 INFO     in comm round:248 >> Global Model Test accuracy: 0.4559
11-09 10:10 INFO     in comm round:249 >> Global Model Test accuracy: 0.4673
11-09 10:11 INFO     in comm round:250 >> Global Model Test accuracy: 0.4556
11-09 10:13 INFO     in comm round:251 >> Global Model Test accuracy: 0.4550
11-09 10:15 INFO     in comm round:252 >> Global Model Test accuracy: 0.4431
11-09 10:16 INFO     in comm round:253 >> Global Model Test accuracy: 0.4574
11-09 10:18 INFO     in comm round:254 >> Global Model Test accuracy: 0.4535
11-09 10:20 INFO     in comm round:255 >> Global Model Test accuracy: 0.4478
11-09 10:22 INFO     in comm round:256 >> Global Model Test accuracy: 0.4518
11-09 10:23 INFO     in comm round:257 >> Global Model Test accuracy: 0.4476
11-09 10:25 INFO     in comm round:258 >> Global Model Test accuracy: 0.4455
11-09 10:27 INFO     in comm round:259 >> Global Model Test accuracy: 0.4584
11-09 10:28 INFO     in comm round:260 >> Global Model Test accuracy: 0.4458
11-09 10:30 INFO     in comm round:261 >> Global Model Test accuracy: 0.4630
11-09 10:32 INFO     in comm round:262 >> Global Model Test accuracy: 0.4599
11-09 10:34 INFO     in comm round:263 >> Global Model Test accuracy: 0.4489
11-09 10:35 INFO     in comm round:264 >> Global Model Test accuracy: 0.4630
11-09 10:37 INFO     in comm round:265 >> Global Model Test accuracy: 0.4529
11-09 10:39 INFO     in comm round:266 >> Global Model Test accuracy: 0.4541
11-09 10:40 INFO     in comm round:267 >> Global Model Test accuracy: 0.4596
11-09 10:42 INFO     in comm round:268 >> Global Model Test accuracy: 0.4614
11-09 10:44 INFO     in comm round:269 >> Global Model Test accuracy: 0.4493
11-09 10:46 INFO     in comm round:270 >> Global Model Test accuracy: 0.4498
11-09 10:47 INFO     in comm round:271 >> Global Model Test accuracy: 0.4508
11-09 10:49 INFO     in comm round:272 >> Global Model Test accuracy: 0.4350
11-09 10:51 INFO     in comm round:273 >> Global Model Test accuracy: 0.4585
11-09 10:52 INFO     in comm round:274 >> Global Model Test accuracy: 0.4524
11-09 10:54 INFO     in comm round:275 >> Global Model Test accuracy: 0.4594
11-09 10:56 INFO     in comm round:276 >> Global Model Test accuracy: 0.4560
11-09 10:58 INFO     in comm round:277 >> Global Model Test accuracy: 0.4519
11-09 10:59 INFO     in comm round:278 >> Global Model Test accuracy: 0.4634
11-09 11:01 INFO     in comm round:279 >> Global Model Test accuracy: 0.4422
11-09 11:03 INFO     in comm round:280 >> Global Model Test accuracy: 0.4625
11-09 11:05 INFO     in comm round:281 >> Global Model Test accuracy: 0.4566
11-09 11:06 INFO     in comm round:282 >> Global Model Test accuracy: 0.4512
11-09 11:08 INFO     in comm round:283 >> Global Model Test accuracy: 0.4493
11-09 11:10 INFO     in comm round:284 >> Global Model Test accuracy: 0.4564
11-09 11:11 INFO     in comm round:285 >> Global Model Test accuracy: 0.4574
11-09 11:13 INFO     in comm round:286 >> Global Model Test accuracy: 0.4546
11-09 11:15 INFO     in comm round:287 >> Global Model Test accuracy: 0.4655
11-09 11:17 INFO     in comm round:288 >> Global Model Test accuracy: 0.4573
11-09 11:18 INFO     in comm round:289 >> Global Model Test accuracy: 0.4607
11-09 11:20 INFO     in comm round:290 >> Global Model Test accuracy: 0.4506
11-09 11:22 INFO     in comm round:291 >> Global Model Test accuracy: 0.4487
11-09 11:23 INFO     in comm round:292 >> Global Model Test accuracy: 0.4622
11-09 11:24 INFO     in comm round:293 >> Global Model Test accuracy: 0.4642
11-09 11:26 INFO     in comm round:294 >> Global Model Test accuracy: 0.4655
11-09 11:27 INFO     in comm round:295 >> Global Model Test accuracy: 0.4447
11-09 11:29 INFO     in comm round:296 >> Global Model Test accuracy: 0.4610
11-09 11:30 INFO     in comm round:297 >> Global Model Test accuracy: 0.4341
11-09 11:32 INFO     in comm round:298 >> Global Model Test accuracy: 0.4557
11-09 11:33 INFO     in comm round:299 >> Global Model Test accuracy: 0.4407
11-09 11:34 INFO     in comm round:300 >> Global Model Test accuracy: 0.4511
11-09 11:34 INFO     Starting Fine Tuning...
