03-06 15:05 INFO     cuda
03-06 15:05 INFO     Command Line Arguments: 
{
    "epochs": 5,
    "comm_round": 10,
    "sample_fraction": 1.0,
    "alpha": 0.01,
    "dataset": "cifar10",
    "datadir": "../data/",
    "partition": "iid",
    "alg": "sflv2",
    "model": "resnet-18",
    "n_parties": 5,
    "lr": 0.01,
    "mu": 1,
    "std_coeff": 2.5,
    "unif_coeff": 0.5,
    "batch_size": 128,
    "load_first_net": 1,
    "pool_option": "FIFO",
    "model_buffer_size": 1,
    "optimizer": "sgd",
    "simp_width": 1,
    "out_dim": 256,
    "reg": 0.0005,
    "temperature": 0.5,
    "logdir": "./",
    "log_file_name": "logs/experiment_log-alg=sflv2_partition=iid_lr=0.01_epochs=5_num_users=5_beta=0.01_batch_size=128_opt=sgd_dataset=cifar10_2024-03-06-1505-16",
    "seed": 42,
    "device": "cuda",
    "multiprocessing": 0
}
03-06 15:05 INFO     Data statistics: {0: {0: 973, 1: 979, 2: 1030, 3: 1023, 4: 933, 5: 1015, 6: 996, 7: 994, 8: 1017, 9: 1040}, 1: {0: 1000, 1: 1000, 2: 979, 3: 1018, 4: 1011, 5: 1018, 6: 944, 7: 999, 8: 1028, 9: 1003}, 2: {0: 981, 1: 1048, 2: 1007, 3: 991, 4: 999, 5: 998, 6: 1026, 7: 986, 8: 968, 9: 996}, 3: {0: 1036, 1: 984, 2: 991, 3: 1001, 4: 1046, 5: 965, 6: 1001, 7: 975, 8: 983, 9: 1018}, 4: {0: 1010, 1: 989, 2: 993, 3: 967, 4: 1011, 5: 1004, 6: 1033, 7: 1046, 8: 1004, 9: 943}}
03-06 15:05 INFO     in comm round:0
03-06 15:05 INFO     Training network 0 n_training: 10000
03-06 15:05 INFO     Training network 0
03-06 15:05 INFO     n_training: 78
03-06 15:05 INFO     Client: 0 Epoch: 0 Loss: 1.731746678168957
03-06 15:05 INFO     Client: 0 Epoch: 1 Loss: 1.311400136886499
03-06 15:05 INFO     Client: 0 Epoch: 2 Loss: 1.040341290907982
03-06 15:05 INFO     Client: 0 Epoch: 3 Loss: 0.7970164769735092
03-06 15:05 INFO     Client: 0 Epoch: 4 Loss: 0.5405608006776907
03-06 15:05 INFO      ** Client: 0 Training complete **
03-06 15:05 INFO     Training network 1 n_training: 10000
03-06 15:05 INFO     Training network 1
03-06 15:05 INFO     n_training: 78
03-06 15:05 INFO     Client: 1 Epoch: 0 Loss: 1.7222460768161676
03-06 15:05 INFO     Client: 1 Epoch: 1 Loss: 1.2896577822856414
03-06 15:05 INFO     Client: 1 Epoch: 2 Loss: 1.0253813503644404
03-06 15:05 INFO     Client: 1 Epoch: 3 Loss: 0.7675667038330665
03-06 15:05 INFO     Client: 1 Epoch: 4 Loss: 0.5073603613254352
03-06 15:05 INFO      ** Client: 1 Training complete **
03-06 15:05 INFO     Training network 2 n_training: 10000
03-06 15:05 INFO     Training network 2
03-06 15:05 INFO     n_training: 78
03-06 15:05 INFO     Client: 2 Epoch: 0 Loss: 1.748658258181352
03-06 15:06 INFO     Client: 2 Epoch: 1 Loss: 1.31935859643496
03-06 15:06 INFO     Client: 2 Epoch: 2 Loss: 1.0786131032002277
03-06 15:06 INFO     Client: 2 Epoch: 3 Loss: 0.8322042845762693
03-06 15:06 INFO     Client: 2 Epoch: 4 Loss: 0.5829501897096634
03-06 15:06 INFO      ** Client: 2 Training complete **
03-06 15:06 INFO     Training network 3 n_training: 10000
03-06 15:06 INFO     Training network 3
03-06 15:06 INFO     n_training: 78
03-06 15:06 INFO     Client: 3 Epoch: 0 Loss: 1.7309583043440795
03-06 15:06 INFO     Client: 3 Epoch: 1 Loss: 1.2775275050065455
03-06 15:06 INFO     Client: 3 Epoch: 2 Loss: 1.0154070785412421
03-06 15:06 INFO     Client: 3 Epoch: 3 Loss: 0.7731178693282299
03-06 15:06 INFO     Client: 3 Epoch: 4 Loss: 0.5211780552680676
03-06 15:06 INFO      ** Client: 3 Training complete **
03-06 15:06 INFO     Training network 4 n_training: 10000
03-06 15:06 INFO     Training network 4
03-06 15:06 INFO     n_training: 78
03-06 15:06 INFO     Client: 4 Epoch: 0 Loss: 1.7254867186913123
03-06 15:06 INFO     Client: 4 Epoch: 1 Loss: 1.2591247810767248
03-06 15:06 INFO     Client: 4 Epoch: 2 Loss: 1.0115553836027782
03-06 15:06 INFO     Client: 4 Epoch: 3 Loss: 0.7794013481873733
03-06 15:06 INFO     Client: 4 Epoch: 4 Loss: 0.5193763894912524
03-06 15:06 INFO      ** Client: 4 Training complete **
03-06 15:06 INFO     global n_training: 390
03-06 15:06 INFO     global n_test: 79
03-06 15:06 INFO     >> Global Model Train accuracy: 0.153566
03-06 15:06 INFO     >> Global Model Test accuracy: 0.154100
03-06 15:06 INFO     >> Global Model Train loss: 4.452321
03-06 15:06 INFO     in comm round:1
03-06 15:06 INFO     Training network 0 n_training: 10000
03-06 15:06 INFO     Training network 0
03-06 15:06 INFO     n_training: 78
03-06 15:06 INFO     Client: 0 Epoch: 0 Loss: 1.141334885205978
03-06 15:06 INFO     Client: 0 Epoch: 1 Loss: 0.7401740589202979
03-06 15:07 INFO     Client: 0 Epoch: 2 Loss: 0.4295056370588449
03-06 15:07 INFO     Client: 0 Epoch: 3 Loss: 0.20141067298559043
03-06 15:07 INFO     Client: 0 Epoch: 4 Loss: 0.07934166180590789
03-06 15:07 INFO      ** Client: 0 Training complete **
03-06 15:07 INFO     Training network 1 n_training: 10000
03-06 15:07 INFO     Training network 1
03-06 15:07 INFO     n_training: 78
03-06 15:07 INFO     Client: 1 Epoch: 0 Loss: 1.1411000604812915
03-06 15:07 INFO     Client: 1 Epoch: 1 Loss: 0.7397057215372721
03-06 15:07 INFO     Client: 1 Epoch: 2 Loss: 0.4314177922713451
03-06 15:07 INFO     Client: 1 Epoch: 3 Loss: 0.20715640580806977
03-06 15:07 INFO     Client: 1 Epoch: 4 Loss: 0.08762480294666229
03-06 15:07 INFO      ** Client: 1 Training complete **
03-06 15:07 INFO     Training network 2 n_training: 10000
03-06 15:07 INFO     Training network 2
03-06 15:07 INFO     n_training: 78
03-06 15:07 INFO     Client: 2 Epoch: 0 Loss: 1.1650800223533924
03-06 15:07 INFO     Client: 2 Epoch: 1 Loss: 0.7530537278224261
03-06 15:07 INFO     Client: 2 Epoch: 2 Loss: 0.4356029675557063
03-06 15:07 INFO     Client: 2 Epoch: 3 Loss: 0.20935288874002603
03-06 15:07 INFO     Client: 2 Epoch: 4 Loss: 0.07409207102579948
03-06 15:07 INFO      ** Client: 2 Training complete **
03-06 15:07 INFO     Training network 3 n_training: 10000
03-06 15:07 INFO     Training network 3
03-06 15:07 INFO     n_training: 78
03-06 15:07 INFO     Client: 3 Epoch: 0 Loss: 1.1435292882797046
03-06 15:07 INFO     Client: 3 Epoch: 1 Loss: 0.7510618147177573
03-06 15:07 INFO     Client: 3 Epoch: 2 Loss: 0.42447728873827517
03-06 15:07 INFO     Client: 3 Epoch: 3 Loss: 0.20216539750496546
03-06 15:07 INFO     Client: 3 Epoch: 4 Loss: 0.08408589923802094
03-06 15:07 INFO      ** Client: 3 Training complete **
03-06 15:07 INFO     Training network 4 n_training: 10000
03-06 15:07 INFO     Training network 4
03-06 15:07 INFO     n_training: 78
03-06 15:07 INFO     Client: 4 Epoch: 0 Loss: 1.1457688548626044
03-06 15:08 INFO     Client: 4 Epoch: 1 Loss: 0.7312468336178706
03-06 15:08 INFO     Client: 4 Epoch: 2 Loss: 0.4178661952416102
03-06 15:08 INFO     Client: 4 Epoch: 3 Loss: 0.20810362725303724
03-06 15:08 INFO     Client: 4 Epoch: 4 Loss: 0.08559722104706825
03-06 15:08 INFO      ** Client: 4 Training complete **
03-06 15:08 INFO     global n_training: 390
03-06 15:08 INFO     global n_test: 79
03-06 15:08 INFO     >> Global Model Train accuracy: 0.699319
03-06 15:08 INFO     >> Global Model Test accuracy: 0.649800
03-06 15:08 INFO     >> Global Model Train loss: 0.943117
03-06 15:08 INFO     in comm round:2
03-06 15:08 INFO     Training network 0 n_training: 10000
03-06 15:08 INFO     Training network 0
03-06 15:08 INFO     n_training: 78
03-06 15:08 INFO     Client: 0 Epoch: 0 Loss: 0.8031269052089789
03-06 15:08 INFO     Client: 0 Epoch: 1 Loss: 0.3436034871981694
03-06 15:08 INFO     Client: 0 Epoch: 2 Loss: 0.1317364409661446
03-06 15:08 INFO     Client: 0 Epoch: 3 Loss: 0.039024786569942266
03-06 15:08 INFO     Client: 0 Epoch: 4 Loss: 0.011328854371244326
03-06 15:08 INFO      ** Client: 0 Training complete **
03-06 15:08 INFO     Training network 1 n_training: 10000
03-06 15:08 INFO     Training network 1
03-06 15:08 INFO     n_training: 78
03-06 15:08 INFO     Client: 1 Epoch: 0 Loss: 0.816750161922895
03-06 15:08 INFO     Client: 1 Epoch: 1 Loss: 0.3488946983065361
03-06 15:08 INFO     Client: 1 Epoch: 2 Loss: 0.13623087853193283
03-06 15:08 INFO     Client: 1 Epoch: 3 Loss: 0.03703816172977289
03-06 15:08 INFO     Client: 1 Epoch: 4 Loss: 0.012177412201148959
03-06 15:08 INFO      ** Client: 1 Training complete **
03-06 15:08 INFO     Training network 2 n_training: 10000
03-06 15:08 INFO     Training network 2
03-06 15:08 INFO     n_training: 78
03-06 15:08 INFO     Client: 2 Epoch: 0 Loss: 0.8203753607395368
03-06 15:08 INFO     Client: 2 Epoch: 1 Loss: 0.3700209867495757
03-06 15:08 INFO     Client: 2 Epoch: 2 Loss: 0.1255587416772659
03-06 15:09 INFO     Client: 2 Epoch: 3 Loss: 0.040787022083233565
03-06 15:09 INFO     Client: 2 Epoch: 4 Loss: 0.01272992891832613
03-06 15:09 INFO      ** Client: 2 Training complete **
03-06 15:09 INFO     Training network 3 n_training: 10000
03-06 15:09 INFO     Training network 3
03-06 15:09 INFO     n_training: 78
03-06 15:09 INFO     Client: 3 Epoch: 0 Loss: 0.7978057868969746
03-06 15:09 INFO     Client: 3 Epoch: 1 Loss: 0.34004719154192853
03-06 15:09 INFO     Client: 3 Epoch: 2 Loss: 0.12119002239062236
03-06 15:09 INFO     Client: 3 Epoch: 3 Loss: 0.03913364332551376
03-06 15:09 INFO     Client: 3 Epoch: 4 Loss: 0.012285452222642608
03-06 15:09 INFO      ** Client: 3 Training complete **
03-06 15:09 INFO     Training network 4 n_training: 10000
03-06 15:09 INFO     Training network 4
03-06 15:09 INFO     n_training: 78
03-06 15:09 INFO     Client: 4 Epoch: 0 Loss: 0.8190920184820126
