04-12 21:42 INFO     cuda
04-12 21:42 INFO     Command Line Arguments: 
{
    "epochs": 5,
    "comm_round": 70,
    "sample_fraction": 1.0,
    "alpha": 0.01,
    "dataset": "cifar10",
    "datadir": "../data/",
    "partition": "iid",
    "alg": "sflv1",
    "model": "resnet-18",
    "split_layer": 4,
    "n_parties": 100,
    "lr": 0.001,
    "mu": 1,
    "std_coeff": 2.5,
    "unif_coeff": 0.5,
    "batch_size": 64,
    "load_first_net": 1,
    "pool_option": "FIFO",
    "model_buffer_size": 1,
    "optimizer": "adam",
    "simp_width": 1,
    "out_dim": 256,
    "reg": 0.0005,
    "temperature": 0.5,
    "logdir": "./",
    "log_file_name": "logs/experiment_log-alg=sflv1_partition=iid_lr=0.001_epochs=5_num_users=100_beta=0.01_batch_size=64_opt=adam_dataset=cifar10_2024-04-12-2142-04",
    "seed": 123,
    "device": "cuda:7",
    "accuracies_file": "logs/resnet_18_100_users.csv",
    "dont_skip": false,
    "n_train_workers": 1,
    "n_test_workers": 1,
    "multiprocessing": 0
}
04-12 21:42 INFO     Data statistics: {0: {0: 53, 1: 46, 2: 45, 3: 47, 4: 50, 5: 55, 6: 54, 7: 46, 8: 58, 9: 46}, 1: {0: 38, 1: 47, 2: 58, 3: 45, 4: 52, 5: 46, 6: 51, 7: 63, 8: 45, 9: 55}, 2: {0: 42, 1: 50, 2: 58, 3: 58, 4: 60, 5: 41, 6: 44, 7: 41, 8: 51, 9: 55}, 3: {0: 44, 1: 44, 2: 58, 3: 53, 4: 62, 5: 63, 6: 43, 7: 45, 8: 36, 9: 52}, 4: {0: 63, 1: 45, 2: 38, 3: 51, 4: 58, 5: 46, 6: 36, 7: 43, 8: 58, 9: 62}, 5: {0: 73, 1: 50, 2: 51, 3: 41, 4: 42, 5: 42, 6: 55, 7: 45, 8: 54, 9: 47}, 6: {0: 49, 1: 50, 2: 54, 3: 57, 4: 50, 5: 51, 6: 49, 7: 48, 8: 48, 9: 44}, 7: {0: 62, 1: 44, 2: 39, 3: 57, 4: 50, 5: 42, 6: 53, 7: 41, 8: 55, 9: 57}, 8: {0: 50, 1: 42, 2: 53, 3: 48, 4: 61, 5: 53, 6: 40, 7: 45, 8: 57, 9: 51}, 9: {0: 49, 1: 48, 2: 49, 3: 50, 4: 48, 5: 43, 6: 53, 7: 51, 8: 53, 9: 56}, 10: {0: 49, 1: 45, 2: 57, 3: 46, 4: 41, 5: 53, 6: 54, 7: 51, 8: 47, 9: 57}, 11: {0: 51, 1: 48, 2: 45, 3: 55, 4: 49, 5: 58, 6: 37, 7: 50, 8: 53, 9: 54}, 12: {0: 52, 1: 51, 2: 55, 3: 47, 4: 42, 5: 51, 6: 50, 7: 53, 8: 55, 9: 44}, 13: {0: 51, 1: 47, 2: 42, 3: 66, 4: 55, 5: 49, 6: 48, 7: 43, 8: 54, 9: 45}, 14: {0: 74, 1: 49, 2: 46, 3: 50, 4: 42, 5: 52, 6: 43, 7: 55, 8: 43, 9: 46}, 15: {0: 49, 1: 51, 2: 56, 3: 56, 4: 50, 5: 45, 6: 45, 7: 48, 8: 46, 9: 54}, 16: {0: 36, 1: 56, 2: 53, 3: 47, 4: 74, 5: 44, 6: 41, 7: 43, 8: 62, 9: 44}, 17: {0: 41, 1: 60, 2: 35, 3: 52, 4: 54, 5: 59, 6: 66, 7: 33, 8: 58, 9: 42}, 18: {0: 52, 1: 44, 2: 44, 3: 43, 4: 50, 5: 49, 6: 54, 7: 57, 8: 45, 9: 62}, 19: {0: 58, 1: 54, 2: 43, 3: 48, 4: 56, 5: 51, 6: 54, 7: 49, 8: 44, 9: 43}, 20: {0: 58, 1: 57, 2: 44, 3: 51, 4: 48, 5: 42, 6: 55, 7: 44, 8: 52, 9: 49}, 21: {0: 48, 1: 54, 2: 47, 3: 50, 4: 44, 5: 50, 6: 42, 7: 51, 8: 59, 9: 55}, 22: {0: 49, 1: 54, 2: 42, 3: 52, 4: 36, 5: 58, 6: 51, 7: 57, 8: 52, 9: 49}, 23: {0: 49, 1: 56, 2: 45, 3: 47, 4: 47, 5: 46, 6: 58, 7: 52, 8: 55, 9: 45}, 24: {0: 37, 1: 42, 2: 72, 3: 34, 4: 54, 5: 42, 6: 62, 7: 53, 8: 57, 9: 47}, 25: {0: 45, 1: 48, 2: 48, 3: 57, 4: 51, 5: 51, 6: 47, 7: 53, 8: 50, 9: 50}, 26: {0: 51, 1: 58, 2: 53, 3: 43, 4: 48, 5: 42, 6: 61, 7: 54, 8: 44, 9: 46}, 27: {0: 38, 1: 55, 2: 68, 3: 56, 4: 41, 5: 45, 6: 49, 7: 56, 8: 44, 9: 48}, 28: {0: 47, 1: 41, 2: 40, 3: 56, 4: 49, 5: 44, 6: 57, 7: 49, 8: 54, 9: 63}, 29: {0: 45, 1: 50, 2: 51, 3: 51, 4: 25, 5: 56, 6: 50, 7: 60, 8: 64, 9: 48}, 30: {0: 60, 1: 45, 2: 56, 3: 46, 4: 50, 5: 49, 6: 40, 7: 49, 8: 52, 9: 53}, 31: {0: 44, 1: 65, 2: 42, 3: 40, 4: 59, 5: 51, 6: 59, 7: 56, 8: 42, 9: 42}, 32: {0: 44, 1: 62, 2: 56, 3: 51, 4: 49, 5: 48, 6: 51, 7: 46, 8: 43, 9: 50}, 33: {0: 47, 1: 59, 2: 46, 3: 51, 4: 52, 5: 47, 6: 50, 7: 52, 8: 40, 9: 56}, 34: {0: 47, 1: 53, 2: 54, 3: 59, 4: 47, 5: 39, 6: 51, 7: 46, 8: 57, 9: 47}, 35: {0: 36, 1: 52, 2: 63, 3: 42, 4: 60, 5: 49, 6: 40, 7: 59, 8: 56, 9: 43}, 36: {0: 52, 1: 55, 2: 56, 3: 51, 4: 48, 5: 54, 6: 49, 7: 37, 8: 56, 9: 42}, 37: {0: 47, 1: 46, 2: 54, 3: 56, 4: 54, 5: 45, 6: 46, 7: 53, 8: 53, 9: 46}, 38: {0: 42, 1: 57, 2: 55, 3: 48, 4: 55, 5: 59, 6: 41, 7: 43, 8: 48, 9: 52}, 39: {0: 58, 1: 40, 2: 45, 3: 48, 4: 58, 5: 43, 6: 58, 7: 44, 8: 47, 9: 59}, 40: {0: 51, 1: 59, 2: 49, 3: 49, 4: 49, 5: 48, 6: 37, 7: 61, 8: 38, 9: 59}, 41: {0: 62, 1: 43, 2: 54, 3: 48, 4: 51, 5: 44, 6: 57, 7: 51, 8: 54, 9: 36}, 42: {0: 68, 1: 53, 2: 51, 3: 41, 4: 39, 5: 61, 6: 44, 7: 47, 8: 50, 9: 46}, 43: {0: 56, 1: 53, 2: 32, 3: 43, 4: 54, 5: 50, 6: 59, 7: 57, 8: 50, 9: 46}, 44: {0: 40, 1: 49, 2: 54, 3: 53, 4: 47, 5: 54, 6: 48, 7: 58, 8: 43, 9: 54}, 45: {0: 46, 1: 49, 2: 52, 3: 47, 4: 49, 5: 59, 6: 57, 7: 47, 8: 43, 9: 51}, 46: {0: 48, 1: 46, 2: 44, 3: 53, 4: 52, 5: 57, 6: 47, 7: 48, 8: 53, 9: 52}, 47: {0: 43, 1: 45, 2: 49, 3: 45, 4: 50, 5: 54, 6: 47, 7: 54, 8: 58, 9: 55}, 48: {0: 50, 1: 51, 2: 50, 3: 70, 4: 53, 5: 49, 6: 41, 7: 50, 8: 43, 9: 43}, 49: {0: 49, 1: 60, 2: 39, 3: 58, 4: 44, 5: 60, 6: 53, 7: 44, 8: 53, 9: 40}, 50: {0: 40, 1: 53, 2: 60, 3: 37, 4: 48, 5: 54, 6: 46, 7: 49, 8: 43, 9: 70}, 51: {0: 49, 1: 59, 2: 54, 3: 40, 4: 53, 5: 50, 6: 53, 7: 54, 8: 43, 9: 45}, 52: {0: 43, 1: 51, 2: 39, 3: 56, 4: 46, 5: 48, 6: 43, 7: 54, 8: 57, 9: 63}, 53: {0: 53, 1: 37, 2: 54, 3: 45, 4: 49, 5: 45, 6: 62, 7: 55, 8: 51, 9: 49}, 54: {0: 52, 1: 48, 2: 45, 3: 42, 4: 49, 5: 46, 6: 58, 7: 53, 8: 60, 9: 47}, 55: {0: 52, 1: 39, 2: 54, 3: 61, 4: 46, 5: 44, 6: 52, 7: 55, 8: 48, 9: 49}, 56: {0: 52, 1: 57, 2: 49, 3: 42, 4: 53, 5: 48, 6: 44, 7: 53, 8: 48, 9: 54}, 57: {0: 43, 1: 48, 2: 48, 3: 49, 4: 48, 5: 59, 6: 47, 7: 55, 8: 54, 9: 49}, 58: {0: 49, 1: 43, 2: 57, 3: 50, 4: 52, 5: 52, 6: 50, 7: 51, 8: 46, 9: 50}, 59: {0: 37, 1: 43, 2: 51, 3: 55, 4: 58, 5: 58, 6: 49, 7: 45, 8: 55, 9: 49}, 60: {0: 55, 1: 44, 2: 60, 3: 51, 4: 58, 5: 45, 6: 49, 7: 45, 8: 43, 9: 50}, 61: {0: 40, 1: 66, 2: 42, 3: 48, 4: 36, 5: 57, 6: 44, 7: 67, 8: 52, 9: 48}, 62: {0: 56, 1: 51, 2: 51, 3: 50, 4: 52, 5: 51, 6: 47, 7: 48, 8: 50, 9: 44}, 63: {0: 62, 1: 52, 2: 55, 3: 45, 4: 52, 5: 51, 6: 50, 7: 41, 8: 41, 9: 51}, 64: {0: 53, 1: 49, 2: 50, 3: 41, 4: 56, 5: 51, 6: 55, 7: 48, 8: 45, 9: 52}, 65: {0: 56, 1: 59, 2: 46, 3: 50, 4: 41, 5: 53, 6: 44, 7: 44, 8: 51, 9: 56}, 66: {0: 47, 1: 46, 2: 51, 3: 58, 4: 56, 5: 38, 6: 59, 7: 51, 8: 46, 9: 48}, 67: {0: 48, 1: 54, 2: 35, 3: 56, 4: 54, 5: 45, 6: 57, 7: 46, 8: 56, 9: 49}, 68: {0: 42, 1: 46, 2: 51, 3: 48, 4: 49, 5: 59, 6: 57, 7: 44, 8: 54, 9: 50}, 69: {0: 41, 1: 49, 2: 39, 3: 54, 4: 51, 5: 45, 6: 57, 7: 49, 8: 55, 9: 60}, 70: {0: 51, 1: 47, 2: 44, 3: 56, 4: 52, 5: 54, 6: 50, 7: 41, 8: 53, 9: 52}, 71: {0: 64, 1: 51, 2: 57, 3: 39, 4: 57, 5: 43, 6: 41, 7: 47, 8: 49, 9: 52}, 72: {0: 67, 1: 42, 2: 42, 3: 54, 4: 44, 5: 58, 6: 49, 7: 44, 8: 51, 9: 49}, 73: {0: 57, 1: 53, 2: 45, 3: 45, 4: 54, 5: 57, 6: 44, 7: 53, 8: 38, 9: 54}, 74: {0: 45, 1: 50, 2: 36, 3: 66, 4: 55, 5: 52, 6: 48, 7: 47, 8: 49, 9: 52}, 75: {0: 55, 1: 49, 2: 53, 3: 51, 4: 37, 5: 47, 6: 51, 7: 62, 8: 46, 9: 49}, 76: {0: 50, 1: 48, 2: 54, 3: 60, 4: 41, 5: 51, 6: 44, 7: 57, 8: 51, 9: 44}, 77: {0: 46, 1: 53, 2: 42, 3: 42, 4: 54, 5: 53, 6: 48, 7: 56, 8: 50, 9: 56}, 78: {0: 46, 1: 50, 2: 52, 3: 46, 4: 52, 5: 40, 6: 48, 7: 66, 8: 50, 9: 50}, 79: {0: 48, 1: 53, 2: 58, 3: 41, 4: 49, 5: 51, 6: 46, 7: 43, 8: 57, 9: 54}, 80: {0: 46, 1: 53, 2: 44, 3: 60, 4: 48, 5: 53, 6: 44, 7: 58, 8: 46, 9: 48}, 81: {0: 56, 1: 52, 2: 52, 3: 48, 4: 41, 5: 47, 6: 52, 7: 53, 8: 49, 9: 50}, 82: {0: 49, 1: 47, 2: 57, 3: 38, 4: 58, 5: 53, 6: 53, 7: 45, 8: 51, 9: 49}, 83: {0: 42, 1: 59, 2: 51, 3: 42, 4: 50, 5: 56, 6: 50, 7: 49, 8: 56, 9: 45}, 84: {0: 58, 1: 55, 2: 41, 3: 43, 4: 58, 5: 50, 6: 64, 7: 47, 8: 44, 9: 40}, 85: {0: 51, 1: 43, 2: 52, 3: 47, 4: 43, 5: 49, 6: 48, 7: 60, 8: 49, 9: 58}, 86: {0: 58, 1: 43, 2: 50, 3: 54, 4: 50, 5: 50, 6: 46, 7: 50, 8: 43, 9: 56}, 87: {0: 51, 1: 58, 2: 54, 3: 52, 4: 50, 5: 53, 6: 56, 7: 36, 8: 51, 9: 39}, 88: {0: 41, 1: 59, 2: 67, 3: 39, 4: 41, 5: 56, 6: 59, 7: 47, 8: 46, 9: 45}, 89: {0: 52, 1: 44, 2: 59, 3: 48, 4: 48, 5: 51, 6: 47, 7: 52, 8: 43, 9: 56}, 90: {0: 44, 1: 48, 2: 50, 3: 52, 4: 47, 5: 38, 6: 60, 7: 61, 8: 49, 9: 51}, 91: {0: 45, 1: 46, 2: 61, 3: 55, 4: 46, 5: 48, 6: 50, 7: 43, 8: 57, 9: 49}, 92: {0: 50, 1: 45, 2: 48, 3: 62, 4: 57, 5: 47, 6: 51, 7: 46, 8: 42, 9: 52}, 93: {0: 47, 1: 52, 2: 65, 3: 54, 4: 46, 5: 56, 6: 55, 7: 45, 8: 39, 9: 41}, 94: {0: 49, 1: 46, 2: 46, 3: 46, 4: 42, 5: 53, 6: 47, 7: 61, 8: 63, 9: 47}, 95: {0: 54, 1: 48, 2: 49, 3: 54, 4: 51, 5: 46, 6: 54, 7: 45, 8: 56, 9: 43}, 96: {0: 46, 1: 54, 2: 45, 3: 48, 4: 58, 5: 55, 6: 50, 7: 47, 8: 45, 9: 52}, 97: {0: 56, 1: 42, 2: 48, 3: 57, 4: 61, 5: 44, 6: 44, 7: 53, 8: 47, 9: 48}, 98: {0: 57, 1: 50, 2: 49, 3: 61, 4: 43, 5: 41, 6: 51, 7: 50, 8: 55, 9: 43}, 99: {0: 56, 1: 38, 2: 48, 3: 49, 4: 51, 5: 60, 6: 50, 7: 48, 8: 45, 9: 55}}
04-12 21:42 INFO     in comm round:0
04-12 21:42 INFO     Training network 0 n_training: 500
04-12 21:42 INFO     Training network 0
04-12 21:42 INFO     Client: 0 Epoch: 0 Loss: 2.906101976122175
04-12 21:42 INFO     Client: 0 Epoch: 1 Loss: 2.2256363119397844
04-12 21:42 INFO     Client: 0 Epoch: 2 Loss: 2.0435872759137834
04-12 21:42 INFO     Client: 0 Epoch: 3 Loss: 1.9738209077290125
04-12 21:42 INFO     Client: 0 Epoch: 4 Loss: 1.914107424872262
04-12 21:42 INFO      ** Client: 0 Training complete **
04-12 21:42 INFO     Training network 1 n_training: 500
04-12 21:42 INFO     Training network 1
04-12 21:42 INFO     Client: 1 Epoch: 0 Loss: 2.629825694220407
04-12 21:42 INFO     Client: 1 Epoch: 1 Loss: 2.2288041285106113
04-12 21:42 INFO     Client: 1 Epoch: 2 Loss: 1.9847733974456787
04-12 21:42 INFO     Client: 1 Epoch: 3 Loss: 1.8735334702900477
04-12 21:42 INFO     Client: 1 Epoch: 4 Loss: 1.8093853337424142
04-12 21:42 INFO      ** Client: 1 Training complete **
04-12 21:42 INFO     Training network 2 n_training: 500
04-12 21:42 INFO     Training network 2
04-12 21:42 INFO     Client: 2 Epoch: 0 Loss: 2.5618720735822404
04-12 21:42 INFO     Client: 2 Epoch: 1 Loss: 2.1616147586277554
04-12 21:42 INFO     Client: 2 Epoch: 2 Loss: 1.9128584180559431
04-12 21:42 INFO     Client: 2 Epoch: 3 Loss: 1.8231725352151054
04-12 21:42 INFO     Client: 2 Epoch: 4 Loss: 1.7709305116108485
04-12 21:42 INFO      ** Client: 2 Training complete **
04-12 21:42 INFO     Training network 3 n_training: 500
04-12 21:42 INFO     Training network 3
04-12 21:42 INFO     Client: 3 Epoch: 0 Loss: 2.6234480994088307
04-12 21:42 INFO     Client: 3 Epoch: 1 Loss: 2.128650869641985
04-12 21:42 INFO     Client: 3 Epoch: 2 Loss: 2.045413477080209
04-12 21:42 INFO     Client: 3 Epoch: 3 Loss: 1.870324662753514
04-12 21:42 INFO     Client: 3 Epoch: 4 Loss: 1.8018325396946497
04-12 21:42 INFO      ** Client: 3 Training complete **
04-12 21:42 INFO     Training network 4 n_training: 500
04-12 21:42 INFO     Training network 4
04-12 21:42 INFO     Client: 4 Epoch: 0 Loss: 2.7063302312578474
04-12 21:42 INFO     Client: 4 Epoch: 1 Loss: 2.113511221749442
04-12 21:42 INFO     Client: 4 Epoch: 2 Loss: 1.9562822920935494
04-12 21:42 INFO     Client: 4 Epoch: 3 Loss: 1.8242957762309484
04-12 21:42 INFO     Client: 4 Epoch: 4 Loss: 1.7407514367784773
04-12 21:42 INFO      ** Client: 4 Training complete **
04-12 21:42 INFO     Training network 5 n_training: 500
04-12 21:42 INFO     Training network 5
04-12 21:42 INFO     Client: 5 Epoch: 0 Loss: 2.5054890428270613
04-12 21:42 INFO     Client: 5 Epoch: 1 Loss: 2.053314243044172
04-12 21:42 INFO     Client: 5 Epoch: 2 Loss: 1.7936427422932215
04-12 21:42 INFO     Client: 5 Epoch: 3 Loss: 1.7158639430999756
04-12 21:42 INFO     Client: 5 Epoch: 4 Loss: 1.7799437556947981
04-12 21:42 INFO      ** Client: 5 Training complete **
04-12 21:42 INFO     Training network 6 n_training: 500
04-12 21:42 INFO     Training network 6
04-12 21:42 INFO     Client: 6 Epoch: 0 Loss: 2.7760634422302246
04-12 21:42 INFO     Client: 6 Epoch: 1 Loss: 2.11664308820452
04-12 21:42 INFO     Client: 6 Epoch: 2 Loss: 1.9571055173873901
04-12 21:42 INFO     Client: 6 Epoch: 3 Loss: 1.823255249432155
04-12 21:42 INFO     Client: 6 Epoch: 4 Loss: 1.770882282938276
04-12 21:42 INFO      ** Client: 6 Training complete **
04-12 21:42 INFO     Training network 7 n_training: 500
04-12 21:42 INFO     Training network 7
04-12 21:42 INFO     Client: 7 Epoch: 0 Loss: 2.5992930276053294
04-12 21:42 INFO     Client: 7 Epoch: 1 Loss: 2.0414078576224193
04-12 21:42 INFO     Client: 7 Epoch: 2 Loss: 1.9383333580834525
04-12 21:42 INFO     Client: 7 Epoch: 3 Loss: 1.8301151139395577
04-12 21:42 INFO     Client: 7 Epoch: 4 Loss: 1.754171575818743
04-12 21:42 INFO      ** Client: 7 Training complete **
04-12 21:42 INFO     Training network 8 n_training: 500
04-12 21:42 INFO     Training network 8
04-12 21:42 INFO     Client: 8 Epoch: 0 Loss: 2.6241279329572404
04-12 21:42 INFO     Client: 8 Epoch: 1 Loss: 2.1804799692971364
04-12 21:42 INFO     Client: 8 Epoch: 2 Loss: 1.9714438574654716
04-12 21:42 INFO     Client: 8 Epoch: 3 Loss: 1.9101491144725256
04-12 21:42 INFO     Client: 8 Epoch: 4 Loss: 1.8702938386372157
04-12 21:42 INFO      ** Client: 8 Training complete **
04-12 21:42 INFO     Training network 9 n_training: 500
04-12 21:42 INFO     Training network 9
04-12 21:42 INFO     Client: 9 Epoch: 0 Loss: 2.6395422390529086
04-12 21:42 INFO     Client: 9 Epoch: 1 Loss: 2.110584889139448
04-12 21:42 INFO     Client: 9 Epoch: 2 Loss: 1.9254537991115026
04-12 21:42 INFO     Client: 9 Epoch: 3 Loss: 1.8601747070040022
04-12 21:42 INFO     Client: 9 Epoch: 4 Loss: 1.7098709685461861
04-12 21:42 INFO      ** Client: 9 Training complete **
04-12 21:42 INFO     Training network 10 n_training: 500
04-12 21:42 INFO     Training network 10
04-12 21:42 INFO     Client: 10 Epoch: 0 Loss: 2.6723242827824185
04-12 21:42 INFO     Client: 10 Epoch: 1 Loss: 2.1202325991221835
04-12 21:42 INFO     Client: 10 Epoch: 2 Loss: 2.010427713394165
04-12 21:42 INFO     Client: 10 Epoch: 3 Loss: 1.9328073944364275
04-12 21:42 INFO     Client: 10 Epoch: 4 Loss: 1.7664709091186523
04-12 21:42 INFO      ** Client: 10 Training complete **
04-12 21:42 INFO     Training network 11 n_training: 500
04-12 21:42 INFO     Training network 11
04-12 21:42 INFO     Client: 11 Epoch: 0 Loss: 2.658343178885324
04-12 21:42 INFO     Client: 11 Epoch: 1 Loss: 2.140696508543832
04-12 21:42 INFO     Client: 11 Epoch: 2 Loss: 1.997708490916661
04-12 21:42 INFO     Client: 11 Epoch: 3 Loss: 1.8073661157063075
04-12 21:42 INFO     Client: 11 Epoch: 4 Loss: 1.7627345323562622
04-12 21:42 INFO      ** Client: 11 Training complete **
04-12 21:42 INFO     Training network 12 n_training: 500
04-12 21:42 INFO     Training network 12
04-12 21:42 INFO     Client: 12 Epoch: 0 Loss: 2.7019283090318953
04-12 21:42 INFO     Client: 12 Epoch: 1 Loss: 2.139951467514038
04-12 21:42 INFO     Client: 12 Epoch: 2 Loss: 1.9469044038227625
04-12 21:42 INFO     Client: 12 Epoch: 3 Loss: 1.8440872430801392
04-12 21:42 INFO     Client: 12 Epoch: 4 Loss: 1.7590824365615845
04-12 21:42 INFO      ** Client: 12 Training complete **
04-12 21:42 INFO     Training network 13 n_training: 500
04-12 21:42 INFO     Training network 13
04-12 21:42 INFO     Client: 13 Epoch: 0 Loss: 2.6533167362213135
04-12 21:42 INFO     Client: 13 Epoch: 1 Loss: 2.0371273926326205
04-12 21:42 INFO     Client: 13 Epoch: 2 Loss: 1.9402186529976981
04-12 21:42 INFO     Client: 13 Epoch: 3 Loss: 1.820651309830802
04-12 21:42 INFO     Client: 13 Epoch: 4 Loss: 1.7490183796201433
04-12 21:42 INFO      ** Client: 13 Training complete **
04-12 21:42 INFO     Training network 14 n_training: 500
04-12 21:42 INFO     Training network 14
04-12 21:42 INFO     Client: 14 Epoch: 0 Loss: 2.66484192439488
04-12 21:42 INFO     Client: 14 Epoch: 1 Loss: 2.10761787210192
04-12 21:42 INFO     Client: 14 Epoch: 2 Loss: 1.9382402556283134
04-12 21:42 INFO     Client: 14 Epoch: 3 Loss: 1.858450106212071
04-12 21:42 INFO     Client: 14 Epoch: 4 Loss: 1.7172951017107283
04-12 21:42 INFO      ** Client: 14 Training complete **
04-12 21:42 INFO     Training network 15 n_training: 500
04-12 21:42 INFO     Training network 15
04-12 21:42 INFO     Client: 15 Epoch: 0 Loss: 2.7829156943729947
04-12 21:42 INFO     Client: 15 Epoch: 1 Loss: 2.128161668777466
04-12 21:42 INFO     Client: 15 Epoch: 2 Loss: 1.9150728498186385
04-12 21:42 INFO     Client: 15 Epoch: 3 Loss: 1.7821654762540544
04-12 21:42 INFO     Client: 15 Epoch: 4 Loss: 1.713417376790728
04-12 21:42 INFO      ** Client: 15 Training complete **
04-12 21:42 INFO     Training network 16 n_training: 500
04-12 21:42 INFO     Training network 16
04-12 21:42 INFO     Client: 16 Epoch: 0 Loss: 2.685267584664481
04-12 21:42 INFO     Client: 16 Epoch: 1 Loss: 2.1435751233782088
04-12 21:42 INFO     Client: 16 Epoch: 2 Loss: 1.972368938582284
04-12 21:42 INFO     Client: 16 Epoch: 3 Loss: 1.8843679428100586
04-12 21:42 INFO     Client: 16 Epoch: 4 Loss: 1.8122865131923132
04-12 21:42 INFO      ** Client: 16 Training complete **
04-12 21:42 INFO     Training network 17 n_training: 500
04-12 21:42 INFO     Training network 17
04-12 21:42 INFO     Client: 17 Epoch: 0 Loss: 2.7192868845803395
04-12 21:42 INFO     Client: 17 Epoch: 1 Loss: 2.0749771084104265
04-12 21:42 INFO     Client: 17 Epoch: 2 Loss: 1.938838175364903
04-12 21:42 INFO     Client: 17 Epoch: 3 Loss: 1.7613724299839564
04-12 21:42 INFO     Client: 17 Epoch: 4 Loss: 1.674749459539141
04-12 21:42 INFO      ** Client: 17 Training complete **
04-12 21:42 INFO     Training network 18 n_training: 500
04-12 21:42 INFO     Training network 18
04-12 21:42 INFO     Client: 18 Epoch: 0 Loss: 2.5168390614645824
04-12 21:42 INFO     Client: 18 Epoch: 1 Loss: 2.0663308756692067
04-12 21:42 INFO     Client: 18 Epoch: 2 Loss: 2.008903809956142
04-12 21:42 INFO     Client: 18 Epoch: 3 Loss: 1.869710155895778
04-12 21:42 INFO     Client: 18 Epoch: 4 Loss: 1.7989891256604875
04-12 21:42 INFO      ** Client: 18 Training complete **
04-12 21:42 INFO     Training network 19 n_training: 500
04-12 21:42 INFO     Training network 19
04-12 21:42 INFO     Client: 19 Epoch: 0 Loss: 2.441493953977312
04-12 21:42 INFO     Client: 19 Epoch: 1 Loss: 2.01385760307312
04-12 21:42 INFO     Client: 19 Epoch: 2 Loss: 1.9255052634647913
04-12 21:42 INFO     Client: 19 Epoch: 3 Loss: 1.74307119846344
04-12 21:42 INFO     Client: 19 Epoch: 4 Loss: 1.6188673632485526
04-12 21:42 INFO      ** Client: 19 Training complete **
04-12 21:42 INFO     Training network 20 n_training: 500
04-12 21:42 INFO     Training network 20
04-12 21:43 INFO     Client: 20 Epoch: 0 Loss: 2.7095869949885776
04-12 21:43 INFO     Client: 20 Epoch: 1 Loss: 2.201369524002075
04-12 21:43 INFO     Client: 20 Epoch: 2 Loss: 1.9625107560838972
04-12 21:43 INFO     Client: 20 Epoch: 3 Loss: 1.8080886942999703
04-12 21:43 INFO     Client: 20 Epoch: 4 Loss: 1.7248208352497645
04-12 21:43 INFO      ** Client: 20 Training complete **
04-12 21:43 INFO     Training network 21 n_training: 500
04-12 21:43 INFO     Training network 21
04-12 21:43 INFO     Client: 21 Epoch: 0 Loss: 2.656637259892055
04-12 21:43 INFO     Client: 21 Epoch: 1 Loss: 2.139451265335083
04-12 21:43 INFO     Client: 21 Epoch: 2 Loss: 1.9382623944963728
04-12 21:43 INFO     Client: 21 Epoch: 3 Loss: 1.8030380010604858
04-12 21:43 INFO     Client: 21 Epoch: 4 Loss: 1.7764073269707816
04-12 21:43 INFO      ** Client: 21 Training complete **
04-12 21:43 INFO     Training network 22 n_training: 500
04-12 21:43 INFO     Training network 22
04-12 21:43 INFO     Client: 22 Epoch: 0 Loss: 2.6713028294699535
04-12 21:43 INFO     Client: 22 Epoch: 1 Loss: 2.0391925062452043
04-12 21:43 INFO     Client: 22 Epoch: 2 Loss: 1.907168643815177
04-12 21:43 INFO     Client: 22 Epoch: 3 Loss: 1.7600715500967843
04-12 21:43 INFO     Client: 22 Epoch: 4 Loss: 1.6408827304840088
04-12 21:43 INFO      ** Client: 22 Training complete **
04-12 21:43 INFO     Training network 23 n_training: 500
04-12 21:43 INFO     Training network 23
04-12 21:43 INFO     Client: 23 Epoch: 0 Loss: 2.8454507759639194
04-12 21:43 INFO     Client: 23 Epoch: 1 Loss: 2.136138677597046
04-12 21:43 INFO     Client: 23 Epoch: 2 Loss: 1.899217895099095
04-12 21:43 INFO     Client: 23 Epoch: 3 Loss: 1.8570399284362793
04-12 21:43 INFO     Client: 23 Epoch: 4 Loss: 1.7268837009157454
04-12 21:43 INFO      ** Client: 23 Training complete **
04-12 21:43 INFO     Training network 24 n_training: 500
04-12 21:43 INFO     Training network 24
04-12 21:43 INFO     Client: 24 Epoch: 0 Loss: 2.7572711195264543
04-12 21:43 INFO     Client: 24 Epoch: 1 Loss: 2.2205861636570523
04-12 21:43 INFO     Client: 24 Epoch: 2 Loss: 2.0218787022999356
04-12 21:43 INFO     Client: 24 Epoch: 3 Loss: 1.9118425675800867
04-12 21:43 INFO     Client: 24 Epoch: 4 Loss: 1.8193236419132777
04-12 21:43 INFO      ** Client: 24 Training complete **
04-12 21:43 INFO     Training network 25 n_training: 500
04-12 21:43 INFO     Training network 25
04-12 21:43 INFO     Client: 25 Epoch: 0 Loss: 2.640822172164917
04-12 21:43 INFO     Client: 25 Epoch: 1 Loss: 2.1533550364630565
04-12 21:43 INFO     Client: 25 Epoch: 2 Loss: 1.9430421079908098
04-12 21:43 INFO     Client: 25 Epoch: 3 Loss: 1.8508302654538835
04-12 21:43 INFO     Client: 25 Epoch: 4 Loss: 1.7502092463629586
04-12 21:43 INFO      ** Client: 25 Training complete **
04-12 21:43 INFO     Training network 26 n_training: 500
04-12 21:43 INFO     Training network 26
04-12 21:43 INFO     Client: 26 Epoch: 0 Loss: 2.684087174279349
04-12 21:43 INFO     Client: 26 Epoch: 1 Loss: 2.0781603370394026
04-12 21:43 INFO     Client: 26 Epoch: 2 Loss: 1.8667386259351457
04-12 21:43 INFO     Client: 26 Epoch: 3 Loss: 1.7399052040917533
04-12 21:43 INFO     Client: 26 Epoch: 4 Loss: 1.7778950078146798
04-12 21:43 INFO      ** Client: 26 Training complete **
04-12 21:43 INFO     Training network 27 n_training: 500
04-12 21:43 INFO     Training network 27
04-12 21:43 INFO     Client: 27 Epoch: 0 Loss: 2.795616388320923
04-12 21:43 INFO     Client: 27 Epoch: 1 Loss: 2.0092969281332835
04-12 21:43 INFO     Client: 27 Epoch: 2 Loss: 1.92476943561009
04-12 21:43 INFO     Client: 27 Epoch: 3 Loss: 1.8019349915640694
04-12 21:43 INFO     Client: 27 Epoch: 4 Loss: 1.7008663756506783
04-12 21:43 INFO      ** Client: 27 Training complete **
04-12 21:43 INFO     Training network 28 n_training: 500
04-12 21:43 INFO     Training network 28
04-12 21:43 INFO     Client: 28 Epoch: 0 Loss: 2.5114192962646484
04-12 21:43 INFO     Client: 28 Epoch: 1 Loss: 2.0899383340563094
04-12 21:43 INFO     Client: 28 Epoch: 2 Loss: 1.9157743283680506
04-12 21:43 INFO     Client: 28 Epoch: 3 Loss: 1.7701808043888636
04-12 21:43 INFO     Client: 28 Epoch: 4 Loss: 1.705746820994786
04-12 21:43 INFO      ** Client: 28 Training complete **
04-12 21:43 INFO     Training network 29 n_training: 500
04-12 21:43 INFO     Training network 29
04-12 21:43 INFO     Client: 29 Epoch: 0 Loss: 2.5790667874472484
04-12 21:43 INFO     Client: 29 Epoch: 1 Loss: 2.1581402165549144
04-12 21:43 INFO     Client: 29 Epoch: 2 Loss: 1.9243774584361486
04-12 21:43 INFO     Client: 29 Epoch: 3 Loss: 1.8156375203813826
04-12 21:43 INFO     Client: 29 Epoch: 4 Loss: 1.7525029863630022
04-12 21:43 INFO      ** Client: 29 Training complete **
04-12 21:43 INFO     Training network 30 n_training: 500
04-12 21:43 INFO     Training network 30
04-12 21:43 INFO     Client: 30 Epoch: 0 Loss: 2.6622324671064104
04-12 21:43 INFO     Client: 30 Epoch: 1 Loss: 2.135288579123361
04-12 21:43 INFO     Client: 30 Epoch: 2 Loss: 1.9326013667242867
04-12 21:43 INFO     Client: 30 Epoch: 3 Loss: 1.8284590584891183
04-12 21:43 INFO     Client: 30 Epoch: 4 Loss: 1.8321596043450492
04-12 21:43 INFO      ** Client: 30 Training complete **
04-12 21:43 INFO     Training network 31 n_training: 500
04-12 21:43 INFO     Training network 31
04-12 21:43 INFO     Client: 31 Epoch: 0 Loss: 2.8323093823024204
04-12 21:43 INFO     Client: 31 Epoch: 1 Loss: 2.2207602773393904
04-12 21:43 INFO     Client: 31 Epoch: 2 Loss: 2.0139443704060147
04-12 21:43 INFO     Client: 31 Epoch: 3 Loss: 1.8941689559391566
04-12 21:43 INFO     Client: 31 Epoch: 4 Loss: 1.856438330241612
04-12 21:43 INFO      ** Client: 31 Training complete **
04-12 21:43 INFO     Training network 32 n_training: 500
04-12 21:43 INFO     Training network 32
04-12 21:43 INFO     Client: 32 Epoch: 0 Loss: 2.5769141742161343
04-12 21:43 INFO     Client: 32 Epoch: 1 Loss: 2.092771359852382
04-12 21:43 INFO     Client: 32 Epoch: 2 Loss: 1.9396813256399972
04-12 21:43 INFO     Client: 32 Epoch: 3 Loss: 1.750981058393206
04-12 21:43 INFO     Client: 32 Epoch: 4 Loss: 1.6244717155184065
04-12 21:43 INFO      ** Client: 32 Training complete **
04-12 21:43 INFO     Training network 33 n_training: 500
04-12 21:43 INFO     Training network 33
04-12 21:43 INFO     Client: 33 Epoch: 0 Loss: 2.7739834785461426
04-12 21:43 INFO     Client: 33 Epoch: 1 Loss: 2.2565370968409946
04-12 21:43 INFO     Client: 33 Epoch: 2 Loss: 2.060273391859872
04-12 21:43 INFO     Client: 33 Epoch: 3 Loss: 1.9451744215829032
04-12 21:43 INFO     Client: 33 Epoch: 4 Loss: 1.8018993479864938
04-12 21:43 INFO      ** Client: 33 Training complete **
04-12 21:43 INFO     Training network 34 n_training: 500
04-12 21:43 INFO     Training network 34
04-12 21:43 INFO     Client: 34 Epoch: 0 Loss: 2.6796859332493375
04-12 21:43 INFO     Client: 34 Epoch: 1 Loss: 2.108928459031241
04-12 21:43 INFO     Client: 34 Epoch: 2 Loss: 1.9326422384807043
04-12 21:43 INFO     Client: 34 Epoch: 3 Loss: 1.833250744002206
04-12 21:43 INFO     Client: 34 Epoch: 4 Loss: 1.8209878717150008
04-12 21:43 INFO      ** Client: 34 Training complete **
04-12 21:43 INFO     Training network 35 n_training: 500
04-12 21:43 INFO     Training network 35
04-12 21:43 INFO     Client: 35 Epoch: 0 Loss: 2.69046037537711
04-12 21:43 INFO     Client: 35 Epoch: 1 Loss: 2.1023814337594167
04-12 21:43 INFO     Client: 35 Epoch: 2 Loss: 1.9246830429349626
04-12 21:43 INFO     Client: 35 Epoch: 3 Loss: 1.7968601669584001
04-12 21:43 INFO     Client: 35 Epoch: 4 Loss: 1.7432648965290614
04-12 21:43 INFO      ** Client: 35 Training complete **
04-12 21:43 INFO     Training network 36 n_training: 500
04-12 21:43 INFO     Training network 36
04-12 21:43 INFO     Client: 36 Epoch: 0 Loss: 2.6746332304818288
04-12 21:43 INFO     Client: 36 Epoch: 1 Loss: 2.093565191541399
04-12 21:43 INFO     Client: 36 Epoch: 2 Loss: 1.8743493897574288
04-12 21:43 INFO     Client: 36 Epoch: 3 Loss: 1.8016196148736137
04-12 21:43 INFO     Client: 36 Epoch: 4 Loss: 1.787454571042742
04-12 21:43 INFO      ** Client: 36 Training complete **
04-12 21:43 INFO     Training network 37 n_training: 500
04-12 21:43 INFO     Training network 37
04-12 21:43 INFO     Client: 37 Epoch: 0 Loss: 2.781405346734183
04-12 21:43 INFO     Client: 37 Epoch: 1 Loss: 2.1916110856192454
04-12 21:43 INFO     Client: 37 Epoch: 2 Loss: 1.9833082471575056
04-12 21:43 INFO     Client: 37 Epoch: 3 Loss: 1.8727531603404455
04-12 21:43 INFO     Client: 37 Epoch: 4 Loss: 1.8459926843643188
04-12 21:43 INFO      ** Client: 37 Training complete **
04-12 21:43 INFO     Training network 38 n_training: 500
04-12 21:43 INFO     Training network 38
04-12 21:43 INFO     Client: 38 Epoch: 0 Loss: 2.693695681435721
04-12 21:43 INFO     Client: 38 Epoch: 1 Loss: 2.157515491758074
04-12 21:43 INFO     Client: 38 Epoch: 2 Loss: 1.9508870669773646
04-12 21:43 INFO     Client: 38 Epoch: 3 Loss: 1.830656920160566
04-12 21:43 INFO     Client: 38 Epoch: 4 Loss: 1.7689625365393502
04-12 21:43 INFO      ** Client: 38 Training complete **
04-12 21:43 INFO     Training network 39 n_training: 500
04-12 21:43 INFO     Training network 39
04-12 21:43 INFO     Client: 39 Epoch: 0 Loss: 2.693453754697527
04-12 21:43 INFO     Client: 39 Epoch: 1 Loss: 2.012456979070391
04-12 21:43 INFO     Client: 39 Epoch: 2 Loss: 1.9103880269186837
04-12 21:43 INFO     Client: 39 Epoch: 3 Loss: 1.8370274986539568
04-12 21:43 INFO     Client: 39 Epoch: 4 Loss: 1.7082778215408325
04-12 21:43 INFO      ** Client: 39 Training complete **
04-12 21:43 INFO     Training network 40 n_training: 500
04-12 21:43 INFO     Training network 40
04-12 21:43 INFO     Client: 40 Epoch: 0 Loss: 2.7442476749420166
04-12 21:43 INFO     Client: 40 Epoch: 1 Loss: 2.1962108271462575
04-12 21:43 INFO     Client: 40 Epoch: 2 Loss: 1.9910107169832503
04-12 21:43 INFO     Client: 40 Epoch: 3 Loss: 1.8593225819723946
04-12 21:43 INFO     Client: 40 Epoch: 4 Loss: 1.7333787168775285
04-12 21:43 INFO      ** Client: 40 Training complete **
04-12 21:43 INFO     Training network 41 n_training: 500
04-12 21:43 INFO     Training network 41
04-12 21:43 INFO     Client: 41 Epoch: 0 Loss: 2.6894752298082625
04-12 21:43 INFO     Client: 41 Epoch: 1 Loss: 2.1563106775283813
04-12 21:43 INFO     Client: 41 Epoch: 2 Loss: 2.0396622078759328
04-12 21:43 INFO     Client: 41 Epoch: 3 Loss: 1.905577199799674
04-12 21:43 INFO     Client: 41 Epoch: 4 Loss: 1.76374694279262
04-12 21:43 INFO      ** Client: 41 Training complete **
04-12 21:43 INFO     Training network 42 n_training: 500
04-12 21:43 INFO     Training network 42
04-12 21:43 INFO     Client: 42 Epoch: 0 Loss: 2.772456305367606
04-12 21:43 INFO     Client: 42 Epoch: 1 Loss: 2.128039155687605
04-12 21:43 INFO     Client: 42 Epoch: 2 Loss: 1.9461410897118705
04-12 21:43 INFO     Client: 42 Epoch: 3 Loss: 1.8094629730497087
04-12 21:43 INFO     Client: 42 Epoch: 4 Loss: 1.7900815180369787
04-12 21:43 INFO      ** Client: 42 Training complete **
04-12 21:43 INFO     Training network 43 n_training: 500
04-12 21:43 INFO     Training network 43
04-12 21:43 INFO     Client: 43 Epoch: 0 Loss: 2.734975610460554
04-12 21:43 INFO     Client: 43 Epoch: 1 Loss: 2.1482445001602173
04-12 21:43 INFO     Client: 43 Epoch: 2 Loss: 1.936339565685817
04-12 21:43 INFO     Client: 43 Epoch: 3 Loss: 1.8217707191194807
04-12 21:43 INFO     Client: 43 Epoch: 4 Loss: 1.7682455948420934
04-12 21:43 INFO      ** Client: 43 Training complete **
04-12 21:43 INFO     Training network 44 n_training: 500
04-12 21:43 INFO     Training network 44
04-12 21:43 INFO     Client: 44 Epoch: 0 Loss: 2.739129032407488
04-12 21:43 INFO     Client: 44 Epoch: 1 Loss: 2.212141718183245
04-12 21:43 INFO     Client: 44 Epoch: 2 Loss: 1.9672739505767822
04-12 21:43 INFO     Client: 44 Epoch: 3 Loss: 1.8426031044551305
04-12 21:43 INFO     Client: 44 Epoch: 4 Loss: 1.785316961152213
04-12 21:43 INFO      ** Client: 44 Training complete **
04-12 21:43 INFO     Training network 45 n_training: 500
04-12 21:43 INFO     Training network 45
04-12 21:43 INFO     Client: 45 Epoch: 0 Loss: 2.6256396770477295
04-12 21:43 INFO     Client: 45 Epoch: 1 Loss: 2.0936831065586636
04-12 21:43 INFO     Client: 45 Epoch: 2 Loss: 1.9347776515143258
04-12 21:43 INFO     Client: 45 Epoch: 3 Loss: 1.791037576539176
04-12 21:43 INFO     Client: 45 Epoch: 4 Loss: 1.755806599344526
04-12 21:43 INFO      ** Client: 45 Training complete **
04-12 21:43 INFO     Training network 46 n_training: 500
04-12 21:43 INFO     Training network 46
04-12 21:43 INFO     Client: 46 Epoch: 0 Loss: 2.672595739364624
04-12 21:43 INFO     Client: 46 Epoch: 1 Loss: 2.1158972467694963
04-12 21:43 INFO     Client: 46 Epoch: 2 Loss: 1.9919617176055908
04-12 21:43 INFO     Client: 46 Epoch: 3 Loss: 1.8486404929842268
04-12 21:43 INFO     Client: 46 Epoch: 4 Loss: 1.8226768970489502
04-12 21:43 INFO      ** Client: 46 Training complete **
04-12 21:43 INFO     Training network 47 n_training: 500
04-12 21:43 INFO     Training network 47
04-12 21:43 INFO     Client: 47 Epoch: 0 Loss: 2.5608741215297153
04-12 21:43 INFO     Client: 47 Epoch: 1 Loss: 2.07136755330222
04-12 21:43 INFO     Client: 47 Epoch: 2 Loss: 2.006395901952471
04-12 21:43 INFO     Client: 47 Epoch: 3 Loss: 1.8799456187656947
04-12 21:43 INFO     Client: 47 Epoch: 4 Loss: 1.6758370399475098
04-12 21:43 INFO      ** Client: 47 Training complete **
04-12 21:43 INFO     Training network 48 n_training: 500
04-12 21:43 INFO     Training network 48
04-12 21:43 INFO     Client: 48 Epoch: 0 Loss: 2.744407517569406
04-12 21:43 INFO     Client: 48 Epoch: 1 Loss: 2.2789366585867747
04-12 21:43 INFO     Client: 48 Epoch: 2 Loss: 2.009101527077811
04-12 21:43 INFO     Client: 48 Epoch: 3 Loss: 1.85411422593253
04-12 21:43 INFO     Client: 48 Epoch: 4 Loss: 1.7665732077189855
04-12 21:43 INFO      ** Client: 48 Training complete **
04-12 21:43 INFO     Training network 49 n_training: 500
04-12 21:43 INFO     Training network 49
04-12 21:43 INFO     Client: 49 Epoch: 0 Loss: 2.634903533118112
04-12 21:43 INFO     Client: 49 Epoch: 1 Loss: 2.058108227593558
04-12 21:43 INFO     Client: 49 Epoch: 2 Loss: 1.8651947804859705
04-12 21:43 INFO     Client: 49 Epoch: 3 Loss: 1.8014184406825475
04-12 21:43 INFO     Client: 49 Epoch: 4 Loss: 1.7116084780011858
04-12 21:43 INFO      ** Client: 49 Training complete **
04-12 21:43 INFO     Training network 50 n_training: 500
04-12 21:43 INFO     Training network 50
04-12 21:43 INFO     Client: 50 Epoch: 0 Loss: 2.730950559888567
04-12 21:43 INFO     Client: 50 Epoch: 1 Loss: 2.2741928100585938
04-12 21:43 INFO     Client: 50 Epoch: 2 Loss: 1.9910108021327428
04-12 21:43 INFO     Client: 50 Epoch: 3 Loss: 1.9229561260768346
04-12 21:43 INFO     Client: 50 Epoch: 4 Loss: 1.804821559361049
04-12 21:43 INFO      ** Client: 50 Training complete **
04-12 21:43 INFO     Training network 51 n_training: 500
04-12 21:43 INFO     Training network 51
04-12 21:43 INFO     Client: 51 Epoch: 0 Loss: 2.6594647339412143
04-12 21:43 INFO     Client: 51 Epoch: 1 Loss: 2.2242965357644215
04-12 21:43 INFO     Client: 51 Epoch: 2 Loss: 1.9907758917127336
04-12 21:43 INFO     Client: 51 Epoch: 3 Loss: 1.910848753792899
04-12 21:43 INFO     Client: 51 Epoch: 4 Loss: 1.7914668662207467
04-12 21:43 INFO      ** Client: 51 Training complete **
04-12 21:43 INFO     Training network 52 n_training: 500
04-12 21:43 INFO     Training network 52
04-12 21:44 INFO     Client: 52 Epoch: 0 Loss: 2.7462679658617293
04-12 21:44 INFO     Client: 52 Epoch: 1 Loss: 2.0085656472614835
04-12 21:44 INFO     Client: 52 Epoch: 2 Loss: 1.7843676975795202
04-12 21:44 INFO     Client: 52 Epoch: 3 Loss: 1.7177531719207764
04-12 21:44 INFO     Client: 52 Epoch: 4 Loss: 1.5993549142565047
04-12 21:44 INFO      ** Client: 52 Training complete **
04-12 21:44 INFO     Training network 53 n_training: 500
04-12 21:44 INFO     Training network 53
04-12 21:44 INFO     Client: 53 Epoch: 0 Loss: 2.6547577381134033
04-12 21:44 INFO     Client: 53 Epoch: 1 Loss: 2.1017642532076155
04-12 21:44 INFO     Client: 53 Epoch: 2 Loss: 1.920037797519139
04-12 21:44 INFO     Client: 53 Epoch: 3 Loss: 1.782806124005999
04-12 21:44 INFO     Client: 53 Epoch: 4 Loss: 1.7358926364353724
04-12 21:44 INFO      ** Client: 53 Training complete **
04-12 21:44 INFO     Training network 54 n_training: 500
04-12 21:44 INFO     Training network 54
04-12 21:44 INFO     Client: 54 Epoch: 0 Loss: 2.7431442737579346
04-12 21:44 INFO     Client: 54 Epoch: 1 Loss: 2.046245745250157
04-12 21:44 INFO     Client: 54 Epoch: 2 Loss: 1.89168838092259
04-12 21:44 INFO     Client: 54 Epoch: 3 Loss: 1.8905614614486694
04-12 21:44 INFO     Client: 54 Epoch: 4 Loss: 1.7826902525765556
04-12 21:44 INFO      ** Client: 54 Training complete **
04-12 21:44 INFO     Training network 55 n_training: 500
04-12 21:44 INFO     Training network 55
04-12 21:44 INFO     Client: 55 Epoch: 0 Loss: 2.6306025981903076
04-12 21:44 INFO     Client: 55 Epoch: 1 Loss: 2.2380469867161343
04-12 21:44 INFO     Client: 55 Epoch: 2 Loss: 1.999095116342817
04-12 21:44 INFO     Client: 55 Epoch: 3 Loss: 1.8713242326463972
04-12 21:44 INFO     Client: 55 Epoch: 4 Loss: 1.8150265557425362
04-12 21:44 INFO      ** Client: 55 Training complete **
04-12 21:44 INFO     Training network 56 n_training: 500
04-12 21:44 INFO     Training network 56
04-12 21:44 INFO     Client: 56 Epoch: 0 Loss: 2.5929811000823975
04-12 21:44 INFO     Client: 56 Epoch: 1 Loss: 2.248777679034642
04-12 21:44 INFO     Client: 56 Epoch: 2 Loss: 2.061546836580549
04-12 21:44 INFO     Client: 56 Epoch: 3 Loss: 1.8516757828848702
04-12 21:44 INFO     Client: 56 Epoch: 4 Loss: 1.7900694438389368
04-12 21:44 INFO      ** Client: 56 Training complete **
04-12 21:44 INFO     Training network 57 n_training: 500
04-12 21:44 INFO     Training network 57
04-12 21:44 INFO     Client: 57 Epoch: 0 Loss: 2.770334209714617
04-12 21:44 INFO     Client: 57 Epoch: 1 Loss: 2.1788273538861955
04-12 21:44 INFO     Client: 57 Epoch: 2 Loss: 1.9700738021305628
04-12 21:44 INFO     Client: 57 Epoch: 3 Loss: 1.9180364268166679
04-12 21:44 INFO     Client: 57 Epoch: 4 Loss: 1.8511124679020472
04-12 21:44 INFO      ** Client: 57 Training complete **
04-12 21:44 INFO     Training network 58 n_training: 500
04-12 21:44 INFO     Training network 58
04-12 21:44 INFO     Client: 58 Epoch: 0 Loss: 2.6374093123844693
04-12 21:44 INFO     Client: 58 Epoch: 1 Loss: 2.147175141743251
04-12 21:44 INFO     Client: 58 Epoch: 2 Loss: 1.9268393516540527
04-12 21:44 INFO     Client: 58 Epoch: 3 Loss: 1.8952965566090174
04-12 21:44 INFO     Client: 58 Epoch: 4 Loss: 1.8234467165810722
04-12 21:44 INFO      ** Client: 58 Training complete **
04-12 21:44 INFO     Training network 59 n_training: 500
04-12 21:44 INFO     Training network 59
04-12 21:44 INFO     Client: 59 Epoch: 0 Loss: 2.7357262202671597
04-12 21:44 INFO     Client: 59 Epoch: 1 Loss: 2.167102370943342
04-12 21:44 INFO     Client: 59 Epoch: 2 Loss: 1.9361454929624284
04-12 21:44 INFO     Client: 59 Epoch: 3 Loss: 1.8431857143129622
04-12 21:44 INFO     Client: 59 Epoch: 4 Loss: 1.7767974819455827
04-12 21:44 INFO      ** Client: 59 Training complete **
04-12 21:44 INFO     Training network 60 n_training: 500
04-12 21:44 INFO     Training network 60
04-12 21:44 INFO     Client: 60 Epoch: 0 Loss: 2.630095890590123
04-12 21:44 INFO     Client: 60 Epoch: 1 Loss: 2.252624818256923
04-12 21:44 INFO     Client: 60 Epoch: 2 Loss: 2.044042944908142
04-12 21:44 INFO     Client: 60 Epoch: 3 Loss: 1.8936694860458374
04-12 21:44 INFO     Client: 60 Epoch: 4 Loss: 1.8430552993501936
04-12 21:44 INFO      ** Client: 60 Training complete **
04-12 21:44 INFO     Training network 61 n_training: 500
04-12 21:44 INFO     Training network 61
04-12 21:44 INFO     Client: 61 Epoch: 0 Loss: 2.5847720078059604
04-12 21:44 INFO     Client: 61 Epoch: 1 Loss: 2.1681969506399974
04-12 21:44 INFO     Client: 61 Epoch: 2 Loss: 1.9275599718093872
04-12 21:44 INFO     Client: 61 Epoch: 3 Loss: 1.8273546184812273
04-12 21:44 INFO     Client: 61 Epoch: 4 Loss: 1.7725085530962263
04-12 21:44 INFO      ** Client: 61 Training complete **
04-12 21:44 INFO     Training network 62 n_training: 500
04-12 21:44 INFO     Training network 62
04-12 21:44 INFO     Client: 62 Epoch: 0 Loss: 2.6899229117802212
04-12 21:44 INFO     Client: 62 Epoch: 1 Loss: 2.0687256710869923
04-12 21:44 INFO     Client: 62 Epoch: 2 Loss: 1.9688646282468523
04-12 21:44 INFO     Client: 62 Epoch: 3 Loss: 1.9495159557887487
04-12 21:44 INFO     Client: 62 Epoch: 4 Loss: 1.7576734338487898
04-12 21:44 INFO      ** Client: 62 Training complete **
04-12 21:44 INFO     Training network 63 n_training: 500
04-12 21:44 INFO     Training network 63
04-12 21:44 INFO     Client: 63 Epoch: 0 Loss: 2.727820634841919
04-12 21:44 INFO     Client: 63 Epoch: 1 Loss: 2.12564856665475
04-12 21:44 INFO     Client: 63 Epoch: 2 Loss: 1.9384914806910925
04-12 21:44 INFO     Client: 63 Epoch: 3 Loss: 1.8675450767789568
04-12 21:44 INFO     Client: 63 Epoch: 4 Loss: 1.844302671296256
04-12 21:44 INFO      ** Client: 63 Training complete **
04-12 21:44 INFO     Training network 64 n_training: 500
04-12 21:44 INFO     Training network 64
04-12 21:44 INFO     Client: 64 Epoch: 0 Loss: 2.636610610144479
04-12 21:44 INFO     Client: 64 Epoch: 1 Loss: 2.1764324051993236
04-12 21:44 INFO     Client: 64 Epoch: 2 Loss: 1.9997462715421404
04-12 21:44 INFO     Client: 64 Epoch: 3 Loss: 1.8550618035452706
04-12 21:44 INFO     Client: 64 Epoch: 4 Loss: 1.8401894569396973
04-12 21:44 INFO      ** Client: 64 Training complete **
04-12 21:44 INFO     Training network 65 n_training: 500
04-12 21:44 INFO     Training network 65
04-12 21:44 INFO     Client: 65 Epoch: 0 Loss: 2.6116624219076976
04-12 21:44 INFO     Client: 65 Epoch: 1 Loss: 2.2035660573414395
04-12 21:44 INFO     Client: 65 Epoch: 2 Loss: 1.9743435723440987
04-12 21:44 INFO     Client: 65 Epoch: 3 Loss: 1.8946480410439628
04-12 21:44 INFO     Client: 65 Epoch: 4 Loss: 1.7388341426849365
04-12 21:44 INFO      ** Client: 65 Training complete **
04-12 21:44 INFO     Training network 66 n_training: 500
04-12 21:44 INFO     Training network 66
04-12 21:44 INFO     Client: 66 Epoch: 0 Loss: 2.615865775517055
04-12 21:44 INFO     Client: 66 Epoch: 1 Loss: 2.1632467678615024
04-12 21:44 INFO     Client: 66 Epoch: 2 Loss: 2.002525499888829
04-12 21:44 INFO     Client: 66 Epoch: 3 Loss: 1.925332716533116
04-12 21:44 INFO     Client: 66 Epoch: 4 Loss: 1.890386973108564
04-12 21:44 INFO      ** Client: 66 Training complete **
04-12 21:44 INFO     Training network 67 n_training: 500
04-12 21:44 INFO     Training network 67
04-12 21:44 INFO     Client: 67 Epoch: 0 Loss: 2.691192626953125
04-12 21:44 INFO     Client: 67 Epoch: 1 Loss: 2.0362296955926076
04-12 21:44 INFO     Client: 67 Epoch: 2 Loss: 1.889678682599749
04-12 21:44 INFO     Client: 67 Epoch: 3 Loss: 1.7802074977329798
04-12 21:44 INFO     Client: 67 Epoch: 4 Loss: 1.7350399153573173
04-12 21:44 INFO      ** Client: 67 Training complete **
04-12 21:44 INFO     Training network 68 n_training: 500
04-12 21:44 INFO     Training network 68
04-12 21:44 INFO     Client: 68 Epoch: 0 Loss: 2.7241224902016774
04-12 21:44 INFO     Client: 68 Epoch: 1 Loss: 2.2007584231240407
04-12 21:44 INFO     Client: 68 Epoch: 2 Loss: 1.9335097415106637
04-12 21:44 INFO     Client: 68 Epoch: 3 Loss: 1.7882016386304582
04-12 21:44 INFO     Client: 68 Epoch: 4 Loss: 1.8047486713954382
04-12 21:44 INFO      ** Client: 68 Training complete **
04-12 21:44 INFO     Training network 69 n_training: 500
04-12 21:44 INFO     Training network 69
04-12 21:44 INFO     Client: 69 Epoch: 0 Loss: 2.7656683240618025
04-12 21:44 INFO     Client: 69 Epoch: 1 Loss: 2.1339007445744107
04-12 21:44 INFO     Client: 69 Epoch: 2 Loss: 1.9671468564442225
04-12 21:44 INFO     Client: 69 Epoch: 3 Loss: 1.84257972240448
04-12 21:44 INFO     Client: 69 Epoch: 4 Loss: 1.755846721785409
04-12 21:44 INFO      ** Client: 69 Training complete **
04-12 21:44 INFO     Training network 70 n_training: 500
04-12 21:44 INFO     Training network 70
04-12 21:44 INFO     Client: 70 Epoch: 0 Loss: 2.7437435558864047
04-12 21:44 INFO     Client: 70 Epoch: 1 Loss: 2.0548081398010254
04-12 21:44 INFO     Client: 70 Epoch: 2 Loss: 1.9526666913713728
04-12 21:44 INFO     Client: 70 Epoch: 3 Loss: 1.8558881964002336
04-12 21:44 INFO     Client: 70 Epoch: 4 Loss: 1.7167613336018153
04-12 21:44 INFO      ** Client: 70 Training complete **
04-12 21:44 INFO     Training network 71 n_training: 500
04-12 21:44 INFO     Training network 71
04-12 21:44 INFO     Client: 71 Epoch: 0 Loss: 2.6066036224365234
04-12 21:44 INFO     Client: 71 Epoch: 1 Loss: 2.092783740588597
04-12 21:44 INFO     Client: 71 Epoch: 2 Loss: 1.9236554418291365
04-12 21:44 INFO     Client: 71 Epoch: 3 Loss: 1.8879585095814295
04-12 21:44 INFO     Client: 71 Epoch: 4 Loss: 1.7702038288116455
04-12 21:44 INFO      ** Client: 71 Training complete **
04-12 21:44 INFO     Training network 72 n_training: 500
04-12 21:44 INFO     Training network 72
04-12 21:44 INFO     Client: 72 Epoch: 0 Loss: 2.724720443998064
04-12 21:44 INFO     Client: 72 Epoch: 1 Loss: 2.116137760026114
04-12 21:44 INFO     Client: 72 Epoch: 2 Loss: 1.9078526156289237
04-12 21:44 INFO     Client: 72 Epoch: 3 Loss: 1.8989943265914917
04-12 21:44 INFO     Client: 72 Epoch: 4 Loss: 1.762279646737235
04-12 21:44 INFO      ** Client: 72 Training complete **
04-12 21:44 INFO     Training network 73 n_training: 500
04-12 21:44 INFO     Training network 73
04-12 21:44 INFO     Client: 73 Epoch: 0 Loss: 2.6261115414755687
04-12 21:44 INFO     Client: 73 Epoch: 1 Loss: 2.156901018960135
04-12 21:44 INFO     Client: 73 Epoch: 2 Loss: 1.9627750941685267
04-12 21:44 INFO     Client: 73 Epoch: 3 Loss: 1.825878654207502
04-12 21:44 INFO     Client: 73 Epoch: 4 Loss: 1.7831439971923828
04-12 21:44 INFO      ** Client: 73 Training complete **
04-12 21:44 INFO     Training network 74 n_training: 500
04-12 21:44 INFO     Training network 74
04-12 21:44 INFO     Client: 74 Epoch: 0 Loss: 2.6305953434535434
04-12 21:44 INFO     Client: 74 Epoch: 1 Loss: 2.015873534338815
04-12 21:44 INFO     Client: 74 Epoch: 2 Loss: 1.8673139469964164
04-12 21:44 INFO     Client: 74 Epoch: 3 Loss: 1.7225336517606462
04-12 21:44 INFO     Client: 74 Epoch: 4 Loss: 1.6885820116315569
04-12 21:44 INFO      ** Client: 74 Training complete **
04-12 21:44 INFO     Training network 75 n_training: 500
04-12 21:44 INFO     Training network 75
04-12 21:44 INFO     Client: 75 Epoch: 0 Loss: 2.9071857588631764
04-12 21:44 INFO     Client: 75 Epoch: 1 Loss: 2.1601666382380893
04-12 21:44 INFO     Client: 75 Epoch: 2 Loss: 1.929768102509635
04-12 21:44 INFO     Client: 75 Epoch: 3 Loss: 1.8113739320210047
04-12 21:44 INFO     Client: 75 Epoch: 4 Loss: 1.7848150900432043
04-12 21:44 INFO      ** Client: 75 Training complete **
04-12 21:44 INFO     Training network 76 n_training: 500
04-12 21:44 INFO     Training network 76
04-12 21:44 INFO     Client: 76 Epoch: 0 Loss: 2.587890556880406
04-12 21:44 INFO     Client: 76 Epoch: 1 Loss: 2.189572674887521
04-12 21:44 INFO     Client: 76 Epoch: 2 Loss: 1.9527670315333776
04-12 21:44 INFO     Client: 76 Epoch: 3 Loss: 1.908004709652492
04-12 21:44 INFO     Client: 76 Epoch: 4 Loss: 1.7721372161592757
04-12 21:44 INFO      ** Client: 76 Training complete **
04-12 21:44 INFO     Training network 77 n_training: 500
04-12 21:44 INFO     Training network 77
04-12 21:44 INFO     Client: 77 Epoch: 0 Loss: 2.643263271876744
04-12 21:44 INFO     Client: 77 Epoch: 1 Loss: 2.0277449062892368
04-12 21:44 INFO     Client: 77 Epoch: 2 Loss: 1.8155921016420637
04-12 21:44 INFO     Client: 77 Epoch: 3 Loss: 1.783623456954956
04-12 21:44 INFO     Client: 77 Epoch: 4 Loss: 1.6415948186601912
04-12 21:44 INFO      ** Client: 77 Training complete **
04-12 21:44 INFO     Training network 78 n_training: 500
04-12 21:44 INFO     Training network 78
04-12 21:44 INFO     Client: 78 Epoch: 0 Loss: 2.736788715635027
04-12 21:44 INFO     Client: 78 Epoch: 1 Loss: 2.163133212498256
04-12 21:44 INFO     Client: 78 Epoch: 2 Loss: 1.973460384777614
04-12 21:44 INFO     Client: 78 Epoch: 3 Loss: 1.9324695042201452
04-12 21:44 INFO     Client: 78 Epoch: 4 Loss: 1.8480815887451172
04-12 21:44 INFO      ** Client: 78 Training complete **
04-12 21:44 INFO     Training network 79 n_training: 500
04-12 21:44 INFO     Training network 79
04-12 21:44 INFO     Client: 79 Epoch: 0 Loss: 2.7916152136666432
04-12 21:44 INFO     Client: 79 Epoch: 1 Loss: 2.2053285155977522
04-12 21:44 INFO     Client: 79 Epoch: 2 Loss: 1.9588609422956194
04-12 21:44 INFO     Client: 79 Epoch: 3 Loss: 1.861152904374259
04-12 21:44 INFO     Client: 79 Epoch: 4 Loss: 1.7950494119099207
04-12 21:44 INFO      ** Client: 79 Training complete **
04-12 21:44 INFO     Training network 80 n_training: 500
04-12 21:44 INFO     Training network 80
04-12 21:45 INFO     Client: 80 Epoch: 0 Loss: 2.621752773012434
04-12 21:45 INFO     Client: 80 Epoch: 1 Loss: 2.122051545551845
04-12 21:45 INFO     Client: 80 Epoch: 2 Loss: 1.918552143233163
04-12 21:45 INFO     Client: 80 Epoch: 3 Loss: 1.7781086819512504
04-12 21:45 INFO     Client: 80 Epoch: 4 Loss: 1.6906781196594238
04-12 21:45 INFO      ** Client: 80 Training complete **
04-12 21:45 INFO     Training network 81 n_training: 500
04-12 21:45 INFO     Training network 81
04-12 21:45 INFO     Client: 81 Epoch: 0 Loss: 2.5414043154035295
04-12 21:45 INFO     Client: 81 Epoch: 1 Loss: 2.0975948742457797
04-12 21:45 INFO     Client: 81 Epoch: 2 Loss: 1.8899418456213815
04-12 21:45 INFO     Client: 81 Epoch: 3 Loss: 1.803155507360186
04-12 21:45 INFO     Client: 81 Epoch: 4 Loss: 1.794894082205636
04-12 21:45 INFO      ** Client: 81 Training complete **
04-12 21:45 INFO     Training network 82 n_training: 500
04-12 21:45 INFO     Training network 82
04-12 21:45 INFO     Client: 82 Epoch: 0 Loss: 2.6098707062857494
04-12 21:45 INFO     Client: 82 Epoch: 1 Loss: 2.1007926804678783
04-12 21:45 INFO     Client: 82 Epoch: 2 Loss: 1.9233849389212472
04-12 21:45 INFO     Client: 82 Epoch: 3 Loss: 1.7964352709906442
04-12 21:45 INFO     Client: 82 Epoch: 4 Loss: 1.7814832414899553
04-12 21:45 INFO      ** Client: 82 Training complete **
04-12 21:45 INFO     Training network 83 n_training: 500
04-12 21:45 INFO     Training network 83
04-12 21:45 INFO     Client: 83 Epoch: 0 Loss: 2.6145928587232317
04-12 21:45 INFO     Client: 83 Epoch: 1 Loss: 2.1102873597826277
04-12 21:45 INFO     Client: 83 Epoch: 2 Loss: 1.9473579611097063
04-12 21:45 INFO     Client: 83 Epoch: 3 Loss: 1.8190834351948328
04-12 21:45 INFO     Client: 83 Epoch: 4 Loss: 1.7498242003577096
04-12 21:45 INFO      ** Client: 83 Training complete **
04-12 21:45 INFO     Training network 84 n_training: 500
04-12 21:45 INFO     Training network 84
04-12 21:45 INFO     Client: 84 Epoch: 0 Loss: 2.641690254211426
04-12 21:45 INFO     Client: 84 Epoch: 1 Loss: 2.019854852131435
04-12 21:45 INFO     Client: 84 Epoch: 2 Loss: 1.9197756903512138
04-12 21:45 INFO     Client: 84 Epoch: 3 Loss: 1.9108167375837053
04-12 21:45 INFO     Client: 84 Epoch: 4 Loss: 1.789055449622018
04-12 21:45 INFO      ** Client: 84 Training complete **
04-12 21:45 INFO     Training network 85 n_training: 500
04-12 21:45 INFO     Training network 85
04-12 21:45 INFO     Client: 85 Epoch: 0 Loss: 2.5480404581342424
04-12 21:45 INFO     Client: 85 Epoch: 1 Loss: 2.1638451984950473
04-12 21:45 INFO     Client: 85 Epoch: 2 Loss: 1.9913825477872575
04-12 21:45 INFO     Client: 85 Epoch: 3 Loss: 1.8486179964882987
04-12 21:45 INFO     Client: 85 Epoch: 4 Loss: 1.7737935100282942
04-12 21:45 INFO      ** Client: 85 Training complete **
04-12 21:45 INFO     Training network 86 n_training: 500
04-12 21:45 INFO     Training network 86
04-12 21:45 INFO     Client: 86 Epoch: 0 Loss: 2.5947917870112827
04-12 21:45 INFO     Client: 86 Epoch: 1 Loss: 2.12660356930324
04-12 21:45 INFO     Client: 86 Epoch: 2 Loss: 1.9665066855294364
04-12 21:45 INFO     Client: 86 Epoch: 3 Loss: 1.8261308670043945
04-12 21:45 INFO     Client: 86 Epoch: 4 Loss: 1.787681715829032
04-12 21:45 INFO      ** Client: 86 Training complete **
04-12 21:45 INFO     Training network 87 n_training: 500
04-12 21:45 INFO     Training network 87
04-12 21:45 INFO     Client: 87 Epoch: 0 Loss: 2.58407085282462
04-12 21:45 INFO     Client: 87 Epoch: 1 Loss: 2.1829773017338345
04-12 21:45 INFO     Client: 87 Epoch: 2 Loss: 1.9714909451348441
04-12 21:45 INFO     Client: 87 Epoch: 3 Loss: 1.7785028048924036
04-12 21:45 INFO     Client: 87 Epoch: 4 Loss: 1.7354718446731567
04-12 21:45 INFO      ** Client: 87 Training complete **
04-12 21:45 INFO     Training network 88 n_training: 500
04-12 21:45 INFO     Training network 88
04-12 21:45 INFO     Client: 88 Epoch: 0 Loss: 2.5828072343553816
04-12 21:45 INFO     Client: 88 Epoch: 1 Loss: 2.1574992622647966
04-12 21:45 INFO     Client: 88 Epoch: 2 Loss: 1.9277914592197962
04-12 21:45 INFO     Client: 88 Epoch: 3 Loss: 1.821975690977914
04-12 21:45 INFO     Client: 88 Epoch: 4 Loss: 1.8388277462550573
04-12 21:45 INFO      ** Client: 88 Training complete **
04-12 21:45 INFO     Training network 89 n_training: 500
04-12 21:45 INFO     Training network 89
04-12 21:45 INFO     Client: 89 Epoch: 0 Loss: 2.5260518278394426
04-12 21:45 INFO     Client: 89 Epoch: 1 Loss: 2.196943555559431
04-12 21:45 INFO     Client: 89 Epoch: 2 Loss: 1.971373132296971
04-12 21:45 INFO     Client: 89 Epoch: 3 Loss: 1.9079778705324446
04-12 21:45 INFO     Client: 89 Epoch: 4 Loss: 1.825777292251587
04-12 21:45 INFO      ** Client: 89 Training complete **
04-12 21:45 INFO     Training network 90 n_training: 500
04-12 21:45 INFO     Training network 90
04-12 21:45 INFO     Client: 90 Epoch: 0 Loss: 2.6820097310202464
04-12 21:45 INFO     Client: 90 Epoch: 1 Loss: 2.1560546330043246
04-12 21:45 INFO     Client: 90 Epoch: 2 Loss: 1.969708970614842
04-12 21:45 INFO     Client: 90 Epoch: 3 Loss: 1.8474582774298531
04-12 21:45 INFO     Client: 90 Epoch: 4 Loss: 1.726470674787249
04-12 21:45 INFO      ** Client: 90 Training complete **
04-12 21:45 INFO     Training network 91 n_training: 500
04-12 21:45 INFO     Training network 91
04-12 21:45 INFO     Client: 91 Epoch: 0 Loss: 2.660726751599993
04-12 21:45 INFO     Client: 91 Epoch: 1 Loss: 2.103858573096139
04-12 21:45 INFO     Client: 91 Epoch: 2 Loss: 1.9055104085377284
04-12 21:45 INFO     Client: 91 Epoch: 3 Loss: 1.85817779813494
04-12 21:45 INFO     Client: 91 Epoch: 4 Loss: 1.7748626981462752
04-12 21:45 INFO      ** Client: 91 Training complete **
04-12 21:45 INFO     Training network 92 n_training: 500
04-12 21:45 INFO     Training network 92
04-12 21:45 INFO     Client: 92 Epoch: 0 Loss: 2.682532344545637
04-12 21:45 INFO     Client: 92 Epoch: 1 Loss: 2.1826698780059814
04-12 21:45 INFO     Client: 92 Epoch: 2 Loss: 1.9869077716554915
04-12 21:45 INFO     Client: 92 Epoch: 3 Loss: 1.8997139590127128
04-12 21:45 INFO     Client: 92 Epoch: 4 Loss: 1.8330751316887992
04-12 21:45 INFO      ** Client: 92 Training complete **
04-12 21:45 INFO     Training network 93 n_training: 500
04-12 21:45 INFO     Training network 93
04-12 21:45 INFO     Client: 93 Epoch: 0 Loss: 2.7284699167524065
04-12 21:45 INFO     Client: 93 Epoch: 1 Loss: 2.1722408703395297
04-12 21:45 INFO     Client: 93 Epoch: 2 Loss: 2.0156459297452654
04-12 21:45 INFO     Client: 93 Epoch: 3 Loss: 1.854763729231698
04-12 21:45 INFO     Client: 93 Epoch: 4 Loss: 1.81007262638637
04-12 21:45 INFO      ** Client: 93 Training complete **
04-12 21:45 INFO     Training network 94 n_training: 500
04-12 21:45 INFO     Training network 94
