03-17 13:31 INFO     cuda
03-17 13:31 INFO     Command Line Arguments: 
{
    "epochs": 1,
    "comm_round": 1,
    "sample_fraction": 1.0,
    "alpha": 0.01,
    "dataset": "cifar10",
    "datadir": "../data/",
    "partition": "subsample",
    "alg": "sflv2",
    "model": "resnet-18",
    "n_parties": 2,
    "lr": 0.01,
    "mu": 1,
    "std_coeff": 2.5,
    "unif_coeff": 0.5,
    "batch_size": 128,
    "load_first_net": 1,
    "pool_option": "FIFO",
    "model_buffer_size": 1,
    "optimizer": "sgd",
    "simp_width": 1,
    "out_dim": 256,
    "reg": 0.0005,
    "temperature": 0.5,
    "logdir": "./",
    "log_file_name": "logs/experiment_log-alg=sflv2_partition=subsample_lr=0.01_epochs=1_num_users=2_beta=0.01_batch_size=128_opt=sgd_dataset=cifar10_2024-03-17-1331-56",
    "seed": 42,
    "device": "cuda",
    "multiprocessing": 0
}
03-17 13:31 INFO     Data statistics: {0: {3: 1005, 4: 1006, 7: 1040, 8: 949, 9: 1000}, 1: {0: 1610, 1: 1586, 2: 1629, 5: 1577, 6: 1598}}
03-17 13:32 INFO     in comm round:0
03-17 13:32 INFO     Training network 0 n_training: 5000
03-17 13:32 INFO     Training network 0
03-17 13:32 INFO     n_training: 39
03-17 13:32 INFO     Client: 0 Epoch: 0 Loss: 1.3167248459962697
03-17 13:32 INFO      ** Client: 0 Training complete **
03-17 13:32 INFO     Training network 1 n_training: 8000
03-17 13:32 INFO     Training network 1
03-17 13:32 INFO     n_training: 62
03-17 13:32 INFO     Client: 1 Epoch: 0 Loss: 2.1724133606879943
03-17 13:32 INFO      ** Client: 1 Training complete **
03-17 13:32 INFO     global n_training: 390
03-17 13:32 INFO     global n_test: 79
03-17 13:32 INFO     >> Global Model Train accuracy: 0.104227
03-17 13:32 INFO     >> Global Model Test accuracy: 0.108100
03-17 13:32 INFO     >> Global Model Train loss: 7.827696
03-17 13:32 INFO     Starting Fine Tuning...
03-17 13:32 INFO     Training network 0
03-17 13:32 INFO     n_training: 39
03-17 13:32 INFO     Client: 0 Epoch: 0 Loss: 7.443156413542918
03-17 13:32 INFO      ** Client: 0 Training complete **
03-17 13:32 INFO     Training network 0
03-17 13:32 INFO     n_training: 39
03-17 13:32 INFO     Client: 0 Epoch: 0 Loss: 2.477335116802118
03-17 13:32 INFO      ** Client: 0 Training complete **
03-17 13:32 INFO     Training network 0
03-17 13:32 INFO     n_training: 39
03-17 13:32 INFO     Client: 0 Epoch: 0 Loss: 2.404002079596886
03-17 13:32 INFO      ** Client: 0 Training complete **
03-17 13:32 INFO     Training network 1
03-17 13:32 INFO     n_training: 62
03-17 13:32 INFO     Client: 1 Epoch: 0 Loss: 1.1829031917356676
03-17 13:32 INFO      ** Client: 1 Training complete **
03-17 13:32 INFO     Training network 1
03-17 13:32 INFO     n_training: 62
03-17 13:32 INFO     Client: 1 Epoch: 0 Loss: 1.0576840485295942
03-17 13:32 INFO      ** Client: 1 Training complete **
03-17 13:32 INFO     Training network 1
03-17 13:32 INFO     n_training: 62
03-17 13:32 INFO     Client: 1 Epoch: 0 Loss: 0.9655005412717019
03-17 13:32 INFO      ** Client: 1 Training complete **
03-17 13:32 INFO     Training network 1
03-17 13:32 INFO     n_training: 62
03-17 13:32 INFO     Client: 1 Epoch: 0 Loss: 0.8710753600443563
03-17 13:32 INFO      ** Client: 1 Training complete **
03-17 13:32 INFO     Training network 1
03-17 13:32 INFO     n_training: 62
03-17 13:32 INFO     Client: 1 Epoch: 0 Loss: 0.8087575800957219
03-17 13:32 INFO      ** Client: 1 Training complete **
03-17 13:32 INFO     Training network 1
03-17 13:32 INFO     n_training: 62
03-17 13:32 INFO     Client: 1 Epoch: 0 Loss: 0.7534294109190663
03-17 13:32 INFO      ** Client: 1 Training complete **
03-17 13:32 INFO     Training network 1
03-17 13:32 INFO     n_training: 62
03-17 13:32 INFO     Client: 1 Epoch: 0 Loss: 0.7211995624726818
03-17 13:32 INFO      ** Client: 1 Training complete **
03-17 13:32 INFO     Training network 1
03-17 13:32 INFO     n_training: 62
03-17 13:32 INFO     Client: 1 Epoch: 0 Loss: 0.6755490697199299
03-17 13:32 INFO      ** Client: 1 Training complete **
03-17 13:32 INFO     Training network 1
03-17 13:32 INFO     n_training: 62
03-17 13:32 INFO     Client: 1 Epoch: 0 Loss: 0.6559429918566058
03-17 13:32 INFO      ** Client: 1 Training complete **
03-17 13:32 INFO     Training network 1
03-17 13:32 INFO     n_training: 62
03-17 13:33 INFO     Client: 1 Epoch: 0 Loss: 0.6056118838248714
03-17 13:33 INFO      ** Client: 1 Training complete **
03-17 13:33 INFO     Training network 1
03-17 13:33 INFO     n_training: 62
03-17 13:33 INFO     Client: 1 Epoch: 0 Loss: 0.5964472750502248
03-17 13:33 INFO      ** Client: 1 Training complete **
03-17 13:33 INFO     Training network 1
03-17 13:33 INFO     n_training: 62
03-17 13:33 INFO     Client: 1 Epoch: 0 Loss: 0.5556278940170042
03-17 13:33 INFO      ** Client: 1 Training complete **
03-17 13:33 INFO     Training network 1
03-17 13:33 INFO     n_training: 62
03-17 13:33 INFO     Client: 1 Epoch: 0 Loss: 0.5578445854686922
03-17 13:33 INFO      ** Client: 1 Training complete **
