05-06 16:36 INFO     cuda
05-06 16:36 INFO     Command Line Arguments: 
{
    "epochs": 5,
    "comm_round": 200,
    "sample_fraction": 1.0,
    "alpha": 0.1,
    "dataset": "cifar10",
    "datadir": "../data/",
    "partition": "noniid-labeldir",
    "alg": "sflv1",
    "model": "resnet-18",
    "split_layer": 4,
    "n_parties": 100,
    "lr": 0.001,
    "mu": 1,
    "std_coeff": 2.5,
    "unif_coeff": 0.5,
    "batch_size": 64,
    "load_first_net": 1,
    "pool_option": "FIFO",
    "model_buffer_size": 1,
    "optimizer": "adam",
    "simp_width": 1,
    "out_dim": 256,
    "reg": 0.0005,
    "temperature": 0.5,
    "logdir": "./",
    "log_file_name": "logs/experiment_log-alg=sflv1_partition=noniid-labeldir_lr=0.001_epochs=5_num_users=100_beta=0.1_batch_size=64_opt=adam_dataset=cifar10_2024-05-06-1636-34",
    "seed": 1,
    "device": "cuda:3",
    "accuracies_file": "logs/resnet_18_100_users_200_rounds.csv",
    "dont_skip": false,
    "n_train_workers": 1,
    "n_test_workers": 1,
    "arch": "mobilenet_v3_large",
    "multiprocessing": 0
}
05-06 16:36 INFO     Data statistics: {0: {9: 171}, 1: {0: 12, 1: 2, 5: 4, 7: 34}, 2: {0: 171, 1: 7, 4: 237, 5: 5, 6: 3, 7: 7, 9: 27}, 3: {3: 13, 4: 43}, 4: {0: 103, 1: 11, 2: 5, 3: 19, 6: 13, 9: 5}, 5: {4: 14, 8: 58, 9: 407}, 6: {1: 43, 4: 5, 5: 9, 6: 481}, 7: {4: 109, 7: 1}, 8: {0: 139, 1: 123, 8: 797}, 9: {2: 21, 4: 56, 5: 2, 6: 23, 7: 18}, 10: {1: 170, 2: 277, 6: 66}, 11: {2: 60, 4: 1, 5: 86, 6: 61, 7: 2, 8: 29, 9: 1}, 12: {5: 27, 8: 19, 9: 2}, 13: {3: 168, 4: 84, 6: 201}, 14: {0: 24, 2: 1, 3: 4, 5: 15, 6: 227, 7: 83}, 15: {1: 1, 4: 212}, 16: {0: 830}, 17: {0: 182, 2: 2, 4: 4, 7: 355}, 18: {1: 391, 3: 67, 4: 28, 5: 40}, 19: {0: 4, 2: 30, 3: 354, 4: 97, 5: 39}, 20: {2: 9, 3: 4, 7: 8, 8: 16}, 21: {3: 39, 4: 235, 6: 1, 7: 2}, 22: {1: 138, 5: 7, 7: 20, 8: 45, 9: 508}, 23: {1: 7, 2: 37, 5: 15, 6: 9, 9: 2}, 24: {0: 15, 2: 2, 3: 2, 7: 1065}, 25: {2: 3, 3: 51, 5: 82, 6: 5, 7: 12, 8: 331}, 26: {7: 14, 9: 58}, 27: {4: 3, 5: 23, 6: 1, 8: 5, 9: 237}, 28: {0: 225, 3: 1, 4: 36, 5: 159, 6: 1, 7: 10, 8: 519}, 29: {1: 845}, 30: {0: 1, 2: 56, 3: 191, 7: 6, 8: 2, 9: 1}, 31: {0: 3, 1: 154, 3: 1, 4: 41, 5: 1, 6: 11}, 32: {4: 1, 6: 191, 7: 57, 8: 8}, 33: {0: 305, 1: 46, 2: 1, 4: 7, 7: 128, 8: 59}, 34: {1: 14, 2: 127, 4: 276, 5: 13, 8: 933}, 35: {0: 240, 1: 2, 3: 3, 5: 17, 9: 1}, 36: {0: 28, 2: 1, 4: 136, 5: 6, 6: 1, 7: 3, 8: 804}, 37: {2: 36, 3: 27, 4: 33, 5: 34, 6: 4, 9: 5}, 38: {0: 18, 5: 221}, 39: {1: 428, 7: 855}, 40: {5: 119, 7: 71, 8: 147}, 41: {0: 502}, 42: {0: 32, 2: 3, 3: 38, 5: 6, 7: 68}, 43: {0: 27, 1: 3, 2: 9, 3: 23, 4: 27, 8: 1, 9: 282}, 44: {0: 2, 3: 43, 4: 180, 6: 76, 7: 165, 8: 202}, 45: {1: 3, 3: 8, 4: 84, 6: 26, 8: 1}, 46: {0: 1, 1: 137, 2: 10, 4: 22, 5: 145, 7: 215}, 47: {0: 689}, 48: {0: 7, 2: 1, 3: 11, 6: 70, 7: 2, 8: 187, 9: 31}, 49: {0: 71, 1: 262, 2: 1, 3: 361}, 50: {3: 16, 7: 2, 9: 100}, 51: {0: 252, 1: 27, 3: 40, 5: 63, 6: 26, 8: 9, 9: 345}, 52: {0: 8, 1: 297, 2: 773}, 53: {1: 19, 2: 40, 6: 71, 8: 132}, 54: {0: 1, 1: 1, 2: 41, 3: 56, 4: 214, 5: 8, 7: 2}, 55: {0: 1, 2: 1, 5: 2013}, 56: {2: 12, 3: 864}, 57: {0: 278, 1: 196, 2: 1, 3: 180}, 58: {0: 2, 1: 785}, 59: {2: 119, 6: 4, 8: 8}, 60: {0: 1, 4: 1, 5: 3, 7: 3, 8: 5, 9: 2}, 61: {1: 19, 2: 1, 6: 306, 7: 126, 8: 259}, 62: {4: 2, 5: 353, 8: 4}, 63: {2: 302, 3: 1, 4: 3, 5: 133, 6: 143}, 64: {5: 19, 6: 62, 7: 218}, 65: {0: 105, 1: 1, 7: 4, 8: 246}, 66: {0: 132, 1: 94, 2: 1, 4: 64, 5: 7, 7: 1, 8: 46, 9: 7}, 67: {0: 29, 2: 20, 4: 494}, 68: {1: 1, 2: 992}, 69: {1: 108, 4: 133, 5: 343}, 70: {2: 1, 4: 11, 6: 78}, 71: {1: 148, 4: 6, 5: 2, 8: 3}, 72: {2: 7, 7: 199}, 73: {1: 12, 3: 8, 4: 2, 5: 26, 8: 13, 9: 56}, 74: {2: 1, 3: 266, 7: 42}, 75: {3: 2, 4: 21, 6: 2418}, 76: {0: 75, 4: 203, 8: 7, 9: 2563}, 77: {2: 18, 5: 675}, 78: {0: 122, 1: 1, 4: 123, 8: 31}, 79: {0: 227, 1: 2, 3: 36, 4: 1, 5: 8}, 80: {1: 64, 2: 1, 3: 211, 5: 4, 6: 1, 7: 38}, 81: {3: 1152}, 82: {1: 1, 2: 84, 3: 1, 6: 4, 8: 1, 9: 20}, 83: {0: 2, 4: 1, 5: 85, 7: 279, 9: 5}, 84: {3: 17, 4: 21, 6: 233}, 85: {1: 58, 2: 132, 7: 21, 8: 27}, 86: {0: 1, 2: 137, 4: 291, 8: 8}, 87: {1: 2, 2: 2, 3: 1, 4: 2, 5: 4, 6: 25, 7: 24, 8: 3, 9: 30}, 88: {3: 59, 7: 75, 8: 2, 9: 74}, 89: {0: 45, 1: 15, 2: 336, 3: 6, 4: 54, 5: 10, 9: 57}, 90: {2: 800}, 91: {2: 452, 3: 3, 5: 2, 7: 742}, 92: {0: 26, 2: 6, 3: 366, 5: 2}, 93: {1: 256, 4: 171, 5: 68, 7: 21}, 94: {4: 1, 5: 4, 6: 118, 8: 2}, 95: {2: 12, 8: 20}, 96: {1: 97, 2: 15, 4: 1209}, 97: {6: 37, 8: 2, 9: 1}, 98: {1: 8, 5: 92, 6: 2, 7: 1, 8: 7}, 99: {0: 62, 1: 1, 2: 1, 3: 287, 4: 1, 5: 1, 6: 1, 7: 1, 8: 2, 9: 2}}
05-06 16:36 INFO     in comm round:0
05-06 16:36 INFO     Training network 0 n_training: 171
05-06 16:36 INFO     Training network 0
05-06 16:36 INFO     Client: 0 Epoch: 0 Loss: 1.7542139291763306
05-06 16:36 INFO     Client: 0 Epoch: 1 Loss: 0.04951825179159641
05-06 16:36 INFO     Client: 0 Epoch: 2 Loss: 0.006096336059272289
05-06 16:36 INFO     Client: 0 Epoch: 3 Loss: 0.001947134209331125
05-06 16:36 INFO     Client: 0 Epoch: 4 Loss: 0.0008678298909217119
05-06 16:36 INFO      ** Client: 0 Training complete **
05-06 16:36 INFO     Training network 1 n_training: 52
05-06 16:36 INFO     Training network 1
05-06 16:36 INFO     Skipping training for client 1 due to empty dataloader
05-06 16:36 INFO     Training network 2 n_training: 457
05-06 16:36 INFO     Training network 2
05-06 16:36 INFO     Client: 2 Epoch: 0 Loss: 1.5820777927126204
05-06 16:36 INFO     Client: 2 Epoch: 1 Loss: 0.9360592535563877
05-06 16:36 INFO     Client: 2 Epoch: 2 Loss: 0.8437800662858146
05-06 16:36 INFO     Client: 2 Epoch: 3 Loss: 0.767344491822379
05-06 16:36 INFO     Client: 2 Epoch: 4 Loss: 0.7400877220290047
05-06 16:36 INFO      ** Client: 2 Training complete **
05-06 16:36 INFO     Training network 3 n_training: 56
05-06 16:36 INFO     Training network 3
05-06 16:36 INFO     Skipping training for client 3 due to empty dataloader
05-06 16:36 INFO     Training network 4 n_training: 156
05-06 16:36 INFO     Training network 4
05-06 16:36 INFO     Client: 4 Epoch: 0 Loss: 1.663010060787201
05-06 16:36 INFO     Client: 4 Epoch: 1 Loss: 2.2565776109695435
05-06 16:36 INFO     Client: 4 Epoch: 2 Loss: 0.9992062747478485
05-06 16:36 INFO     Client: 4 Epoch: 3 Loss: 0.9575740993022919
05-06 16:36 INFO     Client: 4 Epoch: 4 Loss: 0.8721450567245483
05-06 16:36 INFO      ** Client: 4 Training complete **
05-06 16:36 INFO     Training network 5 n_training: 479
05-06 16:36 INFO     Training network 5
05-06 16:36 INFO     Client: 5 Epoch: 0 Loss: 1.0501704684325628
05-06 16:36 INFO     Client: 5 Epoch: 1 Loss: 0.46151621426854816
05-06 16:36 INFO     Client: 5 Epoch: 2 Loss: 0.38908623797552927
05-06 16:36 INFO     Client: 5 Epoch: 3 Loss: 0.3275061569043568
05-06 16:36 INFO     Client: 5 Epoch: 4 Loss: 0.2954369144780295
05-06 16:36 INFO      ** Client: 5 Training complete **
05-06 16:36 INFO     Training network 6 n_training: 538
05-06 16:36 INFO     Training network 6
05-06 16:36 INFO     Client: 6 Epoch: 0 Loss: 0.9930469691753387
05-06 16:36 INFO     Client: 6 Epoch: 1 Loss: 0.35549446195364
05-06 16:36 INFO     Client: 6 Epoch: 2 Loss: 0.31195948645472527
05-06 16:36 INFO     Client: 6 Epoch: 3 Loss: 0.29257125593721867
05-06 16:36 INFO     Client: 6 Epoch: 4 Loss: 0.3171921707689762
05-06 16:36 INFO      ** Client: 6 Training complete **
05-06 16:36 INFO     Training network 7 n_training: 110
05-06 16:36 INFO     Training network 7
05-06 16:36 INFO     Client: 7 Epoch: 0 Loss: 2.5197718143463135
05-06 16:36 INFO     Client: 7 Epoch: 1 Loss: 1.4090803861618042
05-06 16:36 INFO     Client: 7 Epoch: 2 Loss: 0.2988048791885376
05-06 16:36 INFO     Client: 7 Epoch: 3 Loss: 0.1247020959854126
05-06 16:36 INFO     Client: 7 Epoch: 4 Loss: 0.02420067973434925
05-06 16:36 INFO      ** Client: 7 Training complete **
05-06 16:36 INFO     Training network 8 n_training: 1059
05-06 16:36 INFO     Training network 8
05-06 16:36 INFO     Client: 8 Epoch: 0 Loss: 1.1181128434836864
05-06 16:36 INFO     Client: 8 Epoch: 1 Loss: 0.679474612697959
05-06 16:37 INFO     Client: 8 Epoch: 2 Loss: 0.6460457518696785
05-06 16:37 INFO     Client: 8 Epoch: 3 Loss: 0.5888307988643646
05-06 16:37 INFO     Client: 8 Epoch: 4 Loss: 0.5395225025713444
05-06 16:37 INFO      ** Client: 8 Training complete **
05-06 16:37 INFO     Training network 9 n_training: 120
05-06 16:37 INFO     Training network 9
05-06 16:37 INFO     Client: 9 Epoch: 0 Loss: 2.4675958156585693
05-06 16:37 INFO     Client: 9 Epoch: 1 Loss: 2.2120823860168457
05-06 16:37 INFO     Client: 9 Epoch: 2 Loss: 2.664262533187866
05-06 16:37 INFO     Client: 9 Epoch: 3 Loss: 1.9021351337432861
05-06 16:37 INFO     Client: 9 Epoch: 4 Loss: 1.6874312162399292
05-06 16:37 INFO      ** Client: 9 Training complete **
05-06 16:37 INFO     Training network 10 n_training: 513
05-06 16:37 INFO     Training network 10
05-06 16:37 INFO     Client: 10 Epoch: 0 Loss: 1.7317907437682152
05-06 16:37 INFO     Client: 10 Epoch: 1 Loss: 0.9031985849142075
05-06 16:37 INFO     Client: 10 Epoch: 2 Loss: 0.6907622665166855
05-06 16:37 INFO     Client: 10 Epoch: 3 Loss: 0.6031802855432034
05-06 16:37 INFO     Client: 10 Epoch: 4 Loss: 0.5293566733598709
05-06 16:37 INFO      ** Client: 10 Training complete **
05-06 16:37 INFO     Training network 11 n_training: 240
05-06 16:37 INFO     Training network 11
05-06 16:37 INFO     Client: 11 Epoch: 0 Loss: 2.43400239944458
05-06 16:37 INFO     Client: 11 Epoch: 1 Loss: 2.031364997227987
05-06 16:37 INFO     Client: 11 Epoch: 2 Loss: 1.3101276954015095
05-06 16:37 INFO     Client: 11 Epoch: 3 Loss: 1.2910587390263875
05-06 16:37 INFO     Client: 11 Epoch: 4 Loss: 1.1507144769032795
05-06 16:37 INFO      ** Client: 11 Training complete **
05-06 16:37 INFO     Training network 12 n_training: 48
05-06 16:37 INFO     Training network 12
05-06 16:37 INFO     Skipping training for client 12 due to empty dataloader
05-06 16:37 INFO     Training network 13 n_training: 453
05-06 16:37 INFO     Training network 13
05-06 16:37 INFO     Client: 13 Epoch: 0 Loss: 1.6591723646436418
05-06 16:37 INFO     Client: 13 Epoch: 1 Loss: 0.9677350010190692
05-06 16:37 INFO     Client: 13 Epoch: 2 Loss: 0.9162375841821943
05-06 16:37 INFO     Client: 13 Epoch: 3 Loss: 0.8726088574954441
05-06 16:37 INFO     Client: 13 Epoch: 4 Loss: 0.8301402074950082
05-06 16:37 INFO      ** Client: 13 Training complete **
05-06 16:37 INFO     Training network 14 n_training: 354
05-06 16:37 INFO     Training network 14
05-06 16:37 INFO     Client: 14 Epoch: 0 Loss: 2.29622278213501
05-06 16:37 INFO     Client: 14 Epoch: 1 Loss: 1.0278736710548402
05-06 16:37 INFO     Client: 14 Epoch: 2 Loss: 0.8286314845085144
05-06 16:37 INFO     Client: 14 Epoch: 3 Loss: 0.8320503473281861
05-06 16:37 INFO     Client: 14 Epoch: 4 Loss: 0.7836964964866638
05-06 16:37 INFO      ** Client: 14 Training complete **
05-06 16:37 INFO     Training network 15 n_training: 213
05-06 16:37 INFO     Training network 15
05-06 16:37 INFO     Client: 15 Epoch: 0 Loss: 1.3685256590445836
05-06 16:37 INFO     Client: 15 Epoch: 1 Loss: 0.045334424202640854
05-06 16:37 INFO     Client: 15 Epoch: 2 Loss: 0.03831407299730927
05-06 16:37 INFO     Client: 15 Epoch: 3 Loss: 0.03299738451217612
05-06 16:37 INFO     Client: 15 Epoch: 4 Loss: 0.024291800761905808
05-06 16:37 INFO      ** Client: 15 Training complete **
05-06 16:37 INFO     Training network 16 n_training: 830
05-06 16:37 INFO     Training network 16
05-06 16:37 INFO     Client: 16 Epoch: 0 Loss: 0.1782122487614591
05-06 16:37 INFO     Client: 16 Epoch: 1 Loss: 8.361352987170297e-05
05-06 16:37 INFO     Client: 16 Epoch: 2 Loss: 2.9779278975183843e-05
05-06 16:37 INFO     Client: 16 Epoch: 3 Loss: 2.3721383058727952e-05
05-06 16:37 INFO     Client: 16 Epoch: 4 Loss: 2.3704163898704184e-05
05-06 16:37 INFO      ** Client: 16 Training complete **
05-06 16:37 INFO     Training network 17 n_training: 543
05-06 16:37 INFO     Training network 17
05-06 16:37 INFO     Client: 17 Epoch: 0 Loss: 1.0529815554618835
05-06 16:37 INFO     Client: 17 Epoch: 1 Loss: 0.489476814866066
05-06 16:37 INFO     Client: 17 Epoch: 2 Loss: 0.4313495382666588
05-06 16:37 INFO     Client: 17 Epoch: 3 Loss: 0.39713333919644356
05-06 16:37 INFO     Client: 17 Epoch: 4 Loss: 0.35395120456814766
05-06 16:37 INFO      ** Client: 17 Training complete **
05-06 16:37 INFO     Training network 18 n_training: 526
05-06 16:37 INFO     Training network 18
05-06 16:37 INFO     Client: 18 Epoch: 0 Loss: 1.4554793238639832
05-06 16:37 INFO     Client: 18 Epoch: 1 Loss: 0.6651499718427658
05-06 16:37 INFO     Client: 18 Epoch: 2 Loss: 0.5031649507582188
05-06 16:37 INFO     Client: 18 Epoch: 3 Loss: 0.44616953656077385
05-06 16:37 INFO     Client: 18 Epoch: 4 Loss: 0.41837047412991524
05-06 16:37 INFO      ** Client: 18 Training complete **
05-06 16:37 INFO     Training network 19 n_training: 524
05-06 16:37 INFO     Training network 19
05-06 16:37 INFO     Client: 19 Epoch: 0 Loss: 1.7249388620257378
05-06 16:37 INFO     Client: 19 Epoch: 1 Loss: 1.0281202048063278
05-06 16:37 INFO     Client: 19 Epoch: 2 Loss: 0.9481798112392426
05-06 16:37 INFO     Client: 19 Epoch: 3 Loss: 0.9330909848213196
05-06 16:37 INFO     Client: 19 Epoch: 4 Loss: 0.8819629848003387
05-06 16:37 INFO      ** Client: 19 Training complete **
05-06 16:37 INFO     Training network 20 n_training: 37
05-06 16:37 INFO     Training network 20
05-06 16:37 INFO     Skipping training for client 20 due to empty dataloader
05-06 16:37 INFO     Training network 21 n_training: 277
05-06 16:37 INFO     Training network 21
05-06 16:37 INFO     Client: 21 Epoch: 0 Loss: 1.8277975767850876
05-06 16:37 INFO     Client: 21 Epoch: 1 Loss: 0.6191723868250847
05-06 16:37 INFO     Client: 21 Epoch: 2 Loss: 0.4571528434753418
05-06 16:37 INFO     Client: 21 Epoch: 3 Loss: 0.45238498598337173
05-06 16:37 INFO     Client: 21 Epoch: 4 Loss: 0.3865903913974762
05-06 16:37 INFO      ** Client: 21 Training complete **
05-06 16:37 INFO     Training network 22 n_training: 718
05-06 16:37 INFO     Training network 22
05-06 16:37 INFO     Client: 22 Epoch: 0 Loss: 1.3043394142931157
05-06 16:37 INFO     Client: 22 Epoch: 1 Loss: 0.8711226961829446
05-06 16:37 INFO     Client: 22 Epoch: 2 Loss: 0.7822950048880144
05-06 16:37 INFO     Client: 22 Epoch: 3 Loss: 0.7526091445576061
05-06 16:37 INFO     Client: 22 Epoch: 4 Loss: 0.7260549339381132
05-06 16:37 INFO      ** Client: 22 Training complete **
05-06 16:37 INFO     Training network 23 n_training: 70
05-06 16:37 INFO     Training network 23
05-06 16:37 INFO     Client: 23 Epoch: 0 Loss: 2.4910006523132324
05-06 16:37 INFO     Client: 23 Epoch: 1 Loss: 2.349466562271118
05-06 16:37 INFO     Client: 23 Epoch: 2 Loss: 2.278343915939331
05-06 16:37 INFO     Client: 23 Epoch: 3 Loss: 1.7496973276138306
05-06 16:37 INFO     Client: 23 Epoch: 4 Loss: 1.3067560195922852
05-06 16:37 INFO      ** Client: 23 Training complete **
05-06 16:37 INFO     Training network 24 n_training: 1084
05-06 16:37 INFO     Training network 24
05-06 16:37 INFO     Client: 24 Epoch: 0 Loss: 0.44009676831774414
05-06 16:37 INFO     Client: 24 Epoch: 1 Loss: 0.08866275160107762
05-06 16:37 INFO     Client: 24 Epoch: 2 Loss: 0.09192909720877651
05-06 16:37 INFO     Client: 24 Epoch: 3 Loss: 0.06840440619271249
05-06 16:37 INFO     Client: 24 Epoch: 4 Loss: 0.07263322890503332
05-06 16:37 INFO      ** Client: 24 Training complete **
05-06 16:37 INFO     Training network 25 n_training: 484
05-06 16:37 INFO     Training network 25
05-06 16:37 INFO     Client: 25 Epoch: 0 Loss: 1.671090841293335
05-06 16:37 INFO     Client: 25 Epoch: 1 Loss: 0.6782551748411996
05-06 16:37 INFO     Client: 25 Epoch: 2 Loss: 0.6481991325105939
05-06 16:37 INFO     Client: 25 Epoch: 3 Loss: 0.6375844521181924
05-06 16:37 INFO     Client: 25 Epoch: 4 Loss: 0.6016373804637364
05-06 16:37 INFO      ** Client: 25 Training complete **
05-06 16:37 INFO     Training network 26 n_training: 72
05-06 16:37 INFO     Training network 26
05-06 16:37 INFO     Client: 26 Epoch: 0 Loss: 2.5231549739837646
05-06 16:37 INFO     Client: 26 Epoch: 1 Loss: 1.9652880430221558
05-06 16:37 INFO     Client: 26 Epoch: 2 Loss: 1.5247225761413574
05-06 16:37 INFO     Client: 26 Epoch: 3 Loss: 0.5749222636222839
05-06 16:37 INFO     Client: 26 Epoch: 4 Loss: 0.5363792777061462
05-06 16:37 INFO      ** Client: 26 Training complete **
05-06 16:37 INFO     Training network 27 n_training: 269
05-06 16:37 INFO     Training network 27
05-06 16:37 INFO     Client: 27 Epoch: 0 Loss: 1.3809394761919975
05-06 16:37 INFO     Client: 27 Epoch: 1 Loss: 0.5694720149040222
05-06 16:37 INFO     Client: 27 Epoch: 2 Loss: 0.4660411477088928
05-06 16:37 INFO     Client: 27 Epoch: 3 Loss: 0.45460914075374603
05-06 16:37 INFO     Client: 27 Epoch: 4 Loss: 0.3557126633822918
05-06 16:37 INFO      ** Client: 27 Training complete **
05-06 16:37 INFO     Training network 28 n_training: 951
05-06 16:37 INFO     Training network 28
05-06 16:37 INFO     Client: 28 Epoch: 0 Loss: 1.4929503883634294
05-06 16:37 INFO     Client: 28 Epoch: 1 Loss: 0.9327754761491504
05-06 16:37 INFO     Client: 28 Epoch: 2 Loss: 0.8651073660169329
05-06 16:37 INFO     Client: 28 Epoch: 3 Loss: 0.8058183065482548
05-06 16:37 INFO     Client: 28 Epoch: 4 Loss: 0.7973797236170087
05-06 16:37 INFO      ** Client: 28 Training complete **
05-06 16:37 INFO     Training network 29 n_training: 845
05-06 16:37 INFO     Training network 29
05-06 16:37 INFO     Client: 29 Epoch: 0 Loss: 0.34822747799738024
05-06 16:37 INFO     Client: 29 Epoch: 1 Loss: 0.00010094581879317187
05-06 16:37 INFO     Client: 29 Epoch: 2 Loss: 3.41438476775343e-05
05-06 16:37 INFO     Client: 29 Epoch: 3 Loss: 2.7444739176784285e-05
05-06 16:37 INFO     Client: 29 Epoch: 4 Loss: 2.7104051696369424e-05
05-06 16:37 INFO      ** Client: 29 Training complete **
05-06 16:37 INFO     Training network 30 n_training: 257
05-06 16:37 INFO     Training network 30
05-06 16:37 INFO     Client: 30 Epoch: 0 Loss: 1.525862693786621
05-06 16:37 INFO     Client: 30 Epoch: 1 Loss: 0.9236558228731155
05-06 16:37 INFO     Client: 30 Epoch: 2 Loss: 0.7013213783502579
05-06 16:37 INFO     Client: 30 Epoch: 3 Loss: 0.6500561311841011
05-06 16:37 INFO     Client: 30 Epoch: 4 Loss: 0.6387244313955307
05-06 16:37 INFO      ** Client: 30 Training complete **
05-06 16:37 INFO     Training network 31 n_training: 211
05-06 16:37 INFO     Training network 31
05-06 16:37 INFO     Client: 31 Epoch: 0 Loss: 1.6753650108973186
05-06 16:37 INFO     Client: 31 Epoch: 1 Loss: 1.1806304057439168
05-06 16:37 INFO     Client: 31 Epoch: 2 Loss: 0.5853539705276489
05-06 16:37 INFO     Client: 31 Epoch: 3 Loss: 0.4926227927207947
05-06 16:37 INFO     Client: 31 Epoch: 4 Loss: 0.4514742096265157
05-06 16:37 INFO      ** Client: 31 Training complete **
05-06 16:37 INFO     Training network 32 n_training: 257
05-06 16:37 INFO     Training network 32
05-06 16:37 INFO     Client: 32 Epoch: 0 Loss: 1.6821551471948624
05-06 16:37 INFO     Client: 32 Epoch: 1 Loss: 0.8760612457990646
05-06 16:37 INFO     Client: 32 Epoch: 2 Loss: 0.5897822082042694
05-06 16:37 INFO     Client: 32 Epoch: 3 Loss: 0.5388480052351952
05-06 16:37 INFO     Client: 32 Epoch: 4 Loss: 0.4131122976541519
05-06 16:37 INFO      ** Client: 32 Training complete **
05-06 16:37 INFO     Training network 33 n_training: 546
05-06 16:37 INFO     Training network 33
05-06 16:37 INFO     Client: 33 Epoch: 0 Loss: 1.7077550813555717
05-06 16:37 INFO     Client: 33 Epoch: 1 Loss: 1.0142339393496513
05-06 16:37 INFO     Client: 33 Epoch: 2 Loss: 0.9341893419623375
05-06 16:37 INFO     Client: 33 Epoch: 3 Loss: 0.8413360118865967
05-06 16:37 INFO     Client: 33 Epoch: 4 Loss: 0.8442473709583282
05-06 16:37 INFO      ** Client: 33 Training complete **
05-06 16:37 INFO     Training network 34 n_training: 1363
05-06 16:37 INFO     Training network 34
05-06 16:37 INFO     Client: 34 Epoch: 0 Loss: 0.9803052203995841
05-06 16:37 INFO     Client: 34 Epoch: 1 Loss: 0.6100054950941176
05-06 16:37 INFO     Client: 34 Epoch: 2 Loss: 0.5498909836723691
05-06 16:37 INFO     Client: 34 Epoch: 3 Loss: 0.522327150617327
05-06 16:37 INFO     Client: 34 Epoch: 4 Loss: 0.5046917271046412
05-06 16:37 INFO      ** Client: 34 Training complete **
05-06 16:37 INFO     Training network 35 n_training: 263
05-06 16:37 INFO     Training network 35
05-06 16:37 INFO     Client: 35 Epoch: 0 Loss: 0.9970386698842049
05-06 16:37 INFO     Client: 35 Epoch: 1 Loss: 0.47661031782627106
05-06 16:37 INFO     Client: 35 Epoch: 2 Loss: 0.3563052862882614
05-06 16:37 INFO     Client: 35 Epoch: 3 Loss: 0.3011894188821316
05-06 16:37 INFO     Client: 35 Epoch: 4 Loss: 0.3095698319375515
05-06 16:37 INFO      ** Client: 35 Training complete **
05-06 16:37 INFO     Training network 36 n_training: 979
05-06 16:37 INFO     Training network 36
05-06 16:37 INFO     Client: 36 Epoch: 0 Loss: 0.8870630254348119
05-06 16:37 INFO     Client: 36 Epoch: 1 Loss: 0.4258395234743754
05-06 16:37 INFO     Client: 36 Epoch: 2 Loss: 0.37199596762657167
05-06 16:37 INFO     Client: 36 Epoch: 3 Loss: 0.36330254475275675
05-06 16:37 INFO     Client: 36 Epoch: 4 Loss: 0.3649492929379145
05-06 16:37 INFO      ** Client: 36 Training complete **
05-06 16:37 INFO     Training network 37 n_training: 139
05-06 16:37 INFO     Training network 37
05-06 16:37 INFO     Client: 37 Epoch: 0 Loss: 2.539469361305237
05-06 16:37 INFO     Client: 37 Epoch: 1 Loss: 2.9293094873428345
05-06 16:37 INFO     Client: 37 Epoch: 2 Loss: 2.1157796382904053
05-06 16:37 INFO     Client: 37 Epoch: 3 Loss: 1.6771953701972961
05-06 16:37 INFO     Client: 37 Epoch: 4 Loss: 1.508830964565277
05-06 16:37 INFO      ** Client: 37 Training complete **
05-06 16:37 INFO     Training network 38 n_training: 239
05-06 16:37 INFO     Training network 38
05-06 16:37 INFO     Client: 38 Epoch: 0 Loss: 2.2301193873087564
05-06 16:37 INFO     Client: 38 Epoch: 1 Loss: 0.42817097902297974
05-06 16:37 INFO     Client: 38 Epoch: 2 Loss: 0.2773204892873764
05-06 16:37 INFO     Client: 38 Epoch: 3 Loss: 0.15950520833333334
05-06 16:37 INFO     Client: 38 Epoch: 4 Loss: 0.0993642012278239
05-06 16:37 INFO      ** Client: 38 Training complete **
05-06 16:37 INFO     Training network 39 n_training: 1283
05-06 16:37 INFO     Training network 39
05-06 16:37 INFO     Client: 39 Epoch: 0 Loss: 0.8091444537043572
05-06 16:37 INFO     Client: 39 Epoch: 1 Loss: 0.278379637748003
05-06 16:37 INFO     Client: 39 Epoch: 2 Loss: 0.2592406004667282
05-06 16:37 INFO     Client: 39 Epoch: 3 Loss: 0.2238370768725872
05-06 16:37 INFO     Client: 39 Epoch: 4 Loss: 0.1800229761749506
05-06 16:37 INFO      ** Client: 39 Training complete **
05-06 16:37 INFO     Training network 40 n_training: 337
05-06 16:37 INFO     Training network 40
05-06 16:37 INFO     Client: 40 Epoch: 0 Loss: 2.3578653812408445
05-06 16:37 INFO     Client: 40 Epoch: 1 Loss: 0.7861107110977172
05-06 16:37 INFO     Client: 40 Epoch: 2 Loss: 0.7495858907699585
05-06 16:37 INFO     Client: 40 Epoch: 3 Loss: 0.5822474837303162
05-06 16:37 INFO     Client: 40 Epoch: 4 Loss: 0.5386620163917542
05-06 16:37 INFO      ** Client: 40 Training complete **
05-06 16:37 INFO     Training network 41 n_training: 502
05-06 16:37 INFO     Training network 41
05-06 16:37 INFO     Client: 41 Epoch: 0 Loss: 0.3030407572763839
05-06 16:37 INFO     Client: 41 Epoch: 1 Loss: 0.0004030335445090064
05-06 16:37 INFO     Client: 41 Epoch: 2 Loss: 8.419782274618878e-05
05-06 16:37 INFO     Client: 41 Epoch: 3 Loss: 4.142153816896358e-05
05-06 16:37 INFO     Client: 41 Epoch: 4 Loss: 2.9525349808474338e-05
05-06 16:37 INFO      ** Client: 41 Training complete **
05-06 16:37 INFO     Training network 42 n_training: 147
05-06 16:37 INFO     Training network 42
05-06 16:37 INFO     Client: 42 Epoch: 0 Loss: 2.2558289766311646
05-06 16:37 INFO     Client: 42 Epoch: 1 Loss: 2.6789796948432922
05-06 16:37 INFO     Client: 42 Epoch: 2 Loss: 1.1841090619564056
05-06 16:37 INFO     Client: 42 Epoch: 3 Loss: 0.9548454880714417
05-06 16:37 INFO     Client: 42 Epoch: 4 Loss: 0.9402432143688202
05-06 16:37 INFO      ** Client: 42 Training complete **
05-06 16:37 INFO     Training network 43 n_training: 372
05-06 16:37 INFO     Training network 43
05-06 16:37 INFO     Client: 43 Epoch: 0 Loss: 1.6149224042892456
05-06 16:37 INFO     Client: 43 Epoch: 1 Loss: 0.901227879524231
05-06 16:37 INFO     Client: 43 Epoch: 2 Loss: 0.7287988662719727
05-06 16:37 INFO     Client: 43 Epoch: 3 Loss: 0.6074337244033814
05-06 16:37 INFO     Client: 43 Epoch: 4 Loss: 0.5872322678565979
05-06 16:37 INFO      ** Client: 43 Training complete **
05-06 16:37 INFO     Training network 44 n_training: 668
05-06 16:37 INFO     Training network 44
05-06 16:37 INFO     Client: 44 Epoch: 0 Loss: 1.921376097202301
05-06 16:37 INFO     Client: 44 Epoch: 1 Loss: 1.2511914372444153
05-06 16:37 INFO     Client: 44 Epoch: 2 Loss: 1.1633882403373719
05-06 16:37 INFO     Client: 44 Epoch: 3 Loss: 1.0965142250061035
05-06 16:37 INFO     Client: 44 Epoch: 4 Loss: 1.0813021302223205
05-06 16:37 INFO      ** Client: 44 Training complete **
05-06 16:37 INFO     Training network 45 n_training: 122
05-06 16:37 INFO     Training network 45
05-06 16:37 INFO     Client: 45 Epoch: 0 Loss: 2.3807733058929443
05-06 16:37 INFO     Client: 45 Epoch: 1 Loss: 2.1342098712921143
05-06 16:37 INFO     Client: 45 Epoch: 2 Loss: 2.1514861583709717
05-06 16:37 INFO     Client: 45 Epoch: 3 Loss: 0.9230951070785522
05-06 16:37 INFO     Client: 45 Epoch: 4 Loss: 1.1349073648452759
05-06 16:37 INFO      ** Client: 45 Training complete **
05-06 16:37 INFO     Training network 46 n_training: 530
05-06 16:37 INFO     Training network 46
05-06 16:37 INFO     Client: 46 Epoch: 0 Loss: 1.9590898901224136
05-06 16:37 INFO     Client: 46 Epoch: 1 Loss: 1.0967644676566124
05-06 16:37 INFO     Client: 46 Epoch: 2 Loss: 0.9118649140000343
05-06 16:37 INFO     Client: 46 Epoch: 3 Loss: 0.8589193001389503
05-06 16:37 INFO     Client: 46 Epoch: 4 Loss: 0.8165442049503326
05-06 16:37 INFO      ** Client: 46 Training complete **
05-06 16:37 INFO     Training network 47 n_training: 689
05-06 16:37 INFO     Training network 47
05-06 16:37 INFO     Client: 47 Epoch: 0 Loss: 0.2133512329630321
05-06 16:37 INFO     Client: 47 Epoch: 1 Loss: 0.00014550572523148731
05-06 16:37 INFO     Client: 47 Epoch: 2 Loss: 4.0756638554739766e-05
05-06 16:37 INFO     Client: 47 Epoch: 3 Loss: 2.7363680237613154e-05
05-06 16:37 INFO     Client: 47 Epoch: 4 Loss: 2.4935996771091594e-05
05-06 16:37 INFO      ** Client: 47 Training complete **
05-06 16:37 INFO     Training network 48 n_training: 309
05-06 16:37 INFO     Training network 48
05-06 16:37 INFO     Client: 48 Epoch: 0 Loss: 1.7623414993286133
05-06 16:37 INFO     Client: 48 Epoch: 1 Loss: 0.9798309206962585
05-06 16:37 INFO     Client: 48 Epoch: 2 Loss: 0.7751318961381912
05-06 16:37 INFO     Client: 48 Epoch: 3 Loss: 0.6428757011890411
05-06 16:37 INFO     Client: 48 Epoch: 4 Loss: 0.6587472259998322
05-06 16:37 INFO      ** Client: 48 Training complete **
05-06 16:37 INFO     Training network 49 n_training: 695
05-06 16:37 INFO     Training network 49
05-06 16:37 INFO     Client: 49 Epoch: 0 Loss: 1.3850211083889008
05-06 16:37 INFO     Client: 49 Epoch: 1 Loss: 0.6860156953334808
05-06 16:37 INFO     Client: 49 Epoch: 2 Loss: 0.5078385323286057
05-06 16:37 INFO     Client: 49 Epoch: 3 Loss: 0.47356806695461273
05-06 16:37 INFO     Client: 49 Epoch: 4 Loss: 0.45821132361888883
05-06 16:37 INFO      ** Client: 49 Training complete **
05-06 16:37 INFO     Training network 50 n_training: 118
05-06 16:37 INFO     Training network 50
05-06 16:37 INFO     Client: 50 Epoch: 0 Loss: 2.450317144393921
05-06 16:37 INFO     Client: 50 Epoch: 1 Loss: 1.4753410816192627
05-06 16:37 INFO     Client: 50 Epoch: 2 Loss: 1.2859021425247192
05-06 16:37 INFO     Client: 50 Epoch: 3 Loss: 0.7582569718360901
05-06 16:37 INFO     Client: 50 Epoch: 4 Loss: 0.57369065284729
05-06 16:37 INFO      ** Client: 50 Training complete **
05-06 16:37 INFO     Training network 51 n_training: 762
05-06 16:37 INFO     Training network 51
05-06 16:37 INFO     Client: 51 Epoch: 0 Loss: 1.7032409364526921
05-06 16:37 INFO     Client: 51 Epoch: 1 Loss: 1.1978234215216204
05-06 16:37 INFO     Client: 51 Epoch: 2 Loss: 1.1255276094783435
05-06 16:37 INFO     Client: 51 Epoch: 3 Loss: 1.045237741687081
05-06 16:37 INFO     Client: 51 Epoch: 4 Loss: 1.006853780963204
05-06 16:37 INFO      ** Client: 51 Training complete **
05-06 16:37 INFO     Training network 52 n_training: 1078
05-06 16:37 INFO     Training network 52
05-06 16:37 INFO     Client: 52 Epoch: 0 Loss: 0.7304522432386875
05-06 16:37 INFO     Client: 52 Epoch: 1 Loss: 0.36499338783323765
05-06 16:37 INFO     Client: 52 Epoch: 2 Loss: 0.2944811098277569
05-06 16:37 INFO     Client: 52 Epoch: 3 Loss: 0.3046352257952094
05-06 16:37 INFO     Client: 52 Epoch: 4 Loss: 0.27531279902905226
05-06 16:37 INFO      ** Client: 52 Training complete **
05-06 16:37 INFO     Training network 53 n_training: 262
05-06 16:37 INFO     Training network 53
05-06 16:37 INFO     Client: 53 Epoch: 0 Loss: 2.5513972342014313
05-06 16:37 INFO     Client: 53 Epoch: 1 Loss: 1.2276102602481842
05-06 16:37 INFO     Client: 53 Epoch: 2 Loss: 0.8485952615737915
05-06 16:37 INFO     Client: 53 Epoch: 3 Loss: 0.8091824054718018
05-06 16:37 INFO     Client: 53 Epoch: 4 Loss: 0.7894492596387863
05-06 16:37 INFO      ** Client: 53 Training complete **
05-06 16:37 INFO     Training network 54 n_training: 323
05-06 16:37 INFO     Training network 54
05-06 16:37 INFO     Client: 54 Epoch: 0 Loss: 2.241682529449463
05-06 16:37 INFO     Client: 54 Epoch: 1 Loss: 1.0936626076698304
05-06 16:37 INFO     Client: 54 Epoch: 2 Loss: 0.9366613507270813
05-06 16:37 INFO     Client: 54 Epoch: 3 Loss: 0.9091095566749573
05-06 16:37 INFO     Client: 54 Epoch: 4 Loss: 0.8734469652175904
05-06 16:37 INFO      ** Client: 54 Training complete **
05-06 16:37 INFO     Training network 55 n_training: 2015
05-06 16:37 INFO     Training network 55
05-06 16:37 INFO     Client: 55 Epoch: 0 Loss: 0.15771468771028244
05-06 16:37 INFO     Client: 55 Epoch: 1 Loss: 0.008433067434628854
05-06 16:37 INFO     Client: 55 Epoch: 2 Loss: 0.0073432211957556465
05-06 16:37 INFO     Client: 55 Epoch: 3 Loss: 0.007981473363601723
05-06 16:37 INFO     Client: 55 Epoch: 4 Loss: 0.011596377434832375
05-06 16:37 INFO      ** Client: 55 Training complete **
05-06 16:37 INFO     Training network 56 n_training: 876
05-06 16:37 INFO     Training network 56
05-06 16:37 INFO     Client: 56 Epoch: 0 Loss: 0.31336237110484105
05-06 16:37 INFO     Client: 56 Epoch: 1 Loss: 0.09076080628885673
05-06 16:37 INFO     Client: 56 Epoch: 2 Loss: 0.07373443346184033
05-06 16:37 INFO     Client: 56 Epoch: 3 Loss: 0.07724599067408305
05-06 16:37 INFO     Client: 56 Epoch: 4 Loss: 0.07774234785196873
05-06 16:37 INFO      ** Client: 56 Training complete **
05-06 16:37 INFO     Training network 57 n_training: 655
05-06 16:37 INFO     Training network 57
05-06 16:37 INFO     Client: 57 Epoch: 0 Loss: 1.5200174391269683
05-06 16:38 INFO     Client: 57 Epoch: 1 Loss: 0.8395565390586853
05-06 16:38 INFO     Client: 57 Epoch: 2 Loss: 0.7131510853767395
05-06 16:38 INFO     Client: 57 Epoch: 3 Loss: 0.6493462383747101
05-06 16:38 INFO     Client: 57 Epoch: 4 Loss: 0.6016898036003113
05-06 16:38 INFO      ** Client: 57 Training complete **
05-06 16:38 INFO     Training network 58 n_training: 787
05-06 16:38 INFO     Training network 58
05-06 16:38 INFO     Client: 58 Epoch: 0 Loss: 0.3629476712158066
05-06 16:38 INFO     Client: 58 Epoch: 1 Loss: 0.023337118094787
05-06 16:38 INFO     Client: 58 Epoch: 2 Loss: 0.018169348384011148
05-06 16:38 INFO     Client: 58 Epoch: 3 Loss: 0.024835051992340595
05-06 16:38 INFO     Client: 58 Epoch: 4 Loss: 0.016674452354588237
05-06 16:38 INFO      ** Client: 58 Training complete **
05-06 16:38 INFO     Training network 59 n_training: 131
05-06 16:38 INFO     Training network 59
05-06 16:38 INFO     Client: 59 Epoch: 0 Loss: 1.8715433478355408
05-06 16:38 INFO     Client: 59 Epoch: 1 Loss: 0.8358626067638397
05-06 16:38 INFO     Client: 59 Epoch: 2 Loss: 0.5207370668649673
05-06 16:38 INFO     Client: 59 Epoch: 3 Loss: 0.4559762328863144
05-06 16:38 INFO     Client: 59 Epoch: 4 Loss: 0.3774549216032028
05-06 16:38 INFO      ** Client: 59 Training complete **
05-06 16:38 INFO     Training network 60 n_training: 15
05-06 16:38 INFO     Training network 60
05-06 16:38 INFO     Skipping training for client 60 due to empty dataloader
05-06 16:38 INFO     Training network 61 n_training: 711
05-06 16:38 INFO     Training network 61
05-06 16:38 INFO     Client: 61 Epoch: 0 Loss: 1.3703507293354382
05-06 16:38 INFO     Client: 61 Epoch: 1 Loss: 0.7560165524482727
05-06 16:38 INFO     Client: 61 Epoch: 2 Loss: 0.7033108933405443
05-06 16:38 INFO     Client: 61 Epoch: 3 Loss: 0.6197744120251049
05-06 16:38 INFO     Client: 61 Epoch: 4 Loss: 0.577687607570128
05-06 16:38 INFO      ** Client: 61 Training complete **
05-06 16:38 INFO     Training network 62 n_training: 359
05-06 16:38 INFO     Training network 62
05-06 16:38 INFO     Client: 62 Epoch: 0 Loss: 1.073625024408102
05-06 16:38 INFO     Client: 62 Epoch: 1 Loss: 0.15330895567312836
05-06 16:38 INFO     Client: 62 Epoch: 2 Loss: 0.10367721654474735
05-06 16:38 INFO     Client: 62 Epoch: 3 Loss: 0.05229087602347136
05-06 16:38 INFO     Client: 62 Epoch: 4 Loss: 0.053378124721348286
05-06 16:38 INFO      ** Client: 62 Training complete **
05-06 16:38 INFO     Training network 63 n_training: 582
05-06 16:38 INFO     Training network 63
05-06 16:38 INFO     Client: 63 Epoch: 0 Loss: 1.5972081555260553
05-06 16:38 INFO     Client: 63 Epoch: 1 Loss: 0.9720245136155022
05-06 16:38 INFO     Client: 63 Epoch: 2 Loss: 0.9126711090405782
05-06 16:38 INFO     Client: 63 Epoch: 3 Loss: 0.8928667174445258
05-06 16:38 INFO     Client: 63 Epoch: 4 Loss: 0.8864404757817587
05-06 16:38 INFO      ** Client: 63 Training complete **
05-06 16:38 INFO     Training network 64 n_training: 299
05-06 16:38 INFO     Training network 64
05-06 16:38 INFO     Client: 64 Epoch: 0 Loss: 2.269613653421402
05-06 16:38 INFO     Client: 64 Epoch: 1 Loss: 0.741275742650032
05-06 16:38 INFO     Client: 64 Epoch: 2 Loss: 0.6480987966060638
05-06 16:38 INFO     Client: 64 Epoch: 3 Loss: 0.5210295394062996
05-06 16:38 INFO     Client: 64 Epoch: 4 Loss: 0.5763307735323906
05-06 16:38 INFO      ** Client: 64 Training complete **
05-06 16:38 INFO     Training network 65 n_training: 356
05-06 16:38 INFO     Training network 65
05-06 16:38 INFO     Client: 65 Epoch: 0 Loss: 1.778320813179016
05-06 16:38 INFO     Client: 65 Epoch: 1 Loss: 0.7963508248329163
05-06 16:38 INFO     Client: 65 Epoch: 2 Loss: 0.7009436607360839
05-06 16:38 INFO     Client: 65 Epoch: 3 Loss: 0.6129772782325744
05-06 16:38 INFO     Client: 65 Epoch: 4 Loss: 0.5978346049785614
05-06 16:38 INFO      ** Client: 65 Training complete **
05-06 16:38 INFO     Training network 66 n_training: 352
05-06 16:38 INFO     Training network 66
05-06 16:38 INFO     Client: 66 Epoch: 0 Loss: 2.342512583732605
05-06 16:38 INFO     Client: 66 Epoch: 1 Loss: 1.5974172353744507
05-06 16:38 INFO     Client: 66 Epoch: 2 Loss: 1.245482897758484
05-06 16:38 INFO     Client: 66 Epoch: 3 Loss: 1.1733624577522277
05-06 16:38 INFO     Client: 66 Epoch: 4 Loss: 1.0913747310638429
05-06 16:38 INFO      ** Client: 66 Training complete **
05-06 16:38 INFO     Training network 67 n_training: 543
05-06 16:38 INFO     Training network 67
05-06 16:38 INFO     Client: 67 Epoch: 0 Loss: 1.1766417734324932
05-06 16:38 INFO     Client: 67 Epoch: 1 Loss: 0.41938587464392185
05-06 16:38 INFO     Client: 67 Epoch: 2 Loss: 0.3821040168404579
05-06 16:38 INFO     Client: 67 Epoch: 3 Loss: 0.36861949414014816
05-06 16:38 INFO     Client: 67 Epoch: 4 Loss: 0.33893249183893204
05-06 16:38 INFO      ** Client: 67 Training complete **
05-06 16:38 INFO     Training network 68 n_training: 993
05-06 16:38 INFO     Training network 68
05-06 16:38 INFO     Client: 68 Epoch: 0 Loss: 0.24922161478122387
05-06 16:38 INFO     Client: 68 Epoch: 1 Loss: 0.010894112455813836
05-06 16:38 INFO     Client: 68 Epoch: 2 Loss: 0.00905450918750527
05-06 16:38 INFO     Client: 68 Epoch: 3 Loss: 0.007355980805975075
05-06 16:38 INFO     Client: 68 Epoch: 4 Loss: 0.00792640152600749
05-06 16:38 INFO      ** Client: 68 Training complete **
05-06 16:38 INFO     Training network 69 n_training: 584
05-06 16:38 INFO     Training network 69
05-06 16:38 INFO     Client: 69 Epoch: 0 Loss: 1.5521474613083734
05-06 16:38 INFO     Client: 69 Epoch: 1 Loss: 0.8134163286950853
05-06 16:38 INFO     Client: 69 Epoch: 2 Loss: 0.6472756332821317
05-06 16:38 INFO     Client: 69 Epoch: 3 Loss: 0.5759941505061256
05-06 16:38 INFO     Client: 69 Epoch: 4 Loss: 0.5431158973111047
05-06 16:38 INFO      ** Client: 69 Training complete **
05-06 16:38 INFO     Training network 70 n_training: 90
05-06 16:38 INFO     Training network 70
05-06 16:38 INFO     Client: 70 Epoch: 0 Loss: 2.2527475357055664
05-06 16:38 INFO     Client: 70 Epoch: 1 Loss: 2.45943021774292
05-06 16:38 INFO     Client: 70 Epoch: 2 Loss: 0.7155805230140686
05-06 16:38 INFO     Client: 70 Epoch: 3 Loss: 1.0333770513534546
05-06 16:38 INFO     Client: 70 Epoch: 4 Loss: 0.4777357280254364
05-06 16:38 INFO      ** Client: 70 Training complete **
05-06 16:38 INFO     Training network 71 n_training: 159
05-06 16:38 INFO     Training network 71
05-06 16:38 INFO     Client: 71 Epoch: 0 Loss: 2.3121551275253296
05-06 16:38 INFO     Client: 71 Epoch: 1 Loss: 0.4959634393453598
05-06 16:38 INFO     Client: 71 Epoch: 2 Loss: 0.44521380960941315
05-06 16:38 INFO     Client: 71 Epoch: 3 Loss: 0.3070349246263504
05-06 16:38 INFO     Client: 71 Epoch: 4 Loss: 0.22866972535848618
05-06 16:38 INFO      ** Client: 71 Training complete **
05-06 16:38 INFO     Training network 72 n_training: 206
05-06 16:38 INFO     Training network 72
05-06 16:38 INFO     Client: 72 Epoch: 0 Loss: 1.7744293510913849
05-06 16:38 INFO     Client: 72 Epoch: 1 Loss: 0.20918805400530496
05-06 16:38 INFO     Client: 72 Epoch: 2 Loss: 0.1672847718000412
05-06 16:38 INFO     Client: 72 Epoch: 3 Loss: 0.21345456937948862
05-06 16:38 INFO     Client: 72 Epoch: 4 Loss: 0.14047279333074889
05-06 16:38 INFO      ** Client: 72 Training complete **
05-06 16:38 INFO     Training network 73 n_training: 117
05-06 16:38 INFO     Training network 73
05-06 16:38 INFO     Client: 73 Epoch: 0 Loss: 2.5103843212127686
05-06 16:38 INFO     Client: 73 Epoch: 1 Loss: 3.113727331161499
05-06 16:38 INFO     Client: 73 Epoch: 2 Loss: 2.0447981357574463
05-06 16:38 INFO     Client: 73 Epoch: 3 Loss: 1.9484083652496338
05-06 16:38 INFO     Client: 73 Epoch: 4 Loss: 1.2663373947143555
05-06 16:38 INFO      ** Client: 73 Training complete **
05-06 16:38 INFO     Training network 74 n_training: 309
05-06 16:38 INFO     Training network 74
05-06 16:38 INFO     Client: 74 Epoch: 0 Loss: 1.3960950076580048
05-06 16:38 INFO     Client: 74 Epoch: 1 Loss: 0.493757888674736
05-06 16:38 INFO     Client: 74 Epoch: 2 Loss: 0.39864974468946457
05-06 16:38 INFO     Client: 74 Epoch: 3 Loss: 0.4217366874217987
05-06 16:38 INFO     Client: 74 Epoch: 4 Loss: 0.3888605237007141
05-06 16:38 INFO      ** Client: 74 Training complete **
05-06 16:38 INFO     Training network 75 n_training: 2441
05-06 16:38 INFO     Training network 75
05-06 16:38 INFO     Client: 75 Epoch: 0 Loss: 0.16089843837299236
05-06 16:38 INFO     Client: 75 Epoch: 1 Loss: 0.055913216210779194
05-06 16:38 INFO     Client: 75 Epoch: 2 Loss: 0.060670198652109035
05-06 16:38 INFO     Client: 75 Epoch: 3 Loss: 0.05878912783718031
05-06 16:38 INFO     Client: 75 Epoch: 4 Loss: 0.0600284526896614
05-06 16:38 INFO      ** Client: 75 Training complete **
05-06 16:38 INFO     Training network 76 n_training: 2848
05-06 16:38 INFO     Training network 76
05-06 16:38 INFO     Client: 76 Epoch: 0 Loss: 0.40550850619646633
05-06 16:38 INFO     Client: 76 Epoch: 1 Loss: 0.25854133323512296
05-06 16:38 INFO     Client: 76 Epoch: 2 Loss: 0.23195738971910693
05-06 16:38 INFO     Client: 76 Epoch: 3 Loss: 0.22856355289166624
05-06 16:38 INFO     Client: 76 Epoch: 4 Loss: 0.19981532002037222
05-06 16:38 INFO      ** Client: 76 Training complete **
05-06 16:38 INFO     Training network 77 n_training: 693
05-06 16:38 INFO     Training network 77
05-06 16:38 INFO     Client: 77 Epoch: 0 Loss: 0.6819493837654591
05-06 16:38 INFO     Client: 77 Epoch: 1 Loss: 0.1462595107033849
05-06 16:38 INFO     Client: 77 Epoch: 2 Loss: 0.10055466666817665
05-06 16:38 INFO     Client: 77 Epoch: 3 Loss: 0.08898881673812867
05-06 16:38 INFO     Client: 77 Epoch: 4 Loss: 0.08152395598590374
05-06 16:38 INFO      ** Client: 77 Training complete **
05-06 16:38 INFO     Training network 78 n_training: 277
05-06 16:38 INFO     Training network 78
05-06 16:38 INFO     Client: 78 Epoch: 0 Loss: 1.9544851183891296
05-06 16:38 INFO     Client: 78 Epoch: 1 Loss: 1.0284773260354996
05-06 16:38 INFO     Client: 78 Epoch: 2 Loss: 0.8162850588560104
05-06 16:38 INFO     Client: 78 Epoch: 3 Loss: 0.7253105789422989
05-06 16:38 INFO     Client: 78 Epoch: 4 Loss: 0.6649410873651505
05-06 16:38 INFO      ** Client: 78 Training complete **
05-06 16:38 INFO     Training network 79 n_training: 274
05-06 16:38 INFO     Training network 79
05-06 16:38 INFO     Client: 79 Epoch: 0 Loss: 1.221024364233017
05-06 16:38 INFO     Client: 79 Epoch: 1 Loss: 0.7475364431738853
05-06 16:38 INFO     Client: 79 Epoch: 2 Loss: 0.5219973772764206
05-06 16:38 INFO     Client: 79 Epoch: 3 Loss: 0.47581421583890915
05-06 16:38 INFO     Client: 79 Epoch: 4 Loss: 0.43868592381477356
05-06 16:38 INFO      ** Client: 79 Training complete **
05-06 16:38 INFO     Training network 80 n_training: 319
05-06 16:38 INFO     Training network 80
05-06 16:38 INFO     Client: 80 Epoch: 0 Loss: 1.9529156684875488
05-06 16:38 INFO     Client: 80 Epoch: 1 Loss: 1.0256454795598984
05-06 16:38 INFO     Client: 80 Epoch: 2 Loss: 0.808238223195076
05-06 16:38 INFO     Client: 80 Epoch: 3 Loss: 0.6855457723140717
05-06 16:38 INFO     Client: 80 Epoch: 4 Loss: 0.6197344288229942
05-06 16:38 INFO      ** Client: 80 Training complete **
05-06 16:38 INFO     Training network 81 n_training: 1152
05-06 16:38 INFO     Training network 81
05-06 16:38 INFO     Client: 81 Epoch: 0 Loss: 0.1748469482740297
05-06 16:38 INFO     Client: 81 Epoch: 1 Loss: 4.427315646656401e-05
05-06 16:38 INFO     Client: 81 Epoch: 2 Loss: 2.5924863419075133e-05
05-06 16:38 INFO     Client: 81 Epoch: 3 Loss: 2.69426683290577e-05
05-06 16:38 INFO     Client: 81 Epoch: 4 Loss: 3.104843280097056e-05
05-06 16:38 INFO      ** Client: 81 Training complete **
05-06 16:38 INFO     Training network 82 n_training: 111
05-06 16:38 INFO     Training network 82
05-06 16:38 INFO     Client: 82 Epoch: 0 Loss: 2.3646578788757324
05-06 16:38 INFO     Client: 82 Epoch: 1 Loss: 2.353851556777954
05-06 16:38 INFO     Client: 82 Epoch: 2 Loss: 1.466323733329773
05-06 16:38 INFO     Client: 82 Epoch: 3 Loss: 1.7183058261871338
05-06 16:38 INFO     Client: 82 Epoch: 4 Loss: 0.6774366497993469
05-06 16:38 INFO      ** Client: 82 Training complete **
05-06 16:38 INFO     Training network 83 n_training: 372
05-06 16:38 INFO     Training network 83
05-06 16:38 INFO     Client: 83 Epoch: 0 Loss: 1.7451392769813538
05-06 16:38 INFO     Client: 83 Epoch: 1 Loss: 0.7756457567214966
05-06 16:38 INFO     Client: 83 Epoch: 2 Loss: 0.621381425857544
05-06 16:38 INFO     Client: 83 Epoch: 3 Loss: 0.6073644936084748
05-06 16:38 INFO     Client: 83 Epoch: 4 Loss: 0.5666199207305909
05-06 16:38 INFO      ** Client: 83 Training complete **
05-06 16:38 INFO     Training network 84 n_training: 271
05-06 16:38 INFO     Training network 84
05-06 16:38 INFO     Client: 84 Epoch: 0 Loss: 1.515013873577118
05-06 16:38 INFO     Client: 84 Epoch: 1 Loss: 0.7022781446576118
05-06 16:38 INFO     Client: 84 Epoch: 2 Loss: 0.5106788799166679
05-06 16:38 INFO     Client: 84 Epoch: 3 Loss: 0.5204532295465469
05-06 16:38 INFO     Client: 84 Epoch: 4 Loss: 0.4919414594769478
05-06 16:38 INFO      ** Client: 84 Training complete **
05-06 16:38 INFO     Training network 85 n_training: 238
05-06 16:38 INFO     Training network 85
05-06 16:38 INFO     Client: 85 Epoch: 0 Loss: 2.412336508433024
05-06 16:38 INFO     Client: 85 Epoch: 1 Loss: 1.4697764714558919
05-06 16:38 INFO     Client: 85 Epoch: 2 Loss: 1.0340477426846821
05-06 16:38 INFO     Client: 85 Epoch: 3 Loss: 0.8699455062548319
05-06 16:38 INFO     Client: 85 Epoch: 4 Loss: 0.8138339122136434
05-06 16:38 INFO      ** Client: 85 Training complete **
05-06 16:38 INFO     Training network 86 n_training: 437
05-06 16:38 INFO     Training network 86
05-06 16:38 INFO     Client: 86 Epoch: 0 Loss: 1.6920357743899028
05-06 16:38 INFO     Client: 86 Epoch: 1 Loss: 0.7673698365688324
05-06 16:38 INFO     Client: 86 Epoch: 2 Loss: 0.7615746855735779
05-06 16:38 INFO     Client: 86 Epoch: 3 Loss: 0.6720031301180521
05-06 16:38 INFO     Client: 86 Epoch: 4 Loss: 0.647170623143514
05-06 16:38 INFO      ** Client: 86 Training complete **
05-06 16:38 INFO     Training network 87 n_training: 93
05-06 16:38 INFO     Training network 87
05-06 16:38 INFO     Client: 87 Epoch: 0 Loss: 2.4928319454193115
05-06 16:38 INFO     Client: 87 Epoch: 1 Loss: 2.7662880420684814
05-06 16:38 INFO     Client: 87 Epoch: 2 Loss: 3.5893478393554688
05-06 16:38 INFO     Client: 87 Epoch: 3 Loss: 1.8636082410812378
05-06 16:38 INFO     Client: 87 Epoch: 4 Loss: 1.4651758670806885
05-06 16:38 INFO      ** Client: 87 Training complete **
05-06 16:38 INFO     Training network 88 n_training: 210
05-06 16:38 INFO     Training network 88
05-06 16:38 INFO     Client: 88 Epoch: 0 Loss: 2.394144813219706
05-06 16:38 INFO     Client: 88 Epoch: 1 Loss: 1.607513387997945
05-06 16:38 INFO     Client: 88 Epoch: 2 Loss: 1.0445863803227742
05-06 16:38 INFO     Client: 88 Epoch: 3 Loss: 0.9378238916397095
05-06 16:38 INFO     Client: 88 Epoch: 4 Loss: 0.8106282154719034
05-06 16:38 INFO      ** Client: 88 Training complete **
05-06 16:38 INFO     Training network 89 n_training: 523
05-06 16:38 INFO     Training network 89
05-06 16:38 INFO     Client: 89 Epoch: 0 Loss: 1.6734209209680557
05-06 16:38 INFO     Client: 89 Epoch: 1 Loss: 1.0739749148488045
05-06 16:38 INFO     Client: 89 Epoch: 2 Loss: 1.034134529531002
05-06 16:38 INFO     Client: 89 Epoch: 3 Loss: 0.8913698270916939
05-06 16:38 INFO     Client: 89 Epoch: 4 Loss: 0.8736036047339439
05-06 16:38 INFO      ** Client: 89 Training complete **
05-06 16:38 INFO     Training network 90 n_training: 800
05-06 16:38 INFO     Training network 90
05-06 16:38 INFO     Client: 90 Epoch: 0 Loss: 0.2950090268350323
05-06 16:38 INFO     Client: 90 Epoch: 1 Loss: 0.0001183083486466785
05-06 16:38 INFO     Client: 90 Epoch: 2 Loss: 3.8327015014753364e-05
05-06 16:38 INFO     Client: 90 Epoch: 3 Loss: 2.919402686529793e-05
05-06 16:38 INFO     Client: 90 Epoch: 4 Loss: 2.8640376967814518e-05
05-06 16:38 INFO      ** Client: 90 Training complete **
05-06 16:38 INFO     Training network 91 n_training: 1199
05-06 16:38 INFO     Training network 91
05-06 16:38 INFO     Client: 91 Epoch: 0 Loss: 0.9820301019483142
05-06 16:38 INFO     Client: 91 Epoch: 1 Loss: 0.5583386586772071
05-06 16:38 INFO     Client: 91 Epoch: 2 Loss: 0.4887697531117333
05-06 16:38 INFO     Client: 91 Epoch: 3 Loss: 0.44797156585587394
05-06 16:38 INFO     Client: 91 Epoch: 4 Loss: 0.41530915680858826
05-06 16:38 INFO      ** Client: 91 Training complete **
05-06 16:38 INFO     Training network 92 n_training: 400
05-06 16:38 INFO     Training network 92
05-06 16:38 INFO     Client: 92 Epoch: 0 Loss: 0.9115081429481506
05-06 16:38 INFO     Client: 92 Epoch: 1 Loss: 0.3838193515936534
05-06 16:38 INFO     Client: 92 Epoch: 2 Loss: 0.31309035917123157
05-06 16:38 INFO     Client: 92 Epoch: 3 Loss: 0.2706373557448387
05-06 16:38 INFO     Client: 92 Epoch: 4 Loss: 0.2537897552053134
05-06 16:38 INFO      ** Client: 92 Training complete **
05-06 16:38 INFO     Training network 93 n_training: 516
05-06 16:38 INFO     Training network 93
05-06 16:38 INFO     Client: 93 Epoch: 0 Loss: 1.6761756092309952
05-06 16:38 INFO     Client: 93 Epoch: 1 Loss: 0.7710574418306351
05-06 16:38 INFO     Client: 93 Epoch: 2 Loss: 0.7103084661066532
05-06 16:38 INFO     Client: 93 Epoch: 3 Loss: 0.5674951449036598
05-06 16:38 INFO     Client: 93 Epoch: 4 Loss: 0.569733876734972
05-06 16:38 INFO      ** Client: 93 Training complete **
05-06 16:38 INFO     Training network 94 n_training: 125
05-06 16:38 INFO     Training network 94
05-06 16:38 INFO     Client: 94 Epoch: 0 Loss: 2.239719867706299
05-06 16:38 INFO     Client: 94 Epoch: 1 Loss: 2.3692691326141357
05-06 16:38 INFO     Client: 94 Epoch: 2 Loss: 0.5362499952316284
05-06 16:38 INFO     Client: 94 Epoch: 3 Loss: 0.5191599130630493
05-06 16:38 INFO     Client: 94 Epoch: 4 Loss: 0.3088151216506958
05-06 16:38 INFO      ** Client: 94 Training complete **
05-06 16:38 INFO     Training network 95 n_training: 32
05-06 16:38 INFO     Training network 95
05-06 16:38 INFO     Skipping training for client 95 due to empty dataloader
05-06 16:38 INFO     Training network 96 n_training: 1321
05-06 16:38 INFO     Training network 96
05-06 16:38 INFO     Client: 96 Epoch: 0 Loss: 0.5713050931692123
05-06 16:38 INFO     Client: 96 Epoch: 1 Loss: 0.24173508323729037
05-06 16:38 INFO     Client: 96 Epoch: 2 Loss: 0.21595028564333915
05-06 16:38 INFO     Client: 96 Epoch: 3 Loss: 0.1786424845457077
05-06 16:38 INFO     Client: 96 Epoch: 4 Loss: 0.20981735568493604
05-06 16:38 INFO      ** Client: 96 Training complete **
05-06 16:38 INFO     Training network 97 n_training: 40
05-06 16:38 INFO     Training network 97
05-06 16:38 INFO     Skipping training for client 97 due to empty dataloader
05-06 16:38 INFO     Training network 98 n_training: 110
05-06 16:38 INFO     Training network 98
05-06 16:38 INFO     Client: 98 Epoch: 0 Loss: 2.779000759124756
05-06 16:38 INFO     Client: 98 Epoch: 1 Loss: 2.407754898071289
05-06 16:38 INFO     Client: 98 Epoch: 2 Loss: 1.8429276943206787
05-06 16:38 INFO     Client: 98 Epoch: 3 Loss: 0.8193981647491455
05-06 16:38 INFO     Client: 98 Epoch: 4 Loss: 0.6320294737815857
05-06 16:38 INFO      ** Client: 98 Training complete **
05-06 16:38 INFO     Training network 99 n_training: 359
05-06 16:38 INFO     Training network 99
05-06 16:38 INFO     Client: 99 Epoch: 0 Loss: 1.5826167225837708
05-06 16:38 INFO     Client: 99 Epoch: 1 Loss: 0.4997614622116089
05-06 16:38 INFO     Client: 99 Epoch: 2 Loss: 0.4475904107093811
05-06 16:38 INFO     Client: 99 Epoch: 3 Loss: 0.4433635175228119
05-06 16:38 INFO     Client: 99 Epoch: 4 Loss: 0.4283851981163025
05-06 16:38 INFO      ** Client: 99 Training complete **
05-06 16:38 INFO     global n_training: 781
05-06 16:38 INFO     global n_test: 157
