03-17 13:46 INFO     cuda
03-17 13:46 INFO     Command Line Arguments: 
{
    "epochs": 1,
    "comm_round": 1,
    "sample_fraction": 1.0,
    "alpha": 0.01,
    "dataset": "cifar10",
    "datadir": "../data/",
    "partition": "subsample",
    "alg": "sflv2",
    "model": "resnet-18",
    "n_parties": 2,
    "lr": 0.01,
    "mu": 1,
    "std_coeff": 2.5,
    "unif_coeff": 0.5,
    "batch_size": 128,
    "load_first_net": 1,
    "pool_option": "FIFO",
    "model_buffer_size": 1,
    "optimizer": "sgd",
    "simp_width": 1,
    "out_dim": 256,
    "reg": 0.0005,
    "temperature": 0.5,
    "logdir": "./",
    "log_file_name": "logs/experiment_log-alg=sflv2_partition=subsample_lr=0.01_epochs=1_num_users=2_beta=0.01_batch_size=128_opt=sgd_dataset=cifar10_2024-03-17-1346-52",
    "seed": 42,
    "device": "cuda",
    "multiprocessing": 0
}
03-17 13:46 INFO     Data statistics: {0: {3: 1005, 4: 1006, 7: 1040, 8: 949, 9: 1000}, 1: {0: 1610, 1: 1586, 2: 1629, 5: 1577, 6: 1598}}
03-17 13:46 INFO     in comm round:0
03-17 13:46 INFO     Training network 0 n_training: 5000
03-17 13:46 INFO     Training network 0
03-17 13:46 INFO     n_training: 39
03-17 13:47 INFO     Client: 0 Epoch: 0 Loss: 1.3254200051992366
03-17 13:47 INFO      ** Client: 0 Training complete **
03-17 13:47 INFO     Training network 1 n_training: 8000
03-17 13:47 INFO     Training network 1
03-17 13:47 INFO     n_training: 62
03-17 13:47 INFO     Client: 1 Epoch: 0 Loss: 2.172134316736652
03-17 13:47 INFO      ** Client: 1 Training complete **
03-17 13:47 INFO     global n_training: 390
03-17 13:47 INFO     global n_test: 79
03-17 13:47 INFO     >> Global Model Train accuracy: 0.103005
03-17 13:47 INFO     >> Global Model Test accuracy: 0.105900
03-17 13:47 INFO     >> Global Model Train loss: 7.882234
