01-24 16:50 INFO     cuda
01-24 16:50 INFO     Command Line Arguments: 
{
    "epochs": 10,
    "comm_round": 20,
    "sample_fraction": 1.0,
    "alpha": 0.01,
    "dataset": "ham10000",
    "datadir": "../data/",
    "partition": "iid",
    "alg": "fedavg",
    "model": "resnet-18",
    "n_parties": 2,
    "lr": 0.001,
    "mu": 1,
    "std_coeff": 2.5,
    "unif_coeff": 0.5,
    "batch_size": 128,
    "load_first_net": 1,
    "pool_option": "FIFO",
    "model_buffer_size": 1,
    "optimizer": "adam",
    "simp_width": 1,
    "out_dim": 256,
    "reg": 1e-05,
    "temperature": 0.5,
    "logdir": "./",
    "log_file_name": "experiment_log-alg=fedavg_partition=iid_lr=0.001_epochs=10_num_users=2_beta=0.01_batch_size=128_opt=adam_dataset=ham10000_2024-01-24-1650-37",
    "seed": 42,
    "device": "cuda",
    "multiprocessing": 0
}
01-24 16:51 INFO     in comm round:0
01-24 16:51 INFO     Training network 0 n_training: 4000
01-24 16:51 INFO     Training network 0
01-24 16:51 INFO     n_training: 125
01-24 16:51 INFO     n_test: 1512
01-24 16:51 INFO     Client: 0 Epoch: 0 Loss: 0.986038 Loss1: 0.000000 Loss2: 0.000000
01-24 16:52 INFO     Client: 0 Epoch: 1 Loss: 0.882335 Loss1: 0.000000 Loss2: 0.000000
01-24 16:53 INFO     Client: 0 Epoch: 2 Loss: 0.845321 Loss1: 0.000000 Loss2: 0.000000
01-24 16:53 INFO     Client: 0 Epoch: 3 Loss: 0.834219 Loss1: 0.000000 Loss2: 0.000000
01-24 16:54 INFO     Client: 0 Epoch: 4 Loss: 0.790794 Loss1: 0.000000 Loss2: 0.000000
01-24 16:54 INFO     Client: 0 Epoch: 5 Loss: 0.785065 Loss1: 0.000000 Loss2: 0.000000
01-24 16:55 INFO     Client: 0 Epoch: 6 Loss: 0.782409 Loss1: 0.000000 Loss2: 0.000000
01-24 16:55 INFO     Client: 0 Epoch: 7 Loss: 0.761101 Loss1: 0.000000 Loss2: 0.000000
01-24 16:56 INFO     Client: 0 Epoch: 8 Loss: 0.742059 Loss1: 0.000000 Loss2: 0.000000
01-24 16:56 INFO     Client: 0 Epoch: 9 Loss: 0.740619 Loss1: 0.000000 Loss2: 0.000000
01-24 16:56 INFO      ** Client: 0 Training complete **
01-24 16:56 INFO     Training network 1 n_training: 4000
01-24 16:56 INFO     Training network 1
01-24 16:56 INFO     n_training: 125
01-24 16:56 INFO     n_test: 1512
01-24 16:57 INFO     Client: 1 Epoch: 0 Loss: 0.989219 Loss1: 0.000000 Loss2: 0.000000
01-24 16:57 INFO     Client: 1 Epoch: 1 Loss: 0.889367 Loss1: 0.000000 Loss2: 0.000000
01-24 16:58 INFO     Client: 1 Epoch: 2 Loss: 0.868362 Loss1: 0.000000 Loss2: 0.000000
01-24 16:58 INFO     Client: 1 Epoch: 3 Loss: 0.825448 Loss1: 0.000000 Loss2: 0.000000
01-24 16:59 INFO     Client: 1 Epoch: 4 Loss: 0.815728 Loss1: 0.000000 Loss2: 0.000000
01-24 17:00 INFO     Client: 1 Epoch: 5 Loss: 0.804466 Loss1: 0.000000 Loss2: 0.000000
01-24 17:00 INFO     Client: 1 Epoch: 6 Loss: 0.772507 Loss1: 0.000000 Loss2: 0.000000
01-24 17:01 INFO     Client: 1 Epoch: 7 Loss: 0.782413 Loss1: 0.000000 Loss2: 0.000000
01-24 17:01 INFO     Client: 1 Epoch: 8 Loss: 0.752367 Loss1: 0.000000 Loss2: 0.000000
01-24 17:02 INFO     Client: 1 Epoch: 9 Loss: 0.753674 Loss1: 0.000000 Loss2: 0.000000
01-24 17:02 INFO      ** Client: 1 Training complete **
