11-08 09:52 INFO     cuda
11-08 09:52 INFO     Command Line Arguments: 
{
    "epochs": 5,
    "comm_round": 100,
    "sample_fraction": 1.0,
    "alpha": 0.01,
    "dataset": "cifar10",
    "datadir": "../data/",
    "partition": "iid",
    "alg": "centralized",
    "model": "resnet-18",
    "split_layer": 1,
    "n_parties": 1,
    "lr": 0.001,
    "mu": 1,
    "std_coeff": 2.5,
    "unif_coeff": 0.5,
    "batch_size": 128,
    "load_first_net": 1,
    "pool_option": "FIFO",
    "model_buffer_size": 1,
    "optimizer": "adam",
    "simp_width": 1,
    "out_dim": 256,
    "reg": 0.0005,
    "temperature": 0.5,
    "logdir": "./",
    "log_file_name": "logs/experiment_log-alg=centralized_partition=iid_lr=0.001_epochs=5_num_users=1_beta=0.01_batch_size=128_opt=adam_dataset=cifar10_2024-11-08-0952-26",
    "seed": 1,
    "device": "cuda:7",
    "accuracies_file": "logs/centralized.csv",
    "dont_skip": false,
    "n_train_workers": 1,
    "n_test_workers": 1,
    "arch": "mobilenet_v3_large",
    "multiprocessing": 0
}
11-08 09:52 INFO     Data statistics: {0: {0: 5000, 1: 5000, 2: 5000, 3: 5000, 4: 5000, 5: 5000, 6: 5000, 7: 5000, 8: 5000, 9: 5000}}
11-08 09:52 INFO     in comm round:1 >> Global Model Test accuracy: 0.5121
11-08 09:52 INFO     in comm round:2 >> Global Model Test accuracy: 0.5948
11-08 09:53 INFO     in comm round:3 >> Global Model Test accuracy: 0.6065
11-08 09:53 INFO     in comm round:4 >> Global Model Test accuracy: 0.7039
11-08 09:53 INFO     in comm round:5 >> Global Model Test accuracy: 0.7348
11-08 09:53 INFO     in comm round:6 >> Global Model Test accuracy: 0.7697
11-08 09:53 INFO     in comm round:7 >> Global Model Test accuracy: 0.7640
11-08 09:53 INFO     in comm round:8 >> Global Model Test accuracy: 0.8011
11-08 09:54 INFO     in comm round:9 >> Global Model Test accuracy: 0.7841
11-08 09:54 INFO     in comm round:10 >> Global Model Test accuracy: 0.7662
11-08 09:54 INFO     in comm round:11 >> Global Model Test accuracy: 0.8182
11-08 09:54 INFO     in comm round:12 >> Global Model Test accuracy: 0.7920
11-08 09:54 INFO     in comm round:13 >> Global Model Test accuracy: 0.8387
11-08 09:55 INFO     in comm round:14 >> Global Model Test accuracy: 0.8324
11-08 09:55 INFO     in comm round:15 >> Global Model Test accuracy: 0.8398
11-08 09:55 INFO     in comm round:16 >> Global Model Test accuracy: 0.8451
11-08 09:55 INFO     in comm round:17 >> Global Model Test accuracy: 0.8196
11-08 09:55 INFO     in comm round:18 >> Global Model Test accuracy: 0.8467
11-08 09:55 INFO     in comm round:19 >> Global Model Test accuracy: 0.8545
11-08 09:56 INFO     in comm round:20 >> Global Model Test accuracy: 0.8437
11-08 09:56 INFO     in comm round:21 >> Global Model Test accuracy: 0.8618
11-08 09:56 INFO     in comm round:22 >> Global Model Test accuracy: 0.8473
11-08 09:56 INFO     in comm round:23 >> Global Model Test accuracy: 0.8510
11-08 09:56 INFO     in comm round:24 >> Global Model Test accuracy: 0.8540
11-08 09:56 INFO     in comm round:25 >> Global Model Test accuracy: 0.8587
11-08 09:57 INFO     in comm round:26 >> Global Model Test accuracy: 0.8412
11-08 09:57 INFO     in comm round:27 >> Global Model Test accuracy: 0.8583
11-08 09:57 INFO     in comm round:28 >> Global Model Test accuracy: 0.8684
11-08 09:57 INFO     in comm round:29 >> Global Model Test accuracy: 0.8690
11-08 09:57 INFO     in comm round:30 >> Global Model Test accuracy: 0.8422
11-08 09:58 INFO     in comm round:31 >> Global Model Test accuracy: 0.8555
11-08 09:58 INFO     in comm round:32 >> Global Model Test accuracy: 0.8632
11-08 09:58 INFO     in comm round:33 >> Global Model Test accuracy: 0.8587
11-08 09:58 INFO     in comm round:34 >> Global Model Test accuracy: 0.8695
11-08 09:58 INFO     in comm round:35 >> Global Model Test accuracy: 0.8799
11-08 09:58 INFO     in comm round:36 >> Global Model Test accuracy: 0.8617
11-08 09:59 INFO     in comm round:37 >> Global Model Test accuracy: 0.8598
11-08 09:59 INFO     in comm round:38 >> Global Model Test accuracy: 0.8753
11-08 09:59 INFO     in comm round:39 >> Global Model Test accuracy: 0.8640
11-08 09:59 INFO     in comm round:40 >> Global Model Test accuracy: 0.8515
11-08 09:59 INFO     in comm round:41 >> Global Model Test accuracy: 0.8725
11-08 09:59 INFO     in comm round:42 >> Global Model Test accuracy: 0.8714
11-08 10:00 INFO     in comm round:43 >> Global Model Test accuracy: 0.8720
11-08 10:00 INFO     in comm round:44 >> Global Model Test accuracy: 0.8722
11-08 10:00 INFO     in comm round:45 >> Global Model Test accuracy: 0.8686
11-08 10:00 INFO     in comm round:46 >> Global Model Test accuracy: 0.8661
11-08 10:00 INFO     in comm round:47 >> Global Model Test accuracy: 0.8744
11-08 10:00 INFO     in comm round:48 >> Global Model Test accuracy: 0.8649
11-08 10:01 INFO     in comm round:49 >> Global Model Test accuracy: 0.8793
11-08 10:01 INFO     in comm round:50 >> Global Model Test accuracy: 0.8794
11-08 10:01 INFO     in comm round:51 >> Global Model Test accuracy: 0.8775
11-08 10:01 INFO     in comm round:52 >> Global Model Test accuracy: 0.8753
11-08 10:01 INFO     in comm round:53 >> Global Model Test accuracy: 0.8576
11-08 10:02 INFO     in comm round:54 >> Global Model Test accuracy: 0.8811
11-08 10:02 INFO     in comm round:55 >> Global Model Test accuracy: 0.8733
11-08 10:02 INFO     in comm round:56 >> Global Model Test accuracy: 0.8789
11-08 10:02 INFO     in comm round:57 >> Global Model Test accuracy: 0.8663
11-08 10:02 INFO     in comm round:58 >> Global Model Test accuracy: 0.8631
11-08 10:02 INFO     in comm round:59 >> Global Model Test accuracy: 0.8737
11-08 10:03 INFO     in comm round:60 >> Global Model Test accuracy: 0.8748
11-08 10:03 INFO     in comm round:61 >> Global Model Test accuracy: 0.8648
11-08 10:03 INFO     in comm round:62 >> Global Model Test accuracy: 0.8754
11-08 10:03 INFO     in comm round:63 >> Global Model Test accuracy: 0.8740
11-08 10:03 INFO     in comm round:64 >> Global Model Test accuracy: 0.8812
11-08 10:03 INFO     in comm round:65 >> Global Model Test accuracy: 0.8733
11-08 10:04 INFO     in comm round:66 >> Global Model Test accuracy: 0.8746
11-08 10:04 INFO     in comm round:67 >> Global Model Test accuracy: 0.8641
11-08 10:04 INFO     in comm round:68 >> Global Model Test accuracy: 0.8777
11-08 10:04 INFO     in comm round:69 >> Global Model Test accuracy: 0.8714
11-08 10:04 INFO     in comm round:70 >> Global Model Test accuracy: 0.8684
11-08 10:04 INFO     in comm round:71 >> Global Model Test accuracy: 0.8700
11-08 10:05 INFO     in comm round:72 >> Global Model Test accuracy: 0.8673
11-08 10:05 INFO     in comm round:73 >> Global Model Test accuracy: 0.8765
11-08 10:05 INFO     in comm round:74 >> Global Model Test accuracy: 0.8609
11-08 10:05 INFO     in comm round:75 >> Global Model Test accuracy: 0.8710
11-08 10:05 INFO     in comm round:76 >> Global Model Test accuracy: 0.8697
11-08 10:05 INFO     in comm round:77 >> Global Model Test accuracy: 0.8847
11-08 10:06 INFO     in comm round:78 >> Global Model Test accuracy: 0.8672
11-08 10:06 INFO     in comm round:79 >> Global Model Test accuracy: 0.8830
11-08 10:06 INFO     in comm round:80 >> Global Model Test accuracy: 0.8893
11-08 10:06 INFO     in comm round:81 >> Global Model Test accuracy: 0.8834
11-08 10:06 INFO     in comm round:82 >> Global Model Test accuracy: 0.8768
11-08 10:06 INFO     in comm round:83 >> Global Model Test accuracy: 0.8790
11-08 10:07 INFO     in comm round:84 >> Global Model Test accuracy: 0.8571
11-08 10:07 INFO     in comm round:85 >> Global Model Test accuracy: 0.8789
11-08 10:07 INFO     in comm round:86 >> Global Model Test accuracy: 0.8774
11-08 10:07 INFO     in comm round:87 >> Global Model Test accuracy: 0.8820
11-08 10:07 INFO     in comm round:88 >> Global Model Test accuracy: 0.8826
11-08 10:08 INFO     in comm round:89 >> Global Model Test accuracy: 0.8717
11-08 10:08 INFO     in comm round:90 >> Global Model Test accuracy: 0.8755
11-08 10:08 INFO     in comm round:91 >> Global Model Test accuracy: 0.8764
11-08 10:08 INFO     in comm round:92 >> Global Model Test accuracy: 0.8793
11-08 10:08 INFO     in comm round:93 >> Global Model Test accuracy: 0.8654
11-08 10:08 INFO     in comm round:94 >> Global Model Test accuracy: 0.8771
11-08 10:09 INFO     in comm round:95 >> Global Model Test accuracy: 0.8833
11-08 10:09 INFO     in comm round:96 >> Global Model Test accuracy: 0.8841
11-08 10:09 INFO     in comm round:97 >> Global Model Test accuracy: 0.8766
11-08 10:09 INFO     in comm round:98 >> Global Model Test accuracy: 0.8652
11-08 10:09 INFO     in comm round:99 >> Global Model Test accuracy: 0.8709
11-08 10:09 INFO     in comm round:100 >> Global Model Test accuracy: 0.8793
11-08 10:09 INFO     Starting Fine Tuning...
