03-13 15:36 INFO     cuda
03-13 15:36 INFO     Command Line Arguments: 
{
    "epochs": 1,
    "comm_round": 1,
    "sample_fraction": 1.0,
    "alpha": 0.1,
    "dataset": "cifar10",
    "datadir": "../data/",
    "partition": "subsample",
    "alg": "sflv1",
    "model": "resnet-18",
    "n_parties": 2,
    "lr": 0.01,
    "mu": 1,
    "std_coeff": 2.5,
    "unif_coeff": 0.5,
    "batch_size": 128,
    "load_first_net": 1,
    "pool_option": "FIFO",
    "model_buffer_size": 1,
    "optimizer": "sgd",
    "simp_width": 1,
    "out_dim": 256,
    "reg": 0.0005,
    "temperature": 0.5,
    "logdir": "./",
    "log_file_name": "logs/experiment_log-alg=sflv1_partition=subsample_lr=0.01_epochs=1_num_users=2_beta=0.1_batch_size=128_opt=sgd_dataset=cifar10_2024-03-13-1536-17",
    "seed": 42,
    "device": "cuda",
    "multiprocessing": 0
}
03-13 15:36 INFO     Data statistics: {0: {2: 218, 3: 1079, 4: 996, 6: 6, 7: 460, 8: 1142, 9: 1099}, 1: {0: 1452, 1: 1430, 2: 1162, 3: 1, 4: 193, 5: 1494, 6: 1397, 7: 871}}
03-13 15:36 INFO     in comm round:0
03-13 15:36 INFO     Training network 0 n_training: 5000
03-13 15:36 INFO     Training network 0
03-13 15:36 INFO     Client: 0 Epoch: 0 Loss: 1.3594974340536656
03-13 15:36 INFO      ** Client: 0 Training complete **
03-13 15:36 INFO     Training network 1 n_training: 8000
03-13 15:36 INFO     Training network 1
03-13 15:36 INFO     Client: 1 Epoch: 0 Loss: 1.4212927203024588
03-13 15:36 INFO      ** Client: 1 Training complete **
03-13 15:36 INFO     global n_training: 390
03-13 15:36 INFO     global n_test: 79
03-13 15:36 INFO     >> Global Model Train accuracy: 0.140685
03-13 15:36 INFO     >> Global Model Test accuracy: 0.142400
03-13 15:36 INFO     >> Global Model Train loss: 4.200112
03-13 15:36 INFO     Starting Fine Tuning...
03-13 15:36 INFO     Training network 0
03-13 15:36 INFO     Client: 0 Epoch: 0 Loss: 2.1886625424508126
03-13 15:36 INFO      ** Client: 0 Training complete **
03-13 15:36 INFO     Training network 0
03-13 15:36 INFO     Client: 0 Epoch: 0 Loss: 1.277385344428401
03-13 15:36 INFO      ** Client: 0 Training complete **
03-13 15:36 INFO     Training network 0
03-13 15:36 INFO     Client: 0 Epoch: 0 Loss: 1.1442773044109344
03-13 15:36 INFO      ** Client: 0 Training complete **
03-13 15:36 INFO     Training network 0
03-13 15:36 INFO     Client: 0 Epoch: 0 Loss: 1.0087106237488408
03-13 15:36 INFO      ** Client: 0 Training complete **
03-13 15:36 INFO     Training network 0
03-13 15:36 INFO     Client: 0 Epoch: 0 Loss: 0.9560292334325852
03-13 15:36 INFO      ** Client: 0 Training complete **
03-13 15:36 INFO     Training network 0
03-13 15:36 INFO     Client: 0 Epoch: 0 Loss: 0.884970304466063
03-13 15:36 INFO      ** Client: 0 Training complete **
03-13 15:36 INFO     Training network 0
03-13 15:37 INFO     Client: 0 Epoch: 0 Loss: 0.8312616617448868
03-13 15:37 INFO      ** Client: 0 Training complete **
03-13 15:37 INFO     Training network 0
03-13 15:37 INFO     Client: 0 Epoch: 0 Loss: 0.7802532892073354
03-13 15:37 INFO      ** Client: 0 Training complete **
03-13 15:37 INFO     Training network 0
03-13 15:37 INFO     Client: 0 Epoch: 0 Loss: 0.719081110531284
03-13 15:37 INFO      ** Client: 0 Training complete **
03-13 15:37 INFO     Training network 0
03-13 15:37 INFO     Client: 0 Epoch: 0 Loss: 0.688314558998231
03-13 15:37 INFO      ** Client: 0 Training complete **
03-13 15:37 INFO     Training network 0
03-13 15:37 INFO     Client: 0 Epoch: 0 Loss: 0.6614953957257732
03-13 15:37 INFO      ** Client: 0 Training complete **
03-13 15:37 INFO     Training network 0
03-13 15:37 INFO     Client: 0 Epoch: 0 Loss: 0.6319504880136059
03-13 15:37 INFO      ** Client: 0 Training complete **
03-13 15:37 INFO     Training network 0
03-13 15:37 INFO     Client: 0 Epoch: 0 Loss: 0.5989011800096881
03-13 15:37 INFO      ** Client: 0 Training complete **
03-13 15:37 INFO     Training network 1
03-13 15:37 INFO     Client: 1 Epoch: 0 Loss: 1.1080907948555485
03-13 15:37 INFO      ** Client: 1 Training complete **
03-13 15:37 INFO     Training network 1
03-13 15:37 INFO     Client: 1 Epoch: 0 Loss: 0.9440925707740169
03-13 15:37 INFO      ** Client: 1 Training complete **
03-13 15:37 INFO     Training network 1
03-13 15:37 INFO     Client: 1 Epoch: 0 Loss: 0.8574093580245972
03-13 15:37 INFO      ** Client: 1 Training complete **
03-13 15:37 INFO     Training network 1
03-13 15:37 INFO     Client: 1 Epoch: 0 Loss: 0.7737258470827534
03-13 15:37 INFO      ** Client: 1 Training complete **
03-13 15:37 INFO     Training network 1
03-13 15:37 INFO     Client: 1 Epoch: 0 Loss: 0.757102499085088
03-13 15:37 INFO      ** Client: 1 Training complete **
03-13 15:37 INFO     Training network 1
03-13 15:37 INFO     Client: 1 Epoch: 0 Loss: 0.6892622786183511
03-13 15:37 INFO      ** Client: 1 Training complete **
03-13 15:37 INFO     Training network 1
03-13 15:37 INFO     Client: 1 Epoch: 0 Loss: 0.655133833327601
03-13 15:37 INFO      ** Client: 1 Training complete **
03-13 15:37 INFO     Training network 1
03-13 15:37 INFO     Client: 1 Epoch: 0 Loss: 0.5838125223113645
03-13 15:37 INFO      ** Client: 1 Training complete **
03-13 15:37 INFO     Training network 1
03-13 15:37 INFO     Client: 1 Epoch: 0 Loss: 0.5588429724016497
03-13 15:37 INFO      ** Client: 1 Training complete **
03-13 15:38 INFO     Training network 1
03-13 15:38 INFO     Client: 1 Epoch: 0 Loss: 0.5319889380085853
03-13 15:38 INFO      ** Client: 1 Training complete **
03-13 15:38 INFO     Training network 1
03-13 15:38 INFO     Client: 1 Epoch: 0 Loss: 0.5112146115110766
03-13 15:38 INFO      ** Client: 1 Training complete **
03-13 15:38 INFO     Training network 1
03-13 15:38 INFO     Client: 1 Epoch: 0 Loss: 0.4885102471997661
03-13 15:38 INFO      ** Client: 1 Training complete **
