03-13 15:28 INFO     cuda
03-13 15:28 INFO     Command Line Arguments: 
{
    "epochs": 1,
    "comm_round": 1,
    "sample_fraction": 1.0,
    "alpha": 0.1,
    "dataset": "cifar10",
    "datadir": "../data/",
    "partition": "subsample",
    "alg": "sflv1",
    "model": "resnet-18",
    "n_parties": 2,
    "lr": 0.01,
    "mu": 1,
    "std_coeff": 2.5,
    "unif_coeff": 0.5,
    "batch_size": 128,
    "load_first_net": 1,
    "pool_option": "FIFO",
    "model_buffer_size": 1,
    "optimizer": "sgd",
    "simp_width": 1,
    "out_dim": 256,
    "reg": 0.0005,
    "temperature": 0.5,
    "logdir": "./",
    "log_file_name": "logs/experiment_log-alg=sflv1_partition=subsample_lr=0.01_epochs=1_num_users=2_beta=0.1_batch_size=128_opt=sgd_dataset=cifar10_2024-03-13-1528-31",
    "seed": 42,
    "device": "cuda",
    "multiprocessing": 0
}
03-13 15:28 INFO     Data statistics: {0: {2: 218, 3: 1079, 4: 996, 6: 6, 7: 460, 8: 1142, 9: 1099}, 1: {0: 1452, 1: 1430, 2: 1162, 3: 1, 4: 193, 5: 1494, 6: 1397, 7: 871}}
03-13 15:28 INFO     in comm round:0
03-13 15:28 INFO     Training network 0 n_training: 5000
03-13 15:28 INFO     Training network 0
03-13 15:28 INFO     Client: 0 Epoch: 0 Loss: 1.3562591503827999
03-13 15:28 INFO      ** Client: 0 Training complete **
03-13 15:28 INFO     Training network 1 n_training: 8000
03-13 15:28 INFO     Training network 1
03-13 15:28 INFO     Client: 1 Epoch: 0 Loss: 1.4144934348521694
03-13 15:28 INFO      ** Client: 1 Training complete **
03-13 15:28 INFO     global n_training: 390
03-13 15:28 INFO     global n_test: 79
03-13 15:28 INFO     >> Global Model Train accuracy: 0.132432
03-13 15:28 INFO     >> Global Model Test accuracy: 0.126500
03-13 15:28 INFO     >> Global Model Train loss: 4.191275
03-13 15:28 INFO     Starting Fine Tuning...
03-13 15:28 INFO     Training network 0
03-13 15:28 INFO     Client: 0 Epoch: 0 Loss: 2.08132222583217
03-13 15:28 INFO      ** Client: 0 Training complete **
03-13 15:28 INFO     Training network 0
03-13 15:28 INFO     Client: 0 Epoch: 0 Loss: 1.2003439241839993
03-13 15:28 INFO      ** Client: 0 Training complete **
03-13 15:28 INFO     Training network 0
03-13 15:29 INFO     Client: 0 Epoch: 0 Loss: 1.0694639403973856
03-13 15:29 INFO      ** Client: 0 Training complete **
03-13 15:29 INFO     Training network 0
03-13 15:29 INFO     Client: 0 Epoch: 0 Loss: 0.9377252219184753
03-13 15:29 INFO      ** Client: 0 Training complete **
03-13 15:29 INFO     Training network 0
03-13 15:29 INFO     Client: 0 Epoch: 0 Loss: 0.9032429466324468
03-13 15:29 INFO      ** Client: 0 Training complete **
03-13 15:29 INFO     Training network 0
03-13 15:29 INFO     Client: 0 Epoch: 0 Loss: 0.8103642550206953
03-13 15:29 INFO      ** Client: 0 Training complete **
03-13 15:29 INFO     Training network 0
03-13 15:29 INFO     Client: 0 Epoch: 0 Loss: 0.7697457334687633
03-13 15:29 INFO      ** Client: 0 Training complete **
03-13 15:29 INFO     Training network 0
03-13 15:29 INFO     Client: 0 Epoch: 0 Loss: 0.7029664064607313
03-13 15:29 INFO      ** Client: 0 Training complete **
03-13 15:29 INFO     Training network 0
03-13 15:29 INFO     Client: 0 Epoch: 0 Loss: 0.6644273188806349
03-13 15:29 INFO      ** Client: 0 Training complete **
03-13 15:29 INFO     Training network 0
03-13 15:29 INFO     Client: 0 Epoch: 0 Loss: 0.6184173735880083
03-13 15:29 INFO      ** Client: 0 Training complete **
03-13 15:29 INFO     Training network 0
03-13 15:29 INFO     Client: 0 Epoch: 0 Loss: 0.598007628033238
03-13 15:29 INFO      ** Client: 0 Training complete **
03-13 15:29 INFO     Training network 0
03-13 15:29 INFO     Client: 0 Epoch: 0 Loss: 0.5836242509465064
03-13 15:29 INFO      ** Client: 0 Training complete **
03-13 15:29 INFO     Training network 0
03-13 15:29 INFO     Client: 0 Epoch: 0 Loss: 0.5399643250050083
03-13 15:29 INFO      ** Client: 0 Training complete **
03-13 15:29 INFO     Training network 0
03-13 15:29 INFO     Client: 0 Epoch: 0 Loss: 0.4970731759263623
03-13 15:29 INFO      ** Client: 0 Training complete **
03-13 15:29 INFO     Training network 0
03-13 15:29 INFO     Client: 0 Epoch: 0 Loss: 0.4590244783509162
03-13 15:29 INFO      ** Client: 0 Training complete **
03-13 15:29 INFO     Training network 0
03-13 15:29 INFO     Client: 0 Epoch: 0 Loss: 0.4589415144535803
03-13 15:29 INFO      ** Client: 0 Training complete **
03-13 15:29 INFO     Training network 0
03-13 15:29 INFO     Client: 0 Epoch: 0 Loss: 0.4089001426773687
03-13 15:29 INFO      ** Client: 0 Training complete **
03-13 15:29 INFO     Training network 0
03-13 15:29 INFO     Client: 0 Epoch: 0 Loss: 0.40443258179772285
03-13 15:29 INFO      ** Client: 0 Training complete **
03-13 15:29 INFO     Training network 0
03-13 15:30 INFO     Client: 0 Epoch: 0 Loss: 0.39615069305704487
03-13 15:30 INFO      ** Client: 0 Training complete **
03-13 15:30 INFO     Training network 0
03-13 15:30 INFO     Client: 0 Epoch: 0 Loss: 0.3902514038547393
03-13 15:30 INFO      ** Client: 0 Training complete **
03-13 15:30 INFO     Training network 0
03-13 15:30 INFO     Client: 0 Epoch: 0 Loss: 0.3524415903995114
03-13 15:30 INFO      ** Client: 0 Training complete **
03-13 15:30 INFO     Training network 0
03-13 15:30 INFO     Client: 0 Epoch: 0 Loss: 0.3257798302558161
03-13 15:30 INFO      ** Client: 0 Training complete **
03-13 15:30 INFO     Training network 0
03-13 15:30 INFO     Client: 0 Epoch: 0 Loss: 0.31621177109979814
03-13 15:30 INFO      ** Client: 0 Training complete **
03-13 15:30 INFO     Training network 0
03-13 15:30 INFO     Client: 0 Epoch: 0 Loss: 0.30634893380826517
03-13 15:30 INFO      ** Client: 0 Training complete **
03-13 15:30 INFO     Training network 0
