03-17 16:24 INFO     cuda:0
03-17 16:24 INFO     Command Line Arguments: 
{
    "epochs": 5,
    "comm_round": 50,
    "sample_fraction": 1.0,
    "alpha": 1e+200,
    "dataset": "cifar100",
    "datadir": "../data/",
    "partition": "subsample",
    "alg": "sflv2",
    "model": "resnet-18",
    "n_parties": 2,
    "lr": 0.01,
    "mu": 1,
    "std_coeff": 2.5,
    "unif_coeff": 0.5,
    "batch_size": 128,
    "load_first_net": 1,
    "pool_option": "FIFO",
    "model_buffer_size": 1,
    "optimizer": "sgd",
    "simp_width": 1,
    "out_dim": 256,
    "reg": 0.0005,
    "temperature": 0.5,
    "logdir": "./",
    "log_file_name": "logs/experiment_log-alg=sflv2_partition=subsample_lr=0.01_epochs=5_num_users=2_beta=1e+200_batch_size=128_opt=sgd_dataset=cifar100_2024-03-17-1624-51",
    "seed": 1,
    "device": "cuda:0"
}
03-17 16:24 INFO     Data statistics: {0: {0: 41, 1: 46, 2: 54, 3: 29, 4: 40, 5: 46, 6: 43, 7: 49, 8: 44, 9: 52, 10: 42, 11: 51, 12: 47, 13: 58, 14: 59, 15: 63, 16: 49, 17: 48, 18: 50, 19: 55, 20: 60, 21: 58, 22: 55, 23: 49, 24: 42, 25: 47, 26: 45, 27: 50, 28: 52, 29: 51, 30: 43, 31: 46, 32: 48, 33: 63, 34: 53, 35: 61, 36: 50, 37: 42, 38: 43, 39: 56, 40: 48, 41: 38, 42: 59, 43: 57, 44: 51, 45: 43, 46: 50, 47: 42, 48: 52, 49: 55, 50: 45, 51: 54, 52: 48, 53: 47, 54: 47, 55: 62, 56: 49, 57: 47, 58: 51, 59: 42, 60: 44, 61: 56, 62: 42, 63: 50, 64: 45, 65: 53, 66: 61, 67: 54, 68: 59, 69: 48, 70: 50, 71: 50, 72: 53, 73: 48, 74: 41, 75: 53, 76: 53, 77: 63, 78: 44, 79: 60, 80: 53, 81: 45, 82: 47, 83: 47, 84: 51, 85: 47, 86: 55, 87: 58, 88: 47, 89: 52, 90: 59, 91: 48, 92: 50, 93: 61, 94: 39, 95: 60, 96: 43, 97: 40, 98: 49, 99: 55}, 1: {0: 88, 1: 79, 2: 79, 3: 73, 4: 82, 5: 81, 6: 69, 7: 85, 8: 72, 9: 78, 10: 93, 11: 86, 12: 89, 13: 85, 14: 77, 15: 80, 16: 68, 17: 89, 18: 98, 19: 65, 20: 73, 21: 82, 22: 87, 23: 77, 24: 84, 25: 79, 26: 85, 27: 79, 28: 76, 29: 81, 30: 87, 31: 78, 32: 79, 33: 86, 34: 79, 35: 78, 36: 76, 37: 70, 38: 76, 39: 90, 40: 82, 41: 69, 42: 79, 43: 82, 44: 81, 45: 75, 46: 88, 47: 70, 48: 88, 49: 88, 50: 85, 51: 84, 52: 86, 53: 81, 54: 79, 55: 86, 56: 75, 57: 85, 58: 78, 59: 86, 60: 62, 61: 87, 62: 81, 63: 71, 64: 88, 65: 79, 66: 78, 67: 82, 68: 66, 69: 100, 70: 86, 71: 75, 72: 73, 73: 73, 74: 80, 75: 84, 76: 88, 77: 66, 78: 78, 79: 81, 80: 78, 81: 85, 82: 81, 83: 68, 84: 78, 85: 87, 86: 78, 87: 79, 88: 88, 89: 81, 90: 69, 91: 88, 92: 75, 93: 81, 94: 86, 95: 80, 96: 87, 97: 65, 98: 74, 99: 69}}
03-17 16:24 INFO     in comm round:0
03-17 16:24 INFO     Training network 0 n_training: 5000
03-17 16:24 INFO     Training network 0
03-17 16:24 INFO     n_training: 39
03-17 16:25 INFO     Client: 0 Epoch: 0 Loss: 4.430846043122121
03-17 16:25 INFO     Client: 0 Epoch: 1 Loss: 4.031938412250617
03-17 16:25 INFO     Client: 0 Epoch: 2 Loss: 3.808486730624468
03-17 16:25 INFO     Client: 0 Epoch: 3 Loss: 3.60096847705352
03-17 16:25 INFO     Client: 0 Epoch: 4 Loss: 3.446782032648722
03-17 16:25 INFO      ** Client: 0 Training complete **
03-17 16:25 INFO     Training network 1 n_training: 8000
03-17 16:25 INFO     Training network 1
03-17 16:25 INFO     n_training: 62
03-17 16:25 INFO     Client: 1 Epoch: 0 Loss: 4.142828260698626
03-17 16:25 INFO     Client: 1 Epoch: 1 Loss: 3.7018075989138697
03-17 16:25 INFO     Client: 1 Epoch: 2 Loss: 3.4600499714574506
03-17 16:25 INFO     Client: 1 Epoch: 3 Loss: 3.284197753475558
03-17 16:25 INFO     Client: 1 Epoch: 4 Loss: 3.120095376045473
03-17 16:25 INFO      ** Client: 1 Training complete **
03-17 16:25 INFO     global n_training: 390
03-17 16:25 INFO     global n_test: 79
03-17 16:25 INFO     >> Global Model Train accuracy: 0.0921, Train accuracy top-5: 0.2658
03-17 16:25 INFO     >> Global Model Test accuracy: 0.0998, Test accuracy top-5: 0.2824
03-17 16:25 INFO     >> Global Model Train loss: 4.2125
03-17 16:25 INFO     in comm round:1
03-17 16:25 INFO     Training network 0 n_training: 5000
03-17 16:25 INFO     Training network 0
03-17 16:25 INFO     n_training: 39
03-17 16:25 INFO     Client: 0 Epoch: 0 Loss: 3.351041133587177
03-17 16:25 INFO     Client: 0 Epoch: 1 Loss: 3.1619839118077206
03-17 16:25 INFO     Client: 0 Epoch: 2 Loss: 2.9293588308187632
03-17 16:25 INFO     Client: 0 Epoch: 3 Loss: 2.798234964028383
03-17 16:25 INFO     Client: 0 Epoch: 4 Loss: 2.6948632093576284
03-17 16:25 INFO      ** Client: 0 Training complete **
03-17 16:25 INFO     Training network 1 n_training: 8000
03-17 16:25 INFO     Training network 1
03-17 16:25 INFO     n_training: 62
03-17 16:25 INFO     Client: 1 Epoch: 0 Loss: 3.256903090784627
03-17 16:25 INFO     Client: 1 Epoch: 1 Loss: 3.010721637356666
03-17 16:25 INFO     Client: 1 Epoch: 2 Loss: 2.825492085949067
03-17 16:25 INFO     Client: 1 Epoch: 3 Loss: 2.662514159756322
03-17 16:25 INFO     Client: 1 Epoch: 4 Loss: 2.539985587519984
03-17 16:25 INFO      ** Client: 1 Training complete **
03-17 16:25 INFO     global n_training: 390
03-17 16:25 INFO     global n_test: 79
03-17 16:25 INFO     >> Global Model Train accuracy: 0.3007, Train accuracy top-5: 0.6087
03-17 16:25 INFO     >> Global Model Test accuracy: 0.2975, Test accuracy top-5: 0.6011
03-17 16:25 INFO     >> Global Model Train loss: 2.7976
03-17 16:25 INFO     in comm round:2
03-17 16:25 INFO     Training network 0 n_training: 5000
03-17 16:25 INFO     Training network 0
03-17 16:25 INFO     n_training: 39
03-17 16:25 INFO     Client: 0 Epoch: 0 Loss: 2.646591137617062
03-17 16:25 INFO     Client: 0 Epoch: 1 Loss: 2.485816252537263
03-17 16:26 INFO     Client: 0 Epoch: 2 Loss: 2.3206816758864965
03-17 16:26 INFO     Client: 0 Epoch: 3 Loss: 2.163599824294066
03-17 16:26 INFO     Client: 0 Epoch: 4 Loss: 2.018069545427958
03-17 16:26 INFO      ** Client: 0 Training complete **
03-17 16:26 INFO     Training network 1 n_training: 8000
03-17 16:26 INFO     Training network 1
03-17 16:26 INFO     n_training: 62
03-17 16:26 INFO     Client: 1 Epoch: 0 Loss: 2.613079282545274
03-17 16:26 INFO     Client: 1 Epoch: 1 Loss: 2.4245834504404375
03-17 16:26 INFO     Client: 1 Epoch: 2 Loss: 2.284100099917381
03-17 16:26 INFO     Client: 1 Epoch: 3 Loss: 2.1285531751571165
03-17 16:26 INFO     Client: 1 Epoch: 4 Loss: 1.9683316965256967
03-17 16:26 INFO      ** Client: 1 Training complete **
03-17 16:26 INFO     global n_training: 390
03-17 16:26 INFO     global n_test: 79
03-17 16:26 INFO     >> Global Model Train accuracy: 0.3741, Train accuracy top-5: 0.7006
03-17 16:26 INFO     >> Global Model Test accuracy: 0.3608, Test accuracy top-5: 0.6775
03-17 16:26 INFO     >> Global Model Train loss: 2.4454
03-17 16:26 INFO     in comm round:3
03-17 16:26 INFO     Training network 0 n_training: 5000
03-17 16:26 INFO     Training network 0
03-17 16:26 INFO     n_training: 39
03-17 16:26 INFO     Client: 0 Epoch: 0 Loss: 2.1170661479998856
03-17 16:26 INFO     Client: 0 Epoch: 1 Loss: 1.96258095288888
03-17 16:26 INFO     Client: 0 Epoch: 2 Loss: 1.7924404908449223
03-17 16:26 INFO     Client: 0 Epoch: 3 Loss: 1.6302151252061894
03-17 16:26 INFO     Client: 0 Epoch: 4 Loss: 1.5127001114380665
03-17 16:26 INFO      ** Client: 0 Training complete **
03-17 16:26 INFO     Training network 1 n_training: 8000
03-17 16:26 INFO     Training network 1
03-17 16:26 INFO     n_training: 62
03-17 16:26 INFO     Client: 1 Epoch: 0 Loss: 2.1326221881374234
03-17 16:26 INFO     Client: 1 Epoch: 1 Loss: 1.992739604365441
03-17 16:26 INFO     Client: 1 Epoch: 2 Loss: 1.847216829176872
03-17 16:26 INFO     Client: 1 Epoch: 3 Loss: 1.705081203291493
03-17 16:26 INFO     Client: 1 Epoch: 4 Loss: 1.5471947943010638
03-17 16:26 INFO      ** Client: 1 Training complete **
03-17 16:26 INFO     global n_training: 390
03-17 16:26 INFO     global n_test: 79
03-17 16:26 INFO     >> Global Model Train accuracy: 0.4341, Train accuracy top-5: 0.7486
03-17 16:26 INFO     >> Global Model Test accuracy: 0.4094, Test accuracy top-5: 0.7196
03-17 16:26 INFO     >> Global Model Train loss: 2.1993
03-17 16:26 INFO     in comm round:4
03-17 16:26 INFO     Training network 0 n_training: 5000
03-17 16:26 INFO     Training network 0
03-17 16:26 INFO     n_training: 39
03-17 16:26 INFO     Client: 0 Epoch: 0 Loss: 1.6587117390754895
03-17 16:26 INFO     Client: 0 Epoch: 1 Loss: 1.5639706085889766
03-17 16:26 INFO     Client: 0 Epoch: 2 Loss: 1.3726678230823615
03-17 16:26 INFO     Client: 0 Epoch: 3 Loss: 1.193642251002483
03-17 16:26 INFO     Client: 0 Epoch: 4 Loss: 1.0904387938670623
03-17 16:26 INFO      ** Client: 0 Training complete **
03-17 16:26 INFO     Training network 1 n_training: 8000
03-17 16:26 INFO     Training network 1
03-17 16:26 INFO     n_training: 62
03-17 16:27 INFO     Client: 1 Epoch: 0 Loss: 1.767506012993474
03-17 16:27 INFO     Client: 1 Epoch: 1 Loss: 1.6016254848049534
03-17 16:27 INFO     Client: 1 Epoch: 2 Loss: 1.4483051896095276
03-17 16:27 INFO     Client: 1 Epoch: 3 Loss: 1.3211334501543353
03-17 16:27 INFO     Client: 1 Epoch: 4 Loss: 1.2049927788396035
03-17 16:27 INFO      ** Client: 1 Training complete **
03-17 16:27 INFO     global n_training: 390
03-17 16:27 INFO     global n_test: 79
03-17 16:27 INFO     >> Global Model Train accuracy: 0.4778, Train accuracy top-5: 0.7773
03-17 16:27 INFO     >> Global Model Test accuracy: 0.4379, Test accuracy top-5: 0.7451
03-17 16:27 INFO     >> Global Model Train loss: 2.0464
03-17 16:27 INFO     in comm round:5
03-17 16:27 INFO     Training network 0 n_training: 5000
03-17 16:27 INFO     Training network 0
03-17 16:27 INFO     n_training: 39
03-17 16:27 INFO     Client: 0 Epoch: 0 Loss: 1.3074154120225172
03-17 16:27 INFO     Client: 0 Epoch: 1 Loss: 1.147661566734314
03-17 16:27 INFO     Client: 0 Epoch: 2 Loss: 1.0236348815453358
03-17 16:27 INFO     Client: 0 Epoch: 3 Loss: 0.8389206803761996
03-17 16:27 INFO     Client: 0 Epoch: 4 Loss: 0.725248688306564
03-17 16:27 INFO      ** Client: 0 Training complete **
03-17 16:27 INFO     Training network 1 n_training: 8000
03-17 16:27 INFO     Training network 1
03-17 16:27 INFO     n_training: 62
03-17 16:27 INFO     Client: 1 Epoch: 0 Loss: 1.4076592153118503
03-17 16:27 INFO     Client: 1 Epoch: 1 Loss: 1.2905115408282126
03-17 16:27 INFO     Client: 1 Epoch: 2 Loss: 1.1576896905899048
03-17 16:27 INFO     Client: 1 Epoch: 3 Loss: 1.0114790499210358
03-17 16:27 INFO     Client: 1 Epoch: 4 Loss: 0.9170209073251293
03-17 16:27 INFO      ** Client: 1 Training complete **
03-17 16:27 INFO     global n_training: 390
03-17 16:27 INFO     global n_test: 79
03-17 16:27 INFO     >> Global Model Train accuracy: 0.5093, Train accuracy top-5: 0.7994
03-17 16:27 INFO     >> Global Model Test accuracy: 0.4606, Test accuracy top-5: 0.7568
03-17 16:27 INFO     >> Global Model Train loss: 1.9415
03-17 16:27 INFO     in comm round:6
03-17 16:27 INFO     Training network 0 n_training: 5000
03-17 16:27 INFO     Training network 0
03-17 16:27 INFO     n_training: 39
03-17 16:27 INFO     Client: 0 Epoch: 0 Loss: 1.0180301314745195
03-17 16:27 INFO     Client: 0 Epoch: 1 Loss: 0.8454695771902035
03-17 16:27 INFO     Client: 0 Epoch: 2 Loss: 0.711560784242092
03-17 16:27 INFO     Client: 0 Epoch: 3 Loss: 0.567498084062185
03-17 16:27 INFO     Client: 0 Epoch: 4 Loss: 0.46206296101594585
03-17 16:27 INFO      ** Client: 0 Training complete **
03-17 16:27 INFO     Training network 1 n_training: 8000
03-17 16:27 INFO     Training network 1
03-17 16:27 INFO     n_training: 62
03-17 16:27 INFO     Client: 1 Epoch: 0 Loss: 1.1176674279474443
03-17 16:27 INFO     Client: 1 Epoch: 1 Loss: 1.0050129054054138
03-17 16:28 INFO     Client: 1 Epoch: 2 Loss: 0.9003736886285967
03-17 16:28 INFO     Client: 1 Epoch: 3 Loss: 0.7580287158489227
03-17 16:28 INFO     Client: 1 Epoch: 4 Loss: 0.6583267508014556
03-17 16:28 INFO      ** Client: 1 Training complete **
03-17 16:28 INFO     global n_training: 390
03-17 16:28 INFO     global n_test: 79
03-17 16:28 INFO     >> Global Model Train accuracy: 0.5390, Train accuracy top-5: 0.8150
03-17 16:28 INFO     >> Global Model Test accuracy: 0.4748, Test accuracy top-5: 0.7679
03-17 16:28 INFO     >> Global Model Train loss: 1.8759
03-17 16:28 INFO     in comm round:7
03-17 16:28 INFO     Training network 0 n_training: 5000
03-17 16:28 INFO     Training network 0
03-17 16:28 INFO     n_training: 39
03-17 16:28 INFO     Client: 0 Epoch: 0 Loss: 0.7697048294238555
03-17 16:28 INFO     Client: 0 Epoch: 1 Loss: 0.6382014736151084
03-17 16:28 INFO     Client: 0 Epoch: 2 Loss: 0.48544041697795576
03-17 16:28 INFO     Client: 0 Epoch: 3 Loss: 0.38204564039523786
03-17 16:28 INFO     Client: 0 Epoch: 4 Loss: 0.29590305303915954
03-17 16:28 INFO      ** Client: 0 Training complete **
03-17 16:28 INFO     Training network 1 n_training: 8000
03-17 16:28 INFO     Training network 1
03-17 16:28 INFO     n_training: 62
03-17 16:28 INFO     Client: 1 Epoch: 0 Loss: 0.8411591581759914
03-17 16:28 INFO     Client: 1 Epoch: 1 Loss: 0.775238880226689
03-17 16:28 INFO     Client: 1 Epoch: 2 Loss: 0.6281279556212886
03-17 16:28 INFO     Client: 1 Epoch: 3 Loss: 0.5235688335472538
03-17 16:28 INFO     Client: 1 Epoch: 4 Loss: 0.46727026950928474
03-17 16:28 INFO      ** Client: 1 Training complete **
03-17 16:28 INFO     global n_training: 390
03-17 16:28 INFO     global n_test: 79
03-17 16:28 INFO     >> Global Model Train accuracy: 0.5534, Train accuracy top-5: 0.8181
03-17 16:28 INFO     >> Global Model Test accuracy: 0.4766, Test accuracy top-5: 0.7723
03-17 16:28 INFO     >> Global Model Train loss: 1.9311
03-17 16:28 INFO     in comm round:8
03-17 16:28 INFO     Training network 0 n_training: 5000
03-17 16:28 INFO     Training network 0
03-17 16:28 INFO     n_training: 39
03-17 16:28 INFO     Client: 0 Epoch: 0 Loss: 0.5275703500478696
03-17 16:28 INFO     Client: 0 Epoch: 1 Loss: 0.4707183387034979
03-17 16:28 INFO     Client: 0 Epoch: 2 Loss: 0.362285689665721
03-17 16:28 INFO     Client: 0 Epoch: 3 Loss: 0.2635002774305833
03-17 16:28 INFO     Client: 0 Epoch: 4 Loss: 0.19786981015633315
03-17 16:28 INFO      ** Client: 0 Training complete **
03-17 16:28 INFO     Training network 1 n_training: 8000
03-17 16:28 INFO     Training network 1
03-17 16:28 INFO     n_training: 62
03-17 16:28 INFO     Client: 1 Epoch: 0 Loss: 0.6346903260677091
03-17 16:28 INFO     Client: 1 Epoch: 1 Loss: 0.5797473197021792
03-17 16:28 INFO     Client: 1 Epoch: 2 Loss: 0.4705726985008486
03-17 16:28 INFO     Client: 1 Epoch: 3 Loss: 0.3559442143286428
03-17 16:29 INFO     Client: 1 Epoch: 4 Loss: 0.2919076755642891
03-17 16:29 INFO      ** Client: 1 Training complete **
03-17 16:29 INFO     global n_training: 390
03-17 16:29 INFO     global n_test: 79
03-17 16:29 INFO     >> Global Model Train accuracy: 0.5827, Train accuracy top-5: 0.8307
03-17 16:29 INFO     >> Global Model Test accuracy: 0.4915, Test accuracy top-5: 0.7757
03-17 16:29 INFO     >> Global Model Train loss: 1.8243
03-17 16:29 INFO     in comm round:9
03-17 16:29 INFO     Training network 0 n_training: 5000
03-17 16:29 INFO     Training network 0
03-17 16:29 INFO     n_training: 39
03-17 16:29 INFO     Client: 0 Epoch: 0 Loss: 0.39154472641455823
03-17 16:29 INFO     Client: 0 Epoch: 1 Loss: 0.32574042410422593
03-17 16:29 INFO     Client: 0 Epoch: 2 Loss: 0.2387032157335526
03-17 16:29 INFO     Client: 0 Epoch: 3 Loss: 0.17540391114277717
03-17 16:29 INFO     Client: 0 Epoch: 4 Loss: 0.13630629235353225
03-17 16:29 INFO      ** Client: 0 Training complete **
03-17 16:29 INFO     Training network 1 n_training: 8000
03-17 16:29 INFO     Training network 1
03-17 16:29 INFO     n_training: 62
03-17 16:29 INFO     Client: 1 Epoch: 0 Loss: 0.4427911915606068
03-17 16:29 INFO     Client: 1 Epoch: 1 Loss: 0.4002889832181315
03-17 16:29 INFO     Client: 1 Epoch: 2 Loss: 0.32443194331661346
03-17 16:29 INFO     Client: 1 Epoch: 3 Loss: 0.2606814542124348
03-17 16:29 INFO     Client: 1 Epoch: 4 Loss: 0.23395738726662052
03-17 16:29 INFO      ** Client: 1 Training complete **
03-17 16:29 INFO     global n_training: 390
03-17 16:29 INFO     global n_test: 79
03-17 16:29 INFO     >> Global Model Train accuracy: 0.5987, Train accuracy top-5: 0.8342
03-17 16:29 INFO     >> Global Model Test accuracy: 0.4927, Test accuracy top-5: 0.7793
03-17 16:29 INFO     >> Global Model Train loss: 1.8146
03-17 16:29 INFO     in comm round:10
03-17 16:29 INFO     Training network 0 n_training: 5000
03-17 16:29 INFO     Training network 0
03-17 16:29 INFO     n_training: 39
03-17 16:29 INFO     Client: 0 Epoch: 0 Loss: 0.28856749603381526
03-17 16:29 INFO     Client: 0 Epoch: 1 Loss: 0.25827351709206897
03-17 16:29 INFO     Client: 0 Epoch: 2 Loss: 0.1850364836744773
03-17 16:29 INFO     Client: 0 Epoch: 3 Loss: 0.12644118127914575
03-17 16:29 INFO     Client: 0 Epoch: 4 Loss: 0.08905515495019081
03-17 16:29 INFO      ** Client: 0 Training complete **
03-17 16:29 INFO     Training network 1 n_training: 8000
03-17 16:29 INFO     Training network 1
03-17 16:29 INFO     n_training: 62
03-17 16:29 INFO     Client: 1 Epoch: 0 Loss: 0.2742899245312137
03-17 16:29 INFO     Client: 1 Epoch: 1 Loss: 0.2498116752793712
03-17 16:29 INFO     Client: 1 Epoch: 2 Loss: 0.20614263427353674
03-17 16:29 INFO     Client: 1 Epoch: 3 Loss: 0.1813524096242843
03-17 16:29 INFO     Client: 1 Epoch: 4 Loss: 0.15134945920398157
03-17 16:29 INFO      ** Client: 1 Training complete **
03-17 16:29 INFO     global n_training: 390
03-17 16:29 INFO     global n_test: 79
03-17 16:30 INFO     >> Global Model Train accuracy: 0.6180, Train accuracy top-5: 0.8397
03-17 16:30 INFO     >> Global Model Test accuracy: 0.5105, Test accuracy top-5: 0.7871
03-17 16:30 INFO     >> Global Model Train loss: 1.7491
03-17 16:30 INFO     in comm round:11
03-17 16:30 INFO     Training network 0 n_training: 5000
03-17 16:30 INFO     Training network 0
03-17 16:30 INFO     n_training: 39
03-17 16:30 INFO     Client: 0 Epoch: 0 Loss: 0.1874572223959825
03-17 16:30 INFO     Client: 0 Epoch: 1 Loss: 0.16933638889055985
03-17 16:30 INFO     Client: 0 Epoch: 2 Loss: 0.1187101124953001
03-17 16:30 INFO     Client: 0 Epoch: 3 Loss: 0.07356489153626637
03-17 16:30 INFO     Client: 0 Epoch: 4 Loss: 0.0499463091389491
03-17 16:30 INFO      ** Client: 0 Training complete **
03-17 16:30 INFO     Training network 1 n_training: 8000
03-17 16:30 INFO     Training network 1
03-17 16:30 INFO     n_training: 62
03-17 16:30 INFO     Client: 1 Epoch: 0 Loss: 0.18629780916437025
03-17 16:30 INFO     Client: 1 Epoch: 1 Loss: 0.17875094663712285
03-17 16:30 INFO     Client: 1 Epoch: 2 Loss: 0.1298600839030358
03-17 16:30 INFO     Client: 1 Epoch: 3 Loss: 0.1155487434758294
03-17 16:30 INFO     Client: 1 Epoch: 4 Loss: 0.09010323353352086
03-17 16:30 INFO      ** Client: 1 Training complete **
03-17 16:30 INFO     global n_training: 390
03-17 16:30 INFO     global n_test: 79
03-17 16:30 INFO     >> Global Model Train accuracy: 0.6307, Train accuracy top-5: 0.8447
03-17 16:30 INFO     >> Global Model Test accuracy: 0.5193, Test accuracy top-5: 0.7953
03-17 16:30 INFO     >> Global Model Train loss: 1.7059
03-17 16:30 INFO     in comm round:12
03-17 16:30 INFO     Training network 0 n_training: 5000
03-17 16:30 INFO     Training network 0
03-17 16:30 INFO     n_training: 39
03-17 16:30 INFO     Client: 0 Epoch: 0 Loss: 0.1410203931423334
03-17 16:30 INFO     Client: 0 Epoch: 1 Loss: 0.10999476451140183
03-17 16:30 INFO     Client: 0 Epoch: 2 Loss: 0.0802809124191602
03-17 16:30 INFO     Client: 0 Epoch: 3 Loss: 0.056017294621620424
03-17 16:30 INFO     Client: 0 Epoch: 4 Loss: 0.04162788281264978
03-17 16:30 INFO      ** Client: 0 Training complete **
03-17 16:30 INFO     Training network 1 n_training: 8000
03-17 16:30 INFO     Training network 1
03-17 16:30 INFO     n_training: 62
03-17 16:30 INFO     Client: 1 Epoch: 0 Loss: 0.12555035263780626
03-17 16:30 INFO     Client: 1 Epoch: 1 Loss: 0.13016809511088556
03-17 16:30 INFO     Client: 1 Epoch: 2 Loss: 0.1066133298220173
03-17 16:30 INFO     Client: 1 Epoch: 3 Loss: 0.08566135558630189
03-17 16:30 INFO     Client: 1 Epoch: 4 Loss: 0.05646825707968204
03-17 16:30 INFO      ** Client: 1 Training complete **
03-17 16:30 INFO     global n_training: 390
03-17 16:30 INFO     global n_test: 79
03-17 16:30 INFO     >> Global Model Train accuracy: 0.6341, Train accuracy top-5: 0.8462
03-17 16:30 INFO     >> Global Model Test accuracy: 0.5211, Test accuracy top-5: 0.7966
03-17 16:30 INFO     >> Global Model Train loss: 1.7280
03-17 16:30 INFO     in comm round:13
03-17 16:30 INFO     Training network 0 n_training: 5000
03-17 16:30 INFO     Training network 0
03-17 16:30 INFO     n_training: 39
03-17 16:30 INFO     Client: 0 Epoch: 0 Loss: 0.09230538830161095
03-17 16:31 INFO     Client: 0 Epoch: 1 Loss: 0.08244559942529751
03-17 16:31 INFO     Client: 0 Epoch: 2 Loss: 0.05984214167946424
03-17 16:31 INFO     Client: 0 Epoch: 3 Loss: 0.04277661299476257
03-17 16:31 INFO     Client: 0 Epoch: 4 Loss: 0.02989641369248812
03-17 16:31 INFO      ** Client: 0 Training complete **
03-17 16:31 INFO     Training network 1 n_training: 8000
03-17 16:31 INFO     Training network 1
03-17 16:31 INFO     n_training: 62
03-17 16:31 INFO     Client: 1 Epoch: 0 Loss: 0.08144061465657526
03-17 16:31 INFO     Client: 1 Epoch: 1 Loss: 0.06015865384571014
03-17 16:31 INFO     Client: 1 Epoch: 2 Loss: 0.053365066196889646
03-17 16:31 INFO     Client: 1 Epoch: 3 Loss: 0.04862897037979095
03-17 16:31 INFO     Client: 1 Epoch: 4 Loss: 0.03721633054796727
03-17 16:31 INFO      ** Client: 1 Training complete **
03-17 16:31 INFO     global n_training: 390
03-17 16:31 INFO     global n_test: 79
03-17 16:31 INFO     >> Global Model Train accuracy: 0.6382, Train accuracy top-5: 0.8449
03-17 16:31 INFO     >> Global Model Test accuracy: 0.5252, Test accuracy top-5: 0.7950
03-17 16:31 INFO     >> Global Model Train loss: 1.7140
03-17 16:31 INFO     in comm round:14
03-17 16:31 INFO     Training network 0 n_training: 5000
03-17 16:31 INFO     Training network 0
03-17 16:31 INFO     n_training: 39
03-17 16:31 INFO     Client: 0 Epoch: 0 Loss: 0.06506180505339916
03-17 16:31 INFO     Client: 0 Epoch: 1 Loss: 0.0576997367808452
03-17 16:31 INFO     Client: 0 Epoch: 2 Loss: 0.036835405927820086
03-17 16:31 INFO     Client: 0 Epoch: 3 Loss: 0.025460707811781995
03-17 16:31 INFO     Client: 0 Epoch: 4 Loss: 0.01940680374033176
03-17 16:31 INFO      ** Client: 0 Training complete **
03-17 16:31 INFO     Training network 1 n_training: 8000
03-17 16:31 INFO     Training network 1
03-17 16:31 INFO     n_training: 62
03-17 16:31 INFO     Client: 1 Epoch: 0 Loss: 0.04729972205935947
03-17 16:31 INFO     Client: 1 Epoch: 1 Loss: 0.041622423506792516
03-17 16:31 INFO     Client: 1 Epoch: 2 Loss: 0.03511641925621417
03-17 16:31 INFO     Client: 1 Epoch: 3 Loss: 0.02738115625576146
03-17 16:31 INFO     Client: 1 Epoch: 4 Loss: 0.023481379668678967
03-17 16:31 INFO      ** Client: 1 Training complete **
03-17 16:31 INFO     global n_training: 390
03-17 16:31 INFO     global n_test: 79
03-17 16:31 INFO     >> Global Model Train accuracy: 0.6417, Train accuracy top-5: 0.8452
03-17 16:31 INFO     >> Global Model Test accuracy: 0.5215, Test accuracy top-5: 0.7950
03-17 16:31 INFO     >> Global Model Train loss: 1.7081
03-17 16:31 INFO     in comm round:15
03-17 16:31 INFO     Training network 0 n_training: 5000
03-17 16:31 INFO     Training network 0
03-17 16:31 INFO     n_training: 39
03-17 16:31 INFO     Client: 0 Epoch: 0 Loss: 0.04313880252914551
03-17 16:31 INFO     Client: 0 Epoch: 1 Loss: 0.02794737048829213
03-17 16:31 INFO     Client: 0 Epoch: 2 Loss: 0.020425460731180813
03-17 16:31 INFO     Client: 0 Epoch: 3 Loss: 0.016998522700025484
03-17 16:32 INFO     Client: 0 Epoch: 4 Loss: 0.01388895129546141
03-17 16:32 INFO      ** Client: 0 Training complete **
03-17 16:32 INFO     Training network 1 n_training: 8000
03-17 16:32 INFO     Training network 1
03-17 16:32 INFO     n_training: 62
03-17 16:32 INFO     Client: 1 Epoch: 0 Loss: 0.04326052729400896
03-17 16:32 INFO     Client: 1 Epoch: 1 Loss: 0.031358782832901326
03-17 16:32 INFO     Client: 1 Epoch: 2 Loss: 0.025525245439982223
03-17 16:32 INFO     Client: 1 Epoch: 3 Loss: 0.02344161021192708
03-17 16:32 INFO     Client: 1 Epoch: 4 Loss: 0.01770349167617819
03-17 16:32 INFO      ** Client: 1 Training complete **
03-17 16:32 INFO     global n_training: 390
03-17 16:32 INFO     global n_test: 79
03-17 16:32 INFO     >> Global Model Train accuracy: 0.6434, Train accuracy top-5: 0.8473
03-17 16:32 INFO     >> Global Model Test accuracy: 0.5303, Test accuracy top-5: 0.7998
03-17 16:32 INFO     >> Global Model Train loss: 1.6968
03-17 16:32 INFO     in comm round:16
03-17 16:32 INFO     Training network 0 n_training: 5000
03-17 16:32 INFO     Training network 0
03-17 16:32 INFO     n_training: 39
03-17 16:32 INFO     Client: 0 Epoch: 0 Loss: 0.0354678390117792
03-17 16:32 INFO     Client: 0 Epoch: 1 Loss: 0.02599463179612007
03-17 16:32 INFO     Client: 0 Epoch: 2 Loss: 0.018693561856754314
03-17 16:32 INFO     Client: 0 Epoch: 3 Loss: 0.015233098672559628
03-17 16:32 INFO     Client: 0 Epoch: 4 Loss: 0.012211160185054326
03-17 16:32 INFO      ** Client: 0 Training complete **
03-17 16:32 INFO     Training network 1 n_training: 8000
03-17 16:32 INFO     Training network 1
03-17 16:32 INFO     n_training: 62
03-17 16:32 INFO     Client: 1 Epoch: 0 Loss: 0.03232188685046088
03-17 16:32 INFO     Client: 1 Epoch: 1 Loss: 0.02621242534669657
03-17 16:32 INFO     Client: 1 Epoch: 2 Loss: 0.017366354218533924
03-17 16:32 INFO     Client: 1 Epoch: 3 Loss: 0.015155949044011293
03-17 16:32 INFO     Client: 1 Epoch: 4 Loss: 0.014415517404314971
03-17 16:32 INFO      ** Client: 1 Training complete **
03-17 16:32 INFO     global n_training: 390
03-17 16:32 INFO     global n_test: 79
03-17 16:32 INFO     >> Global Model Train accuracy: 0.6452, Train accuracy top-5: 0.8458
03-17 16:32 INFO     >> Global Model Test accuracy: 0.5322, Test accuracy top-5: 0.7992
03-17 16:32 INFO     >> Global Model Train loss: 1.6872
03-17 16:32 INFO     in comm round:17
03-17 16:32 INFO     Training network 0 n_training: 5000
03-17 16:32 INFO     Training network 0
03-17 16:32 INFO     n_training: 39
03-17 16:32 INFO     Client: 0 Epoch: 0 Loss: 0.0296495466087109
03-17 16:32 INFO     Client: 0 Epoch: 1 Loss: 0.02474656794220209
03-17 16:32 INFO     Client: 0 Epoch: 2 Loss: 0.018828861009425078
03-17 16:32 INFO     Client: 0 Epoch: 3 Loss: 0.014372899268682186
03-17 16:32 INFO     Client: 0 Epoch: 4 Loss: 0.011938337905284686
03-17 16:32 INFO      ** Client: 0 Training complete **
03-17 16:32 INFO     Training network 1 n_training: 8000
03-17 16:32 INFO     Training network 1
03-17 16:32 INFO     n_training: 62
03-17 16:32 INFO     Client: 1 Epoch: 0 Loss: 0.023277265335162802
03-17 16:33 INFO     Client: 1 Epoch: 1 Loss: 0.01809267695212076
03-17 16:33 INFO     Client: 1 Epoch: 2 Loss: 0.012992202777475599
03-17 16:33 INFO     Client: 1 Epoch: 3 Loss: 0.012285526128365629
03-17 16:33 INFO     Client: 1 Epoch: 4 Loss: 0.011801507346512329
03-17 16:33 INFO      ** Client: 1 Training complete **
03-17 16:33 INFO     global n_training: 390
03-17 16:33 INFO     global n_test: 79
03-17 16:33 INFO     >> Global Model Train accuracy: 0.6456, Train accuracy top-5: 0.8462
03-17 16:33 INFO     >> Global Model Test accuracy: 0.5308, Test accuracy top-5: 0.8001
03-17 16:33 INFO     >> Global Model Train loss: 1.6867
03-17 16:33 INFO     in comm round:18
03-17 16:33 INFO     Training network 0 n_training: 5000
03-17 16:33 INFO     Training network 0
03-17 16:33 INFO     n_training: 39
03-17 16:33 INFO     Client: 0 Epoch: 0 Loss: 0.0233159470730103
03-17 16:33 INFO     Client: 0 Epoch: 1 Loss: 0.017743030204795875
03-17 16:33 INFO     Client: 0 Epoch: 2 Loss: 0.012983421269708719
03-17 16:33 INFO     Client: 0 Epoch: 3 Loss: 0.011822445186762473
03-17 16:33 INFO     Client: 0 Epoch: 4 Loss: 0.009383518977138476
03-17 16:33 INFO      ** Client: 0 Training complete **
03-17 16:33 INFO     Training network 1 n_training: 8000
03-17 16:33 INFO     Training network 1
03-17 16:33 INFO     n_training: 62
03-17 16:33 INFO     Client: 1 Epoch: 0 Loss: 0.02253738338608415
03-17 16:33 INFO     Client: 1 Epoch: 1 Loss: 0.017297223375569427
03-17 16:33 INFO     Client: 1 Epoch: 2 Loss: 0.014272358478798021
03-17 16:33 INFO     Client: 1 Epoch: 3 Loss: 0.011770408878463411
03-17 16:33 INFO     Client: 1 Epoch: 4 Loss: 0.010730855061762756
03-17 16:33 INFO      ** Client: 1 Training complete **
03-17 16:33 INFO     global n_training: 390
03-17 16:33 INFO     global n_test: 79
03-17 16:33 INFO     >> Global Model Train accuracy: 0.6466, Train accuracy top-5: 0.8460
03-17 16:33 INFO     >> Global Model Test accuracy: 0.5340, Test accuracy top-5: 0.7992
03-17 16:33 INFO     >> Global Model Train loss: 1.6757
03-17 16:33 INFO     in comm round:19
03-17 16:33 INFO     Training network 0 n_training: 5000
03-17 16:33 INFO     Training network 0
03-17 16:33 INFO     n_training: 39
03-17 16:33 INFO     Client: 0 Epoch: 0 Loss: 0.022876370793733843
03-17 16:33 INFO     Client: 0 Epoch: 1 Loss: 0.015008504836796185
03-17 16:33 INFO     Client: 0 Epoch: 2 Loss: 0.011970021057491884
03-17 16:33 INFO     Client: 0 Epoch: 3 Loss: 0.010159923050266046
03-17 16:33 INFO     Client: 0 Epoch: 4 Loss: 0.009253010703011965
03-17 16:33 INFO      ** Client: 0 Training complete **
03-17 16:33 INFO     Training network 1 n_training: 8000
03-17 16:33 INFO     Training network 1
03-17 16:33 INFO     n_training: 62
03-17 16:33 INFO     Client: 1 Epoch: 0 Loss: 0.018829863818903125
03-17 16:33 INFO     Client: 1 Epoch: 1 Loss: 0.012886987480845663
03-17 16:33 INFO     Client: 1 Epoch: 2 Loss: 0.01141605928780571
03-17 16:34 INFO     Client: 1 Epoch: 3 Loss: 0.011884207063685022
03-17 16:34 INFO     Client: 1 Epoch: 4 Loss: 0.010534474603651513
03-17 16:34 INFO      ** Client: 1 Training complete **
03-17 16:34 INFO     global n_training: 390
03-17 16:34 INFO     global n_test: 79
03-17 16:34 INFO     >> Global Model Train accuracy: 0.6469, Train accuracy top-5: 0.8464
03-17 16:34 INFO     >> Global Model Test accuracy: 0.5324, Test accuracy top-5: 0.7988
03-17 16:34 INFO     >> Global Model Train loss: 1.6632
03-17 16:34 INFO     in comm round:20
03-17 16:34 INFO     Training network 0 n_training: 5000
03-17 16:34 INFO     Training network 0
03-17 16:34 INFO     n_training: 39
03-17 16:34 INFO     Client: 0 Epoch: 0 Loss: 0.019639519091026906
03-17 16:34 INFO     Client: 0 Epoch: 1 Loss: 0.013186291504937869
03-17 16:34 INFO     Client: 0 Epoch: 2 Loss: 0.010393309060675211
03-17 16:34 INFO     Client: 0 Epoch: 3 Loss: 0.008970685398731476
03-17 16:34 INFO     Client: 0 Epoch: 4 Loss: 0.009307579758266607
03-17 16:34 INFO      ** Client: 0 Training complete **
03-17 16:34 INFO     Training network 1 n_training: 8000
03-17 16:34 INFO     Training network 1
03-17 16:34 INFO     n_training: 62
03-17 16:34 INFO     Client: 1 Epoch: 0 Loss: 0.016773712746198138
03-17 16:34 INFO     Client: 1 Epoch: 1 Loss: 0.013720391498458
03-17 16:34 INFO     Client: 1 Epoch: 2 Loss: 0.012166097737668503
03-17 16:34 INFO     Client: 1 Epoch: 3 Loss: 0.009821280769463028
03-17 16:34 INFO     Client: 1 Epoch: 4 Loss: 0.010653297251631175
03-17 16:34 INFO      ** Client: 1 Training complete **
03-17 16:34 INFO     global n_training: 390
03-17 16:34 INFO     global n_test: 79
03-17 16:34 INFO     >> Global Model Train accuracy: 0.6490, Train accuracy top-5: 0.8474
03-17 16:34 INFO     >> Global Model Test accuracy: 0.5333, Test accuracy top-5: 0.7987
03-17 16:34 INFO     >> Global Model Train loss: 1.6522
03-17 16:34 INFO     in comm round:21
03-17 16:34 INFO     Training network 0 n_training: 5000
03-17 16:34 INFO     Training network 0
03-17 16:34 INFO     n_training: 39
03-17 16:34 INFO     Client: 0 Epoch: 0 Loss: 0.019020045582109537
03-17 16:34 INFO     Client: 0 Epoch: 1 Loss: 0.013938514324717032
03-17 16:34 INFO     Client: 0 Epoch: 2 Loss: 0.011221519217659265
03-17 16:34 INFO     Client: 0 Epoch: 3 Loss: 0.010932426266849805
03-17 16:34 INFO     Client: 0 Epoch: 4 Loss: 0.009165278086677576
03-17 16:34 INFO      ** Client: 0 Training complete **
03-17 16:34 INFO     Training network 1 n_training: 8000
03-17 16:34 INFO     Training network 1
03-17 16:34 INFO     n_training: 62
03-17 16:34 INFO     Client: 1 Epoch: 0 Loss: 0.015024361681313284
03-17 16:34 INFO     Client: 1 Epoch: 1 Loss: 0.011489837745865506
03-17 16:34 INFO     Client: 1 Epoch: 2 Loss: 0.01029110431010204
03-17 16:34 INFO     Client: 1 Epoch: 3 Loss: 0.0097466025336255
03-17 16:34 INFO     Client: 1 Epoch: 4 Loss: 0.009076876445643364
03-17 16:34 INFO      ** Client: 1 Training complete **
03-17 16:34 INFO     global n_training: 390
03-17 16:34 INFO     global n_test: 79
03-17 16:35 INFO     >> Global Model Train accuracy: 0.6465, Train accuracy top-5: 0.8474
03-17 16:35 INFO     >> Global Model Test accuracy: 0.5369, Test accuracy top-5: 0.7999
03-17 16:35 INFO     >> Global Model Train loss: 1.6541
03-17 16:35 INFO     in comm round:22
03-17 16:35 INFO     Training network 0 n_training: 5000
03-17 16:35 INFO     Training network 0
03-17 16:35 INFO     n_training: 39
03-17 16:35 INFO     Client: 0 Epoch: 0 Loss: 0.016803160954553347
03-17 16:35 INFO     Client: 0 Epoch: 1 Loss: 0.012880484645183269
03-17 16:35 INFO     Client: 0 Epoch: 2 Loss: 0.009738735544184843
03-17 16:35 INFO     Client: 0 Epoch: 3 Loss: 0.008824536099265784
03-17 16:35 INFO     Client: 0 Epoch: 4 Loss: 0.008018766434337849
03-17 16:35 INFO      ** Client: 0 Training complete **
03-17 16:35 INFO     Training network 1 n_training: 8000
03-17 16:35 INFO     Training network 1
03-17 16:35 INFO     n_training: 62
03-17 16:35 INFO     Client: 1 Epoch: 0 Loss: 0.014808560811704206
03-17 16:35 INFO     Client: 1 Epoch: 1 Loss: 0.013573839066309793
03-17 16:35 INFO     Client: 1 Epoch: 2 Loss: 0.010168709304003466
03-17 16:35 INFO     Client: 1 Epoch: 3 Loss: 0.009788524126634002
03-17 16:35 INFO     Client: 1 Epoch: 4 Loss: 0.008609811016809075
03-17 16:35 INFO      ** Client: 1 Training complete **
03-17 16:35 INFO     global n_training: 390
03-17 16:35 INFO     global n_test: 79
03-17 16:35 INFO     >> Global Model Train accuracy: 0.6487, Train accuracy top-5: 0.8462
03-17 16:35 INFO     >> Global Model Test accuracy: 0.5366, Test accuracy top-5: 0.7977
03-17 16:35 INFO     >> Global Model Train loss: 1.6394
03-17 16:35 INFO     in comm round:23
03-17 16:35 INFO     Training network 0 n_training: 5000
03-17 16:35 INFO     Training network 0
03-17 16:35 INFO     n_training: 39
03-17 16:35 INFO     Client: 0 Epoch: 0 Loss: 0.015204444384345641
03-17 16:35 INFO     Client: 0 Epoch: 1 Loss: 0.011845498739813384
03-17 16:35 INFO     Client: 0 Epoch: 2 Loss: 0.010600364838655178
03-17 16:35 INFO     Client: 0 Epoch: 3 Loss: 0.008923171159739677
03-17 16:35 INFO     Client: 0 Epoch: 4 Loss: 0.008000437301607469
03-17 16:35 INFO      ** Client: 0 Training complete **
03-17 16:35 INFO     Training network 1 n_training: 8000
03-17 16:35 INFO     Training network 1
03-17 16:35 INFO     n_training: 62
03-17 16:35 INFO     Client: 1 Epoch: 0 Loss: 0.01609912616831641
03-17 16:35 INFO     Client: 1 Epoch: 1 Loss: 0.011589466534074276
03-17 16:35 INFO     Client: 1 Epoch: 2 Loss: 0.010435671883545095
03-17 16:35 INFO     Client: 1 Epoch: 3 Loss: 0.009663145485964994
03-17 16:35 INFO     Client: 1 Epoch: 4 Loss: 0.008309769316486294
03-17 16:35 INFO      ** Client: 1 Training complete **
03-17 16:35 INFO     global n_training: 390
03-17 16:35 INFO     global n_test: 79
03-17 16:35 INFO     >> Global Model Train accuracy: 0.6488, Train accuracy top-5: 0.8471
03-17 16:35 INFO     >> Global Model Test accuracy: 0.5366, Test accuracy top-5: 0.7989
03-17 16:35 INFO     >> Global Model Train loss: 1.6366
03-17 16:35 INFO     in comm round:24
03-17 16:35 INFO     Training network 0 n_training: 5000
03-17 16:35 INFO     Training network 0
03-17 16:35 INFO     n_training: 39
03-17 16:36 INFO     Client: 0 Epoch: 0 Loss: 0.01532731749690496
03-17 16:36 INFO     Client: 0 Epoch: 1 Loss: 0.010818020548098363
03-17 16:36 INFO     Client: 0 Epoch: 2 Loss: 0.009479563038509626
03-17 16:36 INFO     Client: 0 Epoch: 3 Loss: 0.008759131487936545
03-17 16:36 INFO     Client: 0 Epoch: 4 Loss: 0.007937026389229756
03-17 16:36 INFO      ** Client: 0 Training complete **
03-17 16:36 INFO     Training network 1 n_training: 8000
03-17 16:36 INFO     Training network 1
03-17 16:36 INFO     n_training: 62
03-17 16:36 INFO     Client: 1 Epoch: 0 Loss: 0.013927713284389145
03-17 16:36 INFO     Client: 1 Epoch: 1 Loss: 0.010320591124435586
03-17 16:36 INFO     Client: 1 Epoch: 2 Loss: 0.009438892856480615
03-17 16:36 INFO     Client: 1 Epoch: 3 Loss: 0.008549984356748962
03-17 16:36 INFO     Client: 1 Epoch: 4 Loss: 0.008745279208186173
03-17 16:36 INFO      ** Client: 1 Training complete **
03-17 16:36 INFO     global n_training: 390
03-17 16:36 INFO     global n_test: 79
03-17 16:36 INFO     >> Global Model Train accuracy: 0.6489, Train accuracy top-5: 0.8470
03-17 16:36 INFO     >> Global Model Test accuracy: 0.5373, Test accuracy top-5: 0.7976
03-17 16:36 INFO     >> Global Model Train loss: 1.6257
03-17 16:36 INFO     in comm round:25
03-17 16:36 INFO     Training network 0 n_training: 5000
03-17 16:36 INFO     Training network 0
03-17 16:36 INFO     n_training: 39
03-17 16:36 INFO     Client: 0 Epoch: 0 Loss: 0.01584385196941021
03-17 16:36 INFO     Client: 0 Epoch: 1 Loss: 0.011131547367534576
03-17 16:36 INFO     Client: 0 Epoch: 2 Loss: 0.009312217768568259
03-17 16:36 INFO     Client: 0 Epoch: 3 Loss: 0.008229929571732497
03-17 16:36 INFO     Client: 0 Epoch: 4 Loss: 0.007797045418276236
03-17 16:36 INFO      ** Client: 0 Training complete **
03-17 16:36 INFO     Training network 1 n_training: 8000
03-17 16:36 INFO     Training network 1
03-17 16:36 INFO     n_training: 62
03-17 16:36 INFO     Client: 1 Epoch: 0 Loss: 0.012407171990602248
03-17 16:36 INFO     Client: 1 Epoch: 1 Loss: 0.01008552083024575
03-17 16:36 INFO     Client: 1 Epoch: 2 Loss: 0.009192086681122742
03-17 16:36 INFO     Client: 1 Epoch: 3 Loss: 0.008858117477727993
03-17 16:36 INFO     Client: 1 Epoch: 4 Loss: 0.00865701681393529
03-17 16:36 INFO      ** Client: 1 Training complete **
03-17 16:36 INFO     global n_training: 390
03-17 16:36 INFO     global n_test: 79
03-17 16:36 INFO     >> Global Model Train accuracy: 0.6499, Train accuracy top-5: 0.8471
03-17 16:36 INFO     >> Global Model Test accuracy: 0.5377, Test accuracy top-5: 0.7988
03-17 16:36 INFO     >> Global Model Train loss: 1.6212
03-17 16:36 INFO     in comm round:26
03-17 16:36 INFO     Training network 0 n_training: 5000
03-17 16:36 INFO     Training network 0
03-17 16:36 INFO     n_training: 39
03-17 16:36 INFO     Client: 0 Epoch: 0 Loss: 0.014541801495047716
03-17 16:36 INFO     Client: 0 Epoch: 1 Loss: 0.010165259827119418
03-17 16:36 INFO     Client: 0 Epoch: 2 Loss: 0.008913906028446479
03-17 16:37 INFO     Client: 0 Epoch: 3 Loss: 0.008032951635332445
03-17 16:37 INFO     Client: 0 Epoch: 4 Loss: 0.007553102090381659
03-17 16:37 INFO      ** Client: 0 Training complete **
03-17 16:37 INFO     Training network 1 n_training: 8000
03-17 16:37 INFO     Training network 1
03-17 16:37 INFO     n_training: 62
03-17 16:37 INFO     Client: 1 Epoch: 0 Loss: 0.012185639784400982
03-17 16:37 INFO     Client: 1 Epoch: 1 Loss: 0.010039329633957917
03-17 16:37 INFO     Client: 1 Epoch: 2 Loss: 0.009500523345665104
03-17 16:37 INFO     Client: 1 Epoch: 3 Loss: 0.008982676622127332
03-17 16:37 INFO     Client: 1 Epoch: 4 Loss: 0.008391153758331653
03-17 16:37 INFO      ** Client: 1 Training complete **
03-17 16:37 INFO     global n_training: 390
03-17 16:37 INFO     global n_test: 79
03-17 16:37 INFO     >> Global Model Train accuracy: 0.6493, Train accuracy top-5: 0.8480
03-17 16:37 INFO     >> Global Model Test accuracy: 0.5385, Test accuracy top-5: 0.7981
03-17 16:37 INFO     >> Global Model Train loss: 1.6093
03-17 16:37 INFO     in comm round:27
03-17 16:37 INFO     Training network 0 n_training: 5000
03-17 16:37 INFO     Training network 0
03-17 16:37 INFO     n_training: 39
03-17 16:37 INFO     Client: 0 Epoch: 0 Loss: 0.014199510288353149
03-17 16:37 INFO     Client: 0 Epoch: 1 Loss: 0.011447288310871674
03-17 16:37 INFO     Client: 0 Epoch: 2 Loss: 0.008997920960283432
03-17 16:37 INFO     Client: 0 Epoch: 3 Loss: 0.008141866562744746
03-17 16:37 INFO     Client: 0 Epoch: 4 Loss: 0.0076000695355618614
03-17 16:37 INFO      ** Client: 0 Training complete **
03-17 16:37 INFO     Training network 1 n_training: 8000
03-17 16:37 INFO     Training network 1
03-17 16:37 INFO     n_training: 62
03-17 16:37 INFO     Client: 1 Epoch: 0 Loss: 0.011796312616957773
03-17 16:37 INFO     Client: 1 Epoch: 1 Loss: 0.009808170969688123
03-17 16:37 INFO     Client: 1 Epoch: 2 Loss: 0.00840103192885797
03-17 16:37 INFO     Client: 1 Epoch: 3 Loss: 0.00831925843451773
03-17 16:37 INFO     Client: 1 Epoch: 4 Loss: 0.008519567924761964
03-17 16:37 INFO      ** Client: 1 Training complete **
03-17 16:37 INFO     global n_training: 390
03-17 16:37 INFO     global n_test: 79
03-17 16:37 INFO     >> Global Model Train accuracy: 0.6477, Train accuracy top-5: 0.8469
03-17 16:37 INFO     >> Global Model Test accuracy: 0.5391, Test accuracy top-5: 0.7982
03-17 16:37 INFO     >> Global Model Train loss: 1.6181
03-17 16:37 INFO     in comm round:28
03-17 16:37 INFO     Training network 0 n_training: 5000
03-17 16:37 INFO     Training network 0
03-17 16:37 INFO     n_training: 39
03-17 16:37 INFO     Client: 0 Epoch: 0 Loss: 0.013376978058845568
03-17 16:37 INFO     Client: 0 Epoch: 1 Loss: 0.010108164463860866
03-17 16:37 INFO     Client: 0 Epoch: 2 Loss: 0.008854839437378522
03-17 16:37 INFO     Client: 0 Epoch: 3 Loss: 0.008369241184435593
03-17 16:37 INFO     Client: 0 Epoch: 4 Loss: 0.007577172982004972
03-17 16:37 INFO      ** Client: 0 Training complete **
03-17 16:37 INFO     Training network 1 n_training: 8000
03-17 16:37 INFO     Training network 1
03-17 16:37 INFO     n_training: 62
03-17 16:38 INFO     Client: 1 Epoch: 0 Loss: 0.01227477150818994
03-17 16:38 INFO     Client: 1 Epoch: 1 Loss: 0.009597244169262628
03-17 16:38 INFO     Client: 1 Epoch: 2 Loss: 0.008990634938762072
03-17 16:38 INFO     Client: 1 Epoch: 3 Loss: 0.008464507796170731
03-17 16:38 INFO     Client: 1 Epoch: 4 Loss: 0.0078073230707236835
03-17 16:38 INFO      ** Client: 1 Training complete **
03-17 16:38 INFO     global n_training: 390
03-17 16:38 INFO     global n_test: 79
03-17 16:38 INFO     >> Global Model Train accuracy: 0.6497, Train accuracy top-5: 0.8469
03-17 16:38 INFO     >> Global Model Test accuracy: 0.5394, Test accuracy top-5: 0.7988
03-17 16:38 INFO     >> Global Model Train loss: 1.6143
03-17 16:38 INFO     in comm round:29
03-17 16:38 INFO     Training network 0 n_training: 5000
03-17 16:38 INFO     Training network 0
03-17 16:38 INFO     n_training: 39
03-17 16:38 INFO     Client: 0 Epoch: 0 Loss: 0.013317759889058577
03-17 16:38 INFO     Client: 0 Epoch: 1 Loss: 0.010266560285041729
03-17 16:38 INFO     Client: 0 Epoch: 2 Loss: 0.00901226606220007
03-17 16:38 INFO     Client: 0 Epoch: 3 Loss: 0.007918786161985153
03-17 16:38 INFO     Client: 0 Epoch: 4 Loss: 0.007395333610475063
03-17 16:38 INFO      ** Client: 0 Training complete **
03-17 16:38 INFO     Training network 1 n_training: 8000
03-17 16:38 INFO     Training network 1
03-17 16:38 INFO     n_training: 62
03-17 16:38 INFO     Client: 1 Epoch: 0 Loss: 0.011701055779872883
03-17 16:38 INFO     Client: 1 Epoch: 1 Loss: 0.00969570614547739
03-17 16:38 INFO     Client: 1 Epoch: 2 Loss: 0.008968314809364176
03-17 16:38 INFO     Client: 1 Epoch: 3 Loss: 0.008656556680498103
03-17 16:38 INFO     Client: 1 Epoch: 4 Loss: 0.008373861080936847
03-17 16:38 INFO      ** Client: 1 Training complete **
03-17 16:38 INFO     global n_training: 390
03-17 16:38 INFO     global n_test: 79
03-17 16:38 INFO     >> Global Model Train accuracy: 0.6498, Train accuracy top-5: 0.8469
03-17 16:38 INFO     >> Global Model Test accuracy: 0.5387, Test accuracy top-5: 0.7979
03-17 16:38 INFO     >> Global Model Train loss: 1.6058
03-17 16:38 INFO     in comm round:30
03-17 16:38 INFO     Training network 0 n_training: 5000
03-17 16:38 INFO     Training network 0
03-17 16:38 INFO     n_training: 39
03-17 16:38 INFO     Client: 0 Epoch: 0 Loss: 0.01394096640153573
03-17 16:38 INFO     Client: 0 Epoch: 1 Loss: 0.009822025202596799
03-17 16:38 INFO     Client: 0 Epoch: 2 Loss: 0.009113446689951114
03-17 16:38 INFO     Client: 0 Epoch: 3 Loss: 0.008470354183839682
03-17 16:38 INFO     Client: 0 Epoch: 4 Loss: 0.007829987563383885
03-17 16:38 INFO      ** Client: 0 Training complete **
03-17 16:38 INFO     Training network 1 n_training: 8000
03-17 16:38 INFO     Training network 1
03-17 16:38 INFO     n_training: 62
03-17 16:38 INFO     Client: 1 Epoch: 0 Loss: 0.011159049256915046
03-17 16:38 INFO     Client: 1 Epoch: 1 Loss: 0.009367025479854595
03-17 16:39 INFO     Client: 1 Epoch: 2 Loss: 0.00888625125310594
03-17 16:39 INFO     Client: 1 Epoch: 3 Loss: 0.008083026195245405
03-17 16:39 INFO     Client: 1 Epoch: 4 Loss: 0.007955792405071759
03-17 16:39 INFO      ** Client: 1 Training complete **
03-17 16:39 INFO     global n_training: 390
03-17 16:39 INFO     global n_test: 79
03-17 16:39 INFO     >> Global Model Train accuracy: 0.6502, Train accuracy top-5: 0.8482
03-17 16:39 INFO     >> Global Model Test accuracy: 0.5410, Test accuracy top-5: 0.7973
03-17 16:39 INFO     >> Global Model Train loss: 1.5956
03-17 16:39 INFO     in comm round:31
03-17 16:39 INFO     Training network 0 n_training: 5000
03-17 16:39 INFO     Training network 0
03-17 16:39 INFO     n_training: 39
03-17 16:39 INFO     Client: 0 Epoch: 0 Loss: 0.01339786633467063
03-17 16:39 INFO     Client: 0 Epoch: 1 Loss: 0.009716356985079937
03-17 16:39 INFO     Client: 0 Epoch: 2 Loss: 0.00917120336387784
03-17 16:39 INFO     Client: 0 Epoch: 3 Loss: 0.008231738988214578
03-17 16:39 INFO     Client: 0 Epoch: 4 Loss: 0.007921314834115597
03-17 16:39 INFO      ** Client: 0 Training complete **
03-17 16:39 INFO     Training network 1 n_training: 8000
03-17 16:39 INFO     Training network 1
03-17 16:39 INFO     n_training: 62
03-17 16:39 INFO     Client: 1 Epoch: 0 Loss: 0.01112695412349797
03-17 16:39 INFO     Client: 1 Epoch: 1 Loss: 0.009574173438933587
03-17 16:39 INFO     Client: 1 Epoch: 2 Loss: 0.008582429412091452
03-17 16:39 INFO     Client: 1 Epoch: 3 Loss: 0.008351054801155002
03-17 16:39 INFO     Client: 1 Epoch: 4 Loss: 0.008007482475330752
03-17 16:39 INFO      ** Client: 1 Training complete **
03-17 16:39 INFO     global n_training: 390
03-17 16:39 INFO     global n_test: 79
03-17 16:39 INFO     >> Global Model Train accuracy: 0.6508, Train accuracy top-5: 0.8469
03-17 16:39 INFO     >> Global Model Test accuracy: 0.5388, Test accuracy top-5: 0.7981
03-17 16:39 INFO     >> Global Model Train loss: 1.6022
03-17 16:39 INFO     in comm round:32
03-17 16:39 INFO     Training network 0 n_training: 5000
03-17 16:39 INFO     Training network 0
03-17 16:39 INFO     n_training: 39
03-17 16:39 INFO     Client: 0 Epoch: 0 Loss: 0.013520603402493855
03-17 16:39 INFO     Client: 0 Epoch: 1 Loss: 0.010168575825026402
03-17 16:39 INFO     Client: 0 Epoch: 2 Loss: 0.009100312844682962
03-17 16:39 INFO     Client: 0 Epoch: 3 Loss: 0.00802132248496398
03-17 16:39 INFO     Client: 0 Epoch: 4 Loss: 0.007806819791977222
03-17 16:39 INFO      ** Client: 0 Training complete **
03-17 16:39 INFO     Training network 1 n_training: 8000
03-17 16:39 INFO     Training network 1
03-17 16:39 INFO     n_training: 62
03-17 16:39 INFO     Client: 1 Epoch: 0 Loss: 0.011408784561940739
03-17 16:39 INFO     Client: 1 Epoch: 1 Loss: 0.009227011074882841
03-17 16:39 INFO     Client: 1 Epoch: 2 Loss: 0.008106130453187132
03-17 16:39 INFO     Client: 1 Epoch: 3 Loss: 0.008369454100067097
03-17 16:40 INFO     Client: 1 Epoch: 4 Loss: 0.007764593953446996
03-17 16:40 INFO      ** Client: 1 Training complete **
03-17 16:40 INFO     global n_training: 390
03-17 16:40 INFO     global n_test: 79
03-17 16:40 INFO     >> Global Model Train accuracy: 0.6509, Train accuracy top-5: 0.8469
03-17 16:40 INFO     >> Global Model Test accuracy: 0.5386, Test accuracy top-5: 0.7978
03-17 16:40 INFO     >> Global Model Train loss: 1.5935
03-17 16:40 INFO     in comm round:33
03-17 16:40 INFO     Training network 0 n_training: 5000
03-17 16:40 INFO     Training network 0
03-17 16:40 INFO     n_training: 39
03-17 16:40 INFO     Client: 0 Epoch: 0 Loss: 0.012964016948946012
03-17 16:40 INFO     Client: 0 Epoch: 1 Loss: 0.01013068305567289
03-17 16:40 INFO     Client: 0 Epoch: 2 Loss: 0.008882115642802838
03-17 16:40 INFO     Client: 0 Epoch: 3 Loss: 0.008092324440486921
03-17 16:40 INFO     Client: 0 Epoch: 4 Loss: 0.007796131169948823
03-17 16:40 INFO      ** Client: 0 Training complete **
03-17 16:40 INFO     Training network 1 n_training: 8000
03-17 16:40 INFO     Training network 1
03-17 16:40 INFO     n_training: 62
03-17 16:40 INFO     Client: 1 Epoch: 0 Loss: 0.011068149710134152
03-17 16:40 INFO     Client: 1 Epoch: 1 Loss: 0.00928355335828758
03-17 16:40 INFO     Client: 1 Epoch: 2 Loss: 0.008756054760587792
03-17 16:40 INFO     Client: 1 Epoch: 3 Loss: 0.007965956138627182
03-17 16:40 INFO     Client: 1 Epoch: 4 Loss: 0.008168956843174754
03-17 16:40 INFO      ** Client: 1 Training complete **
03-17 16:40 INFO     global n_training: 390
03-17 16:40 INFO     global n_test: 79
03-17 16:40 INFO     >> Global Model Train accuracy: 0.6507, Train accuracy top-5: 0.8472
03-17 16:40 INFO     >> Global Model Test accuracy: 0.5397, Test accuracy top-5: 0.7974
03-17 16:40 INFO     >> Global Model Train loss: 1.5994
03-17 16:40 INFO     in comm round:34
03-17 16:40 INFO     Training network 0 n_training: 5000
03-17 16:40 INFO     Training network 0
03-17 16:40 INFO     n_training: 39
03-17 16:40 INFO     Client: 0 Epoch: 0 Loss: 0.012999668215902952
03-17 16:40 INFO     Client: 0 Epoch: 1 Loss: 0.01040664779690978
03-17 16:40 INFO     Client: 0 Epoch: 2 Loss: 0.009257618254289413
03-17 16:40 INFO     Client: 0 Epoch: 3 Loss: 0.008508827799978929
03-17 16:40 INFO     Client: 0 Epoch: 4 Loss: 0.007971962328809194
03-17 16:40 INFO      ** Client: 0 Training complete **
03-17 16:40 INFO     Training network 1 n_training: 8000
03-17 16:40 INFO     Training network 1
03-17 16:40 INFO     n_training: 62
03-17 16:40 INFO     Client: 1 Epoch: 0 Loss: 0.011059855171028645
03-17 16:40 INFO     Client: 1 Epoch: 1 Loss: 0.009313427114618881
03-17 16:40 INFO     Client: 1 Epoch: 2 Loss: 0.008743631323018381
03-17 16:40 INFO     Client: 1 Epoch: 3 Loss: 0.00822985619156351
03-17 16:40 INFO     Client: 1 Epoch: 4 Loss: 0.00790980770703285
03-17 16:40 INFO      ** Client: 1 Training complete **
03-17 16:40 INFO     global n_training: 390
03-17 16:40 INFO     global n_test: 79
03-17 16:41 INFO     >> Global Model Train accuracy: 0.6505, Train accuracy top-5: 0.8466
03-17 16:41 INFO     >> Global Model Test accuracy: 0.5397, Test accuracy top-5: 0.7982
03-17 16:41 INFO     >> Global Model Train loss: 1.5970
03-17 16:41 INFO     in comm round:35
03-17 16:41 INFO     Training network 0 n_training: 5000
03-17 16:41 INFO     Training network 0
03-17 16:41 INFO     n_training: 39
03-17 16:41 INFO     Client: 0 Epoch: 0 Loss: 0.012564161911797829
03-17 16:41 INFO     Client: 0 Epoch: 1 Loss: 0.010445441990995254
03-17 16:41 INFO     Client: 0 Epoch: 2 Loss: 0.009145994455768513
03-17 16:41 INFO     Client: 0 Epoch: 3 Loss: 0.008317862828381551
03-17 16:41 INFO     Client: 0 Epoch: 4 Loss: 0.008369437705438871
03-17 16:41 INFO      ** Client: 0 Training complete **
03-17 16:41 INFO     Training network 1 n_training: 8000
03-17 16:41 INFO     Training network 1
03-17 16:41 INFO     n_training: 62
03-17 16:41 INFO     Client: 1 Epoch: 0 Loss: 0.011031476915964195
03-17 16:41 INFO     Client: 1 Epoch: 1 Loss: 0.00925048575135729
03-17 16:41 INFO     Client: 1 Epoch: 2 Loss: 0.009072533831180583
03-17 16:41 INFO     Client: 1 Epoch: 3 Loss: 0.008431582185890405
03-17 16:41 INFO     Client: 1 Epoch: 4 Loss: 0.008032897239430778
03-17 16:41 INFO      ** Client: 1 Training complete **
03-17 16:41 INFO     global n_training: 390
03-17 16:41 INFO     global n_test: 79
03-17 16:41 INFO     >> Global Model Train accuracy: 0.6506, Train accuracy top-5: 0.8463
03-17 16:41 INFO     >> Global Model Test accuracy: 0.5385, Test accuracy top-5: 0.7982
03-17 16:41 INFO     >> Global Model Train loss: 1.5952
03-17 16:41 INFO     in comm round:36
03-17 16:41 INFO     Training network 0 n_training: 5000
03-17 16:41 INFO     Training network 0
03-17 16:41 INFO     n_training: 39
03-17 16:41 INFO     Client: 0 Epoch: 0 Loss: 0.012316704178467775
03-17 16:41 INFO     Client: 0 Epoch: 1 Loss: 0.010285594142400302
03-17 16:41 INFO     Client: 0 Epoch: 2 Loss: 0.009297459887770506
03-17 16:41 INFO     Client: 0 Epoch: 3 Loss: 0.008735363311970081
03-17 16:41 INFO     Client: 0 Epoch: 4 Loss: 0.00835772671808417
03-17 16:41 INFO      ** Client: 0 Training complete **
03-17 16:41 INFO     Training network 1 n_training: 8000
03-17 16:41 INFO     Training network 1
03-17 16:41 INFO     n_training: 62
03-17 16:41 INFO     Client: 1 Epoch: 0 Loss: 0.010591969705156742
03-17 16:41 INFO     Client: 1 Epoch: 1 Loss: 0.009026268624790734
03-17 16:41 INFO     Client: 1 Epoch: 2 Loss: 0.00896581316426877
03-17 16:41 INFO     Client: 1 Epoch: 3 Loss: 0.008429332020422143
03-17 16:41 INFO     Client: 1 Epoch: 4 Loss: 0.007697182925297848
03-17 16:41 INFO      ** Client: 1 Training complete **
03-17 16:41 INFO     global n_training: 390
03-17 16:41 INFO     global n_test: 79
03-17 16:41 INFO     >> Global Model Train accuracy: 0.6510, Train accuracy top-5: 0.8476
03-17 16:41 INFO     >> Global Model Test accuracy: 0.5382, Test accuracy top-5: 0.7981
03-17 16:41 INFO     >> Global Model Train loss: 1.5812
03-17 16:41 INFO     in comm round:37
03-17 16:41 INFO     Training network 0 n_training: 5000
03-17 16:41 INFO     Training network 0
03-17 16:41 INFO     n_training: 39
03-17 16:41 INFO     Client: 0 Epoch: 0 Loss: 0.012144733745700274
03-17 16:41 INFO     Client: 0 Epoch: 1 Loss: 0.010299275008340677
03-17 16:42 INFO     Client: 0 Epoch: 2 Loss: 0.009146697449091917
03-17 16:42 INFO     Client: 0 Epoch: 3 Loss: 0.008802251579860846
03-17 16:42 INFO     Client: 0 Epoch: 4 Loss: 0.00869006423566204
03-17 16:42 INFO      ** Client: 0 Training complete **
03-17 16:42 INFO     Training network 1 n_training: 8000
03-17 16:42 INFO     Training network 1
03-17 16:42 INFO     n_training: 62
03-17 16:42 INFO     Client: 1 Epoch: 0 Loss: 0.010620533376030864
03-17 16:42 INFO     Client: 1 Epoch: 1 Loss: 0.009151832643716086
03-17 16:42 INFO     Client: 1 Epoch: 2 Loss: 0.008741087460469815
03-17 16:42 INFO     Client: 1 Epoch: 3 Loss: 0.008257718208516318
03-17 16:42 INFO     Client: 1 Epoch: 4 Loss: 0.007977299024200728
03-17 16:42 INFO      ** Client: 1 Training complete **
03-17 16:42 INFO     global n_training: 390
03-17 16:42 INFO     global n_test: 79
03-17 16:42 INFO     >> Global Model Train accuracy: 0.6502, Train accuracy top-5: 0.8460
03-17 16:42 INFO     >> Global Model Test accuracy: 0.5394, Test accuracy top-5: 0.7973
03-17 16:42 INFO     >> Global Model Train loss: 1.5876
03-17 16:42 INFO     in comm round:38
03-17 16:42 INFO     Training network 0 n_training: 5000
03-17 16:42 INFO     Training network 0
03-17 16:42 INFO     n_training: 39
03-17 16:42 INFO     Client: 0 Epoch: 0 Loss: 0.012053251170959229
03-17 16:42 INFO     Client: 0 Epoch: 1 Loss: 0.010559819328288237
03-17 16:42 INFO     Client: 0 Epoch: 2 Loss: 0.010099293628277687
03-17 16:42 INFO     Client: 0 Epoch: 3 Loss: 0.00872831132549506
03-17 16:42 INFO     Client: 0 Epoch: 4 Loss: 0.008490530224755788
03-17 16:42 INFO      ** Client: 0 Training complete **
03-17 16:42 INFO     Training network 1 n_training: 8000
03-17 16:42 INFO     Training network 1
03-17 16:42 INFO     n_training: 62
03-17 16:42 INFO     Client: 1 Epoch: 0 Loss: 0.010517278934017785
03-17 16:42 INFO     Client: 1 Epoch: 1 Loss: 0.009308173636635464
03-17 16:42 INFO     Client: 1 Epoch: 2 Loss: 0.008616182494968656
03-17 16:42 INFO     Client: 1 Epoch: 3 Loss: 0.008587114910985674
03-17 16:42 INFO     Client: 1 Epoch: 4 Loss: 0.008136569665023876
03-17 16:42 INFO      ** Client: 1 Training complete **
03-17 16:42 INFO     global n_training: 390
03-17 16:42 INFO     global n_test: 79
03-17 16:42 INFO     >> Global Model Train accuracy: 0.6504, Train accuracy top-5: 0.8465
03-17 16:42 INFO     >> Global Model Test accuracy: 0.5392, Test accuracy top-5: 0.7974
03-17 16:42 INFO     >> Global Model Train loss: 1.5861
03-17 16:42 INFO     in comm round:39
03-17 16:42 INFO     Training network 0 n_training: 5000
03-17 16:42 INFO     Training network 0
03-17 16:42 INFO     n_training: 39
03-17 16:42 INFO     Client: 0 Epoch: 0 Loss: 0.012650594055557098
03-17 16:42 INFO     Client: 0 Epoch: 1 Loss: 0.010399908496019168
03-17 16:42 INFO     Client: 0 Epoch: 2 Loss: 0.00962846369172136
03-17 16:42 INFO     Client: 0 Epoch: 3 Loss: 0.009228393817559266
03-17 16:42 INFO     Client: 0 Epoch: 4 Loss: 0.008887606302801615
03-17 16:42 INFO      ** Client: 0 Training complete **
03-17 16:42 INFO     Training network 1 n_training: 8000
03-17 16:42 INFO     Training network 1
03-17 16:42 INFO     n_training: 62
03-17 16:43 INFO     Client: 1 Epoch: 0 Loss: 0.01056756266963578
03-17 16:43 INFO     Client: 1 Epoch: 1 Loss: 0.00967792406558029
03-17 16:43 INFO     Client: 1 Epoch: 2 Loss: 0.008749197988260177
03-17 16:43 INFO     Client: 1 Epoch: 3 Loss: 0.008528081181969854
03-17 16:43 INFO     Client: 1 Epoch: 4 Loss: 0.008139297193396957
03-17 16:43 INFO      ** Client: 1 Training complete **
03-17 16:43 INFO     global n_training: 390
03-17 16:43 INFO     global n_test: 79
03-17 16:43 INFO     >> Global Model Train accuracy: 0.6505, Train accuracy top-5: 0.8477
03-17 16:43 INFO     >> Global Model Test accuracy: 0.5388, Test accuracy top-5: 0.7951
03-17 16:43 INFO     >> Global Model Train loss: 1.5837
03-17 16:43 INFO     in comm round:40
03-17 16:43 INFO     Training network 0 n_training: 5000
03-17 16:43 INFO     Training network 0
03-17 16:43 INFO     n_training: 39
03-17 16:43 INFO     Client: 0 Epoch: 0 Loss: 0.012419729183117548
03-17 16:43 INFO     Client: 0 Epoch: 1 Loss: 0.010799014272216039
03-17 16:43 INFO     Client: 0 Epoch: 2 Loss: 0.010290901522892408
03-17 16:43 INFO     Client: 0 Epoch: 3 Loss: 0.009802293557769213
03-17 16:43 INFO     Client: 0 Epoch: 4 Loss: 0.00890987632700648
03-17 16:43 INFO      ** Client: 0 Training complete **
03-17 16:43 INFO     Training network 1 n_training: 8000
03-17 16:43 INFO     Training network 1
03-17 16:43 INFO     n_training: 62
03-17 16:43 INFO     Client: 1 Epoch: 0 Loss: 0.010682431530327566
03-17 16:43 INFO     Client: 1 Epoch: 1 Loss: 0.00902151811357227
03-17 16:43 INFO     Client: 1 Epoch: 2 Loss: 0.008867911085666667
03-17 16:43 INFO     Client: 1 Epoch: 3 Loss: 0.0083621135206833
03-17 16:43 INFO     Client: 1 Epoch: 4 Loss: 0.008184725921901484
03-17 16:43 INFO      ** Client: 1 Training complete **
03-17 16:43 INFO     global n_training: 390
03-17 16:43 INFO     global n_test: 79
03-17 16:43 INFO     >> Global Model Train accuracy: 0.6502, Train accuracy top-5: 0.8467
03-17 16:43 INFO     >> Global Model Test accuracy: 0.5411, Test accuracy top-5: 0.7972
03-17 16:43 INFO     >> Global Model Train loss: 1.5879
03-17 16:43 INFO     in comm round:41
03-17 16:43 INFO     Training network 0 n_training: 5000
03-17 16:43 INFO     Training network 0
03-17 16:43 INFO     n_training: 39
03-17 16:43 INFO     Client: 0 Epoch: 0 Loss: 0.012423478257961763
03-17 16:43 INFO     Client: 0 Epoch: 1 Loss: 0.010893731318318691
03-17 16:43 INFO     Client: 0 Epoch: 2 Loss: 0.010184534467183627
03-17 16:43 INFO     Client: 0 Epoch: 3 Loss: 0.009650599378614854
03-17 16:43 INFO     Client: 0 Epoch: 4 Loss: 0.009319514955561131
03-17 16:43 INFO      ** Client: 0 Training complete **
03-17 16:43 INFO     Training network 1 n_training: 8000
03-17 16:43 INFO     Training network 1
03-17 16:43 INFO     n_training: 62
03-17 16:43 INFO     Client: 1 Epoch: 0 Loss: 0.010651829952914868
03-17 16:43 INFO     Client: 1 Epoch: 1 Loss: 0.009469839736759182
03-17 16:44 INFO     Client: 1 Epoch: 2 Loss: 0.00917655539758984
03-17 16:44 INFO     Client: 1 Epoch: 3 Loss: 0.009042210080811092
03-17 16:44 INFO     Client: 1 Epoch: 4 Loss: 0.008600917817544072
03-17 16:44 INFO      ** Client: 1 Training complete **
03-17 16:44 INFO     global n_training: 390
03-17 16:44 INFO     global n_test: 79
03-17 16:44 INFO     >> Global Model Train accuracy: 0.6499, Train accuracy top-5: 0.8485
03-17 16:44 INFO     >> Global Model Test accuracy: 0.5411, Test accuracy top-5: 0.7976
03-17 16:44 INFO     >> Global Model Train loss: 1.5829
03-17 16:44 INFO     in comm round:42
03-17 16:44 INFO     Training network 0 n_training: 5000
03-17 16:44 INFO     Training network 0
03-17 16:44 INFO     n_training: 39
03-17 16:44 INFO     Client: 0 Epoch: 0 Loss: 0.0126330042257905
03-17 16:44 INFO     Client: 0 Epoch: 1 Loss: 0.010771404330929121
03-17 16:44 INFO     Client: 0 Epoch: 2 Loss: 0.01058380343975165
03-17 16:44 INFO     Client: 0 Epoch: 3 Loss: 0.009611490481079388
03-17 16:44 INFO     Client: 0 Epoch: 4 Loss: 0.00928711051789996
03-17 16:44 INFO      ** Client: 0 Training complete **
03-17 16:44 INFO     Training network 1 n_training: 8000
03-17 16:44 INFO     Training network 1
03-17 16:44 INFO     n_training: 62
03-17 16:44 INFO     Client: 1 Epoch: 0 Loss: 0.010336123977697665
03-17 16:44 INFO     Client: 1 Epoch: 1 Loss: 0.009494428410224857
03-17 16:44 INFO     Client: 1 Epoch: 2 Loss: 0.009019947197708872
03-17 16:44 INFO     Client: 1 Epoch: 3 Loss: 0.008805299020041861
03-17 16:44 INFO     Client: 1 Epoch: 4 Loss: 0.008625532034784555
03-17 16:44 INFO      ** Client: 1 Training complete **
03-17 16:44 INFO     global n_training: 390
03-17 16:44 INFO     global n_test: 79
03-17 16:44 INFO     >> Global Model Train accuracy: 0.6509, Train accuracy top-5: 0.8480
03-17 16:44 INFO     >> Global Model Test accuracy: 0.5407, Test accuracy top-5: 0.7980
03-17 16:44 INFO     >> Global Model Train loss: 1.5855
03-17 16:44 INFO     in comm round:43
03-17 16:44 INFO     Training network 0 n_training: 5000
03-17 16:44 INFO     Training network 0
03-17 16:44 INFO     n_training: 39
03-17 16:44 INFO     Client: 0 Epoch: 0 Loss: 0.012555996672465252
03-17 16:44 INFO     Client: 0 Epoch: 1 Loss: 0.011504711105655402
03-17 16:44 INFO     Client: 0 Epoch: 2 Loss: 0.010280589286524516
03-17 16:44 INFO     Client: 0 Epoch: 3 Loss: 0.009926147233599272
03-17 16:44 INFO     Client: 0 Epoch: 4 Loss: 0.009621765118283339
03-17 16:44 INFO      ** Client: 0 Training complete **
03-17 16:44 INFO     Training network 1 n_training: 8000
03-17 16:44 INFO     Training network 1
03-17 16:44 INFO     n_training: 62
03-17 16:44 INFO     Client: 1 Epoch: 0 Loss: 0.010467455872604925
03-17 16:44 INFO     Client: 1 Epoch: 1 Loss: 0.009930111603030273
03-17 16:44 INFO     Client: 1 Epoch: 2 Loss: 0.009058280847966671
03-17 16:45 INFO     Client: 1 Epoch: 3 Loss: 0.00905602248085122
03-17 16:45 INFO     Client: 1 Epoch: 4 Loss: 0.008673731808460528
03-17 16:45 INFO      ** Client: 1 Training complete **
03-17 16:45 INFO     global n_training: 390
03-17 16:45 INFO     global n_test: 79
03-17 16:45 INFO     >> Global Model Train accuracy: 0.6519, Train accuracy top-5: 0.8474
03-17 16:45 INFO     >> Global Model Test accuracy: 0.5398, Test accuracy top-5: 0.7964
03-17 16:45 INFO     >> Global Model Train loss: 1.5770
03-17 16:45 INFO     in comm round:44
03-17 16:45 INFO     Training network 0 n_training: 5000
03-17 16:45 INFO     Training network 0
03-17 16:45 INFO     n_training: 39
03-17 16:45 INFO     Client: 0 Epoch: 0 Loss: 0.012540469184899941
03-17 16:45 INFO     Client: 0 Epoch: 1 Loss: 0.010911553202626796
03-17 16:45 INFO     Client: 0 Epoch: 2 Loss: 0.01056607379219853
03-17 16:45 INFO     Client: 0 Epoch: 3 Loss: 0.010848344948429327
03-17 16:45 INFO     Client: 0 Epoch: 4 Loss: 0.009844043196584934
03-17 16:45 INFO      ** Client: 0 Training complete **
03-17 16:45 INFO     Training network 1 n_training: 8000
03-17 16:45 INFO     Training network 1
03-17 16:45 INFO     n_training: 62
03-17 16:45 INFO     Client: 1 Epoch: 0 Loss: 0.010341247400989937
03-17 16:45 INFO     Client: 1 Epoch: 1 Loss: 0.010103865579191235
03-17 16:45 INFO     Client: 1 Epoch: 2 Loss: 0.0093235730403854
03-17 16:45 INFO     Client: 1 Epoch: 3 Loss: 0.00944083497198599
03-17 16:45 INFO     Client: 1 Epoch: 4 Loss: 0.009191426794014631
03-17 16:45 INFO      ** Client: 1 Training complete **
03-17 16:45 INFO     global n_training: 390
03-17 16:45 INFO     global n_test: 79
03-17 16:45 INFO     >> Global Model Train accuracy: 0.6494, Train accuracy top-5: 0.8461
03-17 16:45 INFO     >> Global Model Test accuracy: 0.5408, Test accuracy top-5: 0.7965
03-17 16:45 INFO     >> Global Model Train loss: 1.5865
03-17 16:45 INFO     in comm round:45
03-17 16:45 INFO     Training network 0 n_training: 5000
03-17 16:45 INFO     Training network 0
03-17 16:45 INFO     n_training: 39
03-17 16:45 INFO     Client: 0 Epoch: 0 Loss: 0.012357314618734213
03-17 16:45 INFO     Client: 0 Epoch: 1 Loss: 0.012196673987767635
03-17 16:45 INFO     Client: 0 Epoch: 2 Loss: 0.011124365509320527
03-17 16:45 INFO     Client: 0 Epoch: 3 Loss: 0.010642140769423583
03-17 16:45 INFO     Client: 0 Epoch: 4 Loss: 0.010665528571758514
03-17 16:45 INFO      ** Client: 0 Training complete **
03-17 16:45 INFO     Training network 1 n_training: 8000
03-17 16:45 INFO     Training network 1
03-17 16:45 INFO     n_training: 62
03-17 16:45 INFO     Client: 1 Epoch: 0 Loss: 0.01049786758789372
03-17 16:45 INFO     Client: 1 Epoch: 1 Loss: 0.009928631844119198
03-17 16:45 INFO     Client: 1 Epoch: 2 Loss: 0.009615016688082007
03-17 16:45 INFO     Client: 1 Epoch: 3 Loss: 0.009085318028566337
03-17 16:45 INFO     Client: 1 Epoch: 4 Loss: 0.009218264183390045
03-17 16:45 INFO      ** Client: 1 Training complete **
03-17 16:45 INFO     global n_training: 390
03-17 16:45 INFO     global n_test: 79
03-17 16:46 INFO     >> Global Model Train accuracy: 0.6510, Train accuracy top-5: 0.8476
03-17 16:46 INFO     >> Global Model Test accuracy: 0.5398, Test accuracy top-5: 0.7969
03-17 16:46 INFO     >> Global Model Train loss: 1.5816
03-17 16:46 INFO     in comm round:46
03-17 16:46 INFO     Training network 0 n_training: 5000
03-17 16:46 INFO     Training network 0
03-17 16:46 INFO     n_training: 39
03-17 16:46 INFO     Client: 0 Epoch: 0 Loss: 0.012215995683501929
03-17 16:46 INFO     Client: 0 Epoch: 1 Loss: 0.011957759204774331
03-17 16:46 INFO     Client: 0 Epoch: 2 Loss: 0.011601954555282226
03-17 16:46 INFO     Client: 0 Epoch: 3 Loss: 0.0107257620503123
03-17 16:46 INFO     Client: 0 Epoch: 4 Loss: 0.010689578711604461
03-17 16:46 INFO      ** Client: 0 Training complete **
03-17 16:46 INFO     Training network 1 n_training: 8000
03-17 16:46 INFO     Training network 1
03-17 16:46 INFO     n_training: 62
03-17 16:46 INFO     Client: 1 Epoch: 0 Loss: 0.01085767689942112
03-17 16:46 INFO     Client: 1 Epoch: 1 Loss: 0.009808658006330651
03-17 16:46 INFO     Client: 1 Epoch: 2 Loss: 0.0097852299034956
03-17 16:46 INFO     Client: 1 Epoch: 3 Loss: 0.009324938817430408
03-17 16:46 INFO     Client: 1 Epoch: 4 Loss: 0.009169600205495954
03-17 16:46 INFO      ** Client: 1 Training complete **
03-17 16:46 INFO     global n_training: 390
03-17 16:46 INFO     global n_test: 79
03-17 16:46 INFO     >> Global Model Train accuracy: 0.6506, Train accuracy top-5: 0.8473
03-17 16:46 INFO     >> Global Model Test accuracy: 0.5396, Test accuracy top-5: 0.7971
03-17 16:46 INFO     >> Global Model Train loss: 1.5818
03-17 16:46 INFO     in comm round:47
03-17 16:46 INFO     Training network 0 n_training: 5000
03-17 16:46 INFO     Training network 0
03-17 16:46 INFO     n_training: 39
03-17 16:46 INFO     Client: 0 Epoch: 0 Loss: 0.012183930915899767
03-17 16:46 INFO     Client: 0 Epoch: 1 Loss: 0.011960771698982287
03-17 16:46 INFO     Client: 0 Epoch: 2 Loss: 0.01173557204982409
03-17 16:46 INFO     Client: 0 Epoch: 3 Loss: 0.011206291711483246
03-17 16:46 INFO     Client: 0 Epoch: 4 Loss: 0.011374479541793847
03-17 16:46 INFO      ** Client: 0 Training complete **
03-17 16:46 INFO     Training network 1 n_training: 8000
03-17 16:46 INFO     Training network 1
03-17 16:46 INFO     n_training: 62
03-17 16:46 INFO     Client: 1 Epoch: 0 Loss: 0.010287085315212607
03-17 16:46 INFO     Client: 1 Epoch: 1 Loss: 0.01038977249916042
03-17 16:46 INFO     Client: 1 Epoch: 2 Loss: 0.009986254439178494
03-17 16:46 INFO     Client: 1 Epoch: 3 Loss: 0.009853180392735427
03-17 16:46 INFO     Client: 1 Epoch: 4 Loss: 0.009838025874247956
03-17 16:46 INFO      ** Client: 1 Training complete **
03-17 16:46 INFO     global n_training: 390
03-17 16:46 INFO     global n_test: 79
03-17 16:46 INFO     >> Global Model Train accuracy: 0.6502, Train accuracy top-5: 0.8467
03-17 16:46 INFO     >> Global Model Test accuracy: 0.5390, Test accuracy top-5: 0.7969
03-17 16:46 INFO     >> Global Model Train loss: 1.5843
03-17 16:46 INFO     in comm round:48
03-17 16:46 INFO     Training network 0 n_training: 5000
03-17 16:46 INFO     Training network 0
03-17 16:46 INFO     n_training: 39
03-17 16:47 INFO     Client: 0 Epoch: 0 Loss: 0.012175030504854826
03-17 16:47 INFO     Client: 0 Epoch: 1 Loss: 0.012324737169994758
03-17 16:47 INFO     Client: 0 Epoch: 2 Loss: 0.01238057473435616
03-17 16:47 INFO     Client: 0 Epoch: 3 Loss: 0.011852014881487075
03-17 16:47 INFO     Client: 0 Epoch: 4 Loss: 0.012344159233646516
03-17 16:47 INFO      ** Client: 0 Training complete **
03-17 16:47 INFO     Training network 1 n_training: 8000
03-17 16:47 INFO     Training network 1
03-17 16:47 INFO     n_training: 62
03-17 16:47 INFO     Client: 1 Epoch: 0 Loss: 0.010170267248946813
03-17 16:47 INFO     Client: 1 Epoch: 1 Loss: 0.010420488801995111
03-17 16:47 INFO     Client: 1 Epoch: 2 Loss: 0.010112549305983608
03-17 16:47 INFO     Client: 1 Epoch: 3 Loss: 0.01035127501123615
03-17 16:47 INFO     Client: 1 Epoch: 4 Loss: 0.010336778149189006
03-17 16:47 INFO      ** Client: 1 Training complete **
03-17 16:47 INFO     global n_training: 390
03-17 16:47 INFO     global n_test: 79
03-17 16:47 INFO     >> Global Model Train accuracy: 0.6484, Train accuracy top-5: 0.8453
03-17 16:47 INFO     >> Global Model Test accuracy: 0.5404, Test accuracy top-5: 0.7964
03-17 16:47 INFO     >> Global Model Train loss: 1.5899
03-17 16:47 INFO     in comm round:49
03-17 16:47 INFO     Training network 0 n_training: 5000
03-17 16:47 INFO     Training network 0
03-17 16:47 INFO     n_training: 39
03-17 16:47 INFO     Client: 0 Epoch: 0 Loss: 0.012515328442439055
03-17 16:47 INFO     Client: 0 Epoch: 1 Loss: 0.012738133995578839
03-17 16:47 INFO     Client: 0 Epoch: 2 Loss: 0.012344465758173894
03-17 16:47 INFO     Client: 0 Epoch: 3 Loss: 0.012450630179582497
03-17 16:47 INFO     Client: 0 Epoch: 4 Loss: 0.012585859769620957
03-17 16:47 INFO      ** Client: 0 Training complete **
03-17 16:47 INFO     Training network 1 n_training: 8000
03-17 16:47 INFO     Training network 1
03-17 16:47 INFO     n_training: 62
03-17 16:47 INFO     Client: 1 Epoch: 0 Loss: 0.010676392789689763
03-17 16:47 INFO     Client: 1 Epoch: 1 Loss: 0.010946128352154647
03-17 16:47 INFO     Client: 1 Epoch: 2 Loss: 0.010523037864796577
03-17 16:47 INFO     Client: 1 Epoch: 3 Loss: 0.010541722291119156
03-17 16:47 INFO     Client: 1 Epoch: 4 Loss: 0.010169194094956882
03-17 16:47 INFO      ** Client: 1 Training complete **
03-17 16:47 INFO     global n_training: 390
03-17 16:47 INFO     global n_test: 79
03-17 16:47 INFO     >> Global Model Train accuracy: 0.6514, Train accuracy top-5: 0.8465
03-17 16:47 INFO     >> Global Model Test accuracy: 0.5396, Test accuracy top-5: 0.7976
03-17 16:47 INFO     >> Global Model Train loss: 1.5833
03-17 16:47 INFO     Starting Fine Tuning...
03-17 16:47 INFO     Training network 0
03-17 16:47 INFO     n_training: 39
03-17 16:47 INFO     Client: 0 Epoch: 0 Loss: 0.012146140639789594
03-17 16:47 INFO     Client: 0 Epoch: 1 Loss: 0.012353886515857318
03-17 16:47 INFO     Client: 0 Epoch: 2 Loss: 0.01254671327292155
03-17 16:48 INFO     Client: 0 Epoch: 3 Loss: 0.012871679658882128
03-17 16:48 INFO     Client: 0 Epoch: 4 Loss: 0.012448296165810181
03-17 16:48 INFO      ** Client: 0 Training complete **
03-17 16:48 INFO     Training network 0
03-17 16:48 INFO     n_training: 39
03-17 16:48 INFO     Client: 0 Epoch: 0 Loss: 0.012278302835348325
03-17 16:48 INFO     Client: 0 Epoch: 1 Loss: 0.011888206960299076
03-17 16:48 INFO     Client: 0 Epoch: 2 Loss: 0.012598029122902797
03-17 16:48 INFO     Client: 0 Epoch: 3 Loss: 0.011834679613224207
03-17 16:48 INFO     Client: 0 Epoch: 4 Loss: 0.012265135128146563
03-17 16:48 INFO      ** Client: 0 Training complete **
03-17 16:48 INFO     Training network 0
03-17 16:48 INFO     n_training: 39
03-17 16:48 INFO     Client: 0 Epoch: 0 Loss: 0.012100571814255837
03-17 16:48 INFO     Client: 0 Epoch: 1 Loss: 0.011870281914105782
03-17 16:48 INFO     Client: 0 Epoch: 2 Loss: 0.012560951308562206
03-17 16:48 INFO     Client: 0 Epoch: 3 Loss: 0.012470691846922422
03-17 16:48 INFO     Client: 0 Epoch: 4 Loss: 0.012062017161112566
03-17 16:48 INFO      ** Client: 0 Training complete **
03-17 16:48 INFO     Training network 0
03-17 16:48 INFO     n_training: 39
03-17 16:48 INFO     Client: 0 Epoch: 0 Loss: 0.011276897926552173
03-17 16:48 INFO     Client: 0 Epoch: 1 Loss: 0.011218880721105214
03-17 16:48 INFO     Client: 0 Epoch: 2 Loss: 0.011653906749322629
03-17 16:48 INFO     Client: 0 Epoch: 3 Loss: 0.012015352861430401
03-17 16:48 INFO     Client: 0 Epoch: 4 Loss: 0.011370077765045257
03-17 16:48 INFO      ** Client: 0 Training complete **
03-17 16:48 INFO     Training network 0
03-17 16:48 INFO     n_training: 39
03-17 16:48 INFO     Client: 0 Epoch: 0 Loss: 0.011544350534677505
03-17 16:48 INFO     Client: 0 Epoch: 1 Loss: 0.012366433484623065
03-17 16:48 INFO     Client: 0 Epoch: 2 Loss: 0.01167940560919352
03-17 16:48 INFO     Client: 0 Epoch: 3 Loss: 0.011359858923615554
03-17 16:48 INFO     Client: 0 Epoch: 4 Loss: 0.011103850049086107
03-17 16:48 INFO      ** Client: 0 Training complete **
03-17 16:48 INFO     Training network 1
03-17 16:48 INFO     n_training: 62
03-17 16:48 INFO     Client: 1 Epoch: 0 Loss: 0.01030390050953194
03-17 16:48 INFO     Client: 1 Epoch: 1 Loss: 0.00996368125291361
03-17 16:48 INFO     Client: 1 Epoch: 2 Loss: 0.009949910071408075
03-17 16:48 INFO     Client: 1 Epoch: 3 Loss: 0.009832820577186442
03-17 16:48 INFO     Client: 1 Epoch: 4 Loss: 0.010358309606090188
03-17 16:48 INFO      ** Client: 1 Training complete **
03-17 16:48 INFO     Training network 1
03-17 16:48 INFO     n_training: 62
03-17 16:48 INFO     Client: 1 Epoch: 0 Loss: 0.010094351570812924
03-17 16:49 INFO     Client: 1 Epoch: 1 Loss: 0.009994552696063634
03-17 16:49 INFO     Client: 1 Epoch: 2 Loss: 0.010003549429858405
03-17 16:49 INFO     Client: 1 Epoch: 3 Loss: 0.00984837838088072
03-17 16:49 INFO     Client: 1 Epoch: 4 Loss: 0.010214516923071877
03-17 16:49 INFO      ** Client: 1 Training complete **
03-17 16:49 INFO     Training network 1
03-17 16:49 INFO     n_training: 62
03-17 16:49 INFO     Client: 1 Epoch: 0 Loss: 0.010076266593269764
03-17 16:49 INFO     Client: 1 Epoch: 1 Loss: 0.010484869779658413
03-17 16:49 INFO     Client: 1 Epoch: 2 Loss: 0.009896388743072748
03-17 16:49 INFO     Client: 1 Epoch: 3 Loss: 0.009934200199260827
03-17 16:49 INFO     Client: 1 Epoch: 4 Loss: 0.009850663756350837
03-17 16:49 INFO      ** Client: 1 Training complete **
03-17 16:49 INFO     Training network 1
03-17 16:49 INFO     n_training: 62
03-17 16:49 INFO     Client: 1 Epoch: 0 Loss: 0.00985160241684606
03-17 16:49 INFO     Client: 1 Epoch: 1 Loss: 0.009524299147268456
03-17 16:49 INFO     Client: 1 Epoch: 2 Loss: 0.00996085743780338
03-17 16:49 INFO     Client: 1 Epoch: 3 Loss: 0.009901767018281164
03-17 16:49 INFO     Client: 1 Epoch: 4 Loss: 0.009654335106813138
03-17 16:49 INFO      ** Client: 1 Training complete **
