04-11 18:21 INFO     cuda
04-11 18:21 INFO     Command Line Arguments: 
{
    "epochs": 5,
    "comm_round": 70,
    "sample_fraction": 1.0,
    "alpha": 0.01,
    "dataset": "cifar10",
    "datadir": "../data/",
    "partition": "iid",
    "alg": "sflv1",
    "model": "resnet-18",
    "split_layer": 2,
    "n_parties": 100,
    "lr": 0.001,
    "mu": 1,
    "std_coeff": 2.5,
    "unif_coeff": 0.5,
    "batch_size": 64,
    "load_first_net": 1,
    "pool_option": "FIFO",
    "model_buffer_size": 1,
    "optimizer": "adam",
    "simp_width": 1,
    "out_dim": 256,
    "reg": 0.0005,
    "temperature": 0.5,
    "logdir": "./",
    "log_file_name": "logs/experiment_log-alg=sflv1_partition=iid_lr=0.001_epochs=5_num_users=100_beta=0.01_batch_size=64_opt=adam_dataset=cifar10_2024-04-11-1821-14",
    "seed": 1,
    "device": "cuda:4",
    "accuracies_file": "logs/resnet_18_100_users.csv",
    "dont_skip": false,
    "n_train_workers": 8,
    "n_test_workers": 8,
    "multiprocessing": 0
}
04-11 18:21 INFO     Data statistics: {0: {0: 36, 1: 54, 2: 52, 3: 55, 4: 46, 5: 45, 6: 60, 7: 58, 8: 37, 9: 57}, 1: {0: 45, 1: 34, 2: 53, 3: 59, 4: 45, 5: 46, 6: 50, 7: 48, 8: 72, 9: 48}, 2: {0: 57, 1: 48, 2: 49, 3: 45, 4: 56, 5: 50, 6: 44, 7: 49, 8: 40, 9: 62}, 3: {0: 48, 1: 47, 2: 58, 3: 40, 4: 66, 5: 54, 6: 46, 7: 44, 8: 58, 9: 39}, 4: {0: 61, 1: 43, 2: 53, 3: 47, 4: 51, 5: 58, 6: 43, 7: 57, 8: 42, 9: 45}, 5: {0: 53, 1: 64, 2: 48, 3: 35, 4: 53, 5: 46, 6: 52, 7: 46, 8: 53, 9: 50}, 6: {0: 44, 1: 69, 2: 40, 3: 48, 4: 51, 5: 56, 6: 48, 7: 48, 8: 42, 9: 54}, 7: {0: 55, 1: 53, 2: 60, 3: 44, 4: 49, 5: 42, 6: 50, 7: 54, 8: 45, 9: 48}, 8: {0: 52, 1: 44, 2: 48, 3: 58, 4: 59, 5: 43, 6: 51, 7: 41, 8: 48, 9: 56}, 9: {0: 59, 1: 36, 2: 54, 3: 43, 4: 54, 5: 58, 6: 57, 7: 44, 8: 44, 9: 51}, 10: {0: 48, 1: 44, 2: 53, 3: 55, 4: 36, 5: 54, 6: 44, 7: 48, 8: 50, 9: 68}, 11: {0: 50, 1: 46, 2: 55, 3: 52, 4: 58, 5: 42, 6: 50, 7: 46, 8: 49, 9: 52}, 12: {0: 52, 1: 47, 2: 47, 3: 58, 4: 41, 5: 56, 6: 47, 7: 40, 8: 61, 9: 51}, 13: {0: 47, 1: 52, 2: 47, 3: 51, 4: 57, 5: 45, 6: 48, 7: 58, 8: 43, 9: 52}, 14: {0: 54, 1: 47, 2: 47, 3: 41, 4: 49, 5: 57, 6: 55, 7: 53, 8: 55, 9: 42}, 15: {0: 42, 1: 59, 2: 56, 3: 43, 4: 53, 5: 51, 6: 48, 7: 55, 8: 51, 9: 42}, 16: {0: 43, 1: 47, 2: 62, 3: 50, 4: 51, 5: 42, 6: 52, 7: 45, 8: 52, 9: 56}, 17: {0: 51, 1: 55, 2: 46, 3: 63, 4: 48, 5: 50, 6: 39, 7: 55, 8: 49, 9: 44}, 18: {0: 39, 1: 45, 2: 59, 3: 52, 4: 43, 5: 47, 6: 56, 7: 53, 8: 48, 9: 58}, 19: {0: 50, 1: 52, 2: 51, 3: 50, 4: 41, 5: 53, 6: 47, 7: 70, 8: 39, 9: 47}, 20: {0: 45, 1: 52, 2: 49, 3: 56, 4: 53, 5: 44, 6: 40, 7: 59, 8: 59, 9: 43}, 21: {0: 54, 1: 56, 2: 48, 3: 36, 4: 57, 5: 42, 6: 63, 7: 47, 8: 51, 9: 46}, 22: {0: 50, 1: 47, 2: 64, 3: 49, 4: 48, 5: 50, 6: 42, 7: 44, 8: 50, 9: 56}, 23: {0: 47, 1: 43, 2: 54, 3: 67, 4: 43, 5: 50, 6: 54, 7: 42, 8: 58, 9: 42}, 24: {0: 55, 1: 62, 2: 39, 3: 56, 4: 41, 5: 52, 6: 57, 7: 52, 8: 39, 9: 47}, 25: {0: 52, 1: 67, 2: 40, 3: 52, 4: 43, 5: 47, 6: 57, 7: 50, 8: 39, 9: 53}, 26: {0: 61, 1: 40, 2: 44, 3: 51, 4: 46, 5: 63, 6: 47, 7: 56, 8: 50, 9: 42}, 27: {0: 48, 1: 57, 2: 47, 3: 46, 4: 46, 5: 55, 6: 57, 7: 44, 8: 47, 9: 53}, 28: {0: 48, 1: 41, 2: 51, 3: 55, 4: 49, 5: 54, 6: 58, 7: 61, 8: 41, 9: 42}, 29: {0: 43, 1: 59, 2: 65, 3: 58, 4: 45, 5: 40, 6: 63, 7: 44, 8: 48, 9: 35}, 30: {0: 43, 1: 53, 2: 49, 3: 56, 4: 47, 5: 53, 6: 50, 7: 46, 8: 56, 9: 47}, 31: {0: 44, 1: 54, 2: 52, 3: 44, 4: 49, 5: 70, 6: 47, 7: 40, 8: 56, 9: 44}, 32: {0: 50, 1: 58, 2: 34, 3: 51, 4: 55, 5: 44, 6: 60, 7: 57, 8: 39, 9: 52}, 33: {0: 49, 1: 31, 2: 53, 3: 64, 4: 52, 5: 54, 6: 45, 7: 45, 8: 50, 9: 57}, 34: {0: 55, 1: 55, 2: 50, 3: 45, 4: 42, 5: 55, 6: 53, 7: 50, 8: 42, 9: 53}, 35: {0: 34, 1: 54, 2: 52, 3: 46, 4: 54, 5: 49, 6: 58, 7: 52, 8: 48, 9: 53}, 36: {0: 56, 1: 45, 2: 50, 3: 39, 4: 56, 5: 51, 6: 46, 7: 54, 8: 56, 9: 47}, 37: {0: 51, 1: 56, 2: 55, 3: 55, 4: 47, 5: 46, 6: 48, 7: 59, 8: 35, 9: 48}, 38: {0: 55, 1: 54, 2: 61, 3: 34, 4: 43, 5: 49, 6: 56, 7: 47, 8: 46, 9: 55}, 39: {0: 47, 1: 41, 2: 58, 3: 46, 4: 42, 5: 42, 6: 66, 7: 51, 8: 52, 9: 55}, 40: {0: 45, 1: 59, 2: 42, 3: 51, 4: 54, 5: 56, 6: 50, 7: 44, 8: 53, 9: 46}, 41: {0: 55, 1: 54, 2: 53, 3: 53, 4: 52, 5: 44, 6: 46, 7: 55, 8: 41, 9: 47}, 42: {0: 41, 1: 53, 2: 36, 3: 45, 4: 49, 5: 45, 6: 65, 7: 57, 8: 58, 9: 51}, 43: {0: 54, 1: 38, 2: 40, 3: 57, 4: 48, 5: 56, 6: 54, 7: 55, 8: 44, 9: 54}, 44: {0: 55, 1: 53, 2: 51, 3: 46, 4: 40, 5: 57, 6: 48, 7: 35, 8: 55, 9: 60}, 45: {0: 59, 1: 51, 2: 54, 3: 40, 4: 47, 5: 47, 6: 57, 7: 55, 8: 44, 9: 46}, 46: {0: 56, 1: 51, 2: 58, 3: 44, 4: 57, 5: 46, 6: 55, 7: 42, 8: 41, 9: 50}, 47: {0: 55, 1: 47, 2: 54, 3: 58, 4: 49, 5: 45, 6: 47, 7: 51, 8: 43, 9: 51}, 48: {0: 46, 1: 38, 2: 41, 3: 52, 4: 43, 5: 61, 6: 49, 7: 47, 8: 56, 9: 67}, 49: {0: 40, 1: 52, 2: 49, 3: 49, 4: 53, 5: 55, 6: 49, 7: 46, 8: 55, 9: 52}, 50: {0: 63, 1: 44, 2: 46, 3: 66, 4: 52, 5: 53, 6: 48, 7: 47, 8: 45, 9: 36}, 51: {0: 47, 1: 52, 2: 64, 3: 49, 4: 47, 5: 53, 6: 37, 7: 50, 8: 57, 9: 44}, 52: {0: 51, 1: 55, 2: 38, 3: 47, 4: 66, 5: 49, 6: 44, 7: 33, 8: 51, 9: 66}, 53: {0: 61, 1: 42, 2: 49, 3: 46, 4: 53, 5: 44, 6: 49, 7: 52, 8: 50, 9: 54}, 54: {0: 33, 1: 46, 2: 57, 3: 47, 4: 53, 5: 53, 6: 47, 7: 58, 8: 48, 9: 58}, 55: {0: 59, 1: 50, 2: 37, 3: 60, 4: 42, 5: 49, 6: 44, 7: 51, 8: 51, 9: 57}, 56: {0: 44, 1: 46, 2: 47, 3: 55, 4: 41, 5: 58, 6: 42, 7: 44, 8: 61, 9: 62}, 57: {0: 48, 1: 57, 2: 44, 3: 42, 4: 42, 5: 64, 6: 49, 7: 43, 8: 47, 9: 64}, 58: {0: 48, 1: 49, 2: 46, 3: 63, 4: 46, 5: 36, 6: 61, 7: 61, 8: 41, 9: 49}, 59: {0: 63, 1: 55, 2: 44, 3: 50, 4: 54, 5: 47, 6: 37, 7: 41, 8: 52, 9: 57}, 60: {0: 57, 1: 50, 2: 39, 3: 58, 4: 46, 5: 50, 6: 49, 7: 55, 8: 52, 9: 44}, 61: {0: 57, 1: 47, 2: 47, 3: 40, 4: 50, 5: 44, 6: 48, 7: 50, 8: 63, 9: 54}, 62: {0: 44, 1: 49, 2: 52, 3: 47, 4: 47, 5: 46, 6: 52, 7: 51, 8: 62, 9: 50}, 63: {0: 48, 1: 59, 2: 45, 3: 46, 4: 53, 5: 44, 6: 49, 7: 65, 8: 51, 9: 40}, 64: {0: 58, 1: 52, 2: 57, 3: 44, 4: 54, 5: 42, 6: 38, 7: 59, 8: 52, 9: 44}, 65: {0: 41, 1: 56, 2: 48, 3: 51, 4: 60, 5: 42, 6: 53, 7: 51, 8: 54, 9: 44}, 66: {0: 50, 1: 52, 2: 48, 3: 43, 4: 53, 5: 51, 6: 51, 7: 49, 8: 62, 9: 41}, 67: {0: 51, 1: 45, 2: 54, 3: 52, 4: 45, 5: 54, 6: 49, 7: 48, 8: 57, 9: 45}, 68: {0: 48, 1: 53, 2: 50, 3: 55, 4: 39, 5: 51, 6: 54, 7: 43, 8: 51, 9: 56}, 69: {0: 37, 1: 59, 2: 52, 3: 54, 4: 59, 5: 58, 6: 49, 7: 28, 8: 53, 9: 51}, 70: {0: 52, 1: 48, 2: 41, 3: 51, 4: 41, 5: 48, 6: 58, 7: 60, 8: 51, 9: 50}, 71: {0: 44, 1: 45, 2: 55, 3: 42, 4: 57, 5: 36, 6: 59, 7: 48, 8: 61, 9: 53}, 72: {0: 54, 1: 55, 2: 59, 3: 49, 4: 54, 5: 54, 6: 35, 7: 47, 8: 50, 9: 43}, 73: {0: 43, 1: 51, 2: 48, 3: 59, 4: 54, 5: 52, 6: 41, 7: 51, 8: 59, 9: 42}, 74: {0: 48, 1: 55, 2: 58, 3: 50, 4: 51, 5: 45, 6: 48, 7: 48, 8: 43, 9: 54}, 75: {0: 53, 1: 46, 2: 39, 3: 54, 4: 55, 5: 56, 6: 53, 7: 49, 8: 47, 9: 48}, 76: {0: 55, 1: 51, 2: 48, 3: 50, 4: 50, 5: 49, 6: 43, 7: 58, 8: 47, 9: 49}, 77: {0: 61, 1: 45, 2: 55, 3: 49, 4: 53, 5: 47, 6: 46, 7: 57, 8: 45, 9: 42}, 78: {0: 56, 1: 52, 2: 47, 3: 53, 4: 58, 5: 58, 6: 41, 7: 53, 8: 38, 9: 44}, 79: {0: 50, 1: 52, 2: 49, 3: 55, 4: 50, 5: 58, 6: 44, 7: 44, 8: 52, 9: 46}, 80: {0: 62, 1: 42, 2: 49, 3: 33, 4: 42, 5: 49, 6: 44, 7: 59, 8: 60, 9: 60}, 81: {0: 45, 1: 38, 2: 44, 3: 58, 4: 53, 5: 45, 6: 51, 7: 51, 8: 56, 9: 59}, 82: {0: 55, 1: 49, 2: 57, 3: 50, 4: 44, 5: 50, 6: 49, 7: 50, 8: 43, 9: 53}, 83: {0: 42, 1: 58, 2: 57, 3: 53, 4: 37, 5: 61, 6: 50, 7: 45, 8: 52, 9: 45}, 84: {0: 49, 1: 44, 2: 50, 3: 49, 4: 54, 5: 53, 6: 49, 7: 53, 8: 52, 9: 47}, 85: {0: 46, 1: 46, 2: 47, 3: 49, 4: 59, 5: 40, 6: 55, 7: 57, 8: 42, 9: 59}, 86: {0: 49, 1: 61, 2: 44, 3: 61, 4: 49, 5: 43, 6: 57, 7: 38, 8: 51, 9: 47}, 87: {0: 51, 1: 58, 2: 41, 3: 49, 4: 52, 5: 38, 6: 50, 7: 55, 8: 54, 9: 52}, 88: {0: 58, 1: 53, 2: 51, 3: 38, 4: 55, 5: 56, 6: 50, 7: 52, 8: 43, 9: 44}, 89: {0: 46, 1: 48, 2: 58, 3: 52, 4: 39, 5: 55, 6: 54, 7: 51, 8: 53, 9: 44}, 90: {0: 40, 1: 54, 2: 52, 3: 60, 4: 59, 5: 44, 6: 43, 7: 48, 8: 48, 9: 52}, 91: {0: 50, 1: 43, 2: 59, 3: 48, 4: 56, 5: 51, 6: 49, 7: 36, 8: 50, 9: 58}, 92: {0: 54, 1: 53, 2: 49, 3: 46, 4: 52, 5: 40, 6: 47, 7: 60, 8: 50, 9: 49}, 93: {0: 43, 1: 51, 2: 57, 3: 57, 4: 49, 5: 48, 6: 49, 7: 53, 8: 50, 9: 43}, 94: {0: 42, 1: 42, 2: 45, 3: 63, 4: 61, 5: 52, 6: 54, 7: 44, 8: 46, 9: 51}, 95: {0: 47, 1: 48, 2: 44, 3: 40, 4: 51, 5: 58, 6: 49, 7: 56, 8: 51, 9: 56}, 96: {0: 61, 1: 45, 2: 47, 3: 49, 4: 45, 5: 52, 6: 45, 7: 51, 8: 58, 9: 47}, 97: {0: 47, 1: 49, 2: 45, 3: 44, 4: 58, 5: 59, 6: 53, 7: 47, 8: 60, 9: 38}, 98: {0: 48, 1: 42, 2: 62, 3: 40, 4: 58, 5: 49, 6: 57, 7: 51, 8: 50, 9: 43}, 99: {0: 62, 1: 51, 2: 48, 3: 44, 4: 45, 5: 49, 6: 53, 7: 50, 8: 48, 9: 50}}
04-11 18:21 INFO     in comm round:0
04-11 18:21 INFO     Training network 0 n_training: 500
04-11 18:21 INFO     Training network 0
04-11 18:21 INFO     Client: 0 Epoch: 0 Loss: 2.673502036503383
04-11 18:21 INFO     Client: 0 Epoch: 1 Loss: 2.0502942970820834
04-11 18:21 INFO     Client: 0 Epoch: 2 Loss: 1.9170735904148646
04-11 18:21 INFO     Client: 0 Epoch: 3 Loss: 1.8342680590493339
04-11 18:21 INFO     Client: 0 Epoch: 4 Loss: 1.7239044393811906
04-11 18:21 INFO      ** Client: 0 Training complete **
04-11 18:21 INFO     Training network 1 n_training: 500
04-11 18:21 INFO     Training network 1
04-11 18:21 INFO     Client: 1 Epoch: 0 Loss: 2.642638853618077
04-11 18:21 INFO     Client: 1 Epoch: 1 Loss: 2.0847807100840976
04-11 18:21 INFO     Client: 1 Epoch: 2 Loss: 2.0036983149392262
04-11 18:21 INFO     Client: 1 Epoch: 3 Loss: 1.8662481137684412
04-11 18:21 INFO     Client: 1 Epoch: 4 Loss: 1.7743799516132899
04-11 18:21 INFO      ** Client: 1 Training complete **
04-11 18:21 INFO     Training network 2 n_training: 500
04-11 18:21 INFO     Training network 2
04-11 18:21 INFO     Client: 2 Epoch: 0 Loss: 2.7409842014312744
04-11 18:21 INFO     Client: 2 Epoch: 1 Loss: 2.095836980002267
04-11 18:21 INFO     Client: 2 Epoch: 2 Loss: 1.9366336379732405
04-11 18:21 INFO     Client: 2 Epoch: 3 Loss: 1.7947054760796683
04-11 18:21 INFO     Client: 2 Epoch: 4 Loss: 1.6925503696714128
04-11 18:21 INFO      ** Client: 2 Training complete **
04-11 18:21 INFO     Training network 3 n_training: 500
04-11 18:21 INFO     Training network 3
04-11 18:21 INFO     Client: 3 Epoch: 0 Loss: 2.638998406273978
04-11 18:21 INFO     Client: 3 Epoch: 1 Loss: 2.2086631059646606
04-11 18:21 INFO     Client: 3 Epoch: 2 Loss: 1.9106537784848894
04-11 18:21 INFO     Client: 3 Epoch: 3 Loss: 1.833175676209586
04-11 18:21 INFO     Client: 3 Epoch: 4 Loss: 1.7420812845230103
04-11 18:21 INFO      ** Client: 3 Training complete **
04-11 18:21 INFO     Training network 4 n_training: 500
04-11 18:21 INFO     Training network 4
04-11 18:21 INFO     Client: 4 Epoch: 0 Loss: 2.5624195507594516
04-11 18:21 INFO     Client: 4 Epoch: 1 Loss: 2.071597150393895
04-11 18:21 INFO     Client: 4 Epoch: 2 Loss: 1.9210610730307442
04-11 18:21 INFO     Client: 4 Epoch: 3 Loss: 1.84307975428445
04-11 18:21 INFO     Client: 4 Epoch: 4 Loss: 1.7100977727345057
04-11 18:21 INFO      ** Client: 4 Training complete **
04-11 18:21 INFO     Training network 5 n_training: 500
04-11 18:21 INFO     Training network 5
04-11 18:21 INFO     Client: 5 Epoch: 0 Loss: 2.458329881940569
04-11 18:21 INFO     Client: 5 Epoch: 1 Loss: 2.04752140385764
04-11 18:21 INFO     Client: 5 Epoch: 2 Loss: 1.9227158171789986
04-11 18:21 INFO     Client: 5 Epoch: 3 Loss: 1.748856476375035
04-11 18:21 INFO     Client: 5 Epoch: 4 Loss: 1.6646968466894967
04-11 18:21 INFO      ** Client: 5 Training complete **
04-11 18:21 INFO     Training network 6 n_training: 500
04-11 18:21 INFO     Training network 6
04-11 18:21 INFO     Client: 6 Epoch: 0 Loss: 2.5751163959503174
04-11 18:21 INFO     Client: 6 Epoch: 1 Loss: 2.000141671725682
04-11 18:21 INFO     Client: 6 Epoch: 2 Loss: 1.8249555655888148
04-11 18:21 INFO     Client: 6 Epoch: 3 Loss: 1.7887824433190482
04-11 18:21 INFO     Client: 6 Epoch: 4 Loss: 1.7458401577813285
04-11 18:21 INFO      ** Client: 6 Training complete **
04-11 18:21 INFO     Training network 7 n_training: 500
04-11 18:21 INFO     Training network 7
04-11 18:21 INFO     Client: 7 Epoch: 0 Loss: 2.575982536588396
04-11 18:21 INFO     Client: 7 Epoch: 1 Loss: 2.1711265529905046
04-11 18:21 INFO     Client: 7 Epoch: 2 Loss: 1.956711803163801
04-11 18:21 INFO     Client: 7 Epoch: 3 Loss: 1.9197950533458166
04-11 18:21 INFO     Client: 7 Epoch: 4 Loss: 1.7639621155602592
04-11 18:21 INFO      ** Client: 7 Training complete **
04-11 18:21 INFO     Training network 8 n_training: 500
04-11 18:21 INFO     Training network 8
04-11 18:22 INFO     Client: 8 Epoch: 0 Loss: 2.529235397066389
04-11 18:22 INFO     Client: 8 Epoch: 1 Loss: 2.050556489399501
04-11 18:22 INFO     Client: 8 Epoch: 2 Loss: 1.8747997624533517
04-11 18:22 INFO     Client: 8 Epoch: 3 Loss: 1.7869297436305456
04-11 18:22 INFO     Client: 8 Epoch: 4 Loss: 1.721431749207633
04-11 18:22 INFO      ** Client: 8 Training complete **
04-11 18:22 INFO     Training network 9 n_training: 500
04-11 18:22 INFO     Training network 9
04-11 18:22 INFO     Client: 9 Epoch: 0 Loss: 2.8624938215528215
04-11 18:22 INFO     Client: 9 Epoch: 1 Loss: 2.10282233783177
04-11 18:22 INFO     Client: 9 Epoch: 2 Loss: 2.0135484763554166
04-11 18:22 INFO     Client: 9 Epoch: 3 Loss: 1.8628476858139038
04-11 18:22 INFO     Client: 9 Epoch: 4 Loss: 1.7682266575949532
04-11 18:22 INFO      ** Client: 9 Training complete **
04-11 18:22 INFO     Training network 10 n_training: 500
04-11 18:22 INFO     Training network 10
04-11 18:22 INFO     Client: 10 Epoch: 0 Loss: 2.6508474349975586
04-11 18:22 INFO     Client: 10 Epoch: 1 Loss: 2.0905524492263794
04-11 18:22 INFO     Client: 10 Epoch: 2 Loss: 1.9397611958639962
04-11 18:22 INFO     Client: 10 Epoch: 3 Loss: 1.8364860160010201
04-11 18:22 INFO     Client: 10 Epoch: 4 Loss: 1.7439912727900915
04-11 18:22 INFO      ** Client: 10 Training complete **
04-11 18:22 INFO     Training network 11 n_training: 500
04-11 18:22 INFO     Training network 11
04-11 18:22 INFO     Client: 11 Epoch: 0 Loss: 2.6383211272103444
04-11 18:22 INFO     Client: 11 Epoch: 1 Loss: 2.23330887726375
04-11 18:22 INFO     Client: 11 Epoch: 2 Loss: 2.0411882059914723
04-11 18:22 INFO     Client: 11 Epoch: 3 Loss: 1.906449794769287
04-11 18:22 INFO     Client: 11 Epoch: 4 Loss: 1.8544461727142334
04-11 18:22 INFO      ** Client: 11 Training complete **
04-11 18:22 INFO     Training network 12 n_training: 500
04-11 18:22 INFO     Training network 12
04-11 18:22 INFO     Client: 12 Epoch: 0 Loss: 2.491286482129778
04-11 18:22 INFO     Client: 12 Epoch: 1 Loss: 2.105942027909415
04-11 18:22 INFO     Client: 12 Epoch: 2 Loss: 1.8764095646994454
04-11 18:22 INFO     Client: 12 Epoch: 3 Loss: 1.692518983568464
04-11 18:22 INFO     Client: 12 Epoch: 4 Loss: 1.6655115910938807
04-11 18:22 INFO      ** Client: 12 Training complete **
04-11 18:22 INFO     Training network 13 n_training: 500
04-11 18:22 INFO     Training network 13
04-11 18:22 INFO     Client: 13 Epoch: 0 Loss: 2.6218570300510953
04-11 18:22 INFO     Client: 13 Epoch: 1 Loss: 2.0598544563565935
04-11 18:22 INFO     Client: 13 Epoch: 2 Loss: 1.9285447086606706
04-11 18:22 INFO     Client: 13 Epoch: 3 Loss: 1.8351279837744576
04-11 18:22 INFO     Client: 13 Epoch: 4 Loss: 1.7119290658405848
04-11 18:22 INFO      ** Client: 13 Training complete **
04-11 18:22 INFO     Training network 14 n_training: 500
04-11 18:22 INFO     Training network 14
04-11 18:22 INFO     Client: 14 Epoch: 0 Loss: 2.638239247458322
04-11 18:22 INFO     Client: 14 Epoch: 1 Loss: 2.1156746659960066
04-11 18:22 INFO     Client: 14 Epoch: 2 Loss: 1.9850823027747018
04-11 18:22 INFO     Client: 14 Epoch: 3 Loss: 1.8237950972148351
04-11 18:22 INFO     Client: 14 Epoch: 4 Loss: 1.85198370047978
04-11 18:22 INFO      ** Client: 14 Training complete **
04-11 18:22 INFO     Training network 15 n_training: 500
04-11 18:22 INFO     Training network 15
04-11 18:22 INFO     Client: 15 Epoch: 0 Loss: 2.7379941599709645
04-11 18:22 INFO     Client: 15 Epoch: 1 Loss: 2.1378301041466847
04-11 18:22 INFO     Client: 15 Epoch: 2 Loss: 1.9645633356911796
04-11 18:22 INFO     Client: 15 Epoch: 3 Loss: 1.8175150156021118
04-11 18:22 INFO     Client: 15 Epoch: 4 Loss: 1.843694073813302
04-11 18:22 INFO      ** Client: 15 Training complete **
04-11 18:22 INFO     Training network 16 n_training: 500
04-11 18:22 INFO     Training network 16
04-11 18:22 INFO     Client: 16 Epoch: 0 Loss: 2.688067674636841
04-11 18:22 INFO     Client: 16 Epoch: 1 Loss: 2.0921222823006764
04-11 18:22 INFO     Client: 16 Epoch: 2 Loss: 1.9123255525316512
04-11 18:22 INFO     Client: 16 Epoch: 3 Loss: 1.7948150294167655
04-11 18:22 INFO     Client: 16 Epoch: 4 Loss: 1.69109731061118
04-11 18:22 INFO      ** Client: 16 Training complete **
04-11 18:22 INFO     Training network 17 n_training: 500
04-11 18:22 INFO     Training network 17
04-11 18:22 INFO     Client: 17 Epoch: 0 Loss: 2.730711119515555
04-11 18:22 INFO     Client: 17 Epoch: 1 Loss: 2.0641387019838606
04-11 18:22 INFO     Client: 17 Epoch: 2 Loss: 1.9649910075323922
04-11 18:22 INFO     Client: 17 Epoch: 3 Loss: 1.8403170108795166
04-11 18:22 INFO     Client: 17 Epoch: 4 Loss: 1.7545402220317297
04-11 18:22 INFO      ** Client: 17 Training complete **
04-11 18:22 INFO     Training network 18 n_training: 500
04-11 18:22 INFO     Training network 18
04-11 18:22 INFO     Client: 18 Epoch: 0 Loss: 2.571028096335275
04-11 18:22 INFO     Client: 18 Epoch: 1 Loss: 2.091775587626866
04-11 18:22 INFO     Client: 18 Epoch: 2 Loss: 1.9562109197889055
04-11 18:22 INFO     Client: 18 Epoch: 3 Loss: 1.8907144580568587
04-11 18:22 INFO     Client: 18 Epoch: 4 Loss: 1.7559351921081543
04-11 18:22 INFO      ** Client: 18 Training complete **
04-11 18:22 INFO     Training network 19 n_training: 500
04-11 18:22 INFO     Training network 19
04-11 18:22 INFO     Client: 19 Epoch: 0 Loss: 2.722911868776594
04-11 18:22 INFO     Client: 19 Epoch: 1 Loss: 2.134014299937657
04-11 18:22 INFO     Client: 19 Epoch: 2 Loss: 1.943402682031904
04-11 18:22 INFO     Client: 19 Epoch: 3 Loss: 1.812177641051156
04-11 18:22 INFO     Client: 19 Epoch: 4 Loss: 1.735387921333313
04-11 18:22 INFO      ** Client: 19 Training complete **
04-11 18:22 INFO     Training network 20 n_training: 500
04-11 18:22 INFO     Training network 20
04-11 18:22 INFO     Client: 20 Epoch: 0 Loss: 2.6198012488228932
04-11 18:22 INFO     Client: 20 Epoch: 1 Loss: 2.081016080720084
04-11 18:22 INFO     Client: 20 Epoch: 2 Loss: 2.0054420062473843
04-11 18:22 INFO     Client: 20 Epoch: 3 Loss: 1.8699246304375785
04-11 18:22 INFO     Client: 20 Epoch: 4 Loss: 1.7733738933290755
04-11 18:22 INFO      ** Client: 20 Training complete **
04-11 18:22 INFO     Training network 21 n_training: 500
04-11 18:22 INFO     Training network 21
04-11 18:22 INFO     Client: 21 Epoch: 0 Loss: 2.919105734143938
04-11 18:22 INFO     Client: 21 Epoch: 1 Loss: 2.078745262963431
04-11 18:22 INFO     Client: 21 Epoch: 2 Loss: 1.915870189666748
04-11 18:22 INFO     Client: 21 Epoch: 3 Loss: 1.7369989667619978
04-11 18:22 INFO     Client: 21 Epoch: 4 Loss: 1.6786810329982214
04-11 18:22 INFO      ** Client: 21 Training complete **
04-11 18:22 INFO     Training network 22 n_training: 500
04-11 18:22 INFO     Training network 22
04-11 18:22 INFO     Client: 22 Epoch: 0 Loss: 2.6602751868111745
04-11 18:22 INFO     Client: 22 Epoch: 1 Loss: 2.193939685821533
04-11 18:22 INFO     Client: 22 Epoch: 2 Loss: 1.9780408825193132
04-11 18:22 INFO     Client: 22 Epoch: 3 Loss: 1.9075160026550293
04-11 18:22 INFO     Client: 22 Epoch: 4 Loss: 1.8019620180130005
04-11 18:22 INFO      ** Client: 22 Training complete **
04-11 18:22 INFO     Training network 23 n_training: 500
04-11 18:22 INFO     Training network 23
04-11 18:22 INFO     Client: 23 Epoch: 0 Loss: 2.6038693700517928
04-11 18:22 INFO     Client: 23 Epoch: 1 Loss: 2.201937896864755
04-11 18:22 INFO     Client: 23 Epoch: 2 Loss: 1.9405619246619088
04-11 18:22 INFO     Client: 23 Epoch: 3 Loss: 1.8292354345321655
04-11 18:22 INFO     Client: 23 Epoch: 4 Loss: 1.739798630986895
04-11 18:22 INFO      ** Client: 23 Training complete **
04-11 18:22 INFO     Training network 24 n_training: 500
04-11 18:22 INFO     Training network 24
04-11 18:22 INFO     Client: 24 Epoch: 0 Loss: 2.78830133165632
04-11 18:22 INFO     Client: 24 Epoch: 1 Loss: 2.2045846666608537
04-11 18:22 INFO     Client: 24 Epoch: 2 Loss: 2.0118993861334666
04-11 18:22 INFO     Client: 24 Epoch: 3 Loss: 1.8758501155035836
04-11 18:22 INFO     Client: 24 Epoch: 4 Loss: 1.7486289569309779
04-11 18:22 INFO      ** Client: 24 Training complete **
04-11 18:22 INFO     Training network 25 n_training: 500
04-11 18:22 INFO     Training network 25
04-11 18:22 INFO     Client: 25 Epoch: 0 Loss: 2.644686767033168
04-11 18:22 INFO     Client: 25 Epoch: 1 Loss: 2.124890463692801
04-11 18:22 INFO     Client: 25 Epoch: 2 Loss: 2.044300147465297
04-11 18:22 INFO     Client: 25 Epoch: 3 Loss: 1.8727968079703194
04-11 18:22 INFO     Client: 25 Epoch: 4 Loss: 1.759871312550136
04-11 18:22 INFO      ** Client: 25 Training complete **
04-11 18:22 INFO     Training network 26 n_training: 500
04-11 18:22 INFO     Training network 26
04-11 18:22 INFO     Client: 26 Epoch: 0 Loss: 2.5704879420144215
04-11 18:22 INFO     Client: 26 Epoch: 1 Loss: 2.302428824560983
04-11 18:22 INFO     Client: 26 Epoch: 2 Loss: 2.1123830250331332
04-11 18:22 INFO     Client: 26 Epoch: 3 Loss: 1.8802552734102522
04-11 18:22 INFO     Client: 26 Epoch: 4 Loss: 1.815722840172904
04-11 18:22 INFO      ** Client: 26 Training complete **
04-11 18:22 INFO     Training network 27 n_training: 500
04-11 18:22 INFO     Training network 27
04-11 18:22 INFO     Client: 27 Epoch: 0 Loss: 2.7460431712014333
04-11 18:22 INFO     Client: 27 Epoch: 1 Loss: 2.1575400488717213
04-11 18:22 INFO     Client: 27 Epoch: 2 Loss: 1.9952478579112463
04-11 18:22 INFO     Client: 27 Epoch: 3 Loss: 1.8633699246815272
04-11 18:22 INFO     Client: 27 Epoch: 4 Loss: 1.7815406663077218
04-11 18:22 INFO      ** Client: 27 Training complete **
04-11 18:22 INFO     Training network 28 n_training: 500
04-11 18:22 INFO     Training network 28
