04-15 14:17 INFO     cuda
04-15 14:17 INFO     Command Line Arguments: 
{
    "epochs": 5,
    "comm_round": 300,
    "sample_fraction": 1.0,
    "alpha": 0.1,
    "dataset": "cifar100",
    "datadir": "../data/",
    "partition": "noniid-labeldir",
    "alg": "sflv1",
    "model": "resnet-50",
    "split_layer": 3,
    "n_parties": 100,
    "lr": 0.001,
    "mu": 1,
    "std_coeff": 2.5,
    "unif_coeff": 0.5,
    "batch_size": 64,
    "load_first_net": 1,
    "pool_option": "FIFO",
    "model_buffer_size": 1,
    "optimizer": "adam",
    "simp_width": 1,
    "out_dim": 256,
    "reg": 0.0005,
    "temperature": 0.5,
    "logdir": "./",
    "log_file_name": "logs/experiment_log-alg=sflv1_partition=noniid-labeldir_lr=0.001_epochs=5_num_users=100_beta=0.1_batch_size=64_opt=adam_dataset=cifar100_2024-04-15-1417-11",
    "seed": 1,
    "device": "cuda:6",
    "accuracies_file": "logs/resnet_50_100_users_300_epochs.csv",
    "dont_skip": false,
    "n_train_workers": 1,
    "n_test_workers": 1,
    "multiprocessing": 0
}
04-15 14:17 INFO     Data statistics: {0: {0: 3, 4: 7, 10: 4, 14: 4, 18: 30, 20: 1, 23: 4, 25: 7, 28: 7, 35: 5, 38: 25, 48: 104, 49: 1, 55: 3, 58: 42, 62: 13, 74: 16, 77: 6, 81: 2, 83: 69, 86: 2, 91: 1, 94: 208}, 1: {2: 1, 5: 109, 7: 58, 11: 1, 14: 9, 17: 26, 19: 15, 25: 1, 29: 10, 30: 2, 31: 43, 32: 1, 34: 127, 35: 1, 36: 1, 38: 21, 39: 29, 41: 31, 46: 4, 47: 1, 48: 17}, 2: {7: 19, 8: 8, 10: 18, 13: 14, 22: 3, 23: 5, 25: 41, 26: 6, 30: 4, 32: 1, 35: 4, 38: 17, 43: 7, 44: 1, 46: 2, 49: 1, 50: 5, 52: 12, 53: 7, 54: 27, 55: 31, 56: 13, 58: 4, 61: 14, 62: 1, 66: 16, 68: 12, 74: 2, 81: 28, 84: 160, 90: 19}, 3: {7: 5, 8: 5, 15: 3, 16: 2, 21: 5, 22: 1, 24: 10, 26: 64, 30: 5, 33: 1, 34: 1, 35: 1, 36: 3, 38: 1, 40: 5, 41: 12, 42: 1, 46: 5, 50: 4, 51: 3, 52: 115, 55: 2, 58: 4, 61: 10, 69: 7, 78: 3, 81: 7, 82: 1, 83: 5, 85: 21, 86: 8, 90: 52, 95: 88, 98: 1, 99: 39}, 4: {2: 24, 7: 13, 9: 6, 10: 1, 14: 2, 20: 6, 22: 1, 24: 1, 29: 18, 32: 1, 34: 4, 35: 20, 42: 6, 45: 1, 46: 3, 51: 21, 54: 3, 60: 1, 62: 4, 63: 191, 65: 6, 67: 3, 71: 27, 73: 2, 75: 2, 80: 24, 86: 37, 91: 37, 95: 15, 97: 34}, 5: {0: 6, 2: 25, 5: 1, 6: 1, 7: 22, 9: 21, 10: 1, 13: 4, 16: 22, 17: 1, 18: 1, 19: 1, 21: 3, 22: 16, 23: 14, 24: 2, 26: 15, 28: 1, 32: 30, 34: 13, 35: 40, 37: 1, 40: 1, 46: 24, 52: 39, 53: 54, 54: 3, 57: 2, 59: 3, 67: 4, 72: 7, 74: 11, 77: 35, 82: 8, 83: 12, 87: 93}, 6: {0: 1, 2: 23, 5: 88, 12: 1, 14: 1, 17: 30, 19: 2, 22: 1, 25: 7, 28: 5, 32: 9, 37: 14, 40: 19, 44: 5, 45: 12, 49: 1, 55: 12, 57: 1, 59: 7, 60: 1, 63: 28, 64: 3, 65: 1, 66: 12, 70: 24, 74: 1, 77: 7, 82: 1, 83: 8, 87: 76, 89: 8, 90: 8, 92: 48, 96: 6, 97: 114}, 7: {5: 1, 6: 20, 13: 3, 15: 1, 17: 39, 19: 3, 25: 4, 26: 2, 28: 8, 29: 1, 31: 24, 32: 1, 33: 1, 35: 57, 36: 1, 39: 39, 41: 1, 43: 1, 44: 10, 46: 1, 48: 5, 49: 1, 51: 1, 53: 17, 55: 1, 56: 1, 57: 4, 64: 4, 69: 1, 71: 2, 73: 1, 74: 27, 76: 11, 81: 6, 82: 11, 84: 2, 90: 10, 91: 1, 92: 5, 93: 198}, 8: {1: 2, 9: 2, 11: 3, 15: 2, 19: 57, 23: 8, 25: 12, 28: 3, 30: 5, 34: 3, 36: 1, 37: 28, 38: 67, 39: 3, 43: 1, 44: 8, 45: 37, 47: 1, 51: 10, 53: 2, 63: 3, 65: 59, 68: 42, 72: 21, 76: 26, 81: 3, 82: 1, 84: 1, 87: 1, 94: 1, 95: 7, 98: 50, 99: 2}, 9: {6: 1, 7: 2, 9: 4, 12: 1, 13: 3, 14: 1, 21: 1, 22: 17, 23: 3, 25: 22, 30: 3, 31: 6, 32: 22, 33: 2, 34: 21, 40: 8, 42: 3, 46: 51, 48: 5, 51: 27, 53: 2, 54: 6, 55: 8, 62: 1, 64: 2, 67: 1, 68: 1, 69: 21, 70: 2, 73: 6, 74: 1, 78: 15, 80: 10, 81: 67, 86: 11, 88: 1, 90: 28, 92: 2, 97: 1, 98: 80, 99: 62}, 10: {1: 3, 2: 29, 3: 1, 4: 5, 8: 2, 10: 2, 12: 13, 13: 1, 15: 9, 17: 1, 19: 27, 20: 6, 23: 1, 24: 2, 30: 1, 32: 40, 33: 10, 35: 1, 39: 1, 41: 3, 50: 6, 51: 69, 52: 1, 53: 1, 54: 4, 57: 1, 59: 2, 60: 2, 62: 1, 63: 9, 77: 2, 78: 1, 79: 4, 82: 4, 83: 2, 87: 1, 91: 7, 93: 4, 95: 3, 96: 85, 97: 4, 99: 6}, 11: {0: 1, 1: 19, 2: 42, 3: 21, 6: 12, 7: 1, 8: 1, 10: 1, 11: 3, 12: 1, 13: 2, 17: 1, 20: 196, 23: 45, 24: 4, 28: 3, 35: 4, 38: 1, 40: 4, 54: 58, 55: 9, 57: 6, 63: 20, 64: 4, 65: 123}, 12: {3: 4, 6: 79, 8: 14, 9: 4, 14: 26, 20: 4, 27: 1, 28: 5, 30: 1, 31: 1, 33: 149, 39: 3, 43: 6, 57: 1, 58: 5, 59: 33, 61: 2, 62: 32, 65: 1, 67: 23, 73: 37, 75: 1, 76: 29, 81: 2, 83: 6, 84: 12, 89: 247}, 13: {7: 41, 8: 44, 16: 1, 17: 1, 19: 1, 22: 28, 23: 3, 25: 1, 26: 9, 27: 13, 29: 34, 31: 1, 34: 2, 37: 1, 42: 6, 44: 1, 49: 31, 51: 20, 53: 32, 60: 7, 65: 1, 70: 6, 74: 20, 75: 1, 76: 1, 77: 44, 79: 2, 80: 10, 81: 35, 85: 2, 91: 7, 92: 2, 94: 3, 95: 11, 96: 2, 98: 3, 99: 51}, 14: {0: 33, 2: 1, 3: 18, 4: 3, 6: 1, 7: 4, 10: 16, 14: 13, 17: 14, 21: 19, 25: 24, 28: 43, 35: 2, 40: 1, 44: 6, 45: 6, 53: 52, 55: 35, 63: 30, 67: 3, 73: 1, 74: 8, 77: 4, 78: 5, 81: 1, 82: 30, 83: 2, 87: 1, 88: 5, 89: 42, 94: 11}, 15: {0: 4, 1: 99, 3: 11, 8: 102, 9: 62, 13: 2, 15: 63, 21: 13, 22: 1, 25: 1, 33: 1, 34: 1, 36: 1, 39: 1, 41: 12, 42: 97, 43: 7, 44: 4, 47: 14, 48: 1, 49: 48}, 16: {3: 23, 11: 22, 12: 11, 20: 1, 22: 88, 25: 3, 28: 1, 29: 1, 32: 11, 34: 1, 42: 25, 43: 11, 44: 3, 45: 1, 46: 4, 51: 2, 54: 11, 58: 1, 59: 1, 61: 1, 62: 89, 64: 2, 79: 101, 83: 141}, 17: {0: 13, 6: 39, 7: 120, 9: 2, 10: 1, 11: 5, 12: 41, 13: 4, 15: 43, 20: 6, 22: 1, 23: 19, 25: 2, 28: 2, 29: 4, 34: 2, 35: 26, 38: 1, 41: 5, 53: 13, 58: 3, 62: 1, 66: 3, 67: 1, 71: 111, 72: 14, 76: 1, 77: 4, 78: 39}, 18: {1: 1, 4: 2, 5: 31, 8: 19, 19: 1, 20: 1, 23: 1, 26: 1, 29: 37, 30: 2, 34: 36, 36: 20, 37: 1, 39: 1, 41: 2, 44: 7, 47: 64, 48: 19, 49: 4, 50: 4, 54: 7, 55: 16, 57: 1, 59: 1, 69: 1, 71: 3, 74: 3, 75: 76, 77: 24, 84: 1, 87: 1, 90: 2, 93: 2, 97: 24}, 19: {2: 6, 3: 22, 12: 6, 14: 11, 17: 1, 18: 4, 26: 24, 27: 25, 29: 1, 30: 1, 31: 20, 32: 2, 33: 16, 36: 5, 39: 7, 44: 9, 47: 1, 51: 1, 52: 6, 54: 23, 55: 2, 56: 8, 62: 3, 66: 2, 67: 5, 69: 2, 71: 2, 72: 25, 73: 34, 74: 1, 76: 42, 79: 55, 87: 5, 88: 8, 97: 9, 98: 22}, 20: {0: 1, 1: 36, 6: 4, 8: 17, 15: 1, 18: 1, 19: 2, 22: 1, 25: 9, 29: 25, 33: 23, 34: 7, 35: 1, 36: 11, 38: 7, 39: 6, 40: 3, 41: 7, 45: 2, 47: 27, 49: 2, 50: 4, 51: 1, 53: 3, 57: 24, 58: 46, 60: 1, 61: 143, 66: 1, 68: 16, 70: 2, 78: 2, 84: 2, 85: 149}, 21: {2: 23, 3: 2, 4: 27, 6: 45, 9: 3, 10: 6, 15: 2, 18: 3, 19: 15, 20: 7, 22: 2, 27: 3, 29: 1, 30: 18, 33: 21, 34: 6, 35: 25, 38: 1, 40: 1, 42: 1, 43: 1, 45: 2, 47: 8, 51: 24, 53: 17, 56: 1, 57: 10, 61: 1, 72: 2, 73: 15, 75: 1, 78: 57, 81: 5, 84: 19, 86: 1, 91: 166}, 22: {6: 1, 8: 2, 10: 9, 16: 1, 18: 20, 19: 18, 24: 5, 29: 2, 32: 20, 34: 6, 35: 1, 42: 1, 44: 17, 45: 15, 48: 1, 50: 18, 56: 2, 57: 1, 65: 3, 68: 14, 69: 3, 70: 1, 72: 1, 74: 1, 82: 6, 86: 1, 90: 36, 94: 1, 95: 1, 96: 4, 97: 39, 99: 31}, 23: {1: 4, 2: 8, 6: 1, 8: 1, 9: 5, 10: 26, 11: 31, 13: 28, 14: 22, 16: 1, 17: 11, 20: 1, 21: 10, 26: 29, 27: 33, 28: 1, 29: 2, 31: 1, 38: 1, 40: 4, 42: 4, 44: 13, 45: 9, 47: 40, 49: 6, 50: 1, 57: 37, 60: 10, 65: 67, 68: 1, 75: 11, 77: 1, 78: 13, 79: 2, 80: 75}, 24: {9: 1, 10: 6, 11: 129, 13: 1, 15: 10, 18: 32, 21: 7, 24: 10, 26: 7, 31: 1, 32: 1, 36: 1, 39: 2, 41: 4, 43: 1, 46: 70, 54: 1, 62: 4, 65: 1, 67: 5, 68: 11, 69: 28, 70: 19, 76: 1, 77: 14, 80: 5, 81: 18, 87: 2, 96: 1, 98: 23, 99: 174}, 25: {10: 14, 11: 2, 18: 39, 20: 19, 21: 1, 22: 4, 23: 29, 24: 5, 25: 2, 26: 7, 27: 4, 29: 1, 30: 1, 31: 50, 32: 97, 33: 1, 35: 1, 40: 33, 43: 5, 44: 1, 45: 1, 47: 3, 48: 1, 49: 1, 52: 35, 56: 30, 61: 1, 62: 3, 63: 1, 65: 1, 72: 2, 73: 6, 76: 1, 81: 157}, 26: {0: 7, 1: 3, 7: 6, 10: 1, 16: 11, 22: 2, 23: 1, 28: 1, 31: 2, 32: 7, 35: 17, 36: 17, 39: 16, 42: 5, 45: 22, 46: 1, 48: 19, 50: 3, 68: 1, 69: 2, 70: 2, 74: 8, 76: 7, 81: 7, 83: 1, 84: 1, 87: 85, 90: 3, 91: 23, 97: 1}, 27: {2: 1, 3: 1, 13: 27, 16: 3, 17: 31, 18: 18, 21: 16, 30: 4, 32: 8, 39: 1, 40: 12, 41: 2, 42: 42, 46: 1, 47: 26, 49: 6, 51: 43, 52: 1, 56: 17, 58: 3, 59: 90, 60: 13, 62: 6, 63: 2, 64: 1, 65: 3, 66: 53, 77: 7, 79: 51, 81: 7, 84: 60}, 28: {3: 1, 4: 11, 6: 6, 13: 2, 19: 1, 22: 1, 26: 4, 27: 1, 30: 1, 32: 2, 33: 1, 34: 19, 37: 9, 38: 48, 39: 3, 41: 3, 51: 1, 55: 4, 57: 2, 58: 57, 59: 2, 62: 25, 63: 12, 64: 8, 69: 10, 70: 4, 71: 8, 73: 3, 74: 8, 75: 53, 76: 41, 79: 2, 82: 9, 87: 73, 92: 89}, 29: {5: 20, 6: 1, 7: 1, 8: 2, 9: 1, 11: 12, 15: 6, 16: 2, 17: 46, 18: 110, 29: 1, 35: 57, 36: 5, 37: 10, 41: 2, 42: 19, 44: 24, 47: 1, 51: 16, 55: 1, 58: 4, 60: 52, 64: 16, 65: 6, 66: 1, 67: 6, 68: 32, 70: 32, 75: 1, 76: 1, 82: 1, 86: 1, 89: 5, 90: 2, 91: 18}, 30: {11: 1, 12: 1, 19: 9, 22: 7, 33: 27, 34: 4, 35: 1, 36: 9, 43: 10, 46: 3, 49: 19, 53: 2, 60: 11, 65: 1, 70: 6, 71: 1, 75: 1, 76: 1, 77: 3, 79: 1, 80: 4, 81: 16, 82: 32, 84: 1, 86: 1, 90: 6, 91: 3, 96: 1, 98: 1, 99: 8}, 31: {0: 2, 10: 17, 13: 1, 24: 3, 34: 3, 35: 47, 36: 5, 37: 38, 39: 16, 45: 17, 46: 1, 55: 1, 58: 1, 59: 2, 60: 2, 62: 1, 64: 7, 67: 7, 69: 1, 70: 5, 76: 32, 77: 22, 85: 9, 87: 5, 88: 14, 89: 2, 90: 6, 94: 9, 97: 1}, 32: {0: 1, 1: 3, 3: 1, 7: 4, 14: 1, 15: 11, 16: 10, 17: 1, 19: 36, 28: 13, 34: 55, 35: 4, 37: 30, 38: 4, 39: 6, 40: 3, 42: 1, 43: 45, 44: 2, 46: 37, 48: 60, 49: 6, 50: 1, 52: 2, 55: 1, 56: 1, 58: 1, 59: 1, 64: 2, 66: 6, 67: 8, 68: 1, 72: 2, 74: 1, 76: 1, 78: 3, 81: 1, 83: 2, 84: 3, 88: 7, 90: 26, 92: 1, 94: 18, 95: 32, 96: 4, 97: 4, 99: 2}, 33: {3: 1, 6: 14, 9: 4, 12: 2, 13: 2, 16: 4, 20: 1, 30: 19, 36: 19, 38: 1, 39: 36, 40: 75, 43: 6, 44: 33, 45: 1, 47: 9, 48: 5, 49: 1, 50: 6, 56: 1, 58: 5, 59: 60, 63: 5, 64: 278}, 34: {3: 30, 5: 1, 7: 43, 8: 4, 16: 23, 18: 1, 21: 4, 22: 3, 23: 11, 24: 1, 26: 15, 30: 4, 32: 90, 33: 1, 34: 10, 37: 1, 38: 35, 42: 2, 45: 8, 52: 3, 54: 39, 63: 5, 65: 2, 68: 1, 70: 1, 72: 1, 77: 2, 78: 3, 82: 14, 85: 1, 87: 1, 94: 2, 98: 11, 99: 1}, 35: {0: 30, 2: 10, 3: 17, 6: 40, 7: 42, 17: 1, 18: 3, 19: 14, 21: 9, 22: 7, 23: 123, 24: 11, 25: 1, 26: 1, 27: 2, 32: 1, 33: 2, 36: 2, 37: 5, 41: 111, 53: 5, 58: 1, 62: 1, 64: 3, 69: 2, 70: 2, 72: 4, 73: 91}, 36: {0: 10, 1: 5, 3: 1, 4: 1, 10: 1, 11: 19, 15: 2, 23: 2, 24: 51, 27: 67, 28: 11, 29: 6, 34: 1, 36: 4, 37: 6, 39: 1, 43: 8, 45: 3, 47: 1, 50: 11, 51: 1, 57: 10, 60: 5, 61: 1, 62: 2, 66: 1, 67: 47, 68: 7, 69: 1, 72: 2, 77: 22, 78: 12, 81: 2, 82: 5, 84: 1, 85: 1, 86: 1, 87: 1, 88: 66, 89: 3, 91: 1, 92: 9, 96: 171}, 37: {2: 5, 3: 55, 4: 1, 17: 2, 22: 5, 28: 18, 29: 1, 34: 9, 36: 9, 42: 8, 43: 4, 45: 1, 48: 1, 49: 1, 51: 13, 53: 5, 57: 4, 58: 1, 59: 7, 64: 10, 65: 20, 66: 72, 68: 1, 70: 60, 71: 8, 74: 8, 75: 1, 81: 14, 84: 7, 86: 112, 88: 17, 91: 1, 93: 6, 95: 34}, 38: {6: 1, 10: 88, 14: 3, 20: 4, 22: 2, 24: 24, 28: 3, 32: 4, 33: 22, 35: 1, 36: 12, 41: 7, 43: 23, 49: 9, 52: 39, 53: 19, 58: 44, 60: 26, 61: 3, 62: 17, 65: 51, 68: 2, 69: 143}, 39: {0: 1, 1: 2, 2: 14, 3: 5, 6: 29, 13: 20, 16: 156, 17: 7, 18: 3, 19: 6, 22: 2, 24: 34, 31: 1, 32: 3, 33: 2, 38: 1, 41: 29, 46: 9, 47: 3, 52: 11, 54: 25, 61: 8, 64: 9, 66: 2, 71: 1, 78: 1, 81: 2, 82: 26, 83: 1, 88: 7, 92: 1, 93: 1, 95: 90}, 40: {2: 1, 11: 24, 12: 6, 14: 16, 18: 1, 19: 4, 21: 3, 28: 46, 32: 12, 36: 2, 37: 1, 38: 5, 41: 50, 44: 7, 45: 12, 49: 2, 50: 2, 51: 26, 53: 11, 54: 1, 57: 6, 59: 3, 60: 5, 61: 5, 64: 1, 66: 1, 67: 1, 72: 1, 73: 4, 86: 9, 92: 2, 95: 7, 98: 1}, 41: {0: 13, 2: 1, 9: 11, 20: 1, 24: 8, 29: 4, 30: 26, 34: 1, 38: 1, 39: 39, 44: 88, 48: 23, 49: 1, 50: 2, 57: 16, 60: 1, 63: 1, 67: 9, 72: 27, 74: 3, 77: 9, 78: 15, 79: 27, 82: 34, 83: 24, 84: 6, 87: 2, 89: 1, 93: 33, 94: 61, 95: 41}, 42: {1: 63, 3: 25, 7: 8, 10: 1, 14: 61, 16: 72, 19: 87, 21: 1, 24: 11, 25: 26, 28: 1, 39: 32, 41: 1, 42: 5, 45: 26, 46: 115}, 43: {8: 3, 16: 1, 18: 15, 20: 2, 26: 1, 29: 4, 30: 2, 32: 3, 36: 5, 40: 1, 41: 4, 43: 1, 44: 3, 47: 1, 49: 7, 50: 81, 54: 1, 56: 15, 57: 22, 58: 12, 59: 26, 63: 5, 64: 2, 65: 1, 67: 1, 69: 3, 72: 1, 76: 9, 78: 3, 88: 51, 90: 231}, 44: {0: 6, 3: 1, 5: 10, 9: 8, 14: 1, 20: 11, 24: 13, 25: 10, 26: 1, 28: 1, 31: 21, 40: 36, 41: 50, 43: 36, 45: 36, 47: 4, 52: 3, 56: 41, 58: 4, 60: 12, 63: 6, 64: 8, 67: 9, 68: 2, 70: 1, 72: 57, 73: 9, 75: 2, 76: 29, 78: 2, 79: 4, 80: 47, 81: 9, 82: 16}, 45: {0: 2, 2: 51, 6: 6, 7: 23, 8: 8, 14: 21, 15: 1, 19: 1, 27: 1, 29: 3, 36: 2, 39: 3, 40: 75, 41: 2, 42: 2, 52: 4, 56: 2, 59: 1, 60: 10, 64: 20, 65: 1, 68: 37, 71: 10, 72: 14, 75: 1, 77: 2, 78: 29, 81: 1, 82: 15, 84: 3, 88: 14, 89: 2, 92: 74, 93: 33, 94: 82}, 46: {0: 2, 1: 41, 6: 1, 8: 9, 9: 8, 10: 1, 15: 6, 18: 5, 19: 4, 21: 2, 29: 46, 31: 4, 34: 1, 39: 53, 43: 7, 48: 1, 55: 1, 56: 23, 59: 1, 62: 1, 69: 78, 70: 29, 73: 43, 74: 10, 77: 4, 79: 1, 81: 5, 93: 2, 95: 115}, 47: {0: 1, 2: 34, 4: 2, 5: 13, 8: 5, 9: 2, 11: 20, 17: 1, 23: 1, 26: 1, 27: 8, 29: 15, 30: 1, 31: 5, 34: 11, 36: 3, 37: 3, 38: 1, 39: 96, 42: 53, 43: 1, 44: 5, 48: 2, 49: 8, 50: 1, 52: 3, 56: 32, 57: 20, 60: 3, 61: 28, 68: 4, 70: 6, 71: 141}, 48: {3: 26, 6: 3, 8: 2, 9: 7, 10: 13, 13: 6, 14: 12, 15: 24, 17: 6, 18: 9, 21: 7, 22: 1, 26: 19, 30: 2, 36: 84, 38: 15, 41: 16, 44: 19, 50: 1, 52: 1, 54: 2, 55: 4, 57: 14, 59: 48, 63: 2, 64: 4, 68: 27, 70: 35, 71: 52, 76: 7, 77: 65}, 49: {0: 24, 4: 52, 7: 1, 8: 34, 9: 15, 14: 44, 15: 95, 17: 2, 21: 6, 24: 3, 28: 23, 29: 37, 37: 33, 41: 2, 43: 2, 44: 1, 50: 25, 53: 1, 55: 2, 65: 2, 67: 1, 68: 1, 70: 1, 71: 1, 73: 1, 74: 2, 76: 21, 79: 2, 80: 6, 81: 1, 91: 1, 92: 2, 96: 17}, 50: {0: 3, 1: 1, 5: 5, 8: 3, 9: 29, 10: 1, 11: 10, 12: 1, 13: 63, 15: 20, 17: 3, 18: 2, 20: 5, 21: 15, 23: 6, 24: 9, 25: 1, 28: 39, 33: 3, 36: 1, 37: 5, 38: 134, 40: 1, 42: 1, 43: 1, 45: 2, 52: 7, 54: 6, 59: 22, 61: 4, 62: 52, 65: 6, 67: 1, 69: 26, 77: 12}, 51: {1: 7, 3: 13, 4: 1, 5: 14, 8: 4, 9: 11, 15: 1, 17: 105, 19: 1, 22: 26, 23: 1, 27: 9, 28: 31, 30: 37, 33: 52, 36: 6, 47: 6, 49: 1, 54: 8, 55: 4, 56: 14, 57: 4, 59: 10, 60: 6, 68: 22, 82: 5, 84: 4, 86: 7, 87: 3, 88: 100}, 52: {0: 2, 1: 2, 2: 1, 4: 14, 6: 6, 12: 42, 13: 1, 17: 23, 21: 7, 23: 37, 24: 1, 25: 8, 27: 2, 29: 1, 30: 27, 31: 1, 32: 1, 33: 1, 37: 4, 39: 2, 41: 1, 47: 4, 48: 14, 49: 3, 50: 46, 52: 29, 53: 1, 54: 1, 55: 4, 58: 1, 63: 3, 64: 19, 67: 24, 72: 50, 74: 3, 78: 5, 84: 1, 86: 19, 88: 2, 89: 3, 92: 1, 94: 15, 98: 3}, 53: {0: 18, 4: 46, 5: 5, 10: 53, 14: 1, 17: 1, 18: 51, 26: 73, 28: 2, 29: 4, 31: 11, 32: 3, 34: 19, 35: 11, 42: 1, 45: 3, 46: 1, 50: 78, 55: 1, 59: 1, 63: 9, 67: 1, 70: 1, 74: 1, 76: 12, 80: 3, 83: 3, 87: 2, 88: 1, 89: 7, 92: 10, 93: 101}, 54: {1: 16, 3: 2, 4: 32, 9: 52, 10: 1, 11: 29, 15: 15, 17: 14, 28: 2, 29: 1, 35: 2, 36: 9, 37: 28, 41: 1, 44: 2, 45: 16, 47: 7, 51: 4, 53: 1, 62: 3, 65: 18, 69: 38, 70: 11, 71: 2, 74: 1, 79: 11, 86: 31, 88: 117, 90: 51}, 55: {2: 14, 4: 1, 7: 16, 10: 84, 12: 2, 16: 1, 18: 6, 22: 85, 26: 16, 28: 1, 30: 3, 31: 13, 32: 9, 36: 1, 39: 4, 40: 8, 42: 5, 44: 11, 46: 3, 55: 49, 57: 7, 58: 10, 62: 1, 66: 6, 69: 4, 72: 4, 73: 2, 74: 5, 75: 3, 80: 1, 82: 1, 83: 1, 89: 2, 91: 24, 93: 37, 96: 136}, 56: {2: 40, 4: 7, 5: 9, 8: 1, 10: 1, 12: 52, 19: 7, 21: 10, 27: 3, 28: 37, 33: 5, 35: 2, 46: 13, 47: 1, 50: 2, 54: 5, 55: 4, 63: 31, 64: 23, 66: 1, 67: 41, 68: 5, 70: 2, 75: 273}, 57: {0: 20, 13: 1, 16: 8, 20: 5, 21: 43, 24: 1, 25: 39, 26: 24, 33: 6, 34: 1, 35: 9, 37: 4, 40: 1, 42: 104, 45: 1, 47: 63, 48: 1, 52: 4, 53: 6, 56: 24, 60: 2, 63: 1, 66: 8, 69: 61, 71: 5, 80: 14, 82: 6, 84: 19, 85: 49}, 58: {0: 1, 4: 2, 6: 1, 8: 77, 17: 1, 18: 8, 19: 1, 32: 2, 38: 1, 44: 25, 46: 37, 49: 7, 51: 38, 52: 1, 54: 4, 56: 45, 65: 28, 68: 36, 70: 1, 71: 4, 72: 4, 73: 72, 74: 9, 75: 2, 76: 25, 78: 8, 79: 39, 83: 64}, 59: {2: 1, 4: 100, 11: 10, 13: 7, 15: 2, 24: 1, 25: 30, 26: 19, 27: 15, 28: 15, 30: 1, 35: 3, 36: 1, 37: 3, 40: 4, 41: 20, 42: 44, 44: 4, 46: 4, 48: 1, 51: 16, 52: 10, 59: 7, 61: 18, 64: 1, 66: 1, 67: 2, 71: 13, 73: 15, 79: 1, 82: 1, 83: 32, 84: 13, 85: 153}, 60: {0: 8, 2: 11, 3: 1, 6: 3, 10: 1, 11: 1, 16: 3, 17: 37, 20: 69, 22: 1, 27: 3, 28: 2, 31: 46, 32: 11, 35: 21, 36: 9, 37: 80, 46: 7, 47: 9, 50: 16, 52: 7, 54: 9, 57: 7, 59: 4, 68: 5, 72: 2, 73: 2, 75: 14, 77: 1, 80: 17, 81: 28, 82: 1, 83: 36, 91: 19, 92: 1, 93: 1, 94: 2, 96: 4, 97: 56}, 61: {0: 6, 2: 3, 3: 1, 4: 3, 5: 10, 6: 5, 9: 1, 12: 4, 13: 113, 15: 16, 17: 3, 18: 4, 19: 2, 22: 2, 24: 8, 26: 18, 27: 32, 28: 1, 29: 9, 30: 78, 31: 5, 33: 1, 34: 7, 36: 42, 37: 1, 39: 23, 41: 6, 45: 24, 46: 4, 48: 6, 49: 23, 56: 46}, 62: {3: 42, 4: 15, 5: 4, 7: 1, 17: 18, 18: 1, 20: 18, 21: 1, 24: 1, 25: 12, 34: 4, 35: 36, 39: 5, 40: 2, 45: 4, 50: 10, 52: 1, 53: 5, 54: 50, 55: 7, 61: 1, 66: 223, 68: 14, 71: 1, 73: 2, 74: 8, 75: 7, 76: 1, 77: 2, 86: 39}, 63: {2: 1, 8: 1, 11: 16, 14: 5, 16: 1, 19: 10, 20: 45, 22: 12, 24: 4, 31: 114, 32: 9, 34: 28, 37: 2, 38: 6, 39: 1, 41: 3, 42: 2, 46: 1, 48: 3, 53: 1, 55: 2, 59: 8, 61: 1, 63: 3, 66: 3, 70: 59, 72: 3, 73: 1, 76: 64, 77: 2, 79: 1, 80: 5, 82: 75, 86: 4, 87: 15}, 64: {0: 1, 1: 89, 3: 1, 8: 2, 14: 1, 20: 1, 23: 15, 25: 13, 26: 1, 27: 17, 32: 2, 36: 1, 38: 3, 39: 38, 40: 38, 51: 11, 56: 2, 63: 20, 64: 20, 68: 1, 73: 1, 75: 1, 76: 1, 82: 3, 96: 10, 97: 15, 98: 1, 99: 30}, 65: {4: 1, 5: 3, 9: 3, 13: 3, 19: 5, 24: 8, 25: 88, 27: 4, 28: 87, 35: 2, 40: 2, 46: 34, 47: 1, 50: 1, 51: 9, 54: 95, 57: 3, 58: 81, 60: 12, 61: 1, 63: 1, 64: 4, 66: 9, 71: 29, 72: 4, 75: 32}, 66: {0: 24, 1: 9, 3: 17, 9: 1, 12: 34, 13: 1, 16: 15, 22: 5, 25: 36, 26: 5, 27: 9, 28: 6, 30: 9, 33: 17, 37: 8, 40: 2, 41: 7, 45: 1, 47: 11, 48: 1, 49: 26, 50: 1, 51: 6, 52: 34, 56: 2, 58: 6, 62: 1, 64: 1, 67: 4, 69: 3, 70: 96, 72: 52, 74: 1, 76: 4, 88: 2, 89: 38, 90: 2, 91: 11}, 67: {2: 81, 6: 8, 8: 1, 9: 6, 15: 12, 22: 1, 24: 54, 27: 39, 31: 8, 41: 16, 42: 1, 44: 35, 45: 31, 46: 1, 48: 8, 54: 28, 56: 1, 57: 2, 59: 6, 63: 1, 64: 1, 65: 1, 68: 6, 72: 1, 74: 1, 79: 5, 80: 79, 86: 3, 87: 22, 90: 8, 91: 45}, 68: {1: 1, 4: 8, 9: 4, 11: 32, 12: 7, 16: 1, 20: 1, 21: 2, 24: 3, 26: 1, 28: 36, 41: 11, 46: 1, 48: 2, 49: 73, 50: 2, 52: 5, 57: 58, 60: 17, 62: 3, 64: 3, 67: 5, 68: 56, 71: 10, 75: 9, 77: 1, 78: 56, 79: 1, 80: 21, 92: 4, 96: 7}, 69: {0: 10, 5: 3, 6: 1, 7: 15, 8: 14, 9: 1, 14: 10, 15: 2, 16: 6, 17: 4, 19: 7, 22: 22, 24: 65, 25: 1, 27: 7, 30: 58, 37: 16, 39: 2, 40: 6, 41: 16, 44: 20, 46: 1, 49: 26, 54: 1, 58: 1, 61: 1, 63: 25, 65: 10, 66: 6, 67: 1, 69: 44, 72: 1, 75: 1, 76: 15, 81: 19, 83: 5, 85: 35, 89: 8, 95: 37}, 70: {3: 62, 6: 9, 7: 1, 11: 24, 13: 4, 14: 44, 18: 15, 20: 3, 24: 2, 25: 7, 32: 3, 34: 4, 36: 6, 44: 27, 49: 11, 50: 9, 56: 52, 61: 10, 63: 6, 65: 6, 67: 2, 68: 6, 69: 1, 71: 19, 73: 1, 79: 68, 83: 3, 85: 6, 86: 32, 90: 4, 91: 10, 92: 14, 94: 50}, 71: {0: 56, 1: 1, 3: 2, 5: 2, 8: 1, 12: 44, 14: 1, 16: 35, 19: 5, 20: 24, 26: 1, 27: 13, 28: 1, 30: 3, 31: 7, 35: 3, 38: 4, 40: 1, 43: 48, 46: 1, 47: 33, 49: 8, 51: 6, 53: 81, 54: 2, 55: 1, 56: 15, 59: 39, 62: 5, 64: 2, 65: 1, 68: 7, 69: 2, 72: 54}, 72: {0: 23, 1: 5, 2: 8, 6: 22, 9: 7, 10: 21, 11: 11, 13: 4, 15: 6, 17: 10, 22: 1, 23: 2, 24: 1, 25: 1, 28: 14, 33: 1, 37: 107, 42: 5, 44: 2, 45: 7, 46: 3, 50: 4, 51: 3, 53: 56, 58: 2, 60: 3, 65: 16, 68: 1, 70: 1, 71: 1, 73: 6, 80: 25, 83: 14, 84: 28, 92: 1, 95: 11, 96: 45, 97: 170}, 73: {1: 2, 2: 1, 4: 3, 5: 3, 7: 7, 8: 53, 10: 12, 13: 7, 15: 27, 17: 1, 22: 32, 23: 1, 26: 1, 30: 1, 32: 19, 33: 25, 34: 1, 35: 2, 40: 1, 46: 4, 48: 1, 53: 1, 54: 1, 56: 2, 57: 1, 60: 4, 62: 2, 66: 1, 67: 3, 73: 2, 74: 1, 78: 2, 79: 3, 84: 60, 85: 65, 87: 1, 88: 7, 89: 1, 93: 5, 95: 1, 98: 2}, 74: {3: 49, 11: 3, 12: 9, 13: 6, 17: 1, 20: 9, 21: 1, 23: 1, 27: 2, 28: 1, 29: 1, 31: 95, 38: 3, 40: 1, 41: 33, 44: 39, 45: 15, 46: 1, 47: 2, 48: 22, 50: 95, 55: 1, 57: 93, 60: 78}, 75: {5: 1, 8: 6, 13: 25, 14: 3, 16: 4, 17: 1, 20: 1, 23: 16, 24: 17, 26: 29, 27: 23, 33: 55, 35: 2, 37: 10, 39: 7, 46: 1, 47: 1, 49: 1, 53: 8, 55: 1, 57: 6, 58: 1, 60: 8, 65: 2, 70: 14, 75: 1, 77: 4, 78: 99, 79: 49, 81: 5, 83: 16, 85: 1, 86: 3, 87: 1, 88: 1, 90: 2, 91: 27, 93: 3, 96: 1, 98: 53}, 76: {0: 60, 3: 1, 9: 25, 11: 1, 12: 5, 16: 11, 17: 1, 18: 1, 22: 1, 27: 1, 30: 4, 31: 1, 33: 1, 36: 12, 37: 18, 39: 4, 42: 12, 43: 80, 44: 2, 47: 64, 49: 8, 51: 1, 59: 9, 63: 36, 66: 1, 68: 31, 71: 9, 74: 2, 75: 2, 79: 1, 80: 17, 81: 1, 83: 41, 84: 6, 87: 1, 89: 44}, 77: {2: 1, 4: 98, 8: 7, 10: 39, 12: 34, 14: 1, 17: 4, 19: 65, 23: 28, 24: 3, 25: 1, 27: 4, 33: 16, 34: 37, 35: 12, 40: 1, 44: 5, 45: 1, 46: 5, 47: 1, 48: 135, 50: 1, 52: 1}, 78: {0: 21, 1: 1, 4: 4, 9: 22, 10: 1, 11: 17, 13: 4, 15: 1, 16: 13, 17: 1, 20: 16, 22: 27, 23: 14, 26: 12, 33: 1, 37: 3, 38: 16, 45: 19, 49: 10, 50: 8, 55: 1, 60: 1, 61: 1, 62: 19, 63: 3, 67: 1, 69: 1, 70: 4, 72: 17, 78: 1, 80: 11, 82: 1, 83: 6, 84: 23, 86: 150, 88: 55}, 79: {2: 4, 3: 1, 7: 18, 8: 3, 10: 21, 11: 7, 13: 3, 14: 2, 15: 15, 17: 10, 20: 4, 24: 3, 29: 47, 32: 7, 33: 1, 37: 8, 46: 13, 51: 18, 53: 1, 56: 2, 61: 29, 67: 97, 70: 26, 71: 1, 74: 14, 79: 18, 83: 1, 85: 1, 86: 1, 91: 14, 92: 145}, 80: {4: 13, 9: 1, 10: 8, 11: 26, 13: 43, 17: 1, 20: 1, 24: 6, 26: 6, 30: 2, 32: 5, 36: 4, 37: 2, 38: 1, 43: 3, 44: 7, 47: 1, 52: 4, 56: 10, 58: 1, 60: 1, 61: 6, 65: 11, 66: 3, 67: 1, 68: 14, 72: 1, 74: 19, 77: 26, 78: 60, 80: 20, 82: 1, 85: 1, 87: 2, 88: 1, 91: 1, 92: 9, 93: 62, 94: 3, 97: 22, 99: 39}, 81: {0: 7, 1: 3, 8: 4, 12: 13, 13: 2, 16: 46, 19: 1, 20: 6, 23: 1, 25: 31, 26: 60, 27: 2, 31: 1, 33: 4, 34: 7, 40: 3, 42: 26, 45: 1, 49: 4, 50: 2, 51: 2, 53: 1, 55: 18, 56: 4, 60: 74, 61: 1, 63: 14, 73: 2, 76: 1, 78: 20, 80: 4, 82: 4, 88: 6, 92: 1, 93: 11, 95: 5, 96: 5, 97: 1}, 82: {5: 61, 11: 4, 14: 2, 24: 51, 29: 2, 30: 8, 34: 5, 37: 1, 40: 112, 49: 1, 50: 4, 51: 2, 53: 43, 54: 9, 56: 8, 59: 23, 62: 81, 63: 3, 64: 1, 69: 15, 70: 23, 72: 6, 74: 88}, 83: {1: 1, 3: 1, 4: 3, 6: 103, 10: 2, 14: 6, 16: 19, 19: 5, 24: 4, 26: 13, 27: 26, 29: 33, 31: 6, 33: 1, 36: 5, 39: 2, 42: 1, 44: 3, 48: 5, 49: 7, 51: 6, 52: 116, 55: 113, 64: 1, 73: 2, 74: 1, 75: 1, 77: 3, 82: 35}, 84: {1: 18, 2: 1, 5: 40, 6: 13, 7: 3, 8: 1, 9: 160, 16: 2, 20: 13, 24: 1, 25: 8, 26: 6, 29: 47, 31: 7, 33: 4, 34: 8, 38: 26, 40: 23, 42: 1, 43: 2, 46: 8, 51: 4, 53: 2, 54: 26, 56: 50, 58: 20, 59: 2, 61: 30}, 85: {0: 5, 5: 3, 6: 6, 14: 106, 18: 10, 19: 28, 22: 1, 25: 3, 27: 5, 28: 1, 29: 2, 30: 123, 32: 46, 38: 6, 40: 5, 41: 4, 43: 1, 45: 2, 48: 3, 49: 1, 51: 2, 61: 14, 63: 1, 66: 18, 68: 3, 69: 1, 70: 7, 72: 19, 77: 49, 79: 15, 80: 1, 81: 13}, 86: {0: 3, 1: 13, 2: 1, 4: 25, 7: 1, 8: 3, 9: 3, 10: 1, 13: 61, 18: 1, 19: 7, 21: 42, 24: 6, 27: 1, 30: 2, 32: 7, 33: 2, 35: 3, 36: 1, 39: 1, 40: 3, 41: 3, 43: 11, 44: 4, 47: 9, 50: 16, 51: 1, 53: 3, 54: 18, 57: 5, 58: 14, 60: 56, 66: 12, 74: 1, 91: 9, 95: 1, 98: 179}, 87: {1: 1, 5: 5, 10: 9, 12: 59, 15: 46, 18: 1, 22: 15, 24: 1, 26: 1, 30: 35, 33: 1, 35: 43, 36: 123, 38: 1, 41: 2, 43: 6, 45: 50, 48: 9, 50: 4, 51: 32, 55: 1, 56: 13, 57: 43}, 88: {3: 8, 11: 6, 15: 6, 17: 2, 18: 22, 20: 1, 23: 15, 25: 14, 26: 4, 29: 52, 31: 1, 33: 5, 34: 3, 35: 2, 37: 2, 50: 2, 51: 2, 55: 74, 57: 79, 58: 24, 63: 11, 64: 1, 68: 43, 70: 6, 71: 22, 72: 4, 76: 12, 79: 1, 81: 1, 84: 1, 86: 1, 87: 2, 88: 1, 89: 82}, 89: {0: 63, 2: 1, 10: 9, 14: 68, 15: 25, 19: 22, 25: 7, 26: 1, 27: 1, 28: 1, 29: 1, 36: 1, 44: 18, 45: 1, 46: 4, 49: 28, 51: 20, 55: 1, 57: 6, 58: 43, 64: 2, 65: 35, 68: 1, 71: 8, 72: 1, 74: 20, 77: 1, 79: 2, 83: 2, 84: 1, 88: 16, 97: 1, 99: 30}, 90: {2: 1, 6: 3, 7: 15, 12: 88, 18: 34, 26: 1, 27: 11, 30: 1, 32: 4, 33: 5, 36: 1, 37: 4, 39: 6, 40: 2, 42: 2, 44: 5, 45: 10, 49: 63, 50: 1, 51: 31, 56: 6, 62: 1, 64: 13, 67: 6, 70: 1, 78: 41, 79: 32, 80: 9, 83: 2, 84: 3, 85: 1, 86: 1, 87: 49, 91: 39, 92: 29}, 91: {0: 1, 1: 1, 5: 6, 6: 1, 11: 5, 13: 10, 16: 1, 17: 15, 18: 10, 19: 5, 21: 9, 28: 2, 30: 3, 34: 1, 35: 2, 36: 1, 38: 39, 39: 2, 42: 4, 43: 155, 45: 14, 47: 70, 48: 9, 49: 15, 50: 2, 51: 1, 53: 7, 54: 8, 56: 7, 73: 53, 77: 5, 82: 76}, 92: {3: 5, 5: 36, 6: 2, 8: 1, 10: 2, 12: 7, 13: 14, 16: 3, 17: 15, 19: 20, 21: 16, 22: 4, 25: 1, 27: 5, 33: 2, 34: 1, 41: 6, 42: 1, 47: 1, 48: 2, 50: 2, 52: 4, 53: 1, 57: 1, 58: 1, 61: 6, 62: 70, 63: 3, 67: 95, 68: 16, 74: 25, 76: 13, 78: 4, 80: 1, 82: 68, 87: 1, 89: 3, 92: 48}, 93: {0: 6, 2: 27, 10: 1, 11: 25, 14: 1, 15: 1, 16: 3, 18: 14, 19: 4, 20: 4, 22: 17, 24: 3, 25: 9, 31: 3, 36: 25, 37: 11, 43: 9, 44: 19, 47: 2, 48: 2, 54: 15, 55: 70, 57: 2, 59: 79, 60: 1, 62: 1, 68: 1, 74: 47, 76: 85, 81: 2, 84: 42}, 94: {1: 2, 3: 25, 5: 6, 9: 7, 13: 4, 15: 6, 18: 9, 20: 5, 22: 4, 24: 40, 28: 1, 30: 2, 35: 1, 39: 7, 45: 2, 47: 9, 48: 3, 50: 16, 51: 3, 52: 1, 55: 3, 59: 1, 60: 74, 64: 2, 73: 11, 74: 30, 75: 2, 76: 5, 80: 1, 82: 8, 87: 53, 91: 33, 94: 3, 97: 3, 98: 1, 99: 24}, 95: {2: 2, 4: 3, 5: 5, 10: 4, 16: 2, 17: 1, 18: 13, 22: 47, 24: 4, 27: 78, 28: 23, 33: 4, 35: 6, 36: 2, 39: 1, 44: 3, 48: 6, 51: 2, 55: 1, 56: 7, 65: 13, 67: 1, 68: 3, 72: 3, 73: 1, 77: 8, 80: 79, 84: 2, 85: 4, 86: 19, 89: 1, 90: 3, 92: 1}, 96: {1: 33, 4: 6, 5: 3, 7: 1, 12: 2, 15: 1, 16: 3, 23: 1, 24: 1, 26: 1, 27: 3, 29: 19, 34: 29, 35: 14, 44: 1, 45: 83, 46: 19, 49: 8, 50: 2, 53: 20, 54: 1, 55: 10, 58: 53, 61: 3, 62: 34, 63: 2, 65: 2, 66: 34, 67: 3, 68: 15, 70: 4, 74: 10, 80: 8, 81: 24, 84: 17, 86: 4, 91: 1, 94: 30}, 97: {12: 4, 16: 13, 17: 3, 18: 2, 25: 16, 27: 26, 32: 4, 33: 6, 35: 7, 36: 26, 38: 6, 41: 14, 48: 2, 53: 6, 54: 1, 61: 134, 62: 8, 63: 6, 66: 3, 70: 2, 71: 1, 73: 64, 74: 81, 77: 108}, 98: {1: 1, 2: 1, 3: 2, 4: 3, 5: 1, 6: 11, 7: 8, 8: 22, 12: 5, 21: 204, 23: 1, 24: 3, 28: 1, 32: 1, 34: 1, 37: 2, 40: 2, 42: 8, 56: 2, 58: 3, 62: 13, 64: 7, 70: 3, 73: 10, 74: 1, 75: 1, 76: 1, 79: 1, 80: 2, 81: 10, 82: 1, 84: 1, 85: 1, 86: 1, 87: 1, 90: 1, 92: 1, 93: 1, 95: 1, 96: 1, 97: 1, 98: 69}, 99: {0: 1, 1: 12, 2: 1, 3: 1, 4: 1, 5: 1, 6: 1, 7: 1, 8: 14, 9: 1, 10: 2, 11: 1, 12: 5, 13: 4, 14: 1, 15: 19, 16: 1, 17: 3, 18: 1, 19: 1, 20: 2, 21: 43, 22: 3, 23: 91, 24: 1, 25: 1, 26: 1, 27: 1, 29: 27, 30: 1, 31: 1, 32: 1, 33: 1, 35: 1, 36: 1, 38: 1, 39: 1, 40: 1, 41: 1, 42: 1, 43: 1, 44: 1, 45: 1, 46: 3, 47: 1, 48: 1, 49: 20, 50: 1, 51: 1, 52: 1, 53: 13, 54: 1, 55: 1, 56: 1, 57: 1, 58: 1, 59: 1, 60: 1, 61: 23, 62: 1, 63: 1, 64: 15, 65: 1, 66: 1, 67: 78, 68: 1, 69: 1, 70: 1, 71: 8, 72: 93, 77: 1, 78: 1, 80: 1, 81: 1, 83: 1, 86: 1, 88: 1, 89: 1, 91: 1, 94: 1, 99: 1}}
04-15 14:17 INFO     in comm round:0
04-15 14:17 INFO     Training network 0 n_training: 564
04-15 14:17 INFO     Training network 0
04-15 14:17 INFO     Client: 0 Epoch: 0 Loss: 4.183894740210639
04-15 14:17 INFO     Client: 0 Epoch: 1 Loss: 3.1231237517462835
04-15 14:17 INFO     Client: 0 Epoch: 2 Loss: 2.2833097643322415
04-15 14:17 INFO     Client: 0 Epoch: 3 Loss: 1.8627276023228962
04-15 14:17 INFO     Client: 0 Epoch: 4 Loss: 1.8222426308525934
04-15 14:17 INFO      ** Client: 0 Training complete **
04-15 14:17 INFO     Training network 1 n_training: 508
04-15 14:17 INFO     Training network 1
04-15 14:17 INFO     Client: 1 Epoch: 0 Loss: 4.254695624113083
04-15 14:17 INFO     Client: 1 Epoch: 1 Loss: 3.3645105957984924
04-15 14:17 INFO     Client: 1 Epoch: 2 Loss: 2.5487748086452484
04-15 14:17 INFO     Client: 1 Epoch: 3 Loss: 2.2519170939922333
04-15 14:17 INFO     Client: 1 Epoch: 4 Loss: 2.137481778860092
04-15 14:17 INFO      ** Client: 1 Training complete **
04-15 14:17 INFO     Training network 2 n_training: 502
04-15 14:17 INFO     Training network 2
04-15 14:17 INFO     Client: 2 Epoch: 0 Loss: 4.457537531852722
04-15 14:17 INFO     Client: 2 Epoch: 1 Loss: 3.784346491098404
04-15 14:17 INFO     Client: 2 Epoch: 2 Loss: 3.0558908879756927
04-15 14:17 INFO     Client: 2 Epoch: 3 Loss: 2.8041380643844604
04-15 14:17 INFO     Client: 2 Epoch: 4 Loss: 2.706519454717636
04-15 14:17 INFO      ** Client: 2 Training complete **
04-15 14:17 INFO     Training network 3 n_training: 500
04-15 14:17 INFO     Training network 3
04-15 14:17 INFO     Client: 3 Epoch: 0 Loss: 4.333867073059082
04-15 14:17 INFO     Client: 3 Epoch: 1 Loss: 3.5106335878372192
04-15 14:17 INFO     Client: 3 Epoch: 2 Loss: 2.7312268912792206
04-15 14:17 INFO     Client: 3 Epoch: 3 Loss: 2.3287153840065002
04-15 14:17 INFO     Client: 3 Epoch: 4 Loss: 2.0814528465270996
04-15 14:17 INFO      ** Client: 3 Training complete **
04-15 14:17 INFO     Training network 4 n_training: 514
04-15 14:17 INFO     Training network 4
04-15 14:17 INFO     Client: 4 Epoch: 0 Loss: 3.9787484539879694
04-15 14:17 INFO     Client: 4 Epoch: 1 Loss: 3.163123369216919
04-15 14:17 INFO     Client: 4 Epoch: 2 Loss: 2.6218643453386097
04-15 14:17 INFO     Client: 4 Epoch: 3 Loss: 2.528456370035807
04-15 14:17 INFO     Client: 4 Epoch: 4 Loss: 2.124834563997057
04-15 14:17 INFO      ** Client: 4 Training complete **
04-15 14:17 INFO     Training network 5 n_training: 537
04-15 14:17 INFO     Training network 5
04-15 14:17 INFO     Client: 5 Epoch: 0 Loss: 4.3330422507392035
04-15 14:17 INFO     Client: 5 Epoch: 1 Loss: 3.5967809624142117
04-15 14:17 INFO     Client: 5 Epoch: 2 Loss: 3.0355037848154702
04-15 14:17 INFO     Client: 5 Epoch: 3 Loss: 2.8447919686635337
04-15 14:17 INFO     Client: 5 Epoch: 4 Loss: 2.7243580288357205
04-15 14:17 INFO      ** Client: 5 Training complete **
04-15 14:17 INFO     Training network 6 n_training: 585
04-15 14:17 INFO     Training network 6
04-15 14:17 INFO     Client: 6 Epoch: 0 Loss: 4.21198787689209
04-15 14:17 INFO     Client: 6 Epoch: 1 Loss: 3.2836238622665403
04-15 14:17 INFO     Client: 6 Epoch: 2 Loss: 2.8085540294647218
04-15 14:17 INFO     Client: 6 Epoch: 3 Loss: 2.7022282600402834
04-15 14:17 INFO     Client: 6 Epoch: 4 Loss: 2.6019953727722167
04-15 14:17 INFO      ** Client: 6 Training complete **
04-15 14:17 INFO     Training network 7 n_training: 527
04-15 14:17 INFO     Training network 7
04-15 14:17 INFO     Client: 7 Epoch: 0 Loss: 4.295684840944078
04-15 14:17 INFO     Client: 7 Epoch: 1 Loss: 3.4853917492760553
04-15 14:17 INFO     Client: 7 Epoch: 2 Loss: 2.7102056079440646
04-15 14:17 INFO     Client: 7 Epoch: 3 Loss: 2.468326065275404
04-15 14:17 INFO     Client: 7 Epoch: 4 Loss: 2.3941682709587946
04-15 14:17 INFO      ** Client: 7 Training complete **
04-15 14:17 INFO     Training network 8 n_training: 472
04-15 14:17 INFO     Training network 8
04-15 14:17 INFO     Client: 8 Epoch: 0 Loss: 4.420824408531189
04-15 14:17 INFO     Client: 8 Epoch: 1 Loss: 3.6398189663887024
04-15 14:17 INFO     Client: 8 Epoch: 2 Loss: 3.0294919908046722
04-15 14:17 INFO     Client: 8 Epoch: 3 Loss: 2.747075915336609
04-15 14:17 INFO     Client: 8 Epoch: 4 Loss: 2.616032689809799
04-15 14:17 INFO      ** Client: 8 Training complete **
04-15 14:17 INFO     Training network 9 n_training: 531
04-15 14:17 INFO     Training network 9
04-15 14:17 INFO     Client: 9 Epoch: 0 Loss: 4.411657121446398
04-15 14:17 INFO     Client: 9 Epoch: 1 Loss: 3.6540969212849936
04-15 14:17 INFO     Client: 9 Epoch: 2 Loss: 3.10184563530816
04-15 14:17 INFO     Client: 9 Epoch: 3 Loss: 2.9330017831590443
04-15 14:17 INFO     Client: 9 Epoch: 4 Loss: 2.7814244429270425
04-15 14:17 INFO      ** Client: 9 Training complete **
04-15 14:17 INFO     Training network 10 n_training: 377
04-15 14:17 INFO     Training network 10
04-15 14:17 INFO     Client: 10 Epoch: 0 Loss: 4.354818185170491
04-15 14:17 INFO     Client: 10 Epoch: 1 Loss: 3.7015010913213096
04-15 14:17 INFO     Client: 10 Epoch: 2 Loss: 3.015737851460775
04-15 14:17 INFO     Client: 10 Epoch: 3 Loss: 2.6618738969167075
04-15 14:17 INFO     Client: 10 Epoch: 4 Loss: 2.5016969442367554
04-15 14:17 INFO      ** Client: 10 Training complete **
04-15 14:17 INFO     Training network 11 n_training: 582
04-15 14:17 INFO     Training network 11
04-15 14:17 INFO     Client: 11 Epoch: 0 Loss: 3.5132394075393676
04-15 14:17 INFO     Client: 11 Epoch: 1 Loss: 2.3909702777862547
04-15 14:17 INFO     Client: 11 Epoch: 2 Loss: 2.200330936908722
04-15 14:17 INFO     Client: 11 Epoch: 3 Loss: 1.9077819228172301
04-15 14:17 INFO     Client: 11 Epoch: 4 Loss: 1.7944016695022582
04-15 14:17 INFO      ** Client: 11 Training complete **
04-15 14:17 INFO     Training network 12 n_training: 728
04-15 14:17 INFO     Training network 12
04-15 14:17 INFO     Client: 12 Epoch: 0 Loss: 3.8625402649243674
04-15 14:17 INFO     Client: 12 Epoch: 1 Loss: 2.5569712022940316
04-15 14:17 INFO     Client: 12 Epoch: 2 Loss: 2.1082684993743896
04-15 14:17 INFO     Client: 12 Epoch: 3 Loss: 2.0030368864536285
04-15 14:17 INFO     Client: 12 Epoch: 4 Loss: 1.9116330941518147
04-15 14:17 INFO      ** Client: 12 Training complete **
04-15 14:17 INFO     Training network 13 n_training: 478
04-15 14:17 INFO     Training network 13
04-15 14:17 INFO     Client: 13 Epoch: 0 Loss: 4.417548954486847
04-15 14:17 INFO     Client: 13 Epoch: 1 Loss: 3.7722468972206116
04-15 14:17 INFO     Client: 13 Epoch: 2 Loss: 3.2430551052093506
04-15 14:17 INFO     Client: 13 Epoch: 3 Loss: 2.9836042523384094
04-15 14:17 INFO     Client: 13 Epoch: 4 Loss: 2.8351136445999146
04-15 14:17 INFO      ** Client: 13 Training complete **
04-15 14:17 INFO     Training network 14 n_training: 434
04-15 14:17 INFO     Training network 14
04-15 14:17 INFO     Client: 14 Epoch: 0 Loss: 4.3767586435590475
04-15 14:17 INFO     Client: 14 Epoch: 1 Loss: 3.6590113980429515
04-15 14:17 INFO     Client: 14 Epoch: 2 Loss: 2.9856079646519254
04-15 14:17 INFO     Client: 14 Epoch: 3 Loss: 2.7582171985081265
04-15 14:17 INFO     Client: 14 Epoch: 4 Loss: 2.6073814119611467
04-15 14:17 INFO      ** Client: 14 Training complete **
04-15 14:17 INFO     Training network 15 n_training: 545
04-15 14:17 INFO     Training network 15
04-15 14:17 INFO     Client: 15 Epoch: 0 Loss: 4.149077653884888
04-15 14:17 INFO     Client: 15 Epoch: 1 Loss: 2.9360424942440457
04-15 14:17 INFO     Client: 15 Epoch: 2 Loss: 2.298128498925103
04-15 14:17 INFO     Client: 15 Epoch: 3 Loss: 2.082372095849779
04-15 14:17 INFO     Client: 15 Epoch: 4 Loss: 1.9940514034695096
04-15 14:17 INFO      ** Client: 15 Training complete **
04-15 14:17 INFO     Training network 16 n_training: 555
04-15 14:17 INFO     Training network 16
04-15 14:17 INFO     Client: 16 Epoch: 0 Loss: 4.043302218119304
04-15 14:17 INFO     Client: 16 Epoch: 1 Loss: 2.717118263244629
04-15 14:17 INFO     Client: 16 Epoch: 2 Loss: 2.150457594129774
04-15 14:17 INFO     Client: 16 Epoch: 3 Loss: 2.016331262058682
04-15 14:17 INFO     Client: 16 Epoch: 4 Loss: 1.9223299821217854
04-15 14:17 INFO      ** Client: 16 Training complete **
04-15 14:17 INFO     Training network 17 n_training: 526
04-15 14:17 INFO     Training network 17
04-15 14:17 INFO     Client: 17 Epoch: 0 Loss: 4.275315735075209
04-15 14:17 INFO     Client: 17 Epoch: 1 Loss: 3.2520622147454157
04-15 14:17 INFO     Client: 17 Epoch: 2 Loss: 2.517913473976983
04-15 14:17 INFO     Client: 17 Epoch: 3 Loss: 2.3231603569454617
04-15 14:17 INFO     Client: 17 Epoch: 4 Loss: 2.276927868525187
04-15 14:17 INFO      ** Client: 17 Training complete **
04-15 14:17 INFO     Training network 18 n_training: 416
04-15 14:17 INFO     Training network 18
04-15 14:17 INFO     Client: 18 Epoch: 0 Loss: 4.386766978672573
04-15 14:17 INFO     Client: 18 Epoch: 1 Loss: 3.8271206447056363
04-15 14:17 INFO     Client: 18 Epoch: 2 Loss: 3.172872611454555
04-15 14:17 INFO     Client: 18 Epoch: 3 Loss: 2.8360144070216586
04-15 14:17 INFO     Client: 18 Epoch: 4 Loss: 2.733309064592634
04-15 14:17 INFO      ** Client: 18 Training complete **
04-15 14:17 INFO     Training network 19 n_training: 416
04-15 14:17 INFO     Training network 19
04-15 14:17 INFO     Client: 19 Epoch: 0 Loss: 4.484759398869106
04-15 14:17 INFO     Client: 19 Epoch: 1 Loss: 3.933060816356114
04-15 14:17 INFO     Client: 19 Epoch: 2 Loss: 3.401047331946237
04-15 14:17 INFO     Client: 19 Epoch: 3 Loss: 3.1397933278765
04-15 14:17 INFO     Client: 19 Epoch: 4 Loss: 3.0134642124176025
04-15 14:17 INFO      ** Client: 19 Training complete **
04-15 14:17 INFO     Training network 20 n_training: 587
04-15 14:17 INFO     Training network 20
04-15 14:17 INFO     Client: 20 Epoch: 0 Loss: 4.302510237693786
04-15 14:18 INFO     Client: 20 Epoch: 1 Loss: 3.2276275873184206
04-15 14:18 INFO     Client: 20 Epoch: 2 Loss: 2.4917306661605836
04-15 14:18 INFO     Client: 20 Epoch: 3 Loss: 2.305636239051819
04-15 14:18 INFO     Client: 20 Epoch: 4 Loss: 2.272074580192566
04-15 14:18 INFO      ** Client: 20 Training complete **
04-15 14:18 INFO     Training network 21 n_training: 542
04-15 14:18 INFO     Training network 21
04-15 14:18 INFO     Client: 21 Epoch: 0 Loss: 4.284217225180732
04-15 14:18 INFO     Client: 21 Epoch: 1 Loss: 3.462725109524197
04-15 14:18 INFO     Client: 21 Epoch: 2 Loss: 2.800980011622111
04-15 14:18 INFO     Client: 21 Epoch: 3 Loss: 2.641055080625746
04-15 14:18 INFO     Client: 21 Epoch: 4 Loss: 2.589631928337945
04-15 14:18 INFO      ** Client: 21 Training complete **
04-15 14:18 INFO     Training network 22 n_training: 282
04-15 14:18 INFO     Training network 22
04-15 14:18 INFO     Client: 22 Epoch: 0 Loss: 4.4700343132019045
04-15 14:18 INFO     Client: 22 Epoch: 1 Loss: 4.098583555221557
04-15 14:18 INFO     Client: 22 Epoch: 2 Loss: 3.681280994415283
04-15 14:18 INFO     Client: 22 Epoch: 3 Loss: 3.1966195106506348
04-15 14:18 INFO     Client: 22 Epoch: 4 Loss: 2.9200155258178713
04-15 14:18 INFO      ** Client: 22 Training complete **
04-15 14:18 INFO     Training network 23 n_training: 510
04-15 14:18 INFO     Training network 23
04-15 14:18 INFO     Client: 23 Epoch: 0 Loss: 4.273750334978104
04-15 14:18 INFO     Client: 23 Epoch: 1 Loss: 3.674300044775009
04-15 14:18 INFO     Client: 23 Epoch: 2 Loss: 3.0989209711551666
04-15 14:18 INFO     Client: 23 Epoch: 3 Loss: 2.8598493933677673
04-15 14:18 INFO     Client: 23 Epoch: 4 Loss: 2.803693801164627
04-15 14:18 INFO      ** Client: 23 Training complete **
04-15 14:18 INFO     Training network 24 n_training: 590
04-15 14:18 INFO     Training network 24
04-15 14:18 INFO     Client: 24 Epoch: 0 Loss: 4.253887701034546
04-15 14:18 INFO     Client: 24 Epoch: 1 Loss: 3.176305317878723
04-15 14:18 INFO     Client: 24 Epoch: 2 Loss: 2.533665418624878
04-15 14:18 INFO     Client: 24 Epoch: 3 Loss: 2.3834532260894776
04-15 14:18 INFO     Client: 24 Epoch: 4 Loss: 2.3705147743225097
04-15 14:18 INFO      ** Client: 24 Training complete **
04-15 14:18 INFO     Training network 25 n_training: 559
04-15 14:18 INFO     Training network 25
04-15 14:18 INFO     Client: 25 Epoch: 0 Loss: 4.375359217325847
04-15 14:18 INFO     Client: 25 Epoch: 1 Loss: 3.3665009339650473
04-15 14:18 INFO     Client: 25 Epoch: 2 Loss: 2.6179254055023193
04-15 14:18 INFO     Client: 25 Epoch: 3 Loss: 2.375957727432251
04-15 14:18 INFO     Client: 25 Epoch: 4 Loss: 2.3027165730794272
04-15 14:18 INFO      ** Client: 25 Training complete **
04-15 14:18 INFO     Training network 26 n_training: 282
04-15 14:18 INFO     Training network 26
04-15 14:18 INFO     Client: 26 Epoch: 0 Loss: 4.440003871917725
04-15 14:18 INFO     Client: 26 Epoch: 1 Loss: 4.077886056900025
04-15 14:18 INFO     Client: 26 Epoch: 2 Loss: 3.626860761642456
04-15 14:18 INFO     Client: 26 Epoch: 3 Loss: 3.239315319061279
04-15 14:18 INFO     Client: 26 Epoch: 4 Loss: 2.8826550960540773
04-15 14:18 INFO      ** Client: 26 Training complete **
04-15 14:18 INFO     Training network 27 n_training: 556
04-15 14:18 INFO     Training network 27
04-15 14:18 INFO     Client: 27 Epoch: 0 Loss: 4.267637464735243
04-15 14:18 INFO     Client: 27 Epoch: 1 Loss: 3.4437002340952554
04-15 14:18 INFO     Client: 27 Epoch: 2 Loss: 2.9070606496598987
04-15 14:18 INFO     Client: 27 Epoch: 3 Loss: 2.788396702872382
04-15 14:18 INFO     Client: 27 Epoch: 4 Loss: 2.6877064439985485
04-15 14:18 INFO      ** Client: 27 Training complete **
04-15 14:18 INFO     Training network 28 n_training: 524
04-15 14:18 INFO     Training network 28
04-15 14:18 INFO     Client: 28 Epoch: 0 Loss: 4.3295916186438665
04-15 14:18 INFO     Client: 28 Epoch: 1 Loss: 3.419566657808092
04-15 14:18 INFO     Client: 28 Epoch: 2 Loss: 2.7985371748606362
04-15 14:18 INFO     Client: 28 Epoch: 3 Loss: 2.64465504222446
04-15 14:18 INFO     Client: 28 Epoch: 4 Loss: 2.487393962012397
04-15 14:18 INFO      ** Client: 28 Training complete **
04-15 14:18 INFO     Training network 29 n_training: 515
04-15 14:18 INFO     Training network 29
04-15 14:18 INFO     Client: 29 Epoch: 0 Loss: 4.201724900139703
04-15 14:18 INFO     Client: 29 Epoch: 1 Loss: 3.2939771546257868
04-15 14:18 INFO     Client: 29 Epoch: 2 Loss: 2.8433088461558023
04-15 14:18 INFO     Client: 29 Epoch: 3 Loss: 2.599852138095432
04-15 14:18 INFO     Client: 29 Epoch: 4 Loss: 2.5041628413730197
04-15 14:18 INFO      ** Client: 29 Training complete **
04-15 14:18 INFO     Training network 30 n_training: 191
04-15 14:18 INFO     Training network 30
04-15 14:18 INFO     Client: 30 Epoch: 0 Loss: 4.541149139404297
04-15 14:18 INFO     Client: 30 Epoch: 1 Loss: 4.245638847351074
04-15 14:18 INFO     Client: 30 Epoch: 2 Loss: 3.8366733392079673
04-15 14:18 INFO     Client: 30 Epoch: 3 Loss: 3.529844601949056
04-15 14:18 INFO     Client: 30 Epoch: 4 Loss: 3.231360594431559
04-15 14:18 INFO      ** Client: 30 Training complete **
04-15 14:18 INFO     Training network 31 n_training: 277
04-15 14:18 INFO     Training network 31
04-15 14:18 INFO     Client: 31 Epoch: 0 Loss: 4.459166431427002
04-15 14:18 INFO     Client: 31 Epoch: 1 Loss: 3.983892726898193
04-15 14:18 INFO     Client: 31 Epoch: 2 Loss: 3.5086623191833497
04-15 14:18 INFO     Client: 31 Epoch: 3 Loss: 3.0148659229278563
04-15 14:18 INFO     Client: 31 Epoch: 4 Loss: 2.7891925811767577
04-15 14:18 INFO      ** Client: 31 Training complete **
04-15 14:18 INFO     Training network 32 n_training: 465
04-15 14:18 INFO     Training network 32
04-15 14:18 INFO     Client: 32 Epoch: 0 Loss: 4.416849434375763
04-15 14:18 INFO     Client: 32 Epoch: 1 Loss: 3.832961767911911
04-15 14:18 INFO     Client: 32 Epoch: 2 Loss: 3.2742371261119843
04-15 14:18 INFO     Client: 32 Epoch: 3 Loss: 2.9609329104423523
04-15 14:18 INFO     Client: 32 Epoch: 4 Loss: 2.9150058329105377
04-15 14:18 INFO      ** Client: 32 Training complete **
04-15 14:18 INFO     Training network 33 n_training: 588
04-15 14:18 INFO     Training network 33
04-15 14:18 INFO     Client: 33 Epoch: 0 Loss: 3.9210209369659426
04-15 14:18 INFO     Client: 33 Epoch: 1 Loss: 2.625408434867859
04-15 14:18 INFO     Client: 33 Epoch: 2 Loss: 2.137872350215912
04-15 14:18 INFO     Client: 33 Epoch: 3 Loss: 1.8808597803115845
04-15 14:18 INFO     Client: 33 Epoch: 4 Loss: 1.7852396607398986
04-15 14:18 INFO      ** Client: 33 Training complete **
04-15 14:18 INFO     Training network 34 n_training: 374
04-15 14:18 INFO     Training network 34
04-15 14:18 INFO     Client: 34 Epoch: 0 Loss: 4.490261475245158
04-15 14:18 INFO     Client: 34 Epoch: 1 Loss: 3.9166895548502603
04-15 14:18 INFO     Client: 34 Epoch: 2 Loss: 3.2199240922927856
04-15 14:18 INFO     Client: 34 Epoch: 3 Loss: 2.9525523583094277
04-15 14:18 INFO     Client: 34 Epoch: 4 Loss: 2.717188994089762
04-15 14:18 INFO      ** Client: 34 Training complete **
04-15 14:18 INFO     Training network 35 n_training: 541
04-15 14:18 INFO     Training network 35
04-15 14:18 INFO     Client: 35 Epoch: 0 Loss: 4.050187905629476
04-15 14:18 INFO     Client: 35 Epoch: 1 Loss: 3.061733431286282
04-15 14:18 INFO     Client: 35 Epoch: 2 Loss: 2.33761637740665
04-15 14:18 INFO     Client: 35 Epoch: 3 Loss: 1.9486202001571655
04-15 14:18 INFO     Client: 35 Epoch: 4 Loss: 1.7633176777097914
04-15 14:18 INFO      ** Client: 35 Training complete **
04-15 14:18 INFO     Training network 36 n_training: 583
04-15 14:18 INFO     Training network 36
04-15 14:18 INFO     Client: 36 Epoch: 0 Loss: 4.044655799865723
04-15 14:18 INFO     Client: 36 Epoch: 1 Loss: 3.0571728706359864
04-15 14:18 INFO     Client: 36 Epoch: 2 Loss: 2.517777442932129
04-15 14:18 INFO     Client: 36 Epoch: 3 Loss: 2.494125986099243
04-15 14:18 INFO     Client: 36 Epoch: 4 Loss: 2.1843119144439695
04-15 14:18 INFO      ** Client: 36 Training complete **
04-15 14:18 INFO     Training network 37 n_training: 521
04-15 14:18 INFO     Training network 37
04-15 14:18 INFO     Client: 37 Epoch: 0 Loss: 4.132722006903754
04-15 14:18 INFO     Client: 37 Epoch: 1 Loss: 3.4108779430389404
04-15 14:18 INFO     Client: 37 Epoch: 2 Loss: 2.745885584089491
04-15 14:18 INFO     Client: 37 Epoch: 3 Loss: 2.65581923060947
04-15 14:18 INFO     Client: 37 Epoch: 4 Loss: 2.558378537495931
04-15 14:18 INFO      ** Client: 37 Training complete **
04-15 14:18 INFO     Training network 38 n_training: 547
04-15 14:18 INFO     Training network 38
04-15 14:18 INFO     Client: 38 Epoch: 0 Loss: 4.163277308146159
04-15 14:18 INFO     Client: 38 Epoch: 1 Loss: 3.126028961605496
04-15 14:18 INFO     Client: 38 Epoch: 2 Loss: 2.500639412138197
04-15 14:18 INFO     Client: 38 Epoch: 3 Loss: 2.2386662562688193
04-15 14:18 INFO     Client: 38 Epoch: 4 Loss: 2.08501836988661
04-15 14:18 INFO      ** Client: 38 Training complete **
04-15 14:18 INFO     Training network 39 n_training: 512
04-15 14:18 INFO     Training network 39
04-15 14:18 INFO     Client: 39 Epoch: 0 Loss: 4.252289652824402
04-15 14:18 INFO     Client: 39 Epoch: 1 Loss: 3.415954500436783
04-15 14:18 INFO     Client: 39 Epoch: 2 Loss: 2.7247584760189056
04-15 14:18 INFO     Client: 39 Epoch: 3 Loss: 2.4196531176567078
04-15 14:18 INFO     Client: 39 Epoch: 4 Loss: 2.275087833404541
04-15 14:18 INFO      ** Client: 39 Training complete **
04-15 14:18 INFO     Training network 40 n_training: 278
04-15 14:18 INFO     Training network 40
04-15 14:18 INFO     Client: 40 Epoch: 0 Loss: 4.352085590362549
04-15 14:18 INFO     Client: 40 Epoch: 1 Loss: 3.881324863433838
04-15 14:18 INFO     Client: 40 Epoch: 2 Loss: 3.4585898399353026
04-15 14:18 INFO     Client: 40 Epoch: 3 Loss: 3.0400774478912354
04-15 14:18 INFO     Client: 40 Epoch: 4 Loss: 2.870872163772583
04-15 14:18 INFO      ** Client: 40 Training complete **
04-15 14:18 INFO     Training network 41 n_training: 529
04-15 14:18 INFO     Training network 41
04-15 14:18 INFO     Client: 41 Epoch: 0 Loss: 4.380058659447564
04-15 14:18 INFO     Client: 41 Epoch: 1 Loss: 3.7119945420159235
04-15 14:18 INFO     Client: 41 Epoch: 2 Loss: 3.082997692955865
04-15 14:18 INFO     Client: 41 Epoch: 3 Loss: 2.844518873426649
04-15 14:18 INFO     Client: 41 Epoch: 4 Loss: 2.8433870474497476
04-15 14:18 INFO      ** Client: 41 Training complete **
04-15 14:18 INFO     Training network 42 n_training: 535
04-15 14:18 INFO     Training network 42
04-15 14:18 INFO     Client: 42 Epoch: 0 Loss: 4.188460773891872
04-15 14:18 INFO     Client: 42 Epoch: 1 Loss: 3.130396021736993
04-15 14:18 INFO     Client: 42 Epoch: 2 Loss: 2.41247460577223
04-15 14:18 INFO     Client: 42 Epoch: 3 Loss: 2.25370274649726
04-15 14:18 INFO     Client: 42 Epoch: 4 Loss: 2.2008292145199246
04-15 14:18 INFO      ** Client: 42 Training complete **
04-15 14:18 INFO     Training network 43 n_training: 517
04-15 14:18 INFO     Training network 43
04-15 14:18 INFO     Client: 43 Epoch: 0 Loss: 4.109836154513889
04-15 14:18 INFO     Client: 43 Epoch: 1 Loss: 2.960533062616984
04-15 14:18 INFO     Client: 43 Epoch: 2 Loss: 2.419988844129774
04-15 14:18 INFO     Client: 43 Epoch: 3 Loss: 1.8879595465130277
04-15 14:18 INFO     Client: 43 Epoch: 4 Loss: 2.0347939332326255
04-15 14:18 INFO      ** Client: 43 Training complete **
04-15 14:18 INFO     Training network 44 n_training: 506
04-15 14:18 INFO     Training network 44
04-15 14:18 INFO     Client: 44 Epoch: 0 Loss: 4.316928386688232
04-15 14:18 INFO     Client: 44 Epoch: 1 Loss: 3.657674252986908
04-15 14:18 INFO     Client: 44 Epoch: 2 Loss: 3.172019600868225
04-15 14:18 INFO     Client: 44 Epoch: 3 Loss: 2.9391365349292755
04-15 14:18 INFO     Client: 44 Epoch: 4 Loss: 2.8545572757720947
04-15 14:18 INFO      ** Client: 44 Training complete **
04-15 14:18 INFO     Training network 45 n_training: 556
04-15 14:18 INFO     Training network 45
04-15 14:18 INFO     Client: 45 Epoch: 0 Loss: 4.415405670801799
04-15 14:18 INFO     Client: 45 Epoch: 1 Loss: 3.6793570518493652
04-15 14:18 INFO     Client: 45 Epoch: 2 Loss: 2.9843947887420654
04-15 14:18 INFO     Client: 45 Epoch: 3 Loss: 2.7543521722157798
04-15 14:18 INFO     Client: 45 Epoch: 4 Loss: 2.643108288447062
04-15 14:18 INFO      ** Client: 45 Training complete **
04-15 14:18 INFO     Training network 46 n_training: 504
04-15 14:18 INFO     Training network 46
04-15 14:18 INFO     Client: 46 Epoch: 0 Loss: 4.3229798674583435
04-15 14:18 INFO     Client: 46 Epoch: 1 Loss: 3.597737103700638
04-15 14:18 INFO     Client: 46 Epoch: 2 Loss: 2.7866640985012054
04-15 14:18 INFO     Client: 46 Epoch: 3 Loss: 2.4693694412708282
04-15 14:18 INFO     Client: 46 Epoch: 4 Loss: 2.2927745282649994
04-15 14:18 INFO      ** Client: 46 Training complete **
04-15 14:18 INFO     Training network 47 n_training: 530
04-15 14:18 INFO     Training network 47
04-15 14:18 INFO     Client: 47 Epoch: 0 Loss: 4.376404179467095
04-15 14:18 INFO     Client: 47 Epoch: 1 Loss: 3.5499639246198864
04-15 14:18 INFO     Client: 47 Epoch: 2 Loss: 2.7622513506147595
04-15 14:18 INFO     Client: 47 Epoch: 3 Loss: 2.4180497063530817
04-15 14:18 INFO     Client: 47 Epoch: 4 Loss: 2.333823151058621
04-15 14:18 INFO      ** Client: 47 Training complete **
04-15 14:18 INFO     Training network 48 n_training: 533
04-15 14:18 INFO     Training network 48
04-15 14:18 INFO     Client: 48 Epoch: 0 Loss: 4.274657249450684
04-15 14:18 INFO     Client: 48 Epoch: 1 Loss: 3.5567180580563016
04-15 14:18 INFO     Client: 48 Epoch: 2 Loss: 2.9654371473524304
04-15 14:18 INFO     Client: 48 Epoch: 3 Loss: 2.8020603126949735
04-15 14:18 INFO     Client: 48 Epoch: 4 Loss: 2.704523722330729
04-15 14:18 INFO      ** Client: 48 Training complete **
04-15 14:18 INFO     Training network 49 n_training: 461
04-15 14:18 INFO     Training network 49
04-15 14:18 INFO     Client: 49 Epoch: 0 Loss: 4.270708411931992
04-15 14:18 INFO     Client: 49 Epoch: 1 Loss: 3.5865386724472046
04-15 14:18 INFO     Client: 49 Epoch: 2 Loss: 2.9374323189258575
04-15 14:18 INFO     Client: 49 Epoch: 3 Loss: 2.6741278171539307
04-15 14:18 INFO     Client: 49 Epoch: 4 Loss: 2.675393372774124
04-15 14:18 INFO      ** Client: 49 Training complete **
04-15 14:18 INFO     Training network 50 n_training: 500
04-15 14:18 INFO     Training network 50
04-15 14:18 INFO     Client: 50 Epoch: 0 Loss: 4.352214336395264
04-15 14:18 INFO     Client: 50 Epoch: 1 Loss: 3.520495593547821
04-15 14:18 INFO     Client: 50 Epoch: 2 Loss: 2.9216035902500153
04-15 14:18 INFO     Client: 50 Epoch: 3 Loss: 2.682428479194641
04-15 14:18 INFO     Client: 50 Epoch: 4 Loss: 2.509928524494171
04-15 14:18 INFO      ** Client: 50 Training complete **
04-15 14:18 INFO     Training network 51 n_training: 513
04-15 14:18 INFO     Training network 51
