04-09 14:57 INFO     cuda
04-09 14:57 INFO     Command Line Arguments: 
{
    "epochs": 5,
    "comm_round": 70,
    "sample_fraction": 1.0,
    "alpha": 0.01,
    "dataset": "cifar100",
    "datadir": "../data/",
    "partition": "iid",
    "alg": "sflv1",
    "model": "resnet-50",
    "split_layer": 4,
    "n_parties": 5,
    "lr": 0.001,
    "mu": 1,
    "std_coeff": 2.5,
    "unif_coeff": 0.5,
    "batch_size": 64,
    "load_first_net": 1,
    "pool_option": "FIFO",
    "model_buffer_size": 1,
    "optimizer": "adam",
    "simp_width": 1,
    "out_dim": 256,
    "reg": 0.0005,
    "temperature": 0.5,
    "logdir": "./",
    "log_file_name": "logs/experiment_log-alg=sflv1_partition=iid_lr=0.001_epochs=5_num_users=5_beta=0.01_batch_size=64_opt=adam_dataset=cifar100_2024-04-09-1457-23",
    "seed": 123,
    "device": "cuda:5",
    "accuracies_file": "logs/resnet_18_100_users.csv",
    "dont_skip": false,
    "multiprocessing": 0
}
04-09 14:57 INFO     Data statistics: {0: {0: 109, 1: 92, 2: 112, 3: 102, 4: 98, 5: 98, 6: 99, 7: 94, 8: 93, 9: 94, 10: 107, 11: 105, 12: 84, 13: 105, 14: 93, 15: 105, 16: 95, 17: 105, 18: 97, 19: 89, 20: 101, 21: 120, 22: 94, 23: 117, 24: 110, 25: 101, 26: 102, 27: 93, 28: 107, 29: 121, 30: 95, 31: 92, 32: 95, 33: 91, 34: 97, 35: 100, 36: 87, 37: 98, 38: 98, 39: 113, 40: 102, 41: 91, 42: 97, 43: 113, 44: 90, 45: 87, 46: 96, 47: 93, 48: 114, 49: 98, 50: 111, 51: 81, 52: 100, 53: 102, 54: 108, 55: 113, 56: 88, 57: 98, 58: 98, 59: 92, 60: 84, 61: 95, 62: 82, 63: 118, 64: 103, 65: 95, 66: 102, 67: 97, 68: 104, 69: 95, 70: 115, 71: 110, 72: 112, 73: 119, 74: 107, 75: 89, 76: 107, 77: 90, 78: 89, 79: 120, 80: 93, 81: 79, 82: 101, 83: 99, 84: 94, 85: 106, 86: 111, 87: 95, 88: 114, 89: 98, 90: 91, 91: 86, 92: 112, 93: 102, 94: 95, 95: 98, 96: 115, 97: 105, 98: 95, 99: 98}, 1: {0: 98, 1: 106, 2: 101, 3: 95, 4: 104, 5: 98, 6: 107, 7: 96, 8: 119, 9: 110, 10: 111, 11: 103, 12: 119, 13: 100, 14: 102, 15: 96, 16: 103, 17: 105, 18: 109, 19: 91, 20: 101, 21: 87, 22: 105, 23: 93, 24: 84, 25: 101, 26: 109, 27: 97, 28: 99, 29: 92, 30: 96, 31: 92, 32: 98, 33: 104, 34: 96, 35: 103, 36: 107, 37: 116, 38: 105, 39: 90, 40: 88, 41: 100, 42: 94, 43: 105, 44: 96, 45: 114, 46: 84, 47: 87, 48: 96, 49: 105, 50: 102, 51: 107, 52: 104, 53: 83, 54: 110, 55: 82, 56: 95, 57: 95, 58: 114, 59: 94, 60: 101, 61: 110, 62: 114, 63: 87, 64: 100, 65: 106, 66: 89, 67: 95, 68: 99, 69: 95, 70: 96, 71: 93, 72: 99, 73: 105, 74: 94, 75: 108, 76: 90, 77: 86, 78: 117, 79: 96, 80: 111, 81: 94, 82: 110, 83: 102, 84: 97, 85: 106, 86: 104, 87: 95, 88: 89, 89: 108, 90: 87, 91: 107, 92: 100, 93: 115, 94: 113, 95: 90, 96: 104, 97: 93, 98: 93, 99: 99}, 2: {0: 99, 1: 82, 2: 85, 3: 114, 4: 97, 5: 97, 6: 96, 7: 117, 8: 85, 9: 107, 10: 98, 11: 105, 12: 103, 13: 102, 14: 97, 15: 98, 16: 110, 17: 85, 18: 101, 19: 107, 20: 106, 21: 94, 22: 93, 23: 101, 24: 124, 25: 106, 26: 100, 27: 113, 28: 97, 29: 86, 30: 101, 31: 103, 32: 101, 33: 98, 34: 103, 35: 94, 36: 102, 37: 104, 38: 91, 39: 90, 40: 98, 41: 104, 42: 101, 43: 101, 44: 109, 45: 98, 46: 93, 47: 117, 48: 95, 49: 97, 50: 102, 51: 109, 52: 102, 53: 107, 54: 89, 55: 114, 56: 101, 57: 93, 58: 94, 59: 120, 60: 111, 61: 106, 62: 105, 63: 82, 64: 91, 65: 109, 66: 102, 67: 98, 68: 85, 69: 106, 70: 96, 71: 94, 72: 86, 73: 88, 74: 103, 75: 95, 76: 103, 77: 101, 78: 97, 79: 114, 80: 102, 81: 110, 82: 90, 83: 104, 84: 89, 85: 101, 86: 87, 87: 98, 88: 96, 89: 96, 90: 109, 91: 102, 92: 93, 93: 96, 94: 108, 95: 110, 96: 100, 97: 110, 98: 87, 99: 104}, 3: {0: 101, 1: 110, 2: 97, 3: 80, 4: 89, 5: 112, 6: 108, 7: 95, 8: 101, 9: 86, 10: 85, 11: 101, 12: 92, 13: 91, 14: 96, 15: 97, 16: 99, 17: 88, 18: 92, 19: 95, 20: 96, 21: 95, 22: 95, 23: 88, 24: 90, 25: 82, 26: 109, 27: 99, 28: 104, 29: 107, 30: 102, 31: 106, 32: 98, 33: 105, 34: 94, 35: 109, 36: 114, 37: 88, 38: 109, 39: 95, 40: 101, 41: 105, 42: 85, 43: 96, 44: 100, 45: 91, 46: 131, 47: 117, 48: 97, 49: 104, 50: 100, 51: 107, 52: 100, 53: 106, 54: 108, 55: 95, 56: 114, 57: 120, 58: 98, 59: 99, 60: 97, 61: 92, 62: 112, 63: 111, 64: 105, 65: 104, 66: 111, 67: 107, 68: 104, 69: 108, 70: 84, 71: 105, 72: 96, 73: 90, 74: 88, 75: 112, 76: 94, 77: 107, 78: 102, 79: 83, 80: 107, 81: 105, 82: 92, 83: 105, 84: 104, 85: 90, 86: 94, 87: 107, 88: 105, 89: 95, 90: 109, 91: 91, 92: 103, 93: 101, 94: 99, 95: 109, 96: 83, 97: 103, 98: 111, 99: 101}, 4: {0: 93, 1: 110, 2: 105, 3: 109, 4: 112, 5: 95, 6: 90, 7: 98, 8: 102, 9: 103, 10: 99, 11: 86, 12: 102, 13: 102, 14: 112, 15: 104, 16: 93, 17: 117, 18: 101, 19: 118, 20: 96, 21: 104, 22: 113, 23: 101, 24: 92, 25: 110, 26: 80, 27: 98, 28: 93, 29: 94, 30: 106, 31: 107, 32: 108, 33: 102, 34: 110, 35: 94, 36: 90, 37: 94, 38: 97, 39: 112, 40: 111, 41: 100, 42: 123, 43: 85, 44: 105, 45: 110, 46: 96, 47: 86, 48: 98, 49: 96, 50: 85, 51: 96, 52: 94, 53: 102, 54: 85, 55: 96, 56: 102, 57: 94, 58: 96, 59: 95, 60: 107, 61: 97, 62: 87, 63: 102, 64: 101, 65: 86, 66: 96, 67: 103, 68: 108, 69: 96, 70: 109, 71: 98, 72: 107, 73: 98, 74: 108, 75: 96, 76: 106, 77: 116, 78: 95, 79: 87, 80: 87, 81: 112, 82: 107, 83: 90, 84: 116, 85: 97, 86: 104, 87: 105, 88: 96, 89: 103, 90: 104, 91: 114, 92: 92, 93: 86, 94: 85, 95: 93, 96: 98, 97: 89, 98: 114, 99: 98}}
04-09 14:57 INFO     in comm round:0
04-09 14:57 INFO     Training network 0 n_training: 10000
04-09 14:57 INFO     Training network 0
