03-17 15:08 INFO     cuda:5
03-17 15:08 INFO     Command Line Arguments: 
{
    "epochs": 5,
    "comm_round": 50,
    "sample_fraction": 1.0,
    "alpha": 0.5,
    "dataset": "cifar10",
    "datadir": "../data/",
    "partition": "subsample",
    "alg": "sflv1",
    "model": "resnet-18",
    "n_parties": 2,
    "lr": 0.01,
    "mu": 1,
    "std_coeff": 2.5,
    "unif_coeff": 0.5,
    "batch_size": 128,
    "load_first_net": 1,
    "pool_option": "FIFO",
    "model_buffer_size": 1,
    "optimizer": "sgd",
    "simp_width": 1,
    "out_dim": 256,
    "reg": 0.0005,
    "temperature": 0.5,
    "logdir": "./",
    "log_file_name": "logs/experiment_log-alg=sflv1_partition=subsample_lr=0.01_epochs=5_num_users=2_beta=0.5_batch_size=128_opt=sgd_dataset=cifar10_2024-03-17-1508-51",
    "seed": 1,
    "device": "cuda:5"
}
03-17 15:08 INFO     Data statistics: {0: {0: 76, 1: 195, 2: 293, 3: 871, 4: 1097, 5: 1042, 6: 394, 7: 469, 9: 563}, 1: {0: 1368, 1: 1162, 2: 1010, 3: 354, 5: 63, 6: 954, 7: 889, 8: 1458, 9: 742}}
03-17 15:08 INFO     in comm round:0
03-17 15:08 INFO     Training network 0 n_training: 5000
03-17 15:08 INFO     Training network 0
03-17 15:09 INFO     Client: 0 Epoch: 0 Loss: 1.8580999557788556
03-17 15:09 INFO     Client: 0 Epoch: 1 Loss: 1.586024373005598
03-17 15:09 INFO     Client: 0 Epoch: 2 Loss: 1.4632124656285994
03-17 15:09 INFO     Client: 0 Epoch: 3 Loss: 1.3730601775340545
03-17 15:09 INFO     Client: 0 Epoch: 4 Loss: 1.3653810360492804
03-17 15:09 INFO      ** Client: 0 Training complete **
03-17 15:09 INFO     Training network 1 n_training: 8000
03-17 15:09 INFO     Training network 1
03-17 15:09 INFO     Client: 1 Epoch: 0 Loss: 1.6629776723923222
03-17 15:09 INFO     Client: 1 Epoch: 1 Loss: 1.2773606258053933
03-17 15:09 INFO     Client: 1 Epoch: 2 Loss: 1.1182255716093126
03-17 15:09 INFO     Client: 1 Epoch: 3 Loss: 1.0071999449883737
03-17 15:09 INFO     Client: 1 Epoch: 4 Loss: 0.9076239168643951
03-17 15:09 INFO      ** Client: 1 Training complete **
03-17 15:09 INFO     global n_training: 390
03-17 15:09 INFO     global n_test: 79
03-17 15:09 INFO     >> Global Model Train accuracy: 0.1624, Train accuracy top-5: 0.6063
03-17 15:09 INFO     >> Global Model Test accuracy: 0.1743, Test accuracy top-5: 0.6233
03-17 15:09 INFO     >> Global Model Train loss: 2.8548
03-17 15:09 INFO     in comm round:1
03-17 15:09 INFO     Training network 0 n_training: 5000
03-17 15:09 INFO     Training network 0
03-17 15:09 INFO     Client: 0 Epoch: 0 Loss: 1.3863752346772413
03-17 15:09 INFO     Client: 0 Epoch: 1 Loss: 1.315938848715562
03-17 15:09 INFO     Client: 0 Epoch: 2 Loss: 1.1663646728564532
03-17 15:09 INFO     Client: 0 Epoch: 3 Loss: 1.0970539511778417
03-17 15:09 INFO     Client: 0 Epoch: 4 Loss: 1.0086774978882227
03-17 15:09 INFO      ** Client: 0 Training complete **
03-17 15:09 INFO     Training network 1 n_training: 8000
03-17 15:09 INFO     Training network 1
03-17 15:09 INFO     Client: 1 Epoch: 0 Loss: 1.0194537793436358
03-17 15:09 INFO     Client: 1 Epoch: 1 Loss: 0.8800565821509208
03-17 15:09 INFO     Client: 1 Epoch: 2 Loss: 0.7390475494246329
03-17 15:09 INFO     Client: 1 Epoch: 3 Loss: 0.6764709045810084
03-17 15:09 INFO     Client: 1 Epoch: 4 Loss: 0.6306634929872328
03-17 15:09 INFO      ** Client: 1 Training complete **
03-17 15:09 INFO     global n_training: 390
03-17 15:09 INFO     global n_test: 79
03-17 15:09 INFO     >> Global Model Train accuracy: 0.4446, Train accuracy top-5: 0.8103
03-17 15:09 INFO     >> Global Model Test accuracy: 0.4474, Test accuracy top-5: 0.8221
03-17 15:09 INFO     >> Global Model Train loss: 1.8394
03-17 15:09 INFO     in comm round:2
03-17 15:09 INFO     Training network 0 n_training: 5000
03-17 15:09 INFO     Training network 0
03-17 15:09 INFO     Client: 0 Epoch: 0 Loss: 1.0515612317965581
03-17 15:09 INFO     Client: 0 Epoch: 1 Loss: 0.9630414965825204
03-17 15:09 INFO     Client: 0 Epoch: 2 Loss: 0.8828146045024579
03-17 15:10 INFO     Client: 0 Epoch: 3 Loss: 0.8550535471011431
03-17 15:10 INFO     Client: 0 Epoch: 4 Loss: 0.7726770119789319
03-17 15:10 INFO      ** Client: 0 Training complete **
03-17 15:10 INFO     Training network 1 n_training: 8000
03-17 15:10 INFO     Training network 1
03-17 15:10 INFO     Client: 1 Epoch: 0 Loss: 0.6952588164037273
03-17 15:10 INFO     Client: 1 Epoch: 1 Loss: 0.6621772031630239
03-17 15:10 INFO     Client: 1 Epoch: 2 Loss: 0.5890019795586986
03-17 15:10 INFO     Client: 1 Epoch: 3 Loss: 0.5357875151018943
03-17 15:10 INFO     Client: 1 Epoch: 4 Loss: 0.473379427867551
03-17 15:10 INFO      ** Client: 1 Training complete **
03-17 15:10 INFO     global n_training: 390
03-17 15:10 INFO     global n_test: 79
03-17 15:10 INFO     >> Global Model Train accuracy: 0.5415, Train accuracy top-5: 0.8631
03-17 15:10 INFO     >> Global Model Test accuracy: 0.5433, Test accuracy top-5: 0.8650
03-17 15:10 INFO     >> Global Model Train loss: 1.5179
03-17 15:10 INFO     in comm round:3
03-17 15:10 INFO     Training network 0 n_training: 5000
03-17 15:10 INFO     Training network 0
03-17 15:10 INFO     Client: 0 Epoch: 0 Loss: 0.7874088516602149
03-17 15:10 INFO     Client: 0 Epoch: 1 Loss: 0.7364328687007611
03-17 15:10 INFO     Client: 0 Epoch: 2 Loss: 0.677765354132041
03-17 15:10 INFO     Client: 0 Epoch: 3 Loss: 0.6689085807555761
03-17 15:10 INFO     Client: 0 Epoch: 4 Loss: 0.590226622728201
03-17 15:10 INFO      ** Client: 0 Training complete **
03-17 15:10 INFO     Training network 1 n_training: 8000
03-17 15:10 INFO     Training network 1
03-17 15:10 INFO     Client: 1 Epoch: 0 Loss: 0.5260352141434147
03-17 15:10 INFO     Client: 1 Epoch: 1 Loss: 0.48798581140656627
03-17 15:10 INFO     Client: 1 Epoch: 2 Loss: 0.43386411907211425
03-17 15:10 INFO     Client: 1 Epoch: 3 Loss: 0.4147731923768597
03-17 15:10 INFO     Client: 1 Epoch: 4 Loss: 0.3935459419604271
03-17 15:10 INFO      ** Client: 1 Training complete **
03-17 15:10 INFO     global n_training: 390
03-17 15:10 INFO     global n_test: 79
03-17 15:10 INFO     >> Global Model Train accuracy: 0.5727, Train accuracy top-5: 0.8831
03-17 15:10 INFO     >> Global Model Test accuracy: 0.5679, Test accuracy top-5: 0.8845
03-17 15:10 INFO     >> Global Model Train loss: 1.4121
03-17 15:10 INFO     in comm round:4
03-17 15:10 INFO     Training network 0 n_training: 5000
03-17 15:10 INFO     Training network 0
03-17 15:10 INFO     Client: 0 Epoch: 0 Loss: 0.6089567274619372
03-17 15:10 INFO     Client: 0 Epoch: 1 Loss: 0.5944856458749527
03-17 15:10 INFO     Client: 0 Epoch: 2 Loss: 0.5439927791937803
03-17 15:10 INFO     Client: 0 Epoch: 3 Loss: 0.5296791860690484
03-17 15:10 INFO     Client: 0 Epoch: 4 Loss: 0.4970924036625104
03-17 15:10 INFO      ** Client: 0 Training complete **
03-17 15:10 INFO     Training network 1 n_training: 8000
03-17 15:10 INFO     Training network 1
03-17 15:10 INFO     Client: 1 Epoch: 0 Loss: 0.39993005438197043
03-17 15:11 INFO     Client: 1 Epoch: 1 Loss: 0.4105159344692384
03-17 15:11 INFO     Client: 1 Epoch: 2 Loss: 0.35738582308253936
03-17 15:11 INFO     Client: 1 Epoch: 3 Loss: 0.33305236504923913
03-17 15:11 INFO     Client: 1 Epoch: 4 Loss: 0.3051340171406346
03-17 15:11 INFO      ** Client: 1 Training complete **
03-17 15:11 INFO     global n_training: 390
03-17 15:11 INFO     global n_test: 79
03-17 15:11 INFO     >> Global Model Train accuracy: 0.5694, Train accuracy top-5: 0.9170
03-17 15:11 INFO     >> Global Model Test accuracy: 0.5576, Test accuracy top-5: 0.9119
03-17 15:11 INFO     >> Global Model Train loss: 1.5174
03-17 15:11 INFO     in comm round:5
03-17 15:11 INFO     Training network 0 n_training: 5000
03-17 15:11 INFO     Training network 0
03-17 15:11 INFO     Client: 0 Epoch: 0 Loss: 0.49923826792301274
03-17 15:11 INFO     Client: 0 Epoch: 1 Loss: 0.4936287517731006
03-17 15:11 INFO     Client: 0 Epoch: 2 Loss: 0.46816768783789414
03-17 15:11 INFO     Client: 0 Epoch: 3 Loss: 0.4146099847096663
03-17 15:11 INFO     Client: 0 Epoch: 4 Loss: 0.39927572088363844
03-17 15:11 INFO      ** Client: 0 Training complete **
03-17 15:11 INFO     Training network 1 n_training: 8000
03-17 15:11 INFO     Training network 1
03-17 15:11 INFO     Client: 1 Epoch: 0 Loss: 0.31528587903707256
03-17 15:11 INFO     Client: 1 Epoch: 1 Loss: 0.324130549546211
03-17 15:11 INFO     Client: 1 Epoch: 2 Loss: 0.2832550791002089
03-17 15:11 INFO     Client: 1 Epoch: 3 Loss: 0.24849432178082004
03-17 15:11 INFO     Client: 1 Epoch: 4 Loss: 0.25753449744755225
03-17 15:11 INFO      ** Client: 1 Training complete **
03-17 15:11 INFO     global n_training: 390
03-17 15:11 INFO     global n_test: 79
03-17 15:11 INFO     >> Global Model Train accuracy: 0.6348, Train accuracy top-5: 0.9352
03-17 15:11 INFO     >> Global Model Test accuracy: 0.6236, Test accuracy top-5: 0.9256
03-17 15:11 INFO     >> Global Model Train loss: 1.3625
03-17 15:11 INFO     in comm round:6
03-17 15:11 INFO     Training network 0 n_training: 5000
03-17 15:11 INFO     Training network 0
03-17 15:11 INFO     Client: 0 Epoch: 0 Loss: 0.38490974291776997
03-17 15:11 INFO     Client: 0 Epoch: 1 Loss: 0.4008576296843015
03-17 15:11 INFO     Client: 0 Epoch: 2 Loss: 0.38497081169715297
03-17 15:11 INFO     Client: 0 Epoch: 3 Loss: 0.3443378611252858
03-17 15:11 INFO     Client: 0 Epoch: 4 Loss: 0.3332170492563492
03-17 15:11 INFO      ** Client: 0 Training complete **
03-17 15:11 INFO     Training network 1 n_training: 8000
03-17 15:11 INFO     Training network 1
03-17 15:11 INFO     Client: 1 Epoch: 0 Loss: 0.2739208672315844
03-17 15:11 INFO     Client: 1 Epoch: 1 Loss: 0.25787565761035486
03-17 15:11 INFO     Client: 1 Epoch: 2 Loss: 0.23047505655596334
03-17 15:12 INFO     Client: 1 Epoch: 3 Loss: 0.2139343528016921
03-17 15:12 INFO     Client: 1 Epoch: 4 Loss: 0.22877911261973843
03-17 15:12 INFO      ** Client: 1 Training complete **
03-17 15:12 INFO     global n_training: 390
03-17 15:12 INFO     global n_test: 79
03-17 15:12 INFO     >> Global Model Train accuracy: 0.6659, Train accuracy top-5: 0.9622
03-17 15:12 INFO     >> Global Model Test accuracy: 0.6589, Test accuracy top-5: 0.9573
03-17 15:12 INFO     >> Global Model Train loss: 1.2514
03-17 15:12 INFO     in comm round:7
03-17 15:12 INFO     Training network 0 n_training: 5000
03-17 15:12 INFO     Training network 0
03-17 15:12 INFO     Client: 0 Epoch: 0 Loss: 0.33011505771905947
03-17 15:12 INFO     Client: 0 Epoch: 1 Loss: 0.31980731510199034
03-17 15:12 INFO     Client: 0 Epoch: 2 Loss: 0.278311000420497
03-17 15:12 INFO     Client: 0 Epoch: 3 Loss: 0.3111443615112549
03-17 15:12 INFO     Client: 0 Epoch: 4 Loss: 0.2755745083857805
03-17 15:12 INFO      ** Client: 0 Training complete **
03-17 15:12 INFO     Training network 1 n_training: 8000
03-17 15:12 INFO     Training network 1
03-17 15:12 INFO     Client: 1 Epoch: 0 Loss: 0.2108559578416809
03-17 15:12 INFO     Client: 1 Epoch: 1 Loss: 0.22929220790824584
03-17 15:12 INFO     Client: 1 Epoch: 2 Loss: 0.1953647539259926
03-17 15:12 INFO     Client: 1 Epoch: 3 Loss: 0.18058969609199033
03-17 15:12 INFO     Client: 1 Epoch: 4 Loss: 0.17282024734923918
03-17 15:12 INFO      ** Client: 1 Training complete **
03-17 15:12 INFO     global n_training: 390
03-17 15:12 INFO     global n_test: 79
03-17 15:12 INFO     >> Global Model Train accuracy: 0.6794, Train accuracy top-5: 0.9704
03-17 15:12 INFO     >> Global Model Test accuracy: 0.6711, Test accuracy top-5: 0.9676
03-17 15:12 INFO     >> Global Model Train loss: 1.2003
03-17 15:12 INFO     in comm round:8
03-17 15:12 INFO     Training network 0 n_training: 5000
03-17 15:12 INFO     Training network 0
03-17 15:12 INFO     Client: 0 Epoch: 0 Loss: 0.2567016058243238
03-17 15:12 INFO     Client: 0 Epoch: 1 Loss: 0.26778938258305574
03-17 15:12 INFO     Client: 0 Epoch: 2 Loss: 0.26764537470462996
03-17 15:12 INFO     Client: 0 Epoch: 3 Loss: 0.23825920201264894
03-17 15:12 INFO     Client: 0 Epoch: 4 Loss: 0.21539055441434568
03-17 15:12 INFO      ** Client: 0 Training complete **
03-17 15:12 INFO     Training network 1 n_training: 8000
03-17 15:12 INFO     Training network 1
03-17 15:12 INFO     Client: 1 Epoch: 0 Loss: 0.1621896937008827
03-17 15:12 INFO     Client: 1 Epoch: 1 Loss: 0.17588334909129527
03-17 15:12 INFO     Client: 1 Epoch: 2 Loss: 0.18124412336657125
03-17 15:12 INFO     Client: 1 Epoch: 3 Loss: 0.15757362808912032
03-17 15:13 INFO     Client: 1 Epoch: 4 Loss: 0.14416660969295808
03-17 15:13 INFO      ** Client: 1 Training complete **
03-17 15:13 INFO     global n_training: 390
03-17 15:13 INFO     global n_test: 79
03-17 15:13 INFO     >> Global Model Train accuracy: 0.7065, Train accuracy top-5: 0.9739
03-17 15:13 INFO     >> Global Model Test accuracy: 0.6880, Test accuracy top-5: 0.9702
03-17 15:13 INFO     >> Global Model Train loss: 1.0911
03-17 15:13 INFO     in comm round:9
03-17 15:13 INFO     Training network 0 n_training: 5000
03-17 15:13 INFO     Training network 0
03-17 15:13 INFO     Client: 0 Epoch: 0 Loss: 0.2029497988331012
03-17 15:13 INFO     Client: 0 Epoch: 1 Loss: 0.19331016544348154
03-17 15:13 INFO     Client: 0 Epoch: 2 Loss: 0.21478727498115638
03-17 15:13 INFO     Client: 0 Epoch: 3 Loss: 0.22643808523813883
03-17 15:13 INFO     Client: 0 Epoch: 4 Loss: 0.19745731124511132
03-17 15:13 INFO      ** Client: 0 Training complete **
03-17 15:13 INFO     Training network 1 n_training: 8000
03-17 15:13 INFO     Training network 1
03-17 15:13 INFO     Client: 1 Epoch: 0 Loss: 0.1303787046382504
03-17 15:13 INFO     Client: 1 Epoch: 1 Loss: 0.14073887563520862
03-17 15:13 INFO     Client: 1 Epoch: 2 Loss: 0.1294935310199376
03-17 15:13 INFO     Client: 1 Epoch: 3 Loss: 0.1253423213718399
03-17 15:13 INFO     Client: 1 Epoch: 4 Loss: 0.11861916712575382
03-17 15:13 INFO      ** Client: 1 Training complete **
03-17 15:13 INFO     global n_training: 390
03-17 15:13 INFO     global n_test: 79
03-17 15:13 INFO     >> Global Model Train accuracy: 0.7168, Train accuracy top-5: 0.9840
03-17 15:13 INFO     >> Global Model Test accuracy: 0.6995, Test accuracy top-5: 0.9800
03-17 15:13 INFO     >> Global Model Train loss: 1.0558
03-17 15:13 INFO     in comm round:10
03-17 15:13 INFO     Training network 0 n_training: 5000
03-17 15:13 INFO     Training network 0
03-17 15:13 INFO     Client: 0 Epoch: 0 Loss: 0.14193086880139816
03-17 15:13 INFO     Client: 0 Epoch: 1 Loss: 0.16789156542374536
03-17 15:13 INFO     Client: 0 Epoch: 2 Loss: 0.1754971710153115
03-17 15:13 INFO     Client: 0 Epoch: 3 Loss: 0.16776511474297598
03-17 15:13 INFO     Client: 0 Epoch: 4 Loss: 0.1488071573086274
03-17 15:13 INFO      ** Client: 0 Training complete **
03-17 15:13 INFO     Training network 1 n_training: 8000
03-17 15:13 INFO     Training network 1
03-17 15:13 INFO     Client: 1 Epoch: 0 Loss: 0.10121806071049744
03-17 15:13 INFO     Client: 1 Epoch: 1 Loss: 0.11345157895477549
03-17 15:13 INFO     Client: 1 Epoch: 2 Loss: 0.12617516175152793
03-17 15:13 INFO     Client: 1 Epoch: 3 Loss: 0.12063155647727751
03-17 15:13 INFO     Client: 1 Epoch: 4 Loss: 0.10512264902072568
03-17 15:13 INFO      ** Client: 1 Training complete **
03-17 15:13 INFO     global n_training: 390
03-17 15:13 INFO     global n_test: 79
03-17 15:14 INFO     >> Global Model Train accuracy: 0.7294, Train accuracy top-5: 0.9850
03-17 15:14 INFO     >> Global Model Test accuracy: 0.7097, Test accuracy top-5: 0.9795
03-17 15:14 INFO     >> Global Model Train loss: 1.0156
03-17 15:14 INFO     in comm round:11
03-17 15:14 INFO     Training network 0 n_training: 5000
03-17 15:14 INFO     Training network 0
03-17 15:14 INFO     Client: 0 Epoch: 0 Loss: 0.12335044346176662
03-17 15:14 INFO     Client: 0 Epoch: 1 Loss: 0.13248268916056707
03-17 15:14 INFO     Client: 0 Epoch: 2 Loss: 0.13425976429612207
03-17 15:14 INFO     Client: 0 Epoch: 3 Loss: 0.1378656220741761
03-17 15:14 INFO     Client: 0 Epoch: 4 Loss: 0.1435596656340819
03-17 15:14 INFO      ** Client: 0 Training complete **
03-17 15:14 INFO     Training network 1 n_training: 8000
03-17 15:14 INFO     Training network 1
03-17 15:14 INFO     Client: 1 Epoch: 0 Loss: 0.08490442178182063
03-17 15:14 INFO     Client: 1 Epoch: 1 Loss: 0.10600169501718014
03-17 15:14 INFO     Client: 1 Epoch: 2 Loss: 0.10424710173280008
03-17 15:14 INFO     Client: 1 Epoch: 3 Loss: 0.07408487535412273
03-17 15:14 INFO     Client: 1 Epoch: 4 Loss: 0.07193553979478536
03-17 15:14 INFO      ** Client: 1 Training complete **
03-17 15:14 INFO     global n_training: 390
03-17 15:14 INFO     global n_test: 79
03-17 15:14 INFO     >> Global Model Train accuracy: 0.7221, Train accuracy top-5: 0.9881
03-17 15:14 INFO     >> Global Model Test accuracy: 0.7034, Test accuracy top-5: 0.9849
03-17 15:14 INFO     >> Global Model Train loss: 1.1089
03-17 15:14 INFO     in comm round:12
03-17 15:14 INFO     Training network 0 n_training: 5000
03-17 15:14 INFO     Training network 0
03-17 15:14 INFO     Client: 0 Epoch: 0 Loss: 0.09231346587722118
03-17 15:14 INFO     Client: 0 Epoch: 1 Loss: 0.11907611166437466
03-17 15:14 INFO     Client: 0 Epoch: 2 Loss: 0.13365258601231453
03-17 15:14 INFO     Client: 0 Epoch: 3 Loss: 0.12280577201491748
03-17 15:14 INFO     Client: 0 Epoch: 4 Loss: 0.12212103290053514
03-17 15:14 INFO      ** Client: 0 Training complete **
03-17 15:14 INFO     Training network 1 n_training: 8000
03-17 15:14 INFO     Training network 1
03-17 15:14 INFO     Client: 1 Epoch: 0 Loss: 0.07444567446626964
03-17 15:14 INFO     Client: 1 Epoch: 1 Loss: 0.08678220578980061
03-17 15:14 INFO     Client: 1 Epoch: 2 Loss: 0.09604038192980713
03-17 15:14 INFO     Client: 1 Epoch: 3 Loss: 0.08049321847577248
03-17 15:14 INFO     Client: 1 Epoch: 4 Loss: 0.08677575370717433
03-17 15:14 INFO      ** Client: 1 Training complete **
03-17 15:14 INFO     global n_training: 390
03-17 15:14 INFO     global n_test: 79
03-17 15:15 INFO     >> Global Model Train accuracy: 0.7557, Train accuracy top-5: 0.9810
03-17 15:15 INFO     >> Global Model Test accuracy: 0.7347, Test accuracy top-5: 0.9770
03-17 15:15 INFO     >> Global Model Train loss: 0.9787
03-17 15:15 INFO     in comm round:13
03-17 15:15 INFO     Training network 0 n_training: 5000
03-17 15:15 INFO     Training network 0
03-17 15:15 INFO     Client: 0 Epoch: 0 Loss: 0.08007107398066765
03-17 15:15 INFO     Client: 0 Epoch: 1 Loss: 0.08594019796985847
03-17 15:15 INFO     Client: 0 Epoch: 2 Loss: 0.0905348519102121
03-17 15:15 INFO     Client: 0 Epoch: 3 Loss: 0.09945973133047421
03-17 15:15 INFO     Client: 0 Epoch: 4 Loss: 0.11121557481013812
03-17 15:15 INFO      ** Client: 0 Training complete **
03-17 15:15 INFO     Training network 1 n_training: 8000
03-17 15:15 INFO     Training network 1
03-17 15:15 INFO     Client: 1 Epoch: 0 Loss: 0.053647837962114045
03-17 15:15 INFO     Client: 1 Epoch: 1 Loss: 0.061763362508387334
03-17 15:15 INFO     Client: 1 Epoch: 2 Loss: 0.046940068759384654
03-17 15:15 INFO     Client: 1 Epoch: 3 Loss: 0.06131697219285753
03-17 15:15 INFO     Client: 1 Epoch: 4 Loss: 0.07263295788077577
03-17 15:15 INFO      ** Client: 1 Training complete **
03-17 15:15 INFO     global n_training: 390
03-17 15:15 INFO     global n_test: 79
03-17 15:15 INFO     >> Global Model Train accuracy: 0.7436, Train accuracy top-5: 0.9866
03-17 15:15 INFO     >> Global Model Test accuracy: 0.7294, Test accuracy top-5: 0.9835
03-17 15:15 INFO     >> Global Model Train loss: 1.0548
03-17 15:15 INFO     in comm round:14
03-17 15:15 INFO     Training network 0 n_training: 5000
03-17 15:15 INFO     Training network 0
03-17 15:15 INFO     Client: 0 Epoch: 0 Loss: 0.06024023245733518
03-17 15:15 INFO     Client: 0 Epoch: 1 Loss: 0.06784729989102253
03-17 15:15 INFO     Client: 0 Epoch: 2 Loss: 0.08841081403004818
03-17 15:15 INFO     Client: 0 Epoch: 3 Loss: 0.10752559309968582
03-17 15:15 INFO     Client: 0 Epoch: 4 Loss: 0.1005139606885421
03-17 15:15 INFO      ** Client: 0 Training complete **
03-17 15:15 INFO     Training network 1 n_training: 8000
03-17 15:15 INFO     Training network 1
03-17 15:15 INFO     Client: 1 Epoch: 0 Loss: 0.040952682870650486
03-17 15:15 INFO     Client: 1 Epoch: 1 Loss: 0.054363323240390705
03-17 15:15 INFO     Client: 1 Epoch: 2 Loss: 0.05582639315135537
03-17 15:15 INFO     Client: 1 Epoch: 3 Loss: 0.04482743363346784
03-17 15:15 INFO     Client: 1 Epoch: 4 Loss: 0.035802694728537914
03-17 15:15 INFO      ** Client: 1 Training complete **
03-17 15:15 INFO     global n_training: 390
03-17 15:15 INFO     global n_test: 79
03-17 15:15 INFO     >> Global Model Train accuracy: 0.7406, Train accuracy top-5: 0.9898
03-17 15:15 INFO     >> Global Model Test accuracy: 0.7174, Test accuracy top-5: 0.9867
03-17 15:15 INFO     >> Global Model Train loss: 1.0851
03-17 15:15 INFO     in comm round:15
03-17 15:15 INFO     Training network 0 n_training: 5000
03-17 15:15 INFO     Training network 0
03-17 15:15 INFO     Client: 0 Epoch: 0 Loss: 0.05259588241386108
03-17 15:16 INFO     Client: 0 Epoch: 1 Loss: 0.04650396294891834
03-17 15:16 INFO     Client: 0 Epoch: 2 Loss: 0.057621194479557186
03-17 15:16 INFO     Client: 0 Epoch: 3 Loss: 0.06291806525908984
03-17 15:16 INFO     Client: 0 Epoch: 4 Loss: 0.07401220767925946
03-17 15:16 INFO      ** Client: 0 Training complete **
03-17 15:16 INFO     Training network 1 n_training: 8000
03-17 15:16 INFO     Training network 1
03-17 15:16 INFO     Client: 1 Epoch: 0 Loss: 0.03306516799925556
03-17 15:16 INFO     Client: 1 Epoch: 1 Loss: 0.030521602129503604
03-17 15:16 INFO     Client: 1 Epoch: 2 Loss: 0.03015326444179781
03-17 15:16 INFO     Client: 1 Epoch: 3 Loss: 0.03820829324409245
03-17 15:16 INFO     Client: 1 Epoch: 4 Loss: 0.041564804990024816
03-17 15:16 INFO      ** Client: 1 Training complete **
03-17 15:16 INFO     global n_training: 390
03-17 15:16 INFO     global n_test: 79
03-17 15:16 INFO     >> Global Model Train accuracy: 0.7742, Train accuracy top-5: 0.9906
03-17 15:16 INFO     >> Global Model Test accuracy: 0.7490, Test accuracy top-5: 0.9881
03-17 15:16 INFO     >> Global Model Train loss: 0.8842
03-17 15:16 INFO     in comm round:16
03-17 15:16 INFO     Training network 0 n_training: 5000
03-17 15:16 INFO     Training network 0
03-17 15:16 INFO     Client: 0 Epoch: 0 Loss: 0.030264579786513097
03-17 15:16 INFO     Client: 0 Epoch: 1 Loss: 0.035759446426079824
03-17 15:16 INFO     Client: 0 Epoch: 2 Loss: 0.04805907332457793
03-17 15:16 INFO     Client: 0 Epoch: 3 Loss: 0.04727781609369394
03-17 15:16 INFO     Client: 0 Epoch: 4 Loss: 0.04072643919155384
03-17 15:16 INFO      ** Client: 0 Training complete **
03-17 15:16 INFO     Training network 1 n_training: 8000
03-17 15:16 INFO     Training network 1
03-17 15:16 INFO     Client: 1 Epoch: 0 Loss: 0.026807910755216595
03-17 15:16 INFO     Client: 1 Epoch: 1 Loss: 0.03232474195500536
03-17 15:16 INFO     Client: 1 Epoch: 2 Loss: 0.03944123039142259
03-17 15:16 INFO     Client: 1 Epoch: 3 Loss: 0.03965204814448953
03-17 15:16 INFO     Client: 1 Epoch: 4 Loss: 0.04044213806909899
03-17 15:16 INFO      ** Client: 1 Training complete **
03-17 15:16 INFO     global n_training: 390
03-17 15:16 INFO     global n_test: 79
03-17 15:16 INFO     >> Global Model Train accuracy: 0.7794, Train accuracy top-5: 0.9913
03-17 15:16 INFO     >> Global Model Test accuracy: 0.7442, Test accuracy top-5: 0.9915
03-17 15:16 INFO     >> Global Model Train loss: 0.8733
03-17 15:16 INFO     in comm round:17
03-17 15:16 INFO     Training network 0 n_training: 5000
03-17 15:16 INFO     Training network 0
03-17 15:16 INFO     Client: 0 Epoch: 0 Loss: 0.040418922304151915
03-17 15:16 INFO     Client: 0 Epoch: 1 Loss: 0.043894390480067484
03-17 15:16 INFO     Client: 0 Epoch: 2 Loss: 0.043021659032465555
03-17 15:16 INFO     Client: 0 Epoch: 3 Loss: 0.04060157238004299
03-17 15:17 INFO     Client: 0 Epoch: 4 Loss: 0.048353392439774975
03-17 15:17 INFO      ** Client: 0 Training complete **
03-17 15:17 INFO     Training network 1 n_training: 8000
03-17 15:17 INFO     Training network 1
03-17 15:17 INFO     Client: 1 Epoch: 0 Loss: 0.030953564335622134
03-17 15:17 INFO     Client: 1 Epoch: 1 Loss: 0.03427759446053495
03-17 15:17 INFO     Client: 1 Epoch: 2 Loss: 0.042716281939177744
03-17 15:17 INFO     Client: 1 Epoch: 3 Loss: 0.03123344867039592
03-17 15:17 INFO     Client: 1 Epoch: 4 Loss: 0.03733439464122057
03-17 15:17 INFO      ** Client: 1 Training complete **
03-17 15:17 INFO     global n_training: 390
03-17 15:17 INFO     global n_test: 79
03-17 15:17 INFO     >> Global Model Train accuracy: 0.7887, Train accuracy top-5: 0.9917
03-17 15:17 INFO     >> Global Model Test accuracy: 0.7611, Test accuracy top-5: 0.9907
03-17 15:17 INFO     >> Global Model Train loss: 0.8194
03-17 15:17 INFO     in comm round:18
03-17 15:17 INFO     Training network 0 n_training: 5000
03-17 15:17 INFO     Training network 0
03-17 15:17 INFO     Client: 0 Epoch: 0 Loss: 0.029304388552331008
03-17 15:17 INFO     Client: 0 Epoch: 1 Loss: 0.023534886109141204
03-17 15:17 INFO     Client: 0 Epoch: 2 Loss: 0.024216577768898927
03-17 15:17 INFO     Client: 0 Epoch: 3 Loss: 0.031258683460645184
03-17 15:17 INFO     Client: 0 Epoch: 4 Loss: 0.0385314374206922
03-17 15:17 INFO      ** Client: 0 Training complete **
03-17 15:17 INFO     Training network 1 n_training: 8000
03-17 15:17 INFO     Training network 1
03-17 15:17 INFO     Client: 1 Epoch: 0 Loss: 0.012795681723453585
03-17 15:17 INFO     Client: 1 Epoch: 1 Loss: 0.011908019198134782
03-17 15:17 INFO     Client: 1 Epoch: 2 Loss: 0.011098717880104818
03-17 15:17 INFO     Client: 1 Epoch: 3 Loss: 0.013741612471940537
03-17 15:17 INFO     Client: 1 Epoch: 4 Loss: 0.012146356431091385
03-17 15:17 INFO      ** Client: 1 Training complete **
03-17 15:17 INFO     global n_training: 390
03-17 15:17 INFO     global n_test: 79
03-17 15:17 INFO     >> Global Model Train accuracy: 0.7999, Train accuracy top-5: 0.9919
03-17 15:17 INFO     >> Global Model Test accuracy: 0.7726, Test accuracy top-5: 0.9900
03-17 15:17 INFO     >> Global Model Train loss: 0.7873
03-17 15:17 INFO     in comm round:19
03-17 15:17 INFO     Training network 0 n_training: 5000
03-17 15:17 INFO     Training network 0
03-17 15:17 INFO     Client: 0 Epoch: 0 Loss: 0.014551590698269697
03-17 15:17 INFO     Client: 0 Epoch: 1 Loss: 0.014571204739742173
03-17 15:17 INFO     Client: 0 Epoch: 2 Loss: 0.01376238752466937
03-17 15:17 INFO     Client: 0 Epoch: 3 Loss: 0.006455062339321161
03-17 15:17 INFO     Client: 0 Epoch: 4 Loss: 0.01270028712371221
03-17 15:17 INFO      ** Client: 0 Training complete **
03-17 15:17 INFO     Training network 1 n_training: 8000
03-17 15:17 INFO     Training network 1
03-17 15:18 INFO     Client: 1 Epoch: 0 Loss: 0.010504706499857767
03-17 15:18 INFO     Client: 1 Epoch: 1 Loss: 0.007746526432569108
03-17 15:18 INFO     Client: 1 Epoch: 2 Loss: 0.006047704782817633
03-17 15:18 INFO     Client: 1 Epoch: 3 Loss: 0.003671821904361188
03-17 15:18 INFO     Client: 1 Epoch: 4 Loss: 0.004229823442836923
03-17 15:18 INFO      ** Client: 1 Training complete **
03-17 15:18 INFO     global n_training: 390
03-17 15:18 INFO     global n_test: 79
03-17 15:18 INFO     >> Global Model Train accuracy: 0.8038, Train accuracy top-5: 0.9917
03-17 15:18 INFO     >> Global Model Test accuracy: 0.7769, Test accuracy top-5: 0.9905
03-17 15:18 INFO     >> Global Model Train loss: 0.7517
03-17 15:18 INFO     in comm round:20
03-17 15:18 INFO     Training network 0 n_training: 5000
03-17 15:18 INFO     Training network 0
03-17 15:18 INFO     Client: 0 Epoch: 0 Loss: 0.006181116329314999
03-17 15:18 INFO     Client: 0 Epoch: 1 Loss: 0.005270747975326884
03-17 15:18 INFO     Client: 0 Epoch: 2 Loss: 0.005373103350090484
03-17 15:18 INFO     Client: 0 Epoch: 3 Loss: 0.010021276933212694
03-17 15:18 INFO     Client: 0 Epoch: 4 Loss: 0.011324900035292674
03-17 15:18 INFO      ** Client: 0 Training complete **
03-17 15:18 INFO     Training network 1 n_training: 8000
03-17 15:18 INFO     Training network 1
03-17 15:18 INFO     Client: 1 Epoch: 0 Loss: 0.006712691926006828
03-17 15:18 INFO     Client: 1 Epoch: 1 Loss: 0.005456290038813266
03-17 15:18 INFO     Client: 1 Epoch: 2 Loss: 0.0047489409945199205
03-17 15:18 INFO     Client: 1 Epoch: 3 Loss: 0.0038995044709618895
03-17 15:18 INFO     Client: 1 Epoch: 4 Loss: 0.004213228874329117
03-17 15:18 INFO      ** Client: 1 Training complete **
03-17 15:18 INFO     global n_training: 390
03-17 15:18 INFO     global n_test: 79
03-17 15:18 INFO     >> Global Model Train accuracy: 0.8141, Train accuracy top-5: 0.9926
03-17 15:18 INFO     >> Global Model Test accuracy: 0.7871, Test accuracy top-5: 0.9909
03-17 15:18 INFO     >> Global Model Train loss: 0.7205
03-17 15:18 INFO     in comm round:21
03-17 15:18 INFO     Training network 0 n_training: 5000
03-17 15:18 INFO     Training network 0
03-17 15:18 INFO     Client: 0 Epoch: 0 Loss: 0.010071984181801477
03-17 15:18 INFO     Client: 0 Epoch: 1 Loss: 0.008523806237066403
03-17 15:18 INFO     Client: 0 Epoch: 2 Loss: 0.007662889105864825
03-17 15:18 INFO     Client: 0 Epoch: 3 Loss: 0.008656530763404682
03-17 15:18 INFO     Client: 0 Epoch: 4 Loss: 0.01593287932710388
03-17 15:18 INFO      ** Client: 0 Training complete **
03-17 15:18 INFO     Training network 1 n_training: 8000
03-17 15:18 INFO     Training network 1
03-17 15:18 INFO     Client: 1 Epoch: 0 Loss: 0.004417486594907279
03-17 15:18 INFO     Client: 1 Epoch: 1 Loss: 0.003897595089755111
03-17 15:19 INFO     Client: 1 Epoch: 2 Loss: 0.0033723893857020284
03-17 15:19 INFO     Client: 1 Epoch: 3 Loss: 0.002611580207162807
03-17 15:19 INFO     Client: 1 Epoch: 4 Loss: 0.0028899198148264397
03-17 15:19 INFO      ** Client: 1 Training complete **
03-17 15:19 INFO     global n_training: 390
03-17 15:19 INFO     global n_test: 79
03-17 15:19 INFO     >> Global Model Train accuracy: 0.8174, Train accuracy top-5: 0.9924
03-17 15:19 INFO     >> Global Model Test accuracy: 0.7886, Test accuracy top-5: 0.9913
03-17 15:19 INFO     >> Global Model Train loss: 0.7090
03-17 15:19 INFO     in comm round:22
03-17 15:19 INFO     Training network 0 n_training: 5000
03-17 15:19 INFO     Training network 0
03-17 15:19 INFO     Client: 0 Epoch: 0 Loss: 0.0070271475019697575
03-17 15:19 INFO     Client: 0 Epoch: 1 Loss: 0.006761320209942567
03-17 15:19 INFO     Client: 0 Epoch: 2 Loss: 0.007445312063329113
03-17 15:19 INFO     Client: 0 Epoch: 3 Loss: 0.007569081526106367
03-17 15:19 INFO     Client: 0 Epoch: 4 Loss: 0.005127615538628724
03-17 15:19 INFO      ** Client: 0 Training complete **
03-17 15:19 INFO     Training network 1 n_training: 8000
03-17 15:19 INFO     Training network 1
03-17 15:19 INFO     Client: 1 Epoch: 0 Loss: 0.006499283768672256
03-17 15:19 INFO     Client: 1 Epoch: 1 Loss: 0.007778492184438472
03-17 15:19 INFO     Client: 1 Epoch: 2 Loss: 0.004761804328037186
03-17 15:19 INFO     Client: 1 Epoch: 3 Loss: 0.0049134111116384905
03-17 15:19 INFO     Client: 1 Epoch: 4 Loss: 0.004022902512412158
03-17 15:19 INFO      ** Client: 1 Training complete **
03-17 15:19 INFO     global n_training: 390
03-17 15:19 INFO     global n_test: 79
03-17 15:19 INFO     >> Global Model Train accuracy: 0.8217, Train accuracy top-5: 0.9922
03-17 15:19 INFO     >> Global Model Test accuracy: 0.7875, Test accuracy top-5: 0.9907
03-17 15:19 INFO     >> Global Model Train loss: 0.6947
03-17 15:19 INFO     in comm round:23
03-17 15:19 INFO     Training network 0 n_training: 5000
03-17 15:19 INFO     Training network 0
03-17 15:19 INFO     Client: 0 Epoch: 0 Loss: 0.004919312768973983
03-17 15:19 INFO     Client: 0 Epoch: 1 Loss: 0.004497352997975376
03-17 15:19 INFO     Client: 0 Epoch: 2 Loss: 0.006625890093019757
03-17 15:19 INFO     Client: 0 Epoch: 3 Loss: 0.008715796323182682
03-17 15:19 INFO     Client: 0 Epoch: 4 Loss: 0.005308688134671404
03-17 15:19 INFO      ** Client: 0 Training complete **
03-17 15:19 INFO     Training network 1 n_training: 8000
03-17 15:19 INFO     Training network 1
03-17 15:19 INFO     Client: 1 Epoch: 0 Loss: 0.0031295682035101156
03-17 15:19 INFO     Client: 1 Epoch: 1 Loss: 0.004133701338075973
03-17 15:19 INFO     Client: 1 Epoch: 2 Loss: 0.0026459690848095042
03-17 15:20 INFO     Client: 1 Epoch: 3 Loss: 0.0023933616607645226
03-17 15:20 INFO     Client: 1 Epoch: 4 Loss: 0.0030069639723214713
03-17 15:20 INFO      ** Client: 1 Training complete **
03-17 15:20 INFO     global n_training: 390
03-17 15:20 INFO     global n_test: 79
03-17 15:20 INFO     >> Global Model Train accuracy: 0.8252, Train accuracy top-5: 0.9923
03-17 15:20 INFO     >> Global Model Test accuracy: 0.7884, Test accuracy top-5: 0.9905
03-17 15:20 INFO     >> Global Model Train loss: 0.6907
03-17 15:20 INFO     in comm round:24
03-17 15:20 INFO     Training network 0 n_training: 5000
03-17 15:20 INFO     Training network 0
03-17 15:20 INFO     Client: 0 Epoch: 0 Loss: 0.004068816655303518
03-17 15:20 INFO     Client: 0 Epoch: 1 Loss: 0.002465234685820551
03-17 15:20 INFO     Client: 0 Epoch: 2 Loss: 0.004093774874957326
03-17 15:20 INFO     Client: 0 Epoch: 3 Loss: 0.0030589384185030865
03-17 15:20 INFO     Client: 0 Epoch: 4 Loss: 0.002247000035519401
03-17 15:20 INFO      ** Client: 0 Training complete **
03-17 15:20 INFO     Training network 1 n_training: 8000
03-17 15:20 INFO     Training network 1
03-17 15:20 INFO     Client: 1 Epoch: 0 Loss: 0.0033738724540002766
03-17 15:20 INFO     Client: 1 Epoch: 1 Loss: 0.0025732747228410574
03-17 15:20 INFO     Client: 1 Epoch: 2 Loss: 0.002382359622354289
03-17 15:20 INFO     Client: 1 Epoch: 3 Loss: 0.002587122313636956
03-17 15:20 INFO     Client: 1 Epoch: 4 Loss: 0.002208362784116499
03-17 15:20 INFO      ** Client: 1 Training complete **
03-17 15:20 INFO     global n_training: 390
03-17 15:20 INFO     global n_test: 79
03-17 15:20 INFO     >> Global Model Train accuracy: 0.8331, Train accuracy top-5: 0.9930
03-17 15:20 INFO     >> Global Model Test accuracy: 0.8019, Test accuracy top-5: 0.9910
03-17 15:20 INFO     >> Global Model Train loss: 0.6496
03-17 15:20 INFO     in comm round:25
03-17 15:20 INFO     Training network 0 n_training: 5000
03-17 15:20 INFO     Training network 0
03-17 15:20 INFO     Client: 0 Epoch: 0 Loss: 0.002969330158801033
03-17 15:20 INFO     Client: 0 Epoch: 1 Loss: 0.0025781122400449254
03-17 15:20 INFO     Client: 0 Epoch: 2 Loss: 0.0018921144909631365
03-17 15:20 INFO     Client: 0 Epoch: 3 Loss: 0.001962019545503725
03-17 15:20 INFO     Client: 0 Epoch: 4 Loss: 0.0016490030788983672
03-17 15:20 INFO      ** Client: 0 Training complete **
03-17 15:20 INFO     Training network 1 n_training: 8000
03-17 15:20 INFO     Training network 1
03-17 15:20 INFO     Client: 1 Epoch: 0 Loss: 0.002628437364511492
03-17 15:20 INFO     Client: 1 Epoch: 1 Loss: 0.0027689667105967658
03-17 15:20 INFO     Client: 1 Epoch: 2 Loss: 0.001993382514844979
03-17 15:20 INFO     Client: 1 Epoch: 3 Loss: 0.0017826820164167834
03-17 15:21 INFO     Client: 1 Epoch: 4 Loss: 0.001652194585579808
03-17 15:21 INFO      ** Client: 1 Training complete **
03-17 15:21 INFO     global n_training: 390
03-17 15:21 INFO     global n_test: 79
03-17 15:21 INFO     >> Global Model Train accuracy: 0.8359, Train accuracy top-5: 0.9925
03-17 15:21 INFO     >> Global Model Test accuracy: 0.8057, Test accuracy top-5: 0.9909
03-17 15:21 INFO     >> Global Model Train loss: 0.6429
03-17 15:21 INFO     in comm round:26
03-17 15:21 INFO     Training network 0 n_training: 5000
03-17 15:21 INFO     Training network 0
03-17 15:21 INFO     Client: 0 Epoch: 0 Loss: 0.0028710935820037355
03-17 15:21 INFO     Client: 0 Epoch: 1 Loss: 0.002095746015234349
03-17 15:21 INFO     Client: 0 Epoch: 2 Loss: 0.0022247315717275995
03-17 15:21 INFO     Client: 0 Epoch: 3 Loss: 0.0017519636864726169
03-17 15:21 INFO     Client: 0 Epoch: 4 Loss: 0.002472846201644876
03-17 15:21 INFO      ** Client: 0 Training complete **
03-17 15:21 INFO     Training network 1 n_training: 8000
03-17 15:21 INFO     Training network 1
03-17 15:21 INFO     Client: 1 Epoch: 0 Loss: 0.0020621937099701516
03-17 15:21 INFO     Client: 1 Epoch: 1 Loss: 0.0015743324897372194
03-17 15:21 INFO     Client: 1 Epoch: 2 Loss: 0.0014535227096677127
03-17 15:21 INFO     Client: 1 Epoch: 3 Loss: 0.0013041543387507478
03-17 15:21 INFO     Client: 1 Epoch: 4 Loss: 0.0024438178914997187
03-17 15:21 INFO      ** Client: 1 Training complete **
03-17 15:21 INFO     global n_training: 390
03-17 15:21 INFO     global n_test: 79
03-17 15:21 INFO     >> Global Model Train accuracy: 0.8353, Train accuracy top-5: 0.9924
03-17 15:21 INFO     >> Global Model Test accuracy: 0.8026, Test accuracy top-5: 0.9904
03-17 15:21 INFO     >> Global Model Train loss: 0.6380
03-17 15:21 INFO     in comm round:27
03-17 15:21 INFO     Training network 0 n_training: 5000
03-17 15:21 INFO     Training network 0
03-17 15:21 INFO     Client: 0 Epoch: 0 Loss: 0.002312445930259016
03-17 15:21 INFO     Client: 0 Epoch: 1 Loss: 0.002012381527889281
03-17 15:21 INFO     Client: 0 Epoch: 2 Loss: 0.0024230543297166242
03-17 15:21 INFO     Client: 0 Epoch: 3 Loss: 0.0019083894342960168
03-17 15:21 INFO     Client: 0 Epoch: 4 Loss: 0.0013931502277652423
03-17 15:21 INFO      ** Client: 0 Training complete **
03-17 15:21 INFO     Training network 1 n_training: 8000
03-17 15:21 INFO     Training network 1
03-17 15:21 INFO     Client: 1 Epoch: 0 Loss: 0.0022943076046724473
03-17 15:21 INFO     Client: 1 Epoch: 1 Loss: 0.0016427117093811712
03-17 15:21 INFO     Client: 1 Epoch: 2 Loss: 0.0016922909633121303
03-17 15:21 INFO     Client: 1 Epoch: 3 Loss: 0.001053350018112049
03-17 15:21 INFO     Client: 1 Epoch: 4 Loss: 0.0012074623467220413
03-17 15:21 INFO      ** Client: 1 Training complete **
03-17 15:21 INFO     global n_training: 390
03-17 15:21 INFO     global n_test: 79
03-17 15:22 INFO     >> Global Model Train accuracy: 0.8372, Train accuracy top-5: 0.9924
03-17 15:22 INFO     >> Global Model Test accuracy: 0.8066, Test accuracy top-5: 0.9908
03-17 15:22 INFO     >> Global Model Train loss: 0.6334
03-17 15:22 INFO     in comm round:28
03-17 15:22 INFO     Training network 0 n_training: 5000
03-17 15:22 INFO     Training network 0
03-17 15:22 INFO     Client: 0 Epoch: 0 Loss: 0.0020540606712576193
03-17 15:22 INFO     Client: 0 Epoch: 1 Loss: 0.0018628969749746223
03-17 15:22 INFO     Client: 0 Epoch: 2 Loss: 0.0012756555679982577
03-17 15:22 INFO     Client: 0 Epoch: 3 Loss: 0.0018808849369330953
03-17 15:22 INFO     Client: 0 Epoch: 4 Loss: 0.0017124658908683043
03-17 15:22 INFO      ** Client: 0 Training complete **
03-17 15:22 INFO     Training network 1 n_training: 8000
03-17 15:22 INFO     Training network 1
03-17 15:22 INFO     Client: 1 Epoch: 0 Loss: 0.0019966485819050803
03-17 15:22 INFO     Client: 1 Epoch: 1 Loss: 0.0018358182095389271
03-17 15:22 INFO     Client: 1 Epoch: 2 Loss: 0.001497851344362472
03-17 15:22 INFO     Client: 1 Epoch: 3 Loss: 0.0016296332567787518
03-17 15:22 INFO     Client: 1 Epoch: 4 Loss: 0.0011470107673366944
03-17 15:22 INFO      ** Client: 1 Training complete **
03-17 15:22 INFO     global n_training: 390
03-17 15:22 INFO     global n_test: 79
03-17 15:22 INFO     >> Global Model Train accuracy: 0.8363, Train accuracy top-5: 0.9927
03-17 15:22 INFO     >> Global Model Test accuracy: 0.8023, Test accuracy top-5: 0.9910
03-17 15:22 INFO     >> Global Model Train loss: 0.6400
03-17 15:22 INFO     in comm round:29
03-17 15:22 INFO     Training network 0 n_training: 5000
03-17 15:22 INFO     Training network 0
03-17 15:22 INFO     Client: 0 Epoch: 0 Loss: 0.002802961455204357
03-17 15:22 INFO     Client: 0 Epoch: 1 Loss: 0.001770873276445155
03-17 15:22 INFO     Client: 0 Epoch: 2 Loss: 0.001594746306252021
03-17 15:22 INFO     Client: 0 Epoch: 3 Loss: 0.0014624441108212639
03-17 15:22 INFO     Client: 0 Epoch: 4 Loss: 0.00251515640784652
03-17 15:22 INFO      ** Client: 0 Training complete **
03-17 15:22 INFO     Training network 1 n_training: 8000
03-17 15:22 INFO     Training network 1
03-17 15:22 INFO     Client: 1 Epoch: 0 Loss: 0.0018193422996949766
03-17 15:22 INFO     Client: 1 Epoch: 1 Loss: 0.0013197385377415845
03-17 15:22 INFO     Client: 1 Epoch: 2 Loss: 0.0013212630001362413
03-17 15:22 INFO     Client: 1 Epoch: 3 Loss: 0.001341972288378935
03-17 15:22 INFO     Client: 1 Epoch: 4 Loss: 0.0014271863483666112
03-17 15:22 INFO      ** Client: 1 Training complete **
03-17 15:22 INFO     global n_training: 390
03-17 15:22 INFO     global n_test: 79
03-17 15:23 INFO     >> Global Model Train accuracy: 0.8385, Train accuracy top-5: 0.9924
03-17 15:23 INFO     >> Global Model Test accuracy: 0.8052, Test accuracy top-5: 0.9904
03-17 15:23 INFO     >> Global Model Train loss: 0.6316
03-17 15:23 INFO     in comm round:30
03-17 15:23 INFO     Training network 0 n_training: 5000
03-17 15:23 INFO     Training network 0
03-17 15:23 INFO     Client: 0 Epoch: 0 Loss: 0.0022990485393585493
03-17 15:23 INFO     Client: 0 Epoch: 1 Loss: 0.0017665631767625038
03-17 15:23 INFO     Client: 0 Epoch: 2 Loss: 0.0014447056798813625
03-17 15:23 INFO     Client: 0 Epoch: 3 Loss: 0.001933927859705037
03-17 15:23 INFO     Client: 0 Epoch: 4 Loss: 0.0014726482689953768
03-17 15:23 INFO      ** Client: 0 Training complete **
03-17 15:23 INFO     Training network 1 n_training: 8000
03-17 15:23 INFO     Training network 1
03-17 15:23 INFO     Client: 1 Epoch: 0 Loss: 0.00164245524595777
03-17 15:23 INFO     Client: 1 Epoch: 1 Loss: 0.0014086137051626498
03-17 15:23 INFO     Client: 1 Epoch: 2 Loss: 0.0012345639815095873
03-17 15:23 INFO     Client: 1 Epoch: 3 Loss: 0.0012059129742650135
03-17 15:23 INFO     Client: 1 Epoch: 4 Loss: 0.000950679573091498
03-17 15:23 INFO      ** Client: 1 Training complete **
03-17 15:23 INFO     global n_training: 390
03-17 15:23 INFO     global n_test: 79
03-17 15:23 INFO     >> Global Model Train accuracy: 0.8426, Train accuracy top-5: 0.9924
03-17 15:23 INFO     >> Global Model Test accuracy: 0.8080, Test accuracy top-5: 0.9910
03-17 15:23 INFO     >> Global Model Train loss: 0.6117
03-17 15:23 INFO     in comm round:31
03-17 15:23 INFO     Training network 0 n_training: 5000
03-17 15:23 INFO     Training network 0
03-17 15:23 INFO     Client: 0 Epoch: 0 Loss: 0.002140952414498688
03-17 15:23 INFO     Client: 0 Epoch: 1 Loss: 0.0016465300309041946
03-17 15:23 INFO     Client: 0 Epoch: 2 Loss: 0.0016761481469401564
03-17 15:23 INFO     Client: 0 Epoch: 3 Loss: 0.0015341770403887122
03-17 15:23 INFO     Client: 0 Epoch: 4 Loss: 0.0015241499081289826
03-17 15:23 INFO      ** Client: 0 Training complete **
03-17 15:23 INFO     Training network 1 n_training: 8000
03-17 15:23 INFO     Training network 1
03-17 15:23 INFO     Client: 1 Epoch: 0 Loss: 0.0015744479174064773
03-17 15:23 INFO     Client: 1 Epoch: 1 Loss: 0.0014217910755823756
03-17 15:23 INFO     Client: 1 Epoch: 2 Loss: 0.0015761065118450432
03-17 15:23 INFO     Client: 1 Epoch: 3 Loss: 0.0012283011052321882
03-17 15:23 INFO     Client: 1 Epoch: 4 Loss: 0.001151758114687137
03-17 15:23 INFO      ** Client: 1 Training complete **
03-17 15:23 INFO     global n_training: 390
03-17 15:23 INFO     global n_test: 79
03-17 15:23 INFO     >> Global Model Train accuracy: 0.8425, Train accuracy top-5: 0.9926
03-17 15:23 INFO     >> Global Model Test accuracy: 0.8083, Test accuracy top-5: 0.9904
03-17 15:23 INFO     >> Global Model Train loss: 0.6100
03-17 15:23 INFO     in comm round:32
03-17 15:23 INFO     Training network 0 n_training: 5000
03-17 15:23 INFO     Training network 0
03-17 15:23 INFO     Client: 0 Epoch: 0 Loss: 0.0018223214354246664
03-17 15:24 INFO     Client: 0 Epoch: 1 Loss: 0.0013789741594033937
03-17 15:24 INFO     Client: 0 Epoch: 2 Loss: 0.0017731970426841425
03-17 15:24 INFO     Client: 0 Epoch: 3 Loss: 0.001399410949745335
03-17 15:24 INFO     Client: 0 Epoch: 4 Loss: 0.0013076011666084807
03-17 15:24 INFO      ** Client: 0 Training complete **
03-17 15:24 INFO     Training network 1 n_training: 8000
03-17 15:24 INFO     Training network 1
03-17 15:24 INFO     Client: 1 Epoch: 0 Loss: 0.001391638374526895
03-17 15:24 INFO     Client: 1 Epoch: 1 Loss: 0.0013809931960197227
03-17 15:24 INFO     Client: 1 Epoch: 2 Loss: 0.001351663718401875
03-17 15:24 INFO     Client: 1 Epoch: 3 Loss: 0.0011727626181034852
03-17 15:24 INFO     Client: 1 Epoch: 4 Loss: 0.001425308472525719
03-17 15:24 INFO      ** Client: 1 Training complete **
03-17 15:24 INFO     global n_training: 390
03-17 15:24 INFO     global n_test: 79
03-17 15:24 INFO     >> Global Model Train accuracy: 0.8426, Train accuracy top-5: 0.9927
03-17 15:24 INFO     >> Global Model Test accuracy: 0.8108, Test accuracy top-5: 0.9910
03-17 15:24 INFO     >> Global Model Train loss: 0.6076
03-17 15:24 INFO     in comm round:33
03-17 15:24 INFO     Training network 0 n_training: 5000
03-17 15:24 INFO     Training network 0
03-17 15:24 INFO     Client: 0 Epoch: 0 Loss: 0.0018962641330197072
03-17 15:24 INFO     Client: 0 Epoch: 1 Loss: 0.0016288521508566844
03-17 15:24 INFO     Client: 0 Epoch: 2 Loss: 0.0013355550144273692
03-17 15:24 INFO     Client: 0 Epoch: 3 Loss: 0.0016519165917251927
03-17 15:24 INFO     Client: 0 Epoch: 4 Loss: 0.0015584691778386538
03-17 15:24 INFO      ** Client: 0 Training complete **
03-17 15:24 INFO     Training network 1 n_training: 8000
03-17 15:24 INFO     Training network 1
03-17 15:24 INFO     Client: 1 Epoch: 0 Loss: 0.001449358657531951
03-17 15:24 INFO     Client: 1 Epoch: 1 Loss: 0.0012854446315266673
03-17 15:24 INFO     Client: 1 Epoch: 2 Loss: 0.0011446019606439458
03-17 15:24 INFO     Client: 1 Epoch: 3 Loss: 0.00112041074270007
03-17 15:24 INFO     Client: 1 Epoch: 4 Loss: 0.0009246878598200818
03-17 15:24 INFO      ** Client: 1 Training complete **
03-17 15:24 INFO     global n_training: 390
03-17 15:24 INFO     global n_test: 79
03-17 15:24 INFO     >> Global Model Train accuracy: 0.8453, Train accuracy top-5: 0.9929
03-17 15:24 INFO     >> Global Model Test accuracy: 0.8141, Test accuracy top-5: 0.9909
03-17 15:24 INFO     >> Global Model Train loss: 0.5940
03-17 15:24 INFO     in comm round:34
03-17 15:24 INFO     Training network 0 n_training: 5000
03-17 15:24 INFO     Training network 0
03-17 15:24 INFO     Client: 0 Epoch: 0 Loss: 0.0014461705338759108
03-17 15:24 INFO     Client: 0 Epoch: 1 Loss: 0.001470355418486855
03-17 15:24 INFO     Client: 0 Epoch: 2 Loss: 0.001253748011852925
03-17 15:25 INFO     Client: 0 Epoch: 3 Loss: 0.0013206162645171087
03-17 15:25 INFO     Client: 0 Epoch: 4 Loss: 0.0011632807943850565
03-17 15:25 INFO      ** Client: 0 Training complete **
03-17 15:25 INFO     Training network 1 n_training: 8000
03-17 15:25 INFO     Training network 1
03-17 15:25 INFO     Client: 1 Epoch: 0 Loss: 0.0015167720337030328
03-17 15:25 INFO     Client: 1 Epoch: 1 Loss: 0.0011929776463206977
03-17 15:25 INFO     Client: 1 Epoch: 2 Loss: 0.0011308127234975296
03-17 15:25 INFO     Client: 1 Epoch: 3 Loss: 0.0010417001059038504
03-17 15:25 INFO     Client: 1 Epoch: 4 Loss: 0.0011366080612905563
03-17 15:25 INFO      ** Client: 1 Training complete **
03-17 15:25 INFO     global n_training: 390
03-17 15:25 INFO     global n_test: 79
03-17 15:25 INFO     >> Global Model Train accuracy: 0.8469, Train accuracy top-5: 0.9929
03-17 15:25 INFO     >> Global Model Test accuracy: 0.8146, Test accuracy top-5: 0.9906
03-17 15:25 INFO     >> Global Model Train loss: 0.5905
03-17 15:25 INFO     in comm round:35
03-17 15:25 INFO     Training network 0 n_training: 5000
03-17 15:25 INFO     Training network 0
03-17 15:25 INFO     Client: 0 Epoch: 0 Loss: 0.0020932666584252357
03-17 15:25 INFO     Client: 0 Epoch: 1 Loss: 0.0016848044387864857
03-17 15:25 INFO     Client: 0 Epoch: 2 Loss: 0.001504626400464286
03-17 15:25 INFO     Client: 0 Epoch: 3 Loss: 0.001414396914277369
03-17 15:25 INFO     Client: 0 Epoch: 4 Loss: 0.0013401985828143854
03-17 15:25 INFO      ** Client: 0 Training complete **
03-17 15:25 INFO     Training network 1 n_training: 8000
03-17 15:25 INFO     Training network 1
03-17 15:25 INFO     Client: 1 Epoch: 0 Loss: 0.0015547937735156607
03-17 15:25 INFO     Client: 1 Epoch: 1 Loss: 0.0014459173924537495
03-17 15:25 INFO     Client: 1 Epoch: 2 Loss: 0.0011451668106019497
03-17 15:25 INFO     Client: 1 Epoch: 3 Loss: 0.0011220869177298982
03-17 15:25 INFO     Client: 1 Epoch: 4 Loss: 0.0011660652854780277
03-17 15:25 INFO      ** Client: 1 Training complete **
03-17 15:25 INFO     global n_training: 390
03-17 15:25 INFO     global n_test: 79
03-17 15:25 INFO     >> Global Model Train accuracy: 0.8450, Train accuracy top-5: 0.9927
03-17 15:25 INFO     >> Global Model Test accuracy: 0.8108, Test accuracy top-5: 0.9907
03-17 15:25 INFO     >> Global Model Train loss: 0.5922
03-17 15:25 INFO     in comm round:36
03-17 15:25 INFO     Training network 0 n_training: 5000
03-17 15:25 INFO     Training network 0
03-17 15:25 INFO     Client: 0 Epoch: 0 Loss: 0.0017992342443157656
03-17 15:25 INFO     Client: 0 Epoch: 1 Loss: 0.0012857182076773965
03-17 15:25 INFO     Client: 0 Epoch: 2 Loss: 0.00147461786848278
03-17 15:25 INFO     Client: 0 Epoch: 3 Loss: 0.0018825704091562866
03-17 15:25 INFO     Client: 0 Epoch: 4 Loss: 0.001294260338629381
03-17 15:25 INFO      ** Client: 0 Training complete **
03-17 15:25 INFO     Training network 1 n_training: 8000
03-17 15:25 INFO     Training network 1
03-17 15:26 INFO     Client: 1 Epoch: 0 Loss: 0.001417538826635498
03-17 15:26 INFO     Client: 1 Epoch: 1 Loss: 0.0013021197937045908
03-17 15:26 INFO     Client: 1 Epoch: 2 Loss: 0.0012653432791158857
03-17 15:26 INFO     Client: 1 Epoch: 3 Loss: 0.0010235024228384118
03-17 15:26 INFO     Client: 1 Epoch: 4 Loss: 0.0010904651050711231
03-17 15:26 INFO      ** Client: 1 Training complete **
03-17 15:26 INFO     global n_training: 390
03-17 15:26 INFO     global n_test: 79
03-17 15:26 INFO     >> Global Model Train accuracy: 0.8481, Train accuracy top-5: 0.9923
03-17 15:26 INFO     >> Global Model Test accuracy: 0.8161, Test accuracy top-5: 0.9905
03-17 15:26 INFO     >> Global Model Train loss: 0.5870
03-17 15:26 INFO     in comm round:37
03-17 15:26 INFO     Training network 0 n_training: 5000
03-17 15:26 INFO     Training network 0
03-17 15:26 INFO     Client: 0 Epoch: 0 Loss: 0.0015661030013758976
03-17 15:26 INFO     Client: 0 Epoch: 1 Loss: 0.001372408365102437
03-17 15:26 INFO     Client: 0 Epoch: 2 Loss: 0.0012964893263788559
03-17 15:26 INFO     Client: 0 Epoch: 3 Loss: 0.0012352970833233439
03-17 15:26 INFO     Client: 0 Epoch: 4 Loss: 0.0010972532969063674
03-17 15:26 INFO      ** Client: 0 Training complete **
03-17 15:26 INFO     Training network 1 n_training: 8000
03-17 15:26 INFO     Training network 1
03-17 15:26 INFO     Client: 1 Epoch: 0 Loss: 0.001302591411419393
03-17 15:26 INFO     Client: 1 Epoch: 1 Loss: 0.001370930367322158
03-17 15:26 INFO     Client: 1 Epoch: 2 Loss: 0.001547585292193558
03-17 15:26 INFO     Client: 1 Epoch: 3 Loss: 0.0010235285618334948
03-17 15:26 INFO     Client: 1 Epoch: 4 Loss: 0.001024446280714455
03-17 15:26 INFO      ** Client: 1 Training complete **
03-17 15:26 INFO     global n_training: 390
03-17 15:26 INFO     global n_test: 79
03-17 15:26 INFO     >> Global Model Train accuracy: 0.8466, Train accuracy top-5: 0.9930
03-17 15:26 INFO     >> Global Model Test accuracy: 0.8151, Test accuracy top-5: 0.9907
03-17 15:26 INFO     >> Global Model Train loss: 0.5853
03-17 15:26 INFO     in comm round:38
03-17 15:26 INFO     Training network 0 n_training: 5000
03-17 15:26 INFO     Training network 0
03-17 15:26 INFO     Client: 0 Epoch: 0 Loss: 0.0015736026898360788
03-17 15:26 INFO     Client: 0 Epoch: 1 Loss: 0.0011999478745751847
03-17 15:26 INFO     Client: 0 Epoch: 2 Loss: 0.0012232419580985338
03-17 15:26 INFO     Client: 0 Epoch: 3 Loss: 0.0012255856000149671
03-17 15:26 INFO     Client: 0 Epoch: 4 Loss: 0.0013090569036415755
03-17 15:26 INFO      ** Client: 0 Training complete **
03-17 15:26 INFO     Training network 1 n_training: 8000
03-17 15:26 INFO     Training network 1
03-17 15:26 INFO     Client: 1 Epoch: 0 Loss: 0.0012910491796285515
03-17 15:27 INFO     Client: 1 Epoch: 1 Loss: 0.0013541499431613052
03-17 15:27 INFO     Client: 1 Epoch: 2 Loss: 0.001300756845364137
03-17 15:27 INFO     Client: 1 Epoch: 3 Loss: 0.001061582621449845
03-17 15:27 INFO     Client: 1 Epoch: 4 Loss: 0.0011250560937990104
03-17 15:27 INFO      ** Client: 1 Training complete **
03-17 15:27 INFO     global n_training: 390
03-17 15:27 INFO     global n_test: 79
03-17 15:27 INFO     >> Global Model Train accuracy: 0.8487, Train accuracy top-5: 0.9926
03-17 15:27 INFO     >> Global Model Test accuracy: 0.8177, Test accuracy top-5: 0.9905
03-17 15:27 INFO     >> Global Model Train loss: 0.5752
03-17 15:27 INFO     in comm round:39
03-17 15:27 INFO     Training network 0 n_training: 5000
03-17 15:27 INFO     Training network 0
03-17 15:27 INFO     Client: 0 Epoch: 0 Loss: 0.0017868516659244704
03-17 15:27 INFO     Client: 0 Epoch: 1 Loss: 0.0016981700080064817
03-17 15:27 INFO     Client: 0 Epoch: 2 Loss: 0.0016041370362449342
03-17 15:27 INFO     Client: 0 Epoch: 3 Loss: 0.0013869463955649198
03-17 15:27 INFO     Client: 0 Epoch: 4 Loss: 0.0014190726409045358
03-17 15:27 INFO      ** Client: 0 Training complete **
03-17 15:27 INFO     Training network 1 n_training: 8000
03-17 15:27 INFO     Training network 1
03-17 15:27 INFO     Client: 1 Epoch: 0 Loss: 0.0012059456433147011
03-17 15:27 INFO     Client: 1 Epoch: 1 Loss: 0.0012121739850807635
03-17 15:27 INFO     Client: 1 Epoch: 2 Loss: 0.0011929659062110249
03-17 15:27 INFO     Client: 1 Epoch: 3 Loss: 0.0012239513382683658
03-17 15:27 INFO     Client: 1 Epoch: 4 Loss: 0.0012690731405933958
03-17 15:27 INFO      ** Client: 1 Training complete **
03-17 15:27 INFO     global n_training: 390
03-17 15:27 INFO     global n_test: 79
03-17 15:27 INFO     >> Global Model Train accuracy: 0.8490, Train accuracy top-5: 0.9931
03-17 15:27 INFO     >> Global Model Test accuracy: 0.8156, Test accuracy top-5: 0.9906
03-17 15:27 INFO     >> Global Model Train loss: 0.5777
03-17 15:27 INFO     in comm round:40
03-17 15:27 INFO     Training network 0 n_training: 5000
03-17 15:27 INFO     Training network 0
03-17 15:27 INFO     Client: 0 Epoch: 0 Loss: 0.0015555337095298828
03-17 15:27 INFO     Client: 0 Epoch: 1 Loss: 0.001412867714698689
03-17 15:27 INFO     Client: 0 Epoch: 2 Loss: 0.001604688194138595
03-17 15:27 INFO     Client: 0 Epoch: 3 Loss: 0.0014630969567522884
03-17 15:27 INFO     Client: 0 Epoch: 4 Loss: 0.0013898339432974656
03-17 15:27 INFO      ** Client: 0 Training complete **
03-17 15:27 INFO     Training network 1 n_training: 8000
03-17 15:27 INFO     Training network 1
03-17 15:27 INFO     Client: 1 Epoch: 0 Loss: 0.0013787197399764291
03-17 15:27 INFO     Client: 1 Epoch: 1 Loss: 0.001310087249880927
03-17 15:27 INFO     Client: 1 Epoch: 2 Loss: 0.001185516771886708
03-17 15:28 INFO     Client: 1 Epoch: 3 Loss: 0.0014123530619995549
03-17 15:28 INFO     Client: 1 Epoch: 4 Loss: 0.0011382517911824248
03-17 15:28 INFO      ** Client: 1 Training complete **
03-17 15:28 INFO     global n_training: 390
03-17 15:28 INFO     global n_test: 79
03-17 15:28 INFO     >> Global Model Train accuracy: 0.8508, Train accuracy top-5: 0.9928
03-17 15:28 INFO     >> Global Model Test accuracy: 0.8192, Test accuracy top-5: 0.9905
03-17 15:28 INFO     >> Global Model Train loss: 0.5737
03-17 15:28 INFO     in comm round:41
03-17 15:28 INFO     Training network 0 n_training: 5000
03-17 15:28 INFO     Training network 0
03-17 15:28 INFO     Client: 0 Epoch: 0 Loss: 0.0014264498097010148
03-17 15:28 INFO     Client: 0 Epoch: 1 Loss: 0.0015556624581595548
03-17 15:28 INFO     Client: 0 Epoch: 2 Loss: 0.0017278064146805077
03-17 15:28 INFO     Client: 0 Epoch: 3 Loss: 0.0012987520230802684
03-17 15:28 INFO     Client: 0 Epoch: 4 Loss: 0.0014939272734455955
03-17 15:28 INFO      ** Client: 0 Training complete **
03-17 15:28 INFO     Training network 1 n_training: 8000
03-17 15:28 INFO     Training network 1
03-17 15:28 INFO     Client: 1 Epoch: 0 Loss: 0.0012190841746726824
03-17 15:28 INFO     Client: 1 Epoch: 1 Loss: 0.0013206271865900845
03-17 15:28 INFO     Client: 1 Epoch: 2 Loss: 0.001197553129919294
03-17 15:28 INFO     Client: 1 Epoch: 3 Loss: 0.0012512981948900907
03-17 15:28 INFO     Client: 1 Epoch: 4 Loss: 0.0010674811736305033
03-17 15:28 INFO      ** Client: 1 Training complete **
03-17 15:28 INFO     global n_training: 390
03-17 15:28 INFO     global n_test: 79
03-17 15:28 INFO     >> Global Model Train accuracy: 0.8516, Train accuracy top-5: 0.9928
03-17 15:28 INFO     >> Global Model Test accuracy: 0.8211, Test accuracy top-5: 0.9907
03-17 15:28 INFO     >> Global Model Train loss: 0.5609
03-17 15:28 INFO     in comm round:42
03-17 15:28 INFO     Training network 0 n_training: 5000
03-17 15:28 INFO     Training network 0
03-17 15:28 INFO     Client: 0 Epoch: 0 Loss: 0.0016139509060826057
03-17 15:28 INFO     Client: 0 Epoch: 1 Loss: 0.0015306068638053078
03-17 15:28 INFO     Client: 0 Epoch: 2 Loss: 0.0014632725879215659
03-17 15:28 INFO     Client: 0 Epoch: 3 Loss: 0.001390575850680948
03-17 15:28 INFO     Client: 0 Epoch: 4 Loss: 0.0014360720084275668
03-17 15:28 INFO      ** Client: 0 Training complete **
03-17 15:28 INFO     Training network 1 n_training: 8000
03-17 15:28 INFO     Training network 1
03-17 15:28 INFO     Client: 1 Epoch: 0 Loss: 0.0013754776676162897
03-17 15:28 INFO     Client: 1 Epoch: 1 Loss: 0.0012058785618019982
03-17 15:28 INFO     Client: 1 Epoch: 2 Loss: 0.0013384485594748008
03-17 15:28 INFO     Client: 1 Epoch: 3 Loss: 0.0012209742163841223
03-17 15:29 INFO     Client: 1 Epoch: 4 Loss: 0.0011984300109625404
03-17 15:29 INFO      ** Client: 1 Training complete **
03-17 15:29 INFO     global n_training: 390
03-17 15:29 INFO     global n_test: 79
03-17 15:29 INFO     >> Global Model Train accuracy: 0.8512, Train accuracy top-5: 0.9930
03-17 15:29 INFO     >> Global Model Test accuracy: 0.8186, Test accuracy top-5: 0.9906
03-17 15:29 INFO     >> Global Model Train loss: 0.5668
03-17 15:29 INFO     in comm round:43
03-17 15:29 INFO     Training network 0 n_training: 5000
03-17 15:29 INFO     Training network 0
03-17 15:29 INFO     Client: 0 Epoch: 0 Loss: 0.001534915029948864
03-17 15:29 INFO     Client: 0 Epoch: 1 Loss: 0.0014422779965500992
03-17 15:29 INFO     Client: 0 Epoch: 2 Loss: 0.0012613757892559546
03-17 15:29 INFO     Client: 0 Epoch: 3 Loss: 0.0015467527555301785
03-17 15:29 INFO     Client: 0 Epoch: 4 Loss: 0.0012993097845584345
03-17 15:29 INFO      ** Client: 0 Training complete **
03-17 15:29 INFO     Training network 1 n_training: 8000
03-17 15:29 INFO     Training network 1
03-17 15:29 INFO     Client: 1 Epoch: 0 Loss: 0.0012489593514586768
03-17 15:29 INFO     Client: 1 Epoch: 1 Loss: 0.0012123592929246143
03-17 15:29 INFO     Client: 1 Epoch: 2 Loss: 0.0013834572483545108
03-17 15:29 INFO     Client: 1 Epoch: 3 Loss: 0.0010831523005993317
03-17 15:29 INFO     Client: 1 Epoch: 4 Loss: 0.001318734343400255
03-17 15:29 INFO      ** Client: 1 Training complete **
03-17 15:29 INFO     global n_training: 390
03-17 15:29 INFO     global n_test: 79
03-17 15:29 INFO     >> Global Model Train accuracy: 0.8511, Train accuracy top-5: 0.9925
03-17 15:29 INFO     >> Global Model Test accuracy: 0.8195, Test accuracy top-5: 0.9906
03-17 15:29 INFO     >> Global Model Train loss: 0.5636
03-17 15:29 INFO     in comm round:44
03-17 15:29 INFO     Training network 0 n_training: 5000
03-17 15:29 INFO     Training network 0
03-17 15:29 INFO     Client: 0 Epoch: 0 Loss: 0.0013166359172035486
03-17 15:29 INFO     Client: 0 Epoch: 1 Loss: 0.0014212464119713658
03-17 15:29 INFO     Client: 0 Epoch: 2 Loss: 0.0014291808728534633
03-17 15:29 INFO     Client: 0 Epoch: 3 Loss: 0.0012657754876925491
03-17 15:29 INFO     Client: 0 Epoch: 4 Loss: 0.001575362120862477
03-17 15:29 INFO      ** Client: 0 Training complete **
03-17 15:29 INFO     Training network 1 n_training: 8000
03-17 15:29 INFO     Training network 1
03-17 15:29 INFO     Client: 1 Epoch: 0 Loss: 0.0013826979294178946
03-17 15:29 INFO     Client: 1 Epoch: 1 Loss: 0.001310086885144213
03-17 15:29 INFO     Client: 1 Epoch: 2 Loss: 0.001318157219605881
03-17 15:29 INFO     Client: 1 Epoch: 3 Loss: 0.001193609949569368
03-17 15:29 INFO     Client: 1 Epoch: 4 Loss: 0.0012478450718786448
03-17 15:29 INFO      ** Client: 1 Training complete **
03-17 15:29 INFO     global n_training: 390
03-17 15:29 INFO     global n_test: 79
03-17 15:30 INFO     >> Global Model Train accuracy: 0.8530, Train accuracy top-5: 0.9926
03-17 15:30 INFO     >> Global Model Test accuracy: 0.8198, Test accuracy top-5: 0.9909
03-17 15:30 INFO     >> Global Model Train loss: 0.5618
03-17 15:30 INFO     in comm round:45
03-17 15:30 INFO     Training network 0 n_training: 5000
03-17 15:30 INFO     Training network 0
03-17 15:30 INFO     Client: 0 Epoch: 0 Loss: 0.0016309553070758015
03-17 15:30 INFO     Client: 0 Epoch: 1 Loss: 0.0015820391074670718
03-17 15:30 INFO     Client: 0 Epoch: 2 Loss: 0.0014316474329322004
03-17 15:30 INFO     Client: 0 Epoch: 3 Loss: 0.0014860474882133973
03-17 15:30 INFO     Client: 0 Epoch: 4 Loss: 0.001310502546869266
03-17 15:30 INFO      ** Client: 0 Training complete **
03-17 15:30 INFO     Training network 1 n_training: 8000
03-17 15:30 INFO     Training network 1
03-17 15:30 INFO     Client: 1 Epoch: 0 Loss: 0.00137301865446892
03-17 15:30 INFO     Client: 1 Epoch: 1 Loss: 0.0011972372364741
03-17 15:30 INFO     Client: 1 Epoch: 2 Loss: 0.0014011584003568596
03-17 15:30 INFO     Client: 1 Epoch: 3 Loss: 0.0012499466965598385
03-17 15:30 INFO     Client: 1 Epoch: 4 Loss: 0.001279473967564803
03-17 15:30 INFO      ** Client: 1 Training complete **
03-17 15:30 INFO     global n_training: 390
03-17 15:30 INFO     global n_test: 79
03-17 15:30 INFO     >> Global Model Train accuracy: 0.8542, Train accuracy top-5: 0.9923
03-17 15:30 INFO     >> Global Model Test accuracy: 0.8210, Test accuracy top-5: 0.9904
03-17 15:30 INFO     >> Global Model Train loss: 0.5542
03-17 15:30 INFO     in comm round:46
03-17 15:30 INFO     Training network 0 n_training: 5000
03-17 15:30 INFO     Training network 0
03-17 15:30 INFO     Client: 0 Epoch: 0 Loss: 0.0015278692619922834
03-17 15:30 INFO     Client: 0 Epoch: 1 Loss: 0.0015770915913610505
03-17 15:30 INFO     Client: 0 Epoch: 2 Loss: 0.0018703394990342741
03-17 15:30 INFO     Client: 0 Epoch: 3 Loss: 0.0016509174975232245
03-17 15:30 INFO     Client: 0 Epoch: 4 Loss: 0.0015053472090631914
03-17 15:30 INFO      ** Client: 0 Training complete **
03-17 15:30 INFO     Training network 1 n_training: 8000
03-17 15:30 INFO     Training network 1
03-17 15:30 INFO     Client: 1 Epoch: 0 Loss: 0.001419045920145788
03-17 15:30 INFO     Client: 1 Epoch: 1 Loss: 0.0013237634998550939
03-17 15:30 INFO     Client: 1 Epoch: 2 Loss: 0.0013734040924558235
03-17 15:30 INFO     Client: 1 Epoch: 3 Loss: 0.0010711550308887155
03-17 15:30 INFO     Client: 1 Epoch: 4 Loss: 0.0013613320601683471
03-17 15:30 INFO      ** Client: 1 Training complete **
03-17 15:30 INFO     global n_training: 390
03-17 15:30 INFO     global n_test: 79
03-17 15:31 INFO     >> Global Model Train accuracy: 0.8545, Train accuracy top-5: 0.9930
03-17 15:31 INFO     >> Global Model Test accuracy: 0.8207, Test accuracy top-5: 0.9908
03-17 15:31 INFO     >> Global Model Train loss: 0.5546
03-17 15:31 INFO     in comm round:47
03-17 15:31 INFO     Training network 0 n_training: 5000
03-17 15:31 INFO     Training network 0
03-17 15:31 INFO     Client: 0 Epoch: 0 Loss: 0.0012113955215168877
03-17 15:31 INFO     Client: 0 Epoch: 1 Loss: 0.0013992481712753384
03-17 15:31 INFO     Client: 0 Epoch: 2 Loss: 0.0016211468281630331
03-17 15:31 INFO     Client: 0 Epoch: 3 Loss: 0.0014925537786136072
03-17 15:31 INFO     Client: 0 Epoch: 4 Loss: 0.0015191472380254895
03-17 15:31 INFO      ** Client: 0 Training complete **
03-17 15:31 INFO     Training network 1 n_training: 8000
03-17 15:31 INFO     Training network 1
03-17 15:31 INFO     Client: 1 Epoch: 0 Loss: 0.0012771402140178026
03-17 15:31 INFO     Client: 1 Epoch: 1 Loss: 0.0013787021063410888
03-17 15:31 INFO     Client: 1 Epoch: 2 Loss: 0.0015235790661761476
03-17 15:31 INFO     Client: 1 Epoch: 3 Loss: 0.0014658187879362113
03-17 15:31 INFO     Client: 1 Epoch: 4 Loss: 0.001172375866688878
03-17 15:31 INFO      ** Client: 1 Training complete **
03-17 15:31 INFO     global n_training: 390
03-17 15:31 INFO     global n_test: 79
03-17 15:31 INFO     >> Global Model Train accuracy: 0.8524, Train accuracy top-5: 0.9921
03-17 15:31 INFO     >> Global Model Test accuracy: 0.8211, Test accuracy top-5: 0.9906
03-17 15:31 INFO     >> Global Model Train loss: 0.5624
03-17 15:31 INFO     in comm round:48
03-17 15:31 INFO     Training network 0 n_training: 5000
03-17 15:31 INFO     Training network 0
03-17 15:31 INFO     Client: 0 Epoch: 0 Loss: 0.001515695358811615
03-17 15:31 INFO     Client: 0 Epoch: 1 Loss: 0.0014180289290379733
03-17 15:31 INFO     Client: 0 Epoch: 2 Loss: 0.0015563506286782331
03-17 15:31 INFO     Client: 0 Epoch: 3 Loss: 0.0012617072721835799
03-17 15:31 INFO     Client: 0 Epoch: 4 Loss: 0.0015608436623528504
03-17 15:31 INFO      ** Client: 0 Training complete **
03-17 15:31 INFO     Training network 1 n_training: 8000
03-17 15:31 INFO     Training network 1
03-17 15:31 INFO     Client: 1 Epoch: 0 Loss: 0.0016680024752032854
03-17 15:31 INFO     Client: 1 Epoch: 1 Loss: 0.0012897876191756599
03-17 15:31 INFO     Client: 1 Epoch: 2 Loss: 0.0014392245408793491
03-17 15:31 INFO     Client: 1 Epoch: 3 Loss: 0.0012717671127193758
03-17 15:31 INFO     Client: 1 Epoch: 4 Loss: 0.0013638169517845757
03-17 15:31 INFO      ** Client: 1 Training complete **
03-17 15:31 INFO     global n_training: 390
03-17 15:31 INFO     global n_test: 79
03-17 15:31 INFO     >> Global Model Train accuracy: 0.8534, Train accuracy top-5: 0.9925
03-17 15:31 INFO     >> Global Model Test accuracy: 0.8215, Test accuracy top-5: 0.9907
03-17 15:31 INFO     >> Global Model Train loss: 0.5558
03-17 15:31 INFO     in comm round:49
03-17 15:31 INFO     Training network 0 n_training: 5000
03-17 15:31 INFO     Training network 0
03-17 15:31 INFO     Client: 0 Epoch: 0 Loss: 0.0016669557752230992
03-17 15:32 INFO     Client: 0 Epoch: 1 Loss: 0.0017130882971776794
03-17 15:32 INFO     Client: 0 Epoch: 2 Loss: 0.0016079974041368144
03-17 15:32 INFO     Client: 0 Epoch: 3 Loss: 0.0017338721290565073
03-17 15:32 INFO     Client: 0 Epoch: 4 Loss: 0.0014331879494234156
03-17 15:32 INFO      ** Client: 0 Training complete **
03-17 15:32 INFO     Training network 1 n_training: 8000
03-17 15:32 INFO     Training network 1
03-17 15:32 INFO     Client: 1 Epoch: 0 Loss: 0.0013253541030515466
03-17 15:32 INFO     Client: 1 Epoch: 1 Loss: 0.001370838107240777
03-17 15:32 INFO     Client: 1 Epoch: 2 Loss: 0.0013514572567674482
03-17 15:32 INFO     Client: 1 Epoch: 3 Loss: 0.0015949315800812215
03-17 15:32 INFO     Client: 1 Epoch: 4 Loss: 0.0012559832346948584
03-17 15:32 INFO      ** Client: 1 Training complete **
03-17 15:32 INFO     global n_training: 390
03-17 15:32 INFO     global n_test: 79
03-17 15:32 INFO     >> Global Model Train accuracy: 0.8565, Train accuracy top-5: 0.9923
03-17 15:32 INFO     >> Global Model Test accuracy: 0.8224, Test accuracy top-5: 0.9908
03-17 15:32 INFO     >> Global Model Train loss: 0.5496
03-17 15:32 INFO     Starting Fine Tuning...
03-17 15:32 INFO     Training network 0
03-17 15:32 INFO     Client: 0 Epoch: 0 Loss: 0.001458863833716187
03-17 15:32 INFO     Client: 0 Epoch: 1 Loss: 0.0019729376609365526
03-17 15:32 INFO     Client: 0 Epoch: 2 Loss: 0.0014769032400531264
03-17 15:32 INFO     Client: 0 Epoch: 3 Loss: 0.0015920365859085743
03-17 15:32 INFO     Client: 0 Epoch: 4 Loss: 0.001466746542763968
03-17 15:32 INFO      ** Client: 0 Training complete **
03-17 15:32 INFO     Training network 0
03-17 15:32 INFO     Client: 0 Epoch: 0 Loss: 0.001733800218715213
03-17 15:32 INFO     Client: 0 Epoch: 1 Loss: 0.0015061510882029931
03-17 15:32 INFO     Client: 0 Epoch: 2 Loss: 0.0015632000599557965
03-17 15:32 INFO     Client: 0 Epoch: 3 Loss: 0.0016374923990299113
03-17 15:32 INFO     Client: 0 Epoch: 4 Loss: 0.0013368901824996544
03-17 15:32 INFO      ** Client: 0 Training complete **
03-17 15:32 INFO     Training network 0
03-17 15:32 INFO     Client: 0 Epoch: 0 Loss: 0.0016238270715499918
03-17 15:32 INFO     Client: 0 Epoch: 1 Loss: 0.0014136573971392443
03-17 15:32 INFO     Client: 0 Epoch: 2 Loss: 0.0015721377201724607
03-17 15:32 INFO     Client: 0 Epoch: 3 Loss: 0.0014356743374194663
03-17 15:32 INFO     Client: 0 Epoch: 4 Loss: 0.0017509651027070598
03-17 15:32 INFO      ** Client: 0 Training complete **
03-17 15:32 INFO     Training network 0
03-17 15:32 INFO     Client: 0 Epoch: 0 Loss: 0.0015967024597697533
03-17 15:32 INFO     Client: 0 Epoch: 1 Loss: 0.0017096303889933878
03-17 15:32 INFO     Client: 0 Epoch: 2 Loss: 0.0015950812047753388
03-17 15:33 INFO     Client: 0 Epoch: 3 Loss: 0.0012552745204466658
03-17 15:33 INFO     Client: 0 Epoch: 4 Loss: 0.0015689445978914124
03-17 15:33 INFO      ** Client: 0 Training complete **
03-17 15:33 INFO     Training network 0
03-17 15:33 INFO     Client: 0 Epoch: 0 Loss: 0.0018139489454766496
03-17 15:33 INFO     Client: 0 Epoch: 1 Loss: 0.001541368857336541
03-17 15:33 INFO     Client: 0 Epoch: 2 Loss: 0.0017155714344997436
03-17 15:33 INFO     Client: 0 Epoch: 3 Loss: 0.0016161927099650104
03-17 15:33 INFO     Client: 0 Epoch: 4 Loss: 0.0014308454253925728
03-17 15:33 INFO      ** Client: 0 Training complete **
03-17 15:33 INFO     Training network 0
03-17 15:33 INFO     Client: 0 Epoch: 0 Loss: 0.001525945815209968
03-17 15:33 INFO     Client: 0 Epoch: 1 Loss: 0.0013976098375562101
03-17 15:33 INFO     Client: 0 Epoch: 2 Loss: 0.001584959559691831
03-17 15:33 INFO     Client: 0 Epoch: 3 Loss: 0.00170445122057572
03-17 15:33 INFO     Client: 0 Epoch: 4 Loss: 0.0014409571915912705
03-17 15:33 INFO      ** Client: 0 Training complete **
03-17 15:33 INFO     Training network 0
03-17 15:33 INFO     Client: 0 Epoch: 0 Loss: 0.0014786968628565471
03-17 15:33 INFO     Client: 0 Epoch: 1 Loss: 0.001726226172206971
03-17 15:33 INFO     Client: 0 Epoch: 2 Loss: 0.0014303226788074542
03-17 15:33 INFO     Client: 0 Epoch: 3 Loss: 0.001678814351833306
03-17 15:33 INFO     Client: 0 Epoch: 4 Loss: 0.0015282425835418205
03-17 15:33 INFO      ** Client: 0 Training complete **
03-17 15:33 INFO     Training network 0
03-17 15:33 INFO     Client: 0 Epoch: 0 Loss: 0.0014993798984692264
03-17 15:33 INFO     Client: 0 Epoch: 1 Loss: 0.0015583469410044833
03-17 15:33 INFO     Client: 0 Epoch: 2 Loss: 0.0016854401895752512
03-17 15:33 INFO     Client: 0 Epoch: 3 Loss: 0.0018734378405870535
03-17 15:33 INFO     Client: 0 Epoch: 4 Loss: 0.0014069267288924982
03-17 15:33 INFO      ** Client: 0 Training complete **
03-17 15:33 INFO     Training network 1
03-17 15:33 INFO     Client: 1 Epoch: 0 Loss: 0.0014313592635575802
03-17 15:33 INFO     Client: 1 Epoch: 1 Loss: 0.0013175928742707437
03-17 15:33 INFO     Client: 1 Epoch: 2 Loss: 0.001563514230750321
03-17 15:33 INFO     Client: 1 Epoch: 3 Loss: 0.001434901688856283
03-17 15:33 INFO     Client: 1 Epoch: 4 Loss: 0.0014408938276896915
03-17 15:33 INFO      ** Client: 1 Training complete **
03-17 15:33 INFO     Training network 1
03-17 15:34 INFO     Client: 1 Epoch: 0 Loss: 0.0014077637052621631
03-17 15:34 INFO     Client: 1 Epoch: 1 Loss: 0.00138903267572694
03-17 15:34 INFO     Client: 1 Epoch: 2 Loss: 0.0014670085135637032
03-17 15:34 INFO     Client: 1 Epoch: 3 Loss: 0.0015399151851588318
03-17 15:34 INFO     Client: 1 Epoch: 4 Loss: 0.001453703047797805
03-17 15:34 INFO      ** Client: 1 Training complete **
03-17 15:34 INFO     Training network 1
03-17 15:34 INFO     Client: 1 Epoch: 0 Loss: 0.0013895393518220272
03-17 15:34 INFO     Client: 1 Epoch: 1 Loss: 0.0014833297356099432
03-17 15:34 INFO     Client: 1 Epoch: 2 Loss: 0.001237910744572629
03-17 15:34 INFO     Client: 1 Epoch: 3 Loss: 0.001454827354116846
03-17 15:34 INFO     Client: 1 Epoch: 4 Loss: 0.0014839288623695593
03-17 15:34 INFO      ** Client: 1 Training complete **
03-17 15:34 INFO     Training network 1
03-17 15:34 INFO     Client: 1 Epoch: 0 Loss: 0.001451883425620655
03-17 15:34 INFO     Client: 1 Epoch: 1 Loss: 0.0014286212714186178
03-17 15:34 INFO     Client: 1 Epoch: 2 Loss: 0.0015543731170774048
03-17 15:34 INFO     Client: 1 Epoch: 3 Loss: 0.0012956761009615635
03-17 15:34 INFO     Client: 1 Epoch: 4 Loss: 0.001429723269651614
03-17 15:34 INFO      ** Client: 1 Training complete **
03-17 15:34 INFO     Training network 1
03-17 15:34 INFO     Client: 1 Epoch: 0 Loss: 0.0013380707424667274
03-17 15:34 INFO     Client: 1 Epoch: 1 Loss: 0.0012762286726595653
03-17 15:34 INFO     Client: 1 Epoch: 2 Loss: 0.0013937677637929277
03-17 15:34 INFO     Client: 1 Epoch: 3 Loss: 0.0013679036975748117
03-17 15:34 INFO     Client: 1 Epoch: 4 Loss: 0.0014092593600282506
03-17 15:34 INFO      ** Client: 1 Training complete **
