02-07 17:17 INFO     cuda
02-07 17:17 INFO     Command Line Arguments: 
{
    "epochs": 5,
    "comm_round": 5,
    "sample_fraction": 1.0,
    "alpha": 0.01,
    "dataset": "cifar10",
    "datadir": "../data/",
    "partition": "iid",
    "alg": "sflv1",
    "model": "resnet-18",
    "n_parties": 5,
    "lr": 0.01,
    "mu": 1,
    "std_coeff": 2.5,
    "unif_coeff": 0.5,
    "batch_size": 128,
    "load_first_net": 1,
    "pool_option": "FIFO",
    "model_buffer_size": 1,
    "optimizer": "sgd",
    "simp_width": 1,
    "out_dim": 256,
    "reg": 0.0005,
    "temperature": 0.5,
    "logdir": "./",
    "log_file_name": "logs/experiment_log-alg=sflv1_partition=iid_lr=0.01_epochs=5_num_users=5_beta=0.01_batch_size=128_opt=sgd_dataset=cifar10_2024-02-07-1717-30",
    "seed": 42,
    "device": "cuda",
    "multiprocessing": 0
}
02-07 17:17 INFO     Data statistics: {0: {0: 973, 1: 979, 2: 1030, 3: 1023, 4: 933, 5: 1015, 6: 996, 7: 994, 8: 1017, 9: 1040}, 1: {0: 1000, 1: 1000, 2: 979, 3: 1018, 4: 1011, 5: 1018, 6: 944, 7: 999, 8: 1028, 9: 1003}, 2: {0: 981, 1: 1048, 2: 1007, 3: 991, 4: 999, 5: 998, 6: 1026, 7: 986, 8: 968, 9: 996}, 3: {0: 1036, 1: 984, 2: 991, 3: 1001, 4: 1046, 5: 965, 6: 1001, 7: 975, 8: 983, 9: 1018}, 4: {0: 1010, 1: 989, 2: 993, 3: 967, 4: 1011, 5: 1004, 6: 1033, 7: 1046, 8: 1004, 9: 943}}
02-07 17:17 INFO     in comm round:0
02-07 17:17 INFO     Training network 0 n_training: 10000
02-07 17:17 INFO     Training network 0
02-07 17:17 INFO     n_training: 78
02-07 17:18 INFO     Client: 0 Epoch: 0 Loss: 1.7900475202462611
02-07 17:18 INFO     Client: 0 Epoch: 1 Loss: 1.3298146999799287
02-07 17:18 INFO     Client: 0 Epoch: 2 Loss: 1.076975608483339
02-07 17:18 INFO     Client: 0 Epoch: 3 Loss: 0.7978510336998181
02-07 17:18 INFO     Client: 0 Epoch: 4 Loss: 0.5522536765306424
02-07 17:18 INFO      ** Client: 0 Training complete **
02-07 17:18 INFO     Training network 1 n_training: 10000
02-07 17:18 INFO     Training network 1
02-07 17:18 INFO     n_training: 78
02-07 17:18 INFO     Client: 1 Epoch: 0 Loss: 1.7701162848717127
02-07 17:18 INFO     Client: 1 Epoch: 1 Loss: 1.3163925928947253
02-07 17:18 INFO     Client: 1 Epoch: 2 Loss: 1.039449895803745
02-07 17:18 INFO     Client: 1 Epoch: 3 Loss: 0.7691933657878485
02-07 17:18 INFO     Client: 1 Epoch: 4 Loss: 0.532765751847854
02-07 17:18 INFO      ** Client: 1 Training complete **
02-07 17:18 INFO     Training network 2 n_training: 10000
02-07 17:18 INFO     Training network 2
02-07 17:18 INFO     n_training: 78
02-07 17:19 INFO     Client: 2 Epoch: 0 Loss: 1.7360936265725355
02-07 17:19 INFO     Client: 2 Epoch: 1 Loss: 1.2889663515946803
02-07 17:19 INFO     Client: 2 Epoch: 2 Loss: 1.01609121912565
02-07 17:19 INFO     Client: 2 Epoch: 3 Loss: 0.735053362372594
02-07 17:19 INFO     Client: 2 Epoch: 4 Loss: 0.48228034988427776
02-07 17:19 INFO      ** Client: 2 Training complete **
02-07 17:19 INFO     Training network 3 n_training: 10000
02-07 17:19 INFO     Training network 3
02-07 17:19 INFO     n_training: 78
